2020-04-02 21:20:30,576 - exp_torch_topics_d128_bald_trident_mc_i2000_b20_q100_sf512_2 - INFO - start experiment process
2020-04-02 21:20:37,748 - exp_torch_topics_d128_bald_trident_mc_i2000_b20_q100_sf512_2 - INFO - initial val_accuracy: 0.46961000735835173
2020-04-02 21:20:37,749 - exp_torch_topics_d128_bald_trident_mc_i2000_b20_q100_sf512_2 - INFO - start step #0
2020-04-02 21:21:00,097 - exp_torch_topics_d128_bald_trident_mc_i2000_b20_q100_sf512_2 - INFO - query idx: [37027 38436 29927 74851 30088 49381  7914 21095 90089 47977 73519 12368
  8231 40368 42755  5007 98193 94042 39782 31460]
2020-04-02 21:21:05,469 - exp_torch_topics_d128_bald_trident_mc_i2000_b20_q100_sf512_2 - INFO - finish step #0 for 27.72000503540039 sec
2020-04-02 21:21:05,470 - exp_torch_topics_d128_bald_trident_mc_i2000_b20_q100_sf512_2 - INFO - current val_accuracy: 0.4730831493745401
2020-04-02 21:21:05,471 - exp_torch_topics_d128_bald_trident_mc_i2000_b20_q100_sf512_2 - INFO - start step #1
2020-04-02 21:21:20,914 - exp_torch_topics_d128_bald_trident_mc_i2000_b20_q100_sf512_2 - INFO - query idx: [28841  1358 96491 84245 83730 14050 21087 40887 47214 82513  6776 48289
  8445 91722 97774 55216 41845  2484 56748 74740]
2020-04-02 21:21:23,548 - exp_torch_topics_d128_bald_trident_mc_i2000_b20_q100_sf512_2 - INFO - finish step #1 for 18.07729697227478 sec
2020-04-02 21:21:23,548 - exp_torch_topics_d128_bald_trident_mc_i2000_b20_q100_sf512_2 - INFO - current val_accuracy: 0.4718469462840324
2020-04-02 21:21:23,549 - exp_torch_topics_d128_bald_trident_mc_i2000_b20_q100_sf512_2 - INFO - start step #2
2020-04-02 21:21:38,581 - exp_torch_topics_d128_bald_trident_mc_i2000_b20_q100_sf512_2 - INFO - query idx: [75472 51041 12869 61827 15102 65125 16133 96773 19422  3825 82126 14888
 19818 38023 58093 71588 14678 55278 64632 73527]
2020-04-02 21:21:41,184 - exp_torch_topics_d128_bald_trident_mc_i2000_b20_q100_sf512_2 - INFO - finish step #2 for 17.634520769119263 sec
2020-04-02 21:21:41,184 - exp_torch_topics_d128_bald_trident_mc_i2000_b20_q100_sf512_2 - INFO - current val_accuracy: 0.47172921265636497
2020-04-02 21:21:41,185 - exp_torch_topics_d128_bald_trident_mc_i2000_b20_q100_sf512_2 - INFO - start step #3
2020-04-02 21:21:56,627 - exp_torch_topics_d128_bald_trident_mc_i2000_b20_q100_sf512_2 - INFO - query idx: [ 8884 59861 24003 40869  3446  7989 65073 57944 55604 20459 14509 83371
 48855 34163 63864 93176 40375 37775  3242 37548]
2020-04-02 21:21:59,220 - exp_torch_topics_d128_bald_trident_mc_i2000_b20_q100_sf512_2 - INFO - finish step #3 for 18.035495042800903 sec
2020-04-02 21:21:59,221 - exp_torch_topics_d128_bald_trident_mc_i2000_b20_q100_sf512_2 - INFO - current val_accuracy: 0.4682560706401766
2020-04-02 21:21:59,222 - exp_torch_topics_d128_bald_trident_mc_i2000_b20_q100_sf512_2 - INFO - start step #4
2020-04-02 21:22:14,280 - exp_torch_topics_d128_bald_trident_mc_i2000_b20_q100_sf512_2 - INFO - query idx: [29178 89937 54767 24050 72185 86378 32006 27795 72497 28103 43836 90522
 64674 20960 42511 61680 28100  4378 12515 70620]
2020-04-02 21:22:17,681 - exp_torch_topics_d128_bald_trident_mc_i2000_b20_q100_sf512_2 - INFO - finish step #4 for 18.458959817886353 sec
2020-04-02 21:22:17,835 - exp_torch_topics_d128_bald_trident_mc_i2000_b20_q100_sf512_2 - INFO - current val_accuracy: 0.4756144223693893
2020-04-02 21:22:17,838 - exp_torch_topics_d128_bald_trident_mc_i2000_b20_q100_sf512_2 - INFO - start step #5
2020-04-02 21:22:33,630 - exp_torch_topics_d128_bald_trident_mc_i2000_b20_q100_sf512_2 - INFO - query idx: [99350 77699 81200  1773 74108 33370 43824 13561 62629 46277 40336 18085
 51841 18089 11581 75871 30456 34966  7406 22172]
2020-04-02 21:22:36,298 - exp_torch_topics_d128_bald_trident_mc_i2000_b20_q100_sf512_2 - INFO - finish step #5 for 18.46031618118286 sec
2020-04-02 21:22:36,298 - exp_torch_topics_d128_bald_trident_mc_i2000_b20_q100_sf512_2 - INFO - current val_accuracy: 0.4771449595290655
2020-04-02 21:22:36,299 - exp_torch_topics_d128_bald_trident_mc_i2000_b20_q100_sf512_2 - INFO - start step #6
2020-04-02 21:22:51,764 - exp_torch_topics_d128_bald_trident_mc_i2000_b20_q100_sf512_2 - INFO - query idx: [84066 59542 58032 23937 39977 23359 28612 73576 37749 86854  7942  9317
 49820  5569 84959 73751 40901 54563 42233 28834]
2020-04-02 21:22:54,416 - exp_torch_topics_d128_bald_trident_mc_i2000_b20_q100_sf512_2 - INFO - finish step #6 for 18.116220235824585 sec
2020-04-02 21:22:54,416 - exp_torch_topics_d128_bald_trident_mc_i2000_b20_q100_sf512_2 - INFO - current val_accuracy: 0.47782192788815303
2020-04-02 21:22:54,417 - exp_torch_topics_d128_bald_trident_mc_i2000_b20_q100_sf512_2 - INFO - start step #7
2020-04-02 21:23:09,821 - exp_torch_topics_d128_bald_trident_mc_i2000_b20_q100_sf512_2 - INFO - query idx: [17224 11271 80474 71789 46271 91830 57897 47452 81632 68363 35378 89486
 49386 53213 49350 60868 73497 10534 25042   603]
2020-04-02 21:23:12,463 - exp_torch_topics_d128_bald_trident_mc_i2000_b20_q100_sf512_2 - INFO - finish step #7 for 18.046632051467896 sec
2020-04-02 21:23:12,464 - exp_torch_topics_d128_bald_trident_mc_i2000_b20_q100_sf512_2 - INFO - current val_accuracy: 0.478616629874908
2020-04-02 21:23:12,465 - exp_torch_topics_d128_bald_trident_mc_i2000_b20_q100_sf512_2 - INFO - start step #8
2020-04-02 21:23:28,018 - exp_torch_topics_d128_bald_trident_mc_i2000_b20_q100_sf512_2 - INFO - query idx: [76987  3973 23508 57162 28913 15054 35801 51944 77956 46321 72536 58080
 14509 56280 59872 46240 30487 64965 57080 81091]
2020-04-02 21:23:30,678 - exp_torch_topics_d128_bald_trident_mc_i2000_b20_q100_sf512_2 - INFO - finish step #8 for 18.213682889938354 sec
2020-04-02 21:23:30,679 - exp_torch_topics_d128_bald_trident_mc_i2000_b20_q100_sf512_2 - INFO - current val_accuracy: 0.476850625459897
2020-04-02 21:23:30,679 - exp_torch_topics_d128_bald_trident_mc_i2000_b20_q100_sf512_2 - INFO - start step #9
2020-04-02 21:23:46,098 - exp_torch_topics_d128_bald_trident_mc_i2000_b20_q100_sf512_2 - INFO - query idx: [17464 48115 83991 91215 90191 60871 98094 38678 99527 20960 95151 39159
 52051  3958 21652 63571 65591 63521 31405 49800]
2020-04-02 21:23:48,729 - exp_torch_topics_d128_bald_trident_mc_i2000_b20_q100_sf512_2 - INFO - finish step #9 for 18.049790143966675 sec
2020-04-02 21:23:48,729 - exp_torch_topics_d128_bald_trident_mc_i2000_b20_q100_sf512_2 - INFO - current val_accuracy: 0.47779249448123623
2020-04-02 21:23:48,730 - exp_torch_topics_d128_bald_trident_mc_i2000_b20_q100_sf512_2 - INFO - start step #10
2020-04-02 21:24:04,178 - exp_torch_topics_d128_bald_trident_mc_i2000_b20_q100_sf512_2 - INFO - query idx: [13143  7460 52112 43957 21083 85753 13066 28663 51345 33645 27084 60039
 19397  9911  5496 59608  1825 39694 96425 21141]
2020-04-02 21:24:06,851 - exp_torch_topics_d128_bald_trident_mc_i2000_b20_q100_sf512_2 - INFO - finish step #10 for 18.12065601348877 sec
2020-04-02 21:24:06,852 - exp_torch_topics_d128_bald_trident_mc_i2000_b20_q100_sf512_2 - INFO - current val_accuracy: 0.47782192788815303
2020-04-02 21:24:06,853 - exp_torch_topics_d128_bald_trident_mc_i2000_b20_q100_sf512_2 - INFO - start step #11
2020-04-02 21:24:22,103 - exp_torch_topics_d128_bald_trident_mc_i2000_b20_q100_sf512_2 - INFO - query idx: [83752 30941 31896 91569 61351 60374  2539 82022 76339 31705 31480 32907
 96390 81837 28018 20224 66786 95158 27390 90240]
2020-04-02 21:24:24,812 - exp_torch_topics_d128_bald_trident_mc_i2000_b20_q100_sf512_2 - INFO - finish step #11 for 17.958943128585815 sec
2020-04-02 21:24:24,812 - exp_torch_topics_d128_bald_trident_mc_i2000_b20_q100_sf512_2 - INFO - current val_accuracy: 0.47799852832965417
2020-04-02 21:24:24,813 - exp_torch_topics_d128_bald_trident_mc_i2000_b20_q100_sf512_2 - INFO - start step #12
2020-04-02 21:24:40,116 - exp_torch_topics_d128_bald_trident_mc_i2000_b20_q100_sf512_2 - INFO - query idx: [45516 68472 66699 16991 40780 57074 65380 54847 95799 52871 23709 46622
 18260 75597 88689 39745 59507 22506 27542 52498]
2020-04-02 21:24:42,774 - exp_torch_topics_d128_bald_trident_mc_i2000_b20_q100_sf512_2 - INFO - finish step #12 for 17.960258722305298 sec
2020-04-02 21:24:42,774 - exp_torch_topics_d128_bald_trident_mc_i2000_b20_q100_sf512_2 - INFO - current val_accuracy: 0.4809124356144224
2020-04-02 21:24:42,775 - exp_torch_topics_d128_bald_trident_mc_i2000_b20_q100_sf512_2 - INFO - start step #13
2020-04-02 21:24:58,182 - exp_torch_topics_d128_bald_trident_mc_i2000_b20_q100_sf512_2 - INFO - query idx: [78096 98608 55200 42851 80728 98196 64149  3608 11896 11685 49487 74746
 20482 49608 81872 50120 84034 83831 76377 38185]
2020-04-02 21:25:00,840 - exp_torch_topics_d128_bald_trident_mc_i2000_b20_q100_sf512_2 - INFO - finish step #13 for 18.065290927886963 sec
2020-04-02 21:25:00,840 - exp_torch_topics_d128_bald_trident_mc_i2000_b20_q100_sf512_2 - INFO - current val_accuracy: 0.4827961736571008
2020-04-02 21:25:00,841 - exp_torch_topics_d128_bald_trident_mc_i2000_b20_q100_sf512_2 - INFO - start step #14
2020-04-02 21:25:16,236 - exp_torch_topics_d128_bald_trident_mc_i2000_b20_q100_sf512_2 - INFO - query idx: [48908 31389 18582 64078 76597 84790 38173 76359  8619 92934 76258  4810
 21072 96451 50292 74911 58674 26583 82846 77204]
2020-04-02 21:25:18,884 - exp_torch_topics_d128_bald_trident_mc_i2000_b20_q100_sf512_2 - INFO - finish step #14 for 18.042243242263794 sec
2020-04-02 21:25:18,884 - exp_torch_topics_d128_bald_trident_mc_i2000_b20_q100_sf512_2 - INFO - current val_accuracy: 0.4841795437821928
2020-04-02 21:25:18,885 - exp_torch_topics_d128_bald_trident_mc_i2000_b20_q100_sf512_2 - INFO - start step #15
2020-04-02 21:25:34,302 - exp_torch_topics_d128_bald_trident_mc_i2000_b20_q100_sf512_2 - INFO - query idx: [  757 91255 65902 59529 95592 58064 73120 20617 24304 45400 21823  8828
 83575  8285 34797 96015 38479 46162 97778 71987]
2020-04-02 21:25:37,245 - exp_torch_topics_d128_bald_trident_mc_i2000_b20_q100_sf512_2 - INFO - finish step #15 for 18.35977292060852 sec
2020-04-02 21:25:37,245 - exp_torch_topics_d128_bald_trident_mc_i2000_b20_q100_sf512_2 - INFO - current val_accuracy: 0.4810596026490066
2020-04-02 21:25:37,246 - exp_torch_topics_d128_bald_trident_mc_i2000_b20_q100_sf512_2 - INFO - start step #16
2020-04-02 21:25:52,535 - exp_torch_topics_d128_bald_trident_mc_i2000_b20_q100_sf512_2 - INFO - query idx: [15741 93599 15002 39973  7831 64124 36091 40647 58022 88340 80571 45077
 88997  1846 66541 41165 26948  9895 89689  8353]
2020-04-02 21:25:55,152 - exp_torch_topics_d128_bald_trident_mc_i2000_b20_q100_sf512_2 - INFO - finish step #16 for 17.906112909317017 sec
2020-04-02 21:25:55,152 - exp_torch_topics_d128_bald_trident_mc_i2000_b20_q100_sf512_2 - INFO - current val_accuracy: 0.4812067696835909
2020-04-02 21:25:55,153 - exp_torch_topics_d128_bald_trident_mc_i2000_b20_q100_sf512_2 - INFO - start step #17
2020-04-02 21:26:10,229 - exp_torch_topics_d128_bald_trident_mc_i2000_b20_q100_sf512_2 - INFO - query idx: [10598 10065 23049 11240 69362 87198  7441 98962 13035 26277 89405 27143
 77091 56207 44963 12708 47440 20818 25254 39059]
2020-04-02 21:26:12,890 - exp_torch_topics_d128_bald_trident_mc_i2000_b20_q100_sf512_2 - INFO - finish step #17 for 17.73678684234619 sec
2020-04-02 21:26:12,890 - exp_torch_topics_d128_bald_trident_mc_i2000_b20_q100_sf512_2 - INFO - current val_accuracy: 0.48185430463576157
2020-04-02 21:26:12,891 - exp_torch_topics_d128_bald_trident_mc_i2000_b20_q100_sf512_2 - INFO - start step #18
2020-04-02 21:26:27,941 - exp_torch_topics_d128_bald_trident_mc_i2000_b20_q100_sf512_2 - INFO - query idx: [26741 18066 57074 25280 33287 14148 23097 37389 90377 71027 34069  4872
 58831 75824 50721   596 55145   992 30226  4671]
2020-04-02 21:26:30,642 - exp_torch_topics_d128_bald_trident_mc_i2000_b20_q100_sf512_2 - INFO - finish step #18 for 17.751078844070435 sec
2020-04-02 21:26:30,642 - exp_torch_topics_d128_bald_trident_mc_i2000_b20_q100_sf512_2 - INFO - current val_accuracy: 0.4862693156732892
2020-04-02 21:26:30,643 - exp_torch_topics_d128_bald_trident_mc_i2000_b20_q100_sf512_2 - INFO - start step #19
2020-04-02 21:26:46,396 - exp_torch_topics_d128_bald_trident_mc_i2000_b20_q100_sf512_2 - INFO - query idx: [72231 58287 32036 17397 76498 17998  6031 26885 80351 92757  1617 87398
 30150  7143 77429 81055 46459 15582 48775 16300]
2020-04-02 21:26:49,057 - exp_torch_topics_d128_bald_trident_mc_i2000_b20_q100_sf512_2 - INFO - finish step #19 for 18.41342806816101 sec
2020-04-02 21:26:49,057 - exp_torch_topics_d128_bald_trident_mc_i2000_b20_q100_sf512_2 - INFO - current val_accuracy: 0.4832082413539367
2020-04-02 21:26:49,058 - exp_torch_topics_d128_bald_trident_mc_i2000_b20_q100_sf512_2 - INFO - start step #20
2020-04-02 21:27:04,288 - exp_torch_topics_d128_bald_trident_mc_i2000_b20_q100_sf512_2 - INFO - query idx: [67335 67969 67639 97494 28989 95087 42760 32818 51554 72957 97821 52899
 81765 72803 56248  7164 42995 83515  7403 52376]
2020-04-02 21:27:06,993 - exp_torch_topics_d128_bald_trident_mc_i2000_b20_q100_sf512_2 - INFO - finish step #20 for 17.935386180877686 sec
2020-04-02 21:27:06,993 - exp_torch_topics_d128_bald_trident_mc_i2000_b20_q100_sf512_2 - INFO - current val_accuracy: 0.48261957321559973
2020-04-02 21:27:06,994 - exp_torch_topics_d128_bald_trident_mc_i2000_b20_q100_sf512_2 - INFO - start step #21
2020-04-02 21:27:22,139 - exp_torch_topics_d128_bald_trident_mc_i2000_b20_q100_sf512_2 - INFO - query idx: [ 9914 25824 47885 76879 49154 43112 89445 84788 10443 60736 34853 28697
 97122 42239 33132 53537 93945 33378 72116 86934]
2020-04-02 21:27:24,810 - exp_torch_topics_d128_bald_trident_mc_i2000_b20_q100_sf512_2 - INFO - finish step #21 for 17.815335035324097 sec
2020-04-02 21:27:24,810 - exp_torch_topics_d128_bald_trident_mc_i2000_b20_q100_sf512_2 - INFO - current val_accuracy: 0.48968359087564384
2020-04-02 21:27:24,811 - exp_torch_topics_d128_bald_trident_mc_i2000_b20_q100_sf512_2 - INFO - start step #22
2020-04-02 21:27:39,811 - exp_torch_topics_d128_bald_trident_mc_i2000_b20_q100_sf512_2 - INFO - query idx: [73533 50381 55805 58767 61551 62684 94424 65280 24046 82995 30965 98873
  3535 21981 82564 49438  1396 90822 95455  7533]
2020-04-02 21:27:42,525 - exp_torch_topics_d128_bald_trident_mc_i2000_b20_q100_sf512_2 - INFO - finish step #22 for 17.71427583694458 sec
2020-04-02 21:27:42,526 - exp_torch_topics_d128_bald_trident_mc_i2000_b20_q100_sf512_2 - INFO - current val_accuracy: 0.48956585724797647
2020-04-02 21:27:42,527 - exp_torch_topics_d128_bald_trident_mc_i2000_b20_q100_sf512_2 - INFO - start step #23
2020-04-02 21:27:57,724 - exp_torch_topics_d128_bald_trident_mc_i2000_b20_q100_sf512_2 - INFO - query idx: [68420 27442 80322  1914 35602 40346 27941 43390 20293 28116 92733 30302
 98653 95520 88134 75303 24610 65972 20425  4507]
2020-04-02 21:28:00,371 - exp_torch_topics_d128_bald_trident_mc_i2000_b20_q100_sf512_2 - INFO - finish step #23 for 17.844794034957886 sec
2020-04-02 21:28:00,372 - exp_torch_topics_d128_bald_trident_mc_i2000_b20_q100_sf512_2 - INFO - current val_accuracy: 0.4905371596762325
2020-04-02 21:28:00,373 - exp_torch_topics_d128_bald_trident_mc_i2000_b20_q100_sf512_2 - INFO - start step #24
2020-04-02 21:28:15,465 - exp_torch_topics_d128_bald_trident_mc_i2000_b20_q100_sf512_2 - INFO - query idx: [69218 30409  4876   620 40778 35600 44198 45150 18681 71403 16279 66039
 44033 87257 97175 49295  6414 60742 58949 59320]
2020-04-02 21:28:18,195 - exp_torch_topics_d128_bald_trident_mc_i2000_b20_q100_sf512_2 - INFO - finish step #24 for 17.822269916534424 sec
2020-04-02 21:28:18,195 - exp_torch_topics_d128_bald_trident_mc_i2000_b20_q100_sf512_2 - INFO - current val_accuracy: 0.49200883002207507
2020-04-02 21:28:18,196 - exp_torch_topics_d128_bald_trident_mc_i2000_b20_q100_sf512_2 - INFO - start step #25
2020-04-02 21:28:33,337 - exp_torch_topics_d128_bald_trident_mc_i2000_b20_q100_sf512_2 - INFO - query idx: [40260 74764 97676 60462 96205 27574 82539 60660 58351 70033 35972  4741
  6619 62481 59842 26063 16233 10508 30836 33721]
2020-04-02 21:28:36,137 - exp_torch_topics_d128_bald_trident_mc_i2000_b20_q100_sf512_2 - INFO - finish step #25 for 17.940862894058228 sec
2020-04-02 21:28:36,137 - exp_torch_topics_d128_bald_trident_mc_i2000_b20_q100_sf512_2 - INFO - current val_accuracy: 0.4867402501839588
2020-04-02 21:28:36,138 - exp_torch_topics_d128_bald_trident_mc_i2000_b20_q100_sf512_2 - INFO - start step #26
2020-04-02 21:28:51,423 - exp_torch_topics_d128_bald_trident_mc_i2000_b20_q100_sf512_2 - INFO - query idx: [ 1811 62201 14723 28140 92872 18297 15961 88077 53505  8870 96970 96963
 46882 93490 30712 42109 38991 96956 97611 86826]
2020-04-02 21:28:54,139 - exp_torch_topics_d128_bald_trident_mc_i2000_b20_q100_sf512_2 - INFO - finish step #26 for 18.000818729400635 sec
2020-04-02 21:28:54,139 - exp_torch_topics_d128_bald_trident_mc_i2000_b20_q100_sf512_2 - INFO - current val_accuracy: 0.4941280353200883
2020-04-02 21:28:54,140 - exp_torch_topics_d128_bald_trident_mc_i2000_b20_q100_sf512_2 - INFO - start step #27
2020-04-02 21:29:11,573 - exp_torch_topics_d128_bald_trident_mc_i2000_b20_q100_sf512_2 - INFO - query idx: [43018 13238 66525 12224 73974  6065 27011 20665 75480  4868 39249 29997
 31481 51154 63289 92104 70874 76540  8642 93341]
2020-04-02 21:29:16,651 - exp_torch_topics_d128_bald_trident_mc_i2000_b20_q100_sf512_2 - INFO - finish step #27 for 22.51115584373474 sec
2020-04-02 21:29:16,651 - exp_torch_topics_d128_bald_trident_mc_i2000_b20_q100_sf512_2 - INFO - current val_accuracy: 0.4941280353200883
2020-04-02 21:29:16,653 - exp_torch_topics_d128_bald_trident_mc_i2000_b20_q100_sf512_2 - INFO - start step #28
2020-04-02 21:29:35,203 - exp_torch_topics_d128_bald_trident_mc_i2000_b20_q100_sf512_2 - INFO - query idx: [95942 89773 33984  8591 31419 21689 83241 27118  6205 24498 41123 64598
 84126 95524 33737 75658 33332  5243  9163 62356]
2020-04-02 21:29:38,981 - exp_torch_topics_d128_bald_trident_mc_i2000_b20_q100_sf512_2 - INFO - finish step #28 for 22.32745599746704 sec
2020-04-02 21:29:38,981 - exp_torch_topics_d128_bald_trident_mc_i2000_b20_q100_sf512_2 - INFO - current val_accuracy: 0.4893009565857248
2020-04-02 21:29:38,982 - exp_torch_topics_d128_bald_trident_mc_i2000_b20_q100_sf512_2 - INFO - start step #29
2020-04-02 21:29:54,910 - exp_torch_topics_d128_bald_trident_mc_i2000_b20_q100_sf512_2 - INFO - query idx: [96272 13883 51327 67029 35712 65292 16281 56871 77053 42930 30112 37198
 77541 69405 88605 69139 91954 88723   156 24806]
2020-04-02 21:29:57,737 - exp_torch_topics_d128_bald_trident_mc_i2000_b20_q100_sf512_2 - INFO - finish step #29 for 18.755032062530518 sec
2020-04-02 21:29:57,738 - exp_torch_topics_d128_bald_trident_mc_i2000_b20_q100_sf512_2 - INFO - current val_accuracy: 0.48688741721854306
2020-04-02 21:29:57,739 - exp_torch_topics_d128_bald_trident_mc_i2000_b20_q100_sf512_2 - INFO - start step #30
2020-04-02 21:30:13,433 - exp_torch_topics_d128_bald_trident_mc_i2000_b20_q100_sf512_2 - INFO - query idx: [69687  9079 39509 76120 31559 41084 83922 69102 47532 78634 88154  9768
 87834 77801 41717 13170 80735 16785 51473  1207]
2020-04-02 21:30:16,218 - exp_torch_topics_d128_bald_trident_mc_i2000_b20_q100_sf512_2 - INFO - finish step #30 for 18.479060888290405 sec
2020-04-02 21:30:16,218 - exp_torch_topics_d128_bald_trident_mc_i2000_b20_q100_sf512_2 - INFO - current val_accuracy: 0.49533480500367916
2020-04-02 21:30:16,219 - exp_torch_topics_d128_bald_trident_mc_i2000_b20_q100_sf512_2 - INFO - start step #31
2020-04-02 21:30:31,382 - exp_torch_topics_d128_bald_trident_mc_i2000_b20_q100_sf512_2 - INFO - query idx: [34337 44177 24032  5805 75353 71898 72660  9411 34770  2372 93170 79924
 40685 67323 31741 30712 39889  3165 60584 86277]
2020-04-02 21:30:34,126 - exp_torch_topics_d128_bald_trident_mc_i2000_b20_q100_sf512_2 - INFO - finish step #31 for 17.907454013824463 sec
2020-04-02 21:30:34,127 - exp_torch_topics_d128_bald_trident_mc_i2000_b20_q100_sf512_2 - INFO - current val_accuracy: 0.4923325974981604
2020-04-02 21:30:34,127 - exp_torch_topics_d128_bald_trident_mc_i2000_b20_q100_sf512_2 - INFO - start step #32
2020-04-02 21:30:49,387 - exp_torch_topics_d128_bald_trident_mc_i2000_b20_q100_sf512_2 - INFO - query idx: [79782 71370 22290  5673 18143 11804 40538 88936 64423 52181 52334 45381
 32909 44375 30633 74923 94164 75200 69208 76851]
2020-04-02 21:30:52,154 - exp_torch_topics_d128_bald_trident_mc_i2000_b20_q100_sf512_2 - INFO - finish step #32 for 18.026649951934814 sec
2020-04-02 21:30:52,154 - exp_torch_topics_d128_bald_trident_mc_i2000_b20_q100_sf512_2 - INFO - current val_accuracy: 0.49203826342899193
2020-04-02 21:30:52,155 - exp_torch_topics_d128_bald_trident_mc_i2000_b20_q100_sf512_2 - INFO - start step #33
2020-04-02 21:31:07,383 - exp_torch_topics_d128_bald_trident_mc_i2000_b20_q100_sf512_2 - INFO - query idx: [38444 54645 96883 39862 33493 55084 12225  2909 86965 70834 90487 10053
  1406 32983 68392 36530 69527 42302 91943 25297]
2020-04-02 21:31:10,125 - exp_torch_topics_d128_bald_trident_mc_i2000_b20_q100_sf512_2 - INFO - finish step #33 for 17.96981716156006 sec
2020-04-02 21:31:10,125 - exp_torch_topics_d128_bald_trident_mc_i2000_b20_q100_sf512_2 - INFO - current val_accuracy: 0.4979543782192789
2020-04-02 21:31:10,126 - exp_torch_topics_d128_bald_trident_mc_i2000_b20_q100_sf512_2 - INFO - start step #34
2020-04-02 21:31:25,398 - exp_torch_topics_d128_bald_trident_mc_i2000_b20_q100_sf512_2 - INFO - query idx: [ 3332 36488 86019 88639  1211 87538   170 10802  5515 88675 19416 39885
 54718 31249 70653  6725 72579 81396 77127 97349]
2020-04-02 21:31:28,302 - exp_torch_topics_d128_bald_trident_mc_i2000_b20_q100_sf512_2 - INFO - finish step #34 for 18.175212144851685 sec
2020-04-02 21:31:28,302 - exp_torch_topics_d128_bald_trident_mc_i2000_b20_q100_sf512_2 - INFO - current val_accuracy: 0.4955997056659308
2020-04-02 21:31:28,303 - exp_torch_topics_d128_bald_trident_mc_i2000_b20_q100_sf512_2 - INFO - start step #35
2020-04-02 21:31:44,022 - exp_torch_topics_d128_bald_trident_mc_i2000_b20_q100_sf512_2 - INFO - query idx: [37035 65650 98175 47445 44363 97905   932 35016 76049 61516 86934 92486
 39688 36933 90862 29239 96381 61173 78028 94472]
2020-04-02 21:31:46,786 - exp_torch_topics_d128_bald_trident_mc_i2000_b20_q100_sf512_2 - INFO - finish step #35 for 18.482680082321167 sec
2020-04-02 21:31:46,787 - exp_torch_topics_d128_bald_trident_mc_i2000_b20_q100_sf512_2 - INFO - current val_accuracy: 0.49089036055923474
2020-04-02 21:31:46,788 - exp_torch_topics_d128_bald_trident_mc_i2000_b20_q100_sf512_2 - INFO - start step #36
2020-04-02 21:32:01,797 - exp_torch_topics_d128_bald_trident_mc_i2000_b20_q100_sf512_2 - INFO - query idx: [ 5407 45002 46492 34530 44536 87425 87179 46540 90856 89967 76013 51197
 49112 32443 26832 39966 63820 97956 18344 33958]
2020-04-02 21:32:04,615 - exp_torch_topics_d128_bald_trident_mc_i2000_b20_q100_sf512_2 - INFO - finish step #36 for 17.827050924301147 sec
2020-04-02 21:32:04,615 - exp_torch_topics_d128_bald_trident_mc_i2000_b20_q100_sf512_2 - INFO - current val_accuracy: 0.4958057395143488
2020-04-02 21:32:04,616 - exp_torch_topics_d128_bald_trident_mc_i2000_b20_q100_sf512_2 - INFO - start step #37
2020-04-02 21:32:19,831 - exp_torch_topics_d128_bald_trident_mc_i2000_b20_q100_sf512_2 - INFO - query idx: [29655 79314 28242 84502 88920 42771 27040   440 22935 81980 92692 42910
 35762 55157 69810 66542 36019 22350 82980 70773]
2020-04-02 21:32:22,597 - exp_torch_topics_d128_bald_trident_mc_i2000_b20_q100_sf512_2 - INFO - finish step #37 for 17.981204986572266 sec
2020-04-02 21:32:22,597 - exp_torch_topics_d128_bald_trident_mc_i2000_b20_q100_sf512_2 - INFO - current val_accuracy: 0.4989551140544518
2020-04-02 21:32:22,598 - exp_torch_topics_d128_bald_trident_mc_i2000_b20_q100_sf512_2 - INFO - start step #38
2020-04-02 21:32:37,644 - exp_torch_topics_d128_bald_trident_mc_i2000_b20_q100_sf512_2 - INFO - query idx: [39824 41730   119  6447 64555 64125 70757 75054 97396    53 15603 15353
 30368 80136 96112 31715 21654 32884 14821  1259]
2020-04-02 21:32:40,462 - exp_torch_topics_d128_bald_trident_mc_i2000_b20_q100_sf512_2 - INFO - finish step #38 for 17.863526821136475 sec
2020-04-02 21:32:40,462 - exp_torch_topics_d128_bald_trident_mc_i2000_b20_q100_sf512_2 - INFO - current val_accuracy: 0.4954525386313466
2020-04-02 21:32:40,463 - exp_torch_topics_d128_bald_trident_mc_i2000_b20_q100_sf512_2 - INFO - start step #39
2020-04-02 21:32:59,199 - exp_torch_topics_d128_bald_trident_mc_i2000_b20_q100_sf512_2 - INFO - query idx: [70041 58554 49779 88814  1840 93935 15231 41123  2749 65241 19874 49901
 77728 44547 32351 82247 10799 94884 82575  5197]
2020-04-02 21:33:04,974 - exp_torch_topics_d128_bald_trident_mc_i2000_b20_q100_sf512_2 - INFO - finish step #39 for 24.51072931289673 sec
2020-04-02 21:33:04,974 - exp_torch_topics_d128_bald_trident_mc_i2000_b20_q100_sf512_2 - INFO - current val_accuracy: 0.4965121412803532
2020-04-02 21:33:04,975 - exp_torch_topics_d128_bald_trident_mc_i2000_b20_q100_sf512_2 - INFO - start step #40
2020-04-02 21:33:21,253 - exp_torch_topics_d128_bald_trident_mc_i2000_b20_q100_sf512_2 - INFO - query idx: [46353 28600 69459 14399 25179 14197 54790 48824 89520 40743 85232 61691
 70672 12861 11691 38450 73202 82804 62081 38492]
2020-04-02 21:33:24,216 - exp_torch_topics_d128_bald_trident_mc_i2000_b20_q100_sf512_2 - INFO - finish step #40 for 19.24089503288269 sec
2020-04-02 21:33:24,216 - exp_torch_topics_d128_bald_trident_mc_i2000_b20_q100_sf512_2 - INFO - current val_accuracy: 0.49839587932303164
2020-04-02 21:33:24,217 - exp_torch_topics_d128_bald_trident_mc_i2000_b20_q100_sf512_2 - INFO - start step #41
2020-04-02 21:33:40,118 - exp_torch_topics_d128_bald_trident_mc_i2000_b20_q100_sf512_2 - INFO - query idx: [20310 94276 70280 24663 74137 52470 56698 57628 85417 40506 67386 70941
 45339 36859 36000  8157 50914 49519 32372 23831]
2020-04-02 21:33:43,016 - exp_torch_topics_d128_bald_trident_mc_i2000_b20_q100_sf512_2 - INFO - finish step #41 for 18.798321962356567 sec
2020-04-02 21:33:43,016 - exp_torch_topics_d128_bald_trident_mc_i2000_b20_q100_sf512_2 - INFO - current val_accuracy: 0.49509933774834436
2020-04-02 21:33:43,017 - exp_torch_topics_d128_bald_trident_mc_i2000_b20_q100_sf512_2 - INFO - start step #42
2020-04-02 21:33:58,847 - exp_torch_topics_d128_bald_trident_mc_i2000_b20_q100_sf512_2 - INFO - query idx: [85287 22859 36256 21715 95112 61048 38969 38828 16423 71809 25623 38151
 50815 89734 76976 11749 47105 56210 55841 87542]
2020-04-02 21:34:01,820 - exp_torch_topics_d128_bald_trident_mc_i2000_b20_q100_sf512_2 - INFO - finish step #42 for 18.80281710624695 sec
2020-04-02 21:34:01,820 - exp_torch_topics_d128_bald_trident_mc_i2000_b20_q100_sf512_2 - INFO - current val_accuracy: 0.5023988226637234
2020-04-02 21:34:01,821 - exp_torch_topics_d128_bald_trident_mc_i2000_b20_q100_sf512_2 - INFO - start step #43
2020-04-02 21:34:20,251 - exp_torch_topics_d128_bald_trident_mc_i2000_b20_q100_sf512_2 - INFO - query idx: [23784 74095 21994 13538 24561 41749 50884 77081 77151 74574 40968 56795
 77115 48165  7551 82857  6189 70726 59801 38966]
2020-04-02 21:34:26,071 - exp_torch_topics_d128_bald_trident_mc_i2000_b20_q100_sf512_2 - INFO - finish step #43 for 24.25028896331787 sec
2020-04-02 21:34:26,072 - exp_torch_topics_d128_bald_trident_mc_i2000_b20_q100_sf512_2 - INFO - current val_accuracy: 0.5006328182487123
2020-04-02 21:34:26,074 - exp_torch_topics_d128_bald_trident_mc_i2000_b20_q100_sf512_2 - INFO - start step #44
2020-04-02 21:34:49,694 - exp_torch_topics_d128_bald_trident_mc_i2000_b20_q100_sf512_2 - INFO - query idx: [84917 83324  4376 68252  8257 42966 70017 20820 57558 98789 82060    42
 26769 39421 94746 77820 95357 57089 36533 81947]
2020-04-02 21:34:54,199 - exp_torch_topics_d128_bald_trident_mc_i2000_b20_q100_sf512_2 - INFO - finish step #44 for 28.125252723693848 sec
2020-04-02 21:34:54,199 - exp_torch_topics_d128_bald_trident_mc_i2000_b20_q100_sf512_2 - INFO - current val_accuracy: 0.4997498160412068
2020-04-02 21:34:54,201 - exp_torch_topics_d128_bald_trident_mc_i2000_b20_q100_sf512_2 - INFO - start step #45
2020-04-02 21:35:14,634 - exp_torch_topics_d128_bald_trident_mc_i2000_b20_q100_sf512_2 - INFO - query idx: [90910 29858 53899 58620 36793 39947 50360 16519 34007 79724 55813 41042
 67834 13914 40304 34736 40228 42912  2499 16399]
2020-04-02 21:35:18,478 - exp_torch_topics_d128_bald_trident_mc_i2000_b20_q100_sf512_2 - INFO - finish step #45 for 24.27675700187683 sec
2020-04-02 21:35:18,478 - exp_torch_topics_d128_bald_trident_mc_i2000_b20_q100_sf512_2 - INFO - current val_accuracy: 0.5017807211184695
2020-04-02 21:35:18,479 - exp_torch_topics_d128_bald_trident_mc_i2000_b20_q100_sf512_2 - INFO - start step #46
2020-04-02 21:35:34,313 - exp_torch_topics_d128_bald_trident_mc_i2000_b20_q100_sf512_2 - INFO - query idx: [22873 19425 26745 90007 37396 67883 85867 87541 35870 35559 71381 38864
 33550 35491 75852 87732 75396 48835 89596 61699]
2020-04-02 21:35:37,627 - exp_torch_topics_d128_bald_trident_mc_i2000_b20_q100_sf512_2 - INFO - finish step #46 for 19.148192167282104 sec
2020-04-02 21:35:37,627 - exp_torch_topics_d128_bald_trident_mc_i2000_b20_q100_sf512_2 - INFO - current val_accuracy: 0.5017807211184695
2020-04-02 21:35:37,628 - exp_torch_topics_d128_bald_trident_mc_i2000_b20_q100_sf512_2 - INFO - start step #47
2020-04-02 21:35:53,508 - exp_torch_topics_d128_bald_trident_mc_i2000_b20_q100_sf512_2 - INFO - query idx: [84457 72220 54525 86668 36110 92002 44804 82515 69907 72448 46448 65843
 59057 93045 83723 68580 57515 29607 43565 50233]
2020-04-02 21:35:56,487 - exp_torch_topics_d128_bald_trident_mc_i2000_b20_q100_sf512_2 - INFO - finish step #47 for 18.858078956604004 sec
2020-04-02 21:35:56,487 - exp_torch_topics_d128_bald_trident_mc_i2000_b20_q100_sf512_2 - INFO - current val_accuracy: 0.5002501839587933
2020-04-02 21:35:56,488 - exp_torch_topics_d128_bald_trident_mc_i2000_b20_q100_sf512_2 - INFO - start step #48
2020-04-02 21:36:12,073 - exp_torch_topics_d128_bald_trident_mc_i2000_b20_q100_sf512_2 - INFO - query idx: [43137 16969 34436 51099 12200 48994  6571 26264 72150 32706 35735  7534
 33163 86469 10967 11004 81224  8166 44265 72616]
2020-04-02 21:36:14,959 - exp_torch_topics_d128_bald_trident_mc_i2000_b20_q100_sf512_2 - INFO - finish step #48 for 18.47147297859192 sec
2020-04-02 21:36:14,960 - exp_torch_topics_d128_bald_trident_mc_i2000_b20_q100_sf512_2 - INFO - current val_accuracy: 0.5041353936718175
2020-04-02 21:36:14,960 - exp_torch_topics_d128_bald_trident_mc_i2000_b20_q100_sf512_2 - INFO - start step #49
2020-04-02 21:36:30,595 - exp_torch_topics_d128_bald_trident_mc_i2000_b20_q100_sf512_2 - INFO - query idx: [71557 34633 31425 75545 92873 18089 72414 58709 78318 61000 71645  3700
 62274 39431 67888 16294  4694 11768 84446 46621]
2020-04-02 21:36:33,580 - exp_torch_topics_d128_bald_trident_mc_i2000_b20_q100_sf512_2 - INFO - finish step #49 for 18.619866132736206 sec
2020-04-02 21:36:33,581 - exp_torch_topics_d128_bald_trident_mc_i2000_b20_q100_sf512_2 - INFO - current val_accuracy: 0.5049006622516556
2020-04-02 21:36:33,581 - exp_torch_topics_d128_bald_trident_mc_i2000_b20_q100_sf512_2 - INFO - start step #50
2020-04-02 21:36:49,525 - exp_torch_topics_d128_bald_trident_mc_i2000_b20_q100_sf512_2 - INFO - query idx: [46318  6592 16610 60882  3500  7103 45320 69379 83523 73461 64025 23644
 59516  3616 21230 28095 40737 78936 40633 32479]
2020-04-02 21:36:52,458 - exp_torch_topics_d128_bald_trident_mc_i2000_b20_q100_sf512_2 - INFO - finish step #50 for 18.876861333847046 sec
2020-04-02 21:36:52,459 - exp_torch_topics_d128_bald_trident_mc_i2000_b20_q100_sf512_2 - INFO - current val_accuracy: 0.5051361295069904
2020-04-02 21:36:52,460 - exp_torch_topics_d128_bald_trident_mc_i2000_b20_q100_sf512_2 - INFO - start step #51
2020-04-02 21:37:08,314 - exp_torch_topics_d128_bald_trident_mc_i2000_b20_q100_sf512_2 - INFO - query idx: [13879 17630 66626 76453  7601 91111 17608 10792 51590 46331 91481 41522
 88944 47518 21468 78592  3806 76507 83341  6394]
2020-04-02 21:37:11,274 - exp_torch_topics_d128_bald_trident_mc_i2000_b20_q100_sf512_2 - INFO - finish step #51 for 18.814372062683105 sec
2020-04-02 21:37:11,274 - exp_torch_topics_d128_bald_trident_mc_i2000_b20_q100_sf512_2 - INFO - current val_accuracy: 0.5084621044885945
2020-04-02 21:37:11,275 - exp_torch_topics_d128_bald_trident_mc_i2000_b20_q100_sf512_2 - INFO - start step #52
2020-04-02 21:37:26,732 - exp_torch_topics_d128_bald_trident_mc_i2000_b20_q100_sf512_2 - INFO - query idx: [10793 88626 32233 80680  2964 49709 66621 96399 43945 46043 84038 82330
  1568 46969  7428 11591 10434  5514 36192 28680]
2020-04-02 21:37:29,673 - exp_torch_topics_d128_bald_trident_mc_i2000_b20_q100_sf512_2 - INFO - finish step #52 for 18.397928953170776 sec
2020-04-02 21:37:29,673 - exp_torch_topics_d128_bald_trident_mc_i2000_b20_q100_sf512_2 - INFO - current val_accuracy: 0.5046651949963208
2020-04-02 21:37:29,674 - exp_torch_topics_d128_bald_trident_mc_i2000_b20_q100_sf512_2 - INFO - start step #53
2020-04-02 21:37:46,094 - exp_torch_topics_d128_bald_trident_mc_i2000_b20_q100_sf512_2 - INFO - query idx: [ 1865 25352 28834 32500 16399 22298 56375 75626 75099 17832 42656 58232
 52661 42223 55315 59394  9410 44651 79855 76579]
2020-04-02 21:37:49,053 - exp_torch_topics_d128_bald_trident_mc_i2000_b20_q100_sf512_2 - INFO - finish step #53 for 19.378451824188232 sec
2020-04-02 21:37:49,053 - exp_torch_topics_d128_bald_trident_mc_i2000_b20_q100_sf512_2 - INFO - current val_accuracy: 0.5064311994113319
2020-04-02 21:37:49,054 - exp_torch_topics_d128_bald_trident_mc_i2000_b20_q100_sf512_2 - INFO - start step #54
2020-04-02 21:38:04,642 - exp_torch_topics_d128_bald_trident_mc_i2000_b20_q100_sf512_2 - INFO - query idx: [67414 84290 91854 39638 97747 42255 86385 76782 50567 45649 29348 20489
 41463 34816 10723 54210 62381 94312  3936  8265]
2020-04-02 21:38:07,554 - exp_torch_topics_d128_bald_trident_mc_i2000_b20_q100_sf512_2 - INFO - finish step #54 for 18.499699115753174 sec
2020-04-02 21:38:07,554 - exp_torch_topics_d128_bald_trident_mc_i2000_b20_q100_sf512_2 - INFO - current val_accuracy: 0.5090213392200147
2020-04-02 21:38:07,555 - exp_torch_topics_d128_bald_trident_mc_i2000_b20_q100_sf512_2 - INFO - start step #55
2020-04-02 21:38:22,989 - exp_torch_topics_d128_bald_trident_mc_i2000_b20_q100_sf512_2 - INFO - query idx: [84288 55600 75610 40608 30498 52753 40696 69621 83219  3111 31362 32285
 47956 60670 63737 76133 85353 85813 97764  7699]
2020-04-02 21:38:25,886 - exp_torch_topics_d128_bald_trident_mc_i2000_b20_q100_sf512_2 - INFO - finish step #55 for 18.33034086227417 sec
2020-04-02 21:38:25,886 - exp_torch_topics_d128_bald_trident_mc_i2000_b20_q100_sf512_2 - INFO - current val_accuracy: 0.5006328182487123
2020-04-02 21:38:25,887 - exp_torch_topics_d128_bald_trident_mc_i2000_b20_q100_sf512_2 - INFO - start step #56
2020-04-02 21:38:41,333 - exp_torch_topics_d128_bald_trident_mc_i2000_b20_q100_sf512_2 - INFO - query idx: [98060 19480 58051 20067   927 51948 50205 12245 58110 98253 26141 71679
 79289 43516 75084  1785 71524 65011 82307 86065]
2020-04-02 21:38:44,235 - exp_torch_topics_d128_bald_trident_mc_i2000_b20_q100_sf512_2 - INFO - finish step #56 for 18.348231077194214 sec
2020-04-02 21:38:44,235 - exp_torch_topics_d128_bald_trident_mc_i2000_b20_q100_sf512_2 - INFO - current val_accuracy: 0.5065783664459161
2020-04-02 21:38:44,236 - exp_torch_topics_d128_bald_trident_mc_i2000_b20_q100_sf512_2 - INFO - start step #57
2020-04-02 21:38:59,653 - exp_torch_topics_d128_bald_trident_mc_i2000_b20_q100_sf512_2 - INFO - query idx: [90832 26901 85579 59329 28395 50819 43830 26128 32903 96567 40558  6483
 87072 55263 64381 33860  8983 52261 19468 43179]
2020-04-02 21:39:02,551 - exp_torch_topics_d128_bald_trident_mc_i2000_b20_q100_sf512_2 - INFO - finish step #57 for 18.315214157104492 sec
2020-04-02 21:39:02,552 - exp_torch_topics_d128_bald_trident_mc_i2000_b20_q100_sf512_2 - INFO - current val_accuracy: 0.5042531272994849
2020-04-02 21:39:02,552 - exp_torch_topics_d128_bald_trident_mc_i2000_b20_q100_sf512_2 - INFO - start step #58
2020-04-02 21:39:18,102 - exp_torch_topics_d128_bald_trident_mc_i2000_b20_q100_sf512_2 - INFO - query idx: [ 1390 63403 32977 78486 95156 98111 75207 74301 28579 12174 84272 12494
 62033 86628 53299 32257 62521  9091 38346 91381]
2020-04-02 21:39:21,013 - exp_torch_topics_d128_bald_trident_mc_i2000_b20_q100_sf512_2 - INFO - finish step #58 for 18.46041202545166 sec
2020-04-02 21:39:21,013 - exp_torch_topics_d128_bald_trident_mc_i2000_b20_q100_sf512_2 - INFO - current val_accuracy: 0.5062840323767476
2020-04-02 21:39:21,014 - exp_torch_topics_d128_bald_trident_mc_i2000_b20_q100_sf512_2 - INFO - start step #59
2020-04-02 21:39:36,416 - exp_torch_topics_d128_bald_trident_mc_i2000_b20_q100_sf512_2 - INFO - query idx: [65960 16857 82857 70965 81653 77044 72721 82945 64424  5934 53927 66564
 72098 34904 52237 92631 54342 41847  1376 11083]
2020-04-02 21:39:39,323 - exp_torch_topics_d128_bald_trident_mc_i2000_b20_q100_sf512_2 - INFO - finish step #59 for 18.30863308906555 sec
2020-04-02 21:39:39,323 - exp_torch_topics_d128_bald_trident_mc_i2000_b20_q100_sf512_2 - INFO - current val_accuracy: 0.5084621044885945
2020-04-02 21:39:39,324 - exp_torch_topics_d128_bald_trident_mc_i2000_b20_q100_sf512_2 - INFO - start step #60
2020-04-02 21:39:55,049 - exp_torch_topics_d128_bald_trident_mc_i2000_b20_q100_sf512_2 - INFO - query idx: [50310 53652 85351 85377 50276 41670 61148 69317 15615 58020 19595 94246
 61532 62493 38815 77656 82513  3714 93212  4894]
2020-04-02 21:39:57,971 - exp_torch_topics_d128_bald_trident_mc_i2000_b20_q100_sf512_2 - INFO - finish step #60 for 18.647221088409424 sec
2020-04-02 21:39:57,971 - exp_torch_topics_d128_bald_trident_mc_i2000_b20_q100_sf512_2 - INFO - current val_accuracy: 0.509551140544518
2020-04-02 21:39:57,972 - exp_torch_topics_d128_bald_trident_mc_i2000_b20_q100_sf512_2 - INFO - start step #61
2020-04-02 21:40:13,396 - exp_torch_topics_d128_bald_trident_mc_i2000_b20_q100_sf512_2 - INFO - query idx: [31640 76374 25503 96647 27542 84820 88951 35634 10857 79598 83751 16458
  6384 48112 94112 79649 75840 56134 51988 86667]
2020-04-02 21:40:16,336 - exp_torch_topics_d128_bald_trident_mc_i2000_b20_q100_sf512_2 - INFO - finish step #61 for 18.363124132156372 sec
2020-04-02 21:40:16,336 - exp_torch_topics_d128_bald_trident_mc_i2000_b20_q100_sf512_2 - INFO - current val_accuracy: 0.5114643119941134
2020-04-02 21:40:16,337 - exp_torch_topics_d128_bald_trident_mc_i2000_b20_q100_sf512_2 - INFO - start step #62
2020-04-02 21:40:31,790 - exp_torch_topics_d128_bald_trident_mc_i2000_b20_q100_sf512_2 - INFO - query idx: [43490 96447 44996 76320 75787  3623 67420 50164 17420 70811 27568 59292
 20259 24515  6451 65081 84108 36300 97068  7904]
2020-04-02 21:40:34,776 - exp_torch_topics_d128_bald_trident_mc_i2000_b20_q100_sf512_2 - INFO - finish step #62 for 18.439000844955444 sec
2020-04-02 21:40:34,776 - exp_torch_topics_d128_bald_trident_mc_i2000_b20_q100_sf512_2 - INFO - current val_accuracy: 0.5098160412067697
2020-04-02 21:40:34,777 - exp_torch_topics_d128_bald_trident_mc_i2000_b20_q100_sf512_2 - INFO - start step #63
2020-04-02 21:40:50,317 - exp_torch_topics_d128_bald_trident_mc_i2000_b20_q100_sf512_2 - INFO - query idx: [36907 23278  4559 19627  6101 30831  1116 72577 28135 60032 41932 19896
 49040 11203 78521 21060 81261 77806 65201 17584]
2020-04-02 21:40:53,254 - exp_torch_topics_d128_bald_trident_mc_i2000_b20_q100_sf512_2 - INFO - finish step #63 for 18.47647786140442 sec
2020-04-02 21:40:53,254 - exp_torch_topics_d128_bald_trident_mc_i2000_b20_q100_sf512_2 - INFO - current val_accuracy: 0.5090213392200147
2020-04-02 21:40:53,255 - exp_torch_topics_d128_bald_trident_mc_i2000_b20_q100_sf512_2 - INFO - start step #64
2020-04-02 21:41:08,764 - exp_torch_topics_d128_bald_trident_mc_i2000_b20_q100_sf512_2 - INFO - query idx: [90479 25924 25002 58999 15521 94730 13323 11873  4914 12031 57613  6178
 87226 93581 14567 82550 36178 43927 59968 76320]
2020-04-02 21:41:11,731 - exp_torch_topics_d128_bald_trident_mc_i2000_b20_q100_sf512_2 - INFO - finish step #64 for 18.47665309906006 sec
2020-04-02 21:41:11,732 - exp_torch_topics_d128_bald_trident_mc_i2000_b20_q100_sf512_2 - INFO - current val_accuracy: 0.5066961000735836
2020-04-02 21:41:11,732 - exp_torch_topics_d128_bald_trident_mc_i2000_b20_q100_sf512_2 - INFO - start step #65
2020-04-02 21:41:27,006 - exp_torch_topics_d128_bald_trident_mc_i2000_b20_q100_sf512_2 - INFO - query idx: [95130 80750 85766 74550 58485  1104  5911 88298 95212 90565 56627  5454
 10177 11048 32032 60938 29728 42711 79084 92544]
2020-04-02 21:41:29,947 - exp_torch_topics_d128_bald_trident_mc_i2000_b20_q100_sf512_2 - INFO - finish step #65 for 18.214632272720337 sec
2020-04-02 21:41:29,947 - exp_torch_topics_d128_bald_trident_mc_i2000_b20_q100_sf512_2 - INFO - current val_accuracy: 0.510345842531273
2020-04-02 21:41:29,948 - exp_torch_topics_d128_bald_trident_mc_i2000_b20_q100_sf512_2 - INFO - start step #66
2020-04-02 21:41:45,242 - exp_torch_topics_d128_bald_trident_mc_i2000_b20_q100_sf512_2 - INFO - query idx: [92643 10000 19420 16944 51568 91496 69708 24262 53209 51325 74360 72979
 78643 25954 63414 77280 34509 16669 44064 23827]
2020-04-02 21:41:48,233 - exp_torch_topics_d128_bald_trident_mc_i2000_b20_q100_sf512_2 - INFO - finish step #66 for 18.284398078918457 sec
2020-04-02 21:41:48,233 - exp_torch_topics_d128_bald_trident_mc_i2000_b20_q100_sf512_2 - INFO - current val_accuracy: 0.5081383370125092
2020-04-02 21:41:48,234 - exp_torch_topics_d128_bald_trident_mc_i2000_b20_q100_sf512_2 - INFO - start step #67
2020-04-02 21:42:03,393 - exp_torch_topics_d128_bald_trident_mc_i2000_b20_q100_sf512_2 - INFO - query idx: [ 2288 60177  8737 22171 68128 45989  6544 22107  2476 25218 80638 47288
  5833 86034 77870 28680 74010 63965 74701  3953]
2020-04-02 21:42:06,414 - exp_torch_topics_d128_bald_trident_mc_i2000_b20_q100_sf512_2 - INFO - finish step #67 for 18.17960500717163 sec
2020-04-02 21:42:06,414 - exp_torch_topics_d128_bald_trident_mc_i2000_b20_q100_sf512_2 - INFO - current val_accuracy: 0.5104930095658573
2020-04-02 21:42:06,415 - exp_torch_topics_d128_bald_trident_mc_i2000_b20_q100_sf512_2 - INFO - start step #68
2020-04-02 21:42:21,748 - exp_torch_topics_d128_bald_trident_mc_i2000_b20_q100_sf512_2 - INFO - query idx: [70241 89974 77014 53883 33279 63078 87133 34508 37760 69048 66992 91004
 71467 93963 29328 46017 85679 56441 12941 51922]
2020-04-02 21:42:24,771 - exp_torch_topics_d128_bald_trident_mc_i2000_b20_q100_sf512_2 - INFO - finish step #68 for 18.35633897781372 sec
2020-04-02 21:42:24,771 - exp_torch_topics_d128_bald_trident_mc_i2000_b20_q100_sf512_2 - INFO - current val_accuracy: 0.5039587932303164
2020-04-02 21:42:24,772 - exp_torch_topics_d128_bald_trident_mc_i2000_b20_q100_sf512_2 - INFO - start step #69
2020-04-02 21:42:40,064 - exp_torch_topics_d128_bald_trident_mc_i2000_b20_q100_sf512_2 - INFO - query idx: [68152 84594 75910 85153 25964 28819 20791 59592 15890 83715  6163 14589
 43030 71275 51960  2799 19363 20855 89267 19162]
2020-04-02 21:42:43,050 - exp_torch_topics_d128_bald_trident_mc_i2000_b20_q100_sf512_2 - INFO - finish step #69 for 18.278191804885864 sec
2020-04-02 21:42:43,051 - exp_torch_topics_d128_bald_trident_mc_i2000_b20_q100_sf512_2 - INFO - current val_accuracy: 0.5066666666666667
2020-04-02 21:42:43,051 - exp_torch_topics_d128_bald_trident_mc_i2000_b20_q100_sf512_2 - INFO - start step #70
2020-04-02 21:42:58,349 - exp_torch_topics_d128_bald_trident_mc_i2000_b20_q100_sf512_2 - INFO - query idx: [73189 58239 89736 49996 52812 89475 61739  3351 30313 84072 80971  1581
 19907 89734 45602 88994 42575 24736 46045 23210]
2020-04-02 21:43:01,257 - exp_torch_topics_d128_bald_trident_mc_i2000_b20_q100_sf512_2 - INFO - finish step #70 for 18.205474853515625 sec
2020-04-02 21:43:01,257 - exp_torch_topics_d128_bald_trident_mc_i2000_b20_q100_sf512_2 - INFO - current val_accuracy: 0.5071376011773363
2020-04-02 21:43:01,258 - exp_torch_topics_d128_bald_trident_mc_i2000_b20_q100_sf512_2 - INFO - start step #71
2020-04-02 21:43:16,658 - exp_torch_topics_d128_bald_trident_mc_i2000_b20_q100_sf512_2 - INFO - query idx: [55448  6121  7244 30150  4372 55548 90870 86107 26077 81150 14455 39313
 44786 96571  4225 20077  9846 42672 74471 55551]
2020-04-02 21:43:19,643 - exp_torch_topics_d128_bald_trident_mc_i2000_b20_q100_sf512_2 - INFO - finish step #71 for 18.38492512702942 sec
2020-04-02 21:43:19,643 - exp_torch_topics_d128_bald_trident_mc_i2000_b20_q100_sf512_2 - INFO - current val_accuracy: 0.5068432671081677
2020-04-02 21:43:19,644 - exp_torch_topics_d128_bald_trident_mc_i2000_b20_q100_sf512_2 - INFO - start step #72
2020-04-02 21:43:34,916 - exp_torch_topics_d128_bald_trident_mc_i2000_b20_q100_sf512_2 - INFO - query idx: [53116 23851 53006  5135 21561 36416 80195 65903 49963 72382  3283 66663
   794 92705 43226 65761 77508 28151 34814 50367]
2020-04-02 21:43:37,894 - exp_torch_topics_d128_bald_trident_mc_i2000_b20_q100_sf512_2 - INFO - finish step #72 for 18.250184774398804 sec
2020-04-02 21:43:37,895 - exp_torch_topics_d128_bald_trident_mc_i2000_b20_q100_sf512_2 - INFO - current val_accuracy: 0.509374540103017
2020-04-02 21:43:37,897 - exp_torch_topics_d128_bald_trident_mc_i2000_b20_q100_sf512_2 - INFO - start step #73
2020-04-02 21:43:53,182 - exp_torch_topics_d128_bald_trident_mc_i2000_b20_q100_sf512_2 - INFO - query idx: [ 5238 63755 45632 53289 42888 32007  7749 48212 47154 60252 43487 60531
  7853 72021 61413 39190 40577 67283 41298 12288]
2020-04-02 21:43:56,184 - exp_torch_topics_d128_bald_trident_mc_i2000_b20_q100_sf512_2 - INFO - finish step #73 for 18.28718066215515 sec
2020-04-02 21:43:56,184 - exp_torch_topics_d128_bald_trident_mc_i2000_b20_q100_sf512_2 - INFO - current val_accuracy: 0.5099337748344371
2020-04-02 21:43:56,185 - exp_torch_topics_d128_bald_trident_mc_i2000_b20_q100_sf512_2 - INFO - start step #74
2020-04-02 21:44:11,544 - exp_torch_topics_d128_bald_trident_mc_i2000_b20_q100_sf512_2 - INFO - query idx: [76791 46877 96601 92558  5412 37188 74273 17382 39608 62421 77249 33333
 88498 94058  7136   678  9758 44764 26831 87617]
2020-04-02 21:44:14,510 - exp_torch_topics_d128_bald_trident_mc_i2000_b20_q100_sf512_2 - INFO - finish step #74 for 18.325028896331787 sec
2020-04-02 21:44:14,510 - exp_torch_topics_d128_bald_trident_mc_i2000_b20_q100_sf512_2 - INFO - current val_accuracy: 0.5055187637969095
2020-04-02 21:44:14,511 - exp_torch_topics_d128_bald_trident_mc_i2000_b20_q100_sf512_2 - INFO - start step #75
2020-04-02 21:44:29,849 - exp_torch_topics_d128_bald_trident_mc_i2000_b20_q100_sf512_2 - INFO - query idx: [51543 82120 75351 78125 40017 46857 67269 28872  1904 95474 75764 43447
  7889 61488 25893 17858 12928 10520  4011 11883]
2020-04-02 21:44:32,868 - exp_torch_topics_d128_bald_trident_mc_i2000_b20_q100_sf512_2 - INFO - finish step #75 for 18.356310844421387 sec
2020-04-02 21:44:32,868 - exp_torch_topics_d128_bald_trident_mc_i2000_b20_q100_sf512_2 - INFO - current val_accuracy: 0.507579102281089
2020-04-02 21:44:32,869 - exp_torch_topics_d128_bald_trident_mc_i2000_b20_q100_sf512_2 - INFO - start step #76
2020-04-02 21:44:48,069 - exp_torch_topics_d128_bald_trident_mc_i2000_b20_q100_sf512_2 - INFO - query idx: [29885 56052 36918  9303 14110 16438 55887 14552 30533 25429 12266  4864
  7998 45547 62288 86930 55396 80845 14147 77883]
2020-04-02 21:44:51,068 - exp_torch_topics_d128_bald_trident_mc_i2000_b20_q100_sf512_2 - INFO - finish step #76 for 18.19865608215332 sec
2020-04-02 21:44:51,068 - exp_torch_topics_d128_bald_trident_mc_i2000_b20_q100_sf512_2 - INFO - current val_accuracy: 0.5084915378955114
2020-04-02 21:44:51,069 - exp_torch_topics_d128_bald_trident_mc_i2000_b20_q100_sf512_2 - INFO - start step #77
2020-04-02 21:45:06,542 - exp_torch_topics_d128_bald_trident_mc_i2000_b20_q100_sf512_2 - INFO - query idx: [23092  4740 82449 13380 82126 19594 36664 49771 63609 52926 20804 31599
 62966 30780 34094 81363 94335 56374 61625 71636]
2020-04-02 21:45:09,566 - exp_torch_topics_d128_bald_trident_mc_i2000_b20_q100_sf512_2 - INFO - finish step #77 for 18.497246980667114 sec
2020-04-02 21:45:09,566 - exp_torch_topics_d128_bald_trident_mc_i2000_b20_q100_sf512_2 - INFO - current val_accuracy: 0.5071670345842532
2020-04-02 21:45:09,567 - exp_torch_topics_d128_bald_trident_mc_i2000_b20_q100_sf512_2 - INFO - start step #78
2020-04-02 21:45:25,071 - exp_torch_topics_d128_bald_trident_mc_i2000_b20_q100_sf512_2 - INFO - query idx: [77901 21585 71860 97201 88655 82298 40713 50441 62643 33070 49476 41205
  4761 22359 93898 25407 37722 77276 71833 97165]
2020-04-02 21:45:28,056 - exp_torch_topics_d128_bald_trident_mc_i2000_b20_q100_sf512_2 - INFO - finish step #78 for 18.489139795303345 sec
2020-04-02 21:45:28,056 - exp_torch_topics_d128_bald_trident_mc_i2000_b20_q100_sf512_2 - INFO - current val_accuracy: 0.507373068432671
2020-04-02 21:45:28,057 - exp_torch_topics_d128_bald_trident_mc_i2000_b20_q100_sf512_2 - INFO - start step #79
2020-04-02 21:45:43,781 - exp_torch_topics_d128_bald_trident_mc_i2000_b20_q100_sf512_2 - INFO - query idx: [82865 88639 26733   564 15330 66345 24475 91861 45953 23224 77976 91175
 59654 58141 28428 82394 78424  2365 94156 48970]
2020-04-02 21:45:46,973 - exp_torch_topics_d128_bald_trident_mc_i2000_b20_q100_sf512_2 - INFO - finish step #79 for 18.915317058563232 sec
2020-04-02 21:45:46,973 - exp_torch_topics_d128_bald_trident_mc_i2000_b20_q100_sf512_2 - INFO - current val_accuracy: 0.5107873436350258
2020-04-02 21:45:46,974 - exp_torch_topics_d128_bald_trident_mc_i2000_b20_q100_sf512_2 - INFO - start step #80
2020-04-02 21:46:02,515 - exp_torch_topics_d128_bald_trident_mc_i2000_b20_q100_sf512_2 - INFO - query idx: [61343 16807  5605 70653 13829  7147  6791 58631 11780 65755 76730 53092
 67169 46934 69465 17590 73276 33811 71613 33524]
2020-04-02 21:46:05,480 - exp_torch_topics_d128_bald_trident_mc_i2000_b20_q100_sf512_2 - INFO - finish step #80 for 18.506328105926514 sec
2020-04-02 21:46:05,480 - exp_torch_topics_d128_bald_trident_mc_i2000_b20_q100_sf512_2 - INFO - current val_accuracy: 0.5098454746136866
2020-04-02 21:46:05,481 - exp_torch_topics_d128_bald_trident_mc_i2000_b20_q100_sf512_2 - INFO - start step #81
2020-04-02 21:46:20,807 - exp_torch_topics_d128_bald_trident_mc_i2000_b20_q100_sf512_2 - INFO - query idx: [35487 61907 51936 94719 70558  8957 68684 90444 21717 67961 32235 23521
 82847 39884  4974 20234 97277  8473 68360 23320]
2020-04-02 21:46:23,775 - exp_torch_topics_d128_bald_trident_mc_i2000_b20_q100_sf512_2 - INFO - finish step #81 for 18.293375968933105 sec
2020-04-02 21:46:23,775 - exp_torch_topics_d128_bald_trident_mc_i2000_b20_q100_sf512_2 - INFO - current val_accuracy: 0.5114937454010302
2020-04-02 21:46:23,776 - exp_torch_topics_d128_bald_trident_mc_i2000_b20_q100_sf512_2 - INFO - start step #82
2020-04-02 21:46:39,308 - exp_torch_topics_d128_bald_trident_mc_i2000_b20_q100_sf512_2 - INFO - query idx: [25573  5301 47337 84159 32101 23582 18772 55712 26630 31652  6232 75436
 91020 34109 40598 31401 36998 13422 95248 73800]
2020-04-02 21:46:42,736 - exp_torch_topics_d128_bald_trident_mc_i2000_b20_q100_sf512_2 - INFO - finish step #82 for 18.959964275360107 sec
2020-04-02 21:46:42,736 - exp_torch_topics_d128_bald_trident_mc_i2000_b20_q100_sf512_2 - INFO - current val_accuracy: 0.510139808682855
2020-04-02 21:46:42,737 - exp_torch_topics_d128_bald_trident_mc_i2000_b20_q100_sf512_2 - INFO - start step #83
2020-04-02 21:46:58,242 - exp_torch_topics_d128_bald_trident_mc_i2000_b20_q100_sf512_2 - INFO - query idx: [93987 69284 85166 73574  8849 94995 15710 81116 64643 27893 39545   299
 85887 93447 19223 12658 88583 73002 96505 24957]
2020-04-02 21:47:01,214 - exp_torch_topics_d128_bald_trident_mc_i2000_b20_q100_sf512_2 - INFO - finish step #83 for 18.476386785507202 sec
2020-04-02 21:47:01,214 - exp_torch_topics_d128_bald_trident_mc_i2000_b20_q100_sf512_2 - INFO - current val_accuracy: 0.5118175128771155
2020-04-02 21:47:01,215 - exp_torch_topics_d128_bald_trident_mc_i2000_b20_q100_sf512_2 - INFO - start step #84
2020-04-02 21:47:16,827 - exp_torch_topics_d128_bald_trident_mc_i2000_b20_q100_sf512_2 - INFO - query idx: [65595 96864 26159 54174 53974 84244 20238 86676 90759 30958 32282 83792
 53022 95266 93969 33843 59890 93602 44701 74226]
2020-04-02 21:47:19,772 - exp_torch_topics_d128_bald_trident_mc_i2000_b20_q100_sf512_2 - INFO - finish step #84 for 18.557308197021484 sec
2020-04-02 21:47:19,772 - exp_torch_topics_d128_bald_trident_mc_i2000_b20_q100_sf512_2 - INFO - current val_accuracy: 0.5118175128771155
2020-04-02 21:47:19,773 - exp_torch_topics_d128_bald_trident_mc_i2000_b20_q100_sf512_2 - INFO - start step #85
2020-04-02 21:47:34,948 - exp_torch_topics_d128_bald_trident_mc_i2000_b20_q100_sf512_2 - INFO - query idx: [18541 41478 77553 40721 59860 94576 47024 10309 72767 80914 71156 55630
 89274 50078 39646 59517  9244 28115 67932 89334]
2020-04-02 21:47:37,973 - exp_torch_topics_d128_bald_trident_mc_i2000_b20_q100_sf512_2 - INFO - finish step #85 for 18.199252128601074 sec
2020-04-02 21:47:37,973 - exp_torch_topics_d128_bald_trident_mc_i2000_b20_q100_sf512_2 - INFO - current val_accuracy: 0.5102281089036056
2020-04-02 21:47:37,974 - exp_torch_topics_d128_bald_trident_mc_i2000_b20_q100_sf512_2 - INFO - start step #86
2020-04-02 21:47:53,481 - exp_torch_topics_d128_bald_trident_mc_i2000_b20_q100_sf512_2 - INFO - query idx: [80352 52756 68559 76083  8355 31751 14207 68956  1187 83692 83656 71593
 13139 46074 22825 64688 54096 21938 94139 59603]
2020-04-02 21:47:56,496 - exp_torch_topics_d128_bald_trident_mc_i2000_b20_q100_sf512_2 - INFO - finish step #86 for 18.522449016571045 sec
2020-04-02 21:47:56,497 - exp_torch_topics_d128_bald_trident_mc_i2000_b20_q100_sf512_2 - INFO - current val_accuracy: 0.5093156732891833
2020-04-02 21:47:56,498 - exp_torch_topics_d128_bald_trident_mc_i2000_b20_q100_sf512_2 - INFO - start step #87
2020-04-02 21:48:11,811 - exp_torch_topics_d128_bald_trident_mc_i2000_b20_q100_sf512_2 - INFO - query idx: [36666 47383 56450 69481 21572 56249 23708 32691 25081 20202 81477 57807
 36737 97223 95709 36131 92350 75179 17464 58167]
2020-04-02 21:48:14,792 - exp_torch_topics_d128_bald_trident_mc_i2000_b20_q100_sf512_2 - INFO - finish step #87 for 18.293808937072754 sec
2020-04-02 21:48:14,792 - exp_torch_topics_d128_bald_trident_mc_i2000_b20_q100_sf512_2 - INFO - current val_accuracy: 0.5118469462840324
2020-04-02 21:48:14,793 - exp_torch_topics_d128_bald_trident_mc_i2000_b20_q100_sf512_2 - INFO - start step #88
2020-04-02 21:48:30,145 - exp_torch_topics_d128_bald_trident_mc_i2000_b20_q100_sf512_2 - INFO - query idx: [44312 39782 36642 85364  4647 62404 28057 39959 94833  8226 34407 85514
 77190 69337 21837 85784 71625  6418 61145 58738]
2020-04-02 21:48:33,135 - exp_torch_topics_d128_bald_trident_mc_i2000_b20_q100_sf512_2 - INFO - finish step #88 for 18.341912746429443 sec
2020-04-02 21:48:33,135 - exp_torch_topics_d128_bald_trident_mc_i2000_b20_q100_sf512_2 - INFO - current val_accuracy: 0.5107873436350258
2020-04-02 21:48:33,136 - exp_torch_topics_d128_bald_trident_mc_i2000_b20_q100_sf512_2 - INFO - start step #89
2020-04-02 21:48:48,386 - exp_torch_topics_d128_bald_trident_mc_i2000_b20_q100_sf512_2 - INFO - query idx: [76744 55617 97728  2053 48497 63833 72566 51500 97064 47054 55930 96856
 63544 17998  6494   832 17566 54816 71799 43582]
2020-04-02 21:48:51,366 - exp_torch_topics_d128_bald_trident_mc_i2000_b20_q100_sf512_2 - INFO - finish step #89 for 18.230154037475586 sec
2020-04-02 21:48:51,366 - exp_torch_topics_d128_bald_trident_mc_i2000_b20_q100_sf512_2 - INFO - current val_accuracy: 0.5098749080206034
2020-04-02 21:48:51,367 - exp_torch_topics_d128_bald_trident_mc_i2000_b20_q100_sf512_2 - INFO - start step #90
2020-04-02 21:49:06,789 - exp_torch_topics_d128_bald_trident_mc_i2000_b20_q100_sf512_2 - INFO - query idx: [68497 73178 11550 84833 52877 35839 49301  4084 14102 31532 32974 85708
 18194 20590 52000 10070 33080  6461 13204 74186]
2020-04-02 21:49:09,839 - exp_torch_topics_d128_bald_trident_mc_i2000_b20_q100_sf512_2 - INFO - finish step #90 for 18.472145795822144 sec
2020-04-02 21:49:09,840 - exp_torch_topics_d128_bald_trident_mc_i2000_b20_q100_sf512_2 - INFO - current val_accuracy: 0.5083149374540104
2020-04-02 21:49:09,841 - exp_torch_topics_d128_bald_trident_mc_i2000_b20_q100_sf512_2 - INFO - start step #91
2020-04-02 21:49:25,004 - exp_torch_topics_d128_bald_trident_mc_i2000_b20_q100_sf512_2 - INFO - query idx: [73918 16669 70296 87651  4871 61005 51966 94050 41157 16532 86815 60909
 89927 72809 38458 83223 75440 46396 82404 40140]
2020-04-02 21:49:27,995 - exp_torch_topics_d128_bald_trident_mc_i2000_b20_q100_sf512_2 - INFO - finish step #91 for 18.1544828414917 sec
2020-04-02 21:49:27,995 - exp_torch_topics_d128_bald_trident_mc_i2000_b20_q100_sf512_2 - INFO - current val_accuracy: 0.5109639440765269
2020-04-02 21:49:27,996 - exp_torch_topics_d128_bald_trident_mc_i2000_b20_q100_sf512_2 - INFO - start step #92
2020-04-02 21:49:43,407 - exp_torch_topics_d128_bald_trident_mc_i2000_b20_q100_sf512_2 - INFO - query idx: [13676 10341 70927 75535  9141 52409 54598 48573 58146 46455 68037 72940
 72472 10673 49329 54867 96815 77577 87037 55518]
2020-04-02 21:49:46,466 - exp_torch_topics_d128_bald_trident_mc_i2000_b20_q100_sf512_2 - INFO - finish step #92 for 18.469606161117554 sec
2020-04-02 21:49:46,466 - exp_torch_topics_d128_bald_trident_mc_i2000_b20_q100_sf512_2 - INFO - current val_accuracy: 0.5135835172921266
2020-04-02 21:49:46,467 - exp_torch_topics_d128_bald_trident_mc_i2000_b20_q100_sf512_2 - INFO - start step #93
2020-04-02 21:50:01,590 - exp_torch_topics_d128_bald_trident_mc_i2000_b20_q100_sf512_2 - INFO - query idx: [14502 14803 43274 55508 46685 71879 92655 65173 54714 90524 56751   454
 39985 51716  4691 63032 66237 40856 28941 14558]
2020-04-02 21:50:04,583 - exp_torch_topics_d128_bald_trident_mc_i2000_b20_q100_sf512_2 - INFO - finish step #93 for 18.115705728530884 sec
2020-04-02 21:50:04,583 - exp_torch_topics_d128_bald_trident_mc_i2000_b20_q100_sf512_2 - INFO - current val_accuracy: 0.5122884473877851
2020-04-02 21:50:04,584 - exp_torch_topics_d128_bald_trident_mc_i2000_b20_q100_sf512_2 - INFO - start step #94
2020-04-02 21:50:19,989 - exp_torch_topics_d128_bald_trident_mc_i2000_b20_q100_sf512_2 - INFO - query idx: [35892 28789 29885  9944 95523 34631 36113  8522 51422 16114 78043 74246
 84193 35687 61573 12583 37469 16436 22981  9731]
2020-04-02 21:50:22,988 - exp_torch_topics_d128_bald_trident_mc_i2000_b20_q100_sf512_2 - INFO - finish step #94 for 18.40370202064514 sec
2020-04-02 21:50:22,988 - exp_torch_topics_d128_bald_trident_mc_i2000_b20_q100_sf512_2 - INFO - current val_accuracy: 0.5109050772626932
2020-04-02 21:50:22,989 - exp_torch_topics_d128_bald_trident_mc_i2000_b20_q100_sf512_2 - INFO - start step #95
2020-04-02 21:50:38,093 - exp_torch_topics_d128_bald_trident_mc_i2000_b20_q100_sf512_2 - INFO - query idx: [30516 81267 19910 94604 39164 96574 42987 73466 84094 32131 43956 78365
 97729 73613 70704 41139 51744 47453 85239 78849]
2020-04-02 21:50:41,180 - exp_torch_topics_d128_bald_trident_mc_i2000_b20_q100_sf512_2 - INFO - finish step #95 for 18.190664052963257 sec
2020-04-02 21:50:41,180 - exp_torch_topics_d128_bald_trident_mc_i2000_b20_q100_sf512_2 - INFO - current val_accuracy: 0.5147314201618838
2020-04-02 21:50:41,181 - exp_torch_topics_d128_bald_trident_mc_i2000_b20_q100_sf512_2 - INFO - start step #96
2020-04-02 21:50:57,240 - exp_torch_topics_d128_bald_trident_mc_i2000_b20_q100_sf512_2 - INFO - query idx: [24234 54536 10352 42782  3980 49913 45299  2009 60069 97695 67585 16360
 93038 88832 65832 94989 28177  7330 82642 76265]
2020-04-02 21:51:00,263 - exp_torch_topics_d128_bald_trident_mc_i2000_b20_q100_sf512_2 - INFO - finish step #96 for 19.081302165985107 sec
2020-04-02 21:51:00,263 - exp_torch_topics_d128_bald_trident_mc_i2000_b20_q100_sf512_2 - INFO - current val_accuracy: 0.5134069168506254
2020-04-02 21:51:00,264 - exp_torch_topics_d128_bald_trident_mc_i2000_b20_q100_sf512_2 - INFO - start step #97
2020-04-02 21:51:15,426 - exp_torch_topics_d128_bald_trident_mc_i2000_b20_q100_sf512_2 - INFO - query idx: [46308 33247 25236  2609  2726 14425  4128 34958 23259  6245 90193 31050
  5735 66393 52332 95141 74314 40541 27691 40657]
2020-04-02 21:51:18,370 - exp_torch_topics_d128_bald_trident_mc_i2000_b20_q100_sf512_2 - INFO - finish step #97 for 18.10554313659668 sec
2020-04-02 21:51:18,370 - exp_torch_topics_d128_bald_trident_mc_i2000_b20_q100_sf512_2 - INFO - current val_accuracy: 0.51252391464312
2020-04-02 21:51:18,371 - exp_torch_topics_d128_bald_trident_mc_i2000_b20_q100_sf512_2 - INFO - start step #98
2020-04-02 21:51:33,777 - exp_torch_topics_d128_bald_trident_mc_i2000_b20_q100_sf512_2 - INFO - query idx: [72534 91352 64160  9130 60122 93742 66446 85133 34146 72338 59038 78302
  2698 68372 73237 65566 63745 36002 68827 80259]
2020-04-02 21:51:36,700 - exp_torch_topics_d128_bald_trident_mc_i2000_b20_q100_sf512_2 - INFO - finish step #98 for 18.32904601097107 sec
2020-04-02 21:51:36,701 - exp_torch_topics_d128_bald_trident_mc_i2000_b20_q100_sf512_2 - INFO - current val_accuracy: 0.5157321559970567
2020-04-02 21:51:36,702 - exp_torch_topics_d128_bald_trident_mc_i2000_b20_q100_sf512_2 - INFO - start step #99
2020-04-02 21:51:51,740 - exp_torch_topics_d128_bald_trident_mc_i2000_b20_q100_sf512_2 - INFO - query idx: [29005 46322 46647 13987 49369 78835  7734 24952 12772 83901 38775 57751
 45553 19408 34770 58389 49394 29615 28414  3917]
2020-04-02 21:51:54,728 - exp_torch_topics_d128_bald_trident_mc_i2000_b20_q100_sf512_2 - INFO - finish step #99 for 18.025434017181396 sec
2020-04-02 21:51:54,728 - exp_torch_topics_d128_bald_trident_mc_i2000_b20_q100_sf512_2 - INFO - current val_accuracy: 0.5114937454010302
2020-04-02 21:51:54,729 - exp_torch_topics_d128_bald_trident_mc_i2000_b20_q100_sf512_2 - INFO - finish experiment process for 1884.15083193779 sec
