2020-03-25 17:21:24,118 - exp_torch_topics_d128_least_confident_i2000_b20_q100_sf512_2 - INFO - start experiment process
2020-03-25 17:21:25,962 - exp_torch_topics_d128_least_confident_i2000_b20_q100_sf512_2 - INFO - initial val_accuracy: 0.4507137601177336
2020-03-25 17:21:25,963 - exp_torch_topics_d128_least_confident_i2000_b20_q100_sf512_2 - INFO - start step #0
2020-03-25 17:21:37,627 - exp_torch_topics_d128_least_confident_i2000_b20_q100_sf512_2 - INFO - query idx: [26189 17585 50568 43529 35012 36828 99033 94257 30635 82367 37221 83784
 32401 81733 42257 64879 47702 31604 71114 32535]
2020-03-25 17:21:40,369 - exp_torch_topics_d128_least_confident_i2000_b20_q100_sf512_2 - INFO - finish step #0 for 14.406147956848145 sec
2020-03-25 17:21:40,369 - exp_torch_topics_d128_least_confident_i2000_b20_q100_sf512_2 - INFO - current val_accuracy: 0.44462104488594556
2020-03-25 17:21:40,369 - exp_torch_topics_d128_least_confident_i2000_b20_q100_sf512_2 - INFO - start step #1
2020-03-25 17:21:46,199 - exp_torch_topics_d128_least_confident_i2000_b20_q100_sf512_2 - INFO - query idx: [17266 94213  4803 69166 92009 23509  4510 37759  8109 81972 10915 80241
 18505 46229 84629  4677 95740 45394 49061 14951]
2020-03-25 17:21:48,661 - exp_torch_topics_d128_least_confident_i2000_b20_q100_sf512_2 - INFO - finish step #1 for 8.291919231414795 sec
2020-03-25 17:21:48,661 - exp_torch_topics_d128_least_confident_i2000_b20_q100_sf512_2 - INFO - current val_accuracy: 0.44647534952170714
2020-03-25 17:21:48,662 - exp_torch_topics_d128_least_confident_i2000_b20_q100_sf512_2 - INFO - start step #2
2020-03-25 17:21:54,376 - exp_torch_topics_d128_least_confident_i2000_b20_q100_sf512_2 - INFO - query idx: [89107 70343 30385 76357 52694 50467 16557 80531 23586 64543 58993 16880
 55668 48463  6203 53996 73060 92066  7330 56269]
2020-03-25 17:21:56,884 - exp_torch_topics_d128_least_confident_i2000_b20_q100_sf512_2 - INFO - finish step #2 for 8.222124099731445 sec
2020-03-25 17:21:56,884 - exp_torch_topics_d128_least_confident_i2000_b20_q100_sf512_2 - INFO - current val_accuracy: 0.44538631346578367
2020-03-25 17:21:56,884 - exp_torch_topics_d128_least_confident_i2000_b20_q100_sf512_2 - INFO - start step #3
2020-03-25 17:22:02,748 - exp_torch_topics_d128_least_confident_i2000_b20_q100_sf512_2 - INFO - query idx: [29119 42719 73015 57852 39421 89233 51852 90817 25799 59631 92462 71345
 13388 10422 13533 99083 15269 25447 39042 49526]
2020-03-25 17:22:05,170 - exp_torch_topics_d128_least_confident_i2000_b20_q100_sf512_2 - INFO - finish step #3 for 8.285281896591187 sec
2020-03-25 17:22:05,170 - exp_torch_topics_d128_least_confident_i2000_b20_q100_sf512_2 - INFO - current val_accuracy: 0.449654157468727
2020-03-25 17:22:05,170 - exp_torch_topics_d128_least_confident_i2000_b20_q100_sf512_2 - INFO - start step #4
2020-03-25 17:22:10,992 - exp_torch_topics_d128_least_confident_i2000_b20_q100_sf512_2 - INFO - query idx: [74703 56137 50568 30118 35574 63502 58281 30780 46204 56466 43940 41305
 52913 20183 35212  9529 38616 12438 92056 59469]
2020-03-25 17:22:13,500 - exp_torch_topics_d128_least_confident_i2000_b20_q100_sf512_2 - INFO - finish step #4 for 8.330215215682983 sec
2020-03-25 17:22:13,500 - exp_torch_topics_d128_least_confident_i2000_b20_q100_sf512_2 - INFO - current val_accuracy: 0.4526563649742458
2020-03-25 17:22:13,501 - exp_torch_topics_d128_least_confident_i2000_b20_q100_sf512_2 - INFO - start step #5
2020-03-25 17:22:19,506 - exp_torch_topics_d128_least_confident_i2000_b20_q100_sf512_2 - INFO - query idx: [71158 74540 33979 87578 41663 27596 55420 72054 24548 43398 94885  2995
 94184 15135 49947 88398 44447  1810  2385 19652]
2020-03-25 17:22:22,129 - exp_torch_topics_d128_least_confident_i2000_b20_q100_sf512_2 - INFO - finish step #5 for 8.628284931182861 sec
2020-03-25 17:22:22,129 - exp_torch_topics_d128_least_confident_i2000_b20_q100_sf512_2 - INFO - current val_accuracy: 0.4448859455481972
2020-03-25 17:22:22,129 - exp_torch_topics_d128_least_confident_i2000_b20_q100_sf512_2 - INFO - start step #6
2020-03-25 17:22:27,851 - exp_torch_topics_d128_least_confident_i2000_b20_q100_sf512_2 - INFO - query idx: [43834 59032 16711 77302 77772 71777 89554 82447  8603 59792 66268  3214
 28507 87582 20846 99860 53762 87033 72763 75695]
2020-03-25 17:22:30,374 - exp_torch_topics_d128_least_confident_i2000_b20_q100_sf512_2 - INFO - finish step #6 for 8.244432926177979 sec
2020-03-25 17:22:30,374 - exp_torch_topics_d128_least_confident_i2000_b20_q100_sf512_2 - INFO - current val_accuracy: 0.453009565857248
2020-03-25 17:22:30,374 - exp_torch_topics_d128_least_confident_i2000_b20_q100_sf512_2 - INFO - start step #7
2020-03-25 17:22:36,121 - exp_torch_topics_d128_least_confident_i2000_b20_q100_sf512_2 - INFO - query idx: [76992 42372 95936  6338 30115 62888 10109 75172 98849 30471 22505 36173
  9687 49510 38257 51688 50143 59385 19920 74939]
2020-03-25 17:22:38,727 - exp_torch_topics_d128_least_confident_i2000_b20_q100_sf512_2 - INFO - finish step #7 for 8.352678060531616 sec
2020-03-25 17:22:38,727 - exp_torch_topics_d128_least_confident_i2000_b20_q100_sf512_2 - INFO - current val_accuracy: 0.4561000735835173
2020-03-25 17:22:38,727 - exp_torch_topics_d128_least_confident_i2000_b20_q100_sf512_2 - INFO - start step #8
2020-03-25 17:22:44,431 - exp_torch_topics_d128_least_confident_i2000_b20_q100_sf512_2 - INFO - query idx: [98612 75309 31217 82889 59196 86794  8959 45137 79648 32223 35603 42623
 39907 28586 68615 46118 47715 44708 13265 46698]
2020-03-25 17:22:47,064 - exp_torch_topics_d128_least_confident_i2000_b20_q100_sf512_2 - INFO - finish step #8 for 8.336611032485962 sec
2020-03-25 17:22:47,064 - exp_torch_topics_d128_least_confident_i2000_b20_q100_sf512_2 - INFO - current val_accuracy: 0.45183222958057395
2020-03-25 17:22:47,065 - exp_torch_topics_d128_least_confident_i2000_b20_q100_sf512_2 - INFO - start step #9
2020-03-25 17:22:52,746 - exp_torch_topics_d128_least_confident_i2000_b20_q100_sf512_2 - INFO - query idx: [80956 28327 38818 91203   247 88077  7125 53560 36401 44765 34436 46465
 65988 76901 78709 53666 69007 57128 13006  8920]
2020-03-25 17:22:55,359 - exp_torch_topics_d128_least_confident_i2000_b20_q100_sf512_2 - INFO - finish step #9 for 8.294063091278076 sec
2020-03-25 17:22:55,359 - exp_torch_topics_d128_least_confident_i2000_b20_q100_sf512_2 - INFO - current val_accuracy: 0.45245033112582783
2020-03-25 17:22:55,359 - exp_torch_topics_d128_least_confident_i2000_b20_q100_sf512_2 - INFO - start step #10
2020-03-25 17:23:01,010 - exp_torch_topics_d128_least_confident_i2000_b20_q100_sf512_2 - INFO - query idx: [96789 90306 99456 40228 31998 95886 47016 77356 31010 13693 86427 11048
 28062 98745  7570 49367 76217 29919 77163 77985]
2020-03-25 17:23:03,589 - exp_torch_topics_d128_least_confident_i2000_b20_q100_sf512_2 - INFO - finish step #10 for 8.229716062545776 sec
2020-03-25 17:23:03,589 - exp_torch_topics_d128_least_confident_i2000_b20_q100_sf512_2 - INFO - current val_accuracy: 0.45521707137601175
2020-03-25 17:23:03,589 - exp_torch_topics_d128_least_confident_i2000_b20_q100_sf512_2 - INFO - start step #11
2020-03-25 17:23:09,258 - exp_torch_topics_d128_least_confident_i2000_b20_q100_sf512_2 - INFO - query idx: [79562 32175 19779 83810 18363  4279 91549 76845 57986 46862 88853 68977
 52028 45016  3943 62954 19872 10464 46127  4838]
2020-03-25 17:23:11,699 - exp_torch_topics_d128_least_confident_i2000_b20_q100_sf512_2 - INFO - finish step #11 for 8.1094229221344 sec
2020-03-25 17:23:11,699 - exp_torch_topics_d128_least_confident_i2000_b20_q100_sf512_2 - INFO - current val_accuracy: 0.4538925680647535
2020-03-25 17:23:11,699 - exp_torch_topics_d128_least_confident_i2000_b20_q100_sf512_2 - INFO - start step #12
2020-03-25 17:23:17,529 - exp_torch_topics_d128_least_confident_i2000_b20_q100_sf512_2 - INFO - query idx: [48184 58535 37081 51234 58076 88900 36976 79151 11032 89670 54152 78335
 53381 14992 70074 78315   394 53146 34307 43359]
2020-03-25 17:23:20,190 - exp_torch_topics_d128_least_confident_i2000_b20_q100_sf512_2 - INFO - finish step #12 for 8.49063491821289 sec
2020-03-25 17:23:20,190 - exp_torch_topics_d128_least_confident_i2000_b20_q100_sf512_2 - INFO - current val_accuracy: 0.4545401030169242
2020-03-25 17:23:20,190 - exp_torch_topics_d128_least_confident_i2000_b20_q100_sf512_2 - INFO - start step #13
2020-03-25 17:23:25,856 - exp_torch_topics_d128_least_confident_i2000_b20_q100_sf512_2 - INFO - query idx: [27734 96267 75017 40800 67464 85163 95200 72604 41073  4527 55003 74827
 39296 45296 56385  4644  3277 39879 74028 81221]
2020-03-25 17:23:28,378 - exp_torch_topics_d128_least_confident_i2000_b20_q100_sf512_2 - INFO - finish step #13 for 8.187680006027222 sec
2020-03-25 17:23:28,378 - exp_torch_topics_d128_least_confident_i2000_b20_q100_sf512_2 - INFO - current val_accuracy: 0.4553348050036792
2020-03-25 17:23:28,378 - exp_torch_topics_d128_least_confident_i2000_b20_q100_sf512_2 - INFO - start step #14
2020-03-25 17:23:34,244 - exp_torch_topics_d128_least_confident_i2000_b20_q100_sf512_2 - INFO - query idx: [71656 77510  6174 10147 66366 28067 66645 15712 73792 53297 46510  2538
 77978 25195 83488  7200 77085 52620 83612 41471]
2020-03-25 17:23:36,775 - exp_torch_topics_d128_least_confident_i2000_b20_q100_sf512_2 - INFO - finish step #14 for 8.397077083587646 sec
2020-03-25 17:23:36,776 - exp_torch_topics_d128_least_confident_i2000_b20_q100_sf512_2 - INFO - current val_accuracy: 0.45727740986019133
2020-03-25 17:23:36,776 - exp_torch_topics_d128_least_confident_i2000_b20_q100_sf512_2 - INFO - start step #15
2020-03-25 17:23:42,546 - exp_torch_topics_d128_least_confident_i2000_b20_q100_sf512_2 - INFO - query idx: [37647 84592  7444 33917 23927 12713 17485 36284 25330 95484 31128 18244
 44711  6378 12493 11191 44931 99033 82218 19491]
2020-03-25 17:23:45,069 - exp_torch_topics_d128_least_confident_i2000_b20_q100_sf512_2 - INFO - finish step #15 for 8.293240070343018 sec
2020-03-25 17:23:45,069 - exp_torch_topics_d128_least_confident_i2000_b20_q100_sf512_2 - INFO - current val_accuracy: 0.45795437821927887
2020-03-25 17:23:45,069 - exp_torch_topics_d128_least_confident_i2000_b20_q100_sf512_2 - INFO - start step #16
2020-03-25 17:23:50,798 - exp_torch_topics_d128_least_confident_i2000_b20_q100_sf512_2 - INFO - query idx: [37219 91182 55328  7529 45704 58959 28222 19357 67001 18489 42186 69180
 73834 42065 65324 71471 24688 85631 22565 26010]
2020-03-25 17:23:53,280 - exp_torch_topics_d128_least_confident_i2000_b20_q100_sf512_2 - INFO - finish step #16 for 8.210107803344727 sec
2020-03-25 17:23:53,280 - exp_torch_topics_d128_least_confident_i2000_b20_q100_sf512_2 - INFO - current val_accuracy: 0.45827814569536424
2020-03-25 17:23:53,280 - exp_torch_topics_d128_least_confident_i2000_b20_q100_sf512_2 - INFO - start step #17
2020-03-25 17:23:59,076 - exp_torch_topics_d128_least_confident_i2000_b20_q100_sf512_2 - INFO - query idx: [89472 85793 91469 69890 19535 62933 19583 31845 72725 63444 71961 48704
 28059 60280 31708 63473 75554 87089 83615 33406]
2020-03-25 17:24:01,529 - exp_torch_topics_d128_least_confident_i2000_b20_q100_sf512_2 - INFO - finish step #17 for 8.248655796051025 sec
2020-03-25 17:24:01,529 - exp_torch_topics_d128_least_confident_i2000_b20_q100_sf512_2 - INFO - current val_accuracy: 0.4580721118469463
2020-03-25 17:24:01,529 - exp_torch_topics_d128_least_confident_i2000_b20_q100_sf512_2 - INFO - start step #18
2020-03-25 17:24:07,197 - exp_torch_topics_d128_least_confident_i2000_b20_q100_sf512_2 - INFO - query idx: [27386 79508  8038 31001 28748 84395 44668 34405 56917 46776 98826 94264
 75044 52201 95390 44925 54546 41895 21079 40687]
2020-03-25 17:24:09,704 - exp_torch_topics_d128_least_confident_i2000_b20_q100_sf512_2 - INFO - finish step #18 for 8.174777030944824 sec
2020-03-25 17:24:09,704 - exp_torch_topics_d128_least_confident_i2000_b20_q100_sf512_2 - INFO - current val_accuracy: 0.45813097866078
2020-03-25 17:24:09,704 - exp_torch_topics_d128_least_confident_i2000_b20_q100_sf512_2 - INFO - start step #19
2020-03-25 17:24:15,460 - exp_torch_topics_d128_least_confident_i2000_b20_q100_sf512_2 - INFO - query idx: [ 5278 18619 47414 33104 45059 31940 51237 27196 18856 11227 95672 61390
 92262 92459 83575 23964 72336 94544 30104 48215]
2020-03-25 17:24:18,198 - exp_torch_topics_d128_least_confident_i2000_b20_q100_sf512_2 - INFO - finish step #19 for 8.493303775787354 sec
2020-03-25 17:24:18,198 - exp_torch_topics_d128_least_confident_i2000_b20_q100_sf512_2 - INFO - current val_accuracy: 0.4628108903605592
2020-03-25 17:24:18,198 - exp_torch_topics_d128_least_confident_i2000_b20_q100_sf512_2 - INFO - start step #20
2020-03-25 17:24:23,948 - exp_torch_topics_d128_least_confident_i2000_b20_q100_sf512_2 - INFO - query idx: [47938 30751 98859 20215 82109 86920 80209 49222 19073 21675 33830 21775
 34554 58035  2164 56469 53353  6015 86344 49345]
2020-03-25 17:24:26,488 - exp_torch_topics_d128_least_confident_i2000_b20_q100_sf512_2 - INFO - finish step #20 for 8.289861917495728 sec
2020-03-25 17:24:26,488 - exp_torch_topics_d128_least_confident_i2000_b20_q100_sf512_2 - INFO - current val_accuracy: 0.46345842531272996
2020-03-25 17:24:26,489 - exp_torch_topics_d128_least_confident_i2000_b20_q100_sf512_2 - INFO - start step #21
2020-03-25 17:24:32,305 - exp_torch_topics_d128_least_confident_i2000_b20_q100_sf512_2 - INFO - query idx: [ 6082 32449 56417 19258 49275 68844 47724 79064 78361 29749 65230 90541
 43949 94895 22062 95092 97944 20373 96456 19128]
2020-03-25 17:24:34,736 - exp_torch_topics_d128_least_confident_i2000_b20_q100_sf512_2 - INFO - finish step #21 for 8.247509002685547 sec
2020-03-25 17:24:34,736 - exp_torch_topics_d128_least_confident_i2000_b20_q100_sf512_2 - INFO - current val_accuracy: 0.46422369389256807
2020-03-25 17:24:34,737 - exp_torch_topics_d128_least_confident_i2000_b20_q100_sf512_2 - INFO - start step #22
2020-03-25 17:24:40,488 - exp_torch_topics_d128_least_confident_i2000_b20_q100_sf512_2 - INFO - query idx: [74337 91925 99238 81149 47619 82655 64604 96860  3183 92780 30444  8557
 82958 25229 30849  8948 75095 28648 68468 88523]
2020-03-25 17:24:43,001 - exp_torch_topics_d128_least_confident_i2000_b20_q100_sf512_2 - INFO - finish step #22 for 8.264666080474854 sec
2020-03-25 17:24:43,001 - exp_torch_topics_d128_least_confident_i2000_b20_q100_sf512_2 - INFO - current val_accuracy: 0.4613686534216336
2020-03-25 17:24:43,002 - exp_torch_topics_d128_least_confident_i2000_b20_q100_sf512_2 - INFO - start step #23
2020-03-25 17:24:48,609 - exp_torch_topics_d128_least_confident_i2000_b20_q100_sf512_2 - INFO - query idx: [23144 93178 35171  3090 16069 45154 66742 43257  6405 48584 46645 79233
 66883  9298 51652 33004  6395 83334 53556 11940]
2020-03-25 17:24:51,109 - exp_torch_topics_d128_least_confident_i2000_b20_q100_sf512_2 - INFO - finish step #23 for 8.106875896453857 sec
2020-03-25 17:24:51,109 - exp_torch_topics_d128_least_confident_i2000_b20_q100_sf512_2 - INFO - current val_accuracy: 0.4613686534216336
2020-03-25 17:24:51,109 - exp_torch_topics_d128_least_confident_i2000_b20_q100_sf512_2 - INFO - start step #24
2020-03-25 17:24:56,851 - exp_torch_topics_d128_least_confident_i2000_b20_q100_sf512_2 - INFO - query idx: [43757  2608  1972 47755 22293 71643 87558 79855 69859 94143 13124 17879
 73975 73866 82672 39013 12894 34212 67665 66570]
2020-03-25 17:24:59,302 - exp_torch_topics_d128_least_confident_i2000_b20_q100_sf512_2 - INFO - finish step #24 for 8.192456245422363 sec
2020-03-25 17:24:59,302 - exp_torch_topics_d128_least_confident_i2000_b20_q100_sf512_2 - INFO - current val_accuracy: 0.4647240618101545
2020-03-25 17:24:59,302 - exp_torch_topics_d128_least_confident_i2000_b20_q100_sf512_2 - INFO - start step #25
2020-03-25 17:25:05,193 - exp_torch_topics_d128_least_confident_i2000_b20_q100_sf512_2 - INFO - query idx: [92599 32578 75938 96650 29416 88397 31653 28494 86611 33229 30069 29705
 28357 14835 44554 61839 96349 47069 22622 56258]
2020-03-25 17:25:07,724 - exp_torch_topics_d128_least_confident_i2000_b20_q100_sf512_2 - INFO - finish step #25 for 8.42156195640564 sec
2020-03-25 17:25:07,724 - exp_torch_topics_d128_least_confident_i2000_b20_q100_sf512_2 - INFO - current val_accuracy: 0.4649595290654893
2020-03-25 17:25:07,724 - exp_torch_topics_d128_least_confident_i2000_b20_q100_sf512_2 - INFO - start step #26
2020-03-25 17:25:13,467 - exp_torch_topics_d128_least_confident_i2000_b20_q100_sf512_2 - INFO - query idx: [81041 45902 32062 28663 41525 33718 99052 74485 85962 54010 68805  3834
 26594  8163 57056  1301 84031 30246 12024 53924]
2020-03-25 17:25:15,972 - exp_torch_topics_d128_least_confident_i2000_b20_q100_sf512_2 - INFO - finish step #26 for 8.248277187347412 sec
2020-03-25 17:25:15,973 - exp_torch_topics_d128_least_confident_i2000_b20_q100_sf512_2 - INFO - current val_accuracy: 0.46166298749080203
2020-03-25 17:25:15,973 - exp_torch_topics_d128_least_confident_i2000_b20_q100_sf512_2 - INFO - start step #27
2020-03-25 17:25:21,825 - exp_torch_topics_d128_least_confident_i2000_b20_q100_sf512_2 - INFO - query idx: [20732 69857 36478 78648 11587 92884 58748  8058 69768  8342 53095 73449
 95529 85863 87557 50432 14570 11650 71198 21732]
2020-03-25 17:25:24,349 - exp_torch_topics_d128_least_confident_i2000_b20_q100_sf512_2 - INFO - finish step #27 for 8.376473188400269 sec
2020-03-25 17:25:24,349 - exp_torch_topics_d128_least_confident_i2000_b20_q100_sf512_2 - INFO - current val_accuracy: 0.46398822663723327
2020-03-25 17:25:24,350 - exp_torch_topics_d128_least_confident_i2000_b20_q100_sf512_2 - INFO - start step #28
2020-03-25 17:25:30,017 - exp_torch_topics_d128_least_confident_i2000_b20_q100_sf512_2 - INFO - query idx: [65235 94832 10251 82935 92880 40719 85478 58539 81155 37419 42700 17243
 38077 79252 78555 11036 92144 51202 33437 50732]
2020-03-25 17:25:32,586 - exp_torch_topics_d128_least_confident_i2000_b20_q100_sf512_2 - INFO - finish step #28 for 8.23655891418457 sec
2020-03-25 17:25:32,586 - exp_torch_topics_d128_least_confident_i2000_b20_q100_sf512_2 - INFO - current val_accuracy: 0.463046357615894
2020-03-25 17:25:32,587 - exp_torch_topics_d128_least_confident_i2000_b20_q100_sf512_2 - INFO - start step #29
2020-03-25 17:25:38,475 - exp_torch_topics_d128_least_confident_i2000_b20_q100_sf512_2 - INFO - query idx: [36003 14858 89807 52434 75993 36831 87775 47686 52653 22348 77249  7137
 78201 31445 41440 63068   456 18205 87203 76916]
2020-03-25 17:25:40,935 - exp_torch_topics_d128_least_confident_i2000_b20_q100_sf512_2 - INFO - finish step #29 for 8.348419189453125 sec
2020-03-25 17:25:40,935 - exp_torch_topics_d128_least_confident_i2000_b20_q100_sf512_2 - INFO - current val_accuracy: 0.4656364974245769
2020-03-25 17:25:40,936 - exp_torch_topics_d128_least_confident_i2000_b20_q100_sf512_2 - INFO - start step #30
2020-03-25 17:25:47,009 - exp_torch_topics_d128_least_confident_i2000_b20_q100_sf512_2 - INFO - query idx: [69711 91423 58738 57417 67509 63323 22996 62480  1453  3077 66679 66864
 19573 54438 27531 81318 80860 51593 36888 37417]
2020-03-25 17:25:49,609 - exp_torch_topics_d128_least_confident_i2000_b20_q100_sf512_2 - INFO - finish step #30 for 8.673131942749023 sec
2020-03-25 17:25:49,609 - exp_torch_topics_d128_least_confident_i2000_b20_q100_sf512_2 - INFO - current val_accuracy: 0.46254598969830757
2020-03-25 17:25:49,609 - exp_torch_topics_d128_least_confident_i2000_b20_q100_sf512_2 - INFO - start step #31
2020-03-25 17:25:55,343 - exp_torch_topics_d128_least_confident_i2000_b20_q100_sf512_2 - INFO - query idx: [76440 31709 13868 97238 91552 48514 73261 48128 57042 57997 20655 84679
 91445 94998 28097  8459 33929 70452 41001 39701]
2020-03-25 17:25:57,884 - exp_torch_topics_d128_least_confident_i2000_b20_q100_sf512_2 - INFO - finish step #31 for 8.275206327438354 sec
2020-03-25 17:25:57,885 - exp_torch_topics_d128_least_confident_i2000_b20_q100_sf512_2 - INFO - current val_accuracy: 0.4598381162619573
2020-03-25 17:25:57,885 - exp_torch_topics_d128_least_confident_i2000_b20_q100_sf512_2 - INFO - start step #32
2020-03-25 17:26:03,623 - exp_torch_topics_d128_least_confident_i2000_b20_q100_sf512_2 - INFO - query idx: [94964 80646 34142 68554 83444 64177 77223 84404 38236 41839 10849  8779
 10716 32225 84967 15480 21090 25371 64716 54500]
2020-03-25 17:26:06,191 - exp_torch_topics_d128_least_confident_i2000_b20_q100_sf512_2 - INFO - finish step #32 for 8.305840015411377 sec
2020-03-25 17:26:06,191 - exp_torch_topics_d128_least_confident_i2000_b20_q100_sf512_2 - INFO - current val_accuracy: 0.46440029433406915
2020-03-25 17:26:06,191 - exp_torch_topics_d128_least_confident_i2000_b20_q100_sf512_2 - INFO - start step #33
2020-03-25 17:26:11,810 - exp_torch_topics_d128_least_confident_i2000_b20_q100_sf512_2 - INFO - query idx: [88918 40348 90636 90951 82309 45468 47102 19915 98490 90259 72656 46591
 60115 93811  7253 14832 28310 37446 98263 19819]
2020-03-25 17:26:14,421 - exp_torch_topics_d128_least_confident_i2000_b20_q100_sf512_2 - INFO - finish step #33 for 8.22996997833252 sec
2020-03-25 17:26:14,421 - exp_torch_topics_d128_least_confident_i2000_b20_q100_sf512_2 - INFO - current val_accuracy: 0.4669610007358352
2020-03-25 17:26:14,422 - exp_torch_topics_d128_least_confident_i2000_b20_q100_sf512_2 - INFO - start step #34
2020-03-25 17:26:20,268 - exp_torch_topics_d128_least_confident_i2000_b20_q100_sf512_2 - INFO - query idx: [26698 41918 79340 93038 61541 78753 71532 40025 68610 54869 93181 15418
 52083 32925 37570 70394 51328 35797  4401 66877]
2020-03-25 17:26:22,798 - exp_torch_topics_d128_least_confident_i2000_b20_q100_sf512_2 - INFO - finish step #34 for 8.376003742218018 sec
2020-03-25 17:26:22,798 - exp_torch_topics_d128_least_confident_i2000_b20_q100_sf512_2 - INFO - current val_accuracy: 0.46345842531272996
2020-03-25 17:26:22,798 - exp_torch_topics_d128_least_confident_i2000_b20_q100_sf512_2 - INFO - start step #35
2020-03-25 17:26:28,882 - exp_torch_topics_d128_least_confident_i2000_b20_q100_sf512_2 - INFO - query idx: [32656 75382 49965 76544 88575 34486  4868 47592 26269 88449 96364 95696
 96845 46985 11541  8986 19010 49403 52967 63586]
2020-03-25 17:26:31,420 - exp_torch_topics_d128_least_confident_i2000_b20_q100_sf512_2 - INFO - finish step #35 for 8.622118949890137 sec
2020-03-25 17:26:31,420 - exp_torch_topics_d128_least_confident_i2000_b20_q100_sf512_2 - INFO - current val_accuracy: 0.46334069168506253
2020-03-25 17:26:31,421 - exp_torch_topics_d128_least_confident_i2000_b20_q100_sf512_2 - INFO - start step #36
2020-03-25 17:26:37,188 - exp_torch_topics_d128_least_confident_i2000_b20_q100_sf512_2 - INFO - query idx: [52315 84755 27738 21068 85272 26143 89830  3495 23554 25930 48170 66598
 28773  4754 42399 64024  6472 50987 40309 12708]
2020-03-25 17:26:39,695 - exp_torch_topics_d128_least_confident_i2000_b20_q100_sf512_2 - INFO - finish step #36 for 8.2747220993042 sec
2020-03-25 17:26:39,696 - exp_torch_topics_d128_least_confident_i2000_b20_q100_sf512_2 - INFO - current val_accuracy: 0.46781456953642386
2020-03-25 17:26:39,696 - exp_torch_topics_d128_least_confident_i2000_b20_q100_sf512_2 - INFO - start step #37
2020-03-25 17:26:45,522 - exp_torch_topics_d128_least_confident_i2000_b20_q100_sf512_2 - INFO - query idx: [35280 97784 85985  7709 87005 72557 95711 44923 34675 97887 28574  9794
 16518 13417  4844 65901  1757 15712 54788 61003]
2020-03-25 17:26:48,078 - exp_torch_topics_d128_least_confident_i2000_b20_q100_sf512_2 - INFO - finish step #37 for 8.381754159927368 sec
2020-03-25 17:26:48,078 - exp_torch_topics_d128_least_confident_i2000_b20_q100_sf512_2 - INFO - current val_accuracy: 0.4670198675496689
2020-03-25 17:26:48,078 - exp_torch_topics_d128_least_confident_i2000_b20_q100_sf512_2 - INFO - start step #38
2020-03-25 17:26:53,935 - exp_torch_topics_d128_least_confident_i2000_b20_q100_sf512_2 - INFO - query idx: [15285 53334 55639 95597  3275 41662 50671 92600 87023 28348 29808 78711
 56656 98870 40764 44549 37713 48126 51778 85228]
2020-03-25 17:26:56,531 - exp_torch_topics_d128_least_confident_i2000_b20_q100_sf512_2 - INFO - finish step #38 for 8.45275592803955 sec
2020-03-25 17:26:56,531 - exp_torch_topics_d128_least_confident_i2000_b20_q100_sf512_2 - INFO - current val_accuracy: 0.4697277409860191
2020-03-25 17:26:56,531 - exp_torch_topics_d128_least_confident_i2000_b20_q100_sf512_2 - INFO - start step #39
2020-03-25 17:27:02,187 - exp_torch_topics_d128_least_confident_i2000_b20_q100_sf512_2 - INFO - query idx: [76469 48660 31837 33458 94972 78282 91011  9084 23556 47741 22996   318
 38721 76326 59888 33573 47677 93867 28640 97574]
2020-03-25 17:27:04,923 - exp_torch_topics_d128_least_confident_i2000_b20_q100_sf512_2 - INFO - finish step #39 for 8.391402006149292 sec
2020-03-25 17:27:04,923 - exp_torch_topics_d128_least_confident_i2000_b20_q100_sf512_2 - INFO - current val_accuracy: 0.4632818248712288
2020-03-25 17:27:04,923 - exp_torch_topics_d128_least_confident_i2000_b20_q100_sf512_2 - INFO - start step #40
2020-03-25 17:27:10,750 - exp_torch_topics_d128_least_confident_i2000_b20_q100_sf512_2 - INFO - query idx: [56962 32725 44901 63440 36167 26900 88889 89902 80929 72785 31936 44871
 57987 27183 95944 63744 77812 94795 85012 77657]
2020-03-25 17:27:13,346 - exp_torch_topics_d128_least_confident_i2000_b20_q100_sf512_2 - INFO - finish step #40 for 8.422682046890259 sec
2020-03-25 17:27:13,346 - exp_torch_topics_d128_least_confident_i2000_b20_q100_sf512_2 - INFO - current val_accuracy: 0.4665783664459161
2020-03-25 17:27:13,346 - exp_torch_topics_d128_least_confident_i2000_b20_q100_sf512_2 - INFO - start step #41
2020-03-25 17:27:19,028 - exp_torch_topics_d128_least_confident_i2000_b20_q100_sf512_2 - INFO - query idx: [94466 60247 34777 98313 81867 41186 90919  1449 38819 84893 63098 40134
 45857 96687 66981 91516 49491 73611 38758 62737]
2020-03-25 17:27:21,552 - exp_torch_topics_d128_least_confident_i2000_b20_q100_sf512_2 - INFO - finish step #41 for 8.205573797225952 sec
2020-03-25 17:27:21,552 - exp_torch_topics_d128_least_confident_i2000_b20_q100_sf512_2 - INFO - current val_accuracy: 0.46913907284768214
2020-03-25 17:27:21,552 - exp_torch_topics_d128_least_confident_i2000_b20_q100_sf512_2 - INFO - start step #42
2020-03-25 17:27:27,306 - exp_torch_topics_d128_least_confident_i2000_b20_q100_sf512_2 - INFO - query idx: [60574 12130 32871 65388 87511 84668 10570 36704 66422 79362 88319 96524
 93299 70492 75746 24746 84134 20239 87235 97200]
2020-03-25 17:27:29,824 - exp_torch_topics_d128_least_confident_i2000_b20_q100_sf512_2 - INFO - finish step #42 for 8.271786212921143 sec
2020-03-25 17:27:29,824 - exp_torch_topics_d128_least_confident_i2000_b20_q100_sf512_2 - INFO - current val_accuracy: 0.4726710816777042
2020-03-25 17:27:29,825 - exp_torch_topics_d128_least_confident_i2000_b20_q100_sf512_2 - INFO - start step #43
2020-03-25 17:27:35,477 - exp_torch_topics_d128_least_confident_i2000_b20_q100_sf512_2 - INFO - query idx: [59424 41662 22135 52173 31670  6050 77170 76372 41690 42144  7184 14479
 21047 90013 57846 44635 26712 86475  7483 64348]
2020-03-25 17:27:38,154 - exp_torch_topics_d128_least_confident_i2000_b20_q100_sf512_2 - INFO - finish step #43 for 8.329693078994751 sec
2020-03-25 17:27:38,154 - exp_torch_topics_d128_least_confident_i2000_b20_q100_sf512_2 - INFO - current val_accuracy: 0.47196467991169977
2020-03-25 17:27:38,155 - exp_torch_topics_d128_least_confident_i2000_b20_q100_sf512_2 - INFO - start step #44
2020-03-25 17:27:43,845 - exp_torch_topics_d128_least_confident_i2000_b20_q100_sf512_2 - INFO - query idx: [13941 90919 72386 86146 15176 77434 60331 10601 14774 47238 74418 51417
 33073 32808 10423 49732 39038 42061 33477 81637]
2020-03-25 17:27:46,448 - exp_torch_topics_d128_least_confident_i2000_b20_q100_sf512_2 - INFO - finish step #44 for 8.293248891830444 sec
2020-03-25 17:27:46,448 - exp_torch_topics_d128_least_confident_i2000_b20_q100_sf512_2 - INFO - current val_accuracy: 0.4736718175128771
2020-03-25 17:27:46,448 - exp_torch_topics_d128_least_confident_i2000_b20_q100_sf512_2 - INFO - start step #45
2020-03-25 17:27:52,243 - exp_torch_topics_d128_least_confident_i2000_b20_q100_sf512_2 - INFO - query idx: [47366  5079 35069 92621 28528 56808 35769 37290 28753 35350 41974 38363
 95412 95873 57359  2142 70171 25491 80731 46199]
2020-03-25 17:27:54,839 - exp_torch_topics_d128_least_confident_i2000_b20_q100_sf512_2 - INFO - finish step #45 for 8.39033317565918 sec
2020-03-25 17:27:54,839 - exp_torch_topics_d128_least_confident_i2000_b20_q100_sf512_2 - INFO - current val_accuracy: 0.47275938189845473
2020-03-25 17:27:54,839 - exp_torch_topics_d128_least_confident_i2000_b20_q100_sf512_2 - INFO - start step #46
2020-03-25 17:28:00,930 - exp_torch_topics_d128_least_confident_i2000_b20_q100_sf512_2 - INFO - query idx: [17232 56803 93340 25523 11880 30401 43381 88079 92306 44111 58992 22704
 68124 65964 79216 49401 67887 35473 64436 39760]
2020-03-25 17:28:03,539 - exp_torch_topics_d128_least_confident_i2000_b20_q100_sf512_2 - INFO - finish step #46 for 8.699451923370361 sec
2020-03-25 17:28:03,539 - exp_torch_topics_d128_least_confident_i2000_b20_q100_sf512_2 - INFO - current val_accuracy: 0.47205298013245034
2020-03-25 17:28:03,539 - exp_torch_topics_d128_least_confident_i2000_b20_q100_sf512_2 - INFO - start step #47
2020-03-25 17:28:09,259 - exp_torch_topics_d128_least_confident_i2000_b20_q100_sf512_2 - INFO - query idx: [66717 63621 26957  4222 55846 83412 30763 13074 77551 37469 15794 59995
  4380 51940 34623 45645 69967 65584  5843 51645]
2020-03-25 17:28:11,761 - exp_torch_topics_d128_least_confident_i2000_b20_q100_sf512_2 - INFO - finish step #47 for 8.22218108177185 sec
2020-03-25 17:28:11,761 - exp_torch_topics_d128_least_confident_i2000_b20_q100_sf512_2 - INFO - current val_accuracy: 0.47358351729212655
2020-03-25 17:28:11,762 - exp_torch_topics_d128_least_confident_i2000_b20_q100_sf512_2 - INFO - start step #48
2020-03-25 17:28:17,368 - exp_torch_topics_d128_least_confident_i2000_b20_q100_sf512_2 - INFO - query idx: [70787 34360 10450 31020 79648 42280 35312 42696 80827 27621  1014 73807
 64353 66953 64795 92250 86091 30373 47755 58880]
2020-03-25 17:28:19,974 - exp_torch_topics_d128_least_confident_i2000_b20_q100_sf512_2 - INFO - finish step #48 for 8.211765050888062 sec
2020-03-25 17:28:19,974 - exp_torch_topics_d128_least_confident_i2000_b20_q100_sf512_2 - INFO - current val_accuracy: 0.4712288447387785
2020-03-25 17:28:19,974 - exp_torch_topics_d128_least_confident_i2000_b20_q100_sf512_2 - INFO - start step #49
2020-03-25 17:28:25,620 - exp_torch_topics_d128_least_confident_i2000_b20_q100_sf512_2 - INFO - query idx: [96556 55575 81608 49566 70020  1637  9645  9758 24748 46945 28808 56101
 66803 96981 77494 73034 83162 42386 16100 42436]
2020-03-25 17:28:28,170 - exp_torch_topics_d128_least_confident_i2000_b20_q100_sf512_2 - INFO - finish step #49 for 8.195640087127686 sec
2020-03-25 17:28:28,170 - exp_torch_topics_d128_least_confident_i2000_b20_q100_sf512_2 - INFO - current val_accuracy: 0.47420161883738043
2020-03-25 17:28:28,170 - exp_torch_topics_d128_least_confident_i2000_b20_q100_sf512_2 - INFO - start step #50
2020-03-25 17:28:33,761 - exp_torch_topics_d128_least_confident_i2000_b20_q100_sf512_2 - INFO - query idx: [14773 83258  3282 59264  1423 94226  6563 54375 58570 66050 65424 15267
 72058 53433 90548  9435 51763 41551 91016  4637]
2020-03-25 17:28:36,471 - exp_torch_topics_d128_least_confident_i2000_b20_q100_sf512_2 - INFO - finish step #50 for 8.30061388015747 sec
2020-03-25 17:28:36,471 - exp_torch_topics_d128_least_confident_i2000_b20_q100_sf512_2 - INFO - current val_accuracy: 0.46875643855776306
2020-03-25 17:28:36,471 - exp_torch_topics_d128_least_confident_i2000_b20_q100_sf512_2 - INFO - start step #51
2020-03-25 17:28:42,532 - exp_torch_topics_d128_least_confident_i2000_b20_q100_sf512_2 - INFO - query idx: [29598 59619 45571 23986 34579 85675 43878 53797 13120 54284  4462 46512
 17421 49979 10168 57343 65194 19739 51287 59084]
2020-03-25 17:28:45,206 - exp_torch_topics_d128_least_confident_i2000_b20_q100_sf512_2 - INFO - finish step #51 for 8.735356092453003 sec
2020-03-25 17:28:45,207 - exp_torch_topics_d128_least_confident_i2000_b20_q100_sf512_2 - INFO - current val_accuracy: 0.4693156732891832
2020-03-25 17:28:45,207 - exp_torch_topics_d128_least_confident_i2000_b20_q100_sf512_2 - INFO - start step #52
2020-03-25 17:28:51,116 - exp_torch_topics_d128_least_confident_i2000_b20_q100_sf512_2 - INFO - query idx: [39844 24219 73599 52562 30342 14952 88729 33123 30439  4723  5546 25721
 97389 33916 25609 88053 98808 44394   927 27014]
2020-03-25 17:28:53,728 - exp_torch_topics_d128_least_confident_i2000_b20_q100_sf512_2 - INFO - finish step #52 for 8.520884037017822 sec
2020-03-25 17:28:53,728 - exp_torch_topics_d128_least_confident_i2000_b20_q100_sf512_2 - INFO - current val_accuracy: 0.4728476821192053
2020-03-25 17:28:53,728 - exp_torch_topics_d128_least_confident_i2000_b20_q100_sf512_2 - INFO - start step #53
2020-03-25 17:28:59,426 - exp_torch_topics_d128_least_confident_i2000_b20_q100_sf512_2 - INFO - query idx: [42787 21444 29203 20599 59463 40827  2288 43579 59738 46499 96892 60932
 82791 46229 20007 51012  9793 81940  4916  4646]
2020-03-25 17:29:02,038 - exp_torch_topics_d128_least_confident_i2000_b20_q100_sf512_2 - INFO - finish step #53 for 8.310031175613403 sec
2020-03-25 17:29:02,039 - exp_torch_topics_d128_least_confident_i2000_b20_q100_sf512_2 - INFO - current val_accuracy: 0.47084621044885944
2020-03-25 17:29:02,039 - exp_torch_topics_d128_least_confident_i2000_b20_q100_sf512_2 - INFO - start step #54
2020-03-25 17:29:07,959 - exp_torch_topics_d128_least_confident_i2000_b20_q100_sf512_2 - INFO - query idx: [30270 22527 30975 56677  6810 86186 15183 79927  9252 29394 39654 43528
  3786 67082  8273 42209   493  6737 40389 82972]
2020-03-25 17:29:10,534 - exp_torch_topics_d128_least_confident_i2000_b20_q100_sf512_2 - INFO - finish step #54 for 8.494848012924194 sec
2020-03-25 17:29:10,534 - exp_torch_topics_d128_least_confident_i2000_b20_q100_sf512_2 - INFO - current val_accuracy: 0.47220014716703457
2020-03-25 17:29:10,534 - exp_torch_topics_d128_least_confident_i2000_b20_q100_sf512_2 - INFO - start step #55
2020-03-25 17:29:16,262 - exp_torch_topics_d128_least_confident_i2000_b20_q100_sf512_2 - INFO - query idx: [66802 48741 17117 28565 80586 93460 13918  8778 95592  2263 51901 69703
 80572 30101 67473 98545 62704 10136 45092 14085]
2020-03-25 17:29:18,746 - exp_torch_topics_d128_least_confident_i2000_b20_q100_sf512_2 - INFO - finish step #55 for 8.211650848388672 sec
2020-03-25 17:29:18,746 - exp_torch_topics_d128_least_confident_i2000_b20_q100_sf512_2 - INFO - current val_accuracy: 0.47072847682119207
2020-03-25 17:29:18,746 - exp_torch_topics_d128_least_confident_i2000_b20_q100_sf512_2 - INFO - start step #56
2020-03-25 17:29:24,423 - exp_torch_topics_d128_least_confident_i2000_b20_q100_sf512_2 - INFO - query idx: [  758 63841 60126 66165 67401 67556 20708 49460 57560 64676 46478 43206
 15319 49186 25863 57194 18331 66884 53885 18065]
2020-03-25 17:29:27,093 - exp_torch_topics_d128_least_confident_i2000_b20_q100_sf512_2 - INFO - finish step #56 for 8.346869945526123 sec
2020-03-25 17:29:27,093 - exp_torch_topics_d128_least_confident_i2000_b20_q100_sf512_2 - INFO - current val_accuracy: 0.47128771155261223
2020-03-25 17:29:27,094 - exp_torch_topics_d128_least_confident_i2000_b20_q100_sf512_2 - INFO - start step #57
2020-03-25 17:29:32,841 - exp_torch_topics_d128_least_confident_i2000_b20_q100_sf512_2 - INFO - query idx: [46019 40445  7405 26543 16740 11091 21872 24727 33860 64961 19646 24607
 61271 81176 28376 52424 60886 14933 95668  9400]
2020-03-25 17:29:35,974 - exp_torch_topics_d128_least_confident_i2000_b20_q100_sf512_2 - INFO - finish step #57 for 8.880713939666748 sec
2020-03-25 17:29:35,976 - exp_torch_topics_d128_least_confident_i2000_b20_q100_sf512_2 - INFO - current val_accuracy: 0.4737895511405445
2020-03-25 17:29:35,976 - exp_torch_topics_d128_least_confident_i2000_b20_q100_sf512_2 - INFO - start step #58
2020-03-25 17:29:41,770 - exp_torch_topics_d128_least_confident_i2000_b20_q100_sf512_2 - INFO - query idx: [38397 64606 13581 39487 66387  3961 46101 46847 58627 51873 20403 62643
  4685  6458 89909 26093 79969 76368 93731 89362]
2020-03-25 17:29:44,696 - exp_torch_topics_d128_least_confident_i2000_b20_q100_sf512_2 - INFO - finish step #58 for 8.719799995422363 sec
2020-03-25 17:29:44,696 - exp_torch_topics_d128_least_confident_i2000_b20_q100_sf512_2 - INFO - current val_accuracy: 0.4749374540103017
2020-03-25 17:29:44,697 - exp_torch_topics_d128_least_confident_i2000_b20_q100_sf512_2 - INFO - start step #59
2020-03-25 17:29:50,473 - exp_torch_topics_d128_least_confident_i2000_b20_q100_sf512_2 - INFO - query idx: [91488 78595 19238 24217 38791 36215 22534 33005 88228 29194 14259  8543
 41879 34376 87888 26160 81324 22504 69282 43450]
2020-03-25 17:29:53,285 - exp_torch_topics_d128_least_confident_i2000_b20_q100_sf512_2 - INFO - finish step #59 for 8.58800721168518 sec
2020-03-25 17:29:53,286 - exp_torch_topics_d128_least_confident_i2000_b20_q100_sf512_2 - INFO - current val_accuracy: 0.4696394407652686
2020-03-25 17:29:53,286 - exp_torch_topics_d128_least_confident_i2000_b20_q100_sf512_2 - INFO - start step #60
2020-03-25 17:30:00,500 - exp_torch_topics_d128_least_confident_i2000_b20_q100_sf512_2 - INFO - query idx: [65722 91102 51830 92505 11731 58337 67838 82873 63804 10586 98596  4734
 55521 92721 57027 67288 74602 75711 62235 82244]
2020-03-25 17:30:04,308 - exp_torch_topics_d128_least_confident_i2000_b20_q100_sf512_2 - INFO - finish step #60 for 11.02226710319519 sec
2020-03-25 17:30:04,309 - exp_torch_topics_d128_least_confident_i2000_b20_q100_sf512_2 - INFO - current val_accuracy: 0.47770419426048566
2020-03-25 17:30:04,310 - exp_torch_topics_d128_least_confident_i2000_b20_q100_sf512_2 - INFO - start step #61
2020-03-25 17:30:09,994 - exp_torch_topics_d128_least_confident_i2000_b20_q100_sf512_2 - INFO - query idx: [26127 32993 57098 27872 72786 37067 18777 54975 37986 30643 74212 53959
 29187 44631 44127 22621 71389 31764 89805 38202]
2020-03-25 17:30:12,617 - exp_torch_topics_d128_least_confident_i2000_b20_q100_sf512_2 - INFO - finish step #61 for 8.307072877883911 sec
2020-03-25 17:30:12,618 - exp_torch_topics_d128_least_confident_i2000_b20_q100_sf512_2 - INFO - current val_accuracy: 0.47275938189845473
2020-03-25 17:30:12,618 - exp_torch_topics_d128_least_confident_i2000_b20_q100_sf512_2 - INFO - start step #62
2020-03-25 17:30:18,161 - exp_torch_topics_d128_least_confident_i2000_b20_q100_sf512_2 - INFO - query idx: [66336 62677 54561 18482 15082 87859  3655 86792  9254 96366  6237 34900
 10165 41882  1752 25387 14429 67875 34236 63445]
2020-03-25 17:30:20,862 - exp_torch_topics_d128_least_confident_i2000_b20_q100_sf512_2 - INFO - finish step #62 for 8.243916988372803 sec
2020-03-25 17:30:20,862 - exp_torch_topics_d128_least_confident_i2000_b20_q100_sf512_2 - INFO - current val_accuracy: 0.4764679911699779
2020-03-25 17:30:20,862 - exp_torch_topics_d128_least_confident_i2000_b20_q100_sf512_2 - INFO - start step #63
2020-03-25 17:30:26,484 - exp_torch_topics_d128_least_confident_i2000_b20_q100_sf512_2 - INFO - query idx: [89284 97721 61048 69476 88750 71697 79753  4863 39797 87934 62858 45805
 56497 26841 93733 11901 75063 33596 56143 28385]
2020-03-25 17:30:29,197 - exp_torch_topics_d128_least_confident_i2000_b20_q100_sf512_2 - INFO - finish step #63 for 8.334366083145142 sec
2020-03-25 17:30:29,197 - exp_torch_topics_d128_least_confident_i2000_b20_q100_sf512_2 - INFO - current val_accuracy: 0.4674319352465048
2020-03-25 17:30:29,197 - exp_torch_topics_d128_least_confident_i2000_b20_q100_sf512_2 - INFO - start step #64
2020-03-25 17:30:34,790 - exp_torch_topics_d128_least_confident_i2000_b20_q100_sf512_2 - INFO - query idx: [28368 80968 36274 72914 93181 89780 23730 98461 83182 55553 32151 32868
 74984  1822 72753 95828 72838 92855 35022 41081]
2020-03-25 17:30:37,563 - exp_torch_topics_d128_least_confident_i2000_b20_q100_sf512_2 - INFO - finish step #64 for 8.366093873977661 sec
2020-03-25 17:30:37,564 - exp_torch_topics_d128_least_confident_i2000_b20_q100_sf512_2 - INFO - current val_accuracy: 0.4727299484915379
2020-03-25 17:30:37,564 - exp_torch_topics_d128_least_confident_i2000_b20_q100_sf512_2 - INFO - start step #65
2020-03-25 17:30:43,787 - exp_torch_topics_d128_least_confident_i2000_b20_q100_sf512_2 - INFO - query idx: [51192 95690 68989  6103 39299 18030 41191 23249 72598 86624 95237 61272
 36365 87351 89532 38659 76928 30604 10824 83096]
2020-03-25 17:30:46,670 - exp_torch_topics_d128_least_confident_i2000_b20_q100_sf512_2 - INFO - finish step #65 for 9.105638980865479 sec
2020-03-25 17:30:46,670 - exp_torch_topics_d128_least_confident_i2000_b20_q100_sf512_2 - INFO - current val_accuracy: 0.47670345842531275
2020-03-25 17:30:46,670 - exp_torch_topics_d128_least_confident_i2000_b20_q100_sf512_2 - INFO - start step #66
2020-03-25 17:30:52,732 - exp_torch_topics_d128_least_confident_i2000_b20_q100_sf512_2 - INFO - query idx: [75685 41108 61778 86349 29598 84172 69244 38677 55197 80389 38779 60160
 54535 52297 25283 61265 51085 35289 34286  4106]
2020-03-25 17:30:55,465 - exp_torch_topics_d128_least_confident_i2000_b20_q100_sf512_2 - INFO - finish step #66 for 8.795173168182373 sec
2020-03-25 17:30:55,465 - exp_torch_topics_d128_least_confident_i2000_b20_q100_sf512_2 - INFO - current val_accuracy: 0.47579102281089036
2020-03-25 17:30:55,466 - exp_torch_topics_d128_least_confident_i2000_b20_q100_sf512_2 - INFO - start step #67
2020-03-25 17:31:01,137 - exp_torch_topics_d128_least_confident_i2000_b20_q100_sf512_2 - INFO - query idx: [78256 88030 74074  2120 40507 35248 27526 95052 87337 64040 44191 30519
 92435 10739 60886 61465 53407  2605 64457 25561]
2020-03-25 17:31:03,753 - exp_torch_topics_d128_least_confident_i2000_b20_q100_sf512_2 - INFO - finish step #67 for 8.28772497177124 sec
2020-03-25 17:31:03,754 - exp_torch_topics_d128_least_confident_i2000_b20_q100_sf512_2 - INFO - current val_accuracy: 0.4765268579838116
2020-03-25 17:31:03,754 - exp_torch_topics_d128_least_confident_i2000_b20_q100_sf512_2 - INFO - start step #68
2020-03-25 17:31:09,716 - exp_torch_topics_d128_least_confident_i2000_b20_q100_sf512_2 - INFO - query idx: [46162 30110 49494 45575 58572 85900 79847 47620 69129 73469 22077 44566
 12741 54392 93891 66936 81036 67297 42720 63483]
2020-03-25 17:31:12,397 - exp_torch_topics_d128_least_confident_i2000_b20_q100_sf512_2 - INFO - finish step #68 for 8.64352798461914 sec
2020-03-25 17:31:12,398 - exp_torch_topics_d128_least_confident_i2000_b20_q100_sf512_2 - INFO - current val_accuracy: 0.47649742457689476
2020-03-25 17:31:12,398 - exp_torch_topics_d128_least_confident_i2000_b20_q100_sf512_2 - INFO - start step #69
2020-03-25 17:31:18,098 - exp_torch_topics_d128_least_confident_i2000_b20_q100_sf512_2 - INFO - query idx: [89573 84799 63895 29266 47021 77899 72216 80078 92199 89015 35014 32094
 19445 16046 17048 50417 85043 59041 23809 94438]
2020-03-25 17:31:20,763 - exp_torch_topics_d128_least_confident_i2000_b20_q100_sf512_2 - INFO - finish step #69 for 8.364727020263672 sec
2020-03-25 17:31:20,763 - exp_torch_topics_d128_least_confident_i2000_b20_q100_sf512_2 - INFO - current val_accuracy: 0.4781456953642384
2020-03-25 17:31:20,763 - exp_torch_topics_d128_least_confident_i2000_b20_q100_sf512_2 - INFO - start step #70
2020-03-25 17:31:26,378 - exp_torch_topics_d128_least_confident_i2000_b20_q100_sf512_2 - INFO - query idx: [ 3445 35937  4482 77132 55816  3074 86514 69003 54452 32718 79168 11689
 94315 76162 26798 63299 35914 49787 92040 49133]
2020-03-25 17:31:29,049 - exp_torch_topics_d128_least_confident_i2000_b20_q100_sf512_2 - INFO - finish step #70 for 8.286296129226685 sec
2020-03-25 17:31:29,050 - exp_torch_topics_d128_least_confident_i2000_b20_q100_sf512_2 - INFO - current val_accuracy: 0.47449595290654895
2020-03-25 17:31:29,050 - exp_torch_topics_d128_least_confident_i2000_b20_q100_sf512_2 - INFO - start step #71
2020-03-25 17:31:34,642 - exp_torch_topics_d128_least_confident_i2000_b20_q100_sf512_2 - INFO - query idx: [21228 60305 43598 24576  9512 25679 86937 25631 21755 41821 38474 14585
 10596 73424 56111 65862 16054 90778 76674 65085]
2020-03-25 17:31:37,384 - exp_torch_topics_d128_least_confident_i2000_b20_q100_sf512_2 - INFO - finish step #71 for 8.33379316329956 sec
2020-03-25 17:31:37,384 - exp_torch_topics_d128_least_confident_i2000_b20_q100_sf512_2 - INFO - current val_accuracy: 0.47587932303164093
2020-03-25 17:31:37,384 - exp_torch_topics_d128_least_confident_i2000_b20_q100_sf512_2 - INFO - start step #72
2020-03-25 17:31:43,073 - exp_torch_topics_d128_least_confident_i2000_b20_q100_sf512_2 - INFO - query idx: [78112 48420 66867   701 18913 34890 45126 30876 86478 87495 12375 88586
 73359  6343 61916 48032 23799 11199 93544 11592]
2020-03-25 17:31:45,736 - exp_torch_topics_d128_least_confident_i2000_b20_q100_sf512_2 - INFO - finish step #72 for 8.351540327072144 sec
2020-03-25 17:31:45,736 - exp_torch_topics_d128_least_confident_i2000_b20_q100_sf512_2 - INFO - current val_accuracy: 0.48014716703458427
2020-03-25 17:31:45,737 - exp_torch_topics_d128_least_confident_i2000_b20_q100_sf512_2 - INFO - start step #73
2020-03-25 17:31:51,676 - exp_torch_topics_d128_least_confident_i2000_b20_q100_sf512_2 - INFO - query idx: [68736 13451   361 70045 98231 67595 84830  6100 89310 42992 79567 67084
 72696 79999 68287 28506 56904 49821 14624 39521]
2020-03-25 17:31:54,285 - exp_torch_topics_d128_least_confident_i2000_b20_q100_sf512_2 - INFO - finish step #73 for 8.548681020736694 sec
2020-03-25 17:31:54,286 - exp_torch_topics_d128_least_confident_i2000_b20_q100_sf512_2 - INFO - current val_accuracy: 0.47640912435614424
2020-03-25 17:31:54,286 - exp_torch_topics_d128_least_confident_i2000_b20_q100_sf512_2 - INFO - start step #74
2020-03-25 17:31:59,924 - exp_torch_topics_d128_least_confident_i2000_b20_q100_sf512_2 - INFO - query idx: [41472  3670  2320 18847 49842 40430 56568 97256 67819 76331 76505 63234
 78380 19504 79570    30 69025 75055 40991 98023]
2020-03-25 17:32:02,596 - exp_torch_topics_d128_least_confident_i2000_b20_q100_sf512_2 - INFO - finish step #74 for 8.31000280380249 sec
2020-03-25 17:32:02,596 - exp_torch_topics_d128_least_confident_i2000_b20_q100_sf512_2 - INFO - current val_accuracy: 0.47473142016188374
2020-03-25 17:32:02,596 - exp_torch_topics_d128_least_confident_i2000_b20_q100_sf512_2 - INFO - start step #75
2020-03-25 17:32:08,179 - exp_torch_topics_d128_least_confident_i2000_b20_q100_sf512_2 - INFO - query idx: [74081  5525 85757 43424 16323 82088 19704 54146 94564 89381 32640 28513
 32504 35256 47159 90665 16327 95967 68160 61812]
2020-03-25 17:32:10,913 - exp_torch_topics_d128_least_confident_i2000_b20_q100_sf512_2 - INFO - finish step #75 for 8.317145109176636 sec
2020-03-25 17:32:10,914 - exp_torch_topics_d128_least_confident_i2000_b20_q100_sf512_2 - INFO - current val_accuracy: 0.47879323031640914
2020-03-25 17:32:10,914 - exp_torch_topics_d128_least_confident_i2000_b20_q100_sf512_2 - INFO - start step #76
2020-03-25 17:32:16,602 - exp_torch_topics_d128_least_confident_i2000_b20_q100_sf512_2 - INFO - query idx: [83230 47462 75846 61404 59682 69664 90220 95113 60881 73968 60354 15820
  4347 93731 13795 38560  8896 74967  6061 68541]
2020-03-25 17:32:19,361 - exp_torch_topics_d128_least_confident_i2000_b20_q100_sf512_2 - INFO - finish step #76 for 8.447498083114624 sec
2020-03-25 17:32:19,361 - exp_torch_topics_d128_least_confident_i2000_b20_q100_sf512_2 - INFO - current val_accuracy: 0.47587932303164093
2020-03-25 17:32:19,362 - exp_torch_topics_d128_least_confident_i2000_b20_q100_sf512_2 - INFO - start step #77
2020-03-25 17:32:24,960 - exp_torch_topics_d128_least_confident_i2000_b20_q100_sf512_2 - INFO - query idx: [59941 27980 65807 51315 96928 61101 93381 12237 13330  2429 89461 45962
 19357  2704 79222 89016 22812 10697 22652 67242]
2020-03-25 17:32:27,702 - exp_torch_topics_d128_least_confident_i2000_b20_q100_sf512_2 - INFO - finish step #77 for 8.339782238006592 sec
2020-03-25 17:32:27,702 - exp_torch_topics_d128_least_confident_i2000_b20_q100_sf512_2 - INFO - current val_accuracy: 0.47411331861662986
2020-03-25 17:32:27,702 - exp_torch_topics_d128_least_confident_i2000_b20_q100_sf512_2 - INFO - start step #78
2020-03-25 17:32:33,338 - exp_torch_topics_d128_least_confident_i2000_b20_q100_sf512_2 - INFO - query idx: [45607 25017 72191 92577 13850 92752 18896  4139 17612  6268 89387 32769
 70245  4564  5683 50877 73770 55906 61504 68215]
2020-03-25 17:32:36,092 - exp_torch_topics_d128_least_confident_i2000_b20_q100_sf512_2 - INFO - finish step #78 for 8.390027046203613 sec
2020-03-25 17:32:36,092 - exp_torch_topics_d128_least_confident_i2000_b20_q100_sf512_2 - INFO - current val_accuracy: 0.4775570272259014
2020-03-25 17:32:36,092 - exp_torch_topics_d128_least_confident_i2000_b20_q100_sf512_2 - INFO - start step #79
2020-03-25 17:32:41,920 - exp_torch_topics_d128_least_confident_i2000_b20_q100_sf512_2 - INFO - query idx: [69331  1784 58056 80922 11718 34120 15950 13118 69608 44783 91491 62671
 25072 74253 73714 68704 13418 72351 72472 76775]
2020-03-25 17:32:44,637 - exp_torch_topics_d128_least_confident_i2000_b20_q100_sf512_2 - INFO - finish step #79 for 8.544457912445068 sec
2020-03-25 17:32:44,637 - exp_torch_topics_d128_least_confident_i2000_b20_q100_sf512_2 - INFO - current val_accuracy: 0.4797350993377483
2020-03-25 17:32:44,637 - exp_torch_topics_d128_least_confident_i2000_b20_q100_sf512_2 - INFO - start step #80
2020-03-25 17:32:50,250 - exp_torch_topics_d128_least_confident_i2000_b20_q100_sf512_2 - INFO - query idx: [ 4551 95728  8422 52487  2897 74154  2588 26111 60467  4305 17922 11305
 18028 62591 15934 85490 42510 58984 47567 90481]
2020-03-25 17:32:52,968 - exp_torch_topics_d128_least_confident_i2000_b20_q100_sf512_2 - INFO - finish step #80 for 8.330851793289185 sec
2020-03-25 17:32:52,968 - exp_torch_topics_d128_least_confident_i2000_b20_q100_sf512_2 - INFO - current val_accuracy: 0.47688005886681384
2020-03-25 17:32:52,969 - exp_torch_topics_d128_least_confident_i2000_b20_q100_sf512_2 - INFO - start step #81
2020-03-25 17:32:58,665 - exp_torch_topics_d128_least_confident_i2000_b20_q100_sf512_2 - INFO - query idx: [57858 85378 59886 89094  2780 45296 29845 70945 27887 23362 12238 45016
 78591  8506 63341 23998 15379 61359 14106 68502]
2020-03-25 17:33:01,319 - exp_torch_topics_d128_least_confident_i2000_b20_q100_sf512_2 - INFO - finish step #81 for 8.350019693374634 sec
2020-03-25 17:33:01,319 - exp_torch_topics_d128_least_confident_i2000_b20_q100_sf512_2 - INFO - current val_accuracy: 0.47835172921265634
2020-03-25 17:33:01,319 - exp_torch_topics_d128_least_confident_i2000_b20_q100_sf512_2 - INFO - start step #82
2020-03-25 17:33:07,020 - exp_torch_topics_d128_least_confident_i2000_b20_q100_sf512_2 - INFO - query idx: [97005 54415 73958 96820 26786 41272 42344 81391 44100 30741 23769 13108
 94653 19752 87008 14056 54859 60207 94372 27315]
2020-03-25 17:33:09,732 - exp_torch_topics_d128_least_confident_i2000_b20_q100_sf512_2 - INFO - finish step #82 for 8.41264009475708 sec
2020-03-25 17:33:09,732 - exp_torch_topics_d128_least_confident_i2000_b20_q100_sf512_2 - INFO - current val_accuracy: 0.481972038263429
2020-03-25 17:33:09,732 - exp_torch_topics_d128_least_confident_i2000_b20_q100_sf512_2 - INFO - start step #83
2020-03-25 17:33:15,430 - exp_torch_topics_d128_least_confident_i2000_b20_q100_sf512_2 - INFO - query idx: [89945 53497 85693 77688 56386 77726 41880 29399 24535 42313 82705 42715
 60928 79790  8389 70905 54146 82009 39108 37956]
2020-03-25 17:33:18,138 - exp_torch_topics_d128_least_confident_i2000_b20_q100_sf512_2 - INFO - finish step #83 for 8.405943870544434 sec
2020-03-25 17:33:18,138 - exp_torch_topics_d128_least_confident_i2000_b20_q100_sf512_2 - INFO - current val_accuracy: 0.47979396615158204
2020-03-25 17:33:18,139 - exp_torch_topics_d128_least_confident_i2000_b20_q100_sf512_2 - INFO - start step #84
2020-03-25 17:33:23,914 - exp_torch_topics_d128_least_confident_i2000_b20_q100_sf512_2 - INFO - query idx: [ 5966 49464 73138 85328 80123 36788 78689  4534 27831 18474 88679 65747
 11277  3345 55887  8313 92498 33444 11247 39757]
2020-03-25 17:33:26,679 - exp_torch_topics_d128_least_confident_i2000_b20_q100_sf512_2 - INFO - finish step #84 for 8.540291786193848 sec
2020-03-25 17:33:26,679 - exp_torch_topics_d128_least_confident_i2000_b20_q100_sf512_2 - INFO - current val_accuracy: 0.48261957321559973
2020-03-25 17:33:26,679 - exp_torch_topics_d128_least_confident_i2000_b20_q100_sf512_2 - INFO - start step #85
2020-03-25 17:33:32,262 - exp_torch_topics_d128_least_confident_i2000_b20_q100_sf512_2 - INFO - query idx: [27065 86528 13734 66100 88137 82772 21430 53351 38639 92774 41104 22176
 93258 85129 15865 12861 84392 39145  1611 49854]
2020-03-25 17:33:35,056 - exp_torch_topics_d128_least_confident_i2000_b20_q100_sf512_2 - INFO - finish step #85 for 8.376503944396973 sec
2020-03-25 17:33:35,056 - exp_torch_topics_d128_least_confident_i2000_b20_q100_sf512_2 - INFO - current val_accuracy: 0.4797350993377483
2020-03-25 17:33:35,056 - exp_torch_topics_d128_least_confident_i2000_b20_q100_sf512_2 - INFO - start step #86
2020-03-25 17:33:40,644 - exp_torch_topics_d128_least_confident_i2000_b20_q100_sf512_2 - INFO - query idx: [56548 87845 63366 82094 11365 32548 76240 41799 20470 97010 87272 31332
 62962 11476   990 38888 57384 89067  2457 51032]
2020-03-25 17:33:43,339 - exp_torch_topics_d128_least_confident_i2000_b20_q100_sf512_2 - INFO - finish step #86 for 8.282039642333984 sec
2020-03-25 17:33:43,339 - exp_torch_topics_d128_least_confident_i2000_b20_q100_sf512_2 - INFO - current val_accuracy: 0.47740986019131715
2020-03-25 17:33:43,339 - exp_torch_topics_d128_least_confident_i2000_b20_q100_sf512_2 - INFO - start step #87
2020-03-25 17:33:49,019 - exp_torch_topics_d128_least_confident_i2000_b20_q100_sf512_2 - INFO - query idx: [55619   724 61750 77805 47227 64926 12122 66392 54347 83588 16228 50623
 54102 20795 84213 31837 55354 22333 40262 71203]
2020-03-25 17:33:51,700 - exp_torch_topics_d128_least_confident_i2000_b20_q100_sf512_2 - INFO - finish step #87 for 8.361193895339966 sec
2020-03-25 17:33:51,700 - exp_torch_topics_d128_least_confident_i2000_b20_q100_sf512_2 - INFO - current val_accuracy: 0.47949963208241353
2020-03-25 17:33:51,701 - exp_torch_topics_d128_least_confident_i2000_b20_q100_sf512_2 - INFO - start step #88
2020-03-25 17:33:57,345 - exp_torch_topics_d128_least_confident_i2000_b20_q100_sf512_2 - INFO - query idx: [96022 42142 83552 54556 47005 53670 68336 70547 39322 72276 85868  8827
 96688 77851 28968 48440  3312  8756 58271 97805]
2020-03-25 17:34:00,057 - exp_torch_topics_d128_least_confident_i2000_b20_q100_sf512_2 - INFO - finish step #88 for 8.356110095977783 sec
2020-03-25 17:34:00,057 - exp_torch_topics_d128_least_confident_i2000_b20_q100_sf512_2 - INFO - current val_accuracy: 0.4786754966887417
2020-03-25 17:34:00,057 - exp_torch_topics_d128_least_confident_i2000_b20_q100_sf512_2 - INFO - start step #89
2020-03-25 17:34:05,737 - exp_torch_topics_d128_least_confident_i2000_b20_q100_sf512_2 - INFO - query idx: [95713  1978 10913 18618 80791  9915   433 21048 97052 51599   750  4944
 20522 37840 48699 22186 50952 62011 56018 26051]
2020-03-25 17:34:08,541 - exp_torch_topics_d128_least_confident_i2000_b20_q100_sf512_2 - INFO - finish step #89 for 8.484040975570679 sec
2020-03-25 17:34:08,541 - exp_torch_topics_d128_least_confident_i2000_b20_q100_sf512_2 - INFO - current val_accuracy: 0.4797645327446652
2020-03-25 17:34:08,542 - exp_torch_topics_d128_least_confident_i2000_b20_q100_sf512_2 - INFO - start step #90
2020-03-25 17:34:14,167 - exp_torch_topics_d128_least_confident_i2000_b20_q100_sf512_2 - INFO - query idx: [81091 90299 40957 86371  8709 76706 41328   444  8037 36220 89096 55252
 58050 51140 38353 24291 15245 68193 52546 53375]
2020-03-25 17:34:17,023 - exp_torch_topics_d128_least_confident_i2000_b20_q100_sf512_2 - INFO - finish step #90 for 8.481321096420288 sec
2020-03-25 17:34:17,023 - exp_torch_topics_d128_least_confident_i2000_b20_q100_sf512_2 - INFO - current val_accuracy: 0.48217807211184693
2020-03-25 17:34:17,023 - exp_torch_topics_d128_least_confident_i2000_b20_q100_sf512_2 - INFO - start step #91
2020-03-25 17:34:22,603 - exp_torch_topics_d128_least_confident_i2000_b20_q100_sf512_2 - INFO - query idx: [44240 64686 55070 80039 78565 40508 92952  6584 73737 96927 73593 96918
 86854  7112 44714 44293 54989 77914 96920 93155]
2020-03-25 17:34:25,413 - exp_torch_topics_d128_least_confident_i2000_b20_q100_sf512_2 - INFO - finish step #91 for 8.388999938964844 sec
2020-03-25 17:34:25,413 - exp_torch_topics_d128_least_confident_i2000_b20_q100_sf512_2 - INFO - current val_accuracy: 0.481972038263429
2020-03-25 17:34:25,413 - exp_torch_topics_d128_least_confident_i2000_b20_q100_sf512_2 - INFO - start step #92
2020-03-25 17:34:31,017 - exp_torch_topics_d128_least_confident_i2000_b20_q100_sf512_2 - INFO - query idx: [94885 89741 93604 64903 14895 18923 44683 36130 59335 77115 11158 37675
 43851 93457 94030 78001 37535 75449 73625 82358]
2020-03-25 17:34:33,851 - exp_torch_topics_d128_least_confident_i2000_b20_q100_sf512_2 - INFO - finish step #92 for 8.43845510482788 sec
2020-03-25 17:34:33,936 - exp_torch_topics_d128_least_confident_i2000_b20_q100_sf512_2 - INFO - current val_accuracy: 0.4850036791758646
2020-03-25 17:34:33,937 - exp_torch_topics_d128_least_confident_i2000_b20_q100_sf512_2 - INFO - start step #93
2020-03-25 17:34:39,639 - exp_torch_topics_d128_least_confident_i2000_b20_q100_sf512_2 - INFO - query idx: [48694 71208 17357 16945 54374 42929 78864 95597 52228 55054 61845 87959
 80125 71817 94618 55438   605 68735 97088  3704]
2020-03-25 17:34:42,416 - exp_torch_topics_d128_least_confident_i2000_b20_q100_sf512_2 - INFO - finish step #93 for 8.476508855819702 sec
2020-03-25 17:34:42,417 - exp_torch_topics_d128_least_confident_i2000_b20_q100_sf512_2 - INFO - current val_accuracy: 0.48415011037527594
2020-03-25 17:34:42,418 - exp_torch_topics_d128_least_confident_i2000_b20_q100_sf512_2 - INFO - start step #94
2020-03-25 17:34:47,970 - exp_torch_topics_d128_least_confident_i2000_b20_q100_sf512_2 - INFO - query idx: [27919 53057 91676 38493 17108 15239 52294 33078 95429 77794 46984 70258
 82467 70901 49665 69188 11411 22235 38533 98061]
2020-03-25 17:34:50,780 - exp_torch_topics_d128_least_confident_i2000_b20_q100_sf512_2 - INFO - finish step #94 for 8.362462759017944 sec
2020-03-25 17:34:50,780 - exp_torch_topics_d128_least_confident_i2000_b20_q100_sf512_2 - INFO - current val_accuracy: 0.48506254598969833
2020-03-25 17:34:50,781 - exp_torch_topics_d128_least_confident_i2000_b20_q100_sf512_2 - INFO - start step #95
2020-03-25 17:34:56,518 - exp_torch_topics_d128_least_confident_i2000_b20_q100_sf512_2 - INFO - query idx: [82546  7860 91685 68735 22289 18949 26279 72405 87916 57061 58135  4933
 35303 48865 22213 80450 65976 91520 50009 60895]
2020-03-25 17:34:59,254 - exp_torch_topics_d128_least_confident_i2000_b20_q100_sf512_2 - INFO - finish step #95 for 8.473262071609497 sec
2020-03-25 17:34:59,254 - exp_torch_topics_d128_least_confident_i2000_b20_q100_sf512_2 - INFO - current val_accuracy: 0.48509197939661514
2020-03-25 17:34:59,254 - exp_torch_topics_d128_least_confident_i2000_b20_q100_sf512_2 - INFO - start step #96
2020-03-25 17:35:04,888 - exp_torch_topics_d128_least_confident_i2000_b20_q100_sf512_2 - INFO - query idx: [33863 38380 86969 52662 46273 29996 44889 38513 39596 76449 79829 30735
 23240 38995 11654 86942 11318 22392 45204  5594]
2020-03-25 17:35:07,634 - exp_torch_topics_d128_least_confident_i2000_b20_q100_sf512_2 - INFO - finish step #96 for 8.380053997039795 sec
2020-03-25 17:35:07,635 - exp_torch_topics_d128_least_confident_i2000_b20_q100_sf512_2 - INFO - current val_accuracy: 0.4857983811626196
2020-03-25 17:35:07,635 - exp_torch_topics_d128_least_confident_i2000_b20_q100_sf512_2 - INFO - start step #97
2020-03-25 17:35:13,260 - exp_torch_topics_d128_least_confident_i2000_b20_q100_sf512_2 - INFO - query idx: [81252 29694 24680 92410 93855 35234 51939 39211 89944 70702  9188 94900
  4726 83933 71666 39505 94335 24281 50847 38581]
2020-03-25 17:35:16,059 - exp_torch_topics_d128_least_confident_i2000_b20_q100_sf512_2 - INFO - finish step #97 for 8.423717021942139 sec
2020-03-25 17:35:16,059 - exp_torch_topics_d128_least_confident_i2000_b20_q100_sf512_2 - INFO - current val_accuracy: 0.48108903605592346
2020-03-25 17:35:16,059 - exp_torch_topics_d128_least_confident_i2000_b20_q100_sf512_2 - INFO - start step #98
2020-03-25 17:35:21,645 - exp_torch_topics_d128_least_confident_i2000_b20_q100_sf512_2 - INFO - query idx: [48374 18935 69179 56690   641 27262 47943 95845 57623  9551 82038 35751
 70259 85209 69698 50971 20479  1769 11064 29920]
2020-03-25 17:35:24,500 - exp_torch_topics_d128_least_confident_i2000_b20_q100_sf512_2 - INFO - finish step #98 for 8.440615177154541 sec
2020-03-25 17:35:24,500 - exp_torch_topics_d128_least_confident_i2000_b20_q100_sf512_2 - INFO - current val_accuracy: 0.48353200883002206
2020-03-25 17:35:24,500 - exp_torch_topics_d128_least_confident_i2000_b20_q100_sf512_2 - INFO - start step #99
2020-03-25 17:35:30,044 - exp_torch_topics_d128_least_confident_i2000_b20_q100_sf512_2 - INFO - query idx: [ 5263 18088 57428 45581  4055 54875 80157 83445 12243 79030  9771 56440
 23772 24421 63433 77905 24630 31005 58815 95490]
2020-03-25 17:35:32,819 - exp_torch_topics_d128_least_confident_i2000_b20_q100_sf512_2 - INFO - finish step #99 for 8.319383144378662 sec
2020-03-25 17:35:32,820 - exp_torch_topics_d128_least_confident_i2000_b20_q100_sf512_2 - INFO - current val_accuracy: 0.48576894775570273
2020-03-25 17:35:32,820 - exp_torch_topics_d128_least_confident_i2000_b20_q100_sf512_2 - INFO - finish experiment process for 848.7004120349884 sec
