2020-03-09 17:59:48,567 - exp_topics_passive_i500_b20_3 - INFO - start experiment process
2020-03-09 17:59:50,270 - exp_topics_passive_i500_b20_3 - INFO - initial val_accuracy: 0.4883885
2020-03-09 17:59:50,270 - exp_topics_passive_i500_b20_3 - INFO - start step #0
2020-03-09 17:59:52,893 - exp_topics_passive_i500_b20_3 - INFO - finish step #0 for 2.6234450340270996 sec
2020-03-09 17:59:52,893 - exp_topics_passive_i500_b20_3 - INFO - current val_accuracy: 0.48903605
2020-03-09 17:59:52,894 - exp_topics_passive_i500_b20_3 - INFO - start step #1
2020-03-09 17:59:55,269 - exp_topics_passive_i500_b20_3 - INFO - finish step #1 for 2.375322103500366 sec
2020-03-09 17:59:55,269 - exp_topics_passive_i500_b20_3 - INFO - current val_accuracy: 0.4922443
2020-03-09 17:59:55,269 - exp_topics_passive_i500_b20_3 - INFO - start step #2
2020-03-09 17:59:57,744 - exp_topics_passive_i500_b20_3 - INFO - finish step #2 for 2.47438383102417 sec
2020-03-09 17:59:57,744 - exp_topics_passive_i500_b20_3 - INFO - current val_accuracy: 0.4933922
2020-03-09 17:59:57,744 - exp_topics_passive_i500_b20_3 - INFO - start step #3
2020-03-09 18:00:02,193 - exp_topics_passive_i500_b20_3 - INFO - finish step #3 for 4.449182987213135 sec
2020-03-09 18:00:02,194 - exp_topics_passive_i500_b20_3 - INFO - current val_accuracy: 0.4816777
2020-03-09 18:00:02,194 - exp_topics_passive_i500_b20_3 - INFO - start step #4
2020-03-09 18:00:04,581 - exp_topics_passive_i500_b20_3 - INFO - finish step #4 for 2.3873918056488037 sec
2020-03-09 18:00:04,582 - exp_topics_passive_i500_b20_3 - INFO - current val_accuracy: 0.4864459
2020-03-09 18:00:04,582 - exp_topics_passive_i500_b20_3 - INFO - start step #5
2020-03-09 18:00:06,967 - exp_topics_passive_i500_b20_3 - INFO - finish step #5 for 2.3849921226501465 sec
2020-03-09 18:00:06,967 - exp_topics_passive_i500_b20_3 - INFO - current val_accuracy: 0.49412805
2020-03-09 18:00:06,967 - exp_topics_passive_i500_b20_3 - INFO - start step #6
2020-03-09 18:00:09,307 - exp_topics_passive_i500_b20_3 - INFO - finish step #6 for 2.339674949645996 sec
2020-03-09 18:00:09,307 - exp_topics_passive_i500_b20_3 - INFO - current val_accuracy: 0.48718175
2020-03-09 18:00:09,308 - exp_topics_passive_i500_b20_3 - INFO - start step #7
2020-03-09 18:00:11,643 - exp_topics_passive_i500_b20_3 - INFO - finish step #7 for 2.335150957107544 sec
2020-03-09 18:00:11,643 - exp_topics_passive_i500_b20_3 - INFO - current val_accuracy: 0.492156
2020-03-09 18:00:11,643 - exp_topics_passive_i500_b20_3 - INFO - start step #8
2020-03-09 18:00:14,011 - exp_topics_passive_i500_b20_3 - INFO - finish step #8 for 2.3680520057678223 sec
2020-03-09 18:00:14,011 - exp_topics_passive_i500_b20_3 - INFO - current val_accuracy: 0.49280354
2020-03-09 18:00:14,011 - exp_topics_passive_i500_b20_3 - INFO - start step #9
2020-03-09 18:00:16,351 - exp_topics_passive_i500_b20_3 - INFO - finish step #9 for 2.3398542404174805 sec
2020-03-09 18:00:16,352 - exp_topics_passive_i500_b20_3 - INFO - current val_accuracy: 0.48983076
2020-03-09 18:00:16,352 - exp_topics_passive_i500_b20_3 - INFO - start step #10
2020-03-09 18:00:18,712 - exp_topics_passive_i500_b20_3 - INFO - finish step #10 for 2.3603909015655518 sec
2020-03-09 18:00:18,712 - exp_topics_passive_i500_b20_3 - INFO - current val_accuracy: 0.47935247
2020-03-09 18:00:18,713 - exp_topics_passive_i500_b20_3 - INFO - start step #11
2020-03-09 18:00:21,059 - exp_topics_passive_i500_b20_3 - INFO - finish step #11 for 2.34635591506958 sec
2020-03-09 18:00:21,059 - exp_topics_passive_i500_b20_3 - INFO - current val_accuracy: 0.49056658
2020-03-09 18:00:21,059 - exp_topics_passive_i500_b20_3 - INFO - start step #12
2020-03-09 18:00:23,461 - exp_topics_passive_i500_b20_3 - INFO - finish step #12 for 2.401745080947876 sec
2020-03-09 18:00:23,461 - exp_topics_passive_i500_b20_3 - INFO - current val_accuracy: 0.4959529
2020-03-09 18:00:23,461 - exp_topics_passive_i500_b20_3 - INFO - start step #13
2020-03-09 18:00:25,876 - exp_topics_passive_i500_b20_3 - INFO - finish step #13 for 2.4143788814544678 sec
2020-03-09 18:00:25,876 - exp_topics_passive_i500_b20_3 - INFO - current val_accuracy: 0.5005151
2020-03-09 18:00:25,876 - exp_topics_passive_i500_b20_3 - INFO - start step #14
2020-03-09 18:00:28,258 - exp_topics_passive_i500_b20_3 - INFO - finish step #14 for 2.3818960189819336 sec
2020-03-09 18:00:28,258 - exp_topics_passive_i500_b20_3 - INFO - current val_accuracy: 0.4986019
2020-03-09 18:00:28,259 - exp_topics_passive_i500_b20_3 - INFO - start step #15
2020-03-09 18:00:30,700 - exp_topics_passive_i500_b20_3 - INFO - finish step #15 for 2.441722869873047 sec
2020-03-09 18:00:30,701 - exp_topics_passive_i500_b20_3 - INFO - current val_accuracy: 0.5002796
2020-03-09 18:00:30,701 - exp_topics_passive_i500_b20_3 - INFO - start step #16
2020-03-09 18:00:33,103 - exp_topics_passive_i500_b20_3 - INFO - finish step #16 for 2.4023020267486572 sec
2020-03-09 18:00:33,103 - exp_topics_passive_i500_b20_3 - INFO - current val_accuracy: 0.50136864
2020-03-09 18:00:33,103 - exp_topics_passive_i500_b20_3 - INFO - start step #17
2020-03-09 18:00:35,507 - exp_topics_passive_i500_b20_3 - INFO - finish step #17 for 2.4035589694976807 sec
2020-03-09 18:00:35,508 - exp_topics_passive_i500_b20_3 - INFO - current val_accuracy: 0.5002796
2020-03-09 18:00:35,508 - exp_topics_passive_i500_b20_3 - INFO - start step #18
2020-03-09 18:00:37,896 - exp_topics_passive_i500_b20_3 - INFO - finish step #18 for 2.3876657485961914 sec
2020-03-09 18:00:37,896 - exp_topics_passive_i500_b20_3 - INFO - current val_accuracy: 0.5009566
2020-03-09 18:00:37,897 - exp_topics_passive_i500_b20_3 - INFO - start step #19
2020-03-09 18:00:40,284 - exp_topics_passive_i500_b20_3 - INFO - finish step #19 for 2.387284278869629 sec
2020-03-09 18:00:40,284 - exp_topics_passive_i500_b20_3 - INFO - current val_accuracy: 0.5024871
2020-03-09 18:00:40,284 - exp_topics_passive_i500_b20_3 - INFO - start step #20
2020-03-09 18:00:43,044 - exp_topics_passive_i500_b20_3 - INFO - finish step #20 for 2.7599029541015625 sec
2020-03-09 18:00:43,044 - exp_topics_passive_i500_b20_3 - INFO - current val_accuracy: 0.5056365
2020-03-09 18:00:43,045 - exp_topics_passive_i500_b20_3 - INFO - start step #21
2020-03-09 18:00:45,464 - exp_topics_passive_i500_b20_3 - INFO - finish step #21 for 2.4188458919525146 sec
2020-03-09 18:00:45,464 - exp_topics_passive_i500_b20_3 - INFO - current val_accuracy: 0.5057248
2020-03-09 18:00:45,464 - exp_topics_passive_i500_b20_3 - INFO - start step #22
2020-03-09 18:00:47,876 - exp_topics_passive_i500_b20_3 - INFO - finish step #22 for 2.4119322299957275 sec
2020-03-09 18:00:47,876 - exp_topics_passive_i500_b20_3 - INFO - current val_accuracy: 0.50116265
2020-03-09 18:00:47,876 - exp_topics_passive_i500_b20_3 - INFO - start step #23
2020-03-09 18:00:50,326 - exp_topics_passive_i500_b20_3 - INFO - finish step #23 for 2.4496941566467285 sec
2020-03-09 18:00:50,326 - exp_topics_passive_i500_b20_3 - INFO - current val_accuracy: 0.50389993
2020-03-09 18:00:50,326 - exp_topics_passive_i500_b20_3 - INFO - start step #24
2020-03-09 18:00:52,798 - exp_topics_passive_i500_b20_3 - INFO - finish step #24 for 2.4715001583099365 sec
2020-03-09 18:00:52,798 - exp_topics_passive_i500_b20_3 - INFO - current val_accuracy: 0.5054599
2020-03-09 18:00:52,798 - exp_topics_passive_i500_b20_3 - INFO - start step #25
2020-03-09 18:00:55,204 - exp_topics_passive_i500_b20_3 - INFO - finish step #25 for 2.405834913253784 sec
2020-03-09 18:00:55,204 - exp_topics_passive_i500_b20_3 - INFO - current val_accuracy: 0.50587195
2020-03-09 18:00:55,204 - exp_topics_passive_i500_b20_3 - INFO - start step #26
2020-03-09 18:00:57,709 - exp_topics_passive_i500_b20_3 - INFO - finish step #26 for 2.5042190551757812 sec
2020-03-09 18:00:57,709 - exp_topics_passive_i500_b20_3 - INFO - current val_accuracy: 0.5039882
2020-03-09 18:00:57,709 - exp_topics_passive_i500_b20_3 - INFO - start step #27
2020-03-09 18:01:00,123 - exp_topics_passive_i500_b20_3 - INFO - finish step #27 for 2.4134721755981445 sec
2020-03-09 18:01:00,123 - exp_topics_passive_i500_b20_3 - INFO - current val_accuracy: 0.5098455
2020-03-09 18:01:00,123 - exp_topics_passive_i500_b20_3 - INFO - start step #28
2020-03-09 18:01:02,579 - exp_topics_passive_i500_b20_3 - INFO - finish step #28 for 2.456141948699951 sec
2020-03-09 18:01:02,579 - exp_topics_passive_i500_b20_3 - INFO - current val_accuracy: 0.50622517
2020-03-09 18:01:02,580 - exp_topics_passive_i500_b20_3 - INFO - start step #29
2020-03-09 18:01:05,032 - exp_topics_passive_i500_b20_3 - INFO - finish step #29 for 2.452800989151001 sec
2020-03-09 18:01:05,033 - exp_topics_passive_i500_b20_3 - INFO - current val_accuracy: 0.5042237
2020-03-09 18:01:05,033 - exp_topics_passive_i500_b20_3 - INFO - finish experiment process for 76.46484017372131 sec
