2020-03-20 22:24:51,346 - exp_torch_topics_d128_margin_i2000_b20_q100_3 - INFO - start experiment process
2020-03-20 22:24:58,071 - exp_torch_topics_d128_margin_i2000_b20_q100_3 - INFO - initial val_accuracy: 0.45559970566593083
2020-03-20 22:24:58,072 - exp_torch_topics_d128_margin_i2000_b20_q100_3 - INFO - start step #0
2020-03-20 22:25:12,865 - exp_torch_topics_d128_margin_i2000_b20_q100_3 - INFO - query idx: [28621 61780  3576 63615 92393  7664 75649  7156 17748 28504 73839  7621
 12301  6612 43589 68526 99971 86579  3208 93981]
2020-03-20 22:25:22,113 - exp_torch_topics_d128_margin_i2000_b20_q100_3 - INFO - finish step #0 for 24.041531085968018 sec
2020-03-20 22:25:22,114 - exp_torch_topics_d128_margin_i2000_b20_q100_3 - INFO - current val_accuracy: 0.4515084621044886
2020-03-20 22:25:22,114 - exp_torch_topics_d128_margin_i2000_b20_q100_3 - INFO - start step #1
2020-03-20 22:25:29,307 - exp_torch_topics_d128_margin_i2000_b20_q100_3 - INFO - query idx: [84521 61748 62296 28700 41822 69340 84441  6681 98982 15987 62967 20727
 61017 65630 37575  1630 50026 42913 23438 30088]
2020-03-20 22:25:32,050 - exp_torch_topics_d128_margin_i2000_b20_q100_3 - INFO - finish step #1 for 9.936667919158936 sec
2020-03-20 22:25:32,051 - exp_torch_topics_d128_margin_i2000_b20_q100_3 - INFO - current val_accuracy: 0.45153789551140544
2020-03-20 22:25:32,051 - exp_torch_topics_d128_margin_i2000_b20_q100_3 - INFO - start step #2
2020-03-20 22:25:37,486 - exp_torch_topics_d128_margin_i2000_b20_q100_3 - INFO - query idx: [ 3531 70372 47986 74064 77457 12246 28989 26221  8105 66013 20058  3827
 39381 59178  9366 95449  7284 81143 63935 90938]
2020-03-20 22:25:40,029 - exp_torch_topics_d128_margin_i2000_b20_q100_3 - INFO - finish step #2 for 7.978081941604614 sec
2020-03-20 22:25:40,029 - exp_torch_topics_d128_margin_i2000_b20_q100_3 - INFO - current val_accuracy: 0.44844738778513615
2020-03-20 22:25:40,029 - exp_torch_topics_d128_margin_i2000_b20_q100_3 - INFO - start step #3
2020-03-20 22:25:46,574 - exp_torch_topics_d128_margin_i2000_b20_q100_3 - INFO - query idx: [44866 75933 26643 85266 54542 71701 77372 65821 37426 44896 48346 19423
 29157  3589 91000 86418 28662 88230 55230 74550]
2020-03-20 22:25:49,338 - exp_torch_topics_d128_margin_i2000_b20_q100_3 - INFO - finish step #3 for 9.30820608139038 sec
2020-03-20 22:25:49,338 - exp_torch_topics_d128_margin_i2000_b20_q100_3 - INFO - current val_accuracy: 0.43905813097866075
2020-03-20 22:25:49,338 - exp_torch_topics_d128_margin_i2000_b20_q100_3 - INFO - start step #4
2020-03-20 22:25:55,811 - exp_torch_topics_d128_margin_i2000_b20_q100_3 - INFO - query idx: [46206 26357     2 83163 68335 42586 51060 76765 60695 93416 53350 43818
 69545 63475 41568 35305 60683 49313 21464 44628]
2020-03-20 22:25:58,830 - exp_torch_topics_d128_margin_i2000_b20_q100_3 - INFO - finish step #4 for 9.491697311401367 sec
2020-03-20 22:25:58,830 - exp_torch_topics_d128_margin_i2000_b20_q100_3 - INFO - current val_accuracy: 0.4459749816041207
2020-03-20 22:25:58,831 - exp_torch_topics_d128_margin_i2000_b20_q100_3 - INFO - start step #5
2020-03-20 22:26:08,322 - exp_torch_topics_d128_margin_i2000_b20_q100_3 - INFO - query idx: [37807 11989 83784 15696 32810 90410 87159 70422 52558 35232 17623 96747
  3773 97508 62195 33126 10580 35668 70527 54787]
2020-03-20 22:26:11,223 - exp_torch_topics_d128_margin_i2000_b20_q100_3 - INFO - finish step #5 for 12.392047882080078 sec
2020-03-20 22:26:11,223 - exp_torch_topics_d128_margin_i2000_b20_q100_3 - INFO - current val_accuracy: 0.45230316409124355
2020-03-20 22:26:11,223 - exp_torch_topics_d128_margin_i2000_b20_q100_3 - INFO - start step #6
2020-03-20 22:26:16,927 - exp_torch_topics_d128_margin_i2000_b20_q100_3 - INFO - query idx: [75409 43036 37965 81038 94379 21323 10438 55746 30713 80885 28760 19374
 57664 19003  6426 62590 61943 59190 97750 11274]
2020-03-20 22:26:19,517 - exp_torch_topics_d128_margin_i2000_b20_q100_3 - INFO - finish step #6 for 8.293475151062012 sec
2020-03-20 22:26:19,517 - exp_torch_topics_d128_margin_i2000_b20_q100_3 - INFO - current val_accuracy: 0.4597498160412068
2020-03-20 22:26:19,517 - exp_torch_topics_d128_margin_i2000_b20_q100_3 - INFO - start step #7
2020-03-20 22:26:25,145 - exp_torch_topics_d128_margin_i2000_b20_q100_3 - INFO - query idx: [30444 83107 66390 60064 82189 53642 43590 73617 89669 92177 52104 20838
 12241 23580 39153  1775 59807 71268 40653 50707]
2020-03-20 22:26:27,709 - exp_torch_topics_d128_margin_i2000_b20_q100_3 - INFO - finish step #7 for 8.192080020904541 sec
2020-03-20 22:26:27,709 - exp_torch_topics_d128_margin_i2000_b20_q100_3 - INFO - current val_accuracy: 0.46493009565857246
2020-03-20 22:26:27,710 - exp_torch_topics_d128_margin_i2000_b20_q100_3 - INFO - start step #8
2020-03-20 22:26:33,478 - exp_torch_topics_d128_margin_i2000_b20_q100_3 - INFO - query idx: [66360 92977 61163 39765 71174 82544 76239 33528  7541 11604 74654 46638
 96627 86595 96489 67383 29899 63533 78603 79737]
2020-03-20 22:26:36,072 - exp_torch_topics_d128_margin_i2000_b20_q100_3 - INFO - finish step #8 for 8.362545013427734 sec
2020-03-20 22:26:36,074 - exp_torch_topics_d128_margin_i2000_b20_q100_3 - INFO - current val_accuracy: 0.46625459896983074
2020-03-20 22:26:36,074 - exp_torch_topics_d128_margin_i2000_b20_q100_3 - INFO - start step #9
2020-03-20 22:26:41,894 - exp_torch_topics_d128_margin_i2000_b20_q100_3 - INFO - query idx: [88242 58872 84686  7370 82135 22412 95208 17996 84729 85677 56405  6153
 80611 74277 69913 12908 99592 94880  9582 38079]
2020-03-20 22:26:44,475 - exp_torch_topics_d128_margin_i2000_b20_q100_3 - INFO - finish step #9 for 8.401257991790771 sec
2020-03-20 22:26:44,475 - exp_torch_topics_d128_margin_i2000_b20_q100_3 - INFO - current val_accuracy: 0.4761442236938926
2020-03-20 22:26:44,476 - exp_torch_topics_d128_margin_i2000_b20_q100_3 - INFO - start step #10
2020-03-20 22:26:50,238 - exp_torch_topics_d128_margin_i2000_b20_q100_3 - INFO - query idx: [ 9894 40937 89718 57401 57176 84653 33254 75618 85432 51345 94473 41691
   525 12286 41890  8534 70899 61728 92879 90161]
2020-03-20 22:26:52,782 - exp_torch_topics_d128_margin_i2000_b20_q100_3 - INFO - finish step #10 for 8.306628227233887 sec
2020-03-20 22:26:52,783 - exp_torch_topics_d128_margin_i2000_b20_q100_3 - INFO - current val_accuracy: 0.47679175864606327
2020-03-20 22:26:52,783 - exp_torch_topics_d128_margin_i2000_b20_q100_3 - INFO - start step #11
2020-03-20 22:26:58,555 - exp_torch_topics_d128_margin_i2000_b20_q100_3 - INFO - query idx: [61913 17684 67850 93894 87367 80814  9490 66675  5698  5996 10817 23796
 64327   131  2908 89902 22202 16938 11785 19833]
2020-03-20 22:27:01,050 - exp_torch_topics_d128_margin_i2000_b20_q100_3 - INFO - finish step #11 for 8.26707410812378 sec
2020-03-20 22:27:01,050 - exp_torch_topics_d128_margin_i2000_b20_q100_3 - INFO - current val_accuracy: 0.4781456953642384
2020-03-20 22:27:01,050 - exp_torch_topics_d128_margin_i2000_b20_q100_3 - INFO - start step #12
2020-03-20 22:27:06,765 - exp_torch_topics_d128_margin_i2000_b20_q100_3 - INFO - query idx: [81587 28153 84551 20742 82605 84101   824 51020 64318 82613 35848 92743
 84033 94228 24929 97465 66924 45960 36867 71637]
2020-03-20 22:27:09,288 - exp_torch_topics_d128_margin_i2000_b20_q100_3 - INFO - finish step #12 for 8.237635135650635 sec
2020-03-20 22:27:09,288 - exp_torch_topics_d128_margin_i2000_b20_q100_3 - INFO - current val_accuracy: 0.4761442236938926
2020-03-20 22:27:09,288 - exp_torch_topics_d128_margin_i2000_b20_q100_3 - INFO - start step #13
2020-03-20 22:27:14,891 - exp_torch_topics_d128_margin_i2000_b20_q100_3 - INFO - query idx: [63120 10571 40448 76054 23695 28068 95042 55866 72632 47213  9103 72403
 77166 26255 40910 48434  4942  7989    81 61029]
2020-03-20 22:27:17,544 - exp_torch_topics_d128_margin_i2000_b20_q100_3 - INFO - finish step #13 for 8.25595498085022 sec
2020-03-20 22:27:17,545 - exp_torch_topics_d128_margin_i2000_b20_q100_3 - INFO - current val_accuracy: 0.47864606328182485
2020-03-20 22:27:17,545 - exp_torch_topics_d128_margin_i2000_b20_q100_3 - INFO - start step #14
2020-03-20 22:27:23,538 - exp_torch_topics_d128_margin_i2000_b20_q100_3 - INFO - query idx: [65090 37497 17885 26680 24941 27078 89998 91122 81341 47523 23876 81008
 12018 16850  2906 42560 98741 11998 69243 86104]
2020-03-20 22:27:26,067 - exp_torch_topics_d128_margin_i2000_b20_q100_3 - INFO - finish step #14 for 8.522479057312012 sec
2020-03-20 22:27:26,067 - exp_torch_topics_d128_margin_i2000_b20_q100_3 - INFO - current val_accuracy: 0.47967623252391467
2020-03-20 22:27:26,068 - exp_torch_topics_d128_margin_i2000_b20_q100_3 - INFO - start step #15
2020-03-20 22:27:31,834 - exp_torch_topics_d128_margin_i2000_b20_q100_3 - INFO - query idx: [77781 31311 19561 55794 73111 91025 50862 32445 67492 22567 36358 69067
  4820 14809 94300 55547 91573 14084 42585 61736]
2020-03-20 22:27:34,466 - exp_torch_topics_d128_margin_i2000_b20_q100_3 - INFO - finish step #15 for 8.398619174957275 sec
2020-03-20 22:27:34,466 - exp_torch_topics_d128_margin_i2000_b20_q100_3 - INFO - current val_accuracy: 0.4780868285504047
2020-03-20 22:27:34,467 - exp_torch_topics_d128_margin_i2000_b20_q100_3 - INFO - start step #16
2020-03-20 22:27:40,593 - exp_torch_topics_d128_margin_i2000_b20_q100_3 - INFO - query idx: [62676 95293 66785 70011 22982 47676 68425 38582    11 59606 96432 43243
 25582 91786  4296 62396 60790 47206 63812 55718]
2020-03-20 22:27:43,175 - exp_torch_topics_d128_margin_i2000_b20_q100_3 - INFO - finish step #16 for 8.708341121673584 sec
2020-03-20 22:27:43,175 - exp_torch_topics_d128_margin_i2000_b20_q100_3 - INFO - current val_accuracy: 0.47926416482707873
2020-03-20 22:27:43,175 - exp_torch_topics_d128_margin_i2000_b20_q100_3 - INFO - start step #17
2020-03-20 22:27:48,892 - exp_torch_topics_d128_margin_i2000_b20_q100_3 - INFO - query idx: [61688  6104 72124 19193 51305 99239 15905  9472 72335 58912 46404 48093
 77809 20412 32730 98730 89268 58152 41570 28472]
2020-03-20 22:27:51,499 - exp_torch_topics_d128_margin_i2000_b20_q100_3 - INFO - finish step #17 for 8.323238849639893 sec
2020-03-20 22:27:51,499 - exp_torch_topics_d128_margin_i2000_b20_q100_3 - INFO - current val_accuracy: 0.48032376747608535
2020-03-20 22:27:51,499 - exp_torch_topics_d128_margin_i2000_b20_q100_3 - INFO - start step #18
2020-03-20 22:27:57,105 - exp_torch_topics_d128_margin_i2000_b20_q100_3 - INFO - query idx: [16395 77393 91704 53142 62798 31482 22335 47250 30266 40522 61579 46561
 38225 81298   317 28731 53566 37910 91965 68536]
2020-03-20 22:27:59,630 - exp_torch_topics_d128_margin_i2000_b20_q100_3 - INFO - finish step #18 for 8.130372047424316 sec
2020-03-20 22:27:59,630 - exp_torch_topics_d128_margin_i2000_b20_q100_3 - INFO - current val_accuracy: 0.4807358351729213
2020-03-20 22:27:59,630 - exp_torch_topics_d128_margin_i2000_b20_q100_3 - INFO - start step #19
2020-03-20 22:28:05,491 - exp_torch_topics_d128_margin_i2000_b20_q100_3 - INFO - query idx: [22289 89776 57404 75999 42809 50479 58005 90496 35465  1845 69693 49269
 49556 69752  9467 43708 74053 84486 74941 51442]
2020-03-20 22:28:08,007 - exp_torch_topics_d128_margin_i2000_b20_q100_3 - INFO - finish step #19 for 8.376598119735718 sec
2020-03-20 22:28:08,007 - exp_torch_topics_d128_margin_i2000_b20_q100_3 - INFO - current val_accuracy: 0.47823399558498897
2020-03-20 22:28:08,007 - exp_torch_topics_d128_margin_i2000_b20_q100_3 - INFO - start step #20
2020-03-20 22:28:13,709 - exp_torch_topics_d128_margin_i2000_b20_q100_3 - INFO - query idx: [49780 79726 24856 42177 50820 60711 43038 46777 97454 23564 12561 43089
 51196 93516 66345  4041 36032 69534 59618 95934]
2020-03-20 22:28:16,191 - exp_torch_topics_d128_margin_i2000_b20_q100_3 - INFO - finish step #20 for 8.184021949768066 sec
2020-03-20 22:28:16,191 - exp_torch_topics_d128_margin_i2000_b20_q100_3 - INFO - current val_accuracy: 0.47985283296541575
2020-03-20 22:28:16,192 - exp_torch_topics_d128_margin_i2000_b20_q100_3 - INFO - start step #21
2020-03-20 22:28:21,909 - exp_torch_topics_d128_margin_i2000_b20_q100_3 - INFO - query idx: [ 1083 42361  1919 54433 17336 42380 77855  7999 46258 34213 38723 92647
 42293 51706 46785 51399 78571 43087 16496 70025]
2020-03-20 22:28:24,462 - exp_torch_topics_d128_margin_i2000_b20_q100_3 - INFO - finish step #21 for 8.270137071609497 sec
2020-03-20 22:28:24,462 - exp_torch_topics_d128_margin_i2000_b20_q100_3 - INFO - current val_accuracy: 0.48026490066225164
2020-03-20 22:28:24,462 - exp_torch_topics_d128_margin_i2000_b20_q100_3 - INFO - start step #22
2020-03-20 22:28:30,025 - exp_torch_topics_d128_margin_i2000_b20_q100_3 - INFO - query idx: [30312  8278 90628 55975 77076 76968 78060 34234 88671 14697 74509 13106
 22672 63183 26214 67424 52635  5964 93040 57823]
2020-03-20 22:28:32,564 - exp_torch_topics_d128_margin_i2000_b20_q100_3 - INFO - finish step #22 for 8.101670265197754 sec
2020-03-20 22:28:32,564 - exp_torch_topics_d128_margin_i2000_b20_q100_3 - INFO - current val_accuracy: 0.48491537895511405
2020-03-20 22:28:32,564 - exp_torch_topics_d128_margin_i2000_b20_q100_3 - INFO - start step #23
2020-03-20 22:28:42,963 - exp_torch_topics_d128_margin_i2000_b20_q100_3 - INFO - query idx: [ 4109 91744 90529 20167 35425 78825 18348 55322 85727 77600 93838 69166
 59039 50682 94883 60889 41661 63883 20470 74520]
2020-03-20 22:28:50,589 - exp_torch_topics_d128_margin_i2000_b20_q100_3 - INFO - finish step #23 for 18.024580240249634 sec
2020-03-20 22:28:50,590 - exp_torch_topics_d128_margin_i2000_b20_q100_3 - INFO - current val_accuracy: 0.4840323767476085
2020-03-20 22:28:50,601 - exp_torch_topics_d128_margin_i2000_b20_q100_3 - INFO - start step #24
2020-03-20 22:28:56,941 - exp_torch_topics_d128_margin_i2000_b20_q100_3 - INFO - query idx: [29068  1033 94817 25499 22980 69335   631 78430 25377 26415 56186 69888
 25389 30361  2298 33161 53682 47824 72260 93653]
2020-03-20 22:28:59,507 - exp_torch_topics_d128_margin_i2000_b20_q100_3 - INFO - finish step #24 for 8.906299829483032 sec
2020-03-20 22:28:59,508 - exp_torch_topics_d128_margin_i2000_b20_q100_3 - INFO - current val_accuracy: 0.4829139072847682
2020-03-20 22:28:59,508 - exp_torch_topics_d128_margin_i2000_b20_q100_3 - INFO - start step #25
2020-03-20 22:29:05,003 - exp_torch_topics_d128_margin_i2000_b20_q100_3 - INFO - query idx: [47106 27954 77166    60  9878 44281 81208 55665 67670  4789 94522  7510
 68713 76752 42969  2613  4599 56644 28504 47636]
2020-03-20 22:29:07,798 - exp_torch_topics_d128_margin_i2000_b20_q100_3 - INFO - finish step #25 for 8.289921998977661 sec
2020-03-20 22:29:07,798 - exp_torch_topics_d128_margin_i2000_b20_q100_3 - INFO - current val_accuracy: 0.4835025754231052
2020-03-20 22:29:07,799 - exp_torch_topics_d128_margin_i2000_b20_q100_3 - INFO - start step #26
2020-03-20 22:29:13,442 - exp_torch_topics_d128_margin_i2000_b20_q100_3 - INFO - query idx: [60171 27104 45744 98427 52696 76044 62082 59491 44597 59472 25987 54231
 91789  2695  5831 59734 55634 90434 88978 29602]
2020-03-20 22:29:16,169 - exp_torch_topics_d128_margin_i2000_b20_q100_3 - INFO - finish step #26 for 8.369996070861816 sec
2020-03-20 22:29:16,169 - exp_torch_topics_d128_margin_i2000_b20_q100_3 - INFO - current val_accuracy: 0.48506254598969833
2020-03-20 22:29:16,169 - exp_torch_topics_d128_margin_i2000_b20_q100_3 - INFO - start step #27
2020-03-20 22:29:21,843 - exp_torch_topics_d128_margin_i2000_b20_q100_3 - INFO - query idx: [14958  4027 22525 85425 56336 67164 72151  1048 84609  2005 30012 15624
  6116 54697 64040 13691 82760 43208 92520 49925]
2020-03-20 22:29:24,327 - exp_torch_topics_d128_margin_i2000_b20_q100_3 - INFO - finish step #27 for 8.157739877700806 sec
2020-03-20 22:29:24,327 - exp_torch_topics_d128_margin_i2000_b20_q100_3 - INFO - current val_accuracy: 0.48782928623988225
2020-03-20 22:29:24,327 - exp_torch_topics_d128_margin_i2000_b20_q100_3 - INFO - start step #28
2020-03-20 22:29:30,052 - exp_torch_topics_d128_margin_i2000_b20_q100_3 - INFO - query idx: [70206 61533 97570 30215 68140 27648  6614 50659 39205 22425 26317 78665
  6982 14437 85155 13075 50850 55032 69550 95207]
2020-03-20 22:29:32,587 - exp_torch_topics_d128_margin_i2000_b20_q100_3 - INFO - finish step #28 for 8.259359359741211 sec
2020-03-20 22:29:32,587 - exp_torch_topics_d128_margin_i2000_b20_q100_3 - INFO - current val_accuracy: 0.48741721854304637
2020-03-20 22:29:32,587 - exp_torch_topics_d128_margin_i2000_b20_q100_3 - INFO - start step #29
2020-03-20 22:29:38,311 - exp_torch_topics_d128_margin_i2000_b20_q100_3 - INFO - query idx: [20621 39236 32441 16819 14214 54087 87504 62518 44049  1141  1328  6312
 80481 67405 20564 17653 20889 67686 45445 79331]
2020-03-20 22:29:40,852 - exp_torch_topics_d128_margin_i2000_b20_q100_3 - INFO - finish step #29 for 8.264823198318481 sec
2020-03-20 22:29:40,852 - exp_torch_topics_d128_margin_i2000_b20_q100_3 - INFO - current val_accuracy: 0.47158204562178074
2020-03-20 22:29:40,852 - exp_torch_topics_d128_margin_i2000_b20_q100_3 - INFO - start step #30
2020-03-20 22:29:46,432 - exp_torch_topics_d128_margin_i2000_b20_q100_3 - INFO - query idx: [33905 83973 45407  5561 88927 32940 51291 71972 88730 46951 32339  7703
 27756  6321 49306 11374 34672 44805 50197 43633]
2020-03-20 22:29:49,029 - exp_torch_topics_d128_margin_i2000_b20_q100_3 - INFO - finish step #30 for 8.176981925964355 sec
2020-03-20 22:29:49,030 - exp_torch_topics_d128_margin_i2000_b20_q100_3 - INFO - current val_accuracy: 0.4710228108903606
2020-03-20 22:29:49,030 - exp_torch_topics_d128_margin_i2000_b20_q100_3 - INFO - start step #31
2020-03-20 22:29:54,616 - exp_torch_topics_d128_margin_i2000_b20_q100_3 - INFO - query idx: [66251 96767  5654  3048 58008 44735 59402  8118 87444 18105  3613 43116
 65203 57078 47121 79775 70345 65204 32921 95949]
2020-03-20 22:29:57,077 - exp_torch_topics_d128_margin_i2000_b20_q100_3 - INFO - finish step #31 for 8.04749608039856 sec
2020-03-20 22:29:57,078 - exp_torch_topics_d128_margin_i2000_b20_q100_3 - INFO - current val_accuracy: 0.4752317880794702
2020-03-20 22:29:57,078 - exp_torch_topics_d128_margin_i2000_b20_q100_3 - INFO - start step #32
2020-03-20 22:30:02,924 - exp_torch_topics_d128_margin_i2000_b20_q100_3 - INFO - query idx: [97670  5051 14070 21580 94505 65720 86740 60559 95568 12962 38840 58078
 91438 93158 88164 58492 33221  7596 93258 56774]
2020-03-20 22:30:05,420 - exp_torch_topics_d128_margin_i2000_b20_q100_3 - INFO - finish step #32 for 8.342525005340576 sec
2020-03-20 22:30:05,421 - exp_torch_topics_d128_margin_i2000_b20_q100_3 - INFO - current val_accuracy: 0.48300220750551875
2020-03-20 22:30:05,421 - exp_torch_topics_d128_margin_i2000_b20_q100_3 - INFO - start step #33
2020-03-20 22:30:11,108 - exp_torch_topics_d128_margin_i2000_b20_q100_3 - INFO - query idx: [24195 33556 66418 73579 84086 28149 70311 85341 62421 10300  4428  3451
 72371  5433 24705 40446 63196 22043 38893 19902]
2020-03-20 22:30:18,181 - exp_torch_topics_d128_margin_i2000_b20_q100_3 - INFO - finish step #33 for 12.75989294052124 sec
2020-03-20 22:30:18,184 - exp_torch_topics_d128_margin_i2000_b20_q100_3 - INFO - current val_accuracy: 0.490831493745401
2020-03-20 22:30:18,196 - exp_torch_topics_d128_margin_i2000_b20_q100_3 - INFO - start step #34
2020-03-20 22:30:32,771 - exp_torch_topics_d128_margin_i2000_b20_q100_3 - INFO - query idx: [93182 89808 40563 44546 59888 39152  8532 53150 97277  4221 47757 76779
 86587 10761 46742 41919 21334 52411 28291  3130]
2020-03-20 22:30:37,519 - exp_torch_topics_d128_margin_i2000_b20_q100_3 - INFO - finish step #34 for 19.323370933532715 sec
2020-03-20 22:30:37,520 - exp_torch_topics_d128_margin_i2000_b20_q100_3 - INFO - current val_accuracy: 0.49059602649006623
2020-03-20 22:30:37,520 - exp_torch_topics_d128_margin_i2000_b20_q100_3 - INFO - start step #35
2020-03-20 22:30:47,063 - exp_torch_topics_d128_margin_i2000_b20_q100_3 - INFO - query idx: [ 3015 80505 97190 73879 14631 67255 30106  9327 93506 42758  3019 79277
 99219 62784 64784 78734 91126 82850 15299 83783]
2020-03-20 22:30:51,339 - exp_torch_topics_d128_margin_i2000_b20_q100_3 - INFO - finish step #35 for 13.818365812301636 sec
2020-03-20 22:30:51,339 - exp_torch_topics_d128_margin_i2000_b20_q100_3 - INFO - current val_accuracy: 0.49236203090507724
2020-03-20 22:30:51,339 - exp_torch_topics_d128_margin_i2000_b20_q100_3 - INFO - start step #36
2020-03-20 22:30:57,091 - exp_torch_topics_d128_margin_i2000_b20_q100_3 - INFO - query idx: [36812 37168  5892 45436 62514 88333 63370 11502 36620 96739 60093 42982
 11308 50893 44336 87532 85155 20926 62753 76280]
2020-03-20 22:30:59,756 - exp_torch_topics_d128_margin_i2000_b20_q100_3 - INFO - finish step #36 for 8.417398929595947 sec
2020-03-20 22:30:59,757 - exp_torch_topics_d128_margin_i2000_b20_q100_3 - INFO - current val_accuracy: 0.4930684326710817
2020-03-20 22:30:59,757 - exp_torch_topics_d128_margin_i2000_b20_q100_3 - INFO - start step #37
2020-03-20 22:31:05,794 - exp_torch_topics_d128_margin_i2000_b20_q100_3 - INFO - query idx: [83354  4554 87160 28197  6998 61139 28028 66115 72341 72211  6060 81429
 13265 46243 40332 98194 20466 98611 73591 50733]
2020-03-20 22:31:08,332 - exp_torch_topics_d128_margin_i2000_b20_q100_3 - INFO - finish step #37 for 8.57492208480835 sec
2020-03-20 22:31:08,332 - exp_torch_topics_d128_margin_i2000_b20_q100_3 - INFO - current val_accuracy: 0.4948933038999264
2020-03-20 22:31:08,332 - exp_torch_topics_d128_margin_i2000_b20_q100_3 - INFO - start step #38
2020-03-20 22:31:13,970 - exp_torch_topics_d128_margin_i2000_b20_q100_3 - INFO - query idx: [18901 31923 69658 30403 67160 11970  8394  2816 55554 68804 64419 47662
 87264 44803 38071 12585 53671 20714 47344 16650]
2020-03-20 22:31:16,539 - exp_torch_topics_d128_margin_i2000_b20_q100_3 - INFO - finish step #38 for 8.206326007843018 sec
2020-03-20 22:31:16,539 - exp_torch_topics_d128_margin_i2000_b20_q100_3 - INFO - current val_accuracy: 0.49665930831493743
2020-03-20 22:31:16,539 - exp_torch_topics_d128_margin_i2000_b20_q100_3 - INFO - start step #39
2020-03-20 22:31:22,169 - exp_torch_topics_d128_margin_i2000_b20_q100_3 - INFO - query idx: [38943 70607 83105 14107 20710  1387   577 20751 61110 72889 73932  5654
 87887 66967 77529  9106 85823 72047 18780 92372]
2020-03-20 22:31:24,739 - exp_torch_topics_d128_margin_i2000_b20_q100_3 - INFO - finish step #39 for 8.199245929718018 sec
2020-03-20 22:31:24,739 - exp_torch_topics_d128_margin_i2000_b20_q100_3 - INFO - current val_accuracy: 0.49586460632818247
2020-03-20 22:31:24,739 - exp_torch_topics_d128_margin_i2000_b20_q100_3 - INFO - start step #40
2020-03-20 22:31:30,220 - exp_torch_topics_d128_margin_i2000_b20_q100_3 - INFO - query idx: [20939 66222 26250 68600 51677 89776 23459 44971 82017 61469 24971 62247
 49934 92014 70659 98718 29350 40504 12471 86477]
2020-03-20 22:31:32,841 - exp_torch_topics_d128_margin_i2000_b20_q100_3 - INFO - finish step #40 for 8.101647853851318 sec
2020-03-20 22:31:32,841 - exp_torch_topics_d128_margin_i2000_b20_q100_3 - INFO - current val_accuracy: 0.4968064753495217
2020-03-20 22:31:32,841 - exp_torch_topics_d128_margin_i2000_b20_q100_3 - INFO - start step #41
2020-03-20 22:31:38,319 - exp_torch_topics_d128_margin_i2000_b20_q100_3 - INFO - query idx: [26603 59461 94794  5357 33252  6412 27217 88566 45170 45675 28176 22258
 31541 70669 93458 62277 49468 28337 82441 37254]
2020-03-20 22:31:40,931 - exp_torch_topics_d128_margin_i2000_b20_q100_3 - INFO - finish step #41 for 8.090370893478394 sec
2020-03-20 22:31:40,932 - exp_torch_topics_d128_margin_i2000_b20_q100_3 - INFO - current val_accuracy: 0.4974245768947756
2020-03-20 22:31:40,932 - exp_torch_topics_d128_margin_i2000_b20_q100_3 - INFO - start step #42
2020-03-20 22:31:47,253 - exp_torch_topics_d128_margin_i2000_b20_q100_3 - INFO - query idx: [68802 77216 63866 90578 11915 17662 98511 34095 60686 10789 77015 49448
 41000 57451 77833 92572 13754 41812 46478 41869]
2020-03-20 22:31:51,157 - exp_torch_topics_d128_margin_i2000_b20_q100_3 - INFO - finish step #42 for 10.22533893585205 sec
2020-03-20 22:31:51,157 - exp_torch_topics_d128_margin_i2000_b20_q100_3 - INFO - current val_accuracy: 0.49869021339220015
2020-03-20 22:31:51,158 - exp_torch_topics_d128_margin_i2000_b20_q100_3 - INFO - start step #43
2020-03-20 22:31:57,206 - exp_torch_topics_d128_margin_i2000_b20_q100_3 - INFO - query idx: [90722 11048 78050 98149 56640  1512 32092 80872 66195 34943 40747 15471
 56521 55076 46647 17770 28134 81264 52402  1265]
2020-03-20 22:32:01,432 - exp_torch_topics_d128_margin_i2000_b20_q100_3 - INFO - finish step #43 for 10.274196863174438 sec
2020-03-20 22:32:01,433 - exp_torch_topics_d128_margin_i2000_b20_q100_3 - INFO - current val_accuracy: 0.494775570272259
2020-03-20 22:32:01,433 - exp_torch_topics_d128_margin_i2000_b20_q100_3 - INFO - start step #44
2020-03-20 22:32:07,006 - exp_torch_topics_d128_margin_i2000_b20_q100_3 - INFO - query idx: [18310 83614 58695 56413 51455 73373  3914 28560 42889 52078 78571 50537
 27285 23487 29714 51903 14830 14411 64301 40558]
2020-03-20 22:32:09,498 - exp_torch_topics_d128_margin_i2000_b20_q100_3 - INFO - finish step #44 for 8.064813137054443 sec
2020-03-20 22:32:09,498 - exp_torch_topics_d128_margin_i2000_b20_q100_3 - INFO - current val_accuracy: 0.4971008094186902
2020-03-20 22:32:09,498 - exp_torch_topics_d128_margin_i2000_b20_q100_3 - INFO - start step #45
2020-03-20 22:32:15,144 - exp_torch_topics_d128_margin_i2000_b20_q100_3 - INFO - query idx: [ 9344 88454 95946 96211 44461 95144 46740 88886 70947 11080 44251 73815
  2395 27676 74863 93647 97182 50131  2372 43446]
2020-03-20 22:32:17,675 - exp_torch_topics_d128_margin_i2000_b20_q100_3 - INFO - finish step #45 for 8.176230907440186 sec
2020-03-20 22:32:17,675 - exp_torch_topics_d128_margin_i2000_b20_q100_3 - INFO - current val_accuracy: 0.4975717439293598
2020-03-20 22:32:17,675 - exp_torch_topics_d128_margin_i2000_b20_q100_3 - INFO - start step #46
2020-03-20 22:32:23,254 - exp_torch_topics_d128_margin_i2000_b20_q100_3 - INFO - query idx: [86218 91502 70366 18016 84311 92203 58755 85415 34931 42897 95788 89010
 50775 73536 24426 41308 93670 70926 84749 68051]
2020-03-20 22:32:25,813 - exp_torch_topics_d128_margin_i2000_b20_q100_3 - INFO - finish step #46 for 8.138000965118408 sec
2020-03-20 22:32:25,813 - exp_torch_topics_d128_margin_i2000_b20_q100_3 - INFO - current val_accuracy: 0.4978366445916115
2020-03-20 22:32:25,814 - exp_torch_topics_d128_margin_i2000_b20_q100_3 - INFO - start step #47
2020-03-20 22:32:31,595 - exp_torch_topics_d128_margin_i2000_b20_q100_3 - INFO - query idx: [86790 11700 43188 65871 83008 73211 94620 98531 73798 22709 88109 94331
  9641  2075 89573 27039 59932 59982 95366 17603]
2020-03-20 22:32:34,181 - exp_torch_topics_d128_margin_i2000_b20_q100_3 - INFO - finish step #47 for 8.367043018341064 sec
2020-03-20 22:32:34,181 - exp_torch_topics_d128_margin_i2000_b20_q100_3 - INFO - current val_accuracy: 0.49933774834437084
2020-03-20 22:32:34,181 - exp_torch_topics_d128_margin_i2000_b20_q100_3 - INFO - start step #48
2020-03-20 22:32:39,723 - exp_torch_topics_d128_margin_i2000_b20_q100_3 - INFO - query idx: [90197 60419 14829 34247  5266 54315 51735 63285 26696 57714  8711 79396
 39591  9762 17758 74231  1951 19633 82863 58042]
2020-03-20 22:32:42,281 - exp_torch_topics_d128_margin_i2000_b20_q100_3 - INFO - finish step #48 for 8.09929895401001 sec
2020-03-20 22:32:42,281 - exp_torch_topics_d128_margin_i2000_b20_q100_3 - INFO - current val_accuracy: 0.5004267844002943
2020-03-20 22:32:42,281 - exp_torch_topics_d128_margin_i2000_b20_q100_3 - INFO - start step #49
2020-03-20 22:32:47,784 - exp_torch_topics_d128_margin_i2000_b20_q100_3 - INFO - query idx: [84400 35676  4063 45651 89209   816 45524 25192 78664 46674 31688  8982
  8298  9371 33107 17313 88703 88234 61438 89946]
2020-03-20 22:32:50,313 - exp_torch_topics_d128_margin_i2000_b20_q100_3 - INFO - finish step #49 for 8.031944990158081 sec
2020-03-20 22:32:50,313 - exp_torch_topics_d128_margin_i2000_b20_q100_3 - INFO - current val_accuracy: 0.5056659308314937
2020-03-20 22:32:50,313 - exp_torch_topics_d128_margin_i2000_b20_q100_3 - INFO - start step #50
2020-03-20 22:32:56,159 - exp_torch_topics_d128_margin_i2000_b20_q100_3 - INFO - query idx: [81799 83966 60644 51524 84839 52254  1264 37135 67053 17758 85901 96456
 55378 74941 81994 70099 96729 12338 33610 35570]
2020-03-20 22:32:58,683 - exp_torch_topics_d128_margin_i2000_b20_q100_3 - INFO - finish step #50 for 8.369529008865356 sec
2020-03-20 22:32:58,683 - exp_torch_topics_d128_margin_i2000_b20_q100_3 - INFO - current val_accuracy: 0.5021633554083885
2020-03-20 22:32:58,683 - exp_torch_topics_d128_margin_i2000_b20_q100_3 - INFO - start step #51
2020-03-20 22:33:04,655 - exp_torch_topics_d128_margin_i2000_b20_q100_3 - INFO - query idx: [45804 89423  4999 83272 58407  5861 92948 85190 27880 24259 27544 40448
 81010 97456 51369  7284 81401 64992 25153 69826]
2020-03-20 22:33:07,149 - exp_torch_topics_d128_margin_i2000_b20_q100_3 - INFO - finish step #51 for 8.465675115585327 sec
2020-03-20 22:33:07,149 - exp_torch_topics_d128_margin_i2000_b20_q100_3 - INFO - current val_accuracy: 0.5013686534216335
2020-03-20 22:33:07,149 - exp_torch_topics_d128_margin_i2000_b20_q100_3 - INFO - start step #52
2020-03-20 22:33:13,081 - exp_torch_topics_d128_margin_i2000_b20_q100_3 - INFO - query idx: [95840 13096 65755 49522 11186 20371 45107  1980 74744 10481 21534  2095
 18265 85785 69077 51590  8334 83117 39269 95353]
2020-03-20 22:33:15,581 - exp_torch_topics_d128_margin_i2000_b20_q100_3 - INFO - finish step #52 for 8.431811809539795 sec
2020-03-20 22:33:15,581 - exp_torch_topics_d128_margin_i2000_b20_q100_3 - INFO - current val_accuracy: 0.49886681383370124
2020-03-20 22:33:15,582 - exp_torch_topics_d128_margin_i2000_b20_q100_3 - INFO - start step #53
2020-03-20 22:33:21,287 - exp_torch_topics_d128_margin_i2000_b20_q100_3 - INFO - query idx: [16565 78778 16751 36489 14769 84535 82368 15730  5340  5752 23247  3342
  1510 79935 32861 75935 23016 75089 66823 47977]
2020-03-20 22:33:23,854 - exp_torch_topics_d128_margin_i2000_b20_q100_3 - INFO - finish step #53 for 8.27275013923645 sec
2020-03-20 22:33:23,855 - exp_torch_topics_d128_margin_i2000_b20_q100_3 - INFO - current val_accuracy: 0.5028108903605593
2020-03-20 22:33:23,855 - exp_torch_topics_d128_margin_i2000_b20_q100_3 - INFO - start step #54
2020-03-20 22:33:29,627 - exp_torch_topics_d128_margin_i2000_b20_q100_3 - INFO - query idx: [51624 84667 35667  3772 70479 58380 22252 10450 97865 74846 27232 94014
 87782 53154 20524  3211 84029 80784 98341   457]
2020-03-20 22:33:32,219 - exp_torch_topics_d128_margin_i2000_b20_q100_3 - INFO - finish step #54 for 8.364359140396118 sec
2020-03-20 22:33:32,220 - exp_torch_topics_d128_margin_i2000_b20_q100_3 - INFO - current val_accuracy: 0.48921265636497424
2020-03-20 22:33:32,220 - exp_torch_topics_d128_margin_i2000_b20_q100_3 - INFO - start step #55
2020-03-20 22:33:37,751 - exp_torch_topics_d128_margin_i2000_b20_q100_3 - INFO - query idx: [86479 40165 74535 68382 48203  2614 67626 81975 77361 84532 91960 11000
 86415  7942 87452 11036 34442 39351 68096 63417]
2020-03-20 22:33:40,351 - exp_torch_topics_d128_margin_i2000_b20_q100_3 - INFO - finish step #55 for 8.130800724029541 sec
2020-03-20 22:33:40,351 - exp_torch_topics_d128_margin_i2000_b20_q100_3 - INFO - current val_accuracy: 0.4867108167770419
2020-03-20 22:33:40,351 - exp_torch_topics_d128_margin_i2000_b20_q100_3 - INFO - start step #56
2020-03-20 22:33:46,007 - exp_torch_topics_d128_margin_i2000_b20_q100_3 - INFO - query idx: [71961 20150 52259 46289 42769 79504 16904 92535 40665 46525 56861 16955
 42147 52415 36567 91279 93727 53067 32316  4232]
2020-03-20 22:33:48,577 - exp_torch_topics_d128_margin_i2000_b20_q100_3 - INFO - finish step #56 for 8.22649097442627 sec
2020-03-20 22:33:48,578 - exp_torch_topics_d128_margin_i2000_b20_q100_3 - INFO - current val_accuracy: 0.4952170713760118
2020-03-20 22:33:48,578 - exp_torch_topics_d128_margin_i2000_b20_q100_3 - INFO - start step #57
2020-03-20 22:33:54,172 - exp_torch_topics_d128_margin_i2000_b20_q100_3 - INFO - query idx: [93943 35849  3912 96035 93858 30438 85365 93305 11288 29008  3031 15632
 88468 46334 79415 83139 37791 66542  2288 89940]
2020-03-20 22:33:56,806 - exp_torch_topics_d128_margin_i2000_b20_q100_3 - INFO - finish step #57 for 8.227822065353394 sec
2020-03-20 22:33:56,806 - exp_torch_topics_d128_margin_i2000_b20_q100_3 - INFO - current val_accuracy: 0.496747608535688
2020-03-20 22:33:56,806 - exp_torch_topics_d128_margin_i2000_b20_q100_3 - INFO - start step #58
2020-03-20 22:34:03,204 - exp_torch_topics_d128_margin_i2000_b20_q100_3 - INFO - query idx: [68316 49305 20691 26748 44665 33642 35513 57486 62276 14822 56586 27208
 79662 54753 31918 83525 91829 97937 16620 94284]
2020-03-20 22:34:07,240 - exp_torch_topics_d128_margin_i2000_b20_q100_3 - INFO - finish step #58 for 10.434107065200806 sec
2020-03-20 22:34:07,241 - exp_torch_topics_d128_margin_i2000_b20_q100_3 - INFO - current val_accuracy: 0.5031935246504783
2020-03-20 22:34:07,241 - exp_torch_topics_d128_margin_i2000_b20_q100_3 - INFO - start step #59
2020-03-20 22:34:12,874 - exp_torch_topics_d128_margin_i2000_b20_q100_3 - INFO - query idx: [71716 97830 76835 62191  1938  1712 49682 46668 92848 26807 18228 14190
 89194 91532   512 77215 71386 68107 68846 52237]
2020-03-20 22:34:15,506 - exp_torch_topics_d128_margin_i2000_b20_q100_3 - INFO - finish step #59 for 8.265136003494263 sec
2020-03-20 22:34:15,507 - exp_torch_topics_d128_margin_i2000_b20_q100_3 - INFO - current val_accuracy: 0.5060779985283297
2020-03-20 22:34:15,507 - exp_torch_topics_d128_margin_i2000_b20_q100_3 - INFO - start step #60
2020-03-20 22:34:23,337 - exp_torch_topics_d128_margin_i2000_b20_q100_3 - INFO - query idx: [78120 97234 21260 14065 91795 34874 88642 18693 69135 95309 77630 48724
 27773 84515 89629  2670 60361 72871 45835  8802]
2020-03-20 22:34:27,659 - exp_torch_topics_d128_margin_i2000_b20_q100_3 - INFO - finish step #60 for 12.152171850204468 sec
2020-03-20 22:34:27,659 - exp_torch_topics_d128_margin_i2000_b20_q100_3 - INFO - current val_accuracy: 0.5071670345842532
2020-03-20 22:34:27,659 - exp_torch_topics_d128_margin_i2000_b20_q100_3 - INFO - start step #61
2020-03-20 22:34:33,344 - exp_torch_topics_d128_margin_i2000_b20_q100_3 - INFO - query idx: [50664 62365  2675 50128 22179 12463  7033 53994 79343 33451 44899 32862
 11696 38838 77626 97136 60757 96876 83491 32247]
2020-03-20 22:34:35,916 - exp_torch_topics_d128_margin_i2000_b20_q100_3 - INFO - finish step #61 for 8.256447076797485 sec
2020-03-20 22:34:35,917 - exp_torch_topics_d128_margin_i2000_b20_q100_3 - INFO - current val_accuracy: 0.5081972038263429
2020-03-20 22:34:35,917 - exp_torch_topics_d128_margin_i2000_b20_q100_3 - INFO - start step #62
2020-03-20 22:34:41,430 - exp_torch_topics_d128_margin_i2000_b20_q100_3 - INFO - query idx: [68361  2506 16685 33798 12961 16109  1383 88147 16185 90418 87718 95700
 76837 62440 68292 43438 84647 85574 21755 81357]
2020-03-20 22:34:43,987 - exp_torch_topics_d128_margin_i2000_b20_q100_3 - INFO - finish step #62 for 8.070243120193481 sec
2020-03-20 22:34:43,988 - exp_torch_topics_d128_margin_i2000_b20_q100_3 - INFO - current val_accuracy: 0.5069610007358352
2020-03-20 22:34:43,988 - exp_torch_topics_d128_margin_i2000_b20_q100_3 - INFO - start step #63
2020-03-20 22:34:49,595 - exp_torch_topics_d128_margin_i2000_b20_q100_3 - INFO - query idx: [43873 68209 44874 86206 12705 43747 70719 81514 82668 22473 93614 23114
  4840  6527   761 11680 31699 11027 57847 88862]
2020-03-20 22:34:52,118 - exp_torch_topics_d128_margin_i2000_b20_q100_3 - INFO - finish step #63 for 8.130297183990479 sec
2020-03-20 22:34:52,118 - exp_torch_topics_d128_margin_i2000_b20_q100_3 - INFO - current val_accuracy: 0.5060779985283297
2020-03-20 22:34:52,119 - exp_torch_topics_d128_margin_i2000_b20_q100_3 - INFO - start step #64
2020-03-20 22:34:57,659 - exp_torch_topics_d128_margin_i2000_b20_q100_3 - INFO - query idx: [77480 16290 12115 86205 74246 69511 61718  1781 49374 50431 14877 53690
 15072 10661   244 58397 42512 27144 85470  7395]
2020-03-20 22:35:00,402 - exp_torch_topics_d128_margin_i2000_b20_q100_3 - INFO - finish step #64 for 8.282819986343384 sec
2020-03-20 22:35:00,402 - exp_torch_topics_d128_margin_i2000_b20_q100_3 - INFO - current val_accuracy: 0.509374540103017
2020-03-20 22:35:00,402 - exp_torch_topics_d128_margin_i2000_b20_q100_3 - INFO - start step #65
2020-03-20 22:35:05,947 - exp_torch_topics_d128_margin_i2000_b20_q100_3 - INFO - query idx: [47388 27417 94182 14181 28906 22905 95291 31747 82464 46185   898 36290
 16726 39361  6036 69351 17922 40158 87438 41927]
2020-03-20 22:35:08,567 - exp_torch_topics_d128_margin_i2000_b20_q100_3 - INFO - finish step #65 for 8.16494607925415 sec
2020-03-20 22:35:08,567 - exp_torch_topics_d128_margin_i2000_b20_q100_3 - INFO - current val_accuracy: 0.5088153053715968
2020-03-20 22:35:08,567 - exp_torch_topics_d128_margin_i2000_b20_q100_3 - INFO - start step #66
2020-03-20 22:35:14,189 - exp_torch_topics_d128_margin_i2000_b20_q100_3 - INFO - query idx: [67530 84859 36195 66816 82285 29154 10619 63594  1773 60490    18 89276
 61287 57510    19 35595 72597 23073 36223 42654]
2020-03-20 22:35:16,728 - exp_torch_topics_d128_margin_i2000_b20_q100_3 - INFO - finish step #66 for 8.160396099090576 sec
2020-03-20 22:35:16,728 - exp_torch_topics_d128_margin_i2000_b20_q100_3 - INFO - current val_accuracy: 0.5066961000735836
2020-03-20 22:35:16,728 - exp_torch_topics_d128_margin_i2000_b20_q100_3 - INFO - start step #67
2020-03-20 22:35:22,297 - exp_torch_topics_d128_margin_i2000_b20_q100_3 - INFO - query idx: [66002  3263 77435 10784 70880 95124 80176 16789 62979 63565 57378 84126
 26373 14111 31193 66619 95801 25329 11590 31450]
2020-03-20 22:35:24,864 - exp_torch_topics_d128_margin_i2000_b20_q100_3 - INFO - finish step #67 for 8.136059761047363 sec
2020-03-20 22:35:24,864 - exp_torch_topics_d128_margin_i2000_b20_q100_3 - INFO - current val_accuracy: 0.5079617365710081
2020-03-20 22:35:24,865 - exp_torch_topics_d128_margin_i2000_b20_q100_3 - INFO - start step #68
2020-03-20 22:35:30,421 - exp_torch_topics_d128_margin_i2000_b20_q100_3 - INFO - query idx: [71663 28320 24751 74403 76920 30142 57519  1902 90497 62378 42835 18624
 88159 17920 67554 47672 83830 14495 52331 84647]
2020-03-20 22:35:33,078 - exp_torch_topics_d128_margin_i2000_b20_q100_3 - INFO - finish step #68 for 8.21366024017334 sec
2020-03-20 22:35:33,079 - exp_torch_topics_d128_margin_i2000_b20_q100_3 - INFO - current val_accuracy: 0.5076379690949228
2020-03-20 22:35:33,079 - exp_torch_topics_d128_margin_i2000_b20_q100_3 - INFO - start step #69
2020-03-20 22:35:38,593 - exp_torch_topics_d128_margin_i2000_b20_q100_3 - INFO - query idx: [79356 86092 47946 79532 57668 44390 85636 28266 19705 66960 36743 25614
 70652 68161 58209 69668 55301 68465 32209 68181]
2020-03-20 22:35:41,451 - exp_torch_topics_d128_margin_i2000_b20_q100_3 - INFO - finish step #69 for 8.372424125671387 sec
2020-03-20 22:35:41,452 - exp_torch_topics_d128_margin_i2000_b20_q100_3 - INFO - current val_accuracy: 0.5061662987490803
2020-03-20 22:35:41,452 - exp_torch_topics_d128_margin_i2000_b20_q100_3 - INFO - start step #70
2020-03-20 22:36:04,026 - exp_torch_topics_d128_margin_i2000_b20_q100_3 - INFO - query idx: [63545 11916 21790 60693 34864 43306 15479 36724  2061 52693  2983 67310
  7005 51031 47951 46669 49065 52118 82820 38414]
2020-03-20 22:36:16,223 - exp_torch_topics_d128_margin_i2000_b20_q100_3 - INFO - finish step #70 for 34.77140140533447 sec
2020-03-20 22:36:16,328 - exp_torch_topics_d128_margin_i2000_b20_q100_3 - INFO - current val_accuracy: 0.5086681383370125
2020-03-20 22:36:16,329 - exp_torch_topics_d128_margin_i2000_b20_q100_3 - INFO - start step #71
2020-03-20 22:36:36,981 - exp_torch_topics_d128_margin_i2000_b20_q100_3 - INFO - query idx: [47061 22733 31345 53569 74155  3129 73738 78689 84790 47134 89994 51246
 38747 29286 31894 77822 37287 68819 25443 44696]
2020-03-20 22:36:44,721 - exp_torch_topics_d128_margin_i2000_b20_q100_3 - INFO - finish step #71 for 28.391980171203613 sec
2020-03-20 22:36:44,721 - exp_torch_topics_d128_margin_i2000_b20_q100_3 - INFO - current val_accuracy: 0.5085209713024282
2020-03-20 22:36:44,721 - exp_torch_topics_d128_margin_i2000_b20_q100_3 - INFO - start step #72
2020-03-20 22:36:50,622 - exp_torch_topics_d128_margin_i2000_b20_q100_3 - INFO - query idx: [16974 23641  1818 36889  5659 80564 80353  3236 76454 42610 22573 71135
 69968 68957 66162 57586 97194 49247  2145 91985]
2020-03-20 22:36:53,335 - exp_torch_topics_d128_margin_i2000_b20_q100_3 - INFO - finish step #72 for 8.613438844680786 sec
2020-03-20 22:36:53,335 - exp_torch_topics_d128_margin_i2000_b20_q100_3 - INFO - current val_accuracy: 0.5088741721854305
2020-03-20 22:36:53,335 - exp_torch_topics_d128_margin_i2000_b20_q100_3 - INFO - start step #73
2020-03-20 22:37:19,688 - exp_torch_topics_d128_margin_i2000_b20_q100_3 - INFO - query idx: [56123 65941 94351 79851 49977 23787 29097 29759  9282 51912 19942  8350
  2700 19523 29487  3582 39100 77733 81545  9118]
2020-03-20 22:37:35,763 - exp_torch_topics_d128_margin_i2000_b20_q100_3 - INFO - finish step #73 for 42.427736043930054 sec
2020-03-20 22:37:35,764 - exp_torch_topics_d128_margin_i2000_b20_q100_3 - INFO - current val_accuracy: 0.5104047093451067
2020-03-20 22:37:35,764 - exp_torch_topics_d128_margin_i2000_b20_q100_3 - INFO - start step #74
2020-03-20 22:37:51,224 - exp_torch_topics_d128_margin_i2000_b20_q100_3 - INFO - query idx: [98254 97399 76619 76627 89599 72774 11149 89552 57432 80067 95950 72258
 84262 47521 36806 14854 86474  5762 20087 42871]
2020-03-20 22:37:58,445 - exp_torch_topics_d128_margin_i2000_b20_q100_3 - INFO - finish step #74 for 22.681241035461426 sec
2020-03-20 22:37:58,445 - exp_torch_topics_d128_margin_i2000_b20_q100_3 - INFO - current val_accuracy: 0.509551140544518
2020-03-20 22:37:58,445 - exp_torch_topics_d128_margin_i2000_b20_q100_3 - INFO - start step #75
2020-03-20 22:38:07,322 - exp_torch_topics_d128_margin_i2000_b20_q100_3 - INFO - query idx: [45572  2510 34682 72365 41411 95143 45413 33971 62266 97806 44441 65949
  4266 19117  7647 68843 72046 23051 78705 40410]
2020-03-20 22:38:11,920 - exp_torch_topics_d128_margin_i2000_b20_q100_3 - INFO - finish step #75 for 13.474178075790405 sec
2020-03-20 22:38:11,922 - exp_torch_topics_d128_margin_i2000_b20_q100_3 - INFO - current val_accuracy: 0.5119941133186167
2020-03-20 22:38:11,922 - exp_torch_topics_d128_margin_i2000_b20_q100_3 - INFO - start step #76
2020-03-20 22:38:20,399 - exp_torch_topics_d128_margin_i2000_b20_q100_3 - INFO - query idx: [32987 92710 11588  8511 63182 88526 17187 65598 59348 91299 71564 66169
 49768 68808 76996 34001 78112 46206 21188 19061]
2020-03-20 22:38:24,660 - exp_torch_topics_d128_margin_i2000_b20_q100_3 - INFO - finish step #76 for 12.737519025802612 sec
2020-03-20 22:38:24,660 - exp_torch_topics_d128_margin_i2000_b20_q100_3 - INFO - current val_accuracy: 0.5110816777041942
2020-03-20 22:38:24,660 - exp_torch_topics_d128_margin_i2000_b20_q100_3 - INFO - start step #77
2020-03-20 22:38:33,730 - exp_torch_topics_d128_margin_i2000_b20_q100_3 - INFO - query idx: [67718 41885 19714 62967 48093 62959 63926 27717 10298 42263  7719 16259
 83430 74609 52482 71261 54121 94213 42148 18045]
2020-03-20 22:38:38,408 - exp_torch_topics_d128_margin_i2000_b20_q100_3 - INFO - finish step #77 for 13.74773120880127 sec
2020-03-20 22:38:38,408 - exp_torch_topics_d128_margin_i2000_b20_q100_3 - INFO - current val_accuracy: 0.51093451066961
2020-03-20 22:38:38,408 - exp_torch_topics_d128_margin_i2000_b20_q100_3 - INFO - start step #78
2020-03-20 22:38:46,579 - exp_torch_topics_d128_margin_i2000_b20_q100_3 - INFO - query idx: [96915 22826 12705 35055 31776 76793  3524 43700 67209 96684  3496 42712
 45519 59692 53323 36007 20126 29921 77750 17568]
2020-03-20 22:38:50,635 - exp_torch_topics_d128_margin_i2000_b20_q100_3 - INFO - finish step #78 for 12.226820945739746 sec
2020-03-20 22:38:50,635 - exp_torch_topics_d128_margin_i2000_b20_q100_3 - INFO - current val_accuracy: 0.5090213392200147
2020-03-20 22:38:50,636 - exp_torch_topics_d128_margin_i2000_b20_q100_3 - INFO - start step #79
2020-03-20 22:38:58,887 - exp_torch_topics_d128_margin_i2000_b20_q100_3 - INFO - query idx: [89017 10923 24685 51279 74529 25097 51704  4959 17280 72880 46775 71493
 87402 60200 56971 42402 66521 76494 67813 48527]
2020-03-20 22:39:02,858 - exp_torch_topics_d128_margin_i2000_b20_q100_3 - INFO - finish step #79 for 12.222203731536865 sec
2020-03-20 22:39:02,858 - exp_torch_topics_d128_margin_i2000_b20_q100_3 - INFO - current val_accuracy: 0.5086092715231788
2020-03-20 22:39:02,858 - exp_torch_topics_d128_margin_i2000_b20_q100_3 - INFO - start step #80
2020-03-20 22:39:11,139 - exp_torch_topics_d128_margin_i2000_b20_q100_3 - INFO - query idx: [24264 58262 10612  2124 65844 48165 74351 53755 30102 21340 68103 12626
 40458 62203 40508 52116 24756 27213 97943 64443]
2020-03-20 22:39:15,051 - exp_torch_topics_d128_margin_i2000_b20_q100_3 - INFO - finish step #80 for 12.19269871711731 sec
2020-03-20 22:39:15,051 - exp_torch_topics_d128_margin_i2000_b20_q100_3 - INFO - current val_accuracy: 0.5011331861662988
2020-03-20 22:39:15,051 - exp_torch_topics_d128_margin_i2000_b20_q100_3 - INFO - start step #81
2020-03-20 22:39:23,739 - exp_torch_topics_d128_margin_i2000_b20_q100_3 - INFO - query idx: [88289 38099 15209 70619 96727 28066 73041 40450 34684 42552 82174 88406
 26288 34386 14010 73475 15365 36028 59931 86270]
2020-03-20 22:39:27,786 - exp_torch_topics_d128_margin_i2000_b20_q100_3 - INFO - finish step #81 for 12.734524011611938 sec
2020-03-20 22:39:27,786 - exp_torch_topics_d128_margin_i2000_b20_q100_3 - INFO - current val_accuracy: 0.4964532744665195
2020-03-20 22:39:27,786 - exp_torch_topics_d128_margin_i2000_b20_q100_3 - INFO - start step #82
2020-03-20 22:39:35,858 - exp_torch_topics_d128_margin_i2000_b20_q100_3 - INFO - query idx: [63139 25000 65766 33801 91365  2106 96825 16316 57695 56440 72529 28386
 46836 37195  2397 10545 81025  9216  6940 41582]
2020-03-20 22:39:39,527 - exp_torch_topics_d128_margin_i2000_b20_q100_3 - INFO - finish step #82 for 11.740237712860107 sec
2020-03-20 22:39:39,527 - exp_torch_topics_d128_margin_i2000_b20_q100_3 - INFO - current val_accuracy: 0.5040765268579838
2020-03-20 22:39:39,527 - exp_torch_topics_d128_margin_i2000_b20_q100_3 - INFO - start step #83
2020-03-20 22:39:46,762 - exp_torch_topics_d128_margin_i2000_b20_q100_3 - INFO - query idx: [77568 13110 40892 31939 39057 82910 64574  8302 57682 93019 46232 56571
 36387  1799 38819 19686 50238 51285 68814 66812]
2020-03-20 22:39:50,598 - exp_torch_topics_d128_margin_i2000_b20_q100_3 - INFO - finish step #83 for 11.07120418548584 sec
2020-03-20 22:39:50,599 - exp_torch_topics_d128_margin_i2000_b20_q100_3 - INFO - current val_accuracy: 0.5069610007358352
2020-03-20 22:39:50,599 - exp_torch_topics_d128_margin_i2000_b20_q100_3 - INFO - start step #84
2020-03-20 22:39:58,619 - exp_torch_topics_d128_margin_i2000_b20_q100_3 - INFO - query idx: [91984 88232 67463  3439 49787  5678 86318 75347 79401 16851 95522 16007
 51298 74662 84699   270 68416 49324 88188 87468]
2020-03-20 22:40:02,551 - exp_torch_topics_d128_margin_i2000_b20_q100_3 - INFO - finish step #84 for 11.952327013015747 sec
2020-03-20 22:40:02,551 - exp_torch_topics_d128_margin_i2000_b20_q100_3 - INFO - current val_accuracy: 0.5151729212656365
2020-03-20 22:40:02,552 - exp_torch_topics_d128_margin_i2000_b20_q100_3 - INFO - start step #85
2020-03-20 22:40:10,203 - exp_torch_topics_d128_margin_i2000_b20_q100_3 - INFO - query idx: [63410 21809 63412 28630 22027 84717 55089 30300  2671 13907 63869 25271
 26234 36884 90706 65000 66871 20142 62342 10253]
2020-03-20 22:40:13,972 - exp_torch_topics_d128_margin_i2000_b20_q100_3 - INFO - finish step #85 for 11.42068099975586 sec
2020-03-20 22:40:13,972 - exp_torch_topics_d128_margin_i2000_b20_q100_3 - INFO - current val_accuracy: 0.5184105960264901
2020-03-20 22:40:13,974 - exp_torch_topics_d128_margin_i2000_b20_q100_3 - INFO - start step #86
2020-03-20 22:40:21,065 - exp_torch_topics_d128_margin_i2000_b20_q100_3 - INFO - query idx: [15780 28373 62105 50533 45201 87130 50717 16656 28981 19849 26482 33010
 76613 31621 64808 48067 40733 44687 90692 67493]
2020-03-20 22:40:24,871 - exp_torch_topics_d128_margin_i2000_b20_q100_3 - INFO - finish step #86 for 10.89689588546753 sec
2020-03-20 22:40:24,871 - exp_torch_topics_d128_margin_i2000_b20_q100_3 - INFO - current val_accuracy: 0.517439293598234
2020-03-20 22:40:24,871 - exp_torch_topics_d128_margin_i2000_b20_q100_3 - INFO - start step #87
2020-03-20 22:40:32,278 - exp_torch_topics_d128_margin_i2000_b20_q100_3 - INFO - query idx: [94704 38281 28729 15799 51361 51941 53581 56147 38816 71515 81129 19416
 25855 76972 81419 87418 71623 94100  5256 21805]
2020-03-20 22:40:36,065 - exp_torch_topics_d128_margin_i2000_b20_q100_3 - INFO - finish step #87 for 11.193558931350708 sec
2020-03-20 22:40:36,065 - exp_torch_topics_d128_margin_i2000_b20_q100_3 - INFO - current val_accuracy: 0.5184988962472407
2020-03-20 22:40:36,065 - exp_torch_topics_d128_margin_i2000_b20_q100_3 - INFO - start step #88
2020-03-20 22:40:46,434 - exp_torch_topics_d128_margin_i2000_b20_q100_3 - INFO - query idx: [62578 96836 20014  1042 82307 24993 72582 24169  3030  5390 44476 15212
 74099 20886 47553 75772  2160 72480 94499 64783]
2020-03-20 22:40:54,195 - exp_torch_topics_d128_margin_i2000_b20_q100_3 - INFO - finish step #88 for 18.12907385826111 sec
2020-03-20 22:40:54,195 - exp_torch_topics_d128_margin_i2000_b20_q100_3 - INFO - current val_accuracy: 0.5199705665930832
2020-03-20 22:40:54,195 - exp_torch_topics_d128_margin_i2000_b20_q100_3 - INFO - start step #89
2020-03-20 22:41:02,384 - exp_torch_topics_d128_margin_i2000_b20_q100_3 - INFO - query idx: [68087 42445 31330 61556 92059 73913 78276 46349  2008 94479 50196 60041
 63919 71084 94947 73513 44452 56942 83577  7660]
2020-03-20 22:41:05,994 - exp_torch_topics_d128_margin_i2000_b20_q100_3 - INFO - finish step #89 for 11.799330949783325 sec
2020-03-20 22:41:05,996 - exp_torch_topics_d128_margin_i2000_b20_q100_3 - INFO - current val_accuracy: 0.5168211920529802
2020-03-20 22:41:05,997 - exp_torch_topics_d128_margin_i2000_b20_q100_3 - INFO - start step #90
2020-03-20 22:41:13,520 - exp_torch_topics_d128_margin_i2000_b20_q100_3 - INFO - query idx: [ 2420 79718 18951 89499 81153  7297 69325 84338 76452 84271 73339 87351
 97432 90751 32671 85092 55535 26706 55077 70585]
2020-03-20 22:41:16,910 - exp_torch_topics_d128_margin_i2000_b20_q100_3 - INFO - finish step #90 for 10.913692951202393 sec
2020-03-20 22:41:16,911 - exp_torch_topics_d128_margin_i2000_b20_q100_3 - INFO - current val_accuracy: 0.5169094922737307
2020-03-20 22:41:16,911 - exp_torch_topics_d128_margin_i2000_b20_q100_3 - INFO - start step #91
2020-03-20 22:41:25,127 - exp_torch_topics_d128_margin_i2000_b20_q100_3 - INFO - query idx: [77504 96879 71571 49028 15293 34416 49034 76886  2932 87560 60353  1319
  5526 94425 50295 63702 94118 81958 19976 61805]
2020-03-20 22:41:28,794 - exp_torch_topics_d128_margin_i2000_b20_q100_3 - INFO - finish step #91 for 11.883256912231445 sec
2020-03-20 22:41:28,794 - exp_torch_topics_d128_margin_i2000_b20_q100_3 - INFO - current val_accuracy: 0.5161736571008094
2020-03-20 22:41:28,794 - exp_torch_topics_d128_margin_i2000_b20_q100_3 - INFO - start step #92
2020-03-20 22:41:35,954 - exp_torch_topics_d128_margin_i2000_b20_q100_3 - INFO - query idx: [23694 74979 87849 97310 77563 56350  4351 86604 66849 74876 76341 48745
 23931 12071 96298 10294 59710 24341 51728 64882]
2020-03-20 22:41:39,339 - exp_torch_topics_d128_margin_i2000_b20_q100_3 - INFO - finish step #92 for 10.54413104057312 sec
2020-03-20 22:41:39,339 - exp_torch_topics_d128_margin_i2000_b20_q100_3 - INFO - current val_accuracy: 0.5167623252391464
2020-03-20 22:41:39,339 - exp_torch_topics_d128_margin_i2000_b20_q100_3 - INFO - start step #93
2020-03-20 22:41:46,739 - exp_torch_topics_d128_margin_i2000_b20_q100_3 - INFO - query idx: [97420 85385 38618 31577 49528 57457 54869 88135 20584 46747 73876 63338
 35121 68409 18306 16977 75145 87602 77703  6662]
2020-03-20 22:41:50,052 - exp_torch_topics_d128_margin_i2000_b20_q100_3 - INFO - finish step #93 for 10.712582111358643 sec
2020-03-20 22:41:50,052 - exp_torch_topics_d128_margin_i2000_b20_q100_3 - INFO - current val_accuracy: 0.5167917586460633
2020-03-20 22:41:50,052 - exp_torch_topics_d128_margin_i2000_b20_q100_3 - INFO - start step #94
2020-03-20 22:41:58,655 - exp_torch_topics_d128_margin_i2000_b20_q100_3 - INFO - query idx: [10351 67738 63053 69731 12864 49945 33776 11277 82508 21896 32059 76831
 49111  5748 49075 58026 78044 58864 96279 91212]
2020-03-20 22:42:03,587 - exp_torch_topics_d128_margin_i2000_b20_q100_3 - INFO - finish step #94 for 13.534353971481323 sec
2020-03-20 22:42:03,587 - exp_torch_topics_d128_margin_i2000_b20_q100_3 - INFO - current val_accuracy: 0.5181162619573215
2020-03-20 22:42:03,587 - exp_torch_topics_d128_margin_i2000_b20_q100_3 - INFO - start step #95
2020-03-20 22:42:10,692 - exp_torch_topics_d128_margin_i2000_b20_q100_3 - INFO - query idx: [87412 46531  2831 93066 27569 70523 46857 66689 22522 44456  4001  6723
 16487 37708 97602  3557 29389 40436   246 91178]
2020-03-20 22:42:14,673 - exp_torch_topics_d128_margin_i2000_b20_q100_3 - INFO - finish step #95 for 11.08607792854309 sec
2020-03-20 22:42:14,673 - exp_torch_topics_d128_margin_i2000_b20_q100_3 - INFO - current val_accuracy: 0.517233259749816
2020-03-20 22:42:14,675 - exp_torch_topics_d128_margin_i2000_b20_q100_3 - INFO - start step #96
2020-03-20 22:42:21,889 - exp_torch_topics_d128_margin_i2000_b20_q100_3 - INFO - query idx: [68605 42894 22358 22626 33494  8291 68190 13610  1033 22733  6260 68852
 44514 51267 71615  6153 36814 53352 13232 76001]
2020-03-20 22:42:25,517 - exp_torch_topics_d128_margin_i2000_b20_q100_3 - INFO - finish step #96 for 10.84125828742981 sec
2020-03-20 22:42:25,517 - exp_torch_topics_d128_margin_i2000_b20_q100_3 - INFO - current val_accuracy: 0.5169683590875643
2020-03-20 22:42:25,517 - exp_torch_topics_d128_margin_i2000_b20_q100_3 - INFO - start step #97
2020-03-20 22:42:33,338 - exp_torch_topics_d128_margin_i2000_b20_q100_3 - INFO - query idx: [15274 19861 29766 96839  3599 49298 80169 45744 90103 90942 84921 28227
  8455 21192 27061 42341  3798 10078 76008 44809]
2020-03-20 22:42:36,950 - exp_torch_topics_d128_margin_i2000_b20_q100_3 - INFO - finish step #97 for 11.433151006698608 sec
2020-03-20 22:42:36,951 - exp_torch_topics_d128_margin_i2000_b20_q100_3 - INFO - current val_accuracy: 0.5178219278881531
2020-03-20 22:42:36,951 - exp_torch_topics_d128_margin_i2000_b20_q100_3 - INFO - start step #98
2020-03-20 22:42:44,069 - exp_torch_topics_d128_margin_i2000_b20_q100_3 - INFO - query idx: [79725 78469 55116  7864 19487 10777 21180 66008 32995  6019 92295 88599
 32537 12411 79678 34722 66525 37259 86513 86119]
2020-03-20 22:42:47,910 - exp_torch_topics_d128_margin_i2000_b20_q100_3 - INFO - finish step #98 for 10.959577798843384 sec
2020-03-20 22:42:47,911 - exp_torch_topics_d128_margin_i2000_b20_q100_3 - INFO - current val_accuracy: 0.5179102281089036
2020-03-20 22:42:47,911 - exp_torch_topics_d128_margin_i2000_b20_q100_3 - INFO - start step #99
2020-03-20 22:42:55,136 - exp_torch_topics_d128_margin_i2000_b20_q100_3 - INFO - query idx: [37601 53070 43703 80633 38735 36121  4483 65458 16812 21804 35379 69847
 44280 84299 29842 53066 85234 85745 39376 48998]
2020-03-20 22:42:59,004 - exp_torch_topics_d128_margin_i2000_b20_q100_3 - INFO - finish step #99 for 11.093307971954346 sec
2020-03-20 22:42:59,004 - exp_torch_topics_d128_margin_i2000_b20_q100_3 - INFO - current val_accuracy: 0.5182928623988227
2020-03-20 22:42:59,005 - exp_torch_topics_d128_margin_i2000_b20_q100_3 - INFO - finish experiment process for 1087.6387360095978 sec
