2020-03-18 17:38:34,388 - exp_torch_topics_margin_i2000_b20_1 - INFO - start experiment process
2020-03-18 17:38:43,221 - exp_torch_topics_margin_i2000_b20_1 - INFO - initial val_accuracy: 0.3990581309786608
2020-03-18 17:38:43,224 - exp_torch_topics_margin_i2000_b20_1 - INFO - start step #0
2020-03-18 17:38:50,380 - exp_torch_topics_margin_i2000_b20_1 - INFO - finish step #0 for 7.156000852584839 sec
2020-03-18 17:38:50,384 - exp_torch_topics_margin_i2000_b20_1 - INFO - current val_accuracy: 0.30719646799116995
2020-03-18 17:38:50,390 - exp_torch_topics_margin_i2000_b20_1 - INFO - start step #1
2020-03-18 17:38:53,220 - exp_torch_topics_margin_i2000_b20_1 - INFO - finish step #1 for 2.8296220302581787 sec
2020-03-18 17:38:53,220 - exp_torch_topics_margin_i2000_b20_1 - INFO - current val_accuracy: 0.3127888153053716
2020-03-18 17:38:53,220 - exp_torch_topics_margin_i2000_b20_1 - INFO - start step #2
2020-03-18 17:38:58,211 - exp_torch_topics_margin_i2000_b20_1 - INFO - finish step #2 for 4.9904632568359375 sec
2020-03-18 17:38:58,211 - exp_torch_topics_margin_i2000_b20_1 - INFO - current val_accuracy: 0.3106696100073584
2020-03-18 17:38:58,212 - exp_torch_topics_margin_i2000_b20_1 - INFO - start step #3
2020-03-18 17:39:03,853 - exp_torch_topics_margin_i2000_b20_1 - INFO - finish step #3 for 5.641026973724365 sec
2020-03-18 17:39:04,215 - exp_torch_topics_margin_i2000_b20_1 - INFO - current val_accuracy: 0.30934510669610005
2020-03-18 17:39:04,217 - exp_torch_topics_margin_i2000_b20_1 - INFO - start step #4
2020-03-18 17:39:08,654 - exp_torch_topics_margin_i2000_b20_1 - INFO - finish step #4 for 4.437085151672363 sec
2020-03-18 17:39:08,655 - exp_torch_topics_margin_i2000_b20_1 - INFO - current val_accuracy: 0.30510669610007357
2020-03-18 17:39:08,655 - exp_torch_topics_margin_i2000_b20_1 - INFO - start step #5
2020-03-18 17:39:12,567 - exp_torch_topics_margin_i2000_b20_1 - INFO - finish step #5 for 3.912015914916992 sec
2020-03-18 17:39:12,568 - exp_torch_topics_margin_i2000_b20_1 - INFO - current val_accuracy: 0.30578366445916116
2020-03-18 17:39:12,568 - exp_torch_topics_margin_i2000_b20_1 - INFO - start step #6
2020-03-18 17:39:16,843 - exp_torch_topics_margin_i2000_b20_1 - INFO - finish step #6 for 4.274976015090942 sec
2020-03-18 17:39:16,843 - exp_torch_topics_margin_i2000_b20_1 - INFO - current val_accuracy: 0.3118763796909492
2020-03-18 17:39:16,844 - exp_torch_topics_margin_i2000_b20_1 - INFO - start step #7
2020-03-18 17:39:22,365 - exp_torch_topics_margin_i2000_b20_1 - INFO - finish step #7 for 5.520190000534058 sec
2020-03-18 17:39:22,366 - exp_torch_topics_margin_i2000_b20_1 - INFO - current val_accuracy: 0.32035320088300223
2020-03-18 17:39:22,366 - exp_torch_topics_margin_i2000_b20_1 - INFO - start step #8
2020-03-18 17:39:25,740 - exp_torch_topics_margin_i2000_b20_1 - INFO - finish step #8 for 3.3738651275634766 sec
2020-03-18 17:39:25,740 - exp_torch_topics_margin_i2000_b20_1 - INFO - current val_accuracy: 0.3206181015452539
2020-03-18 17:39:25,741 - exp_torch_topics_margin_i2000_b20_1 - INFO - start step #9
2020-03-18 17:39:28,292 - exp_torch_topics_margin_i2000_b20_1 - INFO - finish step #9 for 2.551353693008423 sec
2020-03-18 17:39:28,292 - exp_torch_topics_margin_i2000_b20_1 - INFO - current val_accuracy: 0.32259013980868284
2020-03-18 17:39:28,292 - exp_torch_topics_margin_i2000_b20_1 - INFO - start step #10
2020-03-18 17:39:30,718 - exp_torch_topics_margin_i2000_b20_1 - INFO - finish step #10 for 2.4249658584594727 sec
2020-03-18 17:39:30,718 - exp_torch_topics_margin_i2000_b20_1 - INFO - current val_accuracy: 0.3209418690213392
2020-03-18 17:39:30,718 - exp_torch_topics_margin_i2000_b20_1 - INFO - start step #11
2020-03-18 17:39:33,319 - exp_torch_topics_margin_i2000_b20_1 - INFO - finish step #11 for 2.6008739471435547 sec
2020-03-18 17:39:33,320 - exp_torch_topics_margin_i2000_b20_1 - INFO - current val_accuracy: 0.3223841059602649
2020-03-18 17:39:33,320 - exp_torch_topics_margin_i2000_b20_1 - INFO - start step #12
2020-03-18 17:39:35,800 - exp_torch_topics_margin_i2000_b20_1 - INFO - finish step #12 for 2.480318069458008 sec
2020-03-18 17:39:35,801 - exp_torch_topics_margin_i2000_b20_1 - INFO - current val_accuracy: 0.32326710816777043
2020-03-18 17:39:35,801 - exp_torch_topics_margin_i2000_b20_1 - INFO - start step #13
2020-03-18 17:39:39,022 - exp_torch_topics_margin_i2000_b20_1 - INFO - finish step #13 for 3.220757007598877 sec
2020-03-18 17:39:39,023 - exp_torch_topics_margin_i2000_b20_1 - INFO - current val_accuracy: 0.3258278145695364
2020-03-18 17:39:39,024 - exp_torch_topics_margin_i2000_b20_1 - INFO - start step #14
2020-03-18 17:39:42,399 - exp_torch_topics_margin_i2000_b20_1 - INFO - finish step #14 for 3.374847888946533 sec
2020-03-18 17:39:42,399 - exp_torch_topics_margin_i2000_b20_1 - INFO - current val_accuracy: 0.33359823399558497
2020-03-18 17:39:42,399 - exp_torch_topics_margin_i2000_b20_1 - INFO - start step #15
2020-03-18 17:39:45,480 - exp_torch_topics_margin_i2000_b20_1 - INFO - finish step #15 for 3.0805649757385254 sec
2020-03-18 17:39:45,480 - exp_torch_topics_margin_i2000_b20_1 - INFO - current val_accuracy: 0.33339220014716703
2020-03-18 17:39:45,481 - exp_torch_topics_margin_i2000_b20_1 - INFO - start step #16
2020-03-18 17:39:48,242 - exp_torch_topics_margin_i2000_b20_1 - INFO - finish step #16 for 2.761301040649414 sec
2020-03-18 17:39:48,242 - exp_torch_topics_margin_i2000_b20_1 - INFO - current val_accuracy: 0.3335393671817513
2020-03-18 17:39:48,242 - exp_torch_topics_margin_i2000_b20_1 - INFO - start step #17
2020-03-18 17:39:51,162 - exp_torch_topics_margin_i2000_b20_1 - INFO - finish step #17 for 2.919506788253784 sec
2020-03-18 17:39:51,163 - exp_torch_topics_margin_i2000_b20_1 - INFO - current val_accuracy: 0.33044885945548197
2020-03-18 17:39:51,163 - exp_torch_topics_margin_i2000_b20_1 - INFO - start step #18
2020-03-18 17:39:53,833 - exp_torch_topics_margin_i2000_b20_1 - INFO - finish step #18 for 2.6696126461029053 sec
2020-03-18 17:39:53,833 - exp_torch_topics_margin_i2000_b20_1 - INFO - current val_accuracy: 0.33009565857247974
2020-03-18 17:39:53,833 - exp_torch_topics_margin_i2000_b20_1 - INFO - start step #19
2020-03-18 17:39:57,113 - exp_torch_topics_margin_i2000_b20_1 - INFO - finish step #19 for 3.280056953430176 sec
2020-03-18 17:39:57,114 - exp_torch_topics_margin_i2000_b20_1 - INFO - current val_accuracy: 0.32944812362030906
2020-03-18 17:39:57,114 - exp_torch_topics_margin_i2000_b20_1 - INFO - start step #20
2020-03-18 17:39:59,561 - exp_torch_topics_margin_i2000_b20_1 - INFO - finish step #20 for 2.447316884994507 sec
2020-03-18 17:39:59,562 - exp_torch_topics_margin_i2000_b20_1 - INFO - current val_accuracy: 0.3362472406181016
2020-03-18 17:39:59,562 - exp_torch_topics_margin_i2000_b20_1 - INFO - start step #21
2020-03-18 17:40:02,219 - exp_torch_topics_margin_i2000_b20_1 - INFO - finish step #21 for 2.6571860313415527 sec
2020-03-18 17:40:02,219 - exp_torch_topics_margin_i2000_b20_1 - INFO - current val_accuracy: 0.3333333333333333
2020-03-18 17:40:02,220 - exp_torch_topics_margin_i2000_b20_1 - INFO - start step #22
2020-03-18 17:40:04,791 - exp_torch_topics_margin_i2000_b20_1 - INFO - finish step #22 for 2.57083797454834 sec
2020-03-18 17:40:04,791 - exp_torch_topics_margin_i2000_b20_1 - INFO - current val_accuracy: 0.3335393671817513
2020-03-18 17:40:04,791 - exp_torch_topics_margin_i2000_b20_1 - INFO - start step #23
2020-03-18 17:40:07,576 - exp_torch_topics_margin_i2000_b20_1 - INFO - finish step #23 for 2.7846570014953613 sec
2020-03-18 17:40:07,576 - exp_torch_topics_margin_i2000_b20_1 - INFO - current val_accuracy: 0.3382192788815305
2020-03-18 17:40:07,577 - exp_torch_topics_margin_i2000_b20_1 - INFO - start step #24
2020-03-18 17:40:10,024 - exp_torch_topics_margin_i2000_b20_1 - INFO - finish step #24 for 2.4470348358154297 sec
2020-03-18 17:40:10,024 - exp_torch_topics_margin_i2000_b20_1 - INFO - current val_accuracy: 0.33330389992641646
2020-03-18 17:40:10,025 - exp_torch_topics_margin_i2000_b20_1 - INFO - start step #25
2020-03-18 17:40:13,498 - exp_torch_topics_margin_i2000_b20_1 - INFO - finish step #25 for 3.473281145095825 sec
2020-03-18 17:40:13,499 - exp_torch_topics_margin_i2000_b20_1 - INFO - current val_accuracy: 0.3372479764532745
2020-03-18 17:40:13,500 - exp_torch_topics_margin_i2000_b20_1 - INFO - start step #26
2020-03-18 17:40:16,087 - exp_torch_topics_margin_i2000_b20_1 - INFO - finish step #26 for 2.5870189666748047 sec
2020-03-18 17:40:16,087 - exp_torch_topics_margin_i2000_b20_1 - INFO - current val_accuracy: 0.3363944076526858
2020-03-18 17:40:16,087 - exp_torch_topics_margin_i2000_b20_1 - INFO - start step #27
2020-03-18 17:40:18,976 - exp_torch_topics_margin_i2000_b20_1 - INFO - finish step #27 for 2.8889780044555664 sec
2020-03-18 17:40:18,977 - exp_torch_topics_margin_i2000_b20_1 - INFO - current val_accuracy: 0.33542310522442975
2020-03-18 17:40:18,977 - exp_torch_topics_margin_i2000_b20_1 - INFO - start step #28
2020-03-18 17:40:21,758 - exp_torch_topics_margin_i2000_b20_1 - INFO - finish step #28 for 2.7808990478515625 sec
2020-03-18 17:40:21,758 - exp_torch_topics_margin_i2000_b20_1 - INFO - current val_accuracy: 0.33718910963944076
2020-03-18 17:40:21,759 - exp_torch_topics_margin_i2000_b20_1 - INFO - start step #29
2020-03-18 17:40:24,562 - exp_torch_topics_margin_i2000_b20_1 - INFO - finish step #29 for 2.8027701377868652 sec
2020-03-18 17:40:24,562 - exp_torch_topics_margin_i2000_b20_1 - INFO - current val_accuracy: 0.32906548933039
2020-03-18 17:40:24,562 - exp_torch_topics_margin_i2000_b20_1 - INFO - finish experiment process for 110.15440678596497 sec
2020-03-18 22:07:33,813 - exp_torch_topics_margin_i2000_b20_1 - INFO - start experiment process
2020-03-18 22:07:47,542 - exp_torch_topics_margin_i2000_b20_1 - INFO - initial val_accuracy: 0.3933774834437086
2020-03-18 22:07:47,546 - exp_torch_topics_margin_i2000_b20_1 - INFO - start step #0
2020-03-18 22:08:02,168 - exp_torch_topics_margin_i2000_b20_1 - INFO - finish step #0 for 14.621242046356201 sec
2020-03-18 22:08:02,280 - exp_torch_topics_margin_i2000_b20_1 - INFO - current val_accuracy: 0.39532008830022075
2020-03-18 22:08:02,286 - exp_torch_topics_margin_i2000_b20_1 - INFO - start step #1
2020-03-18 22:08:12,527 - exp_torch_topics_margin_i2000_b20_1 - INFO - finish step #1 for 10.24042010307312 sec
2020-03-18 22:08:12,530 - exp_torch_topics_margin_i2000_b20_1 - INFO - current val_accuracy: 0.3985871964679912
2020-03-18 22:08:12,530 - exp_torch_topics_margin_i2000_b20_1 - INFO - start step #2
2020-03-18 22:08:25,723 - exp_torch_topics_margin_i2000_b20_1 - INFO - finish step #2 for 13.192137956619263 sec
2020-03-18 22:08:25,726 - exp_torch_topics_margin_i2000_b20_1 - INFO - current val_accuracy: 0.4042384105960265
2020-03-18 22:08:25,726 - exp_torch_topics_margin_i2000_b20_1 - INFO - start step #3
2020-03-18 22:08:34,149 - exp_torch_topics_margin_i2000_b20_1 - INFO - finish step #3 for 8.423180103302002 sec
2020-03-18 22:08:34,371 - exp_torch_topics_margin_i2000_b20_1 - INFO - current val_accuracy: 0.39402501839587933
2020-03-18 22:08:34,371 - exp_torch_topics_margin_i2000_b20_1 - INFO - start step #4
2020-03-18 22:08:40,865 - exp_torch_topics_margin_i2000_b20_1 - INFO - finish step #4 for 6.493342876434326 sec
2020-03-18 22:08:40,867 - exp_torch_topics_margin_i2000_b20_1 - INFO - current val_accuracy: 0.3950551876379691
2020-03-18 22:08:40,868 - exp_torch_topics_margin_i2000_b20_1 - INFO - start step #5
2020-03-18 22:08:47,807 - exp_torch_topics_margin_i2000_b20_1 - INFO - finish step #5 for 6.9389050006866455 sec
2020-03-18 22:08:47,808 - exp_torch_topics_margin_i2000_b20_1 - INFO - current val_accuracy: 0.3981162619573216
2020-03-18 22:08:47,808 - exp_torch_topics_margin_i2000_b20_1 - INFO - start step #6
2020-03-18 22:08:53,102 - exp_torch_topics_margin_i2000_b20_1 - INFO - finish step #6 for 5.293542146682739 sec
2020-03-18 22:08:53,106 - exp_torch_topics_margin_i2000_b20_1 - INFO - current val_accuracy: 0.4065636497424577
2020-03-18 22:08:53,106 - exp_torch_topics_margin_i2000_b20_1 - INFO - start step #7
2020-03-18 22:09:02,150 - exp_torch_topics_margin_i2000_b20_1 - INFO - finish step #7 for 9.04217791557312 sec
2020-03-18 22:09:02,156 - exp_torch_topics_margin_i2000_b20_1 - INFO - current val_accuracy: 0.40735835172921264
2020-03-18 22:09:02,156 - exp_torch_topics_margin_i2000_b20_1 - INFO - start step #8
2020-03-18 22:09:20,463 - exp_torch_topics_margin_i2000_b20_1 - INFO - finish step #8 for 18.305328130722046 sec
2020-03-18 22:09:20,466 - exp_torch_topics_margin_i2000_b20_1 - INFO - current val_accuracy: 0.4092126563649742
2020-03-18 22:09:20,466 - exp_torch_topics_margin_i2000_b20_1 - INFO - start step #9
2020-03-18 22:09:26,865 - exp_torch_topics_margin_i2000_b20_1 - INFO - finish step #9 for 6.398532867431641 sec
2020-03-18 22:09:26,866 - exp_torch_topics_margin_i2000_b20_1 - INFO - current val_accuracy: 0.414186902133922
2020-03-18 22:09:26,866 - exp_torch_topics_margin_i2000_b20_1 - INFO - start step #10
2020-03-18 22:09:34,519 - exp_torch_topics_margin_i2000_b20_1 - INFO - finish step #10 for 7.653143882751465 sec
2020-03-18 22:09:34,522 - exp_torch_topics_margin_i2000_b20_1 - INFO - current val_accuracy: 0.4199558498896247
2020-03-18 22:09:34,522 - exp_torch_topics_margin_i2000_b20_1 - INFO - start step #11
2020-03-18 22:09:42,163 - exp_torch_topics_margin_i2000_b20_1 - INFO - finish step #11 for 7.640805006027222 sec
2020-03-18 22:09:42,165 - exp_torch_topics_margin_i2000_b20_1 - INFO - current val_accuracy: 0.42042678440029435
2020-03-18 22:09:42,166 - exp_torch_topics_margin_i2000_b20_1 - INFO - start step #12
2020-03-18 22:09:46,782 - exp_torch_topics_margin_i2000_b20_1 - INFO - finish step #12 for 4.615457057952881 sec
2020-03-18 22:09:46,782 - exp_torch_topics_margin_i2000_b20_1 - INFO - current val_accuracy: 0.420691685062546
2020-03-18 22:09:46,782 - exp_torch_topics_margin_i2000_b20_1 - INFO - start step #13
2020-03-18 22:09:52,901 - exp_torch_topics_margin_i2000_b20_1 - INFO - finish step #13 for 6.118221759796143 sec
2020-03-18 22:09:52,903 - exp_torch_topics_margin_i2000_b20_1 - INFO - current val_accuracy: 0.42398822663723323
2020-03-18 22:09:52,903 - exp_torch_topics_margin_i2000_b20_1 - INFO - start step #14
2020-03-18 22:10:03,584 - exp_torch_topics_margin_i2000_b20_1 - INFO - finish step #14 for 10.67989706993103 sec
2020-03-18 22:10:03,586 - exp_torch_topics_margin_i2000_b20_1 - INFO - current val_accuracy: 0.42442972774098603
2020-03-18 22:10:03,586 - exp_torch_topics_margin_i2000_b20_1 - INFO - start step #15
2020-03-18 22:10:08,159 - exp_torch_topics_margin_i2000_b20_1 - INFO - finish step #15 for 4.572526931762695 sec
2020-03-18 22:10:08,159 - exp_torch_topics_margin_i2000_b20_1 - INFO - current val_accuracy: 0.4294922737306843
2020-03-18 22:10:08,160 - exp_torch_topics_margin_i2000_b20_1 - INFO - start step #16
2020-03-18 22:10:17,687 - exp_torch_topics_margin_i2000_b20_1 - INFO - finish step #16 for 9.525958776473999 sec
2020-03-18 22:10:17,689 - exp_torch_topics_margin_i2000_b20_1 - INFO - current val_accuracy: 0.43337748344370863
2020-03-18 22:10:17,690 - exp_torch_topics_margin_i2000_b20_1 - INFO - start step #17
2020-03-18 22:10:23,656 - exp_torch_topics_margin_i2000_b20_1 - INFO - finish step #17 for 5.966448068618774 sec
2020-03-18 22:10:23,657 - exp_torch_topics_margin_i2000_b20_1 - INFO - current val_accuracy: 0.43346578366445915
2020-03-18 22:10:23,659 - exp_torch_topics_margin_i2000_b20_1 - INFO - start step #18
2020-03-18 22:10:28,631 - exp_torch_topics_margin_i2000_b20_1 - INFO - finish step #18 for 4.971359968185425 sec
2020-03-18 22:10:28,631 - exp_torch_topics_margin_i2000_b20_1 - INFO - current val_accuracy: 0.43420161883738045
2020-03-18 22:10:28,631 - exp_torch_topics_margin_i2000_b20_1 - INFO - start step #19
2020-03-18 22:10:34,858 - exp_torch_topics_margin_i2000_b20_1 - INFO - finish step #19 for 6.225917339324951 sec
2020-03-18 22:10:34,873 - exp_torch_topics_margin_i2000_b20_1 - INFO - current val_accuracy: 0.4346431199411332
2020-03-18 22:10:34,873 - exp_torch_topics_margin_i2000_b20_1 - INFO - start step #20
2020-03-18 22:10:44,907 - exp_torch_topics_margin_i2000_b20_1 - INFO - finish step #20 for 10.032508850097656 sec
2020-03-18 22:10:44,910 - exp_torch_topics_margin_i2000_b20_1 - INFO - current val_accuracy: 0.43688005886681386
2020-03-18 22:10:44,911 - exp_torch_topics_margin_i2000_b20_1 - INFO - start step #21
2020-03-18 22:10:54,341 - exp_torch_topics_margin_i2000_b20_1 - INFO - finish step #21 for 9.430238008499146 sec
2020-03-18 22:10:54,342 - exp_torch_topics_margin_i2000_b20_1 - INFO - current val_accuracy: 0.43428991905813097
2020-03-18 22:10:54,343 - exp_torch_topics_margin_i2000_b20_1 - INFO - start step #22
2020-03-18 22:11:02,040 - exp_torch_topics_margin_i2000_b20_1 - INFO - finish step #22 for 7.696029901504517 sec
2020-03-18 22:11:02,043 - exp_torch_topics_margin_i2000_b20_1 - INFO - current val_accuracy: 0.4362325239146431
2020-03-18 22:11:02,044 - exp_torch_topics_margin_i2000_b20_1 - INFO - start step #23
2020-03-18 22:11:06,656 - exp_torch_topics_margin_i2000_b20_1 - INFO - finish step #23 for 4.612376928329468 sec
2020-03-18 22:11:06,656 - exp_torch_topics_margin_i2000_b20_1 - INFO - current val_accuracy: 0.4384105960264901
2020-03-18 22:11:06,657 - exp_torch_topics_margin_i2000_b20_1 - INFO - start step #24
2020-03-18 22:11:11,561 - exp_torch_topics_margin_i2000_b20_1 - INFO - finish step #24 for 4.903882265090942 sec
2020-03-18 22:11:11,561 - exp_torch_topics_margin_i2000_b20_1 - INFO - current val_accuracy: 0.43811626195732156
2020-03-18 22:11:11,562 - exp_torch_topics_margin_i2000_b20_1 - INFO - start step #25
2020-03-18 22:11:17,355 - exp_torch_topics_margin_i2000_b20_1 - INFO - finish step #25 for 5.792776346206665 sec
2020-03-18 22:11:17,355 - exp_torch_topics_margin_i2000_b20_1 - INFO - current val_accuracy: 0.4388520971302428
2020-03-18 22:11:17,356 - exp_torch_topics_margin_i2000_b20_1 - INFO - start step #26
2020-03-18 22:11:24,346 - exp_torch_topics_margin_i2000_b20_1 - INFO - finish step #26 for 6.9899001121521 sec
2020-03-18 22:11:24,350 - exp_torch_topics_margin_i2000_b20_1 - INFO - current val_accuracy: 0.43991169977924943
2020-03-18 22:11:24,350 - exp_torch_topics_margin_i2000_b20_1 - INFO - start step #27
2020-03-18 22:11:33,465 - exp_torch_topics_margin_i2000_b20_1 - INFO - finish step #27 for 9.114367008209229 sec
2020-03-18 22:11:33,466 - exp_torch_topics_margin_i2000_b20_1 - INFO - current val_accuracy: 0.44241353936718175
2020-03-18 22:11:33,466 - exp_torch_topics_margin_i2000_b20_1 - INFO - start step #28
2020-03-18 22:11:39,386 - exp_torch_topics_margin_i2000_b20_1 - INFO - finish step #28 for 5.919960021972656 sec
2020-03-18 22:11:39,387 - exp_torch_topics_margin_i2000_b20_1 - INFO - current val_accuracy: 0.44135393671817513
2020-03-18 22:11:39,387 - exp_torch_topics_margin_i2000_b20_1 - INFO - start step #29
2020-03-18 22:11:42,924 - exp_torch_topics_margin_i2000_b20_1 - INFO - finish step #29 for 3.537647247314453 sec
2020-03-18 22:11:42,925 - exp_torch_topics_margin_i2000_b20_1 - INFO - current val_accuracy: 0.4338778513612951
2020-03-18 22:11:42,925 - exp_torch_topics_margin_i2000_b20_1 - INFO - finish experiment process for 249.09329199790955 sec
2020-03-19 02:26:38,976 - exp_torch_topics_margin_i2000_b20_1 - INFO - start experiment process
2020-03-19 02:26:45,468 - exp_torch_topics_margin_i2000_b20_1 - INFO - initial val_accuracy: 0.4241648270787344
2020-03-19 02:26:45,473 - exp_torch_topics_margin_i2000_b20_1 - INFO - start step #0
2020-03-19 02:26:50,795 - exp_torch_topics_margin_i2000_b20_1 - INFO - finish step #0 for 5.321170806884766 sec
2020-03-19 02:26:50,795 - exp_torch_topics_margin_i2000_b20_1 - INFO - current val_accuracy: 0.42531272994849156
2020-03-19 02:26:50,803 - exp_torch_topics_margin_i2000_b20_1 - INFO - start step #1
2020-03-19 02:26:54,911 - exp_torch_topics_margin_i2000_b20_1 - INFO - finish step #1 for 4.107959985733032 sec
2020-03-19 02:26:54,911 - exp_torch_topics_margin_i2000_b20_1 - INFO - current val_accuracy: 0.4217807211184695
2020-03-19 02:26:54,911 - exp_torch_topics_margin_i2000_b20_1 - INFO - start step #2
2020-03-19 02:26:57,659 - exp_torch_topics_margin_i2000_b20_1 - INFO - finish step #2 for 2.7477691173553467 sec
2020-03-19 02:26:57,659 - exp_torch_topics_margin_i2000_b20_1 - INFO - current val_accuracy: 0.42381162619573215
2020-03-19 02:26:57,659 - exp_torch_topics_margin_i2000_b20_1 - INFO - start step #3
2020-03-19 02:27:00,343 - exp_torch_topics_margin_i2000_b20_1 - INFO - finish step #3 for 2.683363199234009 sec
2020-03-19 02:27:00,343 - exp_torch_topics_margin_i2000_b20_1 - INFO - current val_accuracy: 0.4116850625459897
2020-03-19 02:27:00,344 - exp_torch_topics_margin_i2000_b20_1 - INFO - start step #4
2020-03-19 02:27:02,958 - exp_torch_topics_margin_i2000_b20_1 - INFO - finish step #4 for 2.613722085952759 sec
2020-03-19 02:27:02,958 - exp_torch_topics_margin_i2000_b20_1 - INFO - current val_accuracy: 0.41836644591611477
2020-03-19 02:27:02,959 - exp_torch_topics_margin_i2000_b20_1 - INFO - start step #5
2020-03-19 02:27:05,595 - exp_torch_topics_margin_i2000_b20_1 - INFO - finish step #5 for 2.636253833770752 sec
2020-03-19 02:27:05,595 - exp_torch_topics_margin_i2000_b20_1 - INFO - current val_accuracy: 0.41754231052244295
2020-03-19 02:27:05,595 - exp_torch_topics_margin_i2000_b20_1 - INFO - start step #6
2020-03-19 02:27:08,345 - exp_torch_topics_margin_i2000_b20_1 - INFO - finish step #6 for 2.749129056930542 sec
2020-03-19 02:27:08,345 - exp_torch_topics_margin_i2000_b20_1 - INFO - current val_accuracy: 0.4274319352465048
2020-03-19 02:27:08,345 - exp_torch_topics_margin_i2000_b20_1 - INFO - start step #7
2020-03-19 02:27:11,220 - exp_torch_topics_margin_i2000_b20_1 - INFO - finish step #7 for 2.8749167919158936 sec
2020-03-19 02:27:11,221 - exp_torch_topics_margin_i2000_b20_1 - INFO - current val_accuracy: 0.4311111111111111
2020-03-19 02:27:11,221 - exp_torch_topics_margin_i2000_b20_1 - INFO - start step #8
2020-03-19 02:27:14,034 - exp_torch_topics_margin_i2000_b20_1 - INFO - finish step #8 for 2.8130991458892822 sec
2020-03-19 02:27:14,034 - exp_torch_topics_margin_i2000_b20_1 - INFO - current val_accuracy: 0.4311994113318617
2020-03-19 02:27:14,035 - exp_torch_topics_margin_i2000_b20_1 - INFO - start step #9
2020-03-19 02:27:16,958 - exp_torch_topics_margin_i2000_b20_1 - INFO - finish step #9 for 2.9234888553619385 sec
2020-03-19 02:27:16,958 - exp_torch_topics_margin_i2000_b20_1 - INFO - current val_accuracy: 0.43764532744665197
2020-03-19 02:27:16,959 - exp_torch_topics_margin_i2000_b20_1 - INFO - start step #10
2020-03-19 02:27:19,772 - exp_torch_topics_margin_i2000_b20_1 - INFO - finish step #10 for 2.813553810119629 sec
2020-03-19 02:27:19,773 - exp_torch_topics_margin_i2000_b20_1 - INFO - current val_accuracy: 0.44150110375275936
2020-03-19 02:27:19,773 - exp_torch_topics_margin_i2000_b20_1 - INFO - start step #11
2020-03-19 02:27:22,603 - exp_torch_topics_margin_i2000_b20_1 - INFO - finish step #11 for 2.8298048973083496 sec
2020-03-19 02:27:22,603 - exp_torch_topics_margin_i2000_b20_1 - INFO - current val_accuracy: 0.44117733627667405
2020-03-19 02:27:22,603 - exp_torch_topics_margin_i2000_b20_1 - INFO - start step #12
2020-03-19 02:27:25,647 - exp_torch_topics_margin_i2000_b20_1 - INFO - finish step #12 for 3.0441620349884033 sec
2020-03-19 02:27:25,648 - exp_torch_topics_margin_i2000_b20_1 - INFO - current val_accuracy: 0.4388520971302428
2020-03-19 02:27:25,648 - exp_torch_topics_margin_i2000_b20_1 - INFO - start step #13
2020-03-19 02:27:28,559 - exp_torch_topics_margin_i2000_b20_1 - INFO - finish step #13 for 2.910814046859741 sec
2020-03-19 02:27:28,559 - exp_torch_topics_margin_i2000_b20_1 - INFO - current val_accuracy: 0.44150110375275936
2020-03-19 02:27:28,559 - exp_torch_topics_margin_i2000_b20_1 - INFO - start step #14
2020-03-19 02:27:31,414 - exp_torch_topics_margin_i2000_b20_1 - INFO - finish step #14 for 2.854276180267334 sec
2020-03-19 02:27:31,414 - exp_torch_topics_margin_i2000_b20_1 - INFO - current val_accuracy: 0.44200147167034587
2020-03-19 02:27:31,414 - exp_torch_topics_margin_i2000_b20_1 - INFO - start step #15
2020-03-19 02:27:34,302 - exp_torch_topics_margin_i2000_b20_1 - INFO - finish step #15 for 2.8880257606506348 sec
2020-03-19 02:27:34,304 - exp_torch_topics_margin_i2000_b20_1 - INFO - current val_accuracy: 0.4413245033112583
2020-03-19 02:27:34,304 - exp_torch_topics_margin_i2000_b20_1 - INFO - start step #16
2020-03-19 02:27:37,416 - exp_torch_topics_margin_i2000_b20_1 - INFO - finish step #16 for 3.1118903160095215 sec
2020-03-19 02:27:37,416 - exp_torch_topics_margin_i2000_b20_1 - INFO - current val_accuracy: 0.4397645327446652
2020-03-19 02:27:37,417 - exp_torch_topics_margin_i2000_b20_1 - INFO - start step #17
2020-03-19 02:27:40,411 - exp_torch_topics_margin_i2000_b20_1 - INFO - finish step #17 for 2.994093894958496 sec
2020-03-19 02:27:40,411 - exp_torch_topics_margin_i2000_b20_1 - INFO - current val_accuracy: 0.4398233995584989
2020-03-19 02:27:40,412 - exp_torch_topics_margin_i2000_b20_1 - INFO - start step #18
2020-03-19 02:27:43,359 - exp_torch_topics_margin_i2000_b20_1 - INFO - finish step #18 for 2.9473371505737305 sec
2020-03-19 02:27:43,359 - exp_torch_topics_margin_i2000_b20_1 - INFO - current val_accuracy: 0.44415011037527596
2020-03-19 02:27:43,360 - exp_torch_topics_margin_i2000_b20_1 - INFO - start step #19
2020-03-19 02:27:46,236 - exp_torch_topics_margin_i2000_b20_1 - INFO - finish step #19 for 2.8763010501861572 sec
2020-03-19 02:27:46,236 - exp_torch_topics_margin_i2000_b20_1 - INFO - current val_accuracy: 0.44373804267844
2020-03-19 02:27:46,236 - exp_torch_topics_margin_i2000_b20_1 - INFO - start step #20
2020-03-19 02:27:49,133 - exp_torch_topics_margin_i2000_b20_1 - INFO - finish step #20 for 2.8960089683532715 sec
2020-03-19 02:27:49,133 - exp_torch_topics_margin_i2000_b20_1 - INFO - current val_accuracy: 0.44409124356144225
2020-03-19 02:27:49,133 - exp_torch_topics_margin_i2000_b20_1 - INFO - start step #21
2020-03-19 02:27:52,078 - exp_torch_topics_margin_i2000_b20_1 - INFO - finish step #21 for 2.9452879428863525 sec
2020-03-19 02:27:52,079 - exp_torch_topics_margin_i2000_b20_1 - INFO - current val_accuracy: 0.4447682119205298
2020-03-19 02:27:52,079 - exp_torch_topics_margin_i2000_b20_1 - INFO - start step #22
2020-03-19 02:27:54,901 - exp_torch_topics_margin_i2000_b20_1 - INFO - finish step #22 for 2.8224599361419678 sec
2020-03-19 02:27:54,902 - exp_torch_topics_margin_i2000_b20_1 - INFO - current val_accuracy: 0.4456806475349522
2020-03-19 02:27:54,902 - exp_torch_topics_margin_i2000_b20_1 - INFO - start step #23
2020-03-19 02:27:57,740 - exp_torch_topics_margin_i2000_b20_1 - INFO - finish step #23 for 2.837858200073242 sec
2020-03-19 02:27:57,740 - exp_torch_topics_margin_i2000_b20_1 - INFO - current val_accuracy: 0.4469168506254599
2020-03-19 02:27:57,740 - exp_torch_topics_margin_i2000_b20_1 - INFO - start step #24
2020-03-19 02:28:00,690 - exp_torch_topics_margin_i2000_b20_1 - INFO - finish step #24 for 2.9491539001464844 sec
2020-03-19 02:28:00,690 - exp_torch_topics_margin_i2000_b20_1 - INFO - current val_accuracy: 0.4473289183222958
2020-03-19 02:28:00,690 - exp_torch_topics_margin_i2000_b20_1 - INFO - start step #25
2020-03-19 02:28:03,514 - exp_torch_topics_margin_i2000_b20_1 - INFO - finish step #25 for 2.8239259719848633 sec
2020-03-19 02:28:03,514 - exp_torch_topics_margin_i2000_b20_1 - INFO - current val_accuracy: 0.446887417218543
2020-03-19 02:28:03,514 - exp_torch_topics_margin_i2000_b20_1 - INFO - start step #26
2020-03-19 02:28:06,364 - exp_torch_topics_margin_i2000_b20_1 - INFO - finish step #26 for 2.8495240211486816 sec
2020-03-19 02:28:06,364 - exp_torch_topics_margin_i2000_b20_1 - INFO - current val_accuracy: 0.4484179543782193
2020-03-19 02:28:06,364 - exp_torch_topics_margin_i2000_b20_1 - INFO - start step #27
2020-03-19 02:28:09,331 - exp_torch_topics_margin_i2000_b20_1 - INFO - finish step #27 for 2.9663608074188232 sec
2020-03-19 02:28:09,331 - exp_torch_topics_margin_i2000_b20_1 - INFO - current val_accuracy: 0.4452097130242826
2020-03-19 02:28:09,331 - exp_torch_topics_margin_i2000_b20_1 - INFO - start step #28
2020-03-19 02:28:12,219 - exp_torch_topics_margin_i2000_b20_1 - INFO - finish step #28 for 2.887842893600464 sec
2020-03-19 02:28:12,220 - exp_torch_topics_margin_i2000_b20_1 - INFO - current val_accuracy: 0.45021339220014717
2020-03-19 02:28:12,220 - exp_torch_topics_margin_i2000_b20_1 - INFO - start step #29
2020-03-19 02:28:15,157 - exp_torch_topics_margin_i2000_b20_1 - INFO - finish step #29 for 2.9364609718322754 sec
2020-03-19 02:28:15,157 - exp_torch_topics_margin_i2000_b20_1 - INFO - current val_accuracy: 0.4405298013245033
2020-03-19 02:28:15,157 - exp_torch_topics_margin_i2000_b20_1 - INFO - finish experiment process for 96.16920495033264 sec
2020-03-19 11:42:39,094 - exp_torch_topics_margin_i2000_b20_1 - INFO - start experiment process
2020-03-19 11:42:41,412 - exp_torch_topics_margin_i2000_b20_1 - INFO - initial val_accuracy: 0.4144812362030905
2020-03-19 11:42:41,412 - exp_torch_topics_margin_i2000_b20_1 - INFO - start step #0
2020-03-19 11:58:38,720 - exp_torch_topics_margin_i2000_b20_1 - INFO - start experiment process
2020-03-19 11:58:41,183 - exp_torch_topics_margin_i2000_b20_1 - INFO - initial val_accuracy: 0.426401766004415
2020-03-19 11:58:41,183 - exp_torch_topics_margin_i2000_b20_1 - INFO - start step #0
2020-03-19 11:58:43,827 - exp_torch_topics_margin_i2000_b20_1 - INFO - finish step #0 for 2.6435768604278564 sec
2020-03-19 11:58:43,827 - exp_torch_topics_margin_i2000_b20_1 - INFO - current val_accuracy: 0.4282855040470934
2020-03-19 11:58:43,828 - exp_torch_topics_margin_i2000_b20_1 - INFO - start step #1
2020-03-19 11:58:46,500 - exp_torch_topics_margin_i2000_b20_1 - INFO - finish step #1 for 2.6720099449157715 sec
2020-03-19 11:58:46,500 - exp_torch_topics_margin_i2000_b20_1 - INFO - current val_accuracy: 0.4298749080206034
2020-03-19 11:58:46,500 - exp_torch_topics_margin_i2000_b20_1 - INFO - start step #2
2020-03-19 11:58:49,250 - exp_torch_topics_margin_i2000_b20_1 - INFO - finish step #2 for 2.7493979930877686 sec
2020-03-19 11:58:49,250 - exp_torch_topics_margin_i2000_b20_1 - INFO - current val_accuracy: 0.42863870493009565
2020-03-19 11:58:49,250 - exp_torch_topics_margin_i2000_b20_1 - INFO - start step #3
2020-03-19 11:58:51,893 - exp_torch_topics_margin_i2000_b20_1 - INFO - finish step #3 for 2.6423661708831787 sec
2020-03-19 11:58:51,893 - exp_torch_topics_margin_i2000_b20_1 - INFO - current val_accuracy: 0.4233701250919794
2020-03-19 11:58:51,893 - exp_torch_topics_margin_i2000_b20_1 - INFO - start step #4
2020-03-19 11:58:54,792 - exp_torch_topics_margin_i2000_b20_1 - INFO - finish step #4 for 2.8989169597625732 sec
2020-03-19 11:58:54,792 - exp_torch_topics_margin_i2000_b20_1 - INFO - current val_accuracy: 0.4235467255334805
2020-03-19 11:58:54,792 - exp_torch_topics_margin_i2000_b20_1 - INFO - start step #5
2020-03-19 11:58:57,591 - exp_torch_topics_margin_i2000_b20_1 - INFO - finish step #5 for 2.798646926879883 sec
2020-03-19 11:58:57,591 - exp_torch_topics_margin_i2000_b20_1 - INFO - current val_accuracy: 0.4273730684326711
2020-03-19 11:58:57,591 - exp_torch_topics_margin_i2000_b20_1 - INFO - start step #6
2020-03-19 11:59:00,351 - exp_torch_topics_margin_i2000_b20_1 - INFO - finish step #6 for 2.7592058181762695 sec
2020-03-19 11:59:00,351 - exp_torch_topics_margin_i2000_b20_1 - INFO - current val_accuracy: 0.4298749080206034
2020-03-19 11:59:00,351 - exp_torch_topics_margin_i2000_b20_1 - INFO - start step #7
2020-03-19 11:59:03,875 - exp_torch_topics_margin_i2000_b20_1 - INFO - finish step #7 for 3.5240187644958496 sec
2020-03-19 11:59:03,881 - exp_torch_topics_margin_i2000_b20_1 - INFO - current val_accuracy: 0.4298749080206034
2020-03-19 11:59:03,881 - exp_torch_topics_margin_i2000_b20_1 - INFO - start step #8
2020-03-19 11:59:06,924 - exp_torch_topics_margin_i2000_b20_1 - INFO - finish step #8 for 3.042786121368408 sec
2020-03-19 11:59:06,924 - exp_torch_topics_margin_i2000_b20_1 - INFO - current val_accuracy: 0.43384841795437823
2020-03-19 11:59:06,924 - exp_torch_topics_margin_i2000_b20_1 - INFO - start step #9
2020-03-19 11:59:10,329 - exp_torch_topics_margin_i2000_b20_1 - INFO - finish step #9 for 3.4045791625976562 sec
2020-03-19 11:59:10,329 - exp_torch_topics_margin_i2000_b20_1 - INFO - current val_accuracy: 0.4381751287711553
2020-03-19 11:59:10,329 - exp_torch_topics_margin_i2000_b20_1 - INFO - start step #10
2020-03-19 11:59:13,677 - exp_torch_topics_margin_i2000_b20_1 - INFO - finish step #10 for 3.3472378253936768 sec
2020-03-19 11:59:13,677 - exp_torch_topics_margin_i2000_b20_1 - INFO - current val_accuracy: 0.4409418690213392
2020-03-19 11:59:13,677 - exp_torch_topics_margin_i2000_b20_1 - INFO - start step #11
2020-03-19 11:59:16,532 - exp_torch_topics_margin_i2000_b20_1 - INFO - finish step #11 for 2.85476016998291 sec
2020-03-19 11:59:16,532 - exp_torch_topics_margin_i2000_b20_1 - INFO - current val_accuracy: 0.44373804267844
2020-03-19 11:59:16,533 - exp_torch_topics_margin_i2000_b20_1 - INFO - start step #12
2020-03-19 11:59:19,516 - exp_torch_topics_margin_i2000_b20_1 - INFO - finish step #12 for 2.9826900959014893 sec
2020-03-19 11:59:19,516 - exp_torch_topics_margin_i2000_b20_1 - INFO - current val_accuracy: 0.43991169977924943
2020-03-19 11:59:19,516 - exp_torch_topics_margin_i2000_b20_1 - INFO - start step #13
2020-03-19 11:59:22,182 - exp_torch_topics_margin_i2000_b20_1 - INFO - finish step #13 for 2.666159152984619 sec
2020-03-19 11:59:22,183 - exp_torch_topics_margin_i2000_b20_1 - INFO - current val_accuracy: 0.4440618101545254
2020-03-19 11:59:22,183 - exp_torch_topics_margin_i2000_b20_1 - INFO - start step #14
2020-03-19 11:59:24,986 - exp_torch_topics_margin_i2000_b20_1 - INFO - finish step #14 for 2.802746057510376 sec
2020-03-19 11:59:24,986 - exp_torch_topics_margin_i2000_b20_1 - INFO - current val_accuracy: 0.446504782928624
2020-03-19 11:59:24,986 - exp_torch_topics_margin_i2000_b20_1 - INFO - start step #15
2020-03-19 11:59:27,731 - exp_torch_topics_margin_i2000_b20_1 - INFO - finish step #15 for 2.7446610927581787 sec
2020-03-19 11:59:27,731 - exp_torch_topics_margin_i2000_b20_1 - INFO - current val_accuracy: 0.4476526857983812
2020-03-19 11:59:27,731 - exp_torch_topics_margin_i2000_b20_1 - INFO - start step #16
2020-03-19 11:59:30,239 - exp_torch_topics_margin_i2000_b20_1 - INFO - finish step #16 for 2.507469892501831 sec
2020-03-19 11:59:30,239 - exp_torch_topics_margin_i2000_b20_1 - INFO - current val_accuracy: 0.4502722590139809
2020-03-19 11:59:30,239 - exp_torch_topics_margin_i2000_b20_1 - INFO - start step #17
2020-03-19 11:59:34,537 - exp_torch_topics_margin_i2000_b20_1 - INFO - finish step #17 for 4.298028230667114 sec
2020-03-19 11:59:34,538 - exp_torch_topics_margin_i2000_b20_1 - INFO - current val_accuracy: 0.4477998528329654
2020-03-19 11:59:34,538 - exp_torch_topics_margin_i2000_b20_1 - INFO - start step #18
2020-03-19 11:59:37,610 - exp_torch_topics_margin_i2000_b20_1 - INFO - finish step #18 for 3.0725669860839844 sec
2020-03-19 11:59:37,611 - exp_torch_topics_margin_i2000_b20_1 - INFO - current val_accuracy: 0.44974245768947757
2020-03-19 11:59:37,611 - exp_torch_topics_margin_i2000_b20_1 - INFO - start step #19
2020-03-19 11:59:40,494 - exp_torch_topics_margin_i2000_b20_1 - INFO - finish step #19 for 2.8829257488250732 sec
2020-03-19 11:59:40,494 - exp_torch_topics_margin_i2000_b20_1 - INFO - current val_accuracy: 0.45130242825607064
2020-03-19 11:59:40,494 - exp_torch_topics_margin_i2000_b20_1 - INFO - start step #20
2020-03-19 11:59:43,514 - exp_torch_topics_margin_i2000_b20_1 - INFO - finish step #20 for 3.019704818725586 sec
2020-03-19 11:59:43,515 - exp_torch_topics_margin_i2000_b20_1 - INFO - current val_accuracy: 0.45236203090507726
2020-03-19 11:59:43,515 - exp_torch_topics_margin_i2000_b20_1 - INFO - start step #21
2020-03-19 11:59:46,368 - exp_torch_topics_margin_i2000_b20_1 - INFO - finish step #21 for 2.8525209426879883 sec
2020-03-19 11:59:46,368 - exp_torch_topics_margin_i2000_b20_1 - INFO - current val_accuracy: 0.4526269315673289
2020-03-19 11:59:46,368 - exp_torch_topics_margin_i2000_b20_1 - INFO - start step #22
2020-03-19 11:59:49,367 - exp_torch_topics_margin_i2000_b20_1 - INFO - finish step #22 for 2.998279094696045 sec
2020-03-19 11:59:49,367 - exp_torch_topics_margin_i2000_b20_1 - INFO - current val_accuracy: 0.45274466519499634
2020-03-19 11:59:49,367 - exp_torch_topics_margin_i2000_b20_1 - INFO - start step #23
2020-03-19 11:59:52,215 - exp_torch_topics_margin_i2000_b20_1 - INFO - finish step #23 for 2.8479039669036865 sec
2020-03-19 11:59:52,215 - exp_torch_topics_margin_i2000_b20_1 - INFO - current val_accuracy: 0.4527152317880795
2020-03-19 11:59:52,216 - exp_torch_topics_margin_i2000_b20_1 - INFO - start step #24
2020-03-19 11:59:55,080 - exp_torch_topics_margin_i2000_b20_1 - INFO - finish step #24 for 2.864290952682495 sec
2020-03-19 11:59:55,080 - exp_torch_topics_margin_i2000_b20_1 - INFO - current val_accuracy: 0.4527152317880795
2020-03-19 11:59:55,081 - exp_torch_topics_margin_i2000_b20_1 - INFO - start step #25
2020-03-19 11:59:58,015 - exp_torch_topics_margin_i2000_b20_1 - INFO - finish step #25 for 2.934056043624878 sec
2020-03-19 11:59:58,015 - exp_torch_topics_margin_i2000_b20_1 - INFO - current val_accuracy: 0.4513907284768212
2020-03-19 11:59:58,015 - exp_torch_topics_margin_i2000_b20_1 - INFO - start step #26
2020-03-19 12:00:00,765 - exp_torch_topics_margin_i2000_b20_1 - INFO - finish step #26 for 2.7496869564056396 sec
2020-03-19 12:00:00,765 - exp_torch_topics_margin_i2000_b20_1 - INFO - current val_accuracy: 0.45368653421633554
2020-03-19 12:00:00,765 - exp_torch_topics_margin_i2000_b20_1 - INFO - start step #27
2020-03-19 12:00:03,658 - exp_torch_topics_margin_i2000_b20_1 - INFO - finish step #27 for 2.8920609951019287 sec
2020-03-19 12:00:03,658 - exp_torch_topics_margin_i2000_b20_1 - INFO - current val_accuracy: 0.4538337012509198
2020-03-19 12:00:03,658 - exp_torch_topics_margin_i2000_b20_1 - INFO - start step #28
2020-03-19 12:00:06,674 - exp_torch_topics_margin_i2000_b20_1 - INFO - finish step #28 for 3.0160350799560547 sec
2020-03-19 12:00:06,674 - exp_torch_topics_margin_i2000_b20_1 - INFO - current val_accuracy: 0.4527152317880795
2020-03-19 12:00:06,674 - exp_torch_topics_margin_i2000_b20_1 - INFO - start step #29
2020-03-19 12:00:09,653 - exp_torch_topics_margin_i2000_b20_1 - INFO - finish step #29 for 2.9790542125701904 sec
2020-03-19 12:00:09,654 - exp_torch_topics_margin_i2000_b20_1 - INFO - current val_accuracy: 0.4527152317880795
2020-03-19 12:00:09,654 - exp_torch_topics_margin_i2000_b20_1 - INFO - finish experiment process for 90.92595791816711 sec
