2020-03-13 01:40:06,447 - exp_topics_entropy_top_4_i2000_b20_1 - INFO - start experiment process
2020-03-13 01:40:12,822 - exp_topics_entropy_top_4_i2000_b20_1 - INFO - initial val_accuracy: 0.4908315
2020-03-13 01:40:12,834 - exp_topics_entropy_top_4_i2000_b20_1 - INFO - start step #0
2020-03-13 01:40:20,544 - exp_topics_entropy_top_4_i2000_b20_1 - INFO - finish step #0 for 7.708935976028442 sec
2020-03-13 01:40:20,546 - exp_topics_entropy_top_4_i2000_b20_1 - INFO - current val_accuracy: 0.48965415
2020-03-13 01:40:20,546 - exp_topics_entropy_top_4_i2000_b20_1 - INFO - start step #1
2020-03-13 01:40:28,185 - exp_topics_entropy_top_4_i2000_b20_1 - INFO - finish step #1 for 7.638068199157715 sec
2020-03-13 01:40:28,191 - exp_topics_entropy_top_4_i2000_b20_1 - INFO - current val_accuracy: 0.4896836
2020-03-13 01:40:28,191 - exp_topics_entropy_top_4_i2000_b20_1 - INFO - start step #2
2020-03-13 01:40:33,804 - exp_topics_entropy_top_4_i2000_b20_1 - INFO - finish step #2 for 5.612887144088745 sec
2020-03-13 01:40:33,805 - exp_topics_entropy_top_4_i2000_b20_1 - INFO - current val_accuracy: 0.48688743
2020-03-13 01:40:33,805 - exp_topics_entropy_top_4_i2000_b20_1 - INFO - start step #3
2020-03-13 01:40:45,746 - exp_topics_entropy_top_4_i2000_b20_1 - INFO - finish step #3 for 11.94053602218628 sec
2020-03-13 01:40:45,749 - exp_topics_entropy_top_4_i2000_b20_1 - INFO - current val_accuracy: 0.48685798
2020-03-13 01:40:45,750 - exp_topics_entropy_top_4_i2000_b20_1 - INFO - start step #4
2020-03-13 01:40:52,064 - exp_topics_entropy_top_4_i2000_b20_1 - INFO - finish step #4 for 6.313528060913086 sec
2020-03-13 01:40:52,064 - exp_topics_entropy_top_4_i2000_b20_1 - INFO - current val_accuracy: 0.48980132
2020-03-13 01:40:52,064 - exp_topics_entropy_top_4_i2000_b20_1 - INFO - start step #5
2020-03-13 01:40:57,351 - exp_topics_entropy_top_4_i2000_b20_1 - INFO - finish step #5 for 5.286269903182983 sec
2020-03-13 01:40:57,351 - exp_topics_entropy_top_4_i2000_b20_1 - INFO - current val_accuracy: 0.48933038
2020-03-13 01:40:57,352 - exp_topics_entropy_top_4_i2000_b20_1 - INFO - start step #6
2020-03-13 01:41:03,434 - exp_topics_entropy_top_4_i2000_b20_1 - INFO - finish step #6 for 6.082435131072998 sec
2020-03-13 01:41:03,436 - exp_topics_entropy_top_4_i2000_b20_1 - INFO - current val_accuracy: 0.4853863
2020-03-13 01:41:03,441 - exp_topics_entropy_top_4_i2000_b20_1 - INFO - start step #7
2020-03-13 01:41:15,981 - exp_topics_entropy_top_4_i2000_b20_1 - INFO - finish step #7 for 12.539682626724243 sec
2020-03-13 01:41:15,985 - exp_topics_entropy_top_4_i2000_b20_1 - INFO - current val_accuracy: 0.48694628
2020-03-13 01:41:15,986 - exp_topics_entropy_top_4_i2000_b20_1 - INFO - start step #8
2020-03-13 01:41:21,298 - exp_topics_entropy_top_4_i2000_b20_1 - INFO - finish step #8 for 5.31176233291626 sec
2020-03-13 01:41:21,304 - exp_topics_entropy_top_4_i2000_b20_1 - INFO - current val_accuracy: 0.4888889
2020-03-13 01:41:21,304 - exp_topics_entropy_top_4_i2000_b20_1 - INFO - start step #9
2020-03-13 01:41:27,588 - exp_topics_entropy_top_4_i2000_b20_1 - INFO - finish step #9 for 6.283054828643799 sec
2020-03-13 01:41:27,589 - exp_topics_entropy_top_4_i2000_b20_1 - INFO - current val_accuracy: 0.49177337
2020-03-13 01:41:27,590 - exp_topics_entropy_top_4_i2000_b20_1 - INFO - start step #10
2020-03-13 01:41:32,549 - exp_topics_entropy_top_4_i2000_b20_1 - INFO - finish step #10 for 4.95854377746582 sec
2020-03-13 01:41:32,550 - exp_topics_entropy_top_4_i2000_b20_1 - INFO - current val_accuracy: 0.4914496
2020-03-13 01:41:32,550 - exp_topics_entropy_top_4_i2000_b20_1 - INFO - start step #11
2020-03-13 01:41:39,562 - exp_topics_entropy_top_4_i2000_b20_1 - INFO - finish step #11 for 7.011034965515137 sec
2020-03-13 01:41:39,562 - exp_topics_entropy_top_4_i2000_b20_1 - INFO - current val_accuracy: 0.49492273
2020-03-13 01:41:39,564 - exp_topics_entropy_top_4_i2000_b20_1 - INFO - start step #12
2020-03-13 01:41:44,656 - exp_topics_entropy_top_4_i2000_b20_1 - INFO - finish step #12 for 5.091697931289673 sec
2020-03-13 01:41:44,656 - exp_topics_entropy_top_4_i2000_b20_1 - INFO - current val_accuracy: 0.49448124
2020-03-13 01:41:44,658 - exp_topics_entropy_top_4_i2000_b20_1 - INFO - start step #13
2020-03-13 01:41:50,987 - exp_topics_entropy_top_4_i2000_b20_1 - INFO - finish step #13 for 6.328658103942871 sec
2020-03-13 01:41:50,987 - exp_topics_entropy_top_4_i2000_b20_1 - INFO - current val_accuracy: 0.49333334
2020-03-13 01:41:50,991 - exp_topics_entropy_top_4_i2000_b20_1 - INFO - start step #14
2020-03-13 01:41:56,894 - exp_topics_entropy_top_4_i2000_b20_1 - INFO - finish step #14 for 5.902707099914551 sec
2020-03-13 01:41:56,894 - exp_topics_entropy_top_4_i2000_b20_1 - INFO - current val_accuracy: 0.49548197
2020-03-13 01:41:56,903 - exp_topics_entropy_top_4_i2000_b20_1 - INFO - start step #15
2020-03-13 01:42:02,591 - exp_topics_entropy_top_4_i2000_b20_1 - INFO - finish step #15 for 5.687258958816528 sec
2020-03-13 01:42:02,592 - exp_topics_entropy_top_4_i2000_b20_1 - INFO - current val_accuracy: 0.4961295
2020-03-13 01:42:02,594 - exp_topics_entropy_top_4_i2000_b20_1 - INFO - start step #16
2020-03-13 01:42:08,475 - exp_topics_entropy_top_4_i2000_b20_1 - INFO - finish step #16 for 5.880443096160889 sec
2020-03-13 01:42:08,475 - exp_topics_entropy_top_4_i2000_b20_1 - INFO - current val_accuracy: 0.48871228
2020-03-13 01:42:08,475 - exp_topics_entropy_top_4_i2000_b20_1 - INFO - start step #17
2020-03-13 01:42:13,604 - exp_topics_entropy_top_4_i2000_b20_1 - INFO - finish step #17 for 5.128732919692993 sec
2020-03-13 01:42:13,606 - exp_topics_entropy_top_4_i2000_b20_1 - INFO - current val_accuracy: 0.50304633
2020-03-13 01:42:13,607 - exp_topics_entropy_top_4_i2000_b20_1 - INFO - start step #18
2020-03-13 01:42:22,827 - exp_topics_entropy_top_4_i2000_b20_1 - INFO - finish step #18 for 9.21754765510559 sec
2020-03-13 01:42:22,831 - exp_topics_entropy_top_4_i2000_b20_1 - INFO - current val_accuracy: 0.4972774
2020-03-13 01:42:22,832 - exp_topics_entropy_top_4_i2000_b20_1 - INFO - start step #19
2020-03-13 01:42:29,152 - exp_topics_entropy_top_4_i2000_b20_1 - INFO - finish step #19 for 6.319772005081177 sec
2020-03-13 01:42:29,154 - exp_topics_entropy_top_4_i2000_b20_1 - INFO - current val_accuracy: 0.49916115
2020-03-13 01:42:29,155 - exp_topics_entropy_top_4_i2000_b20_1 - INFO - start step #20
2020-03-13 01:42:34,419 - exp_topics_entropy_top_4_i2000_b20_1 - INFO - finish step #20 for 5.263818025588989 sec
2020-03-13 01:42:34,419 - exp_topics_entropy_top_4_i2000_b20_1 - INFO - current val_accuracy: 0.49695364
2020-03-13 01:42:34,419 - exp_topics_entropy_top_4_i2000_b20_1 - INFO - start step #21
2020-03-13 01:42:39,095 - exp_topics_entropy_top_4_i2000_b20_1 - INFO - finish step #21 for 4.676296234130859 sec
2020-03-13 01:42:39,096 - exp_topics_entropy_top_4_i2000_b20_1 - INFO - current val_accuracy: 0.50728476
2020-03-13 01:42:39,100 - exp_topics_entropy_top_4_i2000_b20_1 - INFO - start step #22
2020-03-13 01:42:44,346 - exp_topics_entropy_top_4_i2000_b20_1 - INFO - finish step #22 for 5.245166063308716 sec
2020-03-13 01:42:44,465 - exp_topics_entropy_top_4_i2000_b20_1 - INFO - current val_accuracy: 0.5060191
2020-03-13 01:42:44,465 - exp_topics_entropy_top_4_i2000_b20_1 - INFO - start step #23
2020-03-13 01:42:51,354 - exp_topics_entropy_top_4_i2000_b20_1 - INFO - finish step #23 for 6.887722015380859 sec
2020-03-13 01:42:51,357 - exp_topics_entropy_top_4_i2000_b20_1 - INFO - current val_accuracy: 0.5042237
2020-03-13 01:42:51,358 - exp_topics_entropy_top_4_i2000_b20_1 - INFO - start step #24
2020-03-13 01:42:58,362 - exp_topics_entropy_top_4_i2000_b20_1 - INFO - finish step #24 for 7.004027843475342 sec
2020-03-13 01:42:58,369 - exp_topics_entropy_top_4_i2000_b20_1 - INFO - current val_accuracy: 0.5047241
2020-03-13 01:42:58,370 - exp_topics_entropy_top_4_i2000_b20_1 - INFO - start step #25
2020-03-13 01:43:03,932 - exp_topics_entropy_top_4_i2000_b20_1 - INFO - finish step #25 for 5.561673164367676 sec
2020-03-13 01:43:03,932 - exp_topics_entropy_top_4_i2000_b20_1 - INFO - current val_accuracy: 0.5015158
2020-03-13 01:43:03,933 - exp_topics_entropy_top_4_i2000_b20_1 - INFO - start step #26
2020-03-13 01:43:09,635 - exp_topics_entropy_top_4_i2000_b20_1 - INFO - finish step #26 for 5.702393054962158 sec
2020-03-13 01:43:09,636 - exp_topics_entropy_top_4_i2000_b20_1 - INFO - current val_accuracy: 0.50875646
2020-03-13 01:43:09,637 - exp_topics_entropy_top_4_i2000_b20_1 - INFO - start step #27
2020-03-13 01:43:15,153 - exp_topics_entropy_top_4_i2000_b20_1 - INFO - finish step #27 for 5.5164783000946045 sec
2020-03-13 01:43:15,187 - exp_topics_entropy_top_4_i2000_b20_1 - INFO - current val_accuracy: 0.5105813
2020-03-13 01:43:15,188 - exp_topics_entropy_top_4_i2000_b20_1 - INFO - start step #28
2020-03-13 01:43:21,294 - exp_topics_entropy_top_4_i2000_b20_1 - INFO - finish step #28 for 6.105570077896118 sec
2020-03-13 01:43:21,294 - exp_topics_entropy_top_4_i2000_b20_1 - INFO - current val_accuracy: 0.51043415
2020-03-13 01:43:21,295 - exp_topics_entropy_top_4_i2000_b20_1 - INFO - start step #29
2020-03-13 01:43:27,866 - exp_topics_entropy_top_4_i2000_b20_1 - INFO - finish step #29 for 6.570367097854614 sec
2020-03-13 01:43:27,869 - exp_topics_entropy_top_4_i2000_b20_1 - INFO - current val_accuracy: 0.5125828
2020-03-13 01:43:27,869 - exp_topics_entropy_top_4_i2000_b20_1 - INFO - finish experiment process for 201.41043901443481 sec
