2020-03-19 23:01:37,469 - exp_torch_topics_cluster_by_txt_i2000_b20_3 - INFO - start experiment process
2020-03-19 23:01:39,286 - exp_torch_topics_cluster_by_txt_i2000_b20_3 - INFO - initial val_accuracy: 0.40779985283296544
2020-03-19 23:01:39,286 - exp_torch_topics_cluster_by_txt_i2000_b20_3 - INFO - start step #0
2020-03-19 23:02:03,871 - exp_torch_topics_cluster_by_txt_i2000_b20_3 - INFO - finish step #0 for 24.585180044174194 sec
2020-03-19 23:02:03,871 - exp_torch_topics_cluster_by_txt_i2000_b20_3 - INFO - current val_accuracy: 0.409448123620309
2020-03-19 23:02:03,871 - exp_torch_topics_cluster_by_txt_i2000_b20_3 - INFO - start step #1
2020-03-19 23:02:25,570 - exp_torch_topics_cluster_by_txt_i2000_b20_3 - INFO - finish step #1 for 21.698894262313843 sec
2020-03-19 23:02:25,571 - exp_torch_topics_cluster_by_txt_i2000_b20_3 - INFO - current val_accuracy: 0.4113907284768212
2020-03-19 23:02:25,571 - exp_torch_topics_cluster_by_txt_i2000_b20_3 - INFO - start step #2
2020-03-19 23:02:47,819 - exp_torch_topics_cluster_by_txt_i2000_b20_3 - INFO - finish step #2 for 22.2481210231781 sec
2020-03-19 23:02:47,819 - exp_torch_topics_cluster_by_txt_i2000_b20_3 - INFO - current val_accuracy: 0.40532744665195
2020-03-19 23:02:47,819 - exp_torch_topics_cluster_by_txt_i2000_b20_3 - INFO - start step #3
2020-03-19 23:03:13,373 - exp_torch_topics_cluster_by_txt_i2000_b20_3 - INFO - finish step #3 for 25.553472995758057 sec
2020-03-19 23:03:13,373 - exp_torch_topics_cluster_by_txt_i2000_b20_3 - INFO - current val_accuracy: 0.3973804267844003
2020-03-19 23:03:13,373 - exp_torch_topics_cluster_by_txt_i2000_b20_3 - INFO - start step #4
2020-03-19 23:03:34,509 - exp_torch_topics_cluster_by_txt_i2000_b20_3 - INFO - finish step #4 for 21.13572883605957 sec
2020-03-19 23:03:34,509 - exp_torch_topics_cluster_by_txt_i2000_b20_3 - INFO - current val_accuracy: 0.4010301692420898
2020-03-19 23:03:34,509 - exp_torch_topics_cluster_by_txt_i2000_b20_3 - INFO - start step #5
2020-03-19 23:03:55,882 - exp_torch_topics_cluster_by_txt_i2000_b20_3 - INFO - finish step #5 for 21.372116088867188 sec
2020-03-19 23:03:55,882 - exp_torch_topics_cluster_by_txt_i2000_b20_3 - INFO - current val_accuracy: 0.40032376747608533
2020-03-19 23:03:55,883 - exp_torch_topics_cluster_by_txt_i2000_b20_3 - INFO - start step #6
2020-03-19 23:04:19,039 - exp_torch_topics_cluster_by_txt_i2000_b20_3 - INFO - finish step #6 for 23.15420889854431 sec
2020-03-19 23:04:19,039 - exp_torch_topics_cluster_by_txt_i2000_b20_3 - INFO - current val_accuracy: 0.40061810154525385
2020-03-19 23:04:19,040 - exp_torch_topics_cluster_by_txt_i2000_b20_3 - INFO - start step #7
2020-03-19 23:04:41,033 - exp_torch_topics_cluster_by_txt_i2000_b20_3 - INFO - finish step #7 for 21.99348473548889 sec
2020-03-19 23:04:41,034 - exp_torch_topics_cluster_by_txt_i2000_b20_3 - INFO - current val_accuracy: 0.40573951434878586
2020-03-19 23:04:41,034 - exp_torch_topics_cluster_by_txt_i2000_b20_3 - INFO - start step #8
2020-03-19 23:05:04,724 - exp_torch_topics_cluster_by_txt_i2000_b20_3 - INFO - finish step #8 for 23.6905300617218 sec
2020-03-19 23:05:04,725 - exp_torch_topics_cluster_by_txt_i2000_b20_3 - INFO - current val_accuracy: 0.4101545253863135
2020-03-19 23:05:04,725 - exp_torch_topics_cluster_by_txt_i2000_b20_3 - INFO - start step #9
2020-03-19 23:05:29,797 - exp_torch_topics_cluster_by_txt_i2000_b20_3 - INFO - finish step #9 for 25.072101831436157 sec
2020-03-19 23:05:29,797 - exp_torch_topics_cluster_by_txt_i2000_b20_3 - INFO - current val_accuracy: 0.4161000735835173
2020-03-19 23:05:29,797 - exp_torch_topics_cluster_by_txt_i2000_b20_3 - INFO - start step #10
2020-03-19 23:05:54,464 - exp_torch_topics_cluster_by_txt_i2000_b20_3 - INFO - finish step #10 for 24.66637682914734 sec
2020-03-19 23:05:54,464 - exp_torch_topics_cluster_by_txt_i2000_b20_3 - INFO - current val_accuracy: 0.41760117733627666
2020-03-19 23:05:54,464 - exp_torch_topics_cluster_by_txt_i2000_b20_3 - INFO - start step #11
2020-03-19 23:06:16,737 - exp_torch_topics_cluster_by_txt_i2000_b20_3 - INFO - finish step #11 for 22.27281904220581 sec
2020-03-19 23:06:16,737 - exp_torch_topics_cluster_by_txt_i2000_b20_3 - INFO - current val_accuracy: 0.4210154525386314
2020-03-19 23:06:16,737 - exp_torch_topics_cluster_by_txt_i2000_b20_3 - INFO - start step #12
2020-03-19 23:06:37,379 - exp_torch_topics_cluster_by_txt_i2000_b20_3 - INFO - finish step #12 for 20.641835927963257 sec
2020-03-19 23:06:37,380 - exp_torch_topics_cluster_by_txt_i2000_b20_3 - INFO - current val_accuracy: 0.42195732155997057
2020-03-19 23:06:37,381 - exp_torch_topics_cluster_by_txt_i2000_b20_3 - INFO - start step #13
2020-03-19 23:06:58,036 - exp_torch_topics_cluster_by_txt_i2000_b20_3 - INFO - finish step #13 for 20.65580129623413 sec
2020-03-19 23:06:58,037 - exp_torch_topics_cluster_by_txt_i2000_b20_3 - INFO - current val_accuracy: 0.4219867549668874
2020-03-19 23:06:58,037 - exp_torch_topics_cluster_by_txt_i2000_b20_3 - INFO - start step #14
2020-03-19 23:07:20,486 - exp_torch_topics_cluster_by_txt_i2000_b20_3 - INFO - finish step #14 for 22.44923996925354 sec
2020-03-19 23:07:20,487 - exp_torch_topics_cluster_by_txt_i2000_b20_3 - INFO - current val_accuracy: 0.4249006622516556
2020-03-19 23:07:20,487 - exp_torch_topics_cluster_by_txt_i2000_b20_3 - INFO - start step #15
2020-03-19 23:07:48,224 - exp_torch_topics_cluster_by_txt_i2000_b20_3 - INFO - finish step #15 for 27.73685097694397 sec
2020-03-19 23:07:48,225 - exp_torch_topics_cluster_by_txt_i2000_b20_3 - INFO - current val_accuracy: 0.4272259013980868
2020-03-19 23:07:48,225 - exp_torch_topics_cluster_by_txt_i2000_b20_3 - INFO - start step #16
2020-03-19 23:08:13,194 - exp_torch_topics_cluster_by_txt_i2000_b20_3 - INFO - finish step #16 for 24.968620777130127 sec
2020-03-19 23:08:13,195 - exp_torch_topics_cluster_by_txt_i2000_b20_3 - INFO - current val_accuracy: 0.4309933774834437
2020-03-19 23:08:13,196 - exp_torch_topics_cluster_by_txt_i2000_b20_3 - INFO - start step #17
2020-03-19 23:08:36,240 - exp_torch_topics_cluster_by_txt_i2000_b20_3 - INFO - finish step #17 for 23.044620752334595 sec
2020-03-19 23:08:36,242 - exp_torch_topics_cluster_by_txt_i2000_b20_3 - INFO - current val_accuracy: 0.4289919058130979
2020-03-19 23:08:36,242 - exp_torch_topics_cluster_by_txt_i2000_b20_3 - INFO - start step #18
2020-03-19 23:08:56,591 - exp_torch_topics_cluster_by_txt_i2000_b20_3 - INFO - finish step #18 for 20.348764181137085 sec
2020-03-19 23:08:56,591 - exp_torch_topics_cluster_by_txt_i2000_b20_3 - INFO - current val_accuracy: 0.4280794701986755
2020-03-19 23:08:56,591 - exp_torch_topics_cluster_by_txt_i2000_b20_3 - INFO - start step #19
2020-03-19 23:09:17,732 - exp_torch_topics_cluster_by_txt_i2000_b20_3 - INFO - finish step #19 for 21.140358924865723 sec
2020-03-19 23:09:17,732 - exp_torch_topics_cluster_by_txt_i2000_b20_3 - INFO - current val_accuracy: 0.43102281089036054
2020-03-19 23:09:17,732 - exp_torch_topics_cluster_by_txt_i2000_b20_3 - INFO - start step #20
2020-03-19 23:09:37,284 - exp_torch_topics_cluster_by_txt_i2000_b20_3 - INFO - finish step #20 for 19.55203890800476 sec
2020-03-19 23:09:37,284 - exp_torch_topics_cluster_by_txt_i2000_b20_3 - INFO - current val_accuracy: 0.43281824871228847
2020-03-19 23:09:37,284 - exp_torch_topics_cluster_by_txt_i2000_b20_3 - INFO - start step #21
2020-03-19 23:09:58,122 - exp_torch_topics_cluster_by_txt_i2000_b20_3 - INFO - finish step #21 for 20.837592840194702 sec
2020-03-19 23:09:58,122 - exp_torch_topics_cluster_by_txt_i2000_b20_3 - INFO - current val_accuracy: 0.432317880794702
2020-03-19 23:09:58,123 - exp_torch_topics_cluster_by_txt_i2000_b20_3 - INFO - start step #22
2020-03-19 23:10:28,448 - exp_torch_topics_cluster_by_txt_i2000_b20_3 - INFO - finish step #22 for 30.32558584213257 sec
2020-03-19 23:10:28,454 - exp_torch_topics_cluster_by_txt_i2000_b20_3 - INFO - current val_accuracy: 0.43305371596762327
2020-03-19 23:10:28,455 - exp_torch_topics_cluster_by_txt_i2000_b20_3 - INFO - start step #23
2020-03-19 23:11:08,353 - exp_torch_topics_cluster_by_txt_i2000_b20_3 - INFO - finish step #23 for 39.89780831336975 sec
2020-03-19 23:11:08,355 - exp_torch_topics_cluster_by_txt_i2000_b20_3 - INFO - current val_accuracy: 0.4325533480500368
2020-03-19 23:11:08,355 - exp_torch_topics_cluster_by_txt_i2000_b20_3 - INFO - start step #24
2020-03-19 23:11:38,210 - exp_torch_topics_cluster_by_txt_i2000_b20_3 - INFO - finish step #24 for 29.8546040058136 sec
2020-03-19 23:11:38,210 - exp_torch_topics_cluster_by_txt_i2000_b20_3 - INFO - current val_accuracy: 0.43293598233995584
2020-03-19 23:11:38,211 - exp_torch_topics_cluster_by_txt_i2000_b20_3 - INFO - start step #25
2020-03-19 23:12:02,927 - exp_torch_topics_cluster_by_txt_i2000_b20_3 - INFO - finish step #25 for 24.716682195663452 sec
2020-03-19 23:12:02,928 - exp_torch_topics_cluster_by_txt_i2000_b20_3 - INFO - current val_accuracy: 0.4318763796909492
2020-03-19 23:12:02,928 - exp_torch_topics_cluster_by_txt_i2000_b20_3 - INFO - start step #26
2020-03-19 23:12:27,273 - exp_torch_topics_cluster_by_txt_i2000_b20_3 - INFO - finish step #26 for 24.345634937286377 sec
2020-03-19 23:12:27,274 - exp_torch_topics_cluster_by_txt_i2000_b20_3 - INFO - current val_accuracy: 0.43328918322295806
2020-03-19 23:12:27,274 - exp_torch_topics_cluster_by_txt_i2000_b20_3 - INFO - start step #27
2020-03-19 23:12:50,188 - exp_torch_topics_cluster_by_txt_i2000_b20_3 - INFO - finish step #27 for 22.91407322883606 sec
2020-03-19 23:12:50,189 - exp_torch_topics_cluster_by_txt_i2000_b20_3 - INFO - current val_accuracy: 0.4344076526857984
2020-03-19 23:12:50,189 - exp_torch_topics_cluster_by_txt_i2000_b20_3 - INFO - start step #28
2020-03-19 23:13:12,801 - exp_torch_topics_cluster_by_txt_i2000_b20_3 - INFO - finish step #28 for 22.611172676086426 sec
2020-03-19 23:13:12,802 - exp_torch_topics_cluster_by_txt_i2000_b20_3 - INFO - current val_accuracy: 0.4314348785871965
2020-03-19 23:13:12,802 - exp_torch_topics_cluster_by_txt_i2000_b20_3 - INFO - start step #29
2020-03-19 23:13:36,411 - exp_torch_topics_cluster_by_txt_i2000_b20_3 - INFO - finish step #29 for 23.608699798583984 sec
2020-03-19 23:13:36,412 - exp_torch_topics_cluster_by_txt_i2000_b20_3 - INFO - current val_accuracy: 0.42908020603384844
2020-03-19 23:13:36,412 - exp_torch_topics_cluster_by_txt_i2000_b20_3 - INFO - finish experiment process for 718.9419610500336 sec
