2020-03-29 21:26:19,350 - exp_torch_topics_d128_passive_i2000_b20_q100_up_if4_512_3 - INFO - start experiment process
2020-03-29 21:26:28,740 - exp_torch_topics_d128_passive_i2000_b20_q100_up_if4_512_3 - INFO - initial val_accuracy: 0.4473583517292127
2020-03-29 21:26:28,743 - exp_torch_topics_d128_passive_i2000_b20_q100_up_if4_512_3 - INFO - start step #0
2020-03-29 21:26:28,926 - exp_torch_topics_d128_passive_i2000_b20_q100_up_if4_512_3 - INFO - query idx: [74228 32430  4848 97322 55489 32436  1755 14023 45632 50625  5578 41934
 34542 18654 73679 89987 41318 37013 71102 27247]
2020-03-29 21:26:40,307 - exp_torch_topics_d128_passive_i2000_b20_q100_up_if4_512_3 - INFO - finish step #0 for 11.459747076034546 sec
2020-03-29 21:26:40,309 - exp_torch_topics_d128_passive_i2000_b20_q100_up_if4_512_3 - INFO - current val_accuracy: 0.45015452538631345
2020-03-29 21:26:40,309 - exp_torch_topics_d128_passive_i2000_b20_q100_up_if4_512_3 - INFO - start step #1
2020-03-29 21:26:40,310 - exp_torch_topics_d128_passive_i2000_b20_q100_up_if4_512_3 - INFO - query idx: [57671 73651 92078 56689 18957 52955 46332  8698 96339 64802 86230 74152
 53815 96880  2322 98135 48599 73370 60227 84766]
2020-03-29 21:26:44,552 - exp_torch_topics_d128_passive_i2000_b20_q100_up_if4_512_3 - INFO - finish step #1 for 4.242786169052124 sec
2020-03-29 21:26:44,552 - exp_torch_topics_d128_passive_i2000_b20_q100_up_if4_512_3 - INFO - current val_accuracy: 0.4563944076526858
2020-03-29 21:26:44,552 - exp_torch_topics_d128_passive_i2000_b20_q100_up_if4_512_3 - INFO - start step #2
2020-03-29 21:26:44,553 - exp_torch_topics_d128_passive_i2000_b20_q100_up_if4_512_3 - INFO - query idx: [50245 64417 84466 50733 35778 94843 96793 33813 87586  8847 16877 29208
 38610 77896   710 25477 12248 77815    53 37048]
2020-03-29 21:26:49,164 - exp_torch_topics_d128_passive_i2000_b20_q100_up_if4_512_3 - INFO - finish step #2 for 4.611345052719116 sec
2020-03-29 21:26:49,165 - exp_torch_topics_d128_passive_i2000_b20_q100_up_if4_512_3 - INFO - current val_accuracy: 0.451037527593819
2020-03-29 21:26:49,166 - exp_torch_topics_d128_passive_i2000_b20_q100_up_if4_512_3 - INFO - start step #3
2020-03-29 21:26:49,167 - exp_torch_topics_d128_passive_i2000_b20_q100_up_if4_512_3 - INFO - query idx: [71605 50128 57870 60503 27792 43966 27619 98189 41190 17808 40638 53957
 39063 78615 65224  8621 74988 60542 90714 10665]
2020-03-29 21:26:54,732 - exp_torch_topics_d128_passive_i2000_b20_q100_up_if4_512_3 - INFO - finish step #3 for 5.565606117248535 sec
2020-03-29 21:26:54,732 - exp_torch_topics_d128_passive_i2000_b20_q100_up_if4_512_3 - INFO - current val_accuracy: 0.44974245768947757
2020-03-29 21:26:54,732 - exp_torch_topics_d128_passive_i2000_b20_q100_up_if4_512_3 - INFO - start step #4
2020-03-29 21:26:54,733 - exp_torch_topics_d128_passive_i2000_b20_q100_up_if4_512_3 - INFO - query idx: [55744 25923 35231 31718 19189 33967 77884 96400 30354  9065 24221 11426
 52538 73903 45940 20028 16001 29032 19894 80625]
2020-03-29 21:26:59,423 - exp_torch_topics_d128_passive_i2000_b20_q100_up_if4_512_3 - INFO - finish step #4 for 4.691114902496338 sec
2020-03-29 21:26:59,426 - exp_torch_topics_d128_passive_i2000_b20_q100_up_if4_512_3 - INFO - current val_accuracy: 0.45124356144223693
2020-03-29 21:26:59,427 - exp_torch_topics_d128_passive_i2000_b20_q100_up_if4_512_3 - INFO - start step #5
2020-03-29 21:26:59,427 - exp_torch_topics_d128_passive_i2000_b20_q100_up_if4_512_3 - INFO - query idx: [ 4854 40600 97377 22048 66792 47312 85566 92386 42496 67489 71775 66808
 84203 49179 15834 21787 99539 92203 68461  2151]
2020-03-29 21:27:04,746 - exp_torch_topics_d128_passive_i2000_b20_q100_up_if4_512_3 - INFO - finish step #5 for 5.319184303283691 sec
2020-03-29 21:27:04,746 - exp_torch_topics_d128_passive_i2000_b20_q100_up_if4_512_3 - INFO - current val_accuracy: 0.45451066961000736
2020-03-29 21:27:04,746 - exp_torch_topics_d128_passive_i2000_b20_q100_up_if4_512_3 - INFO - start step #6
2020-03-29 21:27:04,747 - exp_torch_topics_d128_passive_i2000_b20_q100_up_if4_512_3 - INFO - query idx: [21623 95925 62823 93527 60694 25727 79360 53837 24802 57116 82505 16703
 66072 27691 35354 70588 65869 10514  9323 43817]
2020-03-29 21:27:12,634 - exp_torch_topics_d128_passive_i2000_b20_q100_up_if4_512_3 - INFO - finish step #6 for 7.887816905975342 sec
2020-03-29 21:27:12,637 - exp_torch_topics_d128_passive_i2000_b20_q100_up_if4_512_3 - INFO - current val_accuracy: 0.45427520235467256
2020-03-29 21:27:12,637 - exp_torch_topics_d128_passive_i2000_b20_q100_up_if4_512_3 - INFO - start step #7
2020-03-29 21:27:12,648 - exp_torch_topics_d128_passive_i2000_b20_q100_up_if4_512_3 - INFO - query idx: [90807 13006 64953 60049    59  5051 12934 22802 57141 84953 91879 90962
 50193 46217 20873 86318 97934  1876 42384 64823]
2020-03-29 21:27:29,931 - exp_torch_topics_d128_passive_i2000_b20_q100_up_if4_512_3 - INFO - finish step #7 for 17.291852951049805 sec
2020-03-29 21:27:29,935 - exp_torch_topics_d128_passive_i2000_b20_q100_up_if4_512_3 - INFO - current val_accuracy: 0.4508903605592347
2020-03-29 21:27:29,936 - exp_torch_topics_d128_passive_i2000_b20_q100_up_if4_512_3 - INFO - start step #8
2020-03-29 21:27:29,951 - exp_torch_topics_d128_passive_i2000_b20_q100_up_if4_512_3 - INFO - query idx: [73487   547 96987 97757 61307  3171 53693 71929 72663 44541  3470 90584
 29911 19661 77052  5352 19446 58992 76781 18582]
2020-03-29 21:27:45,613 - exp_torch_topics_d128_passive_i2000_b20_q100_up_if4_512_3 - INFO - finish step #8 for 15.677063941955566 sec
2020-03-29 21:27:45,615 - exp_torch_topics_d128_passive_i2000_b20_q100_up_if4_512_3 - INFO - current val_accuracy: 0.453009565857248
2020-03-29 21:27:45,616 - exp_torch_topics_d128_passive_i2000_b20_q100_up_if4_512_3 - INFO - start step #9
2020-03-29 21:27:45,617 - exp_torch_topics_d128_passive_i2000_b20_q100_up_if4_512_3 - INFO - query idx: [42720 82732 79301 24312 37691 93480 60043 10461 36425 70239 60707 60402
 36611 16872 92549 13287 12947 45894 30051 43346]
2020-03-29 21:27:56,184 - exp_torch_topics_d128_passive_i2000_b20_q100_up_if4_512_3 - INFO - finish step #9 for 10.563385963439941 sec
2020-03-29 21:27:56,196 - exp_torch_topics_d128_passive_i2000_b20_q100_up_if4_512_3 - INFO - current val_accuracy: 0.4464459161147903
2020-03-29 21:27:56,199 - exp_torch_topics_d128_passive_i2000_b20_q100_up_if4_512_3 - INFO - start step #10
2020-03-29 21:27:56,225 - exp_torch_topics_d128_passive_i2000_b20_q100_up_if4_512_3 - INFO - query idx: [13752 44098 11381 63193  6797 33084 77577 39344 59849 52839 55646 43002
 20724  4499 44480 64696 20797 56701 24883 39863]
2020-03-29 21:28:05,466 - exp_torch_topics_d128_passive_i2000_b20_q100_up_if4_512_3 - INFO - finish step #10 for 9.267003774642944 sec
2020-03-29 21:28:05,466 - exp_torch_topics_d128_passive_i2000_b20_q100_up_if4_512_3 - INFO - current val_accuracy: 0.45189109639440767
2020-03-29 21:28:05,467 - exp_torch_topics_d128_passive_i2000_b20_q100_up_if4_512_3 - INFO - start step #11
2020-03-29 21:28:05,493 - exp_torch_topics_d128_passive_i2000_b20_q100_up_if4_512_3 - INFO - query idx: [80090 78841 24143 69392 23074 18211 77469 48683 65638 97166 96090 35549
 72135  1395 52241 41666 76841 35653 79649 30136]
2020-03-29 21:28:12,012 - exp_torch_topics_d128_passive_i2000_b20_q100_up_if4_512_3 - INFO - finish step #11 for 6.544965982437134 sec
2020-03-29 21:28:12,012 - exp_torch_topics_d128_passive_i2000_b20_q100_up_if4_512_3 - INFO - current val_accuracy: 0.45356880058866816
2020-03-29 21:28:12,012 - exp_torch_topics_d128_passive_i2000_b20_q100_up_if4_512_3 - INFO - start step #12
2020-03-29 21:28:12,012 - exp_torch_topics_d128_passive_i2000_b20_q100_up_if4_512_3 - INFO - query idx: [73354  7418 72522 88544 65932 43989 93161 77433 57949 21933 78992 69070
 81422 99168 14604 45274 86996 92156 95211 29508]
2020-03-29 21:28:15,337 - exp_torch_topics_d128_passive_i2000_b20_q100_up_if4_512_3 - INFO - finish step #12 for 3.325075149536133 sec
2020-03-29 21:28:15,337 - exp_torch_topics_d128_passive_i2000_b20_q100_up_if4_512_3 - INFO - current val_accuracy: 0.4560117733627667
2020-03-29 21:28:15,337 - exp_torch_topics_d128_passive_i2000_b20_q100_up_if4_512_3 - INFO - start step #13
2020-03-29 21:28:15,338 - exp_torch_topics_d128_passive_i2000_b20_q100_up_if4_512_3 - INFO - query idx: [69126 70762 24776  9421 57699 95283 26203 99395 76674 48454  6455  1008
 38541 37771 84872 60155 48707 34371 96278 14845]
2020-03-29 21:28:19,227 - exp_torch_topics_d128_passive_i2000_b20_q100_up_if4_512_3 - INFO - finish step #13 for 3.8890891075134277 sec
2020-03-29 21:28:19,227 - exp_torch_topics_d128_passive_i2000_b20_q100_up_if4_512_3 - INFO - current val_accuracy: 0.4582192788815305
2020-03-29 21:28:19,227 - exp_torch_topics_d128_passive_i2000_b20_q100_up_if4_512_3 - INFO - start step #14
2020-03-29 21:28:19,227 - exp_torch_topics_d128_passive_i2000_b20_q100_up_if4_512_3 - INFO - query idx: [87128 44777  8708 63842 62039 90475 24227 25044 34575 46743 96553 93326
 87396  8179 38840 34066 31536 31298 56948 56839]
2020-03-29 21:28:22,595 - exp_torch_topics_d128_passive_i2000_b20_q100_up_if4_512_3 - INFO - finish step #14 for 3.3680639266967773 sec
2020-03-29 21:28:22,595 - exp_torch_topics_d128_passive_i2000_b20_q100_up_if4_512_3 - INFO - current val_accuracy: 0.457924944812362
2020-03-29 21:28:22,596 - exp_torch_topics_d128_passive_i2000_b20_q100_up_if4_512_3 - INFO - start step #15
2020-03-29 21:28:22,596 - exp_torch_topics_d128_passive_i2000_b20_q100_up_if4_512_3 - INFO - query idx: [57963 22030 85207 15912  6179 86542 33425 39798 82757 36437 24202 86984
 69727 32170 81391 24094 79873 97020 10786 49848]
2020-03-29 21:28:26,161 - exp_torch_topics_d128_passive_i2000_b20_q100_up_if4_512_3 - INFO - finish step #15 for 3.564974069595337 sec
2020-03-29 21:28:26,161 - exp_torch_topics_d128_passive_i2000_b20_q100_up_if4_512_3 - INFO - current val_accuracy: 0.45927888153053714
2020-03-29 21:28:26,161 - exp_torch_topics_d128_passive_i2000_b20_q100_up_if4_512_3 - INFO - start step #16
2020-03-29 21:28:26,161 - exp_torch_topics_d128_passive_i2000_b20_q100_up_if4_512_3 - INFO - query idx: [92581 90249 54214 43966  6812 51130 56473 85860 33718 19594 96300 68009
 11824 36939 43571 30698 46394 15897 66030 77881]
2020-03-29 21:28:29,572 - exp_torch_topics_d128_passive_i2000_b20_q100_up_if4_512_3 - INFO - finish step #16 for 3.4110491275787354 sec
2020-03-29 21:28:29,572 - exp_torch_topics_d128_passive_i2000_b20_q100_up_if4_512_3 - INFO - current val_accuracy: 0.46254598969830757
2020-03-29 21:28:29,573 - exp_torch_topics_d128_passive_i2000_b20_q100_up_if4_512_3 - INFO - start step #17
2020-03-29 21:28:29,573 - exp_torch_topics_d128_passive_i2000_b20_q100_up_if4_512_3 - INFO - query idx: [37386 59798 89775 18410 83763 42569 40099 24754 33017 81322 59146 16675
  8851 38194 60050 71058 66050 26161 74864 11528]
2020-03-29 21:28:33,016 - exp_torch_topics_d128_passive_i2000_b20_q100_up_if4_512_3 - INFO - finish step #17 for 3.4429478645324707 sec
2020-03-29 21:28:33,016 - exp_torch_topics_d128_passive_i2000_b20_q100_up_if4_512_3 - INFO - current val_accuracy: 0.4622222222222222
2020-03-29 21:28:33,016 - exp_torch_topics_d128_passive_i2000_b20_q100_up_if4_512_3 - INFO - start step #18
2020-03-29 21:28:33,017 - exp_torch_topics_d128_passive_i2000_b20_q100_up_if4_512_3 - INFO - query idx: [39525 95528 90858 51920 38206 62658 48949 46995 22351 56664 38646 60941
 26197 43452 98504 81494  9728 52870  7323 91967]
2020-03-29 21:28:36,400 - exp_torch_topics_d128_passive_i2000_b20_q100_up_if4_512_3 - INFO - finish step #18 for 3.3836588859558105 sec
2020-03-29 21:28:36,400 - exp_torch_topics_d128_passive_i2000_b20_q100_up_if4_512_3 - INFO - current val_accuracy: 0.46086828550404707
2020-03-29 21:28:36,400 - exp_torch_topics_d128_passive_i2000_b20_q100_up_if4_512_3 - INFO - start step #19
2020-03-29 21:28:36,401 - exp_torch_topics_d128_passive_i2000_b20_q100_up_if4_512_3 - INFO - query idx: [ 8365 70206 32554 38852 29585 61292 15202 24549 82716 91666 30129 39220
 27004 81526  4818 47509 45840 58205 68493 96874]
2020-03-29 21:28:39,838 - exp_torch_topics_d128_passive_i2000_b20_q100_up_if4_512_3 - INFO - finish step #19 for 3.4377379417419434 sec
2020-03-29 21:28:39,839 - exp_torch_topics_d128_passive_i2000_b20_q100_up_if4_512_3 - INFO - current val_accuracy: 0.4576011773362767
2020-03-29 21:28:39,839 - exp_torch_topics_d128_passive_i2000_b20_q100_up_if4_512_3 - INFO - start step #20
2020-03-29 21:28:39,840 - exp_torch_topics_d128_passive_i2000_b20_q100_up_if4_512_3 - INFO - query idx: [59809 71691 61642  4597 75354  9386 10664 28978 86266 22691 52238 57716
 55975 41240 22878 64349 19768 47683  4107 79883]
2020-03-29 21:28:43,473 - exp_torch_topics_d128_passive_i2000_b20_q100_up_if4_512_3 - INFO - finish step #20 for 3.6338469982147217 sec
2020-03-29 21:28:43,473 - exp_torch_topics_d128_passive_i2000_b20_q100_up_if4_512_3 - INFO - current val_accuracy: 0.46195732155997055
2020-03-29 21:28:43,474 - exp_torch_topics_d128_passive_i2000_b20_q100_up_if4_512_3 - INFO - start step #21
2020-03-29 21:28:43,474 - exp_torch_topics_d128_passive_i2000_b20_q100_up_if4_512_3 - INFO - query idx: [29329 65168 67343 67602 77658 34461 19214 36303 79952 57812 76121 52559
 21628 37919 59741 93545 41170 45530 50337 72310]
2020-03-29 21:28:46,860 - exp_torch_topics_d128_passive_i2000_b20_q100_up_if4_512_3 - INFO - finish step #21 for 3.3858327865600586 sec
2020-03-29 21:28:46,860 - exp_torch_topics_d128_passive_i2000_b20_q100_up_if4_512_3 - INFO - current val_accuracy: 0.464047093451067
2020-03-29 21:28:46,860 - exp_torch_topics_d128_passive_i2000_b20_q100_up_if4_512_3 - INFO - start step #22
2020-03-29 21:28:46,861 - exp_torch_topics_d128_passive_i2000_b20_q100_up_if4_512_3 - INFO - query idx: [26244 77201 53844 52396 57480 24525 16531 99194 58369 29334 76021 67441
  9206 28925 29658 16624 70471 52718  1817 96819]
2020-03-29 21:28:50,105 - exp_torch_topics_d128_passive_i2000_b20_q100_up_if4_512_3 - INFO - finish step #22 for 3.244969129562378 sec
2020-03-29 21:28:50,105 - exp_torch_topics_d128_passive_i2000_b20_q100_up_if4_512_3 - INFO - current val_accuracy: 0.4674025018395879
2020-03-29 21:28:50,106 - exp_torch_topics_d128_passive_i2000_b20_q100_up_if4_512_3 - INFO - start step #23
2020-03-29 21:28:50,106 - exp_torch_topics_d128_passive_i2000_b20_q100_up_if4_512_3 - INFO - query idx: [56610 69534 86607 54828  2501 40808 39493 33884 78326 88446 50689 86179
 45709 39717 24098 45035  8699 47392 10022 58368]
2020-03-29 21:28:53,579 - exp_torch_topics_d128_passive_i2000_b20_q100_up_if4_512_3 - INFO - finish step #23 for 3.4736151695251465 sec
2020-03-29 21:28:53,579 - exp_torch_topics_d128_passive_i2000_b20_q100_up_if4_512_3 - INFO - current val_accuracy: 0.4648123620309051
2020-03-29 21:28:53,580 - exp_torch_topics_d128_passive_i2000_b20_q100_up_if4_512_3 - INFO - start step #24
2020-03-29 21:28:53,580 - exp_torch_topics_d128_passive_i2000_b20_q100_up_if4_512_3 - INFO - query idx: [69494 41149 73083 98723  4283 76536 62791 98673 46503 13094 10342 24710
  8532 83540 49591 90083 91510 30097 77211 67273]
2020-03-29 21:28:57,214 - exp_torch_topics_d128_passive_i2000_b20_q100_up_if4_512_3 - INFO - finish step #24 for 3.634000062942505 sec
2020-03-29 21:28:57,214 - exp_torch_topics_d128_passive_i2000_b20_q100_up_if4_512_3 - INFO - current val_accuracy: 0.46693156732891833
2020-03-29 21:28:57,215 - exp_torch_topics_d128_passive_i2000_b20_q100_up_if4_512_3 - INFO - start step #25
2020-03-29 21:28:57,215 - exp_torch_topics_d128_passive_i2000_b20_q100_up_if4_512_3 - INFO - query idx: [67520  3323 93073 94277 41347 69254 63252 89003 63739 95003  2288 96191
 57520  6675 92616 62715 20017 76110 33681 24092]
2020-03-29 21:29:00,655 - exp_torch_topics_d128_passive_i2000_b20_q100_up_if4_512_3 - INFO - finish step #25 for 3.440006971359253 sec
2020-03-29 21:29:00,655 - exp_torch_topics_d128_passive_i2000_b20_q100_up_if4_512_3 - INFO - current val_accuracy: 0.46752023546725535
2020-03-29 21:29:00,656 - exp_torch_topics_d128_passive_i2000_b20_q100_up_if4_512_3 - INFO - start step #26
2020-03-29 21:29:00,656 - exp_torch_topics_d128_passive_i2000_b20_q100_up_if4_512_3 - INFO - query idx: [98756 34827 77850  5846  5880 85234  1826 60137 72088 29427 49639 90444
 18836 87675 99239 15616 18221 62871 92068 65668]
2020-03-29 21:29:04,010 - exp_torch_topics_d128_passive_i2000_b20_q100_up_if4_512_3 - INFO - finish step #26 for 3.3540849685668945 sec
2020-03-29 21:29:04,010 - exp_torch_topics_d128_passive_i2000_b20_q100_up_if4_512_3 - INFO - current val_accuracy: 0.4671670345842531
2020-03-29 21:29:04,010 - exp_torch_topics_d128_passive_i2000_b20_q100_up_if4_512_3 - INFO - start step #27
2020-03-29 21:29:04,011 - exp_torch_topics_d128_passive_i2000_b20_q100_up_if4_512_3 - INFO - query idx: [60277 11063 79996 70060 94631 85261 35065  8157 75887   631 69627 35916
 35992 87608 46244 44539 22547 19097 86366 74303]
2020-03-29 21:29:07,431 - exp_torch_topics_d128_passive_i2000_b20_q100_up_if4_512_3 - INFO - finish step #27 for 3.4208381175994873 sec
2020-03-29 21:29:07,432 - exp_torch_topics_d128_passive_i2000_b20_q100_up_if4_512_3 - INFO - current val_accuracy: 0.46675496688741724
2020-03-29 21:29:07,432 - exp_torch_topics_d128_passive_i2000_b20_q100_up_if4_512_3 - INFO - start step #28
2020-03-29 21:29:07,432 - exp_torch_topics_d128_passive_i2000_b20_q100_up_if4_512_3 - INFO - query idx: [16885 25537 11871 66384 14865 53024 58464 50409 81006 23255 26979 68591
 66563 12544  7343 40183 10209 89474 60895 15580]
2020-03-29 21:29:10,883 - exp_torch_topics_d128_passive_i2000_b20_q100_up_if4_512_3 - INFO - finish step #28 for 3.4508538246154785 sec
2020-03-29 21:29:10,883 - exp_torch_topics_d128_passive_i2000_b20_q100_up_if4_512_3 - INFO - current val_accuracy: 0.4681383370125092
2020-03-29 21:29:10,883 - exp_torch_topics_d128_passive_i2000_b20_q100_up_if4_512_3 - INFO - start step #29
2020-03-29 21:29:10,884 - exp_torch_topics_d128_passive_i2000_b20_q100_up_if4_512_3 - INFO - query idx: [74877 81542 39238 15652 94314 10243 57622 24983 84789 19922 10902 57315
 52569 61127 41496 73001 67840 12118 53607 36126]
2020-03-29 21:29:14,249 - exp_torch_topics_d128_passive_i2000_b20_q100_up_if4_512_3 - INFO - finish step #29 for 3.366126775741577 sec
2020-03-29 21:29:14,250 - exp_torch_topics_d128_passive_i2000_b20_q100_up_if4_512_3 - INFO - current val_accuracy: 0.4724650478292862
2020-03-29 21:29:14,250 - exp_torch_topics_d128_passive_i2000_b20_q100_up_if4_512_3 - INFO - start step #30
2020-03-29 21:29:14,250 - exp_torch_topics_d128_passive_i2000_b20_q100_up_if4_512_3 - INFO - query idx: [54412 88047  8002 88044 37478 39026 46100 63200 96545 85421  3929 24829
 66350 47225 97586 18304 15665 35399 13555  8541]
2020-03-29 21:29:17,579 - exp_torch_topics_d128_passive_i2000_b20_q100_up_if4_512_3 - INFO - finish step #30 for 3.329371213912964 sec
2020-03-29 21:29:17,579 - exp_torch_topics_d128_passive_i2000_b20_q100_up_if4_512_3 - INFO - current val_accuracy: 0.47167034584253126
2020-03-29 21:29:17,580 - exp_torch_topics_d128_passive_i2000_b20_q100_up_if4_512_3 - INFO - start step #31
2020-03-29 21:29:17,580 - exp_torch_topics_d128_passive_i2000_b20_q100_up_if4_512_3 - INFO - query idx: [21067 74018 16917 57655 58577  9208 83433 70540 74589  4559 93038 69331
 47001 93585 21915 67646 44960 91883 74314 62187]
2020-03-29 21:29:21,013 - exp_torch_topics_d128_passive_i2000_b20_q100_up_if4_512_3 - INFO - finish step #31 for 3.4330220222473145 sec
2020-03-29 21:29:21,014 - exp_torch_topics_d128_passive_i2000_b20_q100_up_if4_512_3 - INFO - current val_accuracy: 0.4710228108903606
2020-03-29 21:29:21,014 - exp_torch_topics_d128_passive_i2000_b20_q100_up_if4_512_3 - INFO - start step #32
2020-03-29 21:29:21,015 - exp_torch_topics_d128_passive_i2000_b20_q100_up_if4_512_3 - INFO - query idx: [32717 96095 57859 51826 85259 52652 27285 89841 63842 18848 26726 58811
 21681 28753 86952 44920  2227 35312 98110 69423]
2020-03-29 21:29:24,478 - exp_torch_topics_d128_passive_i2000_b20_q100_up_if4_512_3 - INFO - finish step #32 for 3.464146852493286 sec
2020-03-29 21:29:24,478 - exp_torch_topics_d128_passive_i2000_b20_q100_up_if4_512_3 - INFO - current val_accuracy: 0.4719352465047829
2020-03-29 21:29:24,479 - exp_torch_topics_d128_passive_i2000_b20_q100_up_if4_512_3 - INFO - start step #33
2020-03-29 21:29:24,479 - exp_torch_topics_d128_passive_i2000_b20_q100_up_if4_512_3 - INFO - query idx: [31021 18126 77344 92596 12017 11815 41228  2058 53489 42202 57274 46972
 52486 15196 18384 12683 58952 70429 87316 81389]
2020-03-29 21:29:28,162 - exp_torch_topics_d128_passive_i2000_b20_q100_up_if4_512_3 - INFO - finish step #33 for 3.6829328536987305 sec
2020-03-29 21:29:28,162 - exp_torch_topics_d128_passive_i2000_b20_q100_up_if4_512_3 - INFO - current val_accuracy: 0.4730831493745401
2020-03-29 21:29:28,162 - exp_torch_topics_d128_passive_i2000_b20_q100_up_if4_512_3 - INFO - start step #34
2020-03-29 21:29:28,163 - exp_torch_topics_d128_passive_i2000_b20_q100_up_if4_512_3 - INFO - query idx: [95822 26143 77275 68611   222  4100 31590 25640 87731 42266 67435 81296
 18869 13453 98953 40293 29812 42580 27714 37545]
2020-03-29 21:29:31,910 - exp_torch_topics_d128_passive_i2000_b20_q100_up_if4_512_3 - INFO - finish step #34 for 3.747623920440674 sec
2020-03-29 21:29:31,910 - exp_torch_topics_d128_passive_i2000_b20_q100_up_if4_512_3 - INFO - current val_accuracy: 0.47352465047829284
2020-03-29 21:29:31,910 - exp_torch_topics_d128_passive_i2000_b20_q100_up_if4_512_3 - INFO - start step #35
2020-03-29 21:29:31,911 - exp_torch_topics_d128_passive_i2000_b20_q100_up_if4_512_3 - INFO - query idx: [50058 24600 16505 18958 50439 41856  6903 27041 39745 85164 24032 90512
 85926 88484 92245  4841  5058 76751 58157   442]
2020-03-29 21:29:35,387 - exp_torch_topics_d128_passive_i2000_b20_q100_up_if4_512_3 - INFO - finish step #35 for 3.4760780334472656 sec
2020-03-29 21:29:35,387 - exp_torch_topics_d128_passive_i2000_b20_q100_up_if4_512_3 - INFO - current val_accuracy: 0.4724944812362031
2020-03-29 21:29:35,387 - exp_torch_topics_d128_passive_i2000_b20_q100_up_if4_512_3 - INFO - start step #36
2020-03-29 21:29:35,388 - exp_torch_topics_d128_passive_i2000_b20_q100_up_if4_512_3 - INFO - query idx: [92891 86670 60495 38146 93340 24017  1164 12920 17670 18222 22579 59401
 30935 27968 63843 49540 88019 84275 96643 40907]
2020-03-29 21:29:38,908 - exp_torch_topics_d128_passive_i2000_b20_q100_up_if4_512_3 - INFO - finish step #36 for 3.5209059715270996 sec
2020-03-29 21:29:38,909 - exp_torch_topics_d128_passive_i2000_b20_q100_up_if4_512_3 - INFO - current val_accuracy: 0.4726710816777042
2020-03-29 21:29:38,909 - exp_torch_topics_d128_passive_i2000_b20_q100_up_if4_512_3 - INFO - start step #37
2020-03-29 21:29:38,910 - exp_torch_topics_d128_passive_i2000_b20_q100_up_if4_512_3 - INFO - query idx: [ 6368 37165 30555 40906 67401 13835 73729 35920 19144 84147 93469 19715
 92995 44694  2794 77645 23461 74843 56734 37458]
2020-03-29 21:29:42,261 - exp_torch_topics_d128_passive_i2000_b20_q100_up_if4_512_3 - INFO - finish step #37 for 3.350965976715088 sec
2020-03-29 21:29:42,261 - exp_torch_topics_d128_passive_i2000_b20_q100_up_if4_512_3 - INFO - current val_accuracy: 0.475467255334805
2020-03-29 21:29:42,261 - exp_torch_topics_d128_passive_i2000_b20_q100_up_if4_512_3 - INFO - start step #38
2020-03-29 21:29:42,261 - exp_torch_topics_d128_passive_i2000_b20_q100_up_if4_512_3 - INFO - query idx: [46759 27048 37288 19569 43783 10062 76642 33761 25699 52856 72785  9549
 49109 41578 84133 81416  8186 70042 44547  7154]
2020-03-29 21:29:45,672 - exp_torch_topics_d128_passive_i2000_b20_q100_up_if4_512_3 - INFO - finish step #38 for 3.410526990890503 sec
2020-03-29 21:29:45,672 - exp_torch_topics_d128_passive_i2000_b20_q100_up_if4_512_3 - INFO - current val_accuracy: 0.47352465047829284
2020-03-29 21:29:45,672 - exp_torch_topics_d128_passive_i2000_b20_q100_up_if4_512_3 - INFO - start step #39
2020-03-29 21:29:45,672 - exp_torch_topics_d128_passive_i2000_b20_q100_up_if4_512_3 - INFO - query idx: [96101 31991 57421 23089 10667 38225 70266 20157 48044 57073 62693 27692
  8864  5830 18727 52246 19374 49838 80144 36849]
2020-03-29 21:29:49,117 - exp_torch_topics_d128_passive_i2000_b20_q100_up_if4_512_3 - INFO - finish step #39 for 3.445024013519287 sec
2020-03-29 21:29:49,117 - exp_torch_topics_d128_passive_i2000_b20_q100_up_if4_512_3 - INFO - current val_accuracy: 0.4774981604120677
2020-03-29 21:29:49,117 - exp_torch_topics_d128_passive_i2000_b20_q100_up_if4_512_3 - INFO - start step #40
2020-03-29 21:29:49,118 - exp_torch_topics_d128_passive_i2000_b20_q100_up_if4_512_3 - INFO - query idx: [57008 15553 88721 99050 76533 56058 15049  8265 12363 82503 81383 60212
 61008 94779 35159 82573 78939 98791 45976 82191]
2020-03-29 21:29:52,432 - exp_torch_topics_d128_passive_i2000_b20_q100_up_if4_512_3 - INFO - finish step #40 for 3.314390182495117 sec
2020-03-29 21:29:52,432 - exp_torch_topics_d128_passive_i2000_b20_q100_up_if4_512_3 - INFO - current val_accuracy: 0.47611479028697573
2020-03-29 21:29:52,432 - exp_torch_topics_d128_passive_i2000_b20_q100_up_if4_512_3 - INFO - start step #41
2020-03-29 21:29:52,433 - exp_torch_topics_d128_passive_i2000_b20_q100_up_if4_512_3 - INFO - query idx: [27822 63881 29214 73542 19161 59422 83171 29544 83645 32420 89286 59685
 11548 66586 20173 36785 47474 61049 80678  3588]
2020-03-29 21:29:55,900 - exp_torch_topics_d128_passive_i2000_b20_q100_up_if4_512_3 - INFO - finish step #41 for 3.4671919345855713 sec
2020-03-29 21:29:55,900 - exp_torch_topics_d128_passive_i2000_b20_q100_up_if4_512_3 - INFO - current val_accuracy: 0.4745253863134658
2020-03-29 21:29:55,900 - exp_torch_topics_d128_passive_i2000_b20_q100_up_if4_512_3 - INFO - start step #42
2020-03-29 21:29:55,900 - exp_torch_topics_d128_passive_i2000_b20_q100_up_if4_512_3 - INFO - query idx: [ 7412 43963 28499 20282 69169 42014 45069  4151 74862 71725 62883  3242
 47895  2038 86910 80698 71078 86664 79635 40235]
2020-03-29 21:29:59,300 - exp_torch_topics_d128_passive_i2000_b20_q100_up_if4_512_3 - INFO - finish step #42 for 3.399733066558838 sec
2020-03-29 21:29:59,300 - exp_torch_topics_d128_passive_i2000_b20_q100_up_if4_512_3 - INFO - current val_accuracy: 0.4796467991169978
2020-03-29 21:29:59,300 - exp_torch_topics_d128_passive_i2000_b20_q100_up_if4_512_3 - INFO - start step #43
2020-03-29 21:29:59,301 - exp_torch_topics_d128_passive_i2000_b20_q100_up_if4_512_3 - INFO - query idx: [93380 47931 84646  9248 35278 11116 28072 39890 12025 65591 45648 41100
 88490  8579 49775 31063 35696 37070 36324 11210]
2020-03-29 21:30:02,762 - exp_torch_topics_d128_passive_i2000_b20_q100_up_if4_512_3 - INFO - finish step #43 for 3.4617669582366943 sec
2020-03-29 21:30:02,762 - exp_torch_topics_d128_passive_i2000_b20_q100_up_if4_512_3 - INFO - current val_accuracy: 0.478822663723326
2020-03-29 21:30:02,763 - exp_torch_topics_d128_passive_i2000_b20_q100_up_if4_512_3 - INFO - start step #44
2020-03-29 21:30:02,763 - exp_torch_topics_d128_passive_i2000_b20_q100_up_if4_512_3 - INFO - query idx: [91198 75133  8217 78585 17447 53897 34735 32925 80662 38978 49899 44160
   597 73584 28620 35630 55447 40494 24735  6482]
2020-03-29 21:30:06,176 - exp_torch_topics_d128_passive_i2000_b20_q100_up_if4_512_3 - INFO - finish step #44 for 3.4132320880889893 sec
2020-03-29 21:30:06,176 - exp_torch_topics_d128_passive_i2000_b20_q100_up_if4_512_3 - INFO - current val_accuracy: 0.48026490066225164
2020-03-29 21:30:06,176 - exp_torch_topics_d128_passive_i2000_b20_q100_up_if4_512_3 - INFO - start step #45
2020-03-29 21:30:06,177 - exp_torch_topics_d128_passive_i2000_b20_q100_up_if4_512_3 - INFO - query idx: [89451 85778 86017 45835 47328 36112 97858 57456 83524 93658 88786 23855
 75968 36434 83875 61539 37278 90595 41844 81891]
2020-03-29 21:30:09,532 - exp_torch_topics_d128_passive_i2000_b20_q100_up_if4_512_3 - INFO - finish step #45 for 3.355678081512451 sec
2020-03-29 21:30:09,533 - exp_torch_topics_d128_passive_i2000_b20_q100_up_if4_512_3 - INFO - current val_accuracy: 0.47932303164091244
2020-03-29 21:30:09,533 - exp_torch_topics_d128_passive_i2000_b20_q100_up_if4_512_3 - INFO - start step #46
2020-03-29 21:30:09,533 - exp_torch_topics_d128_passive_i2000_b20_q100_up_if4_512_3 - INFO - query idx: [93697 87061 16636 79717 28226 22045 70332 80307 41300 57236 75490  4031
 31833  9292 96902 79296  4857 43907 13027  4973]
2020-03-29 21:30:13,092 - exp_torch_topics_d128_passive_i2000_b20_q100_up_if4_512_3 - INFO - finish step #46 for 3.558969259262085 sec
2020-03-29 21:30:13,092 - exp_torch_topics_d128_passive_i2000_b20_q100_up_if4_512_3 - INFO - current val_accuracy: 0.4776747608535688
2020-03-29 21:30:13,092 - exp_torch_topics_d128_passive_i2000_b20_q100_up_if4_512_3 - INFO - start step #47
2020-03-29 21:30:13,093 - exp_torch_topics_d128_passive_i2000_b20_q100_up_if4_512_3 - INFO - query idx: [83361 98720 10424 38336 11460 83963 10686 56590 98654 79135 67398 23729
 60594 56838 21086 89698 34357 91005 50600 44185]
2020-03-29 21:30:16,570 - exp_torch_topics_d128_passive_i2000_b20_q100_up_if4_512_3 - INFO - finish step #47 for 3.477436065673828 sec
2020-03-29 21:30:16,570 - exp_torch_topics_d128_passive_i2000_b20_q100_up_if4_512_3 - INFO - current val_accuracy: 0.4784400294334069
2020-03-29 21:30:16,570 - exp_torch_topics_d128_passive_i2000_b20_q100_up_if4_512_3 - INFO - start step #48
2020-03-29 21:30:16,571 - exp_torch_topics_d128_passive_i2000_b20_q100_up_if4_512_3 - INFO - query idx: [31688 68821 13824 46243 48108 29859 36885 84605 79846 62254 24483 35415
 41557 44360  9650 47629 34547 97397 73375 63602]
2020-03-29 21:30:19,950 - exp_torch_topics_d128_passive_i2000_b20_q100_up_if4_512_3 - INFO - finish step #48 for 3.379995822906494 sec
2020-03-29 21:30:19,951 - exp_torch_topics_d128_passive_i2000_b20_q100_up_if4_512_3 - INFO - current val_accuracy: 0.48229580573951436
2020-03-29 21:30:19,951 - exp_torch_topics_d128_passive_i2000_b20_q100_up_if4_512_3 - INFO - start step #49
2020-03-29 21:30:19,951 - exp_torch_topics_d128_passive_i2000_b20_q100_up_if4_512_3 - INFO - query idx: [24562 10383 57669 18066 46320   622  5257  8788  6109 23161 19985 52667
 47302  9669 11617 38280 18195  2397 75551 25656]
2020-03-29 21:30:26,910 - exp_torch_topics_d128_passive_i2000_b20_q100_up_if4_512_3 - INFO - finish step #49 for 6.958920955657959 sec
2020-03-29 21:30:26,912 - exp_torch_topics_d128_passive_i2000_b20_q100_up_if4_512_3 - INFO - current val_accuracy: 0.48085356880058866
2020-03-29 21:30:26,913 - exp_torch_topics_d128_passive_i2000_b20_q100_up_if4_512_3 - INFO - start step #50
2020-03-29 21:30:26,955 - exp_torch_topics_d128_passive_i2000_b20_q100_up_if4_512_3 - INFO - query idx: [41884 74072 13642 59349 48423 83505 89903   169 53334  5011 60291 80276
 33875 55693 73205 91701 52730 37042 80416 13399]
