2020-03-20 13:08:25,480 - exp_torch_topics_d128_least_confident_i2000_b20_3 - INFO - start experiment process
2020-03-20 13:08:31,634 - exp_torch_topics_d128_least_confident_i2000_b20_3 - INFO - initial val_accuracy: 0.44991905813097866
2020-03-20 13:08:31,634 - exp_torch_topics_d128_least_confident_i2000_b20_3 - INFO - start step #0
2020-03-20 13:08:34,693 - exp_torch_topics_d128_least_confident_i2000_b20_3 - INFO - query idx: [ 9707 15134  3122  3645 12317 15595  1826  1580  9151  2446  2724 17371
  6330 18342  4474  3143 11262  7827 15776 11638]
2020-03-20 13:08:37,941 - exp_torch_topics_d128_least_confident_i2000_b20_3 - INFO - finish step #0 for 6.306911945343018 sec
2020-03-20 13:08:37,941 - exp_torch_topics_d128_least_confident_i2000_b20_3 - INFO - current val_accuracy: 0.4495952906548933
2020-03-20 13:08:37,941 - exp_torch_topics_d128_least_confident_i2000_b20_3 - INFO - start step #1
2020-03-20 13:08:38,936 - exp_torch_topics_d128_least_confident_i2000_b20_3 - INFO - query idx: [ 9138 15998  5772  8497 14371 17390 16117  8536  3010  6507  5953 15491
 12299 12763  5040  7123 15265 18738 17289 11845]
2020-03-20 13:08:42,034 - exp_torch_topics_d128_least_confident_i2000_b20_3 - INFO - finish step #1 for 4.092480897903442 sec
2020-03-20 13:08:42,034 - exp_torch_topics_d128_least_confident_i2000_b20_3 - INFO - current val_accuracy: 0.4498307579102281
2020-03-20 13:08:42,034 - exp_torch_topics_d128_least_confident_i2000_b20_3 - INFO - start step #2
2020-03-20 13:08:43,116 - exp_torch_topics_d128_least_confident_i2000_b20_3 - INFO - query idx: [ 3266 16149 16799 11221    95 10580   155  1171 10973  5195  6629  5126
 15474 14471 14173  9735 14927  2452  1814 11989]
2020-03-20 13:08:45,522 - exp_torch_topics_d128_least_confident_i2000_b20_3 - INFO - finish step #2 for 3.4869208335876465 sec
2020-03-20 13:08:45,522 - exp_torch_topics_d128_least_confident_i2000_b20_3 - INFO - current val_accuracy: 0.44824135393671816
2020-03-20 13:08:45,522 - exp_torch_topics_d128_least_confident_i2000_b20_3 - INFO - start step #3
2020-03-20 13:08:46,600 - exp_torch_topics_d128_least_confident_i2000_b20_3 - INFO - query idx: [  789 14653 13151  6387 13420 16059 16643 12342  2633 15204  3347 12127
 16779  1430 10109 16733    98   423  1013  4145]
2020-03-20 13:08:48,982 - exp_torch_topics_d128_least_confident_i2000_b20_3 - INFO - finish step #3 for 3.459623098373413 sec
2020-03-20 13:08:48,982 - exp_torch_topics_d128_least_confident_i2000_b20_3 - INFO - current val_accuracy: 0.43955849889624726
2020-03-20 13:08:48,982 - exp_torch_topics_d128_least_confident_i2000_b20_3 - INFO - start step #4
2020-03-20 13:08:49,980 - exp_torch_topics_d128_least_confident_i2000_b20_3 - INFO - query idx: [ 6904 10374  4329 15526  8411  8294  3449 11929  1964 12866   587 10672
 18093  4642 19600  1785  1335  9363 11501 19744]
2020-03-20 13:08:52,433 - exp_torch_topics_d128_least_confident_i2000_b20_3 - INFO - finish step #4 for 3.450892210006714 sec
2020-03-20 13:08:52,433 - exp_torch_topics_d128_least_confident_i2000_b20_3 - INFO - current val_accuracy: 0.44576894775570275
2020-03-20 13:08:52,433 - exp_torch_topics_d128_least_confident_i2000_b20_3 - INFO - start step #5
2020-03-20 13:08:53,469 - exp_torch_topics_d128_least_confident_i2000_b20_3 - INFO - query idx: [ 4796 13936  4030 16257  6339 10961  4854  5174 14044 10705 11745  1008
 10109  1386 18924 15924 14051 13122 13663 18283]
2020-03-20 13:08:55,850 - exp_torch_topics_d128_least_confident_i2000_b20_3 - INFO - finish step #5 for 3.4169161319732666 sec
2020-03-20 13:08:55,851 - exp_torch_topics_d128_least_confident_i2000_b20_3 - INFO - current val_accuracy: 0.4538631346578366
2020-03-20 13:08:55,851 - exp_torch_topics_d128_least_confident_i2000_b20_3 - INFO - start step #6
2020-03-20 13:08:57,065 - exp_torch_topics_d128_least_confident_i2000_b20_3 - INFO - query idx: [19669 15903 12405   406 16663 10471 19264 12792 17374 16027  9795 10945
 17542 16598 12094 13127 16792 19462  2051 17493]
2020-03-20 13:08:59,442 - exp_torch_topics_d128_least_confident_i2000_b20_3 - INFO - finish step #6 for 3.590780019760132 sec
2020-03-20 13:08:59,442 - exp_torch_topics_d128_least_confident_i2000_b20_3 - INFO - current val_accuracy: 0.460691685062546
2020-03-20 13:08:59,442 - exp_torch_topics_d128_least_confident_i2000_b20_3 - INFO - start step #7
2020-03-20 13:09:00,458 - exp_torch_topics_d128_least_confident_i2000_b20_3 - INFO - query idx: [13504  5055 14698  9535 11871 14313  3850 11190  6946 17847 14100 11616
 11281 11937  4478 17099 13766   855 11826 19099]
2020-03-20 13:09:03,236 - exp_torch_topics_d128_least_confident_i2000_b20_3 - INFO - finish step #7 for 3.793734073638916 sec
2020-03-20 13:09:03,236 - exp_torch_topics_d128_least_confident_i2000_b20_3 - INFO - current val_accuracy: 0.46398822663723327
2020-03-20 13:09:03,236 - exp_torch_topics_d128_least_confident_i2000_b20_3 - INFO - start step #8
2020-03-20 13:09:04,360 - exp_torch_topics_d128_least_confident_i2000_b20_3 - INFO - query idx: [ 1305  2834 10344  4167 19554  3878 11207  2945   121  1989  1107 13879
  3145 17150  9546 10668 14083 15207 13454 17482]
2020-03-20 13:09:06,812 - exp_torch_topics_d128_least_confident_i2000_b20_3 - INFO - finish step #8 for 3.5752880573272705 sec
2020-03-20 13:09:06,812 - exp_torch_topics_d128_least_confident_i2000_b20_3 - INFO - current val_accuracy: 0.4679617365710081
2020-03-20 13:09:06,813 - exp_torch_topics_d128_least_confident_i2000_b20_3 - INFO - start step #9
2020-03-20 13:09:07,950 - exp_torch_topics_d128_least_confident_i2000_b20_3 - INFO - query idx: [16357  3911 16690 19337 12051 12348  8835 10231 13419 19675  6648  4778
 17123  9681 13350  9469   535 17335 16264 19583]
2020-03-20 13:09:10,364 - exp_torch_topics_d128_least_confident_i2000_b20_3 - INFO - finish step #9 for 3.550205945968628 sec
2020-03-20 13:09:10,364 - exp_torch_topics_d128_least_confident_i2000_b20_3 - INFO - current val_accuracy: 0.4672553348050037
2020-03-20 13:09:10,364 - exp_torch_topics_d128_least_confident_i2000_b20_3 - INFO - start step #10
2020-03-20 13:09:11,339 - exp_torch_topics_d128_least_confident_i2000_b20_3 - INFO - query idx: [  842 10846  5399 11874  3454   628  1367 17086  7577   247 17090 10673
 15587   301  9385  3616 12407 19225  6821 13180]
2020-03-20 13:09:13,867 - exp_torch_topics_d128_least_confident_i2000_b20_3 - INFO - finish step #10 for 3.5025792121887207 sec
2020-03-20 13:09:13,867 - exp_torch_topics_d128_least_confident_i2000_b20_3 - INFO - current val_accuracy: 0.46545989698307577
2020-03-20 13:09:13,867 - exp_torch_topics_d128_least_confident_i2000_b20_3 - INFO - start step #11
2020-03-20 13:09:14,888 - exp_torch_topics_d128_least_confident_i2000_b20_3 - INFO - query idx: [14436 13875  2894  4353  1708  7992  1168  2158  1209  6803  9012  8229
  9398 11802  1798  1735  3747  5363  4492 11502]
2020-03-20 13:09:17,478 - exp_torch_topics_d128_least_confident_i2000_b20_3 - INFO - finish step #11 for 3.611337900161743 sec
2020-03-20 13:09:17,479 - exp_torch_topics_d128_least_confident_i2000_b20_3 - INFO - current val_accuracy: 0.47196467991169977
2020-03-20 13:09:17,479 - exp_torch_topics_d128_least_confident_i2000_b20_3 - INFO - start step #12
2020-03-20 13:09:18,452 - exp_torch_topics_d128_least_confident_i2000_b20_3 - INFO - query idx: [ 9275  6100  3399 10800  5169  1607 16748  7283  5150  7048 14824  3976
  1979  5793 18440 14947  7074 10401  8416 14111]
2020-03-20 13:09:20,843 - exp_torch_topics_d128_least_confident_i2000_b20_3 - INFO - finish step #12 for 3.3646249771118164 sec
2020-03-20 13:09:20,844 - exp_torch_topics_d128_least_confident_i2000_b20_3 - INFO - current val_accuracy: 0.4739367181751288
2020-03-20 13:09:20,844 - exp_torch_topics_d128_least_confident_i2000_b20_3 - INFO - start step #13
2020-03-20 13:09:21,801 - exp_torch_topics_d128_least_confident_i2000_b20_3 - INFO - query idx: [13492  2096  7725 11290 15897  2782     6 14242 10897 17959  7971  2225
  1664  9363 11822 16468  4067  7702 11159 19505]
2020-03-20 13:09:24,385 - exp_torch_topics_d128_least_confident_i2000_b20_3 - INFO - finish step #13 for 3.5411319732666016 sec
2020-03-20 13:09:24,385 - exp_torch_topics_d128_least_confident_i2000_b20_3 - INFO - current val_accuracy: 0.47228844738778514
2020-03-20 13:09:24,386 - exp_torch_topics_d128_least_confident_i2000_b20_3 - INFO - start step #14
2020-03-20 13:09:25,359 - exp_torch_topics_d128_least_confident_i2000_b20_3 - INFO - query idx: [ 1353 17793 12682 18731 10607 10487  4166 16574  4282 10190 14824  4486
  5327 15300 19369  5071  7989 10103 15884    76]
2020-03-20 13:09:28,138 - exp_torch_topics_d128_least_confident_i2000_b20_3 - INFO - finish step #14 for 3.7522530555725098 sec
2020-03-20 13:09:28,138 - exp_torch_topics_d128_least_confident_i2000_b20_3 - INFO - current val_accuracy: 0.47264164827078736
2020-03-20 13:09:28,138 - exp_torch_topics_d128_least_confident_i2000_b20_3 - INFO - start step #15
2020-03-20 13:09:29,154 - exp_torch_topics_d128_least_confident_i2000_b20_3 - INFO - query idx: [ 7657 10143   253  6332 19290  8387  3189  7365  5213 16446 10085  1783
  5902 12400 10205   752  8682  5901 13268  8051]
2020-03-20 13:09:31,605 - exp_torch_topics_d128_least_confident_i2000_b20_3 - INFO - finish step #15 for 3.4668798446655273 sec
2020-03-20 13:09:31,605 - exp_torch_topics_d128_least_confident_i2000_b20_3 - INFO - current val_accuracy: 0.4747608535688006
2020-03-20 13:09:31,606 - exp_torch_topics_d128_least_confident_i2000_b20_3 - INFO - start step #16
2020-03-20 13:09:32,635 - exp_torch_topics_d128_least_confident_i2000_b20_3 - INFO - query idx: [ 6775 16505  8921  6223 19149 16859  8261 11221  1747 10379 15829 10246
 10613 14999 12396 11168  8401  6635 10939  4159]
2020-03-20 13:09:35,274 - exp_torch_topics_d128_least_confident_i2000_b20_3 - INFO - finish step #16 for 3.6683409214019775 sec
2020-03-20 13:09:35,274 - exp_torch_topics_d128_least_confident_i2000_b20_3 - INFO - current val_accuracy: 0.47252391464311994
2020-03-20 13:09:35,274 - exp_torch_topics_d128_least_confident_i2000_b20_3 - INFO - start step #17
2020-03-20 13:09:36,279 - exp_torch_topics_d128_least_confident_i2000_b20_3 - INFO - query idx: [17797 16308  3629 13733 15360  7567 18489  1900 17032   410 12622 10353
 14694  2201 16767  3822  5980  3712 15251 14877]
2020-03-20 13:09:38,886 - exp_torch_topics_d128_least_confident_i2000_b20_3 - INFO - finish step #17 for 3.6116061210632324 sec
2020-03-20 13:09:38,886 - exp_torch_topics_d128_least_confident_i2000_b20_3 - INFO - current val_accuracy: 0.47211184694628405
2020-03-20 13:09:38,886 - exp_torch_topics_d128_least_confident_i2000_b20_3 - INFO - start step #18
2020-03-20 13:09:39,843 - exp_torch_topics_d128_least_confident_i2000_b20_3 - INFO - query idx: [18176 14860  2360 17303   960  3259    34 15439 16734 18709 11407 15773
  6654  8939  5865  1763 12433  1562  8875 11358]
2020-03-20 13:09:42,257 - exp_torch_topics_d128_least_confident_i2000_b20_3 - INFO - finish step #18 for 3.3702969551086426 sec
2020-03-20 13:09:42,257 - exp_torch_topics_d128_least_confident_i2000_b20_3 - INFO - current val_accuracy: 0.47723325974981606
2020-03-20 13:09:42,257 - exp_torch_topics_d128_least_confident_i2000_b20_3 - INFO - start step #19
2020-03-20 13:09:43,437 - exp_torch_topics_d128_least_confident_i2000_b20_3 - INFO - query idx: [12552  6234 13292 19264 14258 11074 15746  4913 15567 10941 10631  4159
  5590 17996 11550  6815  5630  6515  6230  6411]
2020-03-20 13:09:45,933 - exp_torch_topics_d128_least_confident_i2000_b20_3 - INFO - finish step #19 for 3.675671100616455 sec
2020-03-20 13:09:45,933 - exp_torch_topics_d128_least_confident_i2000_b20_3 - INFO - current val_accuracy: 0.4744076526857984
2020-03-20 13:09:45,933 - exp_torch_topics_d128_least_confident_i2000_b20_3 - INFO - start step #20
2020-03-20 13:09:46,894 - exp_torch_topics_d128_least_confident_i2000_b20_3 - INFO - query idx: [10757  3884  9132 17860 19079 19057 13599 18508   284 11050  7409 18885
  8606 13258  7783  1035  6451  7687  1638 16560]
2020-03-20 13:09:49,808 - exp_torch_topics_d128_least_confident_i2000_b20_3 - INFO - finish step #20 for 3.874610185623169 sec
2020-03-20 13:09:49,808 - exp_torch_topics_d128_least_confident_i2000_b20_3 - INFO - current val_accuracy: 0.472906548933039
2020-03-20 13:09:49,808 - exp_torch_topics_d128_least_confident_i2000_b20_3 - INFO - start step #21
2020-03-20 13:09:50,832 - exp_torch_topics_d128_least_confident_i2000_b20_3 - INFO - query idx: [ 7824  9071  9610  9716 18882 14804 10180 18950 17498 18822  1395  7420
 11990 14871 18193  9051 15706   235 18868 17189]
2020-03-20 13:09:53,266 - exp_torch_topics_d128_least_confident_i2000_b20_3 - INFO - finish step #21 for 3.457446813583374 sec
2020-03-20 13:09:53,266 - exp_torch_topics_d128_least_confident_i2000_b20_3 - INFO - current val_accuracy: 0.47573215599705665
2020-03-20 13:09:53,267 - exp_torch_topics_d128_least_confident_i2000_b20_3 - INFO - start step #22
2020-03-20 13:09:54,372 - exp_torch_topics_d128_least_confident_i2000_b20_3 - INFO - query idx: [ 1927  5074 14020 13921 12075  8013 12759   943  8783  3796  3314 15737
  7199  2139 14238 13071 13721  7394  1877  3290]
2020-03-20 13:09:56,819 - exp_torch_topics_d128_least_confident_i2000_b20_3 - INFO - finish step #22 for 3.5517098903656006 sec
2020-03-20 13:09:56,819 - exp_torch_topics_d128_least_confident_i2000_b20_3 - INFO - current val_accuracy: 0.4782634289919058
2020-03-20 13:09:56,819 - exp_torch_topics_d128_least_confident_i2000_b20_3 - INFO - start step #23
2020-03-20 13:09:57,846 - exp_torch_topics_d128_least_confident_i2000_b20_3 - INFO - query idx: [18135 16078 17918  2998  3671   180  5291  4948  4800 16838  7607  8123
 15409 11802  3182 17345  8619 10314 16899  2823]
2020-03-20 13:10:00,248 - exp_torch_topics_d128_least_confident_i2000_b20_3 - INFO - finish step #23 for 3.4283931255340576 sec
2020-03-20 13:10:00,248 - exp_torch_topics_d128_least_confident_i2000_b20_3 - INFO - current val_accuracy: 0.4758204562178072
2020-03-20 13:10:00,248 - exp_torch_topics_d128_least_confident_i2000_b20_3 - INFO - start step #24
2020-03-20 13:10:01,352 - exp_torch_topics_d128_least_confident_i2000_b20_3 - INFO - query idx: [17335 17136  5760 13062  7121  6663 17146 17244 11989 18279  7536 13818
  8311  2928 15478  8704  8702  5920  1120   719]
2020-03-20 13:10:03,853 - exp_torch_topics_d128_least_confident_i2000_b20_3 - INFO - finish step #24 for 3.604957103729248 sec
2020-03-20 13:10:03,853 - exp_torch_topics_d128_least_confident_i2000_b20_3 - INFO - current val_accuracy: 0.47434878587196466
2020-03-20 13:10:03,854 - exp_torch_topics_d128_least_confident_i2000_b20_3 - INFO - start step #25
2020-03-20 13:10:04,936 - exp_torch_topics_d128_least_confident_i2000_b20_3 - INFO - query idx: [ 6538  2934  1737  2448  9934  3389  2377 19348  9496  9448  8200 10020
 11496 14862 14891 14472  8139  1784 11600 13299]
2020-03-20 13:10:07,332 - exp_torch_topics_d128_least_confident_i2000_b20_3 - INFO - finish step #25 for 3.4786548614501953 sec
2020-03-20 13:10:07,333 - exp_torch_topics_d128_least_confident_i2000_b20_3 - INFO - current val_accuracy: 0.47334805003679176
2020-03-20 13:10:07,333 - exp_torch_topics_d128_least_confident_i2000_b20_3 - INFO - start step #26
2020-03-20 13:10:08,352 - exp_torch_topics_d128_least_confident_i2000_b20_3 - INFO - query idx: [ 1189 17738  1298  6440 12147 14411 11863 13481  5625 13199  7357  2845
 12201 17204 16669 12712  4668 14503  7488  8474]
2020-03-20 13:10:11,475 - exp_torch_topics_d128_least_confident_i2000_b20_3 - INFO - finish step #26 for 4.141695022583008 sec
2020-03-20 13:10:11,475 - exp_torch_topics_d128_least_confident_i2000_b20_3 - INFO - current val_accuracy: 0.47434878587196466
2020-03-20 13:10:11,475 - exp_torch_topics_d128_least_confident_i2000_b20_3 - INFO - start step #27
2020-03-20 13:10:12,454 - exp_torch_topics_d128_least_confident_i2000_b20_3 - INFO - query idx: [16474 15581 17005 16459 10606  1770  8394  8574  5514  8791  4116 11203
  5998 17862  9138 18740 18624  1048  6725 17826]
2020-03-20 13:10:15,337 - exp_torch_topics_d128_least_confident_i2000_b20_3 - INFO - finish step #27 for 3.861738920211792 sec
2020-03-20 13:10:15,337 - exp_torch_topics_d128_least_confident_i2000_b20_3 - INFO - current val_accuracy: 0.47220014716703457
2020-03-20 13:10:15,338 - exp_torch_topics_d128_least_confident_i2000_b20_3 - INFO - start step #28
2020-03-20 13:10:16,417 - exp_torch_topics_d128_least_confident_i2000_b20_3 - INFO - query idx: [ 5244  5033 15225  4000  4016  3382 15762  8600 11463 11504  1492  9538
  7828 15114 13030 16632  3168  5142  9765  2963]
2020-03-20 13:10:19,019 - exp_torch_topics_d128_least_confident_i2000_b20_3 - INFO - finish step #28 for 3.681485176086426 sec
2020-03-20 13:10:19,019 - exp_torch_topics_d128_least_confident_i2000_b20_3 - INFO - current val_accuracy: 0.4776747608535688
2020-03-20 13:10:19,020 - exp_torch_topics_d128_least_confident_i2000_b20_3 - INFO - start step #29
2020-03-20 13:10:20,201 - exp_torch_topics_d128_least_confident_i2000_b20_3 - INFO - query idx: [18630  4818 10717 13956  8564 17298  3700 15483  5179 17780  1261 15291
 10069 15217 14898 13538  9122 13296  6596 11969]
2020-03-20 13:10:22,751 - exp_torch_topics_d128_least_confident_i2000_b20_3 - INFO - finish step #29 for 3.730844736099243 sec
2020-03-20 13:10:22,751 - exp_torch_topics_d128_least_confident_i2000_b20_3 - INFO - current val_accuracy: 0.4636055923473142
2020-03-20 13:10:22,751 - exp_torch_topics_d128_least_confident_i2000_b20_3 - INFO - finish experiment process for 117.2686767578125 sec
