2020-03-20 13:06:40,418 - exp_torch_topics_d128_passive_i2000_b20_3 - INFO - start experiment process
2020-03-20 13:06:50,842 - exp_torch_topics_d128_passive_i2000_b20_3 - INFO - initial val_accuracy: 0.44991905813097866
2020-03-20 13:06:50,846 - exp_torch_topics_d128_passive_i2000_b20_3 - INFO - start step #0
2020-03-20 13:06:50,895 - exp_torch_topics_d128_passive_i2000_b20_3 - INFO - query idx: [ 8692  4848 14259 13132  1755 14023 12864  5416  4018 17857  5578  9166
  1774 18654  8143  5850 12279  8550 15339  4245]
2020-03-20 13:06:57,073 - exp_torch_topics_d128_passive_i2000_b20_3 - INFO - finish step #0 for 6.226491689682007 sec
2020-03-20 13:06:57,080 - exp_torch_topics_d128_passive_i2000_b20_3 - INFO - current val_accuracy: 0.45144959529065487
2020-03-20 13:06:57,081 - exp_torch_topics_d128_passive_i2000_b20_3 - INFO - start step #1
2020-03-20 13:06:57,087 - exp_torch_topics_d128_passive_i2000_b20_3 - INFO - query idx: [ 5566  8115 17787 18957  6771 13564 14925  6744  8698  8616  2322 15831
  2611  7834 19230 17477 18930 17965 15197  3010]
2020-03-20 13:07:00,292 - exp_torch_topics_d128_passive_i2000_b20_3 - INFO - finish step #1 for 3.2117040157318115 sec
2020-03-20 13:07:00,293 - exp_torch_topics_d128_passive_i2000_b20_3 - INFO - current val_accuracy: 0.4554525386313466
2020-03-20 13:07:00,293 - exp_torch_topics_d128_passive_i2000_b20_3 - INFO - start step #2
2020-03-20 13:07:00,295 - exp_torch_topics_d128_passive_i2000_b20_3 - INFO - query idx: [ 1045  6443  8847 16877  5842  7522 10005 12360   710 12248 12279    53
  4280 16668 15460 18703 16985   470 15690 15192]
2020-03-20 13:07:03,359 - exp_torch_topics_d128_passive_i2000_b20_3 - INFO - finish step #2 for 3.065854072570801 sec
2020-03-20 13:07:03,359 - exp_torch_topics_d128_passive_i2000_b20_3 - INFO - current val_accuracy: 0.44956585724797643
2020-03-20 13:07:03,360 - exp_torch_topics_d128_passive_i2000_b20_3 - INFO - start step #3
2020-03-20 13:07:03,360 - exp_torch_topics_d128_passive_i2000_b20_3 - INFO - query idx: [ 6101 19294 16543 12220 15441  3149 16410 11021 16398  2085 11255  7549
  5363  3976  2444 15523  9604 10733 12354 18763]
2020-03-20 13:07:05,797 - exp_torch_topics_d128_passive_i2000_b20_3 - INFO - finish step #3 for 2.436943292617798 sec
2020-03-20 13:07:05,797 - exp_torch_topics_d128_passive_i2000_b20_3 - INFO - current val_accuracy: 0.4269021339220015
2020-03-20 13:07:05,797 - exp_torch_topics_d128_passive_i2000_b20_3 - INFO - start step #4
2020-03-20 13:07:05,798 - exp_torch_topics_d128_passive_i2000_b20_3 - INFO - query idx: [ 7845   352 10582 11887  1497  1253 17851 13467 10440 14247  2675  5319
  4691 11813 11507 16156  2238  6380 13572  5003]
2020-03-20 13:07:08,310 - exp_torch_topics_d128_passive_i2000_b20_3 - INFO - finish step #4 for 2.5124590396881104 sec
2020-03-20 13:07:08,310 - exp_torch_topics_d128_passive_i2000_b20_3 - INFO - current val_accuracy: 0.4453568800588668
2020-03-20 13:07:08,310 - exp_torch_topics_d128_passive_i2000_b20_3 - INFO - start step #5
2020-03-20 13:07:08,310 - exp_torch_topics_d128_passive_i2000_b20_3 - INFO - query idx: [10890 16159 13912  7121 17834  5264  7100   339 11189  9876 17476 12304
  5054   874 17131 12719  2179  9885 10812 19884]
2020-03-20 13:07:10,997 - exp_torch_topics_d128_passive_i2000_b20_3 - INFO - finish step #5 for 2.6865451335906982 sec
2020-03-20 13:07:10,997 - exp_torch_topics_d128_passive_i2000_b20_3 - INFO - current val_accuracy: 0.45165562913907287
2020-03-20 13:07:10,997 - exp_torch_topics_d128_passive_i2000_b20_3 - INFO - start step #6
2020-03-20 13:07:10,997 - exp_torch_topics_d128_passive_i2000_b20_3 - INFO - query idx: [13471 11504  7780   799  3893  3421  8616   660 15753  2119  4457 18160
 17154 17982 11739  9565  8746 16590  3390   617]
2020-03-20 13:07:13,733 - exp_torch_topics_d128_passive_i2000_b20_3 - INFO - finish step #6 for 2.7353620529174805 sec
2020-03-20 13:07:13,733 - exp_torch_topics_d128_passive_i2000_b20_3 - INFO - current val_accuracy: 0.4544812362030905
2020-03-20 13:07:13,734 - exp_torch_topics_d128_passive_i2000_b20_3 - INFO - start step #7
2020-03-20 13:07:13,735 - exp_torch_topics_d128_passive_i2000_b20_3 - INFO - query idx: [19607  5440  9758 18511  3653 10861 13263 11485 13125 10977  6708   491
 16609 13979 10997  8173 11377 10218 17431  4966]
2020-03-20 13:07:16,267 - exp_torch_topics_d128_passive_i2000_b20_3 - INFO - finish step #7 for 2.5330231189727783 sec
2020-03-20 13:07:16,267 - exp_torch_topics_d128_passive_i2000_b20_3 - INFO - current val_accuracy: 0.45963208241353937
2020-03-20 13:07:16,267 - exp_torch_topics_d128_passive_i2000_b20_3 - INFO - start step #8
2020-03-20 13:07:16,268 - exp_torch_topics_d128_passive_i2000_b20_3 - INFO - query idx: [ 7494  4183  3728 18556  1593  2124 13715 15027   374  4970  3038 13613
  1484 11886 14432  6904 14567 13396 11356   350]
2020-03-20 13:07:18,891 - exp_torch_topics_d128_passive_i2000_b20_3 - INFO - finish step #8 for 2.623567819595337 sec
2020-03-20 13:07:18,891 - exp_torch_topics_d128_passive_i2000_b20_3 - INFO - current val_accuracy: 0.46286975717439294
2020-03-20 13:07:18,891 - exp_torch_topics_d128_passive_i2000_b20_3 - INFO - start step #9
2020-03-20 13:07:18,892 - exp_torch_topics_d128_passive_i2000_b20_3 - INFO - query idx: [11981 15104  4393  1189 14176  9595 12090 13039  3187 19170  5304  1799
 14370 14364  6761 11397 15213  9385  1123 17813]
2020-03-20 13:07:21,505 - exp_torch_topics_d128_passive_i2000_b20_3 - INFO - finish step #9 for 2.613929033279419 sec
2020-03-20 13:07:21,506 - exp_torch_topics_d128_passive_i2000_b20_3 - INFO - current val_accuracy: 0.4618101545253863
2020-03-20 13:07:21,506 - exp_torch_topics_d128_passive_i2000_b20_3 - INFO - start step #10
2020-03-20 13:07:21,506 - exp_torch_topics_d128_passive_i2000_b20_3 - INFO - query idx: [18883 11934 19169 19281  4818  7610  5135 19569  7906  6725  9489  3838
 14333  6845 11970 10825 12142  8231 18352 15969]
2020-03-20 13:07:24,519 - exp_torch_topics_d128_passive_i2000_b20_3 - INFO - finish step #10 for 3.0135369300842285 sec
2020-03-20 13:07:24,520 - exp_torch_topics_d128_passive_i2000_b20_3 - INFO - current val_accuracy: 0.4671670345842531
2020-03-20 13:07:24,520 - exp_torch_topics_d128_passive_i2000_b20_3 - INFO - start step #11
2020-03-20 13:07:24,520 - exp_torch_topics_d128_passive_i2000_b20_3 - INFO - query idx: [10750  6093   977  1091 15513  7638 16913  1427 19595 11732  9011  8524
 15301 15763  8310 15684 18699  2595  5407  8272]
2020-03-20 13:07:26,960 - exp_torch_topics_d128_passive_i2000_b20_3 - INFO - finish step #11 for 2.440096855163574 sec
2020-03-20 13:07:26,960 - exp_torch_topics_d128_passive_i2000_b20_3 - INFO - current val_accuracy: 0.4683443708609272
2020-03-20 13:07:26,960 - exp_torch_topics_d128_passive_i2000_b20_3 - INFO - start step #12
2020-03-20 13:07:26,961 - exp_torch_topics_d128_passive_i2000_b20_3 - INFO - query idx: [15418  1770 18313  7487  4938 14749 11181   299  3725  1307 15291 13122
  5646   445  3206 15975 12318    43 10051  7030]
2020-03-20 13:07:29,623 - exp_torch_topics_d128_passive_i2000_b20_3 - INFO - finish step #12 for 2.662726879119873 sec
2020-03-20 13:07:29,623 - exp_torch_topics_d128_passive_i2000_b20_3 - INFO - current val_accuracy: 0.4664311994113319
2020-03-20 13:07:29,623 - exp_torch_topics_d128_passive_i2000_b20_3 - INFO - start step #13
2020-03-20 13:07:29,624 - exp_torch_topics_d128_passive_i2000_b20_3 - INFO - query idx: [13615 10836 19643  5307 15569  8296 13466  9525  4075  4569 14179  6594
  4146  4647  1067 12031  2080  9222 15320 11054]
2020-03-20 13:07:32,068 - exp_torch_topics_d128_passive_i2000_b20_3 - INFO - finish step #13 for 2.4448561668395996 sec
2020-03-20 13:07:32,068 - exp_torch_topics_d128_passive_i2000_b20_3 - INFO - current val_accuracy: 0.4674908020603385
2020-03-20 13:07:32,069 - exp_torch_topics_d128_passive_i2000_b20_3 - INFO - start step #14
2020-03-20 13:07:32,069 - exp_torch_topics_d128_passive_i2000_b20_3 - INFO - query idx: [12890    62  2320  2299 16672  8289  8679  9297  7664  7853 15075 18299
  5655 15817 15679 16557 14897 17416  6824 11324]
2020-03-20 13:07:34,616 - exp_torch_topics_d128_passive_i2000_b20_3 - INFO - finish step #14 for 2.5468909740448 sec
2020-03-20 13:07:34,616 - exp_torch_topics_d128_passive_i2000_b20_3 - INFO - current val_accuracy: 0.4640176600441501
2020-03-20 13:07:34,616 - exp_torch_topics_d128_passive_i2000_b20_3 - INFO - start step #15
2020-03-20 13:07:34,617 - exp_torch_topics_d128_passive_i2000_b20_3 - INFO - query idx: [ 2974 17874 15346 11698 14435  7952 11207 15371  4634 18379 16333 16395
  7539 13656  7771 14990  5759  7940  4239  5509]
2020-03-20 13:07:37,125 - exp_torch_topics_d128_passive_i2000_b20_3 - INFO - finish step #15 for 2.508578062057495 sec
2020-03-20 13:07:37,125 - exp_torch_topics_d128_passive_i2000_b20_3 - INFO - current val_accuracy: 0.46840323767476083
2020-03-20 13:07:37,125 - exp_torch_topics_d128_passive_i2000_b20_3 - INFO - start step #16
2020-03-20 13:07:37,126 - exp_torch_topics_d128_passive_i2000_b20_3 - INFO - query idx: [14723 13577 14447 18543 12553  2989  4270  9019  6617  8423  5973  6550
 11368 16590 11728 18286  1521 10498  4264 15929]
2020-03-20 13:07:39,659 - exp_torch_topics_d128_passive_i2000_b20_3 - INFO - finish step #16 for 2.5331547260284424 sec
2020-03-20 13:07:39,659 - exp_torch_topics_d128_passive_i2000_b20_3 - INFO - current val_accuracy: 0.4684915378955114
2020-03-20 13:07:39,659 - exp_torch_topics_d128_passive_i2000_b20_3 - INFO - start step #17
2020-03-20 13:07:39,659 - exp_torch_topics_d128_passive_i2000_b20_3 - INFO - query idx: [ 4219  3011  2876  8729 12443 10174 14857 16021 13654  4523  2922  7040
  4629  3902  5389 12370 19370  9801  1667  1462]
2020-03-20 13:07:42,178 - exp_torch_topics_d128_passive_i2000_b20_3 - INFO - finish step #17 for 2.518968105316162 sec
2020-03-20 13:07:42,178 - exp_torch_topics_d128_passive_i2000_b20_3 - INFO - current val_accuracy: 0.47228844738778514
2020-03-20 13:07:42,178 - exp_torch_topics_d128_passive_i2000_b20_3 - INFO - start step #18
2020-03-20 13:07:42,179 - exp_torch_topics_d128_passive_i2000_b20_3 - INFO - query idx: [11131 19209   549  1647  8567 15045 17536 17848 10121   949 13003 12506
 14609  1638  8637  4857 15557 18294  1087 15896]
2020-03-20 13:07:44,802 - exp_torch_topics_d128_passive_i2000_b20_3 - INFO - finish step #18 for 2.62379789352417 sec
2020-03-20 13:07:44,802 - exp_torch_topics_d128_passive_i2000_b20_3 - INFO - current val_accuracy: 0.47387785136129507
2020-03-20 13:07:44,803 - exp_torch_topics_d128_passive_i2000_b20_3 - INFO - start step #19
2020-03-20 13:07:44,803 - exp_torch_topics_d128_passive_i2000_b20_3 - INFO - query idx: [12239  4400  7053  9357  7924 14817  3737 12643  3795 15100  3999   266
  6665  4851 15491 14910  4387   157  5637 12741]
2020-03-20 13:07:47,323 - exp_torch_topics_d128_passive_i2000_b20_3 - INFO - finish step #19 for 2.520442008972168 sec
2020-03-20 13:07:47,323 - exp_torch_topics_d128_passive_i2000_b20_3 - INFO - current val_accuracy: 0.47426048565121415
2020-03-20 13:07:47,324 - exp_torch_topics_d128_passive_i2000_b20_3 - INFO - start step #20
2020-03-20 13:07:47,324 - exp_torch_topics_d128_passive_i2000_b20_3 - INFO - query idx: [17709   334 16554  6688 14706  4900  2660  1690  3912    85  5930 12792
 14601   195  6685 15093  1105  5309 12900  9346]
2020-03-20 13:07:49,768 - exp_torch_topics_d128_passive_i2000_b20_3 - INFO - finish step #20 for 2.444267988204956 sec
2020-03-20 13:07:49,768 - exp_torch_topics_d128_passive_i2000_b20_3 - INFO - current val_accuracy: 0.47158204562178074
2020-03-20 13:07:49,768 - exp_torch_topics_d128_passive_i2000_b20_3 - INFO - start step #21
2020-03-20 13:07:49,769 - exp_torch_topics_d128_passive_i2000_b20_3 - INFO - query idx: [ 2023 10323 10601 11140  4226 11889  8784  6731  8122  7944 15471 17628
 12590  3845  1920 13753 16953  3867  9120 18497]
2020-03-20 13:07:52,318 - exp_torch_topics_d128_passive_i2000_b20_3 - INFO - finish step #21 for 2.5492348670959473 sec
2020-03-20 13:07:52,318 - exp_torch_topics_d128_passive_i2000_b20_3 - INFO - current val_accuracy: 0.4732597498160412
2020-03-20 13:07:52,318 - exp_torch_topics_d128_passive_i2000_b20_3 - INFO - start step #22
2020-03-20 13:07:52,318 - exp_torch_topics_d128_passive_i2000_b20_3 - INFO - query idx: [ 9152 12348 14353 13218  3558  6249 17341 13407 11474 17295 11465 14460
 10321  6323 15979  9226  1501 17690 12470  4866]
2020-03-20 13:07:54,745 - exp_torch_topics_d128_passive_i2000_b20_3 - INFO - finish step #22 for 2.426844835281372 sec
2020-03-20 13:07:54,745 - exp_torch_topics_d128_passive_i2000_b20_3 - INFO - current val_accuracy: 0.475467255334805
2020-03-20 13:07:54,746 - exp_torch_topics_d128_passive_i2000_b20_3 - INFO - start step #23
2020-03-20 13:07:54,746 - exp_torch_topics_d128_passive_i2000_b20_3 - INFO - query idx: [ 7001  7666 16678  4038  9841  1744  9803 15551 17888 18034  6348  4050
   972  1962  1082  6984  2266  1046 15729  3716]
2020-03-20 13:07:57,315 - exp_torch_topics_d128_passive_i2000_b20_3 - INFO - finish step #23 for 2.5694448947906494 sec
2020-03-20 13:07:57,315 - exp_torch_topics_d128_passive_i2000_b20_3 - INFO - current val_accuracy: 0.47520235467255334
2020-03-20 13:07:57,316 - exp_torch_topics_d128_passive_i2000_b20_3 - INFO - start step #24
2020-03-20 13:07:57,317 - exp_torch_topics_d128_passive_i2000_b20_3 - INFO - query idx: [ 3184 16138 16287  6196 17746  1341 12995  7538 14222  6774 15542  8956
  2923 15447 16094  6158  1674  2181   272  7409]
2020-03-20 13:07:59,914 - exp_torch_topics_d128_passive_i2000_b20_3 - INFO - finish step #24 for 2.5978150367736816 sec
2020-03-20 13:07:59,914 - exp_torch_topics_d128_passive_i2000_b20_3 - INFO - current val_accuracy: 0.4745253863134658
2020-03-20 13:07:59,914 - exp_torch_topics_d128_passive_i2000_b20_3 - INFO - start step #25
2020-03-20 13:07:59,914 - exp_torch_topics_d128_passive_i2000_b20_3 - INFO - query idx: [11473  6140  3000  7797  4418  8126 18459  8055 16559  9462 17464  6303
   428  4572  6648  7151 15340 17204 18357 18775]
2020-03-20 13:08:02,662 - exp_torch_topics_d128_passive_i2000_b20_3 - INFO - finish step #25 for 2.74743914604187 sec
2020-03-20 13:08:02,662 - exp_torch_topics_d128_passive_i2000_b20_3 - INFO - current val_accuracy: 0.47711552612214864
2020-03-20 13:08:02,662 - exp_torch_topics_d128_passive_i2000_b20_3 - INFO - start step #26
2020-03-20 13:08:02,663 - exp_torch_topics_d128_passive_i2000_b20_3 - INFO - query idx: [14350 14646 13112  3656  7218 16166 18583 11176  4350 16788  5984  4582
 14839 16082 11005  2349 17642  1004 17235 14433]
2020-03-20 13:08:05,120 - exp_torch_topics_d128_passive_i2000_b20_3 - INFO - finish step #26 for 2.4579780101776123 sec
2020-03-20 13:08:05,120 - exp_torch_topics_d128_passive_i2000_b20_3 - INFO - current val_accuracy: 0.4743782192788815
2020-03-20 13:08:05,120 - exp_torch_topics_d128_passive_i2000_b20_3 - INFO - start step #27
2020-03-20 13:08:05,121 - exp_torch_topics_d128_passive_i2000_b20_3 - INFO - query idx: [19188 12915 15686 14785  8550 17893 16856  4462  4644 13279  6247 11255
 18895  2941 13621  5251 18924  2363 15982  8072]
2020-03-20 13:08:07,802 - exp_torch_topics_d128_passive_i2000_b20_3 - INFO - finish step #27 for 2.681528091430664 sec
2020-03-20 13:08:07,802 - exp_torch_topics_d128_passive_i2000_b20_3 - INFO - current val_accuracy: 0.47381898454746135
2020-03-20 13:08:07,803 - exp_torch_topics_d128_passive_i2000_b20_3 - INFO - start step #28
2020-03-20 13:08:07,803 - exp_torch_topics_d128_passive_i2000_b20_3 - INFO - query idx: [11420 15487  2258  5947  9261 14304  5136  7299 16975  4043  4224  4640
  4271  6527 15861   593 18505  6778 11623  1226]
2020-03-20 13:08:10,610 - exp_torch_topics_d128_passive_i2000_b20_3 - INFO - finish step #28 for 2.807154893875122 sec
2020-03-20 13:08:10,610 - exp_torch_topics_d128_passive_i2000_b20_3 - INFO - current val_accuracy: 0.47311258278145696
2020-03-20 13:08:10,610 - exp_torch_topics_d128_passive_i2000_b20_3 - INFO - start step #29
2020-03-20 13:08:10,611 - exp_torch_topics_d128_passive_i2000_b20_3 - INFO - query idx: [13506  7629  3956 10856 14027 12602  6413  9807 11951  1318 11551  5757
 11607 16273 15709  7252   454  8006  3500 14534]
2020-03-20 13:08:13,259 - exp_torch_topics_d128_passive_i2000_b20_3 - INFO - finish step #29 for 2.648799180984497 sec
2020-03-20 13:08:13,259 - exp_torch_topics_d128_passive_i2000_b20_3 - INFO - current val_accuracy: 0.4552465047829286
2020-03-20 13:08:13,260 - exp_torch_topics_d128_passive_i2000_b20_3 - INFO - finish experiment process for 92.83810687065125 sec
