2020-03-30 05:45:06,050 - exp_torch_topics_d128_diversity_concat_i2000_b20_q100_sf512_4 - INFO - start experiment process
2020-03-30 05:45:07,410 - exp_torch_topics_d128_diversity_concat_i2000_b20_q100_sf512_4 - INFO - initial val_accuracy: 0.4455334805003679
2020-03-30 05:45:07,410 - exp_torch_topics_d128_diversity_concat_i2000_b20_q100_sf512_4 - INFO - start step #0
2020-03-30 05:45:14,950 - exp_torch_topics_d128_diversity_concat_i2000_b20_q100_sf512_4 - INFO - query idx: [54365, 54496, 47693, 85432, 25198, 99103, 19283, 89369, 52973, 5288, 66591, 91434, 6005, 79073, 91457, 35503, 64778, 74957, 39693, 68987]
2020-03-30 05:45:17,416 - exp_torch_topics_d128_diversity_concat_i2000_b20_q100_sf512_4 - INFO - finish step #0 for 10.005519151687622 sec
2020-03-30 05:45:17,416 - exp_torch_topics_d128_diversity_concat_i2000_b20_q100_sf512_4 - INFO - current val_accuracy: 0.44409124356144225
2020-03-30 05:45:17,416 - exp_torch_topics_d128_diversity_concat_i2000_b20_q100_sf512_4 - INFO - start step #1
2020-03-30 05:45:24,719 - exp_torch_topics_d128_diversity_concat_i2000_b20_q100_sf512_4 - INFO - query idx: [61320, 49964, 99633, 53122, 38668, 21222, 22024, 23377, 32314, 75082, 25560, 6973, 6959, 35893, 25993, 35516, 99359, 34194, 88251, 3490]
2020-03-30 05:45:26,904 - exp_torch_topics_d128_diversity_concat_i2000_b20_q100_sf512_4 - INFO - finish step #1 for 9.487610816955566 sec
2020-03-30 05:45:26,904 - exp_torch_topics_d128_diversity_concat_i2000_b20_q100_sf512_4 - INFO - current val_accuracy: 0.4415599705665931
2020-03-30 05:45:26,904 - exp_torch_topics_d128_diversity_concat_i2000_b20_q100_sf512_4 - INFO - start step #2
2020-03-30 05:45:34,228 - exp_torch_topics_d128_diversity_concat_i2000_b20_q100_sf512_4 - INFO - query idx: [27685, 64917, 44337, 36637, 49588, 6413, 20901, 22061, 29482, 69575, 78775, 4030, 14649, 93251, 13194, 2617, 65899, 97736, 93434, 44984]
2020-03-30 05:45:36,433 - exp_torch_topics_d128_diversity_concat_i2000_b20_q100_sf512_4 - INFO - finish step #2 for 9.528856992721558 sec
2020-03-30 05:45:36,433 - exp_torch_topics_d128_diversity_concat_i2000_b20_q100_sf512_4 - INFO - current val_accuracy: 0.44700515084621045
2020-03-30 05:45:36,434 - exp_torch_topics_d128_diversity_concat_i2000_b20_q100_sf512_4 - INFO - start step #3
2020-03-30 05:45:44,197 - exp_torch_topics_d128_diversity_concat_i2000_b20_q100_sf512_4 - INFO - query idx: [50654, 59695, 88185, 96366, 87021, 349, 17394, 26449, 24807, 20826, 48966, 97729, 536, 56896, 52295, 54809, 53067, 88775, 25025, 12410]
2020-03-30 05:45:46,499 - exp_torch_topics_d128_diversity_concat_i2000_b20_q100_sf512_4 - INFO - finish step #3 for 10.065749883651733 sec
2020-03-30 05:45:46,500 - exp_torch_topics_d128_diversity_concat_i2000_b20_q100_sf512_4 - INFO - current val_accuracy: 0.44962472406181014
2020-03-30 05:45:46,500 - exp_torch_topics_d128_diversity_concat_i2000_b20_q100_sf512_4 - INFO - start step #4
2020-03-30 05:45:53,893 - exp_torch_topics_d128_diversity_concat_i2000_b20_q100_sf512_4 - INFO - query idx: [51120, 14322, 46222, 81856, 51667, 46018, 66049, 91643, 12795, 39559, 14606, 45167, 52327, 99052, 37194, 24922, 39065, 97875, 99017, 35862]
2020-03-30 05:45:56,131 - exp_torch_topics_d128_diversity_concat_i2000_b20_q100_sf512_4 - INFO - finish step #4 for 9.630867958068848 sec
2020-03-30 05:45:56,131 - exp_torch_topics_d128_diversity_concat_i2000_b20_q100_sf512_4 - INFO - current val_accuracy: 0.45612950699043414
2020-03-30 05:45:56,131 - exp_torch_topics_d128_diversity_concat_i2000_b20_q100_sf512_4 - INFO - start step #5
2020-03-30 05:46:03,605 - exp_torch_topics_d128_diversity_concat_i2000_b20_q100_sf512_4 - INFO - query idx: [78387, 3380, 80955, 91429, 40403, 40990, 33945, 81862, 52935, 9573, 26127, 51813, 26759, 32349, 78093, 6797, 46675, 10651, 86868, 72988]
2020-03-30 05:46:05,809 - exp_torch_topics_d128_diversity_concat_i2000_b20_q100_sf512_4 - INFO - finish step #5 for 9.678439855575562 sec
2020-03-30 05:46:05,810 - exp_torch_topics_d128_diversity_concat_i2000_b20_q100_sf512_4 - INFO - current val_accuracy: 0.45221486387049303
2020-03-30 05:46:05,810 - exp_torch_topics_d128_diversity_concat_i2000_b20_q100_sf512_4 - INFO - start step #6
2020-03-30 05:46:13,331 - exp_torch_topics_d128_diversity_concat_i2000_b20_q100_sf512_4 - INFO - query idx: [26063, 469, 66216, 17625, 17455, 16925, 10874, 38386, 47429, 95373, 68856, 52108, 35369, 12150, 10795, 78090, 20370, 72946, 41068, 19955]
2020-03-30 05:46:15,536 - exp_torch_topics_d128_diversity_concat_i2000_b20_q100_sf512_4 - INFO - finish step #6 for 9.72645378112793 sec
2020-03-30 05:46:15,536 - exp_torch_topics_d128_diversity_concat_i2000_b20_q100_sf512_4 - INFO - current val_accuracy: 0.4525091979396615
2020-03-30 05:46:15,537 - exp_torch_topics_d128_diversity_concat_i2000_b20_q100_sf512_4 - INFO - start step #7
2020-03-30 05:46:23,149 - exp_torch_topics_d128_diversity_concat_i2000_b20_q100_sf512_4 - INFO - query idx: [78499, 99586, 92735, 82357, 43684, 97209, 47124, 6293, 96118, 18966, 15218, 20537, 98017, 50515, 64446, 45430, 77392, 79377, 74310, 70199]
2020-03-30 05:46:25,424 - exp_torch_topics_d128_diversity_concat_i2000_b20_q100_sf512_4 - INFO - finish step #7 for 9.887840986251831 sec
2020-03-30 05:46:25,425 - exp_torch_topics_d128_diversity_concat_i2000_b20_q100_sf512_4 - INFO - current val_accuracy: 0.4521854304635762
2020-03-30 05:46:25,425 - exp_torch_topics_d128_diversity_concat_i2000_b20_q100_sf512_4 - INFO - start step #8
2020-03-30 05:46:33,327 - exp_torch_topics_d128_diversity_concat_i2000_b20_q100_sf512_4 - INFO - query idx: [72554, 8704, 16048, 62890, 69394, 52773, 39171, 87167, 26993, 60745, 82103, 76997, 14372, 13387, 41485, 92742, 93982, 26256, 13519, 67260]
2020-03-30 05:46:35,549 - exp_torch_topics_d128_diversity_concat_i2000_b20_q100_sf512_4 - INFO - finish step #8 for 10.123810052871704 sec
2020-03-30 05:46:35,549 - exp_torch_topics_d128_diversity_concat_i2000_b20_q100_sf512_4 - INFO - current val_accuracy: 0.4554525386313466
2020-03-30 05:46:35,549 - exp_torch_topics_d128_diversity_concat_i2000_b20_q100_sf512_4 - INFO - start step #9
2020-03-30 05:46:43,352 - exp_torch_topics_d128_diversity_concat_i2000_b20_q100_sf512_4 - INFO - query idx: [63845, 63042, 44329, 83626, 63643, 56902, 61920, 75529, 56084, 47329, 46023, 2555, 98595, 10166, 74302, 89302, 98959, 51699, 7169, 8206]
2020-03-30 05:46:45,574 - exp_torch_topics_d128_diversity_concat_i2000_b20_q100_sf512_4 - INFO - finish step #9 for 10.025450944900513 sec
2020-03-30 05:46:45,575 - exp_torch_topics_d128_diversity_concat_i2000_b20_q100_sf512_4 - INFO - current val_accuracy: 0.45350993377483445
2020-03-30 05:46:45,575 - exp_torch_topics_d128_diversity_concat_i2000_b20_q100_sf512_4 - INFO - start step #10
2020-03-30 05:46:53,650 - exp_torch_topics_d128_diversity_concat_i2000_b20_q100_sf512_4 - INFO - query idx: [3692, 1848, 29069, 47381, 84003, 31785, 17166, 6765, 69310, 52934, 79341, 17064, 62832, 81179, 68642, 73140, 96320, 40895, 58011, 47563]
2020-03-30 05:46:55,958 - exp_torch_topics_d128_diversity_concat_i2000_b20_q100_sf512_4 - INFO - finish step #10 for 10.38323187828064 sec
2020-03-30 05:46:55,958 - exp_torch_topics_d128_diversity_concat_i2000_b20_q100_sf512_4 - INFO - current val_accuracy: 0.45504047093451067
2020-03-30 05:46:55,958 - exp_torch_topics_d128_diversity_concat_i2000_b20_q100_sf512_4 - INFO - start step #11
2020-03-30 05:47:04,005 - exp_torch_topics_d128_diversity_concat_i2000_b20_q100_sf512_4 - INFO - query idx: [28428, 26348, 21544, 11621, 83509, 28244, 54943, 41590, 55642, 90248, 75528, 49894, 37097, 86026, 32163, 69180, 16153, 75293, 64515, 70290]
2020-03-30 05:47:06,294 - exp_torch_topics_d128_diversity_concat_i2000_b20_q100_sf512_4 - INFO - finish step #11 for 10.335435152053833 sec
2020-03-30 05:47:06,294 - exp_torch_topics_d128_diversity_concat_i2000_b20_q100_sf512_4 - INFO - current val_accuracy: 0.4558057395143488
2020-03-30 05:47:06,294 - exp_torch_topics_d128_diversity_concat_i2000_b20_q100_sf512_4 - INFO - start step #12
2020-03-30 05:47:14,229 - exp_torch_topics_d128_diversity_concat_i2000_b20_q100_sf512_4 - INFO - query idx: [57334, 38554, 83882, 61641, 53398, 109, 86497, 62529, 16836, 67830, 82646, 14396, 97106, 75589, 19122, 6061, 17184, 10697, 49801, 88945]
2020-03-30 05:47:16,469 - exp_torch_topics_d128_diversity_concat_i2000_b20_q100_sf512_4 - INFO - finish step #12 for 10.174394130706787 sec
2020-03-30 05:47:16,469 - exp_torch_topics_d128_diversity_concat_i2000_b20_q100_sf512_4 - INFO - current val_accuracy: 0.45972038263428994
2020-03-30 05:47:16,469 - exp_torch_topics_d128_diversity_concat_i2000_b20_q100_sf512_4 - INFO - start step #13
2020-03-30 05:47:24,462 - exp_torch_topics_d128_diversity_concat_i2000_b20_q100_sf512_4 - INFO - query idx: [56412, 95603, 88162, 26237, 5130, 19903, 42260, 66022, 13614, 57606, 11958, 52851, 60179, 85642, 49782, 97880, 82156, 77474, 20456, 9109]
2020-03-30 05:47:26,679 - exp_torch_topics_d128_diversity_concat_i2000_b20_q100_sf512_4 - INFO - finish step #13 for 10.209556102752686 sec
2020-03-30 05:47:26,679 - exp_torch_topics_d128_diversity_concat_i2000_b20_q100_sf512_4 - INFO - current val_accuracy: 0.4593671817512877
2020-03-30 05:47:26,679 - exp_torch_topics_d128_diversity_concat_i2000_b20_q100_sf512_4 - INFO - start step #14
2020-03-30 05:47:34,756 - exp_torch_topics_d128_diversity_concat_i2000_b20_q100_sf512_4 - INFO - query idx: [67762, 78469, 38713, 51548, 74850, 91571, 46917, 90580, 98524, 19682, 54178, 32907, 53795, 8755, 63087, 63378, 94859, 48564, 69502, 98325]
2020-03-30 05:47:37,022 - exp_torch_topics_d128_diversity_concat_i2000_b20_q100_sf512_4 - INFO - finish step #14 for 10.343024015426636 sec
2020-03-30 05:47:37,022 - exp_torch_topics_d128_diversity_concat_i2000_b20_q100_sf512_4 - INFO - current val_accuracy: 0.46245768947755705
2020-03-30 05:47:37,022 - exp_torch_topics_d128_diversity_concat_i2000_b20_q100_sf512_4 - INFO - start step #15
2020-03-30 05:47:45,099 - exp_torch_topics_d128_diversity_concat_i2000_b20_q100_sf512_4 - INFO - query idx: [43887, 22828, 53212, 60428, 2593, 79854, 732, 13061, 42582, 23637, 27619, 53443, 20156, 36287, 57394, 70355, 29393, 5174, 18978, 27022]
2020-03-30 05:47:47,372 - exp_torch_topics_d128_diversity_concat_i2000_b20_q100_sf512_4 - INFO - finish step #15 for 10.349593877792358 sec
2020-03-30 05:47:47,372 - exp_torch_topics_d128_diversity_concat_i2000_b20_q100_sf512_4 - INFO - current val_accuracy: 0.4610448859455482
2020-03-30 05:47:47,372 - exp_torch_topics_d128_diversity_concat_i2000_b20_q100_sf512_4 - INFO - start step #16
2020-03-30 05:47:55,630 - exp_torch_topics_d128_diversity_concat_i2000_b20_q100_sf512_4 - INFO - query idx: [11197, 52687, 98991, 24748, 78862, 75604, 63859, 7909, 56719, 46324, 84802, 56494, 44261, 48851, 61046, 21122, 23846, 71811, 84220, 11845]
2020-03-30 05:47:57,876 - exp_torch_topics_d128_diversity_concat_i2000_b20_q100_sf512_4 - INFO - finish step #16 for 10.503745079040527 sec
2020-03-30 05:47:57,876 - exp_torch_topics_d128_diversity_concat_i2000_b20_q100_sf512_4 - INFO - current val_accuracy: 0.45972038263428994
2020-03-30 05:47:57,876 - exp_torch_topics_d128_diversity_concat_i2000_b20_q100_sf512_4 - INFO - start step #17
2020-03-30 05:48:06,199 - exp_torch_topics_d128_diversity_concat_i2000_b20_q100_sf512_4 - INFO - query idx: [59311, 77190, 33403, 93392, 48509, 89934, 59505, 10451, 58022, 15954, 5528, 57155, 86962, 48123, 83333, 36354, 83971, 77758, 30130, 95096]
2020-03-30 05:48:08,462 - exp_torch_topics_d128_diversity_concat_i2000_b20_q100_sf512_4 - INFO - finish step #17 for 10.58541202545166 sec
2020-03-30 05:48:08,462 - exp_torch_topics_d128_diversity_concat_i2000_b20_q100_sf512_4 - INFO - current val_accuracy: 0.4596909492273731
2020-03-30 05:48:08,462 - exp_torch_topics_d128_diversity_concat_i2000_b20_q100_sf512_4 - INFO - start step #18
2020-03-30 05:48:16,763 - exp_torch_topics_d128_diversity_concat_i2000_b20_q100_sf512_4 - INFO - query idx: [46786, 12692, 17425, 94370, 50808, 55570, 89745, 28261, 40795, 95942, 46718, 1025, 49425, 25287, 60026, 65878, 59771, 8474, 37057, 37742]
2020-03-30 05:48:18,978 - exp_torch_topics_d128_diversity_concat_i2000_b20_q100_sf512_4 - INFO - finish step #18 for 10.516043901443481 sec
2020-03-30 05:48:18,978 - exp_torch_topics_d128_diversity_concat_i2000_b20_q100_sf512_4 - INFO - current val_accuracy: 0.46416482707873435
2020-03-30 05:48:18,979 - exp_torch_topics_d128_diversity_concat_i2000_b20_q100_sf512_4 - INFO - start step #19
2020-03-30 05:48:27,372 - exp_torch_topics_d128_diversity_concat_i2000_b20_q100_sf512_4 - INFO - query idx: [15431, 62468, 58427, 36404, 66095, 22165, 38808, 46706, 11084, 25032, 93705, 3613, 63319, 93649, 2770, 6209, 82294, 23924, 83878, 15507]
2020-03-30 05:48:29,590 - exp_torch_topics_d128_diversity_concat_i2000_b20_q100_sf512_4 - INFO - finish step #19 for 10.61102294921875 sec
2020-03-30 05:48:29,590 - exp_torch_topics_d128_diversity_concat_i2000_b20_q100_sf512_4 - INFO - current val_accuracy: 0.4643414275202355
2020-03-30 05:48:29,590 - exp_torch_topics_d128_diversity_concat_i2000_b20_q100_sf512_4 - INFO - start step #20
2020-03-30 05:48:38,102 - exp_torch_topics_d128_diversity_concat_i2000_b20_q100_sf512_4 - INFO - query idx: [84164, 77945, 71010, 40598, 392, 63027, 44935, 51543, 5709, 25880, 47222, 78335, 57253, 8154, 31567, 35925, 70838, 69821, 75962, 22587]
2020-03-30 05:48:40,303 - exp_torch_topics_d128_diversity_concat_i2000_b20_q100_sf512_4 - INFO - finish step #20 for 10.71325397491455 sec
2020-03-30 05:48:40,303 - exp_torch_topics_d128_diversity_concat_i2000_b20_q100_sf512_4 - INFO - current val_accuracy: 0.4616924208977189
2020-03-30 05:48:40,304 - exp_torch_topics_d128_diversity_concat_i2000_b20_q100_sf512_4 - INFO - start step #21
2020-03-30 05:48:48,756 - exp_torch_topics_d128_diversity_concat_i2000_b20_q100_sf512_4 - INFO - query idx: [73807, 54348, 12817, 94876, 80048, 14154, 52984, 92042, 14218, 44812, 46510, 83408, 89178, 68737, 26710, 64796, 51487, 41476, 217, 24024]
2020-03-30 05:48:51,052 - exp_torch_topics_d128_diversity_concat_i2000_b20_q100_sf512_4 - INFO - finish step #21 for 10.74851393699646 sec
2020-03-30 05:48:51,052 - exp_torch_topics_d128_diversity_concat_i2000_b20_q100_sf512_4 - INFO - current val_accuracy: 0.46578366445916114
2020-03-30 05:48:51,053 - exp_torch_topics_d128_diversity_concat_i2000_b20_q100_sf512_4 - INFO - start step #22
2020-03-30 05:48:59,640 - exp_torch_topics_d128_diversity_concat_i2000_b20_q100_sf512_4 - INFO - query idx: [81544, 24167, 31182, 26369, 22584, 58819, 64662, 9964, 51573, 53384, 73696, 18674, 46284, 17623, 30222, 27973, 23429, 29829, 89744, 17222]
2020-03-30 05:49:01,900 - exp_torch_topics_d128_diversity_concat_i2000_b20_q100_sf512_4 - INFO - finish step #22 for 10.847862005233765 sec
2020-03-30 05:49:01,902 - exp_torch_topics_d128_diversity_concat_i2000_b20_q100_sf512_4 - INFO - current val_accuracy: 0.464047093451067
2020-03-30 05:49:01,902 - exp_torch_topics_d128_diversity_concat_i2000_b20_q100_sf512_4 - INFO - start step #23
2020-03-30 05:49:10,499 - exp_torch_topics_d128_diversity_concat_i2000_b20_q100_sf512_4 - INFO - query idx: [32928, 65660, 10309, 86988, 11479, 93605, 75400, 13326, 95171, 42263, 55386, 17396, 94581, 36447, 46574, 60312, 13338, 39258, 30786, 42131]
2020-03-30 05:49:12,736 - exp_torch_topics_d128_diversity_concat_i2000_b20_q100_sf512_4 - INFO - finish step #23 for 10.833692789077759 sec
2020-03-30 05:49:12,736 - exp_torch_topics_d128_diversity_concat_i2000_b20_q100_sf512_4 - INFO - current val_accuracy: 0.4633112582781457
2020-03-30 05:49:12,736 - exp_torch_topics_d128_diversity_concat_i2000_b20_q100_sf512_4 - INFO - start step #24
2020-03-30 05:49:21,451 - exp_torch_topics_d128_diversity_concat_i2000_b20_q100_sf512_4 - INFO - query idx: [32548, 34329, 62342, 87865, 11564, 29452, 89073, 2396, 90051, 3291, 32536, 12939, 60914, 38710, 32481, 3822, 25111, 14633, 3021, 8975]
2020-03-30 05:49:23,750 - exp_torch_topics_d128_diversity_concat_i2000_b20_q100_sf512_4 - INFO - finish step #24 for 11.013570070266724 sec
2020-03-30 05:49:23,750 - exp_torch_topics_d128_diversity_concat_i2000_b20_q100_sf512_4 - INFO - current val_accuracy: 0.4648123620309051
2020-03-30 05:49:23,750 - exp_torch_topics_d128_diversity_concat_i2000_b20_q100_sf512_4 - INFO - start step #25
2020-03-30 05:49:32,528 - exp_torch_topics_d128_diversity_concat_i2000_b20_q100_sf512_4 - INFO - query idx: [15087, 64171, 65736, 84265, 37588, 39777, 6057, 50631, 42608, 10900, 18648, 86715, 9363, 22430, 8333, 55058, 40383, 41025, 78669, 54011]
2020-03-30 05:49:34,733 - exp_torch_topics_d128_diversity_concat_i2000_b20_q100_sf512_4 - INFO - finish step #25 for 10.982717990875244 sec
2020-03-30 05:49:34,733 - exp_torch_topics_d128_diversity_concat_i2000_b20_q100_sf512_4 - INFO - current val_accuracy: 0.4660485651214128
2020-03-30 05:49:34,733 - exp_torch_topics_d128_diversity_concat_i2000_b20_q100_sf512_4 - INFO - start step #26
2020-03-30 05:49:43,588 - exp_torch_topics_d128_diversity_concat_i2000_b20_q100_sf512_4 - INFO - query idx: [68168, 51676, 35306, 1294, 43653, 63306, 75744, 5056, 16653, 29482, 40531, 42456, 43629, 39053, 15546, 35391, 26945, 18847, 34037, 63278]
2020-03-30 05:49:45,842 - exp_torch_topics_d128_diversity_concat_i2000_b20_q100_sf512_4 - INFO - finish step #26 for 11.108869314193726 sec
2020-03-30 05:49:45,843 - exp_torch_topics_d128_diversity_concat_i2000_b20_q100_sf512_4 - INFO - current val_accuracy: 0.4663428991905813
2020-03-30 05:49:45,843 - exp_torch_topics_d128_diversity_concat_i2000_b20_q100_sf512_4 - INFO - start step #27
2020-03-30 05:49:54,772 - exp_torch_topics_d128_diversity_concat_i2000_b20_q100_sf512_4 - INFO - query idx: [64399, 82303, 6135, 70682, 62516, 82519, 58991, 31836, 41178, 52968, 93889, 97246, 79977, 69064, 15387, 27847, 17941, 73626, 36402, 76799]
2020-03-30 05:49:57,060 - exp_torch_topics_d128_diversity_concat_i2000_b20_q100_sf512_4 - INFO - finish step #27 for 11.217105865478516 sec
2020-03-30 05:49:57,060 - exp_torch_topics_d128_diversity_concat_i2000_b20_q100_sf512_4 - INFO - current val_accuracy: 0.46660779985283296
2020-03-30 05:49:57,060 - exp_torch_topics_d128_diversity_concat_i2000_b20_q100_sf512_4 - INFO - start step #28
2020-03-30 05:50:07,519 - exp_torch_topics_d128_diversity_concat_i2000_b20_q100_sf512_4 - INFO - query idx: [5092, 70282, 91469, 74127, 50065, 56708, 70930, 78365, 66241, 4315, 874, 59619, 86739, 97759, 55294, 1960, 45896, 75519, 51298, 75855]
2020-03-30 05:50:10,537 - exp_torch_topics_d128_diversity_concat_i2000_b20_q100_sf512_4 - INFO - finish step #28 for 13.476553916931152 sec
2020-03-30 05:50:10,537 - exp_torch_topics_d128_diversity_concat_i2000_b20_q100_sf512_4 - INFO - current val_accuracy: 0.465224429727741
2020-03-30 05:50:10,537 - exp_torch_topics_d128_diversity_concat_i2000_b20_q100_sf512_4 - INFO - start step #29
2020-03-30 05:50:19,698 - exp_torch_topics_d128_diversity_concat_i2000_b20_q100_sf512_4 - INFO - query idx: [51000, 82913, 60079, 86284, 24318, 77814, 76517, 59499, 72555, 43585, 65742, 47825, 50901, 71129, 35164, 97009, 46048, 53401, 97733, 58132]
2020-03-30 05:50:21,925 - exp_torch_topics_d128_diversity_concat_i2000_b20_q100_sf512_4 - INFO - finish step #29 for 11.387453079223633 sec
2020-03-30 05:50:21,925 - exp_torch_topics_d128_diversity_concat_i2000_b20_q100_sf512_4 - INFO - current val_accuracy: 0.4705224429727741
2020-03-30 05:50:21,925 - exp_torch_topics_d128_diversity_concat_i2000_b20_q100_sf512_4 - INFO - start step #30
2020-03-30 05:50:31,044 - exp_torch_topics_d128_diversity_concat_i2000_b20_q100_sf512_4 - INFO - query idx: [38304, 36990, 67780, 52309, 69623, 13011, 95732, 77313, 30317, 53414, 85302, 67892, 33914, 78058, 91316, 16910, 47925, 10733, 37436, 57525]
2020-03-30 05:50:33,257 - exp_torch_topics_d128_diversity_concat_i2000_b20_q100_sf512_4 - INFO - finish step #30 for 11.33234715461731 sec
2020-03-30 05:50:33,257 - exp_torch_topics_d128_diversity_concat_i2000_b20_q100_sf512_4 - INFO - current val_accuracy: 0.4714643119941133
2020-03-30 05:50:33,258 - exp_torch_topics_d128_diversity_concat_i2000_b20_q100_sf512_4 - INFO - start step #31
2020-03-30 05:50:42,454 - exp_torch_topics_d128_diversity_concat_i2000_b20_q100_sf512_4 - INFO - query idx: [74053, 61336, 53254, 24103, 23154, 70063, 73828, 13468, 14415, 72846, 93103, 21568, 80048, 91261, 46189, 16405, 13314, 4918, 51212, 51562]
2020-03-30 05:50:44,648 - exp_torch_topics_d128_diversity_concat_i2000_b20_q100_sf512_4 - INFO - finish step #31 for 11.390191078186035 sec
2020-03-30 05:50:44,648 - exp_torch_topics_d128_diversity_concat_i2000_b20_q100_sf512_4 - INFO - current val_accuracy: 0.46990434142752024
2020-03-30 05:50:44,648 - exp_torch_topics_d128_diversity_concat_i2000_b20_q100_sf512_4 - INFO - start step #32
2020-03-30 05:50:53,858 - exp_torch_topics_d128_diversity_concat_i2000_b20_q100_sf512_4 - INFO - query idx: [37163, 95777, 84381, 58685, 46367, 50132, 28399, 1660, 32517, 67408, 30745, 52052, 73969, 57898, 41016, 7738, 60930, 52, 36085, 18959]
2020-03-30 05:50:56,083 - exp_torch_topics_d128_diversity_concat_i2000_b20_q100_sf512_4 - INFO - finish step #32 for 11.434427976608276 sec
2020-03-30 05:50:56,083 - exp_torch_topics_d128_diversity_concat_i2000_b20_q100_sf512_4 - INFO - current val_accuracy: 0.46869757174392934
2020-03-30 05:50:56,083 - exp_torch_topics_d128_diversity_concat_i2000_b20_q100_sf512_4 - INFO - start step #33
2020-03-30 05:51:05,317 - exp_torch_topics_d128_diversity_concat_i2000_b20_q100_sf512_4 - INFO - query idx: [68649, 54644, 25056, 59759, 50173, 38188, 59847, 91963, 65484, 46246, 14838, 22731, 59474, 78661, 33263, 83486, 47988, 45187, 85142, 73478]
2020-03-30 05:51:07,491 - exp_torch_topics_d128_diversity_concat_i2000_b20_q100_sf512_4 - INFO - finish step #33 for 11.40788197517395 sec
2020-03-30 05:51:07,491 - exp_torch_topics_d128_diversity_concat_i2000_b20_q100_sf512_4 - INFO - current val_accuracy: 0.4739955849889625
2020-03-30 05:51:07,491 - exp_torch_topics_d128_diversity_concat_i2000_b20_q100_sf512_4 - INFO - start step #34
2020-03-30 05:51:16,811 - exp_torch_topics_d128_diversity_concat_i2000_b20_q100_sf512_4 - INFO - query idx: [49918, 46546, 73792, 76275, 75068, 75311, 65756, 23802, 15256, 56398, 55519, 85426, 14369, 36353, 68563, 62022, 20081, 68868, 32446, 49767]
2020-03-30 05:51:18,987 - exp_torch_topics_d128_diversity_concat_i2000_b20_q100_sf512_4 - INFO - finish step #34 for 11.495805025100708 sec
2020-03-30 05:51:18,987 - exp_torch_topics_d128_diversity_concat_i2000_b20_q100_sf512_4 - INFO - current val_accuracy: 0.465813097866078
2020-03-30 05:51:18,987 - exp_torch_topics_d128_diversity_concat_i2000_b20_q100_sf512_4 - INFO - start step #35
2020-03-30 05:51:28,369 - exp_torch_topics_d128_diversity_concat_i2000_b20_q100_sf512_4 - INFO - query idx: [81321, 21056, 75845, 89520, 79904, 36524, 19700, 57728, 47278, 38171, 50854, 20007, 93148, 78666, 98175, 25442, 76387, 83943, 53237, 36200]
2020-03-30 05:51:30,601 - exp_torch_topics_d128_diversity_concat_i2000_b20_q100_sf512_4 - INFO - finish step #35 for 11.61358904838562 sec
2020-03-30 05:51:30,601 - exp_torch_topics_d128_diversity_concat_i2000_b20_q100_sf512_4 - INFO - current val_accuracy: 0.4681089036055924
2020-03-30 05:51:30,601 - exp_torch_topics_d128_diversity_concat_i2000_b20_q100_sf512_4 - INFO - start step #36
2020-03-30 05:51:40,163 - exp_torch_topics_d128_diversity_concat_i2000_b20_q100_sf512_4 - INFO - query idx: [11104, 21823, 67735, 46640, 94960, 53189, 98949, 32613, 32171, 1422, 98523, 65992, 82386, 43236, 75672, 65740, 1288, 78625, 22293, 39859]
2020-03-30 05:51:42,377 - exp_torch_topics_d128_diversity_concat_i2000_b20_q100_sf512_4 - INFO - finish step #36 for 11.775422811508179 sec
2020-03-30 05:51:42,377 - exp_torch_topics_d128_diversity_concat_i2000_b20_q100_sf512_4 - INFO - current val_accuracy: 0.4710228108903606
2020-03-30 05:51:42,377 - exp_torch_topics_d128_diversity_concat_i2000_b20_q100_sf512_4 - INFO - start step #37
2020-03-30 05:51:51,860 - exp_torch_topics_d128_diversity_concat_i2000_b20_q100_sf512_4 - INFO - query idx: [81967, 15921, 4725, 41052, 37798, 83109, 22798, 18386, 65228, 44190, 55104, 82095, 40164, 17630, 62707, 89128, 78591, 94868, 79167, 28924]
2020-03-30 05:51:54,084 - exp_torch_topics_d128_diversity_concat_i2000_b20_q100_sf512_4 - INFO - finish step #37 for 11.706838130950928 sec
2020-03-30 05:51:54,084 - exp_torch_topics_d128_diversity_concat_i2000_b20_q100_sf512_4 - INFO - current val_accuracy: 0.46893303899926414
2020-03-30 05:51:54,084 - exp_torch_topics_d128_diversity_concat_i2000_b20_q100_sf512_4 - INFO - start step #38
2020-03-30 05:52:03,613 - exp_torch_topics_d128_diversity_concat_i2000_b20_q100_sf512_4 - INFO - query idx: [31861, 97166, 72217, 92226, 72074, 36688, 83431, 35064, 41673, 63828, 23080, 8362, 87141, 86660, 45497, 5550, 83056, 48175, 13025, 91867]
2020-03-30 05:52:05,795 - exp_torch_topics_d128_diversity_concat_i2000_b20_q100_sf512_4 - INFO - finish step #38 for 11.71021318435669 sec
2020-03-30 05:52:05,795 - exp_torch_topics_d128_diversity_concat_i2000_b20_q100_sf512_4 - INFO - current val_accuracy: 0.47467255334805003
2020-03-30 05:52:05,795 - exp_torch_topics_d128_diversity_concat_i2000_b20_q100_sf512_4 - INFO - start step #39
2020-03-30 05:52:15,428 - exp_torch_topics_d128_diversity_concat_i2000_b20_q100_sf512_4 - INFO - query idx: [91572, 45237, 10111, 33473, 72379, 86031, 79455, 32107, 2016, 91542, 26946, 63218, 46920, 94247, 2592, 33732, 1807, 50892, 58779, 16744]
2020-03-30 05:52:17,668 - exp_torch_topics_d128_diversity_concat_i2000_b20_q100_sf512_4 - INFO - finish step #39 for 11.872674942016602 sec
2020-03-30 05:52:17,668 - exp_torch_topics_d128_diversity_concat_i2000_b20_q100_sf512_4 - INFO - current val_accuracy: 0.47275938189845473
2020-03-30 05:52:17,668 - exp_torch_topics_d128_diversity_concat_i2000_b20_q100_sf512_4 - INFO - start step #40
2020-03-30 05:52:27,371 - exp_torch_topics_d128_diversity_concat_i2000_b20_q100_sf512_4 - INFO - query idx: [16088, 51212, 16871, 63631, 96231, 1307, 2917, 64652, 40502, 26130, 91744, 39587, 9382, 24792, 40461, 90729, 35942, 94709, 86761, 9070]
2020-03-30 05:52:29,575 - exp_torch_topics_d128_diversity_concat_i2000_b20_q100_sf512_4 - INFO - finish step #40 for 11.90688180923462 sec
2020-03-30 05:52:29,575 - exp_torch_topics_d128_diversity_concat_i2000_b20_q100_sf512_4 - INFO - current val_accuracy: 0.4705224429727741
2020-03-30 05:52:29,575 - exp_torch_topics_d128_diversity_concat_i2000_b20_q100_sf512_4 - INFO - start step #41
2020-03-30 05:52:39,341 - exp_torch_topics_d128_diversity_concat_i2000_b20_q100_sf512_4 - INFO - query idx: [2881, 90985, 89181, 31187, 3306, 35148, 61809, 95652, 33989, 58269, 65360, 45044, 23856, 61781, 37981, 84929, 1080, 85240, 25438, 1587]
2020-03-30 05:52:41,512 - exp_torch_topics_d128_diversity_concat_i2000_b20_q100_sf512_4 - INFO - finish step #41 for 11.937185049057007 sec
2020-03-30 05:52:41,513 - exp_torch_topics_d128_diversity_concat_i2000_b20_q100_sf512_4 - INFO - current val_accuracy: 0.47411331861662986
2020-03-30 05:52:41,513 - exp_torch_topics_d128_diversity_concat_i2000_b20_q100_sf512_4 - INFO - start step #42
2020-03-30 05:52:51,301 - exp_torch_topics_d128_diversity_concat_i2000_b20_q100_sf512_4 - INFO - query idx: [4397, 1810, 63603, 15932, 88502, 76672, 91094, 88189, 14229, 5076, 40394, 84627, 18007, 96150, 82512, 43844, 33279, 87119, 92206, 12213]
2020-03-30 05:52:53,512 - exp_torch_topics_d128_diversity_concat_i2000_b20_q100_sf512_4 - INFO - finish step #42 for 11.99874210357666 sec
2020-03-30 05:52:53,512 - exp_torch_topics_d128_diversity_concat_i2000_b20_q100_sf512_4 - INFO - current val_accuracy: 0.4721412803532009
2020-03-30 05:52:53,512 - exp_torch_topics_d128_diversity_concat_i2000_b20_q100_sf512_4 - INFO - start step #43
2020-03-30 05:53:03,396 - exp_torch_topics_d128_diversity_concat_i2000_b20_q100_sf512_4 - INFO - query idx: [30966, 58381, 80427, 57039, 84078, 18763, 87379, 15777, 5799, 33536, 73392, 85148, 32797, 46479, 15771, 61199, 15151, 95459, 78809, 38270]
2020-03-30 05:53:05,645 - exp_torch_topics_d128_diversity_concat_i2000_b20_q100_sf512_4 - INFO - finish step #43 for 12.133049011230469 sec
2020-03-30 05:53:05,645 - exp_torch_topics_d128_diversity_concat_i2000_b20_q100_sf512_4 - INFO - current val_accuracy: 0.473495217071376
2020-03-30 05:53:05,645 - exp_torch_topics_d128_diversity_concat_i2000_b20_q100_sf512_4 - INFO - start step #44
2020-03-30 05:53:15,643 - exp_torch_topics_d128_diversity_concat_i2000_b20_q100_sf512_4 - INFO - query idx: [55061, 7478, 65511, 72196, 42291, 90112, 57102, 52474, 46361, 2180, 71660, 84024, 10596, 89174, 35392, 51685, 60045, 49097, 69475, 22438]
2020-03-30 05:53:17,828 - exp_torch_topics_d128_diversity_concat_i2000_b20_q100_sf512_4 - INFO - finish step #44 for 12.182422876358032 sec
2020-03-30 05:53:17,828 - exp_torch_topics_d128_diversity_concat_i2000_b20_q100_sf512_4 - INFO - current val_accuracy: 0.47181751287711554
2020-03-30 05:53:17,828 - exp_torch_topics_d128_diversity_concat_i2000_b20_q100_sf512_4 - INFO - start step #45
2020-03-30 05:53:27,865 - exp_torch_topics_d128_diversity_concat_i2000_b20_q100_sf512_4 - INFO - query idx: [72442, 33589, 28903, 83554, 32865, 80378, 29845, 7767, 23674, 93456, 4466, 18295, 31836, 4343, 21857, 79342, 56717, 4130, 48608, 60150]
2020-03-30 05:53:30,065 - exp_torch_topics_d128_diversity_concat_i2000_b20_q100_sf512_4 - INFO - finish step #45 for 12.237048625946045 sec
2020-03-30 05:53:30,065 - exp_torch_topics_d128_diversity_concat_i2000_b20_q100_sf512_4 - INFO - current val_accuracy: 0.4745253863134658
2020-03-30 05:53:30,066 - exp_torch_topics_d128_diversity_concat_i2000_b20_q100_sf512_4 - INFO - start step #46
2020-03-30 05:53:40,133 - exp_torch_topics_d128_diversity_concat_i2000_b20_q100_sf512_4 - INFO - query idx: [42029, 80429, 98636, 67443, 87968, 98317, 20777, 84498, 70753, 25631, 71760, 20386, 27212, 18634, 84348, 65715, 15117, 35294, 81561, 72855]
2020-03-30 05:53:42,372 - exp_torch_topics_d128_diversity_concat_i2000_b20_q100_sf512_4 - INFO - finish step #46 for 12.306249856948853 sec
2020-03-30 05:53:42,372 - exp_torch_topics_d128_diversity_concat_i2000_b20_q100_sf512_4 - INFO - current val_accuracy: 0.4784988962472406
2020-03-30 05:53:42,372 - exp_torch_topics_d128_diversity_concat_i2000_b20_q100_sf512_4 - INFO - start step #47
2020-03-30 05:53:52,490 - exp_torch_topics_d128_diversity_concat_i2000_b20_q100_sf512_4 - INFO - query idx: [35028, 29131, 12773, 82989, 91926, 67917, 13236, 3253, 61876, 14372, 46344, 43758, 9338, 74930, 3923, 3124, 29862, 40960, 43350, 79489]
2020-03-30 05:53:54,696 - exp_torch_topics_d128_diversity_concat_i2000_b20_q100_sf512_4 - INFO - finish step #47 for 12.32335901260376 sec
2020-03-30 05:53:54,696 - exp_torch_topics_d128_diversity_concat_i2000_b20_q100_sf512_4 - INFO - current val_accuracy: 0.47693892568064755
2020-03-30 05:53:54,696 - exp_torch_topics_d128_diversity_concat_i2000_b20_q100_sf512_4 - INFO - start step #48
2020-03-30 05:54:04,919 - exp_torch_topics_d128_diversity_concat_i2000_b20_q100_sf512_4 - INFO - query idx: [86118, 97572, 89985, 51584, 49362, 68587, 54557, 63044, 87962, 7033, 28692, 12023, 34306, 39794, 46686, 17391, 19282, 66880, 26071, 19729]
2020-03-30 05:54:07,106 - exp_torch_topics_d128_diversity_concat_i2000_b20_q100_sf512_4 - INFO - finish step #48 for 12.410478830337524 sec
2020-03-30 05:54:07,107 - exp_torch_topics_d128_diversity_concat_i2000_b20_q100_sf512_4 - INFO - current val_accuracy: 0.4736718175128771
2020-03-30 05:54:07,107 - exp_torch_topics_d128_diversity_concat_i2000_b20_q100_sf512_4 - INFO - start step #49
2020-03-30 05:54:17,392 - exp_torch_topics_d128_diversity_concat_i2000_b20_q100_sf512_4 - INFO - query idx: [52864, 82970, 4024, 84616, 95604, 30374, 43177, 58596, 96364, 95147, 63925, 68373, 70728, 94585, 96879, 32503, 19674, 98687, 14066, 90739]
2020-03-30 05:54:19,649 - exp_torch_topics_d128_diversity_concat_i2000_b20_q100_sf512_4 - INFO - finish step #49 for 12.54166865348816 sec
2020-03-30 05:54:19,649 - exp_torch_topics_d128_diversity_concat_i2000_b20_q100_sf512_4 - INFO - current val_accuracy: 0.4753789551140544
2020-03-30 05:54:19,649 - exp_torch_topics_d128_diversity_concat_i2000_b20_q100_sf512_4 - INFO - start step #50
2020-03-30 05:54:29,964 - exp_torch_topics_d128_diversity_concat_i2000_b20_q100_sf512_4 - INFO - query idx: [8048, 38989, 38594, 44363, 50996, 64920, 5599, 31778, 21889, 19427, 79250, 81642, 17131, 87785, 21251, 85307, 53399, 80534, 3061, 94808]
2020-03-30 05:54:32,140 - exp_torch_topics_d128_diversity_concat_i2000_b20_q100_sf512_4 - INFO - finish step #50 for 12.49066710472107 sec
2020-03-30 05:54:32,141 - exp_torch_topics_d128_diversity_concat_i2000_b20_q100_sf512_4 - INFO - current val_accuracy: 0.47764532744665195
2020-03-30 05:54:32,141 - exp_torch_topics_d128_diversity_concat_i2000_b20_q100_sf512_4 - INFO - start step #51
2020-03-30 05:54:42,535 - exp_torch_topics_d128_diversity_concat_i2000_b20_q100_sf512_4 - INFO - query idx: [24224, 13615, 29834, 96834, 8598, 17835, 89206, 19743, 36671, 39801, 57117, 28054, 70167, 70222, 88903, 75711, 5765, 41274, 8995, 61929]
2020-03-30 05:54:44,781 - exp_torch_topics_d128_diversity_concat_i2000_b20_q100_sf512_4 - INFO - finish step #51 for 12.640104055404663 sec
2020-03-30 05:54:44,782 - exp_torch_topics_d128_diversity_concat_i2000_b20_q100_sf512_4 - INFO - current val_accuracy: 0.47564385577630613
2020-03-30 05:54:44,782 - exp_torch_topics_d128_diversity_concat_i2000_b20_q100_sf512_4 - INFO - start step #52
2020-03-30 05:54:55,273 - exp_torch_topics_d128_diversity_concat_i2000_b20_q100_sf512_4 - INFO - query idx: [33625, 97396, 16119, 78408, 73747, 53659, 35614, 87781, 81974, 18826, 28034, 28141, 82985, 83700, 28699, 87940, 47414, 97513, 63652, 680]
2020-03-30 05:54:57,511 - exp_torch_topics_d128_diversity_concat_i2000_b20_q100_sf512_4 - INFO - finish step #52 for 12.729531288146973 sec
2020-03-30 05:54:57,511 - exp_torch_topics_d128_diversity_concat_i2000_b20_q100_sf512_4 - INFO - current val_accuracy: 0.4751729212656365
2020-03-30 05:54:57,512 - exp_torch_topics_d128_diversity_concat_i2000_b20_q100_sf512_4 - INFO - start step #53
2020-03-30 05:55:07,997 - exp_torch_topics_d128_diversity_concat_i2000_b20_q100_sf512_4 - INFO - query idx: [31029, 11223, 74051, 53453, 93993, 14077, 35582, 38078, 59348, 50817, 84177, 18738, 56160, 48928, 54256, 90867, 6993, 60029, 84646, 24238]
2020-03-30 05:55:10,197 - exp_torch_topics_d128_diversity_concat_i2000_b20_q100_sf512_4 - INFO - finish step #53 for 12.685672760009766 sec
2020-03-30 05:55:10,198 - exp_torch_topics_d128_diversity_concat_i2000_b20_q100_sf512_4 - INFO - current val_accuracy: 0.4770566593083149
2020-03-30 05:55:10,198 - exp_torch_topics_d128_diversity_concat_i2000_b20_q100_sf512_4 - INFO - start step #54
2020-03-30 05:55:20,755 - exp_torch_topics_d128_diversity_concat_i2000_b20_q100_sf512_4 - INFO - query idx: [8287, 31737, 17348, 96543, 82699, 6988, 98742, 18258, 24191, 44968, 92794, 66084, 35052, 72614, 43451, 43437, 65377, 53776, 77819, 42579]
2020-03-30 05:55:23,020 - exp_torch_topics_d128_diversity_concat_i2000_b20_q100_sf512_4 - INFO - finish step #54 for 12.822613954544067 sec
2020-03-30 05:55:23,020 - exp_torch_topics_d128_diversity_concat_i2000_b20_q100_sf512_4 - INFO - current val_accuracy: 0.47532008830022077
2020-03-30 05:55:23,021 - exp_torch_topics_d128_diversity_concat_i2000_b20_q100_sf512_4 - INFO - start step #55
2020-03-30 05:55:33,701 - exp_torch_topics_d128_diversity_concat_i2000_b20_q100_sf512_4 - INFO - query idx: [24836, 27071, 34673, 58251, 95680, 90948, 38979, 95935, 9495, 70088, 61797, 58267, 11047, 72855, 84731, 78700, 44936, 9855, 5956, 94511]
2020-03-30 05:55:35,916 - exp_torch_topics_d128_diversity_concat_i2000_b20_q100_sf512_4 - INFO - finish step #55 for 12.895602941513062 sec
2020-03-30 05:55:35,916 - exp_torch_topics_d128_diversity_concat_i2000_b20_q100_sf512_4 - INFO - current val_accuracy: 0.4784988962472406
2020-03-30 05:55:35,917 - exp_torch_topics_d128_diversity_concat_i2000_b20_q100_sf512_4 - INFO - start step #56
2020-03-30 05:55:46,802 - exp_torch_topics_d128_diversity_concat_i2000_b20_q100_sf512_4 - INFO - query idx: [81077, 113, 618, 25300, 9635, 86290, 56448, 48785, 34116, 45101, 40041, 79737, 8710, 15267, 61303, 59749, 66155, 72734, 63240, 23095]
2020-03-30 05:55:49,069 - exp_torch_topics_d128_diversity_concat_i2000_b20_q100_sf512_4 - INFO - finish step #56 for 13.152013778686523 sec
2020-03-30 05:55:49,069 - exp_torch_topics_d128_diversity_concat_i2000_b20_q100_sf512_4 - INFO - current val_accuracy: 0.47311258278145696
2020-03-30 05:55:49,069 - exp_torch_topics_d128_diversity_concat_i2000_b20_q100_sf512_4 - INFO - start step #57
2020-03-30 05:55:59,788 - exp_torch_topics_d128_diversity_concat_i2000_b20_q100_sf512_4 - INFO - query idx: [41334, 584, 11369, 33559, 88022, 26929, 88561, 87604, 24541, 28188, 5652, 13474, 39348, 90983, 83275, 25176, 52554, 37133, 19076, 41265]
2020-03-30 05:56:02,049 - exp_torch_topics_d128_diversity_concat_i2000_b20_q100_sf512_4 - INFO - finish step #57 for 12.980386018753052 sec
2020-03-30 05:56:02,051 - exp_torch_topics_d128_diversity_concat_i2000_b20_q100_sf512_4 - INFO - current val_accuracy: 0.48306107431935247
2020-03-30 05:56:02,051 - exp_torch_topics_d128_diversity_concat_i2000_b20_q100_sf512_4 - INFO - start step #58
2020-03-30 05:56:12,900 - exp_torch_topics_d128_diversity_concat_i2000_b20_q100_sf512_4 - INFO - query idx: [59095, 43475, 96194, 88901, 75799, 23587, 10723, 35068, 24647, 83034, 24380, 62645, 548, 90160, 30737, 68916, 79057, 96204, 33787, 43658]
2020-03-30 05:56:15,104 - exp_torch_topics_d128_diversity_concat_i2000_b20_q100_sf512_4 - INFO - finish step #58 for 13.05274772644043 sec
2020-03-30 05:56:15,104 - exp_torch_topics_d128_diversity_concat_i2000_b20_q100_sf512_4 - INFO - current val_accuracy: 0.47902869757174393
2020-03-30 05:56:15,104 - exp_torch_topics_d128_diversity_concat_i2000_b20_q100_sf512_4 - INFO - start step #59
2020-03-30 05:56:26,028 - exp_torch_topics_d128_diversity_concat_i2000_b20_q100_sf512_4 - INFO - query idx: [61667, 1942, 67450, 98418, 83919, 35286, 2004, 58585, 7954, 32777, 68972, 31126, 88371, 46449, 43779, 94053, 81020, 12808, 33396, 96989]
2020-03-30 05:56:28,329 - exp_torch_topics_d128_diversity_concat_i2000_b20_q100_sf512_4 - INFO - finish step #59 for 13.224826097488403 sec
2020-03-30 05:56:28,329 - exp_torch_topics_d128_diversity_concat_i2000_b20_q100_sf512_4 - INFO - current val_accuracy: 0.485121412803532
2020-03-30 05:56:28,329 - exp_torch_topics_d128_diversity_concat_i2000_b20_q100_sf512_4 - INFO - start step #60
2020-03-30 05:56:39,399 - exp_torch_topics_d128_diversity_concat_i2000_b20_q100_sf512_4 - INFO - query idx: [8184, 85899, 27464, 9057, 17934, 47770, 11986, 47971, 54089, 66902, 27195, 50967, 81950, 24833, 40254, 50937, 41881, 68739, 28204, 52889]
2020-03-30 05:56:41,661 - exp_torch_topics_d128_diversity_concat_i2000_b20_q100_sf512_4 - INFO - finish step #60 for 13.332103967666626 sec
2020-03-30 05:56:41,661 - exp_torch_topics_d128_diversity_concat_i2000_b20_q100_sf512_4 - INFO - current val_accuracy: 0.48261957321559973
2020-03-30 05:56:41,662 - exp_torch_topics_d128_diversity_concat_i2000_b20_q100_sf512_4 - INFO - start step #61
2020-03-30 05:56:52,698 - exp_torch_topics_d128_diversity_concat_i2000_b20_q100_sf512_4 - INFO - query idx: [5414, 68830, 36274, 35912, 26417, 31067, 45824, 46406, 49882, 7794, 4701, 30740, 47404, 16455, 77733, 86816, 17369, 29843, 24610, 44510]
2020-03-30 05:56:54,974 - exp_torch_topics_d128_diversity_concat_i2000_b20_q100_sf512_4 - INFO - finish step #61 for 13.311896800994873 sec
2020-03-30 05:56:54,974 - exp_torch_topics_d128_diversity_concat_i2000_b20_q100_sf512_4 - INFO - current val_accuracy: 0.48509197939661514
2020-03-30 05:56:54,974 - exp_torch_topics_d128_diversity_concat_i2000_b20_q100_sf512_4 - INFO - start step #62
2020-03-30 05:57:06,079 - exp_torch_topics_d128_diversity_concat_i2000_b20_q100_sf512_4 - INFO - query idx: [42334, 47801, 38571, 16483, 11780, 85390, 51523, 63018, 34217, 32933, 24743, 61356, 90961, 57091, 60544, 94878, 67222, 45853, 54591, 36316]
2020-03-30 05:57:08,345 - exp_torch_topics_d128_diversity_concat_i2000_b20_q100_sf512_4 - INFO - finish step #62 for 13.371018171310425 sec
2020-03-30 05:57:08,345 - exp_torch_topics_d128_diversity_concat_i2000_b20_q100_sf512_4 - INFO - current val_accuracy: 0.48562178072111845
2020-03-30 05:57:08,345 - exp_torch_topics_d128_diversity_concat_i2000_b20_q100_sf512_4 - INFO - start step #63
2020-03-30 05:57:19,481 - exp_torch_topics_d128_diversity_concat_i2000_b20_q100_sf512_4 - INFO - query idx: [13394, 3480, 46240, 87831, 91126, 70497, 69746, 51533, 8994, 22154, 28131, 44818, 57713, 43506, 97612, 90452, 5109, 16491, 46725, 93678]
2020-03-30 05:57:21,814 - exp_torch_topics_d128_diversity_concat_i2000_b20_q100_sf512_4 - INFO - finish step #63 for 13.469060897827148 sec
2020-03-30 05:57:21,815 - exp_torch_topics_d128_diversity_concat_i2000_b20_q100_sf512_4 - INFO - current val_accuracy: 0.48008830022075055
2020-03-30 05:57:21,815 - exp_torch_topics_d128_diversity_concat_i2000_b20_q100_sf512_4 - INFO - start step #64
2020-03-30 05:57:33,039 - exp_torch_topics_d128_diversity_concat_i2000_b20_q100_sf512_4 - INFO - query idx: [31514, 94647, 45143, 33471, 15037, 48771, 21190, 49568, 56474, 82636, 4355, 3256, 26209, 51901, 72087, 96546, 41793, 72608, 2245, 40959]
2020-03-30 05:57:35,304 - exp_torch_topics_d128_diversity_concat_i2000_b20_q100_sf512_4 - INFO - finish step #64 for 13.489613056182861 sec
2020-03-30 05:57:35,305 - exp_torch_topics_d128_diversity_concat_i2000_b20_q100_sf512_4 - INFO - current val_accuracy: 0.48509197939661514
2020-03-30 05:57:35,305 - exp_torch_topics_d128_diversity_concat_i2000_b20_q100_sf512_4 - INFO - start step #65
2020-03-30 05:57:46,644 - exp_torch_topics_d128_diversity_concat_i2000_b20_q100_sf512_4 - INFO - query idx: [39721, 84877, 11148, 40797, 47495, 93978, 94111, 30554, 39116, 81255, 83164, 21299, 98400, 23107, 73551, 79981, 85790, 17907, 72097, 94916]
2020-03-30 05:57:48,890 - exp_torch_topics_d128_diversity_concat_i2000_b20_q100_sf512_4 - INFO - finish step #65 for 13.585078001022339 sec
2020-03-30 05:57:48,890 - exp_torch_topics_d128_diversity_concat_i2000_b20_q100_sf512_4 - INFO - current val_accuracy: 0.47991169977924947
2020-03-30 05:57:48,890 - exp_torch_topics_d128_diversity_concat_i2000_b20_q100_sf512_4 - INFO - start step #66
2020-03-30 05:58:01,410 - exp_torch_topics_d128_diversity_concat_i2000_b20_q100_sf512_4 - INFO - query idx: [16859, 84865, 36940, 88562, 6458, 21216, 79135, 11736, 45931, 74638, 61544, 59291, 24137, 90971, 7069, 96697, 32954, 58782, 4484, 31185]
2020-03-30 05:58:04,394 - exp_torch_topics_d128_diversity_concat_i2000_b20_q100_sf512_4 - INFO - finish step #66 for 15.503783941268921 sec
2020-03-30 05:58:04,394 - exp_torch_topics_d128_diversity_concat_i2000_b20_q100_sf512_4 - INFO - current val_accuracy: 0.4840618101545254
2020-03-30 05:58:04,394 - exp_torch_topics_d128_diversity_concat_i2000_b20_q100_sf512_4 - INFO - start step #67
2020-03-30 05:58:16,742 - exp_torch_topics_d128_diversity_concat_i2000_b20_q100_sf512_4 - INFO - query idx: [97091, 41012, 90814, 45768, 39662, 29565, 49638, 2118, 53687, 77277, 55991, 32285, 8668, 2421, 33541, 21268, 26467, 30212, 11764, 43155]
2020-03-30 05:58:19,705 - exp_torch_topics_d128_diversity_concat_i2000_b20_q100_sf512_4 - INFO - finish step #67 for 15.310956716537476 sec
2020-03-30 05:58:19,705 - exp_torch_topics_d128_diversity_concat_i2000_b20_q100_sf512_4 - INFO - current val_accuracy: 0.4845621780721118
2020-03-30 05:58:19,706 - exp_torch_topics_d128_diversity_concat_i2000_b20_q100_sf512_4 - INFO - start step #68
2020-03-30 05:58:31,424 - exp_torch_topics_d128_diversity_concat_i2000_b20_q100_sf512_4 - INFO - query idx: [5084, 27422, 43592, 93995, 86922, 4230, 27053, 90899, 21735, 45115, 33420, 38804, 45830, 58390, 8603, 15466, 20047, 94458, 65253, 79303]
2020-03-30 05:58:33,998 - exp_torch_topics_d128_diversity_concat_i2000_b20_q100_sf512_4 - INFO - finish step #68 for 14.292440176010132 sec
2020-03-30 05:58:33,998 - exp_torch_topics_d128_diversity_concat_i2000_b20_q100_sf512_4 - INFO - current val_accuracy: 0.48282560706401767
2020-03-30 05:58:33,998 - exp_torch_topics_d128_diversity_concat_i2000_b20_q100_sf512_4 - INFO - start step #69
2020-03-30 05:58:45,588 - exp_torch_topics_d128_diversity_concat_i2000_b20_q100_sf512_4 - INFO - query idx: [22064, 46156, 29228, 19807, 3483, 85056, 61897, 20355, 52887, 3330, 87086, 89807, 24288, 51837, 41415, 80753, 6270, 29796, 68258, 18053]
2020-03-30 05:58:47,881 - exp_torch_topics_d128_diversity_concat_i2000_b20_q100_sf512_4 - INFO - finish step #69 for 13.882826089859009 sec
2020-03-30 05:58:47,881 - exp_torch_topics_d128_diversity_concat_i2000_b20_q100_sf512_4 - INFO - current val_accuracy: 0.47985283296541575
2020-03-30 05:58:47,882 - exp_torch_topics_d128_diversity_concat_i2000_b20_q100_sf512_4 - INFO - start step #70
2020-03-30 05:58:59,472 - exp_torch_topics_d128_diversity_concat_i2000_b20_q100_sf512_4 - INFO - query idx: [86555, 18911, 77200, 69239, 59048, 76253, 67367, 53277, 75489, 67220, 45187, 87565, 22556, 3442, 24369, 3432, 76420, 36007, 30941, 29956]
2020-03-30 05:59:01,777 - exp_torch_topics_d128_diversity_concat_i2000_b20_q100_sf512_4 - INFO - finish step #70 for 13.895276069641113 sec
2020-03-30 05:59:01,777 - exp_torch_topics_d128_diversity_concat_i2000_b20_q100_sf512_4 - INFO - current val_accuracy: 0.4831788079470199
2020-03-30 05:59:01,777 - exp_torch_topics_d128_diversity_concat_i2000_b20_q100_sf512_4 - INFO - start step #71
2020-03-30 05:59:13,419 - exp_torch_topics_d128_diversity_concat_i2000_b20_q100_sf512_4 - INFO - query idx: [68131, 9633, 79174, 33300, 84781, 41635, 93459, 88465, 47324, 69698, 67331, 25985, 9767, 50716, 29028, 48812, 54485, 78609, 15659, 61866]
2020-03-30 05:59:15,786 - exp_torch_topics_d128_diversity_concat_i2000_b20_q100_sf512_4 - INFO - finish step #71 for 14.008496761322021 sec
2020-03-30 05:59:15,786 - exp_torch_topics_d128_diversity_concat_i2000_b20_q100_sf512_4 - INFO - current val_accuracy: 0.4850331125827815
2020-03-30 05:59:15,786 - exp_torch_topics_d128_diversity_concat_i2000_b20_q100_sf512_4 - INFO - start step #72
2020-03-30 05:59:27,583 - exp_torch_topics_d128_diversity_concat_i2000_b20_q100_sf512_4 - INFO - query idx: [91430, 1378, 15073, 73732, 21847, 53717, 92639, 5457, 37966, 35131, 35407, 1546, 92858, 30246, 44545, 94573, 51469, 94457, 81411, 35924]
2020-03-30 05:59:29,864 - exp_torch_topics_d128_diversity_concat_i2000_b20_q100_sf512_4 - INFO - finish step #72 for 14.077811002731323 sec
2020-03-30 05:59:29,864 - exp_torch_topics_d128_diversity_concat_i2000_b20_q100_sf512_4 - INFO - current val_accuracy: 0.4860338484179544
2020-03-30 05:59:29,864 - exp_torch_topics_d128_diversity_concat_i2000_b20_q100_sf512_4 - INFO - start step #73
2020-03-30 05:59:41,780 - exp_torch_topics_d128_diversity_concat_i2000_b20_q100_sf512_4 - INFO - query idx: [14666, 32306, 8603, 51124, 39647, 70845, 47431, 62774, 68410, 59931, 69364, 97965, 21597, 36010, 19221, 39423, 6279, 18046, 1290, 34044]
2020-03-30 05:59:44,044 - exp_torch_topics_d128_diversity_concat_i2000_b20_q100_sf512_4 - INFO - finish step #73 for 14.180186033248901 sec
2020-03-30 05:59:44,045 - exp_torch_topics_d128_diversity_concat_i2000_b20_q100_sf512_4 - INFO - current val_accuracy: 0.487093451066961
2020-03-30 05:59:44,045 - exp_torch_topics_d128_diversity_concat_i2000_b20_q100_sf512_4 - INFO - start step #74
2020-03-30 05:59:55,907 - exp_torch_topics_d128_diversity_concat_i2000_b20_q100_sf512_4 - INFO - query idx: [54981, 34716, 22357, 34961, 11023, 29582, 84987, 67308, 76346, 51381, 6399, 19527, 32806, 44886, 16438, 55053, 69446, 71349, 9266, 84268]
2020-03-30 05:59:58,261 - exp_torch_topics_d128_diversity_concat_i2000_b20_q100_sf512_4 - INFO - finish step #74 for 14.216600894927979 sec
2020-03-30 05:59:58,262 - exp_torch_topics_d128_diversity_concat_i2000_b20_q100_sf512_4 - INFO - current val_accuracy: 0.48147167034584254
2020-03-30 05:59:58,262 - exp_torch_topics_d128_diversity_concat_i2000_b20_q100_sf512_4 - INFO - start step #75
2020-03-30 06:00:10,243 - exp_torch_topics_d128_diversity_concat_i2000_b20_q100_sf512_4 - INFO - query idx: [15949, 602, 40407, 70456, 49066, 82433, 11140, 32854, 1285, 32508, 94502, 11895, 5791, 81278, 27373, 34374, 71928, 24466, 50359, 14296]
2020-03-30 06:00:12,579 - exp_torch_topics_d128_diversity_concat_i2000_b20_q100_sf512_4 - INFO - finish step #75 for 14.316976070404053 sec
2020-03-30 06:00:12,579 - exp_torch_topics_d128_diversity_concat_i2000_b20_q100_sf512_4 - INFO - current val_accuracy: 0.4869462840323768
2020-03-30 06:00:12,579 - exp_torch_topics_d128_diversity_concat_i2000_b20_q100_sf512_4 - INFO - start step #76
2020-03-30 06:00:24,488 - exp_torch_topics_d128_diversity_concat_i2000_b20_q100_sf512_4 - INFO - query idx: [57196, 75963, 62605, 82883, 51109, 65738, 54661, 12442, 29475, 39952, 20859, 27991, 1981, 81203, 66155, 78761, 93633, 51068, 85858, 82887]
2020-03-30 06:00:26,845 - exp_torch_topics_d128_diversity_concat_i2000_b20_q100_sf512_4 - INFO - finish step #76 for 14.266340255737305 sec
2020-03-30 06:00:26,846 - exp_torch_topics_d128_diversity_concat_i2000_b20_q100_sf512_4 - INFO - current val_accuracy: 0.4901839587932303
2020-03-30 06:00:26,846 - exp_torch_topics_d128_diversity_concat_i2000_b20_q100_sf512_4 - INFO - start step #77
2020-03-30 06:00:38,965 - exp_torch_topics_d128_diversity_concat_i2000_b20_q100_sf512_4 - INFO - query idx: [34633, 55419, 38658, 85946, 31929, 30834, 18277, 57847, 81024, 44986, 69290, 81215, 73399, 17258, 55774, 7252, 22092, 42437, 47078, 17692]
2020-03-30 06:00:41,494 - exp_torch_topics_d128_diversity_concat_i2000_b20_q100_sf512_4 - INFO - finish step #77 for 14.648162841796875 sec
2020-03-30 06:00:41,494 - exp_torch_topics_d128_diversity_concat_i2000_b20_q100_sf512_4 - INFO - current val_accuracy: 0.4915673289183223
2020-03-30 06:00:41,494 - exp_torch_topics_d128_diversity_concat_i2000_b20_q100_sf512_4 - INFO - start step #78
2020-03-30 06:00:53,738 - exp_torch_topics_d128_diversity_concat_i2000_b20_q100_sf512_4 - INFO - query idx: [43707, 81695, 7133, 93525, 56830, 98101, 65643, 965, 36395, 44589, 24491, 51206, 32114, 34382, 13100, 16872, 63797, 13021, 53607, 84432]
2020-03-30 06:00:56,086 - exp_torch_topics_d128_diversity_concat_i2000_b20_q100_sf512_4 - INFO - finish step #78 for 14.591231107711792 sec
2020-03-30 06:00:56,086 - exp_torch_topics_d128_diversity_concat_i2000_b20_q100_sf512_4 - INFO - current val_accuracy: 0.48950699043414275
2020-03-30 06:00:56,086 - exp_torch_topics_d128_diversity_concat_i2000_b20_q100_sf512_4 - INFO - start step #79
2020-03-30 06:01:08,304 - exp_torch_topics_d128_diversity_concat_i2000_b20_q100_sf512_4 - INFO - query idx: [94257, 60491, 53482, 5039, 3287, 46442, 18250, 60458, 64283, 68950, 91249, 12898, 42776, 82953, 22479, 47487, 96199, 47764, 28864, 30811]
2020-03-30 06:01:10,632 - exp_torch_topics_d128_diversity_concat_i2000_b20_q100_sf512_4 - INFO - finish step #79 for 14.545435905456543 sec
2020-03-30 06:01:10,632 - exp_torch_topics_d128_diversity_concat_i2000_b20_q100_sf512_4 - INFO - current val_accuracy: 0.49165562913907285
2020-03-30 06:01:10,632 - exp_torch_topics_d128_diversity_concat_i2000_b20_q100_sf512_4 - INFO - start step #80
2020-03-30 06:01:22,921 - exp_torch_topics_d128_diversity_concat_i2000_b20_q100_sf512_4 - INFO - query idx: [13438, 50191, 64586, 21791, 13746, 66820, 30659, 14439, 38103, 78996, 27135, 1564, 17957, 28791, 38776, 63185, 81074, 67752, 57407, 50368]
2020-03-30 06:01:25,345 - exp_torch_topics_d128_diversity_concat_i2000_b20_q100_sf512_4 - INFO - finish step #80 for 14.71343469619751 sec
2020-03-30 06:01:25,346 - exp_torch_topics_d128_diversity_concat_i2000_b20_q100_sf512_4 - INFO - current val_accuracy: 0.4893892568064753
2020-03-30 06:01:25,346 - exp_torch_topics_d128_diversity_concat_i2000_b20_q100_sf512_4 - INFO - start step #81
2020-03-30 06:01:37,672 - exp_torch_topics_d128_diversity_concat_i2000_b20_q100_sf512_4 - INFO - query idx: [31619, 14162, 17930, 72426, 14362, 78255, 30207, 87783, 96915, 62693, 83282, 65979, 15432, 47409, 25926, 59031, 44706, 7432, 94899, 44934]
2020-03-30 06:01:40,020 - exp_torch_topics_d128_diversity_concat_i2000_b20_q100_sf512_4 - INFO - finish step #81 for 14.674407243728638 sec
2020-03-30 06:01:40,020 - exp_torch_topics_d128_diversity_concat_i2000_b20_q100_sf512_4 - INFO - current val_accuracy: 0.485710080941869
2020-03-30 06:01:40,020 - exp_torch_topics_d128_diversity_concat_i2000_b20_q100_sf512_4 - INFO - start step #82
2020-03-30 06:01:52,452 - exp_torch_topics_d128_diversity_concat_i2000_b20_q100_sf512_4 - INFO - query idx: [4705, 89428, 24634, 51627, 71708, 46231, 61310, 15512, 51988, 91077, 11039, 59742, 13465, 38556, 7269, 82237, 7179, 6031, 3892, 49537]
2020-03-30 06:01:54,796 - exp_torch_topics_d128_diversity_concat_i2000_b20_q100_sf512_4 - INFO - finish step #82 for 14.775662183761597 sec
2020-03-30 06:01:54,796 - exp_torch_topics_d128_diversity_concat_i2000_b20_q100_sf512_4 - INFO - current val_accuracy: 0.4868579838116262
2020-03-30 06:01:54,796 - exp_torch_topics_d128_diversity_concat_i2000_b20_q100_sf512_4 - INFO - start step #83
2020-03-30 06:02:07,260 - exp_torch_topics_d128_diversity_concat_i2000_b20_q100_sf512_4 - INFO - query idx: [67774, 91492, 96888, 64980, 65363, 48712, 55299, 74700, 30839, 57204, 78653, 43833, 35143, 7510, 97262, 41687, 3035, 26182, 37167, 15678]
2020-03-30 06:02:09,620 - exp_torch_topics_d128_diversity_concat_i2000_b20_q100_sf512_4 - INFO - finish step #83 for 14.823566198348999 sec
2020-03-30 06:02:09,620 - exp_torch_topics_d128_diversity_concat_i2000_b20_q100_sf512_4 - INFO - current val_accuracy: 0.48827078734363505
2020-03-30 06:02:09,620 - exp_torch_topics_d128_diversity_concat_i2000_b20_q100_sf512_4 - INFO - start step #84
2020-03-30 06:02:22,201 - exp_torch_topics_d128_diversity_concat_i2000_b20_q100_sf512_4 - INFO - query idx: [75039, 68707, 46576, 5916, 60899, 45483, 68955, 72301, 52179, 6442, 43343, 90866, 8209, 51653, 18143, 71093, 81451, 80984, 80497, 22643]
2020-03-30 06:02:24,566 - exp_torch_topics_d128_diversity_concat_i2000_b20_q100_sf512_4 - INFO - finish step #84 for 14.945832014083862 sec
2020-03-30 06:02:24,566 - exp_torch_topics_d128_diversity_concat_i2000_b20_q100_sf512_4 - INFO - current val_accuracy: 0.4855040470934511
2020-03-30 06:02:24,566 - exp_torch_topics_d128_diversity_concat_i2000_b20_q100_sf512_4 - INFO - start step #85
2020-03-30 06:02:37,160 - exp_torch_topics_d128_diversity_concat_i2000_b20_q100_sf512_4 - INFO - query idx: [1819, 54595, 43941, 30554, 76766, 79783, 13989, 84844, 47931, 20758, 30524, 10352, 95642, 89826, 84613, 32113, 73267, 82023, 69393, 30612]
2020-03-30 06:02:39,552 - exp_torch_topics_d128_diversity_concat_i2000_b20_q100_sf512_4 - INFO - finish step #85 for 14.985125303268433 sec
2020-03-30 06:02:39,552 - exp_torch_topics_d128_diversity_concat_i2000_b20_q100_sf512_4 - INFO - current val_accuracy: 0.4893009565857248
2020-03-30 06:02:39,552 - exp_torch_topics_d128_diversity_concat_i2000_b20_q100_sf512_4 - INFO - start step #86
2020-03-30 06:02:52,228 - exp_torch_topics_d128_diversity_concat_i2000_b20_q100_sf512_4 - INFO - query idx: [76510, 4750, 23157, 78916, 96782, 78445, 9147, 77865, 7628, 60333, 97468, 9612, 17579, 17389, 77073, 72045, 72943, 93533, 33248, 29798]
2020-03-30 06:02:54,598 - exp_torch_topics_d128_diversity_concat_i2000_b20_q100_sf512_4 - INFO - finish step #86 for 15.046266794204712 sec
2020-03-30 06:02:54,598 - exp_torch_topics_d128_diversity_concat_i2000_b20_q100_sf512_4 - INFO - current val_accuracy: 0.4910669610007358
2020-03-30 06:02:54,599 - exp_torch_topics_d128_diversity_concat_i2000_b20_q100_sf512_4 - INFO - start step #87
2020-03-30 06:03:07,691 - exp_torch_topics_d128_diversity_concat_i2000_b20_q100_sf512_4 - INFO - query idx: [70890, 11955, 94970, 48901, 84978, 13805, 24127, 18966, 41010, 82685, 92027, 38363, 2969, 8583, 32817, 53499, 36293, 38127, 63759, 34827]
2020-03-30 06:03:10,118 - exp_torch_topics_d128_diversity_concat_i2000_b20_q100_sf512_4 - INFO - finish step #87 for 15.518818140029907 sec
2020-03-30 06:03:10,118 - exp_torch_topics_d128_diversity_concat_i2000_b20_q100_sf512_4 - INFO - current val_accuracy: 0.4927740986019132
2020-03-30 06:03:10,118 - exp_torch_topics_d128_diversity_concat_i2000_b20_q100_sf512_4 - INFO - start step #88
2020-03-30 06:03:22,982 - exp_torch_topics_d128_diversity_concat_i2000_b20_q100_sf512_4 - INFO - query idx: [81619, 40893, 28746, 81106, 76150, 80197, 88325, 33495, 92297, 74109, 31488, 85169, 25915, 87156, 16619, 43109, 24947, 46830, 53505, 15041]
2020-03-30 06:03:25,393 - exp_torch_topics_d128_diversity_concat_i2000_b20_q100_sf512_4 - INFO - finish step #88 for 15.27482295036316 sec
2020-03-30 06:03:25,393 - exp_torch_topics_d128_diversity_concat_i2000_b20_q100_sf512_4 - INFO - current val_accuracy: 0.4923031640912436
2020-03-30 06:03:25,393 - exp_torch_topics_d128_diversity_concat_i2000_b20_q100_sf512_4 - INFO - start step #89
2020-03-30 06:03:38,283 - exp_torch_topics_d128_diversity_concat_i2000_b20_q100_sf512_4 - INFO - query idx: [86604, 66910, 32776, 67484, 77549, 62359, 20229, 35615, 16399, 19310, 8465, 23920, 58194, 60992, 12713, 79421, 17814, 70380, 39951, 980]
2020-03-30 06:03:40,671 - exp_torch_topics_d128_diversity_concat_i2000_b20_q100_sf512_4 - INFO - finish step #89 for 15.277472019195557 sec
2020-03-30 06:03:40,671 - exp_torch_topics_d128_diversity_concat_i2000_b20_q100_sf512_4 - INFO - current val_accuracy: 0.48921265636497424
2020-03-30 06:03:40,671 - exp_torch_topics_d128_diversity_concat_i2000_b20_q100_sf512_4 - INFO - start step #90
2020-03-30 06:03:53,667 - exp_torch_topics_d128_diversity_concat_i2000_b20_q100_sf512_4 - INFO - query idx: [32657, 19850, 73940, 7713, 17013, 84026, 60922, 15968, 11125, 5299, 56411, 85590, 63510, 5804, 89652, 12973, 79793, 12646, 62453, 72439]
2020-03-30 06:03:56,079 - exp_torch_topics_d128_diversity_concat_i2000_b20_q100_sf512_4 - INFO - finish step #90 for 15.407558917999268 sec
2020-03-30 06:03:56,079 - exp_torch_topics_d128_diversity_concat_i2000_b20_q100_sf512_4 - INFO - current val_accuracy: 0.4877115526122149
2020-03-30 06:03:56,079 - exp_torch_topics_d128_diversity_concat_i2000_b20_q100_sf512_4 - INFO - start step #91
2020-03-30 06:04:09,121 - exp_torch_topics_d128_diversity_concat_i2000_b20_q100_sf512_4 - INFO - query idx: [48364, 66688, 95222, 57196, 13983, 64258, 41571, 20078, 95497, 41101, 96653, 29193, 63102, 36899, 6638, 84509, 36462, 96140, 61422, 67060]
2020-03-30 06:04:11,540 - exp_torch_topics_d128_diversity_concat_i2000_b20_q100_sf512_4 - INFO - finish step #91 for 15.460838079452515 sec
2020-03-30 06:04:11,540 - exp_torch_topics_d128_diversity_concat_i2000_b20_q100_sf512_4 - INFO - current val_accuracy: 0.49206769683590873
2020-03-30 06:04:11,540 - exp_torch_topics_d128_diversity_concat_i2000_b20_q100_sf512_4 - INFO - start step #92
2020-03-30 06:04:24,635 - exp_torch_topics_d128_diversity_concat_i2000_b20_q100_sf512_4 - INFO - query idx: [92340, 65391, 39749, 51647, 93653, 51796, 73578, 60914, 79115, 8071, 47399, 51539, 80301, 46890, 16389, 87164, 50302, 96814, 84888, 51222]
2020-03-30 06:04:27,016 - exp_torch_topics_d128_diversity_concat_i2000_b20_q100_sf512_4 - INFO - finish step #92 for 15.476153135299683 sec
2020-03-30 06:04:27,016 - exp_torch_topics_d128_diversity_concat_i2000_b20_q100_sf512_4 - INFO - current val_accuracy: 0.48997792494481235
2020-03-30 06:04:27,017 - exp_torch_topics_d128_diversity_concat_i2000_b20_q100_sf512_4 - INFO - start step #93
2020-03-30 06:04:40,476 - exp_torch_topics_d128_diversity_concat_i2000_b20_q100_sf512_4 - INFO - query idx: [62297, 24785, 66803, 13991, 59859, 20382, 50096, 17144, 86112, 94621, 96090, 23789, 35664, 32864, 78680, 54024, 75973, 2775, 57853, 95113]
2020-03-30 06:04:43,379 - exp_torch_topics_d128_diversity_concat_i2000_b20_q100_sf512_4 - INFO - finish step #93 for 16.361984968185425 sec
2020-03-30 06:04:43,379 - exp_torch_topics_d128_diversity_concat_i2000_b20_q100_sf512_4 - INFO - current val_accuracy: 0.4923031640912436
2020-03-30 06:04:43,379 - exp_torch_topics_d128_diversity_concat_i2000_b20_q100_sf512_4 - INFO - start step #94
2020-03-30 06:04:56,552 - exp_torch_topics_d128_diversity_concat_i2000_b20_q100_sf512_4 - INFO - query idx: [45137, 40390, 97922, 58004, 44481, 55868, 62999, 56359, 83561, 83247, 60394, 49658, 65237, 15177, 3929, 16740, 78223, 46996, 60199, 92994]
2020-03-30 06:04:58,941 - exp_torch_topics_d128_diversity_concat_i2000_b20_q100_sf512_4 - INFO - finish step #94 for 15.561657905578613 sec
2020-03-30 06:04:58,941 - exp_torch_topics_d128_diversity_concat_i2000_b20_q100_sf512_4 - INFO - current val_accuracy: 0.4921559970566593
2020-03-30 06:04:58,941 - exp_torch_topics_d128_diversity_concat_i2000_b20_q100_sf512_4 - INFO - start step #95
2020-03-30 06:05:12,233 - exp_torch_topics_d128_diversity_concat_i2000_b20_q100_sf512_4 - INFO - query idx: [46412, 29110, 66511, 5560, 95970, 40644, 2666, 30445, 15117, 65741, 66631, 62254, 84074, 11734, 18220, 41059, 7928, 48597, 13101, 60682]
2020-03-30 06:05:14,610 - exp_torch_topics_d128_diversity_concat_i2000_b20_q100_sf512_4 - INFO - finish step #95 for 15.669127941131592 sec
2020-03-30 06:05:14,610 - exp_torch_topics_d128_diversity_concat_i2000_b20_q100_sf512_4 - INFO - current val_accuracy: 0.4898307579102281
2020-03-30 06:05:14,611 - exp_torch_topics_d128_diversity_concat_i2000_b20_q100_sf512_4 - INFO - start step #96
2020-03-30 06:05:28,018 - exp_torch_topics_d128_diversity_concat_i2000_b20_q100_sf512_4 - INFO - query idx: [86677, 15910, 8296, 68156, 10605, 44204, 12794, 70991, 77487, 69016, 61064, 91255, 47423, 88249, 8064, 15974, 33228, 93615, 94122, 88300]
2020-03-30 06:05:30,447 - exp_torch_topics_d128_diversity_concat_i2000_b20_q100_sf512_4 - INFO - finish step #96 for 15.836681127548218 sec
2020-03-30 06:05:30,447 - exp_torch_topics_d128_diversity_concat_i2000_b20_q100_sf512_4 - INFO - current val_accuracy: 0.4906254598969831
2020-03-30 06:05:30,448 - exp_torch_topics_d128_diversity_concat_i2000_b20_q100_sf512_4 - INFO - start step #97
2020-03-30 06:05:44,427 - exp_torch_topics_d128_diversity_concat_i2000_b20_q100_sf512_4 - INFO - query idx: [29399, 59589, 64549, 13071, 77155, 4423, 80774, 32181, 83840, 25617, 29903, 28420, 17576, 89048, 55250, 89733, 26069, 18941, 30746, 42663]
2020-03-30 06:05:47,199 - exp_torch_topics_d128_diversity_concat_i2000_b20_q100_sf512_4 - INFO - finish step #97 for 16.751553058624268 sec
2020-03-30 06:05:47,199 - exp_torch_topics_d128_diversity_concat_i2000_b20_q100_sf512_4 - INFO - current val_accuracy: 0.4930684326710817
2020-03-30 06:05:47,200 - exp_torch_topics_d128_diversity_concat_i2000_b20_q100_sf512_4 - INFO - start step #98
2020-03-30 06:06:00,802 - exp_torch_topics_d128_diversity_concat_i2000_b20_q100_sf512_4 - INFO - query idx: [79995, 27200, 61856, 53309, 5691, 25433, 51671, 34167, 54725, 3646, 63579, 94437, 21815, 42987, 65261, 19718, 17684, 65102, 6878, 28311]
2020-03-30 06:06:03,335 - exp_torch_topics_d128_diversity_concat_i2000_b20_q100_sf512_4 - INFO - finish step #98 for 16.135247945785522 sec
2020-03-30 06:06:03,335 - exp_torch_topics_d128_diversity_concat_i2000_b20_q100_sf512_4 - INFO - current val_accuracy: 0.4944223693892568
2020-03-30 06:06:03,335 - exp_torch_topics_d128_diversity_concat_i2000_b20_q100_sf512_4 - INFO - start step #99
2020-03-30 06:06:16,876 - exp_torch_topics_d128_diversity_concat_i2000_b20_q100_sf512_4 - INFO - query idx: [61714, 26892, 16018, 91252, 54080, 59745, 62768, 87006, 70227, 27992, 83761, 84808, 50937, 27376, 87120, 87105, 77255, 57209, 60470, 93620]
2020-03-30 06:06:19,365 - exp_torch_topics_d128_diversity_concat_i2000_b20_q100_sf512_4 - INFO - finish step #99 for 16.029900074005127 sec
2020-03-30 06:06:19,365 - exp_torch_topics_d128_diversity_concat_i2000_b20_q100_sf512_4 - INFO - current val_accuracy: 0.4948344370860927
2020-03-30 06:06:19,365 - exp_torch_topics_d128_diversity_concat_i2000_b20_q100_sf512_4 - INFO - finish experiment process for 1273.315593957901 sec
