2020-03-20 17:10:16,826 - exp_torch_topics_d128_passive_i2000_b20_q50_1 - INFO - start experiment process
2020-03-20 17:10:21,633 - exp_torch_topics_d128_passive_i2000_b20_q50_1 - INFO - initial val_accuracy: 0.45345106696100074
2020-03-20 17:10:21,842 - exp_torch_topics_d128_passive_i2000_b20_q50_1 - INFO - start step #0
2020-03-20 17:10:21,900 - exp_torch_topics_d128_passive_i2000_b20_q50_1 - INFO - query idx: [   69  4339  1763 14033  6572 19424 18750  8227 16175 12082  2857 16037
  2641 12498 16236 17522  2409  7442  1542  4249]
2020-03-20 17:10:26,811 - exp_torch_topics_d128_passive_i2000_b20_q50_1 - INFO - finish step #0 for 4.969283819198608 sec
2020-03-20 17:10:26,812 - exp_torch_topics_d128_passive_i2000_b20_q50_1 - INFO - current val_accuracy: 0.45236203090507726
2020-03-20 17:10:26,812 - exp_torch_topics_d128_passive_i2000_b20_q50_1 - INFO - start step #1
2020-03-20 17:10:26,831 - exp_torch_topics_d128_passive_i2000_b20_q50_1 - INFO - query idx: [14993 12663  1508 15552 10232  6104 18144  7574 16360    76 15269  6953
  3579  8604  9111  9607  4106 10720 13615 15806]
2020-03-20 17:10:29,856 - exp_torch_topics_d128_passive_i2000_b20_q50_1 - INFO - finish step #1 for 3.043888807296753 sec
2020-03-20 17:10:29,856 - exp_torch_topics_d128_passive_i2000_b20_q50_1 - INFO - current val_accuracy: 0.45009565857247974
2020-03-20 17:10:29,857 - exp_torch_topics_d128_passive_i2000_b20_q50_1 - INFO - start step #2
2020-03-20 17:10:29,857 - exp_torch_topics_d128_passive_i2000_b20_q50_1 - INFO - query idx: [15271 10705  5753   139 15313  9783  3190  6938 17702 12618  4459  8326
 19714 13383 13945 15585  3329 10588  7245 13963]
2020-03-20 17:10:33,481 - exp_torch_topics_d128_passive_i2000_b20_q50_1 - INFO - finish step #2 for 3.624141216278076 sec
2020-03-20 17:10:33,481 - exp_torch_topics_d128_passive_i2000_b20_q50_1 - INFO - current val_accuracy: 0.4510963944076527
2020-03-20 17:10:33,482 - exp_torch_topics_d128_passive_i2000_b20_q50_1 - INFO - start step #3
2020-03-20 17:10:33,482 - exp_torch_topics_d128_passive_i2000_b20_q50_1 - INFO - query idx: [ 5555  4759  8155  5030   676  1545  6471 19867  9350  2326 14012   816
 10086   921  3090  9931  5927  6276 19167 19188]
2020-03-20 17:10:36,149 - exp_torch_topics_d128_passive_i2000_b20_q50_1 - INFO - finish step #3 for 2.6672842502593994 sec
2020-03-20 17:10:36,150 - exp_torch_topics_d128_passive_i2000_b20_q50_1 - INFO - current val_accuracy: 0.4336423841059603
2020-03-20 17:10:36,150 - exp_torch_topics_d128_passive_i2000_b20_q50_1 - INFO - start step #4
2020-03-20 17:10:36,151 - exp_torch_topics_d128_passive_i2000_b20_q50_1 - INFO - query idx: [10703   356  8114  9660 15573 12188  9230 11036  4464  9913 13699  3560
  2028 14867 17013 16137   966  9143  2073  4162]
2020-03-20 17:10:38,727 - exp_torch_topics_d128_passive_i2000_b20_q50_1 - INFO - finish step #4 for 2.5766687393188477 sec
2020-03-20 17:10:38,727 - exp_torch_topics_d128_passive_i2000_b20_q50_1 - INFO - current val_accuracy: 0.4354083885209713
2020-03-20 17:10:38,728 - exp_torch_topics_d128_passive_i2000_b20_q50_1 - INFO - start step #5
2020-03-20 17:10:38,728 - exp_torch_topics_d128_passive_i2000_b20_q50_1 - INFO - query idx: [ 4092  5974 10460   506 15854 11969 18502 19196   952 12301  4999  7498
  1702  2520  4205  4361  4112  5915  3141  5388]
2020-03-20 17:10:41,439 - exp_torch_topics_d128_passive_i2000_b20_q50_1 - INFO - finish step #5 for 2.710833787918091 sec
2020-03-20 17:10:41,439 - exp_torch_topics_d128_passive_i2000_b20_q50_1 - INFO - current val_accuracy: 0.4404709345106696
2020-03-20 17:10:41,439 - exp_torch_topics_d128_passive_i2000_b20_q50_1 - INFO - start step #6
2020-03-20 17:10:41,440 - exp_torch_topics_d128_passive_i2000_b20_q50_1 - INFO - query idx: [ 3422  3895 15780 16873  4418 10586  4218   133 11379   743   794  5310
   377 15767  5387 19218 17622 16117 14952 15386]
2020-03-20 17:10:44,158 - exp_torch_topics_d128_passive_i2000_b20_q50_1 - INFO - finish step #6 for 2.7183260917663574 sec
2020-03-20 17:10:44,158 - exp_torch_topics_d128_passive_i2000_b20_q50_1 - INFO - current val_accuracy: 0.45398086828550405
2020-03-20 17:10:44,158 - exp_torch_topics_d128_passive_i2000_b20_q50_1 - INFO - start step #7
2020-03-20 17:10:44,159 - exp_torch_topics_d128_passive_i2000_b20_q50_1 - INFO - query idx: [ 5517  7546  9617  5007  1699  7716 10734 18393 17885 15967  6380 18293
 19641  8817  9232 17563 13656  5355  5408 19410]
2020-03-20 17:10:46,614 - exp_torch_topics_d128_passive_i2000_b20_q50_1 - INFO - finish step #7 for 2.455451011657715 sec
2020-03-20 17:10:46,614 - exp_torch_topics_d128_passive_i2000_b20_q50_1 - INFO - current val_accuracy: 0.4526563649742458
2020-03-20 17:10:46,614 - exp_torch_topics_d128_passive_i2000_b20_q50_1 - INFO - start step #8
2020-03-20 17:10:46,615 - exp_torch_topics_d128_passive_i2000_b20_q50_1 - INFO - query idx: [ 5262 18508 15897  9047 16604  8722 14231  4980 15128 12589 10242 14741
  9034  6396  2716 18059 17789 15330  4255 10430]
2020-03-20 17:10:48,722 - exp_torch_topics_d128_passive_i2000_b20_q50_1 - INFO - finish step #8 for 2.107809066772461 sec
2020-03-20 17:10:48,722 - exp_torch_topics_d128_passive_i2000_b20_q50_1 - INFO - current val_accuracy: 0.45253863134657835
2020-03-20 17:10:48,722 - exp_torch_topics_d128_passive_i2000_b20_q50_1 - INFO - start step #9
2020-03-20 17:10:48,723 - exp_torch_topics_d128_passive_i2000_b20_q50_1 - INFO - query idx: [ 8011 15527  9931 11184 17259 16002 13405 13651  6720 13676  1689 19705
 12529 14597 17323  9491  8380   975  8057 14612]
2020-03-20 17:10:50,916 - exp_torch_topics_d128_passive_i2000_b20_q50_1 - INFO - finish step #9 for 2.1930971145629883 sec
2020-03-20 17:10:50,916 - exp_torch_topics_d128_passive_i2000_b20_q50_1 - INFO - current val_accuracy: 0.46072111846946284
2020-03-20 17:10:50,916 - exp_torch_topics_d128_passive_i2000_b20_q50_1 - INFO - start step #10
2020-03-20 17:10:50,916 - exp_torch_topics_d128_passive_i2000_b20_q50_1 - INFO - query idx: [ 2217  1036  8178  1147  6328  1755 18636 10402  7911 13446 12245 12318
  6002 10869  8973 10565 13270  9975 15836 11708]
2020-03-20 17:10:53,453 - exp_torch_topics_d128_passive_i2000_b20_q50_1 - INFO - finish step #10 for 2.5371592044830322 sec
2020-03-20 17:10:53,453 - exp_torch_topics_d128_passive_i2000_b20_q50_1 - INFO - current val_accuracy: 0.46478292862398823
2020-03-20 17:10:53,453 - exp_torch_topics_d128_passive_i2000_b20_q50_1 - INFO - start step #11
2020-03-20 17:10:53,454 - exp_torch_topics_d128_passive_i2000_b20_q50_1 - INFO - query idx: [ 1881 14395  4759 13502  9968  3696  4335 16360  7187 18079  4930 12732
  9253  1278  8295 15584 15165  1669 11791 19697]
2020-03-20 17:10:55,637 - exp_torch_topics_d128_passive_i2000_b20_q50_1 - INFO - finish step #11 for 2.1835861206054688 sec
2020-03-20 17:10:55,637 - exp_torch_topics_d128_passive_i2000_b20_q50_1 - INFO - current val_accuracy: 0.46345842531272996
2020-03-20 17:10:55,637 - exp_torch_topics_d128_passive_i2000_b20_q50_1 - INFO - start step #12
2020-03-20 17:10:55,638 - exp_torch_topics_d128_passive_i2000_b20_q50_1 - INFO - query idx: [10952 14787 18239  7995 12754 13934  5649 13462  8806 12033 17234  6531
  6915 15168  5109 10054 11272 19014  8012 11852]
2020-03-20 17:10:57,697 - exp_torch_topics_d128_passive_i2000_b20_q50_1 - INFO - finish step #12 for 2.059051990509033 sec
2020-03-20 17:10:57,697 - exp_torch_topics_d128_passive_i2000_b20_q50_1 - INFO - current val_accuracy: 0.4643708609271523
2020-03-20 17:10:57,697 - exp_torch_topics_d128_passive_i2000_b20_q50_1 - INFO - start step #13
2020-03-20 17:10:57,697 - exp_torch_topics_d128_passive_i2000_b20_q50_1 - INFO - query idx: [13547 15111  7944  3151 19600 12383 14013  3046  5002  4932  8999 19154
  2985  6638 11284 16665 12188  8983  5982  6970]
2020-03-20 17:11:00,001 - exp_torch_topics_d128_passive_i2000_b20_q50_1 - INFO - finish step #13 for 2.3043978214263916 sec
2020-03-20 17:11:00,002 - exp_torch_topics_d128_passive_i2000_b20_q50_1 - INFO - current val_accuracy: 0.46416482707873435
2020-03-20 17:11:00,002 - exp_torch_topics_d128_passive_i2000_b20_q50_1 - INFO - start step #14
2020-03-20 17:11:00,002 - exp_torch_topics_d128_passive_i2000_b20_q50_1 - INFO - query idx: [ 1094  7463 12521  7961 17637 15067 12805 14692  4949 16240 14710  8407
  6344 18092 10553  1982 11094   708  3477 16508]
2020-03-20 17:11:02,839 - exp_torch_topics_d128_passive_i2000_b20_q50_1 - INFO - finish step #14 for 2.8365519046783447 sec
2020-03-20 17:11:02,839 - exp_torch_topics_d128_passive_i2000_b20_q50_1 - INFO - current val_accuracy: 0.4664311994113319
2020-03-20 17:11:02,839 - exp_torch_topics_d128_passive_i2000_b20_q50_1 - INFO - start step #15
2020-03-20 17:11:02,839 - exp_torch_topics_d128_passive_i2000_b20_q50_1 - INFO - query idx: [ 1034 10867 13680   657 13697  1620  5399 14195  3235  9999  5931 17385
 11680  2384  9819 18274 14330 18261  7717 16802]
2020-03-20 17:11:05,453 - exp_torch_topics_d128_passive_i2000_b20_q50_1 - INFO - finish step #15 for 2.6143248081207275 sec
2020-03-20 17:11:05,454 - exp_torch_topics_d128_passive_i2000_b20_q50_1 - INFO - current val_accuracy: 0.46387049300956584
2020-03-20 17:11:05,454 - exp_torch_topics_d128_passive_i2000_b20_q50_1 - INFO - start step #16
2020-03-20 17:11:05,454 - exp_torch_topics_d128_passive_i2000_b20_q50_1 - INFO - query idx: [16731 16380  8997 10197  9998 16252  9344 15442  8580  3572  9601 15969
  4165  1763 18513  9422 14816 17224 17078  1831]
2020-03-20 17:11:08,304 - exp_torch_topics_d128_passive_i2000_b20_q50_1 - INFO - finish step #16 for 2.8500990867614746 sec
2020-03-20 17:11:08,304 - exp_torch_topics_d128_passive_i2000_b20_q50_1 - INFO - current val_accuracy: 0.46654893303899925
2020-03-20 17:11:08,304 - exp_torch_topics_d128_passive_i2000_b20_q50_1 - INFO - start step #17
2020-03-20 17:11:08,305 - exp_torch_topics_d128_passive_i2000_b20_q50_1 - INFO - query idx: [13243  8075 18155   631  5465  2143  8659  5848  6331  1124  7865 10345
 17400  8062  1949  3390 11894 10879 11983 12761]
2020-03-20 17:11:10,956 - exp_torch_topics_d128_passive_i2000_b20_q50_1 - INFO - finish step #17 for 2.651962995529175 sec
2020-03-20 17:11:10,957 - exp_torch_topics_d128_passive_i2000_b20_q50_1 - INFO - current val_accuracy: 0.4666666666666667
2020-03-20 17:11:10,957 - exp_torch_topics_d128_passive_i2000_b20_q50_1 - INFO - start step #18
2020-03-20 17:11:10,958 - exp_torch_topics_d128_passive_i2000_b20_q50_1 - INFO - query idx: [13329  6208  7637  8111  8177  5529  3768  3034  9011  9422 18404 11447
 17517  7059 11070 17028  2771  7568 17842 11352]
2020-03-20 17:11:13,675 - exp_torch_topics_d128_passive_i2000_b20_q50_1 - INFO - finish step #18 for 2.717479944229126 sec
2020-03-20 17:11:13,675 - exp_torch_topics_d128_passive_i2000_b20_q50_1 - INFO - current val_accuracy: 0.46996320824135396
2020-03-20 17:11:13,675 - exp_torch_topics_d128_passive_i2000_b20_q50_1 - INFO - start step #19
2020-03-20 17:11:13,676 - exp_torch_topics_d128_passive_i2000_b20_q50_1 - INFO - query idx: [11162 10506 17725 12525  1776  4534 16799 13446 13030  2559 18108 15119
 16090 17143 13884 19462  4725 14529 14622 17951]
2020-03-20 17:11:15,902 - exp_torch_topics_d128_passive_i2000_b20_q50_1 - INFO - finish step #19 for 2.2271549701690674 sec
2020-03-20 17:11:15,903 - exp_torch_topics_d128_passive_i2000_b20_q50_1 - INFO - current val_accuracy: 0.4694922737306843
2020-03-20 17:11:15,903 - exp_torch_topics_d128_passive_i2000_b20_q50_1 - INFO - start step #20
2020-03-20 17:11:15,903 - exp_torch_topics_d128_passive_i2000_b20_q50_1 - INFO - query idx: [ 7887  4954  9715 14795 12383 17497  1616 17668   900  6896 17826  7305
  9230 11885  1587 18528 15361 18241 13566 18206]
2020-03-20 17:11:18,093 - exp_torch_topics_d128_passive_i2000_b20_q50_1 - INFO - finish step #20 for 2.1896440982818604 sec
2020-03-20 17:11:18,093 - exp_torch_topics_d128_passive_i2000_b20_q50_1 - INFO - current val_accuracy: 0.468962472406181
2020-03-20 17:11:18,093 - exp_torch_topics_d128_passive_i2000_b20_q50_1 - INFO - start step #21
2020-03-20 17:11:18,093 - exp_torch_topics_d128_passive_i2000_b20_q50_1 - INFO - query idx: [ 8561  3597 18610 14687   236 18492 12397  5538  8778 17725  9993 18571
  8435  1990  1932  7305  1173  3034  3486  2783]
2020-03-20 17:11:20,247 - exp_torch_topics_d128_passive_i2000_b20_q50_1 - INFO - finish step #21 for 2.154372215270996 sec
2020-03-20 17:11:20,248 - exp_torch_topics_d128_passive_i2000_b20_q50_1 - INFO - current val_accuracy: 0.468962472406181
2020-03-20 17:11:20,248 - exp_torch_topics_d128_passive_i2000_b20_q50_1 - INFO - start step #22
2020-03-20 17:11:20,248 - exp_torch_topics_d128_passive_i2000_b20_q50_1 - INFO - query idx: [16395 12150 12635  2045 13304  3342 10103  9817 14170  5651  1040 10798
 10787  2469 15272 15128 18696 12923   443 11100]
2020-03-20 17:11:22,435 - exp_torch_topics_d128_passive_i2000_b20_q50_1 - INFO - finish step #22 for 2.187474012374878 sec
2020-03-20 17:11:22,436 - exp_torch_topics_d128_passive_i2000_b20_q50_1 - INFO - current val_accuracy: 0.47205298013245034
2020-03-20 17:11:22,436 - exp_torch_topics_d128_passive_i2000_b20_q50_1 - INFO - start step #23
2020-03-20 17:11:22,436 - exp_torch_topics_d128_passive_i2000_b20_q50_1 - INFO - query idx: [18037  2340 10809 17071  9506 17881   810  8309  9502 11604  4599   295
   303 16648  8264 18698  2073 11718 13008  3287]
2020-03-20 17:11:24,563 - exp_torch_topics_d128_passive_i2000_b20_q50_1 - INFO - finish step #23 for 2.1268789768218994 sec
2020-03-20 17:11:24,563 - exp_torch_topics_d128_passive_i2000_b20_q50_1 - INFO - current val_accuracy: 0.47167034584253126
2020-03-20 17:11:24,563 - exp_torch_topics_d128_passive_i2000_b20_q50_1 - INFO - start step #24
2020-03-20 17:11:24,564 - exp_torch_topics_d128_passive_i2000_b20_q50_1 - INFO - query idx: [ 6448 18543  1632  9663 16197 13252  3332 17968  3383 16630  9502   659
  9033 13549  5516  4653  1094 10504 10316   928]
2020-03-20 17:11:26,797 - exp_torch_topics_d128_passive_i2000_b20_q50_1 - INFO - finish step #24 for 2.233991861343384 sec
2020-03-20 17:11:26,798 - exp_torch_topics_d128_passive_i2000_b20_q50_1 - INFO - current val_accuracy: 0.47243561442236937
2020-03-20 17:11:26,798 - exp_torch_topics_d128_passive_i2000_b20_q50_1 - INFO - start step #25
2020-03-20 17:11:26,798 - exp_torch_topics_d128_passive_i2000_b20_q50_1 - INFO - query idx: [18126 12344  1172 12561  2665 12186 13982  3793 14831  1773   317 17634
  6683 12295  4760 16820  7597 12970  3911 17560]
2020-03-20 17:11:28,912 - exp_torch_topics_d128_passive_i2000_b20_q50_1 - INFO - finish step #25 for 2.114208936691284 sec
2020-03-20 17:11:28,912 - exp_torch_topics_d128_passive_i2000_b20_q50_1 - INFO - current val_accuracy: 0.47105224429727743
2020-03-20 17:11:28,912 - exp_torch_topics_d128_passive_i2000_b20_q50_1 - INFO - start step #26
2020-03-20 17:11:28,913 - exp_torch_topics_d128_passive_i2000_b20_q50_1 - INFO - query idx: [16222 14384 15584  9811 10640 16305  5875 16312 17862  3798 16554 19128
 18209 12348 12648 18535  1105  4076 13689   783]
2020-03-20 17:11:30,996 - exp_torch_topics_d128_passive_i2000_b20_q50_1 - INFO - finish step #26 for 2.08304500579834 sec
2020-03-20 17:11:30,996 - exp_torch_topics_d128_passive_i2000_b20_q50_1 - INFO - current val_accuracy: 0.47037527593818984
2020-03-20 17:11:30,996 - exp_torch_topics_d128_passive_i2000_b20_q50_1 - INFO - start step #27
2020-03-20 17:11:30,996 - exp_torch_topics_d128_passive_i2000_b20_q50_1 - INFO - query idx: [10594 16511  5966   629  1599 17410   381  5410  5571 10912 11306  3898
  6878 16889  1500  8041  9928  7894 14544 19195]
2020-03-20 17:11:33,116 - exp_torch_topics_d128_passive_i2000_b20_q50_1 - INFO - finish step #27 for 2.120067834854126 sec
2020-03-20 17:11:33,116 - exp_torch_topics_d128_passive_i2000_b20_q50_1 - INFO - current val_accuracy: 0.47352465047829284
2020-03-20 17:11:33,116 - exp_torch_topics_d128_passive_i2000_b20_q50_1 - INFO - start step #28
2020-03-20 17:11:33,117 - exp_torch_topics_d128_passive_i2000_b20_q50_1 - INFO - query idx: [18671 13678 11642 14598 11646  8396  6691  6205  9003 14834 16485  3749
  4753  5671  1832  3613   874  7705 16514 13117]
2020-03-20 17:11:35,221 - exp_torch_topics_d128_passive_i2000_b20_q50_1 - INFO - finish step #28 for 2.1044318675994873 sec
2020-03-20 17:11:35,221 - exp_torch_topics_d128_passive_i2000_b20_q50_1 - INFO - current val_accuracy: 0.47013980868285504
2020-03-20 17:11:35,221 - exp_torch_topics_d128_passive_i2000_b20_q50_1 - INFO - start step #29
2020-03-20 17:11:35,222 - exp_torch_topics_d128_passive_i2000_b20_q50_1 - INFO - query idx: [ 5621  3835 10744  6648 17774  3961  8909 15261  9060  5614 10649 18982
  4355  1980 17275  5364 17048  7078 10565 13774]
2020-03-20 17:11:37,416 - exp_torch_topics_d128_passive_i2000_b20_q50_1 - INFO - finish step #29 for 2.1940689086914062 sec
2020-03-20 17:11:37,416 - exp_torch_topics_d128_passive_i2000_b20_q50_1 - INFO - current val_accuracy: 0.45468727005150844
2020-03-20 17:11:37,416 - exp_torch_topics_d128_passive_i2000_b20_q50_1 - INFO - start step #30
2020-03-20 17:11:37,416 - exp_torch_topics_d128_passive_i2000_b20_q50_1 - INFO - query idx: [ 7704  1506  6507 10627 16880   212 17683 10349 10426 15168  8193  6180
   624 17106  4651 10214  6978  2476 15566  5402]
2020-03-20 17:11:39,594 - exp_torch_topics_d128_passive_i2000_b20_q50_1 - INFO - finish step #30 for 2.178025007247925 sec
2020-03-20 17:11:39,594 - exp_torch_topics_d128_passive_i2000_b20_q50_1 - INFO - current val_accuracy: 0.4611626195732156
2020-03-20 17:11:39,594 - exp_torch_topics_d128_passive_i2000_b20_q50_1 - INFO - start step #31
2020-03-20 17:11:39,595 - exp_torch_topics_d128_passive_i2000_b20_q50_1 - INFO - query idx: [19198 12586 19249 13921  4567 19116  8559   590 15943  9577  2374  2804
 14086  4593  3434  5202 16752 17111   703  9115]
2020-03-20 17:11:41,828 - exp_torch_topics_d128_passive_i2000_b20_q50_1 - INFO - finish step #31 for 2.2337968349456787 sec
2020-03-20 17:11:41,829 - exp_torch_topics_d128_passive_i2000_b20_q50_1 - INFO - current val_accuracy: 0.464429727740986
2020-03-20 17:11:41,829 - exp_torch_topics_d128_passive_i2000_b20_q50_1 - INFO - start step #32
2020-03-20 17:11:41,829 - exp_torch_topics_d128_passive_i2000_b20_q50_1 - INFO - query idx: [  533 12586  2490 15095  2686  5331 16506  5672 15398 15151 10233 18117
 14871  6898  5096 18861 16970 15540  9438 18204]
2020-03-20 17:11:44,100 - exp_torch_topics_d128_passive_i2000_b20_q50_1 - INFO - finish step #32 for 2.2713778018951416 sec
2020-03-20 17:11:44,100 - exp_torch_topics_d128_passive_i2000_b20_q50_1 - INFO - current val_accuracy: 0.46531272994849154
2020-03-20 17:11:44,101 - exp_torch_topics_d128_passive_i2000_b20_q50_1 - INFO - start step #33
2020-03-20 17:11:44,101 - exp_torch_topics_d128_passive_i2000_b20_q50_1 - INFO - query idx: [16934 16919 16844 18988  9385   524 17822  7724 14611 10971 17349  6585
  6138  6683 15529 18966  1410 14722 12556   883]
2020-03-20 17:11:46,181 - exp_torch_topics_d128_passive_i2000_b20_q50_1 - INFO - finish step #33 for 2.080699920654297 sec
2020-03-20 17:11:46,182 - exp_torch_topics_d128_passive_i2000_b20_q50_1 - INFO - current val_accuracy: 0.4730831493745401
2020-03-20 17:11:46,182 - exp_torch_topics_d128_passive_i2000_b20_q50_1 - INFO - start step #34
2020-03-20 17:11:46,182 - exp_torch_topics_d128_passive_i2000_b20_q50_1 - INFO - query idx: [ 7241 14492  8797  7525 17176 13156  6224  1307  8053 17988  6640  8890
  5760  1325 18172   453  3036 14140 14088  2976]
2020-03-20 17:11:48,455 - exp_torch_topics_d128_passive_i2000_b20_q50_1 - INFO - finish step #34 for 2.27361798286438 sec
2020-03-20 17:11:48,456 - exp_torch_topics_d128_passive_i2000_b20_q50_1 - INFO - current val_accuracy: 0.472906548933039
2020-03-20 17:11:48,456 - exp_torch_topics_d128_passive_i2000_b20_q50_1 - INFO - start step #35
2020-03-20 17:11:48,456 - exp_torch_topics_d128_passive_i2000_b20_q50_1 - INFO - query idx: [18417  5293 17122   338  1516  6359  1597 15248 14382  4401 10749 14689
 16147  9899  6072  2182 18762 16237  3228  3221]
2020-03-20 17:11:50,574 - exp_torch_topics_d128_passive_i2000_b20_q50_1 - INFO - finish step #35 for 2.1176459789276123 sec
2020-03-20 17:11:50,574 - exp_torch_topics_d128_passive_i2000_b20_q50_1 - INFO - current val_accuracy: 0.4747019867549669
2020-03-20 17:11:50,574 - exp_torch_topics_d128_passive_i2000_b20_q50_1 - INFO - start step #36
2020-03-20 17:11:50,574 - exp_torch_topics_d128_passive_i2000_b20_q50_1 - INFO - query idx: [18566 14591 17141  9832 14211 12916  2733  6205   375  2995  5119  6574
 18001   703  9113  8253 12936 17261 15939  7584]
2020-03-20 17:11:52,758 - exp_torch_topics_d128_passive_i2000_b20_q50_1 - INFO - finish step #36 for 2.183523178100586 sec
2020-03-20 17:11:52,758 - exp_torch_topics_d128_passive_i2000_b20_q50_1 - INFO - current val_accuracy: 0.47938189845474616
2020-03-20 17:11:52,758 - exp_torch_topics_d128_passive_i2000_b20_q50_1 - INFO - start step #37
2020-03-20 17:11:52,758 - exp_torch_topics_d128_passive_i2000_b20_q50_1 - INFO - query idx: [16562 16055  4586   418   566 18338  6079 17902 19189 18652  2465    40
 10865  4254  6978 14381 16466 17849  4677 13160]
2020-03-20 17:11:55,318 - exp_torch_topics_d128_passive_i2000_b20_q50_1 - INFO - finish step #37 for 2.5598907470703125 sec
2020-03-20 17:11:55,318 - exp_torch_topics_d128_passive_i2000_b20_q50_1 - INFO - current val_accuracy: 0.47855776306107434
2020-03-20 17:11:55,318 - exp_torch_topics_d128_passive_i2000_b20_q50_1 - INFO - start step #38
2020-03-20 17:11:55,319 - exp_torch_topics_d128_passive_i2000_b20_q50_1 - INFO - query idx: [ 6714  8582 11402 12434  2533  3709  3106 11445  9470 18905   489 18495
 16607 10626 13078 12124 17511  1274   373 17056]
2020-03-20 17:11:57,769 - exp_torch_topics_d128_passive_i2000_b20_q50_1 - INFO - finish step #38 for 2.4505550861358643 sec
2020-03-20 17:11:57,769 - exp_torch_topics_d128_passive_i2000_b20_q50_1 - INFO - current val_accuracy: 0.4777336276674025
2020-03-20 17:11:57,769 - exp_torch_topics_d128_passive_i2000_b20_q50_1 - INFO - start step #39
2020-03-20 17:11:57,770 - exp_torch_topics_d128_passive_i2000_b20_q50_1 - INFO - query idx: [ 5608  4916 12949  7029  2237  9606  7049 13205  6898 14209   908  1158
  7134 18996 15025 15801 16439 15441 18941  9443]
2020-03-20 17:11:59,888 - exp_torch_topics_d128_passive_i2000_b20_q50_1 - INFO - finish step #39 for 2.1187021732330322 sec
2020-03-20 17:11:59,888 - exp_torch_topics_d128_passive_i2000_b20_q50_1 - INFO - current val_accuracy: 0.47932303164091244
2020-03-20 17:11:59,888 - exp_torch_topics_d128_passive_i2000_b20_q50_1 - INFO - start step #40
2020-03-20 17:11:59,889 - exp_torch_topics_d128_passive_i2000_b20_q50_1 - INFO - query idx: [15317  5403  7902  2788  2782  9153  4056   255  9639 15077 16209 18755
 15634  8848 14231 14730 18205 17105 15167  2587]
2020-03-20 17:12:01,999 - exp_torch_topics_d128_passive_i2000_b20_q50_1 - INFO - finish step #40 for 2.1102700233459473 sec
2020-03-20 17:12:01,999 - exp_torch_topics_d128_passive_i2000_b20_q50_1 - INFO - current val_accuracy: 0.47961736571008096
2020-03-20 17:12:01,999 - exp_torch_topics_d128_passive_i2000_b20_q50_1 - INFO - start step #41
2020-03-20 17:12:02,000 - exp_torch_topics_d128_passive_i2000_b20_q50_1 - INFO - query idx: [ 5275  8573  3365 17169  5839 19171  4229  7400 15252 18573  5047  1382
  4339  4142  2838   411 11058 17651  6215  2390]
2020-03-20 17:12:04,115 - exp_torch_topics_d128_passive_i2000_b20_q50_1 - INFO - finish step #41 for 2.1155970096588135 sec
2020-03-20 17:12:04,115 - exp_torch_topics_d128_passive_i2000_b20_q50_1 - INFO - current val_accuracy: 0.4795290654893304
2020-03-20 17:12:04,115 - exp_torch_topics_d128_passive_i2000_b20_q50_1 - INFO - start step #42
2020-03-20 17:12:04,116 - exp_torch_topics_d128_passive_i2000_b20_q50_1 - INFO - query idx: [14793 14399 14711 18961 13925 17944 15982  6940 16797    48 15229 18585
  6361  5725 17099 13750  6300  2531  8498 14998]
2020-03-20 17:12:06,150 - exp_torch_topics_d128_passive_i2000_b20_q50_1 - INFO - finish step #42 for 2.0343639850616455 sec
2020-03-20 17:12:06,151 - exp_torch_topics_d128_passive_i2000_b20_q50_1 - INFO - current val_accuracy: 0.48170713760117734
2020-03-20 17:12:06,151 - exp_torch_topics_d128_passive_i2000_b20_q50_1 - INFO - start step #43
2020-03-20 17:12:06,151 - exp_torch_topics_d128_passive_i2000_b20_q50_1 - INFO - query idx: [14543  7547  9839  1071  1324 10279 17611  6938  9885   982 18370 19024
 13156  8064  5837  5396 15254  8605 16848  3335]
2020-03-20 17:12:08,310 - exp_torch_topics_d128_passive_i2000_b20_q50_1 - INFO - finish step #43 for 2.1590230464935303 sec
2020-03-20 17:12:08,310 - exp_torch_topics_d128_passive_i2000_b20_q50_1 - INFO - current val_accuracy: 0.4793524650478293
2020-03-20 17:12:08,310 - exp_torch_topics_d128_passive_i2000_b20_q50_1 - INFO - start step #44
2020-03-20 17:12:08,311 - exp_torch_topics_d128_passive_i2000_b20_q50_1 - INFO - query idx: [  948  3694  8077  5342 10820 18629 15839 12826 14692 17324  4021  9355
 16571 17338 13413  3503   864 18325  4053  1688]
2020-03-20 17:12:10,367 - exp_torch_topics_d128_passive_i2000_b20_q50_1 - INFO - finish step #44 for 2.0559868812561035 sec
2020-03-20 17:12:10,367 - exp_torch_topics_d128_passive_i2000_b20_q50_1 - INFO - current val_accuracy: 0.48182487122884476
2020-03-20 17:12:10,367 - exp_torch_topics_d128_passive_i2000_b20_q50_1 - INFO - start step #45
2020-03-20 17:12:10,367 - exp_torch_topics_d128_passive_i2000_b20_q50_1 - INFO - query idx: [13316  5992  8528 14005  4143  9485 11815  4086 12507 12757  9403 15129
 19061  7550 18633  1466 10832 18899  3080  9203]
2020-03-20 17:12:12,475 - exp_torch_topics_d128_passive_i2000_b20_q50_1 - INFO - finish step #45 for 2.1075539588928223 sec
2020-03-20 17:12:12,475 - exp_torch_topics_d128_passive_i2000_b20_q50_1 - INFO - current val_accuracy: 0.47879323031640914
2020-03-20 17:12:12,475 - exp_torch_topics_d128_passive_i2000_b20_q50_1 - INFO - start step #46
2020-03-20 17:12:12,475 - exp_torch_topics_d128_passive_i2000_b20_q50_1 - INFO - query idx: [11667  8581 11986  1540 12577 16146 11420  5839 10433  4346 10855 10306
  4530  2667 15227  8638  6610  9873  4630  6173]
2020-03-20 17:12:14,560 - exp_torch_topics_d128_passive_i2000_b20_q50_1 - INFO - finish step #46 for 2.08546781539917 sec
2020-03-20 17:12:14,561 - exp_torch_topics_d128_passive_i2000_b20_q50_1 - INFO - current val_accuracy: 0.4789698307579102
2020-03-20 17:12:14,561 - exp_torch_topics_d128_passive_i2000_b20_q50_1 - INFO - start step #47
2020-03-20 17:12:14,561 - exp_torch_topics_d128_passive_i2000_b20_q50_1 - INFO - query idx: [10779 12989  7086  4051  2073 18513 11019  8440  7665 14823  7290 14384
   590  5254 14659  8381 15035 17014  7890  8562]
2020-03-20 17:12:16,821 - exp_torch_topics_d128_passive_i2000_b20_q50_1 - INFO - finish step #47 for 2.2603561878204346 sec
2020-03-20 17:12:16,821 - exp_torch_topics_d128_passive_i2000_b20_q50_1 - INFO - current val_accuracy: 0.48117733627667403
2020-03-20 17:12:16,822 - exp_torch_topics_d128_passive_i2000_b20_q50_1 - INFO - start step #48
2020-03-20 17:12:16,822 - exp_torch_topics_d128_passive_i2000_b20_q50_1 - INFO - query idx: [ 2258  5780  5660 11746 14938 17390 13215  9734  7890  5986 12553  5208
  7009 18206 10451 10916  4794  9238 15504 15640]
2020-03-20 17:12:18,986 - exp_torch_topics_d128_passive_i2000_b20_q50_1 - INFO - finish step #48 for 2.164687156677246 sec
2020-03-20 17:12:18,987 - exp_torch_topics_d128_passive_i2000_b20_q50_1 - INFO - current val_accuracy: 0.48362030905077263
2020-03-20 17:12:18,988 - exp_torch_topics_d128_passive_i2000_b20_q50_1 - INFO - start step #49
2020-03-20 17:12:18,988 - exp_torch_topics_d128_passive_i2000_b20_q50_1 - INFO - query idx: [17530 10276 16687 18310 17683 17554  5798  2658 16287  2780  1428 13743
  4090  8062 17024  6188 17503  3159 17829 17438]
2020-03-20 17:12:21,141 - exp_torch_topics_d128_passive_i2000_b20_q50_1 - INFO - finish step #49 for 2.1530230045318604 sec
2020-03-20 17:12:21,141 - exp_torch_topics_d128_passive_i2000_b20_q50_1 - INFO - current val_accuracy: 0.48259013980868287
2020-03-20 17:12:21,141 - exp_torch_topics_d128_passive_i2000_b20_q50_1 - INFO - finish experiment process for 124.3040828704834 sec
