2020-03-13 03:23:23,646 - exp_topics_entropy_top_5_i2000_b20_2 - INFO - start experiment process
2020-03-13 03:23:27,344 - exp_topics_entropy_top_5_i2000_b20_2 - INFO - initial val_accuracy: 0.48179543
2020-03-13 03:23:27,348 - exp_topics_entropy_top_5_i2000_b20_2 - INFO - start step #0
2020-03-13 03:23:34,257 - exp_topics_entropy_top_5_i2000_b20_2 - INFO - finish step #0 for 6.907598972320557 sec
2020-03-13 03:23:34,267 - exp_topics_entropy_top_5_i2000_b20_2 - INFO - current val_accuracy: 0.4938337
2020-03-13 03:23:34,268 - exp_topics_entropy_top_5_i2000_b20_2 - INFO - start step #1
2020-03-13 03:23:40,270 - exp_topics_entropy_top_5_i2000_b20_2 - INFO - finish step #1 for 6.0013110637664795 sec
2020-03-13 03:23:40,271 - exp_topics_entropy_top_5_i2000_b20_2 - INFO - current val_accuracy: 0.49403974
2020-03-13 03:23:40,271 - exp_topics_entropy_top_5_i2000_b20_2 - INFO - start step #2
2020-03-13 03:23:47,713 - exp_topics_entropy_top_5_i2000_b20_2 - INFO - finish step #2 for 7.4405741691589355 sec
2020-03-13 03:23:47,717 - exp_topics_entropy_top_5_i2000_b20_2 - INFO - current val_accuracy: 0.49336275
2020-03-13 03:23:47,724 - exp_topics_entropy_top_5_i2000_b20_2 - INFO - start step #3
2020-03-13 03:23:58,753 - exp_topics_entropy_top_5_i2000_b20_2 - INFO - finish step #3 for 11.028153896331787 sec
2020-03-13 03:23:58,759 - exp_topics_entropy_top_5_i2000_b20_2 - INFO - current val_accuracy: 0.49598235
2020-03-13 03:23:58,760 - exp_topics_entropy_top_5_i2000_b20_2 - INFO - start step #4
2020-03-13 03:24:04,208 - exp_topics_entropy_top_5_i2000_b20_2 - INFO - finish step #4 for 5.448026895523071 sec
2020-03-13 03:24:04,209 - exp_topics_entropy_top_5_i2000_b20_2 - INFO - current val_accuracy: 0.49103752
2020-03-13 03:24:04,210 - exp_topics_entropy_top_5_i2000_b20_2 - INFO - start step #5
2020-03-13 03:24:11,653 - exp_topics_entropy_top_5_i2000_b20_2 - INFO - finish step #5 for 7.443296909332275 sec
2020-03-13 03:24:11,656 - exp_topics_entropy_top_5_i2000_b20_2 - INFO - current val_accuracy: 0.49565858
2020-03-13 03:24:11,656 - exp_topics_entropy_top_5_i2000_b20_2 - INFO - start step #6
2020-03-13 03:24:17,911 - exp_topics_entropy_top_5_i2000_b20_2 - INFO - finish step #6 for 6.253907918930054 sec
2020-03-13 03:24:17,914 - exp_topics_entropy_top_5_i2000_b20_2 - INFO - current val_accuracy: 0.496571
2020-03-13 03:24:17,915 - exp_topics_entropy_top_5_i2000_b20_2 - INFO - start step #7
2020-03-13 03:24:24,135 - exp_topics_entropy_top_5_i2000_b20_2 - INFO - finish step #7 for 6.219653129577637 sec
2020-03-13 03:24:24,138 - exp_topics_entropy_top_5_i2000_b20_2 - INFO - current val_accuracy: 0.4952465
2020-03-13 03:24:24,138 - exp_topics_entropy_top_5_i2000_b20_2 - INFO - start step #8
2020-03-13 03:24:32,005 - exp_topics_entropy_top_5_i2000_b20_2 - INFO - finish step #8 for 7.865068197250366 sec
2020-03-13 03:24:32,401 - exp_topics_entropy_top_5_i2000_b20_2 - INFO - current val_accuracy: 0.4935688
2020-03-13 03:24:32,402 - exp_topics_entropy_top_5_i2000_b20_2 - INFO - start step #9
2020-03-13 03:24:38,838 - exp_topics_entropy_top_5_i2000_b20_2 - INFO - finish step #9 for 6.434185981750488 sec
2020-03-13 03:24:38,841 - exp_topics_entropy_top_5_i2000_b20_2 - INFO - current val_accuracy: 0.49565858
2020-03-13 03:24:38,842 - exp_topics_entropy_top_5_i2000_b20_2 - INFO - start step #10
2020-03-13 03:24:46,230 - exp_topics_entropy_top_5_i2000_b20_2 - INFO - finish step #10 for 7.387507915496826 sec
2020-03-13 03:24:46,235 - exp_topics_entropy_top_5_i2000_b20_2 - INFO - current val_accuracy: 0.4985136
2020-03-13 03:24:46,235 - exp_topics_entropy_top_5_i2000_b20_2 - INFO - start step #11
2020-03-13 03:24:50,641 - exp_topics_entropy_top_5_i2000_b20_2 - INFO - finish step #11 for 4.405277967453003 sec
2020-03-13 03:24:50,641 - exp_topics_entropy_top_5_i2000_b20_2 - INFO - current val_accuracy: 0.49854305
2020-03-13 03:24:50,641 - exp_topics_entropy_top_5_i2000_b20_2 - INFO - start step #12
2020-03-13 03:24:58,341 - exp_topics_entropy_top_5_i2000_b20_2 - INFO - finish step #12 for 7.6995697021484375 sec
2020-03-13 03:24:58,345 - exp_topics_entropy_top_5_i2000_b20_2 - INFO - current val_accuracy: 0.5038705
2020-03-13 03:24:58,346 - exp_topics_entropy_top_5_i2000_b20_2 - INFO - start step #13
2020-03-13 03:25:05,307 - exp_topics_entropy_top_5_i2000_b20_2 - INFO - finish step #13 for 6.95974588394165 sec
2020-03-13 03:25:05,311 - exp_topics_entropy_top_5_i2000_b20_2 - INFO - current val_accuracy: 0.50025016
2020-03-13 03:25:05,312 - exp_topics_entropy_top_5_i2000_b20_2 - INFO - start step #14
2020-03-13 03:25:11,794 - exp_topics_entropy_top_5_i2000_b20_2 - INFO - finish step #14 for 6.480838060379028 sec
2020-03-13 03:25:11,799 - exp_topics_entropy_top_5_i2000_b20_2 - INFO - current val_accuracy: 0.49721855
2020-03-13 03:25:11,800 - exp_topics_entropy_top_5_i2000_b20_2 - INFO - start step #15
2020-03-13 03:25:19,569 - exp_topics_entropy_top_5_i2000_b20_2 - INFO - finish step #15 for 7.767616033554077 sec
2020-03-13 03:25:19,571 - exp_topics_entropy_top_5_i2000_b20_2 - INFO - current val_accuracy: 0.4945401
2020-03-13 03:25:19,572 - exp_topics_entropy_top_5_i2000_b20_2 - INFO - start step #16
2020-03-13 03:25:25,744 - exp_topics_entropy_top_5_i2000_b20_2 - INFO - finish step #16 for 6.1706318855285645 sec
2020-03-13 03:25:25,749 - exp_topics_entropy_top_5_i2000_b20_2 - INFO - current val_accuracy: 0.5043414
2020-03-13 03:25:25,750 - exp_topics_entropy_top_5_i2000_b20_2 - INFO - start step #17
2020-03-13 03:25:31,985 - exp_topics_entropy_top_5_i2000_b20_2 - INFO - finish step #17 for 6.23398494720459 sec
2020-03-13 03:25:31,989 - exp_topics_entropy_top_5_i2000_b20_2 - INFO - current val_accuracy: 0.49916115
2020-03-13 03:25:31,989 - exp_topics_entropy_top_5_i2000_b20_2 - INFO - start step #18
2020-03-13 03:25:38,567 - exp_topics_entropy_top_5_i2000_b20_2 - INFO - finish step #18 for 6.575973987579346 sec
2020-03-13 03:25:38,572 - exp_topics_entropy_top_5_i2000_b20_2 - INFO - current val_accuracy: 0.49698308
2020-03-13 03:25:38,574 - exp_topics_entropy_top_5_i2000_b20_2 - INFO - start step #19
2020-03-13 03:25:44,844 - exp_topics_entropy_top_5_i2000_b20_2 - INFO - finish step #19 for 6.269874811172485 sec
2020-03-13 03:25:44,955 - exp_topics_entropy_top_5_i2000_b20_2 - INFO - current val_accuracy: 0.50278145
2020-03-13 03:25:44,956 - exp_topics_entropy_top_5_i2000_b20_2 - INFO - start step #20
2020-03-13 03:25:52,244 - exp_topics_entropy_top_5_i2000_b20_2 - INFO - finish step #20 for 7.287379026412964 sec
2020-03-13 03:25:52,246 - exp_topics_entropy_top_5_i2000_b20_2 - INFO - current val_accuracy: 0.5029875
2020-03-13 03:25:52,246 - exp_topics_entropy_top_5_i2000_b20_2 - INFO - start step #21
2020-03-13 03:25:59,191 - exp_topics_entropy_top_5_i2000_b20_2 - INFO - finish step #21 for 6.943825960159302 sec
2020-03-13 03:25:59,195 - exp_topics_entropy_top_5_i2000_b20_2 - INFO - current val_accuracy: 0.5079323
2020-03-13 03:25:59,196 - exp_topics_entropy_top_5_i2000_b20_2 - INFO - start step #22
2020-03-13 03:26:05,715 - exp_topics_entropy_top_5_i2000_b20_2 - INFO - finish step #22 for 6.518178939819336 sec
2020-03-13 03:26:05,716 - exp_topics_entropy_top_5_i2000_b20_2 - INFO - current val_accuracy: 0.50896245
2020-03-13 03:26:05,716 - exp_topics_entropy_top_5_i2000_b20_2 - INFO - start step #23
2020-03-13 03:26:12,821 - exp_topics_entropy_top_5_i2000_b20_2 - INFO - finish step #23 for 7.102949857711792 sec
2020-03-13 03:26:12,825 - exp_topics_entropy_top_5_i2000_b20_2 - INFO - current val_accuracy: 0.50587195
2020-03-13 03:26:12,827 - exp_topics_entropy_top_5_i2000_b20_2 - INFO - start step #24
2020-03-13 03:26:18,795 - exp_topics_entropy_top_5_i2000_b20_2 - INFO - finish step #24 for 5.96471905708313 sec
2020-03-13 03:26:18,801 - exp_topics_entropy_top_5_i2000_b20_2 - INFO - current val_accuracy: 0.5034879
2020-03-13 03:26:18,801 - exp_topics_entropy_top_5_i2000_b20_2 - INFO - start step #25
2020-03-13 03:26:26,282 - exp_topics_entropy_top_5_i2000_b20_2 - INFO - finish step #25 for 7.479129076004028 sec
2020-03-13 03:26:26,287 - exp_topics_entropy_top_5_i2000_b20_2 - INFO - current val_accuracy: 0.5121413
2020-03-13 03:26:26,288 - exp_topics_entropy_top_5_i2000_b20_2 - INFO - start step #26
2020-03-13 03:26:32,274 - exp_topics_entropy_top_5_i2000_b20_2 - INFO - finish step #26 for 5.984247922897339 sec
2020-03-13 03:26:32,283 - exp_topics_entropy_top_5_i2000_b20_2 - INFO - current val_accuracy: 0.5100221
2020-03-13 03:26:32,285 - exp_topics_entropy_top_5_i2000_b20_2 - INFO - start step #27
2020-03-13 03:26:38,583 - exp_topics_entropy_top_5_i2000_b20_2 - INFO - finish step #27 for 6.297576189041138 sec
2020-03-13 03:26:38,584 - exp_topics_entropy_top_5_i2000_b20_2 - INFO - current val_accuracy: 0.5110228
2020-03-13 03:26:38,584 - exp_topics_entropy_top_5_i2000_b20_2 - INFO - start step #28
2020-03-13 03:26:46,255 - exp_topics_entropy_top_5_i2000_b20_2 - INFO - finish step #28 for 7.668254852294922 sec
2020-03-13 03:26:46,257 - exp_topics_entropy_top_5_i2000_b20_2 - INFO - current val_accuracy: 0.50857985
2020-03-13 03:26:46,258 - exp_topics_entropy_top_5_i2000_b20_2 - INFO - start step #29
2020-03-13 03:26:51,861 - exp_topics_entropy_top_5_i2000_b20_2 - INFO - finish step #29 for 5.601718902587891 sec
2020-03-13 03:26:51,867 - exp_topics_entropy_top_5_i2000_b20_2 - INFO - current val_accuracy: 0.51016927
2020-03-13 03:26:51,867 - exp_topics_entropy_top_5_i2000_b20_2 - INFO - finish experiment process for 208.19858193397522 sec
