2020-03-20 12:55:17,064 - exp_torch_topics_d128_entropy_i2000_b20_2 - INFO - start experiment process
2020-03-20 12:55:25,214 - exp_torch_topics_d128_entropy_i2000_b20_2 - INFO - initial val_accuracy: 0.4447093451066961
2020-03-20 12:55:25,214 - exp_torch_topics_d128_entropy_i2000_b20_2 - INFO - start step #0
2020-03-20 12:55:27,612 - exp_torch_topics_d128_entropy_i2000_b20_2 - INFO - query idx: [12377  1663 12905  3458 16274 11920  7541  5628 15603  9465 16685  5485
  7021 17977 18789  1304 14275  3697 16119 15144]
2020-03-20 12:55:31,380 - exp_torch_topics_d128_entropy_i2000_b20_2 - INFO - finish step #0 for 6.165470123291016 sec
2020-03-20 12:55:31,380 - exp_torch_topics_d128_entropy_i2000_b20_2 - INFO - current val_accuracy: 0.44259013980868284
2020-03-20 12:55:31,380 - exp_torch_topics_d128_entropy_i2000_b20_2 - INFO - start step #1
2020-03-20 12:55:32,570 - exp_torch_topics_d128_entropy_i2000_b20_2 - INFO - query idx: [11378 13493 16804  8093 15268 14102 17528 17455  3516   358 14583  6631
   934  1447  8377 11947 11646 10870  7443  3669]
2020-03-20 12:55:36,358 - exp_torch_topics_d128_entropy_i2000_b20_2 - INFO - finish step #1 for 4.977844953536987 sec
2020-03-20 12:55:36,358 - exp_torch_topics_d128_entropy_i2000_b20_2 - INFO - current val_accuracy: 0.44270787343635026
2020-03-20 12:55:36,358 - exp_torch_topics_d128_entropy_i2000_b20_2 - INFO - start step #2
2020-03-20 12:55:37,680 - exp_torch_topics_d128_entropy_i2000_b20_2 - INFO - query idx: [11693  8103   709  1059 15188 19053  9834   760  5653 18651 16123  3988
  9747  8656  4746  6678  8359   880 10514  2286]
2020-03-20 12:55:40,115 - exp_torch_topics_d128_entropy_i2000_b20_2 - INFO - finish step #2 for 3.7563059329986572 sec
2020-03-20 12:55:40,115 - exp_torch_topics_d128_entropy_i2000_b20_2 - INFO - current val_accuracy: 0.4379396615158205
2020-03-20 12:55:40,115 - exp_torch_topics_d128_entropy_i2000_b20_2 - INFO - start step #3
2020-03-20 12:55:41,956 - exp_torch_topics_d128_entropy_i2000_b20_2 - INFO - query idx: [10315  5900  1760 14428  7379  3797 14794  9013 19399   794  6589 14176
 12974  1635 10949  3012 11352 19107 13714 14097]
2020-03-20 12:55:46,187 - exp_torch_topics_d128_entropy_i2000_b20_2 - INFO - finish step #3 for 6.071995973587036 sec
2020-03-20 12:55:46,188 - exp_torch_topics_d128_entropy_i2000_b20_2 - INFO - current val_accuracy: 0.4269021339220015
2020-03-20 12:55:46,188 - exp_torch_topics_d128_entropy_i2000_b20_2 - INFO - start step #4
2020-03-20 12:55:47,549 - exp_torch_topics_d128_entropy_i2000_b20_2 - INFO - query idx: [16279 16218 11139 16878 10838 13482  2891   799 10177  7984  4256  7264
  8264 14764 10841 11659  7586 15437   697  9247]
2020-03-20 12:55:50,347 - exp_torch_topics_d128_entropy_i2000_b20_2 - INFO - finish step #4 for 4.15831184387207 sec
2020-03-20 12:55:50,347 - exp_torch_topics_d128_entropy_i2000_b20_2 - INFO - current val_accuracy: 0.4336423841059603
2020-03-20 12:55:50,347 - exp_torch_topics_d128_entropy_i2000_b20_2 - INFO - start step #5
2020-03-20 12:55:51,341 - exp_torch_topics_d128_entropy_i2000_b20_2 - INFO - query idx: [13642 15859 18220 14035  6277 17260 16185 17739  7279 17481  8761 17947
  5593 14110  4343  3143  2044  2903  2434 16117]
2020-03-20 12:55:54,093 - exp_torch_topics_d128_entropy_i2000_b20_2 - INFO - finish step #5 for 3.7457096576690674 sec
2020-03-20 12:55:54,093 - exp_torch_topics_d128_entropy_i2000_b20_2 - INFO - current val_accuracy: 0.4362325239146431
2020-03-20 12:55:54,093 - exp_torch_topics_d128_entropy_i2000_b20_2 - INFO - start step #6
2020-03-20 12:55:55,235 - exp_torch_topics_d128_entropy_i2000_b20_2 - INFO - query idx: [19561 16037 10680 13148 18792  3742  7298 15978 13692  3833  3719 10176
  8992  1834  5610  5942   601 18118  2255  9893]
2020-03-20 12:55:57,741 - exp_torch_topics_d128_entropy_i2000_b20_2 - INFO - finish step #6 for 3.6476001739501953 sec
2020-03-20 12:55:57,741 - exp_torch_topics_d128_entropy_i2000_b20_2 - INFO - current val_accuracy: 0.4450625459896983
2020-03-20 12:55:57,741 - exp_torch_topics_d128_entropy_i2000_b20_2 - INFO - start step #7
2020-03-20 12:55:59,104 - exp_torch_topics_d128_entropy_i2000_b20_2 - INFO - query idx: [11426  9894  2569  9257 16900 18793  9883 10691  2821  6791 17531 12744
  9354 13739  9507  5549  3738 13773  9766  6099]
2020-03-20 12:56:01,842 - exp_torch_topics_d128_entropy_i2000_b20_2 - INFO - finish step #7 for 4.100358247756958 sec
2020-03-20 12:56:01,842 - exp_torch_topics_d128_entropy_i2000_b20_2 - INFO - current val_accuracy: 0.449654157468727
2020-03-20 12:56:01,842 - exp_torch_topics_d128_entropy_i2000_b20_2 - INFO - start step #8
2020-03-20 12:56:02,987 - exp_torch_topics_d128_entropy_i2000_b20_2 - INFO - query idx: [17998 13397 12036  4233 17003  9576 19128 18544  4519 15469  8281 12766
   809  3615  9407  9058 18525  1226  3553  5221]
2020-03-20 12:56:05,881 - exp_torch_topics_d128_entropy_i2000_b20_2 - INFO - finish step #8 for 4.038118362426758 sec
2020-03-20 12:56:05,882 - exp_torch_topics_d128_entropy_i2000_b20_2 - INFO - current val_accuracy: 0.4524797645327447
2020-03-20 12:56:05,882 - exp_torch_topics_d128_entropy_i2000_b20_2 - INFO - start step #9
2020-03-20 12:56:06,950 - exp_torch_topics_d128_entropy_i2000_b20_2 - INFO - query idx: [ 3130  9495  7970  3200 14981  2320  2389 19352 10831 11369  6859 14546
  2246  8946  8228  2453 14348 10834  6714  8122]
2020-03-20 12:56:10,246 - exp_torch_topics_d128_entropy_i2000_b20_2 - INFO - finish step #9 for 4.363818168640137 sec
2020-03-20 12:56:10,246 - exp_torch_topics_d128_entropy_i2000_b20_2 - INFO - current val_accuracy: 0.45654157468727
2020-03-20 12:56:10,246 - exp_torch_topics_d128_entropy_i2000_b20_2 - INFO - start step #10
2020-03-20 12:56:11,396 - exp_torch_topics_d128_entropy_i2000_b20_2 - INFO - query idx: [18996 18208 10214 15594 10124 18269 17069  5795 13786  2883 18861 17973
 18386 15043 17970 13584  6808 14549 14001  3927]
2020-03-20 12:56:13,966 - exp_torch_topics_d128_entropy_i2000_b20_2 - INFO - finish step #10 for 3.719011068344116 sec
2020-03-20 12:56:13,966 - exp_torch_topics_d128_entropy_i2000_b20_2 - INFO - current val_accuracy: 0.4572479764532745
2020-03-20 12:56:13,966 - exp_torch_topics_d128_entropy_i2000_b20_2 - INFO - start step #11
2020-03-20 12:56:15,238 - exp_torch_topics_d128_entropy_i2000_b20_2 - INFO - query idx: [ 5509 12297 13942 19683  8358  7384 11426 11213  4698 16840   678  9768
 17429  4904 10171  9908   290 19127  5067 12338]
2020-03-20 12:56:17,972 - exp_torch_topics_d128_entropy_i2000_b20_2 - INFO - finish step #11 for 4.006061792373657 sec
2020-03-20 12:56:17,972 - exp_torch_topics_d128_entropy_i2000_b20_2 - INFO - current val_accuracy: 0.45736571008094185
2020-03-20 12:56:17,973 - exp_torch_topics_d128_entropy_i2000_b20_2 - INFO - start step #12
2020-03-20 12:56:19,318 - exp_torch_topics_d128_entropy_i2000_b20_2 - INFO - query idx: [14157  3827 10447 10528 10217  3545 16490 15513 17158  2867  3026  3430
  6501   538  5330  1405 14311  3811 12801   563]
2020-03-20 12:56:22,004 - exp_torch_topics_d128_entropy_i2000_b20_2 - INFO - finish step #12 for 4.030894041061401 sec
2020-03-20 12:56:22,004 - exp_torch_topics_d128_entropy_i2000_b20_2 - INFO - current val_accuracy: 0.4557763061074319
2020-03-20 12:56:22,004 - exp_torch_topics_d128_entropy_i2000_b20_2 - INFO - start step #13
2020-03-20 12:56:23,073 - exp_torch_topics_d128_entropy_i2000_b20_2 - INFO - query idx: [14541 16542  8819  4006 17455  7251 11179 15262  9698  3482  5759  4186
   603 18799  9325 14303 19592 12823  1875 11196]
2020-03-20 12:56:25,651 - exp_torch_topics_d128_entropy_i2000_b20_2 - INFO - finish step #13 for 3.6466360092163086 sec
2020-03-20 12:56:25,651 - exp_torch_topics_d128_entropy_i2000_b20_2 - INFO - current val_accuracy: 0.4554525386313466
2020-03-20 12:56:25,651 - exp_torch_topics_d128_entropy_i2000_b20_2 - INFO - start step #14
2020-03-20 12:56:27,105 - exp_torch_topics_d128_entropy_i2000_b20_2 - INFO - query idx: [12603  8411  6328 15306 17975 17387  4571 16887 13272 17319 13494 16089
  7858  5246 15069 12115  9161  9233 15051 19457]
2020-03-20 12:56:29,786 - exp_torch_topics_d128_entropy_i2000_b20_2 - INFO - finish step #14 for 4.134398937225342 sec
2020-03-20 12:56:29,786 - exp_torch_topics_d128_entropy_i2000_b20_2 - INFO - current val_accuracy: 0.4580721118469463
2020-03-20 12:56:29,787 - exp_torch_topics_d128_entropy_i2000_b20_2 - INFO - start step #15
2020-03-20 12:56:31,136 - exp_torch_topics_d128_entropy_i2000_b20_2 - INFO - query idx: [17222 19492  3987  7885 15666  8834 11937 13193  9065  1690 18214 15143
  1507 13574 13681 17872  6596  4296 17043 13886]
2020-03-20 12:56:34,522 - exp_torch_topics_d128_entropy_i2000_b20_2 - INFO - finish step #15 for 4.735887050628662 sec
2020-03-20 12:56:34,523 - exp_torch_topics_d128_entropy_i2000_b20_2 - INFO - current val_accuracy: 0.4586902133922002
2020-03-20 12:56:34,523 - exp_torch_topics_d128_entropy_i2000_b20_2 - INFO - start step #16
2020-03-20 12:56:35,671 - exp_torch_topics_d128_entropy_i2000_b20_2 - INFO - query idx: [13722 14696  9790  6073  9831  9392   193 14496 14185  6503 16778 15459
 16842  1509 10070  6784 15295  1657  1699 18498]
2020-03-20 12:56:38,196 - exp_torch_topics_d128_entropy_i2000_b20_2 - INFO - finish step #16 for 3.672485828399658 sec
2020-03-20 12:56:38,196 - exp_torch_topics_d128_entropy_i2000_b20_2 - INFO - current val_accuracy: 0.4569242089771891
2020-03-20 12:56:38,196 - exp_torch_topics_d128_entropy_i2000_b20_2 - INFO - start step #17
2020-03-20 12:56:39,230 - exp_torch_topics_d128_entropy_i2000_b20_2 - INFO - query idx: [13347  4226  2775 16278 14997  1758  5131  8683 18532  6799  5655 15743
  2942 18452 18867 19180 12898  2945 10596   432]
2020-03-20 12:56:41,764 - exp_torch_topics_d128_entropy_i2000_b20_2 - INFO - finish step #17 for 3.5673160552978516 sec
2020-03-20 12:56:41,764 - exp_torch_topics_d128_entropy_i2000_b20_2 - INFO - current val_accuracy: 0.4572479764532745
2020-03-20 12:56:41,764 - exp_torch_topics_d128_entropy_i2000_b20_2 - INFO - start step #18
2020-03-20 12:56:42,856 - exp_torch_topics_d128_entropy_i2000_b20_2 - INFO - query idx: [ 6341  1415  9203  8935  2867 13117 15029 10446  4389 19222 13224 14030
 18257 15958 10536  1144 11315 13636  4084 11711]
2020-03-20 12:56:45,685 - exp_torch_topics_d128_entropy_i2000_b20_2 - INFO - finish step #18 for 3.9210522174835205 sec
2020-03-20 12:56:45,686 - exp_torch_topics_d128_entropy_i2000_b20_2 - INFO - current val_accuracy: 0.4586019131714496
2020-03-20 12:56:45,686 - exp_torch_topics_d128_entropy_i2000_b20_2 - INFO - start step #19
2020-03-20 12:56:46,763 - exp_torch_topics_d128_entropy_i2000_b20_2 - INFO - query idx: [ 5397 19240  1167 15504 18659  7824  2799 13513  8601   846  4744 10749
 12855   699 14298  9231 16488  4474  6608 10518]
2020-03-20 12:56:49,434 - exp_torch_topics_d128_entropy_i2000_b20_2 - INFO - finish step #19 for 3.7483859062194824 sec
2020-03-20 12:56:49,435 - exp_torch_topics_d128_entropy_i2000_b20_2 - INFO - current val_accuracy: 0.46086828550404707
2020-03-20 12:56:49,435 - exp_torch_topics_d128_entropy_i2000_b20_2 - INFO - start step #20
2020-03-20 12:56:50,510 - exp_torch_topics_d128_entropy_i2000_b20_2 - INFO - query idx: [11357  3724 18680 15406 11625  3417 12355   750 16759  7800 14654 11093
  4022 16708 11687  2267 18786  1383  5156 17062]
2020-03-20 12:56:53,099 - exp_torch_topics_d128_entropy_i2000_b20_2 - INFO - finish step #20 for 3.664365768432617 sec
2020-03-20 12:56:53,099 - exp_torch_topics_d128_entropy_i2000_b20_2 - INFO - current val_accuracy: 0.46216335540838854
2020-03-20 12:56:53,100 - exp_torch_topics_d128_entropy_i2000_b20_2 - INFO - start step #21
2020-03-20 12:56:54,377 - exp_torch_topics_d128_entropy_i2000_b20_2 - INFO - query idx: [ 6435 18554 13123 18042 14864 19442  2231 15847 14420  8920  5273  1206
 12815  6468 17196 10839  5677  5506 10581  9293]
2020-03-20 12:56:57,367 - exp_torch_topics_d128_entropy_i2000_b20_2 - INFO - finish step #21 for 4.266472101211548 sec
2020-03-20 12:56:57,367 - exp_torch_topics_d128_entropy_i2000_b20_2 - INFO - current val_accuracy: 0.45886681383370126
2020-03-20 12:56:57,367 - exp_torch_topics_d128_entropy_i2000_b20_2 - INFO - start step #22
2020-03-20 12:56:58,705 - exp_torch_topics_d128_entropy_i2000_b20_2 - INFO - query idx: [ 4062  2218  9497 12688  2127 18872 16810 16575  7772  2832  1491  1273
 17702   897 14719  2197 19227 16326  3251  7707]
2020-03-20 12:57:01,201 - exp_torch_topics_d128_entropy_i2000_b20_2 - INFO - finish step #22 for 3.8336708545684814 sec
2020-03-20 12:57:01,201 - exp_torch_topics_d128_entropy_i2000_b20_2 - INFO - current val_accuracy: 0.45963208241353937
2020-03-20 12:57:01,201 - exp_torch_topics_d128_entropy_i2000_b20_2 - INFO - start step #23
2020-03-20 12:57:02,242 - exp_torch_topics_d128_entropy_i2000_b20_2 - INFO - query idx: [  269 10049  9433 13015 15524 14118 11899 14712 12060  6971  3572 10854
  4204 19481 13224 11391 15023 14348 15985  5052]
2020-03-20 12:57:05,111 - exp_torch_topics_d128_entropy_i2000_b20_2 - INFO - finish step #23 for 3.9102089405059814 sec
2020-03-20 12:57:05,112 - exp_torch_topics_d128_entropy_i2000_b20_2 - INFO - current val_accuracy: 0.456158940397351
2020-03-20 12:57:05,112 - exp_torch_topics_d128_entropy_i2000_b20_2 - INFO - start step #24
2020-03-20 12:57:06,386 - exp_torch_topics_d128_entropy_i2000_b20_2 - INFO - query idx: [14727 16522 11929  5154   101  1117   454 19001 15889 13891  4712  6524
  9216  1329 14740 11904 15469 10419  8302 10468]
2020-03-20 12:57:09,233 - exp_torch_topics_d128_entropy_i2000_b20_2 - INFO - finish step #24 for 4.120700120925903 sec
2020-03-20 12:57:09,233 - exp_torch_topics_d128_entropy_i2000_b20_2 - INFO - current val_accuracy: 0.45842531272994846
2020-03-20 12:57:09,233 - exp_torch_topics_d128_entropy_i2000_b20_2 - INFO - start step #25
2020-03-20 12:57:10,392 - exp_torch_topics_d128_entropy_i2000_b20_2 - INFO - query idx: [17845 10397 13019  8359  4587  2438  9573  9915 19219 10474 18847 10975
 12970  1963 16845   840  4131 14891   820  5110]
2020-03-20 12:57:13,120 - exp_torch_topics_d128_entropy_i2000_b20_2 - INFO - finish step #25 for 3.887049913406372 sec
2020-03-20 12:57:13,120 - exp_torch_topics_d128_entropy_i2000_b20_2 - INFO - current val_accuracy: 0.46054451802796176
2020-03-20 12:57:13,121 - exp_torch_topics_d128_entropy_i2000_b20_2 - INFO - start step #26
2020-03-20 12:57:14,125 - exp_torch_topics_d128_entropy_i2000_b20_2 - INFO - query idx: [ 1084  6033 11310 12895  1286  4258   507 12783 17364 16070 17279 11725
  9138 19006   382 18974  7603  2296  7101  5440]
2020-03-20 12:57:16,620 - exp_torch_topics_d128_entropy_i2000_b20_2 - INFO - finish step #26 for 3.4990971088409424 sec
2020-03-20 12:57:16,620 - exp_torch_topics_d128_entropy_i2000_b20_2 - INFO - current val_accuracy: 0.4609271523178808
2020-03-20 12:57:16,620 - exp_torch_topics_d128_entropy_i2000_b20_2 - INFO - start step #27
2020-03-20 12:57:17,800 - exp_torch_topics_d128_entropy_i2000_b20_2 - INFO - query idx: [16078 11272 19316  4733 16062  4477  2739 14395 12437 12834 16979 14349
  1474 15644 19206  9027   564  5293  4997  4317]
2020-03-20 12:57:20,510 - exp_torch_topics_d128_entropy_i2000_b20_2 - INFO - finish step #27 for 3.889800786972046 sec
2020-03-20 12:57:20,510 - exp_torch_topics_d128_entropy_i2000_b20_2 - INFO - current val_accuracy: 0.4611037527593819
2020-03-20 12:57:20,511 - exp_torch_topics_d128_entropy_i2000_b20_2 - INFO - start step #28
2020-03-20 12:57:21,482 - exp_torch_topics_d128_entropy_i2000_b20_2 - INFO - query idx: [  984 16722  5007 14511  5116 14966 13306  2268 16319  8132   813   898
  5410  9851   798 12097  5972 14439  7238  7990]
2020-03-20 12:57:24,238 - exp_torch_topics_d128_entropy_i2000_b20_2 - INFO - finish step #28 for 3.727527141571045 sec
2020-03-20 12:57:24,238 - exp_torch_topics_d128_entropy_i2000_b20_2 - INFO - current val_accuracy: 0.4643708609271523
2020-03-20 12:57:24,239 - exp_torch_topics_d128_entropy_i2000_b20_2 - INFO - start step #29
2020-03-20 12:57:25,253 - exp_torch_topics_d128_entropy_i2000_b20_2 - INFO - query idx: [16352  5979 13996  7696  9723  7557  7904 15222 13690  1962 11997 13024
  7397  2233  6773 15015  9677 12061 19159  7478]
2020-03-20 12:57:27,780 - exp_torch_topics_d128_entropy_i2000_b20_2 - INFO - finish step #29 for 3.541501760482788 sec
2020-03-20 12:57:27,781 - exp_torch_topics_d128_entropy_i2000_b20_2 - INFO - current val_accuracy: 0.45583517292126563
2020-03-20 12:57:27,781 - exp_torch_topics_d128_entropy_i2000_b20_2 - INFO - finish experiment process for 130.70991802215576 sec
