2020-03-25 17:51:16,548 - exp_torch_topics_d128_entropy_i2000_b20_q100_sf512_2 - INFO - start experiment process
2020-03-25 17:51:20,539 - exp_torch_topics_d128_entropy_i2000_b20_q100_sf512_2 - INFO - initial val_accuracy: 0.4507137601177336
2020-03-25 17:51:20,540 - exp_torch_topics_d128_entropy_i2000_b20_q100_sf512_2 - INFO - start step #0
2020-03-25 17:51:29,219 - exp_torch_topics_d128_entropy_i2000_b20_q100_sf512_2 - INFO - query idx: [60915 81269 70108 50832 11820 46127 31707 57679 35728  9238 12590 17957
 39424 81539 53680 40011 31202  4108 38920 61269]
2020-03-25 17:51:32,144 - exp_torch_topics_d128_entropy_i2000_b20_q100_sf512_2 - INFO - finish step #0 for 11.604684591293335 sec
2020-03-25 17:51:32,145 - exp_torch_topics_d128_entropy_i2000_b20_q100_sf512_2 - INFO - current val_accuracy: 0.4447682119205298
2020-03-25 17:51:32,146 - exp_torch_topics_d128_entropy_i2000_b20_q100_sf512_2 - INFO - start step #1
2020-03-25 17:51:40,032 - exp_torch_topics_d128_entropy_i2000_b20_q100_sf512_2 - INFO - query idx: [79071  9549 48022 74066 15378 66318 44367 17978  4811 18845 16840 77901
 17747 76308  5444 87964  1219  3960 40874 21342]
2020-03-25 17:51:43,188 - exp_torch_topics_d128_entropy_i2000_b20_q100_sf512_2 - INFO - finish step #1 for 11.041763067245483 sec
2020-03-25 17:51:43,189 - exp_torch_topics_d128_entropy_i2000_b20_q100_sf512_2 - INFO - current val_accuracy: 0.44777041942604856
2020-03-25 17:51:43,189 - exp_torch_topics_d128_entropy_i2000_b20_q100_sf512_2 - INFO - start step #2
2020-03-25 17:51:50,662 - exp_torch_topics_d128_entropy_i2000_b20_q100_sf512_2 - INFO - query idx: [30722 77074 60408 38378 38269 86045 44949 96437 13065 63096 51142 18879
 19712 91920 68863 75184 46338 66051 52372 62742]
2020-03-25 17:51:55,347 - exp_torch_topics_d128_entropy_i2000_b20_q100_sf512_2 - INFO - finish step #2 for 12.157445907592773 sec
2020-03-25 17:51:55,347 - exp_torch_topics_d128_entropy_i2000_b20_q100_sf512_2 - INFO - current val_accuracy: 0.4452980132450331
2020-03-25 17:51:55,347 - exp_torch_topics_d128_entropy_i2000_b20_q100_sf512_2 - INFO - start step #3
2020-03-25 17:52:10,331 - exp_torch_topics_d128_entropy_i2000_b20_q100_sf512_2 - INFO - query idx: [ 3825 40011  5369 81839 25219 91959 96199 91896 25043 51821 40715 15348
 62784 94400 66118 39598 72860 80277  4932 12631]
2020-03-25 17:52:16,451 - exp_torch_topics_d128_entropy_i2000_b20_q100_sf512_2 - INFO - finish step #3 for 21.104071855545044 sec
2020-03-25 17:52:16,452 - exp_torch_topics_d128_entropy_i2000_b20_q100_sf512_2 - INFO - current val_accuracy: 0.447093451066961
2020-03-25 17:52:16,452 - exp_torch_topics_d128_entropy_i2000_b20_q100_sf512_2 - INFO - start step #4
2020-03-25 17:52:28,239 - exp_torch_topics_d128_entropy_i2000_b20_q100_sf512_2 - INFO - query idx: [58626 67341 60923 91795 96590 59521 78502  5871 21115 79732 29470 52582
 73021 23144 83772 83716 41973 23686 19628 25231]
2020-03-25 17:52:36,214 - exp_torch_topics_d128_entropy_i2000_b20_q100_sf512_2 - INFO - finish step #4 for 19.761902809143066 sec
2020-03-25 17:52:36,214 - exp_torch_topics_d128_entropy_i2000_b20_q100_sf512_2 - INFO - current val_accuracy: 0.449654157468727
2020-03-25 17:52:36,214 - exp_torch_topics_d128_entropy_i2000_b20_q100_sf512_2 - INFO - start step #5
2020-03-25 17:52:48,745 - exp_torch_topics_d128_entropy_i2000_b20_q100_sf512_2 - INFO - query idx: [86613 59996 45901 66646 85558 51118 38688 48467 14950  2787  7445  8292
 49295 84830 80977 86292 93687 65660 80639 58193]
2020-03-25 17:52:57,862 - exp_torch_topics_d128_entropy_i2000_b20_q100_sf512_2 - INFO - finish step #5 for 21.64764404296875 sec
2020-03-25 17:52:57,862 - exp_torch_topics_d128_entropy_i2000_b20_q100_sf512_2 - INFO - current val_accuracy: 0.4481824871228845
2020-03-25 17:52:57,862 - exp_torch_topics_d128_entropy_i2000_b20_q100_sf512_2 - INFO - start step #6
2020-03-25 17:53:06,606 - exp_torch_topics_d128_entropy_i2000_b20_q100_sf512_2 - INFO - query idx: [64299 56111 30583 17023 63193 15450  5836 69742 63327 21316 95532  4657
 97245 41954 45282 75658 42665 63430  1827 30314]
2020-03-25 17:53:14,913 - exp_torch_topics_d128_entropy_i2000_b20_q100_sf512_2 - INFO - finish step #6 for 17.050440073013306 sec
2020-03-25 17:53:14,914 - exp_torch_topics_d128_entropy_i2000_b20_q100_sf512_2 - INFO - current val_accuracy: 0.4502722590139809
2020-03-25 17:53:14,914 - exp_torch_topics_d128_entropy_i2000_b20_q100_sf512_2 - INFO - start step #7
2020-03-25 17:53:21,706 - exp_torch_topics_d128_entropy_i2000_b20_q100_sf512_2 - INFO - query idx: [97128  2574 67805 68389  4676 92524 47971 87524 49025 70596 10530 53247
 22428 73706 26536 59443 14607 13621 36058 80569]
2020-03-25 17:53:24,253 - exp_torch_topics_d128_entropy_i2000_b20_q100_sf512_2 - INFO - finish step #7 for 9.338872909545898 sec
2020-03-25 17:53:24,254 - exp_torch_topics_d128_entropy_i2000_b20_q100_sf512_2 - INFO - current val_accuracy: 0.45177336276674024
2020-03-25 17:53:24,254 - exp_torch_topics_d128_entropy_i2000_b20_q100_sf512_2 - INFO - start step #8
2020-03-25 17:53:31,719 - exp_torch_topics_d128_entropy_i2000_b20_q100_sf512_2 - INFO - query idx: [ 2450 39393 49644 54731 82943 88509 25412 15461 94359 76143 59925 29569
  5429 95788  6429 44692 94777 29981 17936 81928]
2020-03-25 17:53:34,703 - exp_torch_topics_d128_entropy_i2000_b20_q100_sf512_2 - INFO - finish step #8 for 10.449374914169312 sec
2020-03-25 17:53:34,703 - exp_torch_topics_d128_entropy_i2000_b20_q100_sf512_2 - INFO - current val_accuracy: 0.454186902133922
2020-03-25 17:53:34,704 - exp_torch_topics_d128_entropy_i2000_b20_q100_sf512_2 - INFO - start step #9
2020-03-25 17:53:41,855 - exp_torch_topics_d128_entropy_i2000_b20_q100_sf512_2 - INFO - query idx: [ 6098 66375 76920 83263 10048 99397 64668 87600 20694 40939 81138  5446
 92104  4193 79212  9251 17797 81074 17608 23266]
2020-03-25 17:53:46,377 - exp_torch_topics_d128_entropy_i2000_b20_q100_sf512_2 - INFO - finish step #9 for 11.67340898513794 sec
2020-03-25 17:53:46,378 - exp_torch_topics_d128_entropy_i2000_b20_q100_sf512_2 - INFO - current val_accuracy: 0.4540691685062546
2020-03-25 17:53:46,378 - exp_torch_topics_d128_entropy_i2000_b20_q100_sf512_2 - INFO - start step #10
2020-03-25 17:53:52,393 - exp_torch_topics_d128_entropy_i2000_b20_q100_sf512_2 - INFO - query idx: [64322 47241 76638 51268 80635 12326 89668 60092 51183 81056 34903 41217
 31450 66254 99135 92280 92262  7707 88690 89415]
2020-03-25 17:53:55,013 - exp_torch_topics_d128_entropy_i2000_b20_q100_sf512_2 - INFO - finish step #10 for 8.635404109954834 sec
2020-03-25 17:53:55,013 - exp_torch_topics_d128_entropy_i2000_b20_q100_sf512_2 - INFO - current val_accuracy: 0.454775570272259
2020-03-25 17:53:55,014 - exp_torch_topics_d128_entropy_i2000_b20_q100_sf512_2 - INFO - start step #11
2020-03-25 17:54:00,881 - exp_torch_topics_d128_entropy_i2000_b20_q100_sf512_2 - INFO - query idx: [ 8625 81088 25456 23941 90878 57871 33647 90090 27159 87067 20757 18014
 48929   196 48719 10342 76327 33712 58874 44119]
2020-03-25 17:54:03,476 - exp_torch_topics_d128_entropy_i2000_b20_q100_sf512_2 - INFO - finish step #11 for 8.462162733078003 sec
2020-03-25 17:54:03,476 - exp_torch_topics_d128_entropy_i2000_b20_q100_sf512_2 - INFO - current val_accuracy: 0.452420897718911
2020-03-25 17:54:03,476 - exp_torch_topics_d128_entropy_i2000_b20_q100_sf512_2 - INFO - start step #12
2020-03-25 17:54:09,576 - exp_torch_topics_d128_entropy_i2000_b20_q100_sf512_2 - INFO - query idx: [80436 65262 74663  6866 10241 99136 24431 66051 96979 47748  7065 16638
 72254 80604 69614 98665 54440 72573 34034 84447]
2020-03-25 17:54:12,205 - exp_torch_topics_d128_entropy_i2000_b20_q100_sf512_2 - INFO - finish step #12 for 8.728575229644775 sec
2020-03-25 17:54:12,206 - exp_torch_topics_d128_entropy_i2000_b20_q100_sf512_2 - INFO - current val_accuracy: 0.45618837380426785
2020-03-25 17:54:12,207 - exp_torch_topics_d128_entropy_i2000_b20_q100_sf512_2 - INFO - start step #13
2020-03-25 17:54:18,077 - exp_torch_topics_d128_entropy_i2000_b20_q100_sf512_2 - INFO - query idx: [ 2971 92244 41950 14622 62323 13989 92157 45643 68118 34622 22084 75417
 25308 36687 38662 67367 82219 58288 57359 74862]
2020-03-25 17:54:20,687 - exp_torch_topics_d128_entropy_i2000_b20_q100_sf512_2 - INFO - finish step #13 for 8.47997522354126 sec
2020-03-25 17:54:20,687 - exp_torch_topics_d128_entropy_i2000_b20_q100_sf512_2 - INFO - current val_accuracy: 0.4564532744665195
2020-03-25 17:54:20,687 - exp_torch_topics_d128_entropy_i2000_b20_q100_sf512_2 - INFO - start step #14
2020-03-25 17:54:26,554 - exp_torch_topics_d128_entropy_i2000_b20_q100_sf512_2 - INFO - query idx: [31928 73462  7292 44580  7937 55135 82443 19730 68958 94905 96525 18552
  4840 92189 63745 13438 99424 74281 18405 91567]
2020-03-25 17:54:29,152 - exp_torch_topics_d128_entropy_i2000_b20_q100_sf512_2 - INFO - finish step #14 for 8.464521884918213 sec
2020-03-25 17:54:29,152 - exp_torch_topics_d128_entropy_i2000_b20_q100_sf512_2 - INFO - current val_accuracy: 0.4553936718175129
2020-03-25 17:54:29,152 - exp_torch_topics_d128_entropy_i2000_b20_q100_sf512_2 - INFO - start step #15
2020-03-25 17:54:35,142 - exp_torch_topics_d128_entropy_i2000_b20_q100_sf512_2 - INFO - query idx: [25603 36421 91542 79493 81376 56880 39284 39647 40798  5542 84324 61837
 26247 36073 69456 50956 44884 14373 12186 61037]
2020-03-25 17:54:37,851 - exp_torch_topics_d128_entropy_i2000_b20_q100_sf512_2 - INFO - finish step #15 for 8.698944807052612 sec
2020-03-25 17:54:37,852 - exp_torch_topics_d128_entropy_i2000_b20_q100_sf512_2 - INFO - current val_accuracy: 0.46083885209713027
2020-03-25 17:54:37,852 - exp_torch_topics_d128_entropy_i2000_b20_q100_sf512_2 - INFO - start step #16
2020-03-25 17:54:44,148 - exp_torch_topics_d128_entropy_i2000_b20_q100_sf512_2 - INFO - query idx: [ 8878 74062 25227 91035 63157 54725 18810 49297 13774 21039 48366 34929
 30841 69305 79814 44373  4722 60240 52112 81310]
2020-03-25 17:54:46,733 - exp_torch_topics_d128_entropy_i2000_b20_q100_sf512_2 - INFO - finish step #16 for 8.881211996078491 sec
2020-03-25 17:54:46,733 - exp_torch_topics_d128_entropy_i2000_b20_q100_sf512_2 - INFO - current val_accuracy: 0.46422369389256807
2020-03-25 17:54:46,733 - exp_torch_topics_d128_entropy_i2000_b20_q100_sf512_2 - INFO - start step #17
2020-03-25 17:54:53,117 - exp_torch_topics_d128_entropy_i2000_b20_q100_sf512_2 - INFO - query idx: [43843 38119  1884 24139 91837 43440  4727 61336 56629 35992 68914 19308
 83463 97069 57095 72473 71541 85049 84850 53693]
2020-03-25 17:54:55,824 - exp_torch_topics_d128_entropy_i2000_b20_q100_sf512_2 - INFO - finish step #17 for 9.09031081199646 sec
2020-03-25 17:54:55,824 - exp_torch_topics_d128_entropy_i2000_b20_q100_sf512_2 - INFO - current val_accuracy: 0.45795437821927887
2020-03-25 17:54:55,824 - exp_torch_topics_d128_entropy_i2000_b20_q100_sf512_2 - INFO - start step #18
2020-03-25 17:55:02,021 - exp_torch_topics_d128_entropy_i2000_b20_q100_sf512_2 - INFO - query idx: [ 9794 19858 64077 23435 37971 84719 50053 47565 86924 65235 23823 15619
 98176 44652 25876 37760 47419 96047  4857 65471]
2020-03-25 17:55:04,676 - exp_torch_topics_d128_entropy_i2000_b20_q100_sf512_2 - INFO - finish step #18 for 8.851494073867798 sec
2020-03-25 17:55:04,676 - exp_torch_topics_d128_entropy_i2000_b20_q100_sf512_2 - INFO - current val_accuracy: 0.454775570272259
2020-03-25 17:55:04,676 - exp_torch_topics_d128_entropy_i2000_b20_q100_sf512_2 - INFO - start step #19
2020-03-25 17:55:10,738 - exp_torch_topics_d128_entropy_i2000_b20_q100_sf512_2 - INFO - query idx: [70659 36005 20312 62081 30756 72726 87143 33310 38779 33459 89674 63869
 35492 78065 58840 30162 46148 50178 89534  5260]
2020-03-25 17:55:13,403 - exp_torch_topics_d128_entropy_i2000_b20_q100_sf512_2 - INFO - finish step #19 for 8.726715326309204 sec
2020-03-25 17:55:13,405 - exp_torch_topics_d128_entropy_i2000_b20_q100_sf512_2 - INFO - current val_accuracy: 0.46263428991905814
2020-03-25 17:55:13,405 - exp_torch_topics_d128_entropy_i2000_b20_q100_sf512_2 - INFO - start step #20
2020-03-25 17:55:19,728 - exp_torch_topics_d128_entropy_i2000_b20_q100_sf512_2 - INFO - query idx: [94525 91135  9153 13258 87320 93100 72096 68534 45015 66720 84579 43781
 71934 29190 42815 28083 94074 96313 43618 46285]
2020-03-25 17:55:22,317 - exp_torch_topics_d128_entropy_i2000_b20_q100_sf512_2 - INFO - finish step #20 for 8.912335872650146 sec
2020-03-25 17:55:22,318 - exp_torch_topics_d128_entropy_i2000_b20_q100_sf512_2 - INFO - current val_accuracy: 0.4642825607064018
2020-03-25 17:55:22,318 - exp_torch_topics_d128_entropy_i2000_b20_q100_sf512_2 - INFO - start step #21
2020-03-25 17:55:28,245 - exp_torch_topics_d128_entropy_i2000_b20_q100_sf512_2 - INFO - query idx: [83544  7580 15072 52161 77116  6743 45662  1713 37671 54938 93886 39441
 63891  8235 81481 25630 56979 76248 98753 59599]
2020-03-25 17:55:30,840 - exp_torch_topics_d128_entropy_i2000_b20_q100_sf512_2 - INFO - finish step #21 for 8.522387027740479 sec
2020-03-25 17:55:30,840 - exp_torch_topics_d128_entropy_i2000_b20_q100_sf512_2 - INFO - current val_accuracy: 0.4592200147167035
2020-03-25 17:55:30,841 - exp_torch_topics_d128_entropy_i2000_b20_q100_sf512_2 - INFO - start step #22
2020-03-25 17:55:36,996 - exp_torch_topics_d128_entropy_i2000_b20_q100_sf512_2 - INFO - query idx: [27356 69201 16449 71459  4396 94874 65975 67757 89713 88889 71199 25861
   166 80038 92677 81579 16910 11253 23130 25022]
2020-03-25 17:55:39,649 - exp_torch_topics_d128_entropy_i2000_b20_q100_sf512_2 - INFO - finish step #22 for 8.808634996414185 sec
2020-03-25 17:55:39,649 - exp_torch_topics_d128_entropy_i2000_b20_q100_sf512_2 - INFO - current val_accuracy: 0.4611037527593819
2020-03-25 17:55:39,650 - exp_torch_topics_d128_entropy_i2000_b20_q100_sf512_2 - INFO - start step #23
2020-03-25 17:55:46,068 - exp_torch_topics_d128_entropy_i2000_b20_q100_sf512_2 - INFO - query idx: [12210 88651 52098 44268 62280 83424 26970 23001 63636 17094 68802 19470
 47100 77565 29867 86605  8521 54329 13998 84977]
2020-03-25 17:55:48,713 - exp_torch_topics_d128_entropy_i2000_b20_q100_sf512_2 - INFO - finish step #23 for 9.063493967056274 sec
2020-03-25 17:55:48,713 - exp_torch_topics_d128_entropy_i2000_b20_q100_sf512_2 - INFO - current val_accuracy: 0.4611626195732156
2020-03-25 17:55:48,714 - exp_torch_topics_d128_entropy_i2000_b20_q100_sf512_2 - INFO - start step #24
2020-03-25 17:55:54,875 - exp_torch_topics_d128_entropy_i2000_b20_q100_sf512_2 - INFO - query idx: [86172 40798  3991 64217 73246 84046 60169 35148 48475 62584 85043  5663
 43265 87918 54222 37373  8709  3877 16636 71491]
2020-03-25 17:55:57,521 - exp_torch_topics_d128_entropy_i2000_b20_q100_sf512_2 - INFO - finish step #24 for 8.80734920501709 sec
2020-03-25 17:55:57,521 - exp_torch_topics_d128_entropy_i2000_b20_q100_sf512_2 - INFO - current val_accuracy: 0.46095658572479764
2020-03-25 17:55:57,521 - exp_torch_topics_d128_entropy_i2000_b20_q100_sf512_2 - INFO - start step #25
2020-03-25 17:56:03,845 - exp_torch_topics_d128_entropy_i2000_b20_q100_sf512_2 - INFO - query idx: [73669 94915 34904 15398 50971 77418 64091 22806 40031 30075 42014 69622
 35772 32407 45586 30941 10629  4398  4265 28939]
2020-03-25 17:56:06,540 - exp_torch_topics_d128_entropy_i2000_b20_q100_sf512_2 - INFO - finish step #25 for 9.018708944320679 sec
2020-03-25 17:56:06,540 - exp_torch_topics_d128_entropy_i2000_b20_q100_sf512_2 - INFO - current val_accuracy: 0.4637233259749816
2020-03-25 17:56:06,541 - exp_torch_topics_d128_entropy_i2000_b20_q100_sf512_2 - INFO - start step #26
2020-03-25 17:56:12,754 - exp_torch_topics_d128_entropy_i2000_b20_q100_sf512_2 - INFO - query idx: [ 8418 53174 62528  2619 76910 14967 97406 68385 40811 71118 22390   365
  6951 62169 17874 15206 75491 74791 66720 89448]
2020-03-25 17:56:15,316 - exp_torch_topics_d128_entropy_i2000_b20_q100_sf512_2 - INFO - finish step #26 for 8.774816989898682 sec
2020-03-25 17:56:15,316 - exp_torch_topics_d128_entropy_i2000_b20_q100_sf512_2 - INFO - current val_accuracy: 0.45874908020603383
2020-03-25 17:56:15,316 - exp_torch_topics_d128_entropy_i2000_b20_q100_sf512_2 - INFO - start step #27
2020-03-25 17:56:21,580 - exp_torch_topics_d128_entropy_i2000_b20_q100_sf512_2 - INFO - query idx: [30953 14774 50735  4250 66946  7994 18779 84303  6486 64149  2664 51096
   459 33659 54758 64085 26185 33887 45773  9755]
2020-03-25 17:56:24,186 - exp_torch_topics_d128_entropy_i2000_b20_q100_sf512_2 - INFO - finish step #27 for 8.869722843170166 sec
2020-03-25 17:56:24,186 - exp_torch_topics_d128_entropy_i2000_b20_q100_sf512_2 - INFO - current val_accuracy: 0.4621339220014717
2020-03-25 17:56:24,186 - exp_torch_topics_d128_entropy_i2000_b20_q100_sf512_2 - INFO - start step #28
2020-03-25 17:56:30,046 - exp_torch_topics_d128_entropy_i2000_b20_q100_sf512_2 - INFO - query idx: [24408 85569 12346 74634 16228  1399 96575 64111  3303 10883 75092 81489
 36759 60400 60422 56065 80476 83615 81335 36580]
2020-03-25 17:56:32,700 - exp_torch_topics_d128_entropy_i2000_b20_q100_sf512_2 - INFO - finish step #28 for 8.513661861419678 sec
2020-03-25 17:56:32,700 - exp_torch_topics_d128_entropy_i2000_b20_q100_sf512_2 - INFO - current val_accuracy: 0.45963208241353937
2020-03-25 17:56:32,700 - exp_torch_topics_d128_entropy_i2000_b20_q100_sf512_2 - INFO - start step #29
2020-03-25 17:56:38,570 - exp_torch_topics_d128_entropy_i2000_b20_q100_sf512_2 - INFO - query idx: [46819 69308 78210 36190 84633   835 43724 12231 74017 71785 89986  2811
  6001 59923 96710 55694 74400 40682 52410 77825]
2020-03-25 17:56:41,138 - exp_torch_topics_d128_entropy_i2000_b20_q100_sf512_2 - INFO - finish step #29 for 8.437300205230713 sec
2020-03-25 17:56:41,138 - exp_torch_topics_d128_entropy_i2000_b20_q100_sf512_2 - INFO - current val_accuracy: 0.4613686534216336
2020-03-25 17:56:41,138 - exp_torch_topics_d128_entropy_i2000_b20_q100_sf512_2 - INFO - start step #30
2020-03-25 17:56:47,066 - exp_torch_topics_d128_entropy_i2000_b20_q100_sf512_2 - INFO - query idx: [68471 81245 47758 10595 81088 31052 63979 94660 65124  9127 36195 56673
 68712 55766 24695 78517 77047 77834 40642 79768]
2020-03-25 17:56:49,688 - exp_torch_topics_d128_entropy_i2000_b20_q100_sf512_2 - INFO - finish step #30 for 8.54991888999939 sec
2020-03-25 17:56:49,688 - exp_torch_topics_d128_entropy_i2000_b20_q100_sf512_2 - INFO - current val_accuracy: 0.46119205298013244
2020-03-25 17:56:49,688 - exp_torch_topics_d128_entropy_i2000_b20_q100_sf512_2 - INFO - start step #31
2020-03-25 17:56:55,873 - exp_torch_topics_d128_entropy_i2000_b20_q100_sf512_2 - INFO - query idx: [97614 20939 40955 24358 26529 39913  8481 69759 42890 35342 87718 87942
 68826 65832 97904 88130 27039 85652 85336 77968]
2020-03-25 17:56:58,498 - exp_torch_topics_d128_entropy_i2000_b20_q100_sf512_2 - INFO - finish step #31 for 8.809417963027954 sec
2020-03-25 17:56:58,498 - exp_torch_topics_d128_entropy_i2000_b20_q100_sf512_2 - INFO - current val_accuracy: 0.4628108903605592
2020-03-25 17:56:58,498 - exp_torch_topics_d128_entropy_i2000_b20_q100_sf512_2 - INFO - start step #32
2020-03-25 17:57:04,423 - exp_torch_topics_d128_entropy_i2000_b20_q100_sf512_2 - INFO - query idx: [80621 75454 42436 45671 54304 87031 14994 64529 69956  6388 44710 77765
 33186 35856 32773 28960 68788 55285 66236 58148]
2020-03-25 17:57:07,046 - exp_torch_topics_d128_entropy_i2000_b20_q100_sf512_2 - INFO - finish step #32 for 8.548123121261597 sec
2020-03-25 17:57:07,047 - exp_torch_topics_d128_entropy_i2000_b20_q100_sf512_2 - INFO - current val_accuracy: 0.4590139808682855
2020-03-25 17:57:07,047 - exp_torch_topics_d128_entropy_i2000_b20_q100_sf512_2 - INFO - start step #33
2020-03-25 17:57:13,033 - exp_torch_topics_d128_entropy_i2000_b20_q100_sf512_2 - INFO - query idx: [21436 38168 63016 13748 45077 86686 98087 16609 85711 74049 92016  8823
 96115 19946 24724 94512 38118 16175 12303 61812]
2020-03-25 17:57:15,758 - exp_torch_topics_d128_entropy_i2000_b20_q100_sf512_2 - INFO - finish step #33 for 8.71099066734314 sec
2020-03-25 17:57:15,758 - exp_torch_topics_d128_entropy_i2000_b20_q100_sf512_2 - INFO - current val_accuracy: 0.4603973509933775
2020-03-25 17:57:15,758 - exp_torch_topics_d128_entropy_i2000_b20_q100_sf512_2 - INFO - start step #34
2020-03-25 17:57:21,655 - exp_torch_topics_d128_entropy_i2000_b20_q100_sf512_2 - INFO - query idx: [81604 76131 24613 49234 55604  3103 87401 28017 24236 98008 38294 28393
 81023   171 13520 23531 49724 87372 58680 29795]
2020-03-25 17:57:24,266 - exp_torch_topics_d128_entropy_i2000_b20_q100_sf512_2 - INFO - finish step #34 for 8.507678985595703 sec
2020-03-25 17:57:24,266 - exp_torch_topics_d128_entropy_i2000_b20_q100_sf512_2 - INFO - current val_accuracy: 0.46233995584988963
2020-03-25 17:57:24,266 - exp_torch_topics_d128_entropy_i2000_b20_q100_sf512_2 - INFO - start step #35
2020-03-25 17:57:30,545 - exp_torch_topics_d128_entropy_i2000_b20_q100_sf512_2 - INFO - query idx: [13287 29126 77655 89517 39432 39038 57162   666 18226 57434 80174 79338
  5357 30091 61541 12667 96431  9495 42091 75858]
2020-03-25 17:57:33,206 - exp_torch_topics_d128_entropy_i2000_b20_q100_sf512_2 - INFO - finish step #35 for 8.939180850982666 sec
2020-03-25 17:57:33,206 - exp_torch_topics_d128_entropy_i2000_b20_q100_sf512_2 - INFO - current val_accuracy: 0.4601324503311258
2020-03-25 17:57:33,206 - exp_torch_topics_d128_entropy_i2000_b20_q100_sf512_2 - INFO - start step #36
2020-03-25 17:57:39,178 - exp_torch_topics_d128_entropy_i2000_b20_q100_sf512_2 - INFO - query idx: [54591 55565 33830 66088 75195 82199 22954 55898 63145 73832 58165 72194
 59839 38777 58630 94915  4026 78089  7640 29967]
2020-03-25 17:57:41,877 - exp_torch_topics_d128_entropy_i2000_b20_q100_sf512_2 - INFO - finish step #36 for 8.671010732650757 sec
2020-03-25 17:57:41,878 - exp_torch_topics_d128_entropy_i2000_b20_q100_sf512_2 - INFO - current val_accuracy: 0.46186902133922003
2020-03-25 17:57:41,879 - exp_torch_topics_d128_entropy_i2000_b20_q100_sf512_2 - INFO - start step #37
2020-03-25 17:57:47,816 - exp_torch_topics_d128_entropy_i2000_b20_q100_sf512_2 - INFO - query idx: [29006 82095 19687  8379 61275 95507 58670 72016 78800 80593 22489  5979
 76767 65207 26088 60711 71658 30524 13928 48666]
2020-03-25 17:57:50,480 - exp_torch_topics_d128_entropy_i2000_b20_q100_sf512_2 - INFO - finish step #37 for 8.601203918457031 sec
2020-03-25 17:57:50,480 - exp_torch_topics_d128_entropy_i2000_b20_q100_sf512_2 - INFO - current val_accuracy: 0.4615158204562178
2020-03-25 17:57:50,480 - exp_torch_topics_d128_entropy_i2000_b20_q100_sf512_2 - INFO - start step #38
2020-03-25 17:57:56,312 - exp_torch_topics_d128_entropy_i2000_b20_q100_sf512_2 - INFO - query idx: [45597 17097 11998 31302 24795 42466 55313 14658 78714 16098 52281 52704
   557 50934 45028 11686 47264 64423 77901  9660]
2020-03-25 17:57:58,981 - exp_torch_topics_d128_entropy_i2000_b20_q100_sf512_2 - INFO - finish step #38 for 8.50031304359436 sec
2020-03-25 17:57:58,981 - exp_torch_topics_d128_entropy_i2000_b20_q100_sf512_2 - INFO - current val_accuracy: 0.4657247976453274
2020-03-25 17:57:58,981 - exp_torch_topics_d128_entropy_i2000_b20_q100_sf512_2 - INFO - start step #39
2020-03-25 17:58:04,799 - exp_torch_topics_d128_entropy_i2000_b20_q100_sf512_2 - INFO - query idx: [64464  6562 29437 10095  4559 87428 50316 13238 25380 89799 75318 90522
 65148 13738 18935 55769 89022 55030 71532 87556]
2020-03-25 17:58:07,438 - exp_torch_topics_d128_entropy_i2000_b20_q100_sf512_2 - INFO - finish step #39 for 8.457264184951782 sec
2020-03-25 17:58:07,439 - exp_torch_topics_d128_entropy_i2000_b20_q100_sf512_2 - INFO - current val_accuracy: 0.4629580573951435
2020-03-25 17:58:07,439 - exp_torch_topics_d128_entropy_i2000_b20_q100_sf512_2 - INFO - start step #40
2020-03-25 17:58:13,258 - exp_torch_topics_d128_entropy_i2000_b20_q100_sf512_2 - INFO - query idx: [98878  5205 85426 60805 14364 83418 43462 65514 77204 95508 43756 76410
 31098 24823 31380 56124  2398 15921 40885 80474]
2020-03-25 17:58:15,963 - exp_torch_topics_d128_entropy_i2000_b20_q100_sf512_2 - INFO - finish step #40 for 8.52433180809021 sec
2020-03-25 17:58:15,963 - exp_torch_topics_d128_entropy_i2000_b20_q100_sf512_2 - INFO - current val_accuracy: 0.4619278881530537
2020-03-25 17:58:15,964 - exp_torch_topics_d128_entropy_i2000_b20_q100_sf512_2 - INFO - start step #41
2020-03-25 17:58:21,864 - exp_torch_topics_d128_entropy_i2000_b20_q100_sf512_2 - INFO - query idx: [93503  2632 90302 15626  7288 89671 39260 48248 84510 82920 54111 67141
 81338 83731 24003 78378 53406 97144 15439 47323]
2020-03-25 17:58:24,499 - exp_torch_topics_d128_entropy_i2000_b20_q100_sf512_2 - INFO - finish step #41 for 8.535013198852539 sec
2020-03-25 17:58:24,499 - exp_torch_topics_d128_entropy_i2000_b20_q100_sf512_2 - INFO - current val_accuracy: 0.4657247976453274
2020-03-25 17:58:24,499 - exp_torch_topics_d128_entropy_i2000_b20_q100_sf512_2 - INFO - start step #42
2020-03-25 17:58:30,510 - exp_torch_topics_d128_entropy_i2000_b20_q100_sf512_2 - INFO - query idx: [68777 91250 91561 65714 55046 59327   805 33198 49361 13664 40986 81129
 16569 42374 45348 27016 75448  1551 84462 82022]
2020-03-25 17:58:33,080 - exp_torch_topics_d128_entropy_i2000_b20_q100_sf512_2 - INFO - finish step #42 for 8.581013917922974 sec
2020-03-25 17:58:33,080 - exp_torch_topics_d128_entropy_i2000_b20_q100_sf512_2 - INFO - current val_accuracy: 0.4672553348050037
2020-03-25 17:58:33,081 - exp_torch_topics_d128_entropy_i2000_b20_q100_sf512_2 - INFO - start step #43
2020-03-25 17:58:38,954 - exp_torch_topics_d128_entropy_i2000_b20_q100_sf512_2 - INFO - query idx: [ 9601 34891 41152 21541 55140  9712 60818 30087 31753 42905 81067 76568
 27784  1269 97381 12876 71566  5369 22986 72072]
2020-03-25 17:58:41,700 - exp_torch_topics_d128_entropy_i2000_b20_q100_sf512_2 - INFO - finish step #43 for 8.619307041168213 sec
2020-03-25 17:58:41,700 - exp_torch_topics_d128_entropy_i2000_b20_q100_sf512_2 - INFO - current val_accuracy: 0.46186902133922003
2020-03-25 17:58:41,700 - exp_torch_topics_d128_entropy_i2000_b20_q100_sf512_2 - INFO - start step #44
2020-03-25 17:58:47,538 - exp_torch_topics_d128_entropy_i2000_b20_q100_sf512_2 - INFO - query idx: [24213 33342 92118    61 28661 66941 48684 85361 71436 95781 25596 76665
 54602 40745 32828 90463 61647 51820 15861  3115]
2020-03-25 17:58:50,221 - exp_torch_topics_d128_entropy_i2000_b20_q100_sf512_2 - INFO - finish step #44 for 8.520606994628906 sec
2020-03-25 17:58:50,221 - exp_torch_topics_d128_entropy_i2000_b20_q100_sf512_2 - INFO - current val_accuracy: 0.46669610007358353
2020-03-25 17:58:50,222 - exp_torch_topics_d128_entropy_i2000_b20_q100_sf512_2 - INFO - start step #45
2020-03-25 17:58:56,063 - exp_torch_topics_d128_entropy_i2000_b20_q100_sf512_2 - INFO - query idx: [13672 20756 81410 27575 86140  1990 95133 87730 76934 42276 51650 55361
 45748 67674 97982 58332 29260 75097 24361 25212]
2020-03-25 17:58:58,695 - exp_torch_topics_d128_entropy_i2000_b20_q100_sf512_2 - INFO - finish step #45 for 8.473251104354858 sec
2020-03-25 17:58:58,695 - exp_torch_topics_d128_entropy_i2000_b20_q100_sf512_2 - INFO - current val_accuracy: 0.46654893303899925
2020-03-25 17:58:58,695 - exp_torch_topics_d128_entropy_i2000_b20_q100_sf512_2 - INFO - start step #46
2020-03-25 17:59:04,492 - exp_torch_topics_d128_entropy_i2000_b20_q100_sf512_2 - INFO - query idx: [17062  6449 39301 37416 76881 27700 16834 61060  7026 63242 88401 50804
 28988 25198 87764 34324 79895 32931 19549 50760]
2020-03-25 17:59:07,182 - exp_torch_topics_d128_entropy_i2000_b20_q100_sf512_2 - INFO - finish step #46 for 8.486740112304688 sec
2020-03-25 17:59:07,182 - exp_torch_topics_d128_entropy_i2000_b20_q100_sf512_2 - INFO - current val_accuracy: 0.4606328182487123
2020-03-25 17:59:07,182 - exp_torch_topics_d128_entropy_i2000_b20_q100_sf512_2 - INFO - start step #47
2020-03-25 17:59:13,523 - exp_torch_topics_d128_entropy_i2000_b20_q100_sf512_2 - INFO - query idx: [30831    87   600 96223 31529 95743 53459 35307  7728  6638 53521 92055
 66838  6751 40690 41716 22496 55710 84106 20020]
2020-03-25 17:59:16,143 - exp_torch_topics_d128_entropy_i2000_b20_q100_sf512_2 - INFO - finish step #47 for 8.960043668746948 sec
2020-03-25 17:59:16,143 - exp_torch_topics_d128_entropy_i2000_b20_q100_sf512_2 - INFO - current val_accuracy: 0.4714643119941133
2020-03-25 17:59:16,143 - exp_torch_topics_d128_entropy_i2000_b20_q100_sf512_2 - INFO - start step #48
2020-03-25 17:59:22,000 - exp_torch_topics_d128_entropy_i2000_b20_q100_sf512_2 - INFO - query idx: [74988 15858 91471  1462 79621 19481   972  6624  5570 15451 25404 48534
 80204 12430 42365 83897 80220 76536 32579 15746]
2020-03-25 17:59:24,649 - exp_torch_topics_d128_entropy_i2000_b20_q100_sf512_2 - INFO - finish step #48 for 8.505681037902832 sec
2020-03-25 17:59:24,649 - exp_torch_topics_d128_entropy_i2000_b20_q100_sf512_2 - INFO - current val_accuracy: 0.4683149374540103
2020-03-25 17:59:24,649 - exp_torch_topics_d128_entropy_i2000_b20_q100_sf512_2 - INFO - start step #49
2020-03-25 17:59:30,497 - exp_torch_topics_d128_entropy_i2000_b20_q100_sf512_2 - INFO - query idx: [81727 23361 37015 75414 36474 70706 45664 40860 41816 72348 33117 28233
  1952 36856 96116 45879 78245  5546 95026 62108]
2020-03-25 17:59:33,237 - exp_torch_topics_d128_entropy_i2000_b20_q100_sf512_2 - INFO - finish step #49 for 8.587599039077759 sec
2020-03-25 17:59:33,237 - exp_torch_topics_d128_entropy_i2000_b20_q100_sf512_2 - INFO - current val_accuracy: 0.46339955849889625
2020-03-25 17:59:33,237 - exp_torch_topics_d128_entropy_i2000_b20_q100_sf512_2 - INFO - start step #50
2020-03-25 17:59:39,076 - exp_torch_topics_d128_entropy_i2000_b20_q100_sf512_2 - INFO - query idx: [45228 83516 96648 11360 30383  4972 30494 50827 40181 63313 81475  2048
 20631 22134 42105 30897 62156 10297  3956 65587]
2020-03-25 17:59:41,641 - exp_torch_topics_d128_entropy_i2000_b20_q100_sf512_2 - INFO - finish step #50 for 8.403929948806763 sec
2020-03-25 17:59:41,641 - exp_torch_topics_d128_entropy_i2000_b20_q100_sf512_2 - INFO - current val_accuracy: 0.4684326710816777
2020-03-25 17:59:41,641 - exp_torch_topics_d128_entropy_i2000_b20_q100_sf512_2 - INFO - start step #51
2020-03-25 17:59:47,659 - exp_torch_topics_d128_entropy_i2000_b20_q100_sf512_2 - INFO - query idx: [34823 76157  7128 19084 42428 97818 25974 71235 68816 69880 53416 81566
 55415  7214 69465 55975 84289 29327 34732 76596]
2020-03-25 17:59:50,314 - exp_torch_topics_d128_entropy_i2000_b20_q100_sf512_2 - INFO - finish step #51 for 8.672807931900024 sec
2020-03-25 17:59:50,314 - exp_torch_topics_d128_entropy_i2000_b20_q100_sf512_2 - INFO - current val_accuracy: 0.4615158204562178
2020-03-25 17:59:50,315 - exp_torch_topics_d128_entropy_i2000_b20_q100_sf512_2 - INFO - start step #52
2020-03-25 17:59:56,330 - exp_torch_topics_d128_entropy_i2000_b20_q100_sf512_2 - INFO - query idx: [   66 84298 63124 18472 91455 34145  4510 91208 52338 76427 19814 18876
 62639  1737 89385 74451 11132 21532 63598 75467]
2020-03-25 17:59:59,028 - exp_torch_topics_d128_entropy_i2000_b20_q100_sf512_2 - INFO - finish step #52 for 8.713522911071777 sec
2020-03-25 17:59:59,028 - exp_torch_topics_d128_entropy_i2000_b20_q100_sf512_2 - INFO - current val_accuracy: 0.46822663723325975
2020-03-25 17:59:59,029 - exp_torch_topics_d128_entropy_i2000_b20_q100_sf512_2 - INFO - start step #53
2020-03-25 18:00:04,968 - exp_torch_topics_d128_entropy_i2000_b20_q100_sf512_2 - INFO - query idx: [32531 35179  8315 52640  8080 19171 50511 94216 53865 17411 58374  9134
 96813 78591 84998 41192 39818 16557 35758 13318]
2020-03-25 18:00:07,595 - exp_torch_topics_d128_entropy_i2000_b20_q100_sf512_2 - INFO - finish step #53 for 8.566057920455933 sec
2020-03-25 18:00:07,595 - exp_torch_topics_d128_entropy_i2000_b20_q100_sf512_2 - INFO - current val_accuracy: 0.46566593083149377
2020-03-25 18:00:07,595 - exp_torch_topics_d128_entropy_i2000_b20_q100_sf512_2 - INFO - start step #54
2020-03-25 18:00:13,423 - exp_torch_topics_d128_entropy_i2000_b20_q100_sf512_2 - INFO - query idx: [51658 36135 62374 22187 14042 15724 19234  6684 21463 56516 40451 25159
 93207 84712 33861  1915 49328 52279 97730 90958]
2020-03-25 18:00:16,149 - exp_torch_topics_d128_entropy_i2000_b20_q100_sf512_2 - INFO - finish step #54 for 8.553364992141724 sec
2020-03-25 18:00:16,149 - exp_torch_topics_d128_entropy_i2000_b20_q100_sf512_2 - INFO - current val_accuracy: 0.4671670345842531
2020-03-25 18:00:16,149 - exp_torch_topics_d128_entropy_i2000_b20_q100_sf512_2 - INFO - start step #55
2020-03-25 18:00:22,033 - exp_torch_topics_d128_entropy_i2000_b20_q100_sf512_2 - INFO - query idx: [29615  3225 81678 98017 38073 95534 66685 66996 70125 80097 12700 53213
 36858 44437 30965 22463 35879 54351 78161 81168]
2020-03-25 18:00:24,689 - exp_torch_topics_d128_entropy_i2000_b20_q100_sf512_2 - INFO - finish step #55 for 8.540022850036621 sec
2020-03-25 18:00:24,689 - exp_torch_topics_d128_entropy_i2000_b20_q100_sf512_2 - INFO - current val_accuracy: 0.4652832965415747
2020-03-25 18:00:24,689 - exp_torch_topics_d128_entropy_i2000_b20_q100_sf512_2 - INFO - start step #56
2020-03-25 18:00:30,637 - exp_torch_topics_d128_entropy_i2000_b20_q100_sf512_2 - INFO - query idx: [53733 65346 42111 90377 37143 51899 73526 81215 49515 12738 29286 75907
 51190 94655 40090 80653 87270 71975 40153 25263]
2020-03-25 18:00:33,262 - exp_torch_topics_d128_entropy_i2000_b20_q100_sf512_2 - INFO - finish step #56 for 8.5728120803833 sec
2020-03-25 18:00:33,263 - exp_torch_topics_d128_entropy_i2000_b20_q100_sf512_2 - INFO - current val_accuracy: 0.46245768947755705
2020-03-25 18:00:33,263 - exp_torch_topics_d128_entropy_i2000_b20_q100_sf512_2 - INFO - start step #57
2020-03-25 18:00:39,286 - exp_torch_topics_d128_entropy_i2000_b20_q100_sf512_2 - INFO - query idx: [12053 53723 19577 49946 82040 96680 27152 91023 65927 77804 42989 36959
  4447 29079 70878 88506 59981 28656 79957 74820]
2020-03-25 18:00:42,507 - exp_torch_topics_d128_entropy_i2000_b20_q100_sf512_2 - INFO - finish step #57 for 9.244117975234985 sec
2020-03-25 18:00:42,509 - exp_torch_topics_d128_entropy_i2000_b20_q100_sf512_2 - INFO - current val_accuracy: 0.4646651949963208
2020-03-25 18:00:42,509 - exp_torch_topics_d128_entropy_i2000_b20_q100_sf512_2 - INFO - start step #58
2020-03-25 18:00:48,651 - exp_torch_topics_d128_entropy_i2000_b20_q100_sf512_2 - INFO - query idx: [20705 97407 65889 38629 25803 12054 44659 46352 13553 35007 74167 20168
 17471 56688 32413 53837 60455 84017 30673 13842]
2020-03-25 18:00:51,578 - exp_torch_topics_d128_entropy_i2000_b20_q100_sf512_2 - INFO - finish step #58 for 9.0694580078125 sec
2020-03-25 18:00:51,578 - exp_torch_topics_d128_entropy_i2000_b20_q100_sf512_2 - INFO - current val_accuracy: 0.4673436350257542
2020-03-25 18:00:51,579 - exp_torch_topics_d128_entropy_i2000_b20_q100_sf512_2 - INFO - start step #59
2020-03-25 18:01:01,139 - exp_torch_topics_d128_entropy_i2000_b20_q100_sf512_2 - INFO - query idx: [39967 50827 91119  3460 34430 61920 70749 32462 43570 74367 67398 85605
 46988 87825 92319  7862 16568 58214 37698 84981]
2020-03-25 18:01:04,322 - exp_torch_topics_d128_entropy_i2000_b20_q100_sf512_2 - INFO - finish step #59 for 12.743124008178711 sec
2020-03-25 18:01:04,322 - exp_torch_topics_d128_entropy_i2000_b20_q100_sf512_2 - INFO - current val_accuracy: 0.46660779985283296
2020-03-25 18:01:04,322 - exp_torch_topics_d128_entropy_i2000_b20_q100_sf512_2 - INFO - start step #60
2020-03-25 18:01:10,335 - exp_torch_topics_d128_entropy_i2000_b20_q100_sf512_2 - INFO - query idx: [94814  5907 55880 24828 31817 70894 30621 34475 40004 77670 80441 23435
 41786 20029 21951 72671 60854 90871 13138  8125]
2020-03-25 18:01:13,164 - exp_torch_topics_d128_entropy_i2000_b20_q100_sf512_2 - INFO - finish step #60 for 8.841599941253662 sec
2020-03-25 18:01:13,164 - exp_torch_topics_d128_entropy_i2000_b20_q100_sf512_2 - INFO - current val_accuracy: 0.4675496688741722
2020-03-25 18:01:13,164 - exp_torch_topics_d128_entropy_i2000_b20_q100_sf512_2 - INFO - start step #61
2020-03-25 18:01:19,074 - exp_torch_topics_d128_entropy_i2000_b20_q100_sf512_2 - INFO - query idx: [49772 31445 46366 65591 89108 30133 74930 24388 43901  8903 39279 34053
 44555 43840 42808 54662 46094 38918  8987 32159]
2020-03-25 18:01:21,779 - exp_torch_topics_d128_entropy_i2000_b20_q100_sf512_2 - INFO - finish step #61 for 8.614454984664917 sec
2020-03-25 18:01:21,779 - exp_torch_topics_d128_entropy_i2000_b20_q100_sf512_2 - INFO - current val_accuracy: 0.4704047093451067
2020-03-25 18:01:21,779 - exp_torch_topics_d128_entropy_i2000_b20_q100_sf512_2 - INFO - start step #62
2020-03-25 18:01:28,316 - exp_torch_topics_d128_entropy_i2000_b20_q100_sf512_2 - INFO - query idx: [  534 73669 59639 89776 87590 53986 78381   732 92286 59954 56026 38057
 82965 29822 88068 22759 65714 16213 61435 77618]
2020-03-25 18:01:31,162 - exp_torch_topics_d128_entropy_i2000_b20_q100_sf512_2 - INFO - finish step #62 for 9.382344007492065 sec
2020-03-25 18:01:31,162 - exp_torch_topics_d128_entropy_i2000_b20_q100_sf512_2 - INFO - current val_accuracy: 0.4665783664459161
2020-03-25 18:01:31,162 - exp_torch_topics_d128_entropy_i2000_b20_q100_sf512_2 - INFO - start step #63
2020-03-25 18:01:37,017 - exp_torch_topics_d128_entropy_i2000_b20_q100_sf512_2 - INFO - query idx: [68617 80223 32818  7766 54524 91183 52337 23079 10435 71337  5473 79781
 93285 52486 57536 55094 97673 11691 89863 69770]
2020-03-25 18:01:39,820 - exp_torch_topics_d128_entropy_i2000_b20_q100_sf512_2 - INFO - finish step #63 for 8.658101081848145 sec
2020-03-25 18:01:39,821 - exp_torch_topics_d128_entropy_i2000_b20_q100_sf512_2 - INFO - current val_accuracy: 0.4665194996320824
2020-03-25 18:01:39,821 - exp_torch_topics_d128_entropy_i2000_b20_q100_sf512_2 - INFO - start step #64
2020-03-25 18:01:45,612 - exp_torch_topics_d128_entropy_i2000_b20_q100_sf512_2 - INFO - query idx: [34570 16552  2937 97712 48488 64761 75812 70695 39792 66878  7833 40415
 97425 69434 64818  4860 19414 96610 76398 57920]
2020-03-25 18:01:48,410 - exp_torch_topics_d128_entropy_i2000_b20_q100_sf512_2 - INFO - finish step #64 for 8.589376211166382 sec
2020-03-25 18:01:48,410 - exp_torch_topics_d128_entropy_i2000_b20_q100_sf512_2 - INFO - current val_accuracy: 0.4720235467255335
2020-03-25 18:01:48,411 - exp_torch_topics_d128_entropy_i2000_b20_q100_sf512_2 - INFO - start step #65
2020-03-25 18:01:54,248 - exp_torch_topics_d128_entropy_i2000_b20_q100_sf512_2 - INFO - query idx: [82126 58164 39851 63140 35546 94572 94364 40084 12243  7577 22174 34013
 95763 12778 97637 57140 75698 28113 51692 35496]
2020-03-25 18:01:57,023 - exp_torch_topics_d128_entropy_i2000_b20_q100_sf512_2 - INFO - finish step #65 for 8.612160921096802 sec
2020-03-25 18:01:57,024 - exp_torch_topics_d128_entropy_i2000_b20_q100_sf512_2 - INFO - current val_accuracy: 0.4700515084621045
2020-03-25 18:01:57,024 - exp_torch_topics_d128_entropy_i2000_b20_q100_sf512_2 - INFO - start step #66
2020-03-25 18:02:03,107 - exp_torch_topics_d128_entropy_i2000_b20_q100_sf512_2 - INFO - query idx: [89387 22638 13635  6405 70503 10776 26264 47023 29224 78809 60687 79285
 29466 46471 85836 15521 38698 52665 40465 96571]
2020-03-25 18:02:05,944 - exp_torch_topics_d128_entropy_i2000_b20_q100_sf512_2 - INFO - finish step #66 for 8.920018196105957 sec
2020-03-25 18:02:05,944 - exp_torch_topics_d128_entropy_i2000_b20_q100_sf512_2 - INFO - current val_accuracy: 0.47084621044885944
2020-03-25 18:02:05,944 - exp_torch_topics_d128_entropy_i2000_b20_q100_sf512_2 - INFO - start step #67
2020-03-25 18:02:11,987 - exp_torch_topics_d128_entropy_i2000_b20_q100_sf512_2 - INFO - query idx: [53842 96953 39576 41008 47051 44936 48663 41293 22813 60805 59972 96621
   408 66443 57614 88666 18125  3542 67421 16211]
2020-03-25 18:02:14,890 - exp_torch_topics_d128_entropy_i2000_b20_q100_sf512_2 - INFO - finish step #67 for 8.945954084396362 sec
2020-03-25 18:02:14,891 - exp_torch_topics_d128_entropy_i2000_b20_q100_sf512_2 - INFO - current val_accuracy: 0.4714643119941133
2020-03-25 18:02:14,891 - exp_torch_topics_d128_entropy_i2000_b20_q100_sf512_2 - INFO - start step #68
2020-03-25 18:02:20,773 - exp_torch_topics_d128_entropy_i2000_b20_q100_sf512_2 - INFO - query idx: [55033 53524 48205  7663 68793 80270 40586 21672 77475 13202 50868 73638
 38354 49812 22106 43990  8896   991 97671 72649]
2020-03-25 18:02:23,452 - exp_torch_topics_d128_entropy_i2000_b20_q100_sf512_2 - INFO - finish step #68 for 8.560999870300293 sec
2020-03-25 18:02:23,452 - exp_torch_topics_d128_entropy_i2000_b20_q100_sf512_2 - INFO - current val_accuracy: 0.4733774834437086
2020-03-25 18:02:23,452 - exp_torch_topics_d128_entropy_i2000_b20_q100_sf512_2 - INFO - start step #69
2020-03-25 18:02:29,480 - exp_torch_topics_d128_entropy_i2000_b20_q100_sf512_2 - INFO - query idx: [  305  1756  9727 37101 88532 56470 44765 65981 78579 48185 70135 31374
  6233 83946 12900 85311 89508 41956 34411  1998]
2020-03-25 18:02:32,150 - exp_torch_topics_d128_entropy_i2000_b20_q100_sf512_2 - INFO - finish step #69 for 8.697353839874268 sec
2020-03-25 18:02:32,150 - exp_torch_topics_d128_entropy_i2000_b20_q100_sf512_2 - INFO - current val_accuracy: 0.47381898454746135
2020-03-25 18:02:32,150 - exp_torch_topics_d128_entropy_i2000_b20_q100_sf512_2 - INFO - start step #70
2020-03-25 18:02:38,047 - exp_torch_topics_d128_entropy_i2000_b20_q100_sf512_2 - INFO - query idx: [71277 10560 62417 62295 53599 41158 74747 80244 19573 14188 17895 27966
 37835  2902 95549 24819 64611 24418 49941 11972]
2020-03-25 18:02:40,892 - exp_torch_topics_d128_entropy_i2000_b20_q100_sf512_2 - INFO - finish step #70 for 8.741996049880981 sec
2020-03-25 18:02:40,892 - exp_torch_topics_d128_entropy_i2000_b20_q100_sf512_2 - INFO - current val_accuracy: 0.4747608535688006
2020-03-25 18:02:40,892 - exp_torch_topics_d128_entropy_i2000_b20_q100_sf512_2 - INFO - start step #71
2020-03-25 18:02:46,687 - exp_torch_topics_d128_entropy_i2000_b20_q100_sf512_2 - INFO - query idx: [24445 38824 45811 31911 28101 67563 72339 83571 13824 46418 40540 39325
 88143 17744 74808 11846  3919 16788 50189 71260]
2020-03-25 18:02:49,555 - exp_torch_topics_d128_entropy_i2000_b20_q100_sf512_2 - INFO - finish step #71 for 8.662233114242554 sec
2020-03-25 18:02:49,555 - exp_torch_topics_d128_entropy_i2000_b20_q100_sf512_2 - INFO - current val_accuracy: 0.4696394407652686
2020-03-25 18:02:49,555 - exp_torch_topics_d128_entropy_i2000_b20_q100_sf512_2 - INFO - start step #72
2020-03-25 18:02:55,389 - exp_torch_topics_d128_entropy_i2000_b20_q100_sf512_2 - INFO - query idx: [88612 43239 81380 69813   673 25872 90689 39029  2109 33259 36583 77591
 83297  3842 85299 53357 91686 32354 21424 91103]
2020-03-25 18:02:58,033 - exp_torch_topics_d128_entropy_i2000_b20_q100_sf512_2 - INFO - finish step #72 for 8.477359056472778 sec
2020-03-25 18:02:58,033 - exp_torch_topics_d128_entropy_i2000_b20_q100_sf512_2 - INFO - current val_accuracy: 0.4719941133186166
2020-03-25 18:02:58,033 - exp_torch_topics_d128_entropy_i2000_b20_q100_sf512_2 - INFO - start step #73
2020-03-25 18:03:09,947 - exp_torch_topics_d128_entropy_i2000_b20_q100_sf512_2 - INFO - query idx: [ 2200 50097 37842 41593 51915 81867 72935  5173 15080 37218  4452 16996
 19419  8669 79491 15975 89456 62329 95160 60777]
2020-03-25 18:03:17,026 - exp_torch_topics_d128_entropy_i2000_b20_q100_sf512_2 - INFO - finish step #73 for 18.992660999298096 sec
2020-03-25 18:03:17,026 - exp_torch_topics_d128_entropy_i2000_b20_q100_sf512_2 - INFO - current val_accuracy: 0.47175864606328183
2020-03-25 18:03:17,026 - exp_torch_topics_d128_entropy_i2000_b20_q100_sf512_2 - INFO - start step #74
2020-03-25 18:03:25,215 - exp_torch_topics_d128_entropy_i2000_b20_q100_sf512_2 - INFO - query idx: [96942 28462 83759 64677 61463 83134 85041 60091  1954 25686 80695 38120
 61621 36349 68834 33189 24601 41263 40844 27467]
2020-03-25 18:03:30,121 - exp_torch_topics_d128_entropy_i2000_b20_q100_sf512_2 - INFO - finish step #74 for 13.094344854354858 sec
2020-03-25 18:03:30,121 - exp_torch_topics_d128_entropy_i2000_b20_q100_sf512_2 - INFO - current val_accuracy: 0.4699926416482708
2020-03-25 18:03:30,121 - exp_torch_topics_d128_entropy_i2000_b20_q100_sf512_2 - INFO - start step #75
2020-03-25 18:03:39,571 - exp_torch_topics_d128_entropy_i2000_b20_q100_sf512_2 - INFO - query idx: [18031 75238 46927  4647 28921 21841 83209 25266 54895 74978 44413 77740
 88316  7703  9968 54299 92206 22102  8951 22376]
2020-03-25 18:03:46,266 - exp_torch_topics_d128_entropy_i2000_b20_q100_sf512_2 - INFO - finish step #75 for 16.14443302154541 sec
2020-03-25 18:03:46,266 - exp_torch_topics_d128_entropy_i2000_b20_q100_sf512_2 - INFO - current val_accuracy: 0.47402501839587935
2020-03-25 18:03:46,266 - exp_torch_topics_d128_entropy_i2000_b20_q100_sf512_2 - INFO - start step #76
2020-03-25 18:03:53,395 - exp_torch_topics_d128_entropy_i2000_b20_q100_sf512_2 - INFO - query idx: [20486 92018 78512 79496 71347 32940  8137 24575 87321 37094 81872 16811
 79770 75156 53793  6269 93349 70067 62068 84166]
2020-03-25 18:03:56,262 - exp_torch_topics_d128_entropy_i2000_b20_q100_sf512_2 - INFO - finish step #76 for 9.996074914932251 sec
2020-03-25 18:03:56,262 - exp_torch_topics_d128_entropy_i2000_b20_q100_sf512_2 - INFO - current val_accuracy: 0.4701692420897719
2020-03-25 18:03:56,263 - exp_torch_topics_d128_entropy_i2000_b20_q100_sf512_2 - INFO - start step #77
2020-03-25 18:04:02,163 - exp_torch_topics_d128_entropy_i2000_b20_q100_sf512_2 - INFO - query idx: [70896 27304 52446 84756  6903 93646 19104 38878 75125 29966 70757 87035
 79550 15291 37116  8455 31764  3659 23821 19423]
2020-03-25 18:04:04,934 - exp_torch_topics_d128_entropy_i2000_b20_q100_sf512_2 - INFO - finish step #77 for 8.671026229858398 sec
2020-03-25 18:04:04,934 - exp_torch_topics_d128_entropy_i2000_b20_q100_sf512_2 - INFO - current val_accuracy: 0.4724650478292862
2020-03-25 18:04:04,934 - exp_torch_topics_d128_entropy_i2000_b20_q100_sf512_2 - INFO - start step #78
2020-03-25 18:04:10,713 - exp_torch_topics_d128_entropy_i2000_b20_q100_sf512_2 - INFO - query idx: [89296 68221 42661 84602 61237 55181 89434 23715 94131 22360 29979 16138
 84742 57435 36241 68736 66284 17624 63752 91996]
2020-03-25 18:04:13,418 - exp_torch_topics_d128_entropy_i2000_b20_q100_sf512_2 - INFO - finish step #78 for 8.483656883239746 sec
2020-03-25 18:04:13,418 - exp_torch_topics_d128_entropy_i2000_b20_q100_sf512_2 - INFO - current val_accuracy: 0.47387785136129507
2020-03-25 18:04:13,418 - exp_torch_topics_d128_entropy_i2000_b20_q100_sf512_2 - INFO - start step #79
2020-03-25 18:04:19,304 - exp_torch_topics_d128_entropy_i2000_b20_q100_sf512_2 - INFO - query idx: [79044 64217 50579 50818 18409 61886 71125 18957  9395 73913  6770 56088
 64130 16855 82662 35172 59281 10802 90605 67174]
2020-03-25 18:04:22,101 - exp_torch_topics_d128_entropy_i2000_b20_q100_sf512_2 - INFO - finish step #79 for 8.682928085327148 sec
2020-03-25 18:04:22,101 - exp_torch_topics_d128_entropy_i2000_b20_q100_sf512_2 - INFO - current val_accuracy: 0.47655629139072847
2020-03-25 18:04:22,102 - exp_torch_topics_d128_entropy_i2000_b20_q100_sf512_2 - INFO - start step #80
2020-03-25 18:04:27,884 - exp_torch_topics_d128_entropy_i2000_b20_q100_sf512_2 - INFO - query idx: [88791 22624 42496 41075 88542 10894 24207 74692 25560 45540  7168 59467
 59778 49782 16214  7275 97149 85465 75225 67667]
2020-03-25 18:04:30,646 - exp_torch_topics_d128_entropy_i2000_b20_q100_sf512_2 - INFO - finish step #80 for 8.544302940368652 sec
2020-03-25 18:04:30,646 - exp_torch_topics_d128_entropy_i2000_b20_q100_sf512_2 - INFO - current val_accuracy: 0.4706990434142752
2020-03-25 18:04:30,646 - exp_torch_topics_d128_entropy_i2000_b20_q100_sf512_2 - INFO - start step #81
2020-03-25 18:04:36,586 - exp_torch_topics_d128_entropy_i2000_b20_q100_sf512_2 - INFO - query idx: [49998 17031 88240 46939 86831 89620 81486 44487 86006 73948 11886 87431
 60821 92735 95648 46791 73778 47350 25721 42973]
2020-03-25 18:04:39,380 - exp_torch_topics_d128_entropy_i2000_b20_q100_sf512_2 - INFO - finish step #81 for 8.733658075332642 sec
2020-03-25 18:04:39,380 - exp_torch_topics_d128_entropy_i2000_b20_q100_sf512_2 - INFO - current val_accuracy: 0.4764679911699779
2020-03-25 18:04:39,380 - exp_torch_topics_d128_entropy_i2000_b20_q100_sf512_2 - INFO - start step #82
2020-03-25 18:04:45,076 - exp_torch_topics_d128_entropy_i2000_b20_q100_sf512_2 - INFO - query idx: [ 5820 83472 91407 68161 52926 96668 16086 21891  8922 82196 37241 42243
 97745 66257 63631 43445 71393  6715 44944 18921]
2020-03-25 18:04:47,829 - exp_torch_topics_d128_entropy_i2000_b20_q100_sf512_2 - INFO - finish step #82 for 8.448008060455322 sec
2020-03-25 18:04:47,829 - exp_torch_topics_d128_entropy_i2000_b20_q100_sf512_2 - INFO - current val_accuracy: 0.4743193524650478
2020-03-25 18:04:47,829 - exp_torch_topics_d128_entropy_i2000_b20_q100_sf512_2 - INFO - start step #83
2020-03-25 18:04:53,561 - exp_torch_topics_d128_entropy_i2000_b20_q100_sf512_2 - INFO - query idx: [69098 81386 17364 77312 63068 83472  6012 20132 74826 24325  2881 70638
 55416 39053 59729  8002  1694 45170 26495 51721]
2020-03-25 18:04:56,284 - exp_torch_topics_d128_entropy_i2000_b20_q100_sf512_2 - INFO - finish step #83 for 8.454423904418945 sec
2020-03-25 18:04:56,284 - exp_torch_topics_d128_entropy_i2000_b20_q100_sf512_2 - INFO - current val_accuracy: 0.46984547461368653
2020-03-25 18:04:56,284 - exp_torch_topics_d128_entropy_i2000_b20_q100_sf512_2 - INFO - start step #84
2020-03-25 18:05:02,076 - exp_torch_topics_d128_entropy_i2000_b20_q100_sf512_2 - INFO - query idx: [ 6103 44404 96157 92335 69482 32668 84745 74542 37181 32217 19652 60001
 75420 82432  3473 93310 34511 90921   494 12861]
2020-03-25 18:05:04,773 - exp_torch_topics_d128_entropy_i2000_b20_q100_sf512_2 - INFO - finish step #84 for 8.488641023635864 sec
2020-03-25 18:05:04,773 - exp_torch_topics_d128_entropy_i2000_b20_q100_sf512_2 - INFO - current val_accuracy: 0.47567328918322294
2020-03-25 18:05:04,773 - exp_torch_topics_d128_entropy_i2000_b20_q100_sf512_2 - INFO - start step #85
2020-03-25 18:05:10,451 - exp_torch_topics_d128_entropy_i2000_b20_q100_sf512_2 - INFO - query idx: [55734 95923 44126 73213 40800   331  6159 85029 24665 59223 84490 18233
 75440 13887 37468 38773 93581 32870 28223 27301]
2020-03-25 18:05:13,242 - exp_torch_topics_d128_entropy_i2000_b20_q100_sf512_2 - INFO - finish step #85 for 8.46936583518982 sec
2020-03-25 18:05:13,244 - exp_torch_topics_d128_entropy_i2000_b20_q100_sf512_2 - INFO - current val_accuracy: 0.4783811626195732
2020-03-25 18:05:13,244 - exp_torch_topics_d128_entropy_i2000_b20_q100_sf512_2 - INFO - start step #86
2020-03-25 18:05:18,992 - exp_torch_topics_d128_entropy_i2000_b20_q100_sf512_2 - INFO - query idx: [26281 37036 16055  5790 11277 75116 37070 52944 71002 77330 45095 86808
   983 30101 41512 98140  1728   348 47623 59632]
2020-03-25 18:05:21,726 - exp_torch_topics_d128_entropy_i2000_b20_q100_sf512_2 - INFO - finish step #86 for 8.481166124343872 sec
2020-03-25 18:05:21,726 - exp_torch_topics_d128_entropy_i2000_b20_q100_sf512_2 - INFO - current val_accuracy: 0.4730242825607064
2020-03-25 18:05:21,726 - exp_torch_topics_d128_entropy_i2000_b20_q100_sf512_2 - INFO - start step #87
2020-03-25 18:05:27,429 - exp_torch_topics_d128_entropy_i2000_b20_q100_sf512_2 - INFO - query idx: [89884 35282 32422 63044 20475 14640 84697  4742 26811 28723 56992 67567
 64311 31907 50862 32158 16406 96778 13384 49413]
2020-03-25 18:05:30,124 - exp_torch_topics_d128_entropy_i2000_b20_q100_sf512_2 - INFO - finish step #87 for 8.39795207977295 sec
2020-03-25 18:05:30,124 - exp_torch_topics_d128_entropy_i2000_b20_q100_sf512_2 - INFO - current val_accuracy: 0.4783811626195732
2020-03-25 18:05:30,124 - exp_torch_topics_d128_entropy_i2000_b20_q100_sf512_2 - INFO - start step #88
2020-03-25 18:05:35,832 - exp_torch_topics_d128_entropy_i2000_b20_q100_sf512_2 - INFO - query idx: [ 5514 43678 81962 35719 29772 88592 59481   250 37926 34363 37784 22235
 36942 45686 58085 45203 76756 34572 18325 89050]
2020-03-25 18:05:38,583 - exp_torch_topics_d128_entropy_i2000_b20_q100_sf512_2 - INFO - finish step #88 for 8.458100080490112 sec
2020-03-25 18:05:38,583 - exp_torch_topics_d128_entropy_i2000_b20_q100_sf512_2 - INFO - current val_accuracy: 0.4833259749816041
2020-03-25 18:05:38,583 - exp_torch_topics_d128_entropy_i2000_b20_q100_sf512_2 - INFO - start step #89
2020-03-25 18:05:44,246 - exp_torch_topics_d128_entropy_i2000_b20_q100_sf512_2 - INFO - query idx: [57947 70845 30614  2258 90396 49836 37846 86123 73064 13045 26858 61861
 68024 66660 43877 36733 23634 18169 91643  4968]
2020-03-25 18:05:46,961 - exp_torch_topics_d128_entropy_i2000_b20_q100_sf512_2 - INFO - finish step #89 for 8.37753701210022 sec
2020-03-25 18:05:46,961 - exp_torch_topics_d128_entropy_i2000_b20_q100_sf512_2 - INFO - current val_accuracy: 0.4770566593083149
2020-03-25 18:05:46,961 - exp_torch_topics_d128_entropy_i2000_b20_q100_sf512_2 - INFO - start step #90
2020-03-25 18:05:52,565 - exp_torch_topics_d128_entropy_i2000_b20_q100_sf512_2 - INFO - query idx: [24898 20011 42284 88051 41234 25428 59020 72542 47306 50278 86490  6071
 31312 29682  8498 80456 69782 40318 69997 16042]
2020-03-25 18:05:55,310 - exp_torch_topics_d128_entropy_i2000_b20_q100_sf512_2 - INFO - finish step #90 for 8.349101066589355 sec
2020-03-25 18:05:55,310 - exp_torch_topics_d128_entropy_i2000_b20_q100_sf512_2 - INFO - current val_accuracy: 0.4777630610743194
2020-03-25 18:05:55,311 - exp_torch_topics_d128_entropy_i2000_b20_q100_sf512_2 - INFO - start step #91
2020-03-25 18:06:00,933 - exp_torch_topics_d128_entropy_i2000_b20_q100_sf512_2 - INFO - query idx: [76906  6621 89796 49218 65902 77504 56723 33465 13243 39448  8431 57733
 69436 93936 36740 63456 75114 89247 18166 38668]
2020-03-25 18:06:03,570 - exp_torch_topics_d128_entropy_i2000_b20_q100_sf512_2 - INFO - finish step #91 for 8.259229898452759 sec
2020-03-25 18:06:03,570 - exp_torch_topics_d128_entropy_i2000_b20_q100_sf512_2 - INFO - current val_accuracy: 0.48259013980868287
2020-03-25 18:06:03,570 - exp_torch_topics_d128_entropy_i2000_b20_q100_sf512_2 - INFO - start step #92
2020-03-25 18:06:09,285 - exp_torch_topics_d128_entropy_i2000_b20_q100_sf512_2 - INFO - query idx: [33387  3135 11734 76453 34137 46449 64673 75346 51341 38062  7806  7085
 11500 50378 63654 49461 11371 79166 77109 79844]
2020-03-25 18:06:11,959 - exp_torch_topics_d128_entropy_i2000_b20_q100_sf512_2 - INFO - finish step #92 for 8.388942956924438 sec
2020-03-25 18:06:11,961 - exp_torch_topics_d128_entropy_i2000_b20_q100_sf512_2 - INFO - current val_accuracy: 0.4804415011037528
2020-03-25 18:06:11,961 - exp_torch_topics_d128_entropy_i2000_b20_q100_sf512_2 - INFO - start step #93
2020-03-25 18:06:17,597 - exp_torch_topics_d128_entropy_i2000_b20_q100_sf512_2 - INFO - query idx: [ 9124 30639  3972 66103 40118 19040  2826 32524 20493 60478 23528 80367
 49468 79384 79369 65158 13643 66637 78925 58749]
2020-03-25 18:06:20,300 - exp_torch_topics_d128_entropy_i2000_b20_q100_sf512_2 - INFO - finish step #93 for 8.339006900787354 sec
2020-03-25 18:06:20,300 - exp_torch_topics_d128_entropy_i2000_b20_q100_sf512_2 - INFO - current val_accuracy: 0.48261957321559973
2020-03-25 18:06:20,300 - exp_torch_topics_d128_entropy_i2000_b20_q100_sf512_2 - INFO - start step #94
2020-03-25 18:06:25,898 - exp_torch_topics_d128_entropy_i2000_b20_q100_sf512_2 - INFO - query idx: [16144  7187 52427 76964 31687 55248 11495 95487 80001  5055 69596 44807
 90042 61284 46974 71056 38098 96116 46336 97360]
2020-03-25 18:06:28,619 - exp_torch_topics_d128_entropy_i2000_b20_q100_sf512_2 - INFO - finish step #94 for 8.318840742111206 sec
2020-03-25 18:06:28,619 - exp_torch_topics_d128_entropy_i2000_b20_q100_sf512_2 - INFO - current val_accuracy: 0.48055923473142015
2020-03-25 18:06:28,620 - exp_torch_topics_d128_entropy_i2000_b20_q100_sf512_2 - INFO - start step #95
2020-03-25 18:06:34,186 - exp_torch_topics_d128_entropy_i2000_b20_q100_sf512_2 - INFO - query idx: [ 9130 92402 77064  9949 58742 41916 15509 43571 60584 82619 64593 66962
 20328 29627 30721  5768 47985 89703 23980 52429]
2020-03-25 18:06:36,940 - exp_torch_topics_d128_entropy_i2000_b20_q100_sf512_2 - INFO - finish step #95 for 8.320714950561523 sec
2020-03-25 18:06:36,941 - exp_torch_topics_d128_entropy_i2000_b20_q100_sf512_2 - INFO - current val_accuracy: 0.4807652685798381
2020-03-25 18:06:36,941 - exp_torch_topics_d128_entropy_i2000_b20_q100_sf512_2 - INFO - start step #96
2020-03-25 18:06:43,361 - exp_torch_topics_d128_entropy_i2000_b20_q100_sf512_2 - INFO - query idx: [73163 45408 59495 91287 92469 88286 21413  3677 61341 19343 30573 63003
 62020 75297 21571 48268 71721 75897 37819 46533]
2020-03-25 18:06:46,454 - exp_torch_topics_d128_entropy_i2000_b20_q100_sf512_2 - INFO - finish step #96 for 9.513409852981567 sec
2020-03-25 18:06:46,454 - exp_torch_topics_d128_entropy_i2000_b20_q100_sf512_2 - INFO - current val_accuracy: 0.47870493009565857
2020-03-25 18:06:46,455 - exp_torch_topics_d128_entropy_i2000_b20_q100_sf512_2 - INFO - start step #97
2020-03-25 18:06:52,533 - exp_torch_topics_d128_entropy_i2000_b20_q100_sf512_2 - INFO - query idx: [65901 24402 19087 52954 71024 46337 73964 93994 36498  2127 61587 65695
 82930 27526 97257 75455 67468 31299 25810 37471]
2020-03-25 18:06:55,287 - exp_torch_topics_d128_entropy_i2000_b20_q100_sf512_2 - INFO - finish step #97 for 8.832648992538452 sec
2020-03-25 18:06:55,288 - exp_torch_topics_d128_entropy_i2000_b20_q100_sf512_2 - INFO - current val_accuracy: 0.48362030905077263
2020-03-25 18:06:55,289 - exp_torch_topics_d128_entropy_i2000_b20_q100_sf512_2 - INFO - start step #98
2020-03-25 18:07:00,925 - exp_torch_topics_d128_entropy_i2000_b20_q100_sf512_2 - INFO - query idx: [25265 67767 24325 79052 30208 32351 24522 35533 30716 59416 71558 94538
 68731  8635 73463 59597 49576 15677 24448 15234]
2020-03-25 18:07:03,808 - exp_torch_topics_d128_entropy_i2000_b20_q100_sf512_2 - INFO - finish step #98 for 8.519160985946655 sec
2020-03-25 18:07:03,808 - exp_torch_topics_d128_entropy_i2000_b20_q100_sf512_2 - INFO - current val_accuracy: 0.48294334069168504
2020-03-25 18:07:03,808 - exp_torch_topics_d128_entropy_i2000_b20_q100_sf512_2 - INFO - start step #99
2020-03-25 18:07:09,617 - exp_torch_topics_d128_entropy_i2000_b20_q100_sf512_2 - INFO - query idx: [ 2862 14363 70520 83808 48652 89481 60564 57640 89222  2975 71742 45587
 28654 81953 15750  2453 77503  7841 31710 96103]
2020-03-25 18:07:12,595 - exp_torch_topics_d128_entropy_i2000_b20_q100_sf512_2 - INFO - finish step #99 for 8.786631345748901 sec
2020-03-25 18:07:12,595 - exp_torch_topics_d128_entropy_i2000_b20_q100_sf512_2 - INFO - current val_accuracy: 0.4826784400294334
2020-03-25 18:07:12,595 - exp_torch_topics_d128_entropy_i2000_b20_q100_sf512_2 - INFO - finish experiment process for 956.046003818512 sec
