2020-03-13 02:01:35,081 - exp_topics_entropy_top_4_i2000_b20_4 - INFO - start experiment process
2020-03-13 02:01:42,010 - exp_topics_entropy_top_4_i2000_b20_4 - INFO - initial val_accuracy: 0.48259014
2020-03-13 02:01:42,016 - exp_topics_entropy_top_4_i2000_b20_4 - INFO - start step #0
2020-03-13 02:01:51,170 - exp_topics_entropy_top_4_i2000_b20_4 - INFO - finish step #0 for 9.152611017227173 sec
2020-03-13 02:01:51,175 - exp_topics_entropy_top_4_i2000_b20_4 - INFO - current val_accuracy: 0.48841795
2020-03-13 02:01:51,177 - exp_topics_entropy_top_4_i2000_b20_4 - INFO - start step #1
2020-03-13 02:01:57,121 - exp_topics_entropy_top_4_i2000_b20_4 - INFO - finish step #1 for 5.944356918334961 sec
2020-03-13 02:01:57,123 - exp_topics_entropy_top_4_i2000_b20_4 - INFO - current val_accuracy: 0.49112582
2020-03-13 02:01:57,124 - exp_topics_entropy_top_4_i2000_b20_4 - INFO - start step #2
2020-03-13 02:02:05,110 - exp_topics_entropy_top_4_i2000_b20_4 - INFO - finish step #2 for 7.98537278175354 sec
2020-03-13 02:02:05,114 - exp_topics_entropy_top_4_i2000_b20_4 - INFO - current val_accuracy: 0.4941869
2020-03-13 02:02:05,117 - exp_topics_entropy_top_4_i2000_b20_4 - INFO - start step #3
2020-03-13 02:02:15,918 - exp_topics_entropy_top_4_i2000_b20_4 - INFO - finish step #3 for 10.799560308456421 sec
2020-03-13 02:02:15,922 - exp_topics_entropy_top_4_i2000_b20_4 - INFO - current val_accuracy: 0.4925092
2020-03-13 02:02:15,923 - exp_topics_entropy_top_4_i2000_b20_4 - INFO - start step #4
2020-03-13 02:02:24,707 - exp_topics_entropy_top_4_i2000_b20_4 - INFO - finish step #4 for 8.783147096633911 sec
2020-03-13 02:02:24,731 - exp_topics_entropy_top_4_i2000_b20_4 - INFO - current val_accuracy: 0.49380428
2020-03-13 02:02:24,732 - exp_topics_entropy_top_4_i2000_b20_4 - INFO - start step #5
2020-03-13 02:02:31,211 - exp_topics_entropy_top_4_i2000_b20_4 - INFO - finish step #5 for 6.477164030075073 sec
2020-03-13 02:02:31,215 - exp_topics_entropy_top_4_i2000_b20_4 - INFO - current val_accuracy: 0.49662986
2020-03-13 02:02:31,216 - exp_topics_entropy_top_4_i2000_b20_4 - INFO - start step #6
2020-03-13 02:02:38,154 - exp_topics_entropy_top_4_i2000_b20_4 - INFO - finish step #6 for 6.93467116355896 sec
2020-03-13 02:02:38,161 - exp_topics_entropy_top_4_i2000_b20_4 - INFO - current val_accuracy: 0.49680647
2020-03-13 02:02:38,163 - exp_topics_entropy_top_4_i2000_b20_4 - INFO - start step #7
2020-03-13 02:02:43,886 - exp_topics_entropy_top_4_i2000_b20_4 - INFO - finish step #7 for 5.722357988357544 sec
2020-03-13 02:02:43,887 - exp_topics_entropy_top_4_i2000_b20_4 - INFO - current val_accuracy: 0.5033701
2020-03-13 02:02:43,887 - exp_topics_entropy_top_4_i2000_b20_4 - INFO - start step #8
2020-03-13 02:02:51,878 - exp_topics_entropy_top_4_i2000_b20_4 - INFO - finish step #8 for 7.989844083786011 sec
2020-03-13 02:02:51,880 - exp_topics_entropy_top_4_i2000_b20_4 - INFO - current val_accuracy: 0.49924946
2020-03-13 02:02:51,881 - exp_topics_entropy_top_4_i2000_b20_4 - INFO - start step #9
2020-03-13 02:02:58,311 - exp_topics_entropy_top_4_i2000_b20_4 - INFO - finish step #9 for 6.429654121398926 sec
2020-03-13 02:02:58,314 - exp_topics_entropy_top_4_i2000_b20_4 - INFO - current val_accuracy: 0.4964533
2020-03-13 02:02:58,316 - exp_topics_entropy_top_4_i2000_b20_4 - INFO - start step #10
2020-03-13 02:03:04,936 - exp_topics_entropy_top_4_i2000_b20_4 - INFO - finish step #10 for 6.619297981262207 sec
2020-03-13 02:03:04,939 - exp_topics_entropy_top_4_i2000_b20_4 - INFO - current val_accuracy: 0.499014
2020-03-13 02:03:04,940 - exp_topics_entropy_top_4_i2000_b20_4 - INFO - start step #11
2020-03-13 02:03:11,641 - exp_topics_entropy_top_4_i2000_b20_4 - INFO - finish step #11 for 6.698868036270142 sec
2020-03-13 02:03:11,647 - exp_topics_entropy_top_4_i2000_b20_4 - INFO - current val_accuracy: 0.502546
2020-03-13 02:03:11,648 - exp_topics_entropy_top_4_i2000_b20_4 - INFO - start step #12
2020-03-13 02:03:16,938 - exp_topics_entropy_top_4_i2000_b20_4 - INFO - finish step #12 for 5.28954291343689 sec
2020-03-13 02:03:16,939 - exp_topics_entropy_top_4_i2000_b20_4 - INFO - current val_accuracy: 0.501457
2020-03-13 02:03:16,939 - exp_topics_entropy_top_4_i2000_b20_4 - INFO - start step #13
2020-03-13 02:03:24,636 - exp_topics_entropy_top_4_i2000_b20_4 - INFO - finish step #13 for 7.696084022521973 sec
2020-03-13 02:03:24,638 - exp_topics_entropy_top_4_i2000_b20_4 - INFO - current val_accuracy: 0.50181013
2020-03-13 02:03:24,638 - exp_topics_entropy_top_4_i2000_b20_4 - INFO - start step #14
2020-03-13 02:03:31,027 - exp_topics_entropy_top_4_i2000_b20_4 - INFO - finish step #14 for 6.387982130050659 sec
2020-03-13 02:03:31,030 - exp_topics_entropy_top_4_i2000_b20_4 - INFO - current val_accuracy: 0.4984842
2020-03-13 02:03:31,031 - exp_topics_entropy_top_4_i2000_b20_4 - INFO - start step #15
2020-03-13 02:03:38,333 - exp_topics_entropy_top_4_i2000_b20_4 - INFO - finish step #15 for 7.30181884765625 sec
2020-03-13 02:03:38,335 - exp_topics_entropy_top_4_i2000_b20_4 - INFO - current val_accuracy: 0.50407654
2020-03-13 02:03:38,336 - exp_topics_entropy_top_4_i2000_b20_4 - INFO - start step #16
2020-03-13 02:03:44,813 - exp_topics_entropy_top_4_i2000_b20_4 - INFO - finish step #16 for 6.474712133407593 sec
2020-03-13 02:03:44,817 - exp_topics_entropy_top_4_i2000_b20_4 - INFO - current val_accuracy: 0.50313467
2020-03-13 02:03:44,818 - exp_topics_entropy_top_4_i2000_b20_4 - INFO - start step #17
2020-03-13 02:03:50,945 - exp_topics_entropy_top_4_i2000_b20_4 - INFO - finish step #17 for 6.125343084335327 sec
2020-03-13 02:03:50,948 - exp_topics_entropy_top_4_i2000_b20_4 - INFO - current val_accuracy: 0.5051656
2020-03-13 02:03:50,948 - exp_topics_entropy_top_4_i2000_b20_4 - INFO - start step #18
2020-03-13 02:03:57,785 - exp_topics_entropy_top_4_i2000_b20_4 - INFO - finish step #18 for 6.8341169357299805 sec
2020-03-13 02:03:57,790 - exp_topics_entropy_top_4_i2000_b20_4 - INFO - current val_accuracy: 0.5023105
2020-03-13 02:03:57,791 - exp_topics_entropy_top_4_i2000_b20_4 - INFO - start step #19
2020-03-13 02:04:03,302 - exp_topics_entropy_top_4_i2000_b20_4 - INFO - finish step #19 for 5.511064052581787 sec
2020-03-13 02:04:03,304 - exp_topics_entropy_top_4_i2000_b20_4 - INFO - current val_accuracy: 0.5051656
2020-03-13 02:04:03,304 - exp_topics_entropy_top_4_i2000_b20_4 - INFO - start step #20
2020-03-13 02:04:11,395 - exp_topics_entropy_top_4_i2000_b20_4 - INFO - finish step #20 for 8.089914083480835 sec
2020-03-13 02:04:11,400 - exp_topics_entropy_top_4_i2000_b20_4 - INFO - current val_accuracy: 0.5041354
2020-03-13 02:04:11,401 - exp_topics_entropy_top_4_i2000_b20_4 - INFO - start step #21
2020-03-13 02:04:17,417 - exp_topics_entropy_top_4_i2000_b20_4 - INFO - finish step #21 for 6.015422821044922 sec
2020-03-13 02:04:17,419 - exp_topics_entropy_top_4_i2000_b20_4 - INFO - current val_accuracy: 0.50154525
2020-03-13 02:04:17,419 - exp_topics_entropy_top_4_i2000_b20_4 - INFO - start step #22
2020-03-13 02:04:24,617 - exp_topics_entropy_top_4_i2000_b20_4 - INFO - finish step #22 for 7.196720123291016 sec
2020-03-13 02:04:24,619 - exp_topics_entropy_top_4_i2000_b20_4 - INFO - current val_accuracy: 0.49989697
2020-03-13 02:04:24,619 - exp_topics_entropy_top_4_i2000_b20_4 - INFO - start step #23
2020-03-13 02:04:30,788 - exp_topics_entropy_top_4_i2000_b20_4 - INFO - finish step #23 for 6.1659157276153564 sec
2020-03-13 02:04:30,792 - exp_topics_entropy_top_4_i2000_b20_4 - INFO - current val_accuracy: 0.50734365
2020-03-13 02:04:30,814 - exp_topics_entropy_top_4_i2000_b20_4 - INFO - start step #24
2020-03-13 02:04:37,008 - exp_topics_entropy_top_4_i2000_b20_4 - INFO - finish step #24 for 6.193204879760742 sec
2020-03-13 02:04:37,010 - exp_topics_entropy_top_4_i2000_b20_4 - INFO - current val_accuracy: 0.5066372
2020-03-13 02:04:37,011 - exp_topics_entropy_top_4_i2000_b20_4 - INFO - start step #25
2020-03-13 02:04:43,934 - exp_topics_entropy_top_4_i2000_b20_4 - INFO - finish step #25 for 6.921734809875488 sec
2020-03-13 02:04:43,940 - exp_topics_entropy_top_4_i2000_b20_4 - INFO - current val_accuracy: 0.5077557
2020-03-13 02:04:43,941 - exp_topics_entropy_top_4_i2000_b20_4 - INFO - start step #26
2020-03-13 02:04:49,507 - exp_topics_entropy_top_4_i2000_b20_4 - INFO - finish step #26 for 5.565267086029053 sec
2020-03-13 02:04:49,509 - exp_topics_entropy_top_4_i2000_b20_4 - INFO - current val_accuracy: 0.5073731
2020-03-13 02:04:49,510 - exp_topics_entropy_top_4_i2000_b20_4 - INFO - start step #27
2020-03-13 02:04:58,109 - exp_topics_entropy_top_4_i2000_b20_4 - INFO - finish step #27 for 8.59820818901062 sec
2020-03-13 02:04:58,111 - exp_topics_entropy_top_4_i2000_b20_4 - INFO - current val_accuracy: 0.510493
2020-03-13 02:04:58,111 - exp_topics_entropy_top_4_i2000_b20_4 - INFO - start step #28
2020-03-13 02:05:03,988 - exp_topics_entropy_top_4_i2000_b20_4 - INFO - finish step #28 for 5.875200033187866 sec
2020-03-13 02:05:03,992 - exp_topics_entropy_top_4_i2000_b20_4 - INFO - current val_accuracy: 0.51025754
2020-03-13 02:05:03,993 - exp_topics_entropy_top_4_i2000_b20_4 - INFO - start step #29
2020-03-13 02:05:11,045 - exp_topics_entropy_top_4_i2000_b20_4 - INFO - finish step #29 for 7.05073618888855 sec
2020-03-13 02:05:11,047 - exp_topics_entropy_top_4_i2000_b20_4 - INFO - current val_accuracy: 0.5092862
2020-03-13 02:05:11,048 - exp_topics_entropy_top_4_i2000_b20_4 - INFO - finish experiment process for 215.94110798835754 sec
