2020-03-29 17:37:15,433 - exp_torch_topics_d128_passive_i2000_b20_q100_up512_2 - INFO - start experiment process
2020-03-29 17:37:23,922 - exp_torch_topics_d128_passive_i2000_b20_q100_up512_2 - INFO - initial val_accuracy: 0.444532744665195
2020-03-29 17:37:23,925 - exp_torch_topics_d128_passive_i2000_b20_q100_up512_2 - INFO - start step #0
2020-03-29 17:37:23,991 - exp_torch_topics_d128_passive_i2000_b20_q100_up512_2 - INFO - query idx: [63094 15887 31636 86446 98239 19668  1663 30715 23747 66434 54495 44493
 63039 23179 75920 44077 62456 33158 15524 33684]
2020-03-29 17:37:39,752 - exp_torch_topics_d128_passive_i2000_b20_q100_up512_2 - INFO - finish step #0 for 15.826996803283691 sec
2020-03-29 17:37:39,755 - exp_torch_topics_d128_passive_i2000_b20_q100_up512_2 - INFO - current val_accuracy: 0.44662251655629137
2020-03-29 17:37:39,756 - exp_torch_topics_d128_passive_i2000_b20_q100_up512_2 - INFO - start step #1
2020-03-29 17:37:39,759 - exp_torch_topics_d128_passive_i2000_b20_q100_up512_2 - INFO - query idx: [43555 45963 79502 43662 48107 47795  6096  4695 75821   918  9905 92606
 48990 50698 48440 65112 10494 89253 62679 71174]
2020-03-29 17:37:45,848 - exp_torch_topics_d128_passive_i2000_b20_q100_up512_2 - INFO - finish step #1 for 6.091921806335449 sec
2020-03-29 17:37:45,848 - exp_torch_topics_d128_passive_i2000_b20_q100_up512_2 - INFO - current val_accuracy: 0.4438263428991906
2020-03-29 17:37:45,848 - exp_torch_topics_d128_passive_i2000_b20_q100_up512_2 - INFO - start step #2
2020-03-29 17:37:45,849 - exp_torch_topics_d128_passive_i2000_b20_q100_up512_2 - INFO - query idx: [85744 18011 19258  2536 16291 96643 74656  2996 19215 67250 26770 55807
 18965 23625 31183 78866 30493 27340 55327 40106]
2020-03-29 17:37:52,744 - exp_torch_topics_d128_passive_i2000_b20_q100_up512_2 - INFO - finish step #2 for 6.896235942840576 sec
2020-03-29 17:37:52,745 - exp_torch_topics_d128_passive_i2000_b20_q100_up512_2 - INFO - current val_accuracy: 0.4422075055187638
2020-03-29 17:37:52,748 - exp_torch_topics_d128_passive_i2000_b20_q100_up512_2 - INFO - start step #3
2020-03-29 17:37:52,756 - exp_torch_topics_d128_passive_i2000_b20_q100_up512_2 - INFO - query idx: [54381 90953 87865 82593 60101 16933 58132 28935 71612 95903 69589 73621
 52198 96106 14114 83192 89558 19644 92047 43228]
2020-03-29 17:38:01,400 - exp_torch_topics_d128_passive_i2000_b20_q100_up512_2 - INFO - finish step #3 for 8.650961875915527 sec
2020-03-29 17:38:01,401 - exp_torch_topics_d128_passive_i2000_b20_q100_up512_2 - INFO - current val_accuracy: 0.44579838116261955
2020-03-29 17:38:01,401 - exp_torch_topics_d128_passive_i2000_b20_q100_up512_2 - INFO - start step #4
2020-03-29 17:38:01,536 - exp_torch_topics_d128_passive_i2000_b20_q100_up512_2 - INFO - query idx: [14855 73678 14659 15964 50714 62109 39074 75950 99361 23116 44534 13423
 66175 63908 74476 23725 66459 57785 94610 53541]
2020-03-29 17:38:10,895 - exp_torch_topics_d128_passive_i2000_b20_q100_up512_2 - INFO - finish step #4 for 9.494327783584595 sec
2020-03-29 17:38:10,898 - exp_torch_topics_d128_passive_i2000_b20_q100_up512_2 - INFO - current val_accuracy: 0.4493598233995585
2020-03-29 17:38:10,898 - exp_torch_topics_d128_passive_i2000_b20_q100_up512_2 - INFO - start step #5
2020-03-29 17:38:10,924 - exp_torch_topics_d128_passive_i2000_b20_q100_up512_2 - INFO - query idx: [56070 73668 85826 27188 66397 84190  5692 81854 14124 73598 33177  2928
 35949 48169 62652 30172 33154 70239 87554 49498]
2020-03-29 17:38:17,397 - exp_torch_topics_d128_passive_i2000_b20_q100_up512_2 - INFO - finish step #5 for 6.499012231826782 sec
2020-03-29 17:38:17,397 - exp_torch_topics_d128_passive_i2000_b20_q100_up512_2 - INFO - current val_accuracy: 0.44830022075055187
2020-03-29 17:38:17,398 - exp_torch_topics_d128_passive_i2000_b20_q100_up512_2 - INFO - start step #6
2020-03-29 17:38:17,398 - exp_torch_topics_d128_passive_i2000_b20_q100_up512_2 - INFO - query idx: [69270 23510 14632 62550 12984 10352 37182 85430 38887 71323 47609 36966
 31365 79791 86558 60669 19107 67237 31681  1537]
2020-03-29 17:38:20,643 - exp_torch_topics_d128_passive_i2000_b20_q100_up512_2 - INFO - finish step #6 for 3.2451021671295166 sec
2020-03-29 17:38:20,643 - exp_torch_topics_d128_passive_i2000_b20_q100_up512_2 - INFO - current val_accuracy: 0.4472111846946284
2020-03-29 17:38:20,644 - exp_torch_topics_d128_passive_i2000_b20_q100_up512_2 - INFO - start step #7
2020-03-29 17:38:20,644 - exp_torch_topics_d128_passive_i2000_b20_q100_up512_2 - INFO - query idx: [46902 59467 72754 66596 52974 57434 85830 88262 15487 48093 88270 38144
 23140 48644 19776 13498 84997 43912 99472 38270]
2020-03-29 17:38:24,573 - exp_torch_topics_d128_passive_i2000_b20_q100_up512_2 - INFO - finish step #7 for 3.929192066192627 sec
2020-03-29 17:38:24,573 - exp_torch_topics_d128_passive_i2000_b20_q100_up512_2 - INFO - current val_accuracy: 0.445121412803532
2020-03-29 17:38:24,573 - exp_torch_topics_d128_passive_i2000_b20_q100_up512_2 - INFO - start step #8
2020-03-29 17:38:24,575 - exp_torch_topics_d128_passive_i2000_b20_q100_up512_2 - INFO - query idx: [ 8964 80312 33182 44509  6920 37170 44451 28571  3098 70776 79483 55819
 50240 88265 40884 68696 23299 88196 58602  7831]
2020-03-29 17:38:27,455 - exp_torch_topics_d128_passive_i2000_b20_q100_up512_2 - INFO - finish step #8 for 2.8818790912628174 sec
2020-03-29 17:38:27,456 - exp_torch_topics_d128_passive_i2000_b20_q100_up512_2 - INFO - current val_accuracy: 0.44700515084621045
2020-03-29 17:38:27,456 - exp_torch_topics_d128_passive_i2000_b20_q100_up512_2 - INFO - start step #9
2020-03-29 17:38:27,456 - exp_torch_topics_d128_passive_i2000_b20_q100_up512_2 - INFO - query idx: [ 9494 11886 41171 54481 22386 35527 33881 92519 49201 84628 87468 30979
 51997 97377 50881 32574 24278 78786 42499  6072]
2020-03-29 17:38:30,764 - exp_torch_topics_d128_passive_i2000_b20_q100_up512_2 - INFO - finish step #9 for 3.308382987976074 sec
2020-03-29 17:38:30,765 - exp_torch_topics_d128_passive_i2000_b20_q100_up512_2 - INFO - current val_accuracy: 0.4500367917586461
2020-03-29 17:38:30,765 - exp_torch_topics_d128_passive_i2000_b20_q100_up512_2 - INFO - start step #10
2020-03-29 17:38:30,765 - exp_torch_topics_d128_passive_i2000_b20_q100_up512_2 - INFO - query idx: [18234 30245 78268 22825 72310 20014 57071 47246 92289 88278 81700 91416
 76076 67457 42702 68189 13552  9337 35719 32947]
2020-03-29 17:38:37,722 - exp_torch_topics_d128_passive_i2000_b20_q100_up512_2 - INFO - finish step #10 for 6.956405878067017 sec
2020-03-29 17:38:37,722 - exp_torch_topics_d128_passive_i2000_b20_q100_up512_2 - INFO - current val_accuracy: 0.45445180279617364
2020-03-29 17:38:37,722 - exp_torch_topics_d128_passive_i2000_b20_q100_up512_2 - INFO - start step #11
2020-03-29 17:38:37,769 - exp_torch_topics_d128_passive_i2000_b20_q100_up512_2 - INFO - query idx: [24012 87965 40707 28427 20988 49745 40869   510 11127 37313 88973 83518
 93906 92041 10982 66126 67331 26469  8202 33694]
2020-03-29 17:38:59,722 - exp_torch_topics_d128_passive_i2000_b20_q100_up512_2 - INFO - finish step #11 for 21.997817039489746 sec
2020-03-29 17:38:59,726 - exp_torch_topics_d128_passive_i2000_b20_q100_up512_2 - INFO - current val_accuracy: 0.45177336276674024
2020-03-29 17:38:59,726 - exp_torch_topics_d128_passive_i2000_b20_q100_up512_2 - INFO - start step #12
2020-03-29 17:38:59,742 - exp_torch_topics_d128_passive_i2000_b20_q100_up512_2 - INFO - query idx: [37936 32768 24516 66829 29397 68711 61419 83624 71066 23840 18388  5782
 76708 72078 67454 95017 30441 62758 36754  6091]
2020-03-29 17:39:11,539 - exp_torch_topics_d128_passive_i2000_b20_q100_up512_2 - INFO - finish step #12 for 11.812343120574951 sec
2020-03-29 17:39:11,544 - exp_torch_topics_d128_passive_i2000_b20_q100_up512_2 - INFO - current val_accuracy: 0.450242825607064
2020-03-29 17:39:11,544 - exp_torch_topics_d128_passive_i2000_b20_q100_up512_2 - INFO - start step #13
2020-03-29 17:39:11,549 - exp_torch_topics_d128_passive_i2000_b20_q100_up512_2 - INFO - query idx: [45012  6606 56180 32777 44546 76382 36512 70726 63427 76687 66754 32435
  1493 43434  3480 42778 77651 26846 12292  2959]
2020-03-29 17:39:16,686 - exp_torch_topics_d128_passive_i2000_b20_q100_up512_2 - INFO - finish step #13 for 5.141855001449585 sec
2020-03-29 17:39:16,687 - exp_torch_topics_d128_passive_i2000_b20_q100_up512_2 - INFO - current val_accuracy: 0.4525680647534952
2020-03-29 17:39:16,687 - exp_torch_topics_d128_passive_i2000_b20_q100_up512_2 - INFO - start step #14
2020-03-29 17:39:16,687 - exp_torch_topics_d128_passive_i2000_b20_q100_up512_2 - INFO - query idx: [24405 33121 79062 54811 96390 40363 36662 91255 23699 30281  8952 56548
 16056 59107 78912 52078 38389 71123 30447  3675]
2020-03-29 17:39:20,249 - exp_torch_topics_d128_passive_i2000_b20_q100_up512_2 - INFO - finish step #14 for 3.5621533393859863 sec
2020-03-29 17:39:20,250 - exp_torch_topics_d128_passive_i2000_b20_q100_up512_2 - INFO - current val_accuracy: 0.45468727005150844
2020-03-29 17:39:20,250 - exp_torch_topics_d128_passive_i2000_b20_q100_up512_2 - INFO - start step #15
2020-03-29 17:39:20,251 - exp_torch_topics_d128_passive_i2000_b20_q100_up512_2 - INFO - query idx: [ 2895 64478 20252 28308 92259 66315 26194 26129 88347 46160 13794 66360
  8391 83416 52593  7865 58168 94894 57422 74836]
2020-03-29 17:39:23,181 - exp_torch_topics_d128_passive_i2000_b20_q100_up512_2 - INFO - finish step #15 for 2.931047201156616 sec
2020-03-29 17:39:23,182 - exp_torch_topics_d128_passive_i2000_b20_q100_up512_2 - INFO - current val_accuracy: 0.4577777777777778
2020-03-29 17:39:23,182 - exp_torch_topics_d128_passive_i2000_b20_q100_up512_2 - INFO - start step #16
2020-03-29 17:39:23,182 - exp_torch_topics_d128_passive_i2000_b20_q100_up512_2 - INFO - query idx: [36626 25250 88066  1166 72702  7765 38023 15595 80757 42807 44516 21940
 29857 71121 82227 61643 87040 25200 23093 28671]
2020-03-29 17:39:26,030 - exp_torch_topics_d128_passive_i2000_b20_q100_up512_2 - INFO - finish step #16 for 2.847917079925537 sec
2020-03-29 17:39:26,030 - exp_torch_topics_d128_passive_i2000_b20_q100_up512_2 - INFO - current val_accuracy: 0.45518763796909495
2020-03-29 17:39:26,030 - exp_torch_topics_d128_passive_i2000_b20_q100_up512_2 - INFO - start step #17
2020-03-29 17:39:26,030 - exp_torch_topics_d128_passive_i2000_b20_q100_up512_2 - INFO - query idx: [64659 21647 58882 95564 85056 13465 81698 45857 56586 99160 92886 94283
 41250  8166 75434 45064 53695 85641 81696 95421]
2020-03-29 17:39:31,883 - exp_torch_topics_d128_passive_i2000_b20_q100_up512_2 - INFO - finish step #17 for 5.8526060581207275 sec
2020-03-29 17:39:32,005 - exp_torch_topics_d128_passive_i2000_b20_q100_up512_2 - INFO - current val_accuracy: 0.45542310522442975
2020-03-29 17:39:32,005 - exp_torch_topics_d128_passive_i2000_b20_q100_up512_2 - INFO - start step #18
2020-03-29 17:39:32,006 - exp_torch_topics_d128_passive_i2000_b20_q100_up512_2 - INFO - query idx: [76662 50280  3453 39222 53053 65477 51310 72577 61635 57237  4630 34436
 19274 78798 56103 86083 74875 81512 77484 23869]
2020-03-29 17:39:45,333 - exp_torch_topics_d128_passive_i2000_b20_q100_up512_2 - INFO - finish step #18 for 13.327348947525024 sec
2020-03-29 17:39:45,335 - exp_torch_topics_d128_passive_i2000_b20_q100_up512_2 - INFO - current val_accuracy: 0.4603973509933775
2020-03-29 17:39:45,336 - exp_torch_topics_d128_passive_i2000_b20_q100_up512_2 - INFO - start step #19
2020-03-29 17:39:45,376 - exp_torch_topics_d128_passive_i2000_b20_q100_up512_2 - INFO - query idx: [68011  6958 40407 43448  4699 54408 30302 49286 43419  9262 48272 40028
 98859 36852  8713  6653 28550 11837 98499 46228]
2020-03-29 17:40:01,449 - exp_torch_topics_d128_passive_i2000_b20_q100_up512_2 - INFO - finish step #19 for 16.11217212677002 sec
2020-03-29 17:40:01,451 - exp_torch_topics_d128_passive_i2000_b20_q100_up512_2 - INFO - current val_accuracy: 0.46219278881530534
2020-03-29 17:40:01,451 - exp_torch_topics_d128_passive_i2000_b20_q100_up512_2 - INFO - start step #20
2020-03-29 17:40:01,469 - exp_torch_topics_d128_passive_i2000_b20_q100_up512_2 - INFO - query idx: [18695 95714 41025 33087 95177  5970 14266 73897 27581 29661 97106 78989
 35248 53963  6510 16617 51202 24894 64145 46003]
2020-03-29 17:40:13,122 - exp_torch_topics_d128_passive_i2000_b20_q100_up512_2 - INFO - finish step #20 for 11.670233249664307 sec
2020-03-29 17:40:13,125 - exp_torch_topics_d128_passive_i2000_b20_q100_up512_2 - INFO - current val_accuracy: 0.4612214863870493
2020-03-29 17:40:13,125 - exp_torch_topics_d128_passive_i2000_b20_q100_up512_2 - INFO - start step #21
2020-03-29 17:40:13,129 - exp_torch_topics_d128_passive_i2000_b20_q100_up512_2 - INFO - query idx: [39866 30540 98593 74459 53810 91983 90972 63572 73291 91606 40816 94498
 10552  2601 38743 25439 90568 71433 54242 87757]
2020-03-29 17:40:19,491 - exp_torch_topics_d128_passive_i2000_b20_q100_up512_2 - INFO - finish step #21 for 6.365494966506958 sec
2020-03-29 17:40:19,491 - exp_torch_topics_d128_passive_i2000_b20_q100_up512_2 - INFO - current val_accuracy: 0.45904341427520234
2020-03-29 17:40:19,491 - exp_torch_topics_d128_passive_i2000_b20_q100_up512_2 - INFO - start step #22
2020-03-29 17:40:19,492 - exp_torch_topics_d128_passive_i2000_b20_q100_up512_2 - INFO - query idx: [86785 98798 39348 42558  5313 92061 74482 97979 67738 54527 59556 95751
 60061  2657 48700  5194 15056 54070 46596 26892]
2020-03-29 17:40:24,432 - exp_torch_topics_d128_passive_i2000_b20_q100_up512_2 - INFO - finish step #22 for 4.940291166305542 sec
2020-03-29 17:40:24,432 - exp_torch_topics_d128_passive_i2000_b20_q100_up512_2 - INFO - current val_accuracy: 0.4603973509933775
2020-03-29 17:40:24,433 - exp_torch_topics_d128_passive_i2000_b20_q100_up512_2 - INFO - start step #23
2020-03-29 17:40:24,435 - exp_torch_topics_d128_passive_i2000_b20_q100_up512_2 - INFO - query idx: [95708 10179 88874 98840 68758 54222 15296 40205 55721 79169 23736 81811
 97926 77676 88663 44690 21478 19345 47441 18505]
2020-03-29 17:40:28,411 - exp_torch_topics_d128_passive_i2000_b20_q100_up512_2 - INFO - finish step #23 for 3.9782800674438477 sec
2020-03-29 17:40:28,411 - exp_torch_topics_d128_passive_i2000_b20_q100_up512_2 - INFO - current val_accuracy: 0.4628991905813098
2020-03-29 17:40:28,411 - exp_torch_topics_d128_passive_i2000_b20_q100_up512_2 - INFO - start step #24
2020-03-29 17:40:28,412 - exp_torch_topics_d128_passive_i2000_b20_q100_up512_2 - INFO - query idx: [87164 83180 66160 16626 15471  8660 15392 41884 72788 88885 40259 84219
 41820 60846  8094 97118 85657 62361 85140 17868]
2020-03-29 17:40:31,941 - exp_torch_topics_d128_passive_i2000_b20_q100_up512_2 - INFO - finish step #24 for 3.5299859046936035 sec
2020-03-29 17:40:31,942 - exp_torch_topics_d128_passive_i2000_b20_q100_up512_2 - INFO - current val_accuracy: 0.46048565121412804
2020-03-29 17:40:31,942 - exp_torch_topics_d128_passive_i2000_b20_q100_up512_2 - INFO - start step #25
2020-03-29 17:40:31,942 - exp_torch_topics_d128_passive_i2000_b20_q100_up512_2 - INFO - query idx: [47154  2154 52371 38423 55509  3537  2050 71626 65752 51026  1760  6092
 20183 67087  7954 49783 42636 56062 34884 39983]
2020-03-29 17:40:37,233 - exp_torch_topics_d128_passive_i2000_b20_q100_up512_2 - INFO - finish step #25 for 5.291270971298218 sec
2020-03-29 17:40:37,236 - exp_torch_topics_d128_passive_i2000_b20_q100_up512_2 - INFO - current val_accuracy: 0.4595437821927888
2020-03-29 17:40:37,236 - exp_torch_topics_d128_passive_i2000_b20_q100_up512_2 - INFO - start step #26
2020-03-29 17:40:37,262 - exp_torch_topics_d128_passive_i2000_b20_q100_up512_2 - INFO - query idx: [98065 74289 13479 62325 97776 63641  9191 96488 21655 33212 71052 17583
 46257 74682 88052 51822 99268 57881 66146 64831]
2020-03-29 17:40:49,481 - exp_torch_topics_d128_passive_i2000_b20_q100_up512_2 - INFO - finish step #26 for 12.244794130325317 sec
2020-03-29 17:40:49,481 - exp_torch_topics_d128_passive_i2000_b20_q100_up512_2 - INFO - current val_accuracy: 0.46042678440029433
2020-03-29 17:40:49,481 - exp_torch_topics_d128_passive_i2000_b20_q100_up512_2 - INFO - start step #27
2020-03-29 17:40:49,495 - exp_torch_topics_d128_passive_i2000_b20_q100_up512_2 - INFO - query idx: [86713 55117  5500 66958 35845 61137 86071 11518 20268 64135 55367 52585
 94485 44046 68495 18790  8245  4543 77077  3683]
2020-03-29 17:40:57,841 - exp_torch_topics_d128_passive_i2000_b20_q100_up512_2 - INFO - finish step #27 for 8.359419107437134 sec
2020-03-29 17:40:57,841 - exp_torch_topics_d128_passive_i2000_b20_q100_up512_2 - INFO - current val_accuracy: 0.46010301692420896
2020-03-29 17:40:57,841 - exp_torch_topics_d128_passive_i2000_b20_q100_up512_2 - INFO - start step #28
2020-03-29 17:40:57,842 - exp_torch_topics_d128_passive_i2000_b20_q100_up512_2 - INFO - query idx: [90372 94227 25081 43581  1370 89690 91437 64516  4116 73165 25428  3361
 35627 24237 74038 77475 61281 21957 49833 63151]
2020-03-29 17:41:02,180 - exp_torch_topics_d128_passive_i2000_b20_q100_up512_2 - INFO - finish step #28 for 4.33887505531311 sec
2020-03-29 17:41:02,181 - exp_torch_topics_d128_passive_i2000_b20_q100_up512_2 - INFO - current val_accuracy: 0.46107431935246507
2020-03-29 17:41:02,182 - exp_torch_topics_d128_passive_i2000_b20_q100_up512_2 - INFO - start step #29
2020-03-29 17:41:02,187 - exp_torch_topics_d128_passive_i2000_b20_q100_up512_2 - INFO - query idx: [17672 72565 79592 61818 93855 84203 59755 28399 87620 71177 46451 34263
 65724 22038 48037  4066  5477 45160 55040 22730]
2020-03-29 17:41:12,649 - exp_torch_topics_d128_passive_i2000_b20_q100_up512_2 - INFO - finish step #29 for 10.466340780258179 sec
2020-03-29 17:41:12,651 - exp_torch_topics_d128_passive_i2000_b20_q100_up512_2 - INFO - current val_accuracy: 0.46398822663723327
2020-03-29 17:41:12,651 - exp_torch_topics_d128_passive_i2000_b20_q100_up512_2 - INFO - start step #30
2020-03-29 17:41:12,682 - exp_torch_topics_d128_passive_i2000_b20_q100_up512_2 - INFO - query idx: [90798 47574 26834 49184 56750 36763 50495 66259 93804 92308 76891 66413
 58384  5849 45411 38204 97243 43393 40329 22001]
2020-03-29 17:41:23,840 - exp_torch_topics_d128_passive_i2000_b20_q100_up512_2 - INFO - finish step #30 for 11.188061952590942 sec
2020-03-29 17:41:23,840 - exp_torch_topics_d128_passive_i2000_b20_q100_up512_2 - INFO - current val_accuracy: 0.46357615894039733
2020-03-29 17:41:23,840 - exp_torch_topics_d128_passive_i2000_b20_q100_up512_2 - INFO - start step #31
2020-03-29 17:41:23,851 - exp_torch_topics_d128_passive_i2000_b20_q100_up512_2 - INFO - query idx: [69932 64258 29287 20241 27050 45439 27001 24452 96694 68603 92637 20865
 22291 11385  3989 67576 69921 17809 28631 14507]
2020-03-29 17:41:32,750 - exp_torch_topics_d128_passive_i2000_b20_q100_up512_2 - INFO - finish step #31 for 8.90821099281311 sec
2020-03-29 17:41:32,752 - exp_torch_topics_d128_passive_i2000_b20_q100_up512_2 - INFO - current val_accuracy: 0.4616041206769684
2020-03-29 17:41:32,753 - exp_torch_topics_d128_passive_i2000_b20_q100_up512_2 - INFO - start step #32
2020-03-29 17:41:32,765 - exp_torch_topics_d128_passive_i2000_b20_q100_up512_2 - INFO - query idx: [23478 47416 18170 23420 58175 97488 95612 25680 89898 59538 85267 75008
 75453  7324 42114 11290 20016  8546 17451 72724]
2020-03-29 17:41:47,329 - exp_torch_topics_d128_passive_i2000_b20_q100_up512_2 - INFO - finish step #32 for 14.575536966323853 sec
2020-03-29 17:41:47,332 - exp_torch_topics_d128_passive_i2000_b20_q100_up512_2 - INFO - current val_accuracy: 0.464047093451067
2020-03-29 17:41:47,332 - exp_torch_topics_d128_passive_i2000_b20_q100_up512_2 - INFO - start step #33
2020-03-29 17:41:47,362 - exp_torch_topics_d128_passive_i2000_b20_q100_up512_2 - INFO - query idx: [ 9471 28062 67316 44547 78014 29842 66712 74640 16943 79454   721 40423
 24289 61640 79943 30271 12666 94551 22204 16605]
2020-03-29 17:41:56,614 - exp_torch_topics_d128_passive_i2000_b20_q100_up512_2 - INFO - finish step #33 for 9.281372785568237 sec
2020-03-29 17:41:57,032 - exp_torch_topics_d128_passive_i2000_b20_q100_up512_2 - INFO - current val_accuracy: 0.4665783664459161
2020-03-29 17:41:57,063 - exp_torch_topics_d128_passive_i2000_b20_q100_up512_2 - INFO - start step #34
2020-03-29 17:41:57,082 - exp_torch_topics_d128_passive_i2000_b20_q100_up512_2 - INFO - query idx: [65285 23399 69998 50459 94038 46452 16690 50034 40747  5709 93562 90000
 85033 20574 25442 58886 46501 44537 10347 81220]
2020-03-29 17:42:02,803 - exp_torch_topics_d128_passive_i2000_b20_q100_up512_2 - INFO - finish step #34 for 5.739049911499023 sec
2020-03-29 17:42:02,803 - exp_torch_topics_d128_passive_i2000_b20_q100_up512_2 - INFO - current val_accuracy: 0.4618984547461369
2020-03-29 17:42:02,803 - exp_torch_topics_d128_passive_i2000_b20_q100_up512_2 - INFO - start step #35
2020-03-29 17:42:02,803 - exp_torch_topics_d128_passive_i2000_b20_q100_up512_2 - INFO - query idx: [94341 46981 72585 63908 68479 46695 93230 45420 90791 76405 14986  6777
 89156 73722 37791 44151 54298 42719 11437  5047]
2020-03-29 17:42:08,785 - exp_torch_topics_d128_passive_i2000_b20_q100_up512_2 - INFO - finish step #35 for 5.982269048690796 sec
2020-03-29 17:42:08,786 - exp_torch_topics_d128_passive_i2000_b20_q100_up512_2 - INFO - current val_accuracy: 0.4636055923473142
2020-03-29 17:42:08,786 - exp_torch_topics_d128_passive_i2000_b20_q100_up512_2 - INFO - start step #36
2020-03-29 17:42:08,797 - exp_torch_topics_d128_passive_i2000_b20_q100_up512_2 - INFO - query idx: [73182 46789 76461  1204 85277  4768 49782 61846 65746 28514 83112 74766
  9965 27276 50348 36029 39876 26825 74451 92563]
2020-03-29 17:42:20,859 - exp_torch_topics_d128_passive_i2000_b20_q100_up512_2 - INFO - finish step #36 for 12.072916984558105 sec
2020-03-29 17:42:20,917 - exp_torch_topics_d128_passive_i2000_b20_q100_up512_2 - INFO - current val_accuracy: 0.464429727740986
2020-03-29 17:42:20,922 - exp_torch_topics_d128_passive_i2000_b20_q100_up512_2 - INFO - start step #37
2020-03-29 17:42:20,931 - exp_torch_topics_d128_passive_i2000_b20_q100_up512_2 - INFO - query idx: [ 1730 95184 90919 29773 92861 28743 93159 85969 13890 10742 42448 31112
 69818 22013 82546  6820  4128 73024 98275 20577]
2020-03-29 17:42:30,666 - exp_torch_topics_d128_passive_i2000_b20_q100_up512_2 - INFO - finish step #37 for 9.743426084518433 sec
2020-03-29 17:42:30,667 - exp_torch_topics_d128_passive_i2000_b20_q100_up512_2 - INFO - current val_accuracy: 0.4677262693156733
2020-03-29 17:42:30,667 - exp_torch_topics_d128_passive_i2000_b20_q100_up512_2 - INFO - start step #38
2020-03-29 17:42:30,674 - exp_torch_topics_d128_passive_i2000_b20_q100_up512_2 - INFO - query idx: [10736 85895  3450 15233 25664 88340 34515 28134 63817 89589 92320 85643
 14008 48188 69407 55666 68125 82953 45193 93280]
2020-03-29 17:42:38,097 - exp_torch_topics_d128_passive_i2000_b20_q100_up512_2 - INFO - finish step #38 for 7.429781198501587 sec
2020-03-29 17:42:38,099 - exp_torch_topics_d128_passive_i2000_b20_q100_up512_2 - INFO - current val_accuracy: 0.4693451066961001
2020-03-29 17:42:38,099 - exp_torch_topics_d128_passive_i2000_b20_q100_up512_2 - INFO - start step #39
2020-03-29 17:42:38,115 - exp_torch_topics_d128_passive_i2000_b20_q100_up512_2 - INFO - query idx: [48655 84496 61391 83868  2410 35330 21747 15309 33946 62952 93833 73135
 14030 69444 78267 84748 51789 21930 43487   621]
2020-03-29 17:42:46,724 - exp_torch_topics_d128_passive_i2000_b20_q100_up512_2 - INFO - finish step #39 for 8.624025821685791 sec
2020-03-29 17:42:46,732 - exp_torch_topics_d128_passive_i2000_b20_q100_up512_2 - INFO - current val_accuracy: 0.4619278881530537
2020-03-29 17:42:46,733 - exp_torch_topics_d128_passive_i2000_b20_q100_up512_2 - INFO - start step #40
2020-03-29 17:42:46,931 - exp_torch_topics_d128_passive_i2000_b20_q100_up512_2 - INFO - query idx: [46065 92660 23387  3807 41861  3614 83534 29143 15105 86373 63974 74730
 50065  4294 10582 73335 38496 22080 68919 24478]
2020-03-29 17:42:58,676 - exp_torch_topics_d128_passive_i2000_b20_q100_up512_2 - INFO - finish step #40 for 11.941350936889648 sec
2020-03-29 17:42:58,679 - exp_torch_topics_d128_passive_i2000_b20_q100_up512_2 - INFO - current val_accuracy: 0.46454746136865344
2020-03-29 17:42:58,680 - exp_torch_topics_d128_passive_i2000_b20_q100_up512_2 - INFO - start step #41
2020-03-29 17:42:58,694 - exp_torch_topics_d128_passive_i2000_b20_q100_up512_2 - INFO - query idx: [11509 37031 68072 43218 43918 94035 94834 42940 30638 69805 93766 19796
 53327   242 64504 10903 12814 95576  4742 77896]
2020-03-29 17:43:05,760 - exp_torch_topics_d128_passive_i2000_b20_q100_up512_2 - INFO - finish step #41 for 7.080323934555054 sec
2020-03-29 17:43:05,760 - exp_torch_topics_d128_passive_i2000_b20_q100_up512_2 - INFO - current val_accuracy: 0.46637233259749816
2020-03-29 17:43:05,761 - exp_torch_topics_d128_passive_i2000_b20_q100_up512_2 - INFO - start step #42
2020-03-29 17:43:05,761 - exp_torch_topics_d128_passive_i2000_b20_q100_up512_2 - INFO - query idx: [57254 93218 19785  3651 84037 79243 73806 24138 33976 96935 84959 86757
 71677 77519 96461 37979 16411 48847 36889 84689]
2020-03-29 17:43:09,155 - exp_torch_topics_d128_passive_i2000_b20_q100_up512_2 - INFO - finish step #42 for 3.394190788269043 sec
2020-03-29 17:43:09,157 - exp_torch_topics_d128_passive_i2000_b20_q100_up512_2 - INFO - current val_accuracy: 0.4665194996320824
2020-03-29 17:43:09,157 - exp_torch_topics_d128_passive_i2000_b20_q100_up512_2 - INFO - start step #43
2020-03-29 17:43:09,157 - exp_torch_topics_d128_passive_i2000_b20_q100_up512_2 - INFO - query idx: [25349 97095 13485 97322  9943  7021 12021 55199 93244 73240 87808 94484
 82585 91610 50672 96976 69681 96797 54563 96538]
2020-03-29 17:43:13,600 - exp_torch_topics_d128_passive_i2000_b20_q100_up512_2 - INFO - finish step #43 for 4.442826271057129 sec
2020-03-29 17:43:13,600 - exp_torch_topics_d128_passive_i2000_b20_q100_up512_2 - INFO - current val_accuracy: 0.46937454010301694
2020-03-29 17:43:13,600 - exp_torch_topics_d128_passive_i2000_b20_q100_up512_2 - INFO - start step #44
2020-03-29 17:43:13,601 - exp_torch_topics_d128_passive_i2000_b20_q100_up512_2 - INFO - query idx: [18512  4443 93152 17412 35033 48100 23203 89016 58357 17875 95524 16860
 71590 45544 82055 23101 49487 60646 77534 86118]
2020-03-29 17:43:27,689 - exp_torch_topics_d128_passive_i2000_b20_q100_up512_2 - INFO - finish step #44 for 14.088585138320923 sec
2020-03-29 17:43:27,692 - exp_torch_topics_d128_passive_i2000_b20_q100_up512_2 - INFO - current val_accuracy: 0.4671670345842531
2020-03-29 17:43:27,692 - exp_torch_topics_d128_passive_i2000_b20_q100_up512_2 - INFO - start step #45
2020-03-29 17:43:27,707 - exp_torch_topics_d128_passive_i2000_b20_q100_up512_2 - INFO - query idx: [87941 45928 91687 60645 19720 35153 55684 26785 45097 62657 48765 77247
 96996 93341 64698  5381 61794 93261 18186 96723]
2020-03-29 17:43:41,026 - exp_torch_topics_d128_passive_i2000_b20_q100_up512_2 - INFO - finish step #45 for 13.33226490020752 sec
2020-03-29 17:43:41,032 - exp_torch_topics_d128_passive_i2000_b20_q100_up512_2 - INFO - current val_accuracy: 0.4729654157468727
2020-03-29 17:43:41,034 - exp_torch_topics_d128_passive_i2000_b20_q100_up512_2 - INFO - start step #46
2020-03-29 17:43:41,058 - exp_torch_topics_d128_passive_i2000_b20_q100_up512_2 - INFO - query idx: [42531 38783 66698 52191 61647 78794 70962 96556 77947 10643 55763 10689
  1164 57976 97794 34789 68270 94034  7078 60509]
2020-03-29 17:43:50,351 - exp_torch_topics_d128_passive_i2000_b20_q100_up512_2 - INFO - finish step #46 for 9.317460060119629 sec
2020-03-29 17:43:50,352 - exp_torch_topics_d128_passive_i2000_b20_q100_up512_2 - INFO - current val_accuracy: 0.46799116997792495
2020-03-29 17:43:50,352 - exp_torch_topics_d128_passive_i2000_b20_q100_up512_2 - INFO - start step #47
2020-03-29 17:43:50,368 - exp_torch_topics_d128_passive_i2000_b20_q100_up512_2 - INFO - query idx: [58560  2039 48360 42800 29479  8975 59521  4421 57342 31230 53107 66768
 98339 40919 40847  4847 18313 94299  2531 65755]
2020-03-29 17:44:02,701 - exp_torch_topics_d128_passive_i2000_b20_q100_up512_2 - INFO - finish step #47 for 12.348165035247803 sec
2020-03-29 17:44:02,704 - exp_torch_topics_d128_passive_i2000_b20_q100_up512_2 - INFO - current val_accuracy: 0.46946284032376745
2020-03-29 17:44:02,705 - exp_torch_topics_d128_passive_i2000_b20_q100_up512_2 - INFO - start step #48
2020-03-29 17:44:02,733 - exp_torch_topics_d128_passive_i2000_b20_q100_up512_2 - INFO - query idx: [75881 15865 71241 15937 11362 55161 38488 76664 48279  6067 69623 45822
 48866 48740 17398 96003 20001   646 61949 69961]
2020-03-29 17:44:14,177 - exp_torch_topics_d128_passive_i2000_b20_q100_up512_2 - INFO - finish step #48 for 11.471648931503296 sec
2020-03-29 17:44:14,181 - exp_torch_topics_d128_passive_i2000_b20_q100_up512_2 - INFO - current val_accuracy: 0.4654010301692421
2020-03-29 17:44:14,182 - exp_torch_topics_d128_passive_i2000_b20_q100_up512_2 - INFO - start step #49
2020-03-29 17:44:14,197 - exp_torch_topics_d128_passive_i2000_b20_q100_up512_2 - INFO - query idx: [ 5935 37490 29051 53681 33122 25482 48385 59323 24156 48210 82522 81022
  5200 79520 32091 81012 51655 63907 27196 82865]
2020-03-29 17:44:25,545 - exp_torch_topics_d128_passive_i2000_b20_q100_up512_2 - INFO - finish step #49 for 11.363149642944336 sec
2020-03-29 17:44:25,548 - exp_torch_topics_d128_passive_i2000_b20_q100_up512_2 - INFO - current val_accuracy: 0.4719941133186166
2020-03-29 17:44:25,548 - exp_torch_topics_d128_passive_i2000_b20_q100_up512_2 - INFO - start step #50
2020-03-29 17:44:25,568 - exp_torch_topics_d128_passive_i2000_b20_q100_up512_2 - INFO - query idx: [98421 74209 94098 34154 73294  4772 28784 10062 46586 54749 53446 95969
 80775 86752 50628 13683 39796  8889 16094    92]
2020-03-29 17:44:33,170 - exp_torch_topics_d128_passive_i2000_b20_q100_up512_2 - INFO - finish step #50 for 7.62145209312439 sec
2020-03-29 17:44:33,170 - exp_torch_topics_d128_passive_i2000_b20_q100_up512_2 - INFO - current val_accuracy: 0.47161147902869754
2020-03-29 17:44:33,170 - exp_torch_topics_d128_passive_i2000_b20_q100_up512_2 - INFO - start step #51
2020-03-29 17:44:33,197 - exp_torch_topics_d128_passive_i2000_b20_q100_up512_2 - INFO - query idx: [73222 95475 83540 40164 92586 17681 92025 55005 36054 75223 34395 14436
 48710 58272 71025 35576  4409 40344 77137 30896]
2020-03-29 17:44:40,209 - exp_torch_topics_d128_passive_i2000_b20_q100_up512_2 - INFO - finish step #51 for 7.038887977600098 sec
2020-03-29 17:44:40,209 - exp_torch_topics_d128_passive_i2000_b20_q100_up512_2 - INFO - current val_accuracy: 0.473701250919794
2020-03-29 17:44:40,210 - exp_torch_topics_d128_passive_i2000_b20_q100_up512_2 - INFO - start step #52
2020-03-29 17:44:40,210 - exp_torch_topics_d128_passive_i2000_b20_q100_up512_2 - INFO - query idx: [38540 46851 34402 69455 74387  7103 54882 80942 49463 68512 92329 35985
 93335 59518 48419 23465 56955 56670 30003 58255]
2020-03-29 17:44:45,657 - exp_torch_topics_d128_passive_i2000_b20_q100_up512_2 - INFO - finish step #52 for 5.447362661361694 sec
2020-03-29 17:44:45,657 - exp_torch_topics_d128_passive_i2000_b20_q100_up512_2 - INFO - current val_accuracy: 0.473495217071376
2020-03-29 17:44:45,658 - exp_torch_topics_d128_passive_i2000_b20_q100_up512_2 - INFO - start step #53
2020-03-29 17:44:45,670 - exp_torch_topics_d128_passive_i2000_b20_q100_up512_2 - INFO - query idx: [43830 85493  6368 15147 77929 32514 41856 40714 21135 15884 85814 89483
 74287 56769 73038 26955 50301 35858 81806 17887]
2020-03-29 17:44:53,217 - exp_torch_topics_d128_passive_i2000_b20_q100_up512_2 - INFO - finish step #53 for 7.558706998825073 sec
2020-03-29 17:44:53,218 - exp_torch_topics_d128_passive_i2000_b20_q100_up512_2 - INFO - current val_accuracy: 0.47467255334805003
2020-03-29 17:44:53,221 - exp_torch_topics_d128_passive_i2000_b20_q100_up512_2 - INFO - start step #54
2020-03-29 17:44:53,262 - exp_torch_topics_d128_passive_i2000_b20_q100_up512_2 - INFO - query idx: [25847  9724 51516 64250 12893 80857  1182 10533  8674 24372 82602 48755
 42011  6475 68431 94739 75528 32361  3218 28679]
2020-03-29 17:44:59,152 - exp_torch_topics_d128_passive_i2000_b20_q100_up512_2 - INFO - finish step #54 for 5.93036675453186 sec
2020-03-29 17:44:59,152 - exp_torch_topics_d128_passive_i2000_b20_q100_up512_2 - INFO - current val_accuracy: 0.4758204562178072
2020-03-29 17:44:59,152 - exp_torch_topics_d128_passive_i2000_b20_q100_up512_2 - INFO - start step #55
2020-03-29 17:44:59,152 - exp_torch_topics_d128_passive_i2000_b20_q100_up512_2 - INFO - query idx: [64677 42746 26579 10191 69544 37780 29523 43764  7561 33404  7449 76615
 65222  3670 66286 25678 69583  5548 33970 55549]
2020-03-29 17:45:02,058 - exp_torch_topics_d128_passive_i2000_b20_q100_up512_2 - INFO - finish step #55 for 2.9063169956207275 sec
2020-03-29 17:45:02,059 - exp_torch_topics_d128_passive_i2000_b20_q100_up512_2 - INFO - current val_accuracy: 0.4685504047093451
2020-03-29 17:45:02,059 - exp_torch_topics_d128_passive_i2000_b20_q100_up512_2 - INFO - start step #56
2020-03-29 17:45:02,060 - exp_torch_topics_d128_passive_i2000_b20_q100_up512_2 - INFO - query idx: [96370 35404 80653 13144 56190  4990  4708 71230 34262  4528 14099 28654
 32146 83060 98837  5038 26278 66855 35385 55821]
2020-03-29 17:45:09,098 - exp_torch_topics_d128_passive_i2000_b20_q100_up512_2 - INFO - finish step #56 for 7.0381481647491455 sec
2020-03-29 17:45:09,098 - exp_torch_topics_d128_passive_i2000_b20_q100_up512_2 - INFO - current val_accuracy: 0.472906548933039
2020-03-29 17:45:09,098 - exp_torch_topics_d128_passive_i2000_b20_q100_up512_2 - INFO - start step #57
2020-03-29 17:45:09,113 - exp_torch_topics_d128_passive_i2000_b20_q100_up512_2 - INFO - query idx: [86628 15651 21917 13720 93295 94584 83995 87060 12297 97725 50233 68341
 15137 20954 46502 60134  4171 12490 84266 37865]
2020-03-29 17:45:24,013 - exp_torch_topics_d128_passive_i2000_b20_q100_up512_2 - INFO - finish step #57 for 14.914339780807495 sec
2020-03-29 17:45:24,019 - exp_torch_topics_d128_passive_i2000_b20_q100_up512_2 - INFO - current val_accuracy: 0.47458425312729946
2020-03-29 17:45:24,019 - exp_torch_topics_d128_passive_i2000_b20_q100_up512_2 - INFO - start step #58
2020-03-29 17:45:24,028 - exp_torch_topics_d128_passive_i2000_b20_q100_up512_2 - INFO - query idx: [14928 53396  2014 73422 19618 60615 61439 97174 10453 26624 26906 37058
 50665 69259 16290 31710 66023 96827 58225 89937]
2020-03-29 17:45:37,666 - exp_torch_topics_d128_passive_i2000_b20_q100_up512_2 - INFO - finish step #58 for 13.644705057144165 sec
2020-03-29 17:45:37,668 - exp_torch_topics_d128_passive_i2000_b20_q100_up512_2 - INFO - current val_accuracy: 0.4693451066961001
2020-03-29 17:45:37,669 - exp_torch_topics_d128_passive_i2000_b20_q100_up512_2 - INFO - start step #59
2020-03-29 17:45:37,696 - exp_torch_topics_d128_passive_i2000_b20_q100_up512_2 - INFO - query idx: [10469 56084  2776 43424 45054  9345 91991 39653 78313 32716 63118 72095
 12962 46689 67921  7958  1705 86260  7400 44813]
2020-03-29 17:46:01,617 - exp_torch_topics_d128_passive_i2000_b20_q100_up512_2 - INFO - finish step #59 for 23.947859048843384 sec
2020-03-29 17:46:01,619 - exp_torch_topics_d128_passive_i2000_b20_q100_up512_2 - INFO - current val_accuracy: 0.4748197203826343
2020-03-29 17:46:01,620 - exp_torch_topics_d128_passive_i2000_b20_q100_up512_2 - INFO - start step #60
2020-03-29 17:46:01,644 - exp_torch_topics_d128_passive_i2000_b20_q100_up512_2 - INFO - query idx: [49749 86125 44209 15020 83225 30050 66885 28314 71527 40496 75858 83439
 47156 95980 33628 66640 49786 86080  2616 59459]
2020-03-29 17:46:12,193 - exp_torch_topics_d128_passive_i2000_b20_q100_up512_2 - INFO - finish step #60 for 10.569622993469238 sec
2020-03-29 17:46:12,199 - exp_torch_topics_d128_passive_i2000_b20_q100_up512_2 - INFO - current val_accuracy: 0.4714937454010302
2020-03-29 17:46:12,200 - exp_torch_topics_d128_passive_i2000_b20_q100_up512_2 - INFO - start step #61
2020-03-29 17:46:12,225 - exp_torch_topics_d128_passive_i2000_b20_q100_up512_2 - INFO - query idx: [14003  2081  3864 88124 22925 77625 52305 38795 16642 17338 83404 25636
 47067 30086  6645 23717 31427  1380 95430 83801]
2020-03-29 17:46:21,487 - exp_torch_topics_d128_passive_i2000_b20_q100_up512_2 - INFO - finish step #61 for 9.286280155181885 sec
2020-03-29 17:46:21,489 - exp_torch_topics_d128_passive_i2000_b20_q100_up512_2 - INFO - current val_accuracy: 0.475467255334805
2020-03-29 17:46:21,489 - exp_torch_topics_d128_passive_i2000_b20_q100_up512_2 - INFO - start step #62
2020-03-29 17:46:21,523 - exp_torch_topics_d128_passive_i2000_b20_q100_up512_2 - INFO - query idx: [68335  8982 10517 31445 73208 83170 68536 33121 27842 87205 33096 53523
 79433 44436 46717 56438 62875 20561 12225 33537]
2020-03-29 17:46:29,070 - exp_torch_topics_d128_passive_i2000_b20_q100_up512_2 - INFO - finish step #62 for 7.581165075302124 sec
2020-03-29 17:46:29,071 - exp_torch_topics_d128_passive_i2000_b20_q100_up512_2 - INFO - current val_accuracy: 0.47532008830022077
2020-03-29 17:46:29,071 - exp_torch_topics_d128_passive_i2000_b20_q100_up512_2 - INFO - start step #63
2020-03-29 17:46:29,072 - exp_torch_topics_d128_passive_i2000_b20_q100_up512_2 - INFO - query idx: [56792 10674 33318 27325 24288 66772 19316 35134 18818 41622 25290 23105
 72622 30590 63433 88006 29214 94673  7483 42735]
2020-03-29 17:46:33,835 - exp_torch_topics_d128_passive_i2000_b20_q100_up512_2 - INFO - finish step #63 for 4.763262987136841 sec
2020-03-29 17:46:33,865 - exp_torch_topics_d128_passive_i2000_b20_q100_up512_2 - INFO - current val_accuracy: 0.47190581309786606
2020-03-29 17:46:33,865 - exp_torch_topics_d128_passive_i2000_b20_q100_up512_2 - INFO - start step #64
2020-03-29 17:46:33,865 - exp_torch_topics_d128_passive_i2000_b20_q100_up512_2 - INFO - query idx: [47629  3466 88444 31111  6699 85698 43094 64194 81625 53490 39342 97091
 57292 22829 60291 89516 67154 50492 45824 58611]
2020-03-29 17:46:41,077 - exp_torch_topics_d128_passive_i2000_b20_q100_up512_2 - INFO - finish step #64 for 7.21228289604187 sec
2020-03-29 17:46:41,099 - exp_torch_topics_d128_passive_i2000_b20_q100_up512_2 - INFO - current val_accuracy: 0.47746872700515086
2020-03-29 17:46:41,099 - exp_torch_topics_d128_passive_i2000_b20_q100_up512_2 - INFO - start step #65
2020-03-29 17:46:41,113 - exp_torch_topics_d128_passive_i2000_b20_q100_up512_2 - INFO - query idx: [54935 45020 63805 10388 29747 40600 67740 56108 86312 79860 37038 79713
 19737 37192 88959 55478 22156 35609 15990  2939]
2020-03-29 17:46:53,698 - exp_torch_topics_d128_passive_i2000_b20_q100_up512_2 - INFO - finish step #65 for 12.597306728363037 sec
2020-03-29 17:46:53,701 - exp_torch_topics_d128_passive_i2000_b20_q100_up512_2 - INFO - current val_accuracy: 0.4783811626195732
2020-03-29 17:46:53,701 - exp_torch_topics_d128_passive_i2000_b20_q100_up512_2 - INFO - start step #66
2020-03-29 17:46:53,728 - exp_torch_topics_d128_passive_i2000_b20_q100_up512_2 - INFO - query idx: [ 3910  2801 14237 76281 44425 91522  6054 69501 55486 21653 13500 22500
 12015 53320 17019 55884 69275 62993 89834  3421]
2020-03-29 17:47:00,860 - exp_torch_topics_d128_passive_i2000_b20_q100_up512_2 - INFO - finish step #66 for 7.158835172653198 sec
2020-03-29 17:47:00,860 - exp_torch_topics_d128_passive_i2000_b20_q100_up512_2 - INFO - current val_accuracy: 0.47579102281089036
2020-03-29 17:47:00,860 - exp_torch_topics_d128_passive_i2000_b20_q100_up512_2 - INFO - start step #67
2020-03-29 17:47:00,861 - exp_torch_topics_d128_passive_i2000_b20_q100_up512_2 - INFO - query idx: [13030  9775 80676 45850 35141   936 65157 38579 34946 74750 86155 14364
 24567 96288 33632 12259 44798 66078 63218 21380]
2020-03-29 17:47:04,041 - exp_torch_topics_d128_passive_i2000_b20_q100_up512_2 - INFO - finish step #67 for 3.1806907653808594 sec
2020-03-29 17:47:04,042 - exp_torch_topics_d128_passive_i2000_b20_q100_up512_2 - INFO - current val_accuracy: 0.4777336276674025
2020-03-29 17:47:04,043 - exp_torch_topics_d128_passive_i2000_b20_q100_up512_2 - INFO - start step #68
2020-03-29 17:47:04,043 - exp_torch_topics_d128_passive_i2000_b20_q100_up512_2 - INFO - query idx: [39464 94970 90169  7898 92726 33263 51978 24486 90778 49587 79306 21191
 96990 90041 60260 88209  3705 51933 94636 79296]
2020-03-29 17:47:09,357 - exp_torch_topics_d128_passive_i2000_b20_q100_up512_2 - INFO - finish step #68 for 5.3145458698272705 sec
2020-03-29 17:47:09,357 - exp_torch_topics_d128_passive_i2000_b20_q100_up512_2 - INFO - current val_accuracy: 0.479205298013245
2020-03-29 17:47:09,358 - exp_torch_topics_d128_passive_i2000_b20_q100_up512_2 - INFO - start step #69
2020-03-29 17:47:09,373 - exp_torch_topics_d128_passive_i2000_b20_q100_up512_2 - INFO - query idx: [23719 32674 46423 27144 85747 97514 88563 71604 58980  5391 58534 83684
 42345 49528 83894 18901 34867 70781 14371 10115]
2020-03-29 17:47:19,815 - exp_torch_topics_d128_passive_i2000_b20_q100_up512_2 - INFO - finish step #69 for 10.457091093063354 sec
2020-03-29 17:47:19,819 - exp_torch_topics_d128_passive_i2000_b20_q100_up512_2 - INFO - current val_accuracy: 0.4775275938189846
2020-03-29 17:47:19,819 - exp_torch_topics_d128_passive_i2000_b20_q100_up512_2 - INFO - start step #70
2020-03-29 17:47:19,826 - exp_torch_topics_d128_passive_i2000_b20_q100_up512_2 - INFO - query idx: [80687  8728   665 32618 52170 82828 75782 52828  6706 96219 29053 80933
 35726  6838 44586 27209 94173 69816 64927 49928]
2020-03-29 17:47:36,077 - exp_torch_topics_d128_passive_i2000_b20_q100_up512_2 - INFO - finish step #70 for 16.257033109664917 sec
2020-03-29 17:47:36,083 - exp_torch_topics_d128_passive_i2000_b20_q100_up512_2 - INFO - current val_accuracy: 0.4767623252391464
2020-03-29 17:47:36,083 - exp_torch_topics_d128_passive_i2000_b20_q100_up512_2 - INFO - start step #71
2020-03-29 17:47:36,099 - exp_torch_topics_d128_passive_i2000_b20_q100_up512_2 - INFO - query idx: [22459 27104  3326 59974 79062 10194  5707  6259 82287 58915 57573 57514
 49052 94514 51527 13330 49832 34263  7212 57021]
2020-03-29 17:47:49,966 - exp_torch_topics_d128_passive_i2000_b20_q100_up512_2 - INFO - finish step #71 for 13.883118152618408 sec
2020-03-29 17:47:49,969 - exp_torch_topics_d128_passive_i2000_b20_q100_up512_2 - INFO - current val_accuracy: 0.47635025754231053
2020-03-29 17:47:49,969 - exp_torch_topics_d128_passive_i2000_b20_q100_up512_2 - INFO - start step #72
2020-03-29 17:47:49,970 - exp_torch_topics_d128_passive_i2000_b20_q100_up512_2 - INFO - query idx: [10158 32936 67473 30310 91966 54422 86370 25153 18130 13671 91378 28970
  5418 70792 67043 91648 38403 47746  5724 14664]
2020-03-29 17:47:56,436 - exp_torch_topics_d128_passive_i2000_b20_q100_up512_2 - INFO - finish step #72 for 6.466063022613525 sec
2020-03-29 17:47:56,436 - exp_torch_topics_d128_passive_i2000_b20_q100_up512_2 - INFO - current val_accuracy: 0.4814128035320088
2020-03-29 17:47:56,436 - exp_torch_topics_d128_passive_i2000_b20_q100_up512_2 - INFO - start step #73
2020-03-29 17:47:56,437 - exp_torch_topics_d128_passive_i2000_b20_q100_up512_2 - INFO - query idx: [ 4745 75393 44490 74808 24187 56715 45588 84530  7691 19221 98467 22138
  1673 34301 16864 87856 78691 80030  2602 16386]
2020-03-29 17:47:59,733 - exp_torch_topics_d128_passive_i2000_b20_q100_up512_2 - INFO - finish step #73 for 3.2970147132873535 sec
2020-03-29 17:47:59,734 - exp_torch_topics_d128_passive_i2000_b20_q100_up512_2 - INFO - current val_accuracy: 0.4771449595290655
2020-03-29 17:47:59,734 - exp_torch_topics_d128_passive_i2000_b20_q100_up512_2 - INFO - start step #74
2020-03-29 17:47:59,735 - exp_torch_topics_d128_passive_i2000_b20_q100_up512_2 - INFO - query idx: [51998 35734 80011 62538 76790 12332 78124 63657 86456 93147 39371 71329
 36563 76678 85802 40068 90828 96989 58114 10689]
2020-03-29 17:48:04,918 - exp_torch_topics_d128_passive_i2000_b20_q100_up512_2 - INFO - finish step #74 for 5.183210134506226 sec
2020-03-29 17:48:04,918 - exp_torch_topics_d128_passive_i2000_b20_q100_up512_2 - INFO - current val_accuracy: 0.4769977924944812
2020-03-29 17:48:04,918 - exp_torch_topics_d128_passive_i2000_b20_q100_up512_2 - INFO - start step #75
2020-03-29 17:48:04,948 - exp_torch_topics_d128_passive_i2000_b20_q100_up512_2 - INFO - query idx: [95256 27891 27434 59457 36436 97743  8573 60601 19385 30725 20017 45698
 88247 91807 89210 21803 85649 82155 16330 67711]
2020-03-29 17:48:13,989 - exp_torch_topics_d128_passive_i2000_b20_q100_up512_2 - INFO - finish step #75 for 9.070231914520264 sec
2020-03-29 17:48:13,989 - exp_torch_topics_d128_passive_i2000_b20_q100_up512_2 - INFO - current val_accuracy: 0.478616629874908
2020-03-29 17:48:13,989 - exp_torch_topics_d128_passive_i2000_b20_q100_up512_2 - INFO - start step #76
2020-03-29 17:48:14,003 - exp_torch_topics_d128_passive_i2000_b20_q100_up512_2 - INFO - query idx: [18967 97628 55540 19694 69510 23075 72156 17689 75458 25396 77021  1599
  9647 69606 96581 58652 65641 59021 42876 28543]
2020-03-29 17:48:20,308 - exp_torch_topics_d128_passive_i2000_b20_q100_up512_2 - INFO - finish step #76 for 6.318587064743042 sec
2020-03-29 17:48:20,308 - exp_torch_topics_d128_passive_i2000_b20_q100_up512_2 - INFO - current val_accuracy: 0.4796467991169978
2020-03-29 17:48:20,308 - exp_torch_topics_d128_passive_i2000_b20_q100_up512_2 - INFO - start step #77
2020-03-29 17:48:20,309 - exp_torch_topics_d128_passive_i2000_b20_q100_up512_2 - INFO - query idx: [17751 79471 43128 48742 46682 36229 12492 61771 90855 96955 47899 72633
 28172 79462 95412 92489 65333 74144 30069 81970]
2020-03-29 17:48:23,300 - exp_torch_topics_d128_passive_i2000_b20_q100_up512_2 - INFO - finish step #77 for 2.9915201663970947 sec
2020-03-29 17:48:23,300 - exp_torch_topics_d128_passive_i2000_b20_q100_up512_2 - INFO - current val_accuracy: 0.4795879323031641
2020-03-29 17:48:23,300 - exp_torch_topics_d128_passive_i2000_b20_q100_up512_2 - INFO - start step #78
2020-03-29 17:48:23,301 - exp_torch_topics_d128_passive_i2000_b20_q100_up512_2 - INFO - query idx: [81969 57922 54484 64281 83160 81558 25028 36790 11652 27130  7252 90172
 44666 58884 47177 53190 29295 76048 59732 58924]
2020-03-29 17:48:26,403 - exp_torch_topics_d128_passive_i2000_b20_q100_up512_2 - INFO - finish step #78 for 3.102525234222412 sec
2020-03-29 17:48:26,405 - exp_torch_topics_d128_passive_i2000_b20_q100_up512_2 - INFO - current val_accuracy: 0.48132450331125826
2020-03-29 17:48:26,405 - exp_torch_topics_d128_passive_i2000_b20_q100_up512_2 - INFO - start step #79
2020-03-29 17:48:26,406 - exp_torch_topics_d128_passive_i2000_b20_q100_up512_2 - INFO - query idx: [48782  5186 42416 32830 94134 69035 34974 81058  9906 39359 12493 85757
 81702 16629 92976 63726 17241 37332 33981 33575]
2020-03-29 17:48:29,784 - exp_torch_topics_d128_passive_i2000_b20_q100_up512_2 - INFO - finish step #79 for 3.3789148330688477 sec
2020-03-29 17:48:29,785 - exp_torch_topics_d128_passive_i2000_b20_q100_up512_2 - INFO - current val_accuracy: 0.4835614422369389
2020-03-29 17:48:29,785 - exp_torch_topics_d128_passive_i2000_b20_q100_up512_2 - INFO - start step #80
2020-03-29 17:48:29,785 - exp_torch_topics_d128_passive_i2000_b20_q100_up512_2 - INFO - query idx: [66372 21417  2876 90536 92901  7020 66744  3955 66954 93532 32700 42920
 56675 41162 50054 47365 77925 75146 68804 78482]
2020-03-29 17:48:32,875 - exp_torch_topics_d128_passive_i2000_b20_q100_up512_2 - INFO - finish step #80 for 3.09004282951355 sec
2020-03-29 17:48:32,875 - exp_torch_topics_d128_passive_i2000_b20_q100_up512_2 - INFO - current val_accuracy: 0.48294334069168504
2020-03-29 17:48:32,875 - exp_torch_topics_d128_passive_i2000_b20_q100_up512_2 - INFO - start step #81
2020-03-29 17:48:32,876 - exp_torch_topics_d128_passive_i2000_b20_q100_up512_2 - INFO - query idx: [81203 32894 56398 61574 68191 39817  1604  5716 93908 36269 28050 47242
 52343 52124 85701 73200 58173 25005 20702 74185]
2020-03-29 17:48:36,044 - exp_torch_topics_d128_passive_i2000_b20_q100_up512_2 - INFO - finish step #81 for 3.1683318614959717 sec
2020-03-29 17:48:36,044 - exp_torch_topics_d128_passive_i2000_b20_q100_up512_2 - INFO - current val_accuracy: 0.4807652685798381
2020-03-29 17:48:36,045 - exp_torch_topics_d128_passive_i2000_b20_q100_up512_2 - INFO - start step #82
2020-03-29 17:48:36,045 - exp_torch_topics_d128_passive_i2000_b20_q100_up512_2 - INFO - query idx: [12175 47509 66895 70493 31164 63687 68875 23314  9788 38531  9137 95526
 64515 30839  8645  5473 71609 84281 16008 22000]
2020-03-29 17:48:39,699 - exp_torch_topics_d128_passive_i2000_b20_q100_up512_2 - INFO - finish step #82 for 3.6541969776153564 sec
2020-03-29 17:48:39,699 - exp_torch_topics_d128_passive_i2000_b20_q100_up512_2 - INFO - current val_accuracy: 0.48509197939661514
2020-03-29 17:48:39,699 - exp_torch_topics_d128_passive_i2000_b20_q100_up512_2 - INFO - start step #83
2020-03-29 17:48:39,700 - exp_torch_topics_d128_passive_i2000_b20_q100_up512_2 - INFO - query idx: [62894 35110  4567 27064 56977 16660 20096 17301 86364 18661  4842 12277
 52001 81489 54527 34495 72857 17362 42264 78679]
2020-03-29 17:48:43,647 - exp_torch_topics_d128_passive_i2000_b20_q100_up512_2 - INFO - finish step #83 for 3.9476821422576904 sec
2020-03-29 17:48:43,648 - exp_torch_topics_d128_passive_i2000_b20_q100_up512_2 - INFO - current val_accuracy: 0.4823546725533481
2020-03-29 17:48:43,648 - exp_torch_topics_d128_passive_i2000_b20_q100_up512_2 - INFO - start step #84
2020-03-29 17:48:43,648 - exp_torch_topics_d128_passive_i2000_b20_q100_up512_2 - INFO - query idx: [12007 50120 72491 85176 85539 86299 97784 21515 75361  7165 13916 91286
 51608  9243 37121  8768  2053 57354 80969 37210]
2020-03-29 17:48:47,025 - exp_torch_topics_d128_passive_i2000_b20_q100_up512_2 - INFO - finish step #84 for 3.3769149780273438 sec
2020-03-29 17:48:47,025 - exp_torch_topics_d128_passive_i2000_b20_q100_up512_2 - INFO - current val_accuracy: 0.48582781456953644
2020-03-29 17:48:47,025 - exp_torch_topics_d128_passive_i2000_b20_q100_up512_2 - INFO - start step #85
2020-03-29 17:48:47,026 - exp_torch_topics_d128_passive_i2000_b20_q100_up512_2 - INFO - query idx: [93055 59460 59392  9711 41496 43280 96123 88128 42024 37563 47707 86423
 48092  3429 56291 50645 37489 26758 93679 86840]
2020-03-29 17:48:50,521 - exp_torch_topics_d128_passive_i2000_b20_q100_up512_2 - INFO - finish step #85 for 3.4958462715148926 sec
2020-03-29 17:48:50,521 - exp_torch_topics_d128_passive_i2000_b20_q100_up512_2 - INFO - current val_accuracy: 0.48473877851361297
2020-03-29 17:48:50,522 - exp_torch_topics_d128_passive_i2000_b20_q100_up512_2 - INFO - start step #86
2020-03-29 17:48:50,522 - exp_torch_topics_d128_passive_i2000_b20_q100_up512_2 - INFO - query idx: [24699 80395 44402 34788 90953 47345 90849 36325 54687 30517 51959 38976
 22141 38845 97975 43841 89790  4686 58203 39267]
2020-03-29 17:48:54,730 - exp_torch_topics_d128_passive_i2000_b20_q100_up512_2 - INFO - finish step #86 for 4.2087578773498535 sec
2020-03-29 17:48:54,731 - exp_torch_topics_d128_passive_i2000_b20_q100_up512_2 - INFO - current val_accuracy: 0.48415011037527594
2020-03-29 17:48:54,731 - exp_torch_topics_d128_passive_i2000_b20_q100_up512_2 - INFO - start step #87
2020-03-29 17:48:54,731 - exp_torch_topics_d128_passive_i2000_b20_q100_up512_2 - INFO - query idx: [29792 87839 77378 75668  1813 31859 17533 38870 80831 58262 89504 22414
 20471 28301  4655 50837 44984 89920 17730  2278]
2020-03-29 17:49:02,925 - exp_torch_topics_d128_passive_i2000_b20_q100_up512_2 - INFO - finish step #87 for 8.193447828292847 sec
2020-03-29 17:49:02,925 - exp_torch_topics_d128_passive_i2000_b20_q100_up512_2 - INFO - current val_accuracy: 0.48353200883002206
2020-03-29 17:49:02,925 - exp_torch_topics_d128_passive_i2000_b20_q100_up512_2 - INFO - start step #88
2020-03-29 17:49:02,937 - exp_torch_topics_d128_passive_i2000_b20_q100_up512_2 - INFO - query idx: [93527 13820  9328 32549 29500 90938 60401 75746 40130 96423 83480 72379
 52816 61071 88016 40275 78199 34796 68059 92432]
2020-03-29 17:49:13,267 - exp_torch_topics_d128_passive_i2000_b20_q100_up512_2 - INFO - finish step #88 for 10.341614961624146 sec
2020-03-29 17:49:13,267 - exp_torch_topics_d128_passive_i2000_b20_q100_up512_2 - INFO - current val_accuracy: 0.48635761589403975
2020-03-29 17:49:13,267 - exp_torch_topics_d128_passive_i2000_b20_q100_up512_2 - INFO - start step #89
2020-03-29 17:49:13,274 - exp_torch_topics_d128_passive_i2000_b20_q100_up512_2 - INFO - query idx: [65261 27987   495 76734 84814 80186 64806 29110 96779 17139 78061 24851
 44857 31249 89195 28065 70102 88029 45728 90921]
2020-03-29 17:49:19,849 - exp_torch_topics_d128_passive_i2000_b20_q100_up512_2 - INFO - finish step #89 for 6.581762790679932 sec
2020-03-29 17:49:19,849 - exp_torch_topics_d128_passive_i2000_b20_q100_up512_2 - INFO - current val_accuracy: 0.485121412803532
2020-03-29 17:49:19,849 - exp_torch_topics_d128_passive_i2000_b20_q100_up512_2 - INFO - start step #90
2020-03-29 17:49:19,850 - exp_torch_topics_d128_passive_i2000_b20_q100_up512_2 - INFO - query idx: [31231 46625 77714  8122 54121 24528 27421 33702 15939 74523 50274 72868
 22392 82706 22953 18171 85887 44811 13043 48524]
2020-03-29 17:49:22,913 - exp_torch_topics_d128_passive_i2000_b20_q100_up512_2 - INFO - finish step #90 for 3.0638389587402344 sec
2020-03-29 17:49:22,914 - exp_torch_topics_d128_passive_i2000_b20_q100_up512_2 - INFO - current val_accuracy: 0.4841795437821928
2020-03-29 17:49:22,914 - exp_torch_topics_d128_passive_i2000_b20_q100_up512_2 - INFO - start step #91
2020-03-29 17:49:22,915 - exp_torch_topics_d128_passive_i2000_b20_q100_up512_2 - INFO - query idx: [58771 59967 40585 66582 32012 78154 16758 44091  8958 57031 47892 93161
 80797 87046  1437 91455  3227 54034 26873 59318]
2020-03-29 17:49:26,209 - exp_torch_topics_d128_passive_i2000_b20_q100_up512_2 - INFO - finish step #91 for 3.295041799545288 sec
2020-03-29 17:49:26,209 - exp_torch_topics_d128_passive_i2000_b20_q100_up512_2 - INFO - current val_accuracy: 0.4854157468727005
2020-03-29 17:49:26,210 - exp_torch_topics_d128_passive_i2000_b20_q100_up512_2 - INFO - start step #92
2020-03-29 17:49:26,210 - exp_torch_topics_d128_passive_i2000_b20_q100_up512_2 - INFO - query idx: [62518 28513  8269 19460 64226 78259 45420 56758 30927 69871 26069 31285
 15565 22831 87824 23750 93108 85055 73114 37920]
2020-03-29 17:49:29,567 - exp_torch_topics_d128_passive_i2000_b20_q100_up512_2 - INFO - finish step #92 for 3.3574447631835938 sec
2020-03-29 17:49:29,567 - exp_torch_topics_d128_passive_i2000_b20_q100_up512_2 - INFO - current val_accuracy: 0.4871817512877116
2020-03-29 17:49:29,567 - exp_torch_topics_d128_passive_i2000_b20_q100_up512_2 - INFO - start step #93
2020-03-29 17:49:29,568 - exp_torch_topics_d128_passive_i2000_b20_q100_up512_2 - INFO - query idx: [97436 69843   366 90800 29076 19992 74104  1502 97426 34926 23195 17539
 29672  5383 84816 90536 23535 59488 51586 50866]
2020-03-29 17:49:32,852 - exp_torch_topics_d128_passive_i2000_b20_q100_up512_2 - INFO - finish step #93 for 3.2840397357940674 sec
2020-03-29 17:49:32,853 - exp_torch_topics_d128_passive_i2000_b20_q100_up512_2 - INFO - current val_accuracy: 0.48329654157468727
2020-03-29 17:49:32,853 - exp_torch_topics_d128_passive_i2000_b20_q100_up512_2 - INFO - start step #94
2020-03-29 17:49:32,853 - exp_torch_topics_d128_passive_i2000_b20_q100_up512_2 - INFO - query idx: [19669 81806 85963 87589 37523 82915 66406 20652 94600 42237 29157 24890
 47320 68616 55771 48497  4299 82406 87431 72245]
2020-03-29 17:49:36,331 - exp_torch_topics_d128_passive_i2000_b20_q100_up512_2 - INFO - finish step #94 for 3.4779090881347656 sec
2020-03-29 17:49:36,331 - exp_torch_topics_d128_passive_i2000_b20_q100_up512_2 - INFO - current val_accuracy: 0.48682855040470935
2020-03-29 17:49:36,331 - exp_torch_topics_d128_passive_i2000_b20_q100_up512_2 - INFO - start step #95
2020-03-29 17:49:36,332 - exp_torch_topics_d128_passive_i2000_b20_q100_up512_2 - INFO - query idx: [85511 81170 90326 87190 32367  8229 47511 75870 28701 81822 68986 88025
  3624  6848   861 11407 42362 22909 31550 36687]
2020-03-29 17:49:40,172 - exp_torch_topics_d128_passive_i2000_b20_q100_up512_2 - INFO - finish step #95 for 3.840618133544922 sec
2020-03-29 17:49:40,172 - exp_torch_topics_d128_passive_i2000_b20_q100_up512_2 - INFO - current val_accuracy: 0.48706401766004415
2020-03-29 17:49:40,172 - exp_torch_topics_d128_passive_i2000_b20_q100_up512_2 - INFO - start step #96
2020-03-29 17:49:40,173 - exp_torch_topics_d128_passive_i2000_b20_q100_up512_2 - INFO - query idx: [90318 87052 72543 61765 95299 11382 78259 87263 35499  9560  1700 74272
 43634  9582 69668 21449 68819 51779 15009 37336]
2020-03-29 17:49:43,547 - exp_torch_topics_d128_passive_i2000_b20_q100_up512_2 - INFO - finish step #96 for 3.375213146209717 sec
2020-03-29 17:49:43,548 - exp_torch_topics_d128_passive_i2000_b20_q100_up512_2 - INFO - current val_accuracy: 0.48532744665195
2020-03-29 17:49:43,548 - exp_torch_topics_d128_passive_i2000_b20_q100_up512_2 - INFO - start step #97
2020-03-29 17:49:43,548 - exp_torch_topics_d128_passive_i2000_b20_q100_up512_2 - INFO - query idx: [82470 75287  2640 44776 61235 63198 57668 23200 18198  2534 37766 30001
 36538 44582 42559 68710 96224 87556 15427 15695]
2020-03-29 17:49:46,924 - exp_torch_topics_d128_passive_i2000_b20_q100_up512_2 - INFO - finish step #97 for 3.3757429122924805 sec
2020-03-29 17:49:46,924 - exp_torch_topics_d128_passive_i2000_b20_q100_up512_2 - INFO - current val_accuracy: 0.49056659308314937
2020-03-29 17:49:46,924 - exp_torch_topics_d128_passive_i2000_b20_q100_up512_2 - INFO - start step #98
2020-03-29 17:49:46,925 - exp_torch_topics_d128_passive_i2000_b20_q100_up512_2 - INFO - query idx: [ 1973 83449 34317 89294 18817 67866  2706 32882 62848 63706 20558 27102
 33799 30897 70453 97915 37332 54233 39330 54767]
2020-03-29 17:49:50,164 - exp_torch_topics_d128_passive_i2000_b20_q100_up512_2 - INFO - finish step #98 for 3.2399768829345703 sec
2020-03-29 17:49:50,164 - exp_torch_topics_d128_passive_i2000_b20_q100_up512_2 - INFO - current val_accuracy: 0.48988962472406183
2020-03-29 17:49:50,165 - exp_torch_topics_d128_passive_i2000_b20_q100_up512_2 - INFO - start step #99
2020-03-29 17:49:50,165 - exp_torch_topics_d128_passive_i2000_b20_q100_up512_2 - INFO - query idx: [18740 33442 66248 18686 27558 86974 12809 77225 13984 17785 66180 73023
 26165 57611 13847 65311 78292  7870 50134 21927]
2020-03-29 17:49:53,417 - exp_torch_topics_d128_passive_i2000_b20_q100_up512_2 - INFO - finish step #99 for 3.2525267601013184 sec
2020-03-29 17:49:53,418 - exp_torch_topics_d128_passive_i2000_b20_q100_up512_2 - INFO - current val_accuracy: 0.48991905813097864
2020-03-29 17:49:53,418 - exp_torch_topics_d128_passive_i2000_b20_q100_up512_2 - INFO - finish experiment process for 757.9801139831543 sec
