2020-03-20 13:47:02,274 - exp_torch_topics_d128_margin_i2000_b20_5 - INFO - start experiment process
2020-03-20 13:47:06,941 - exp_torch_topics_d128_margin_i2000_b20_5 - INFO - initial val_accuracy: 0.45833701250919795
2020-03-20 13:47:06,941 - exp_torch_topics_d128_margin_i2000_b20_5 - INFO - start step #0
2020-03-20 13:47:09,206 - exp_torch_topics_d128_margin_i2000_b20_5 - INFO - query idx: [13638 19383 12446  2395  5916 16176 17641  5347 13348  1093  7367 12560
  8837  2026 14244 18698  4846  2979 10011 17990]
2020-03-20 13:47:11,652 - exp_torch_topics_d128_margin_i2000_b20_5 - INFO - finish step #0 for 4.7108519077301025 sec
2020-03-20 13:47:11,652 - exp_torch_topics_d128_margin_i2000_b20_5 - INFO - current val_accuracy: 0.45636497424576894
2020-03-20 13:47:11,652 - exp_torch_topics_d128_margin_i2000_b20_5 - INFO - start step #1
2020-03-20 13:47:12,474 - exp_torch_topics_d128_margin_i2000_b20_5 - INFO - query idx: [14794  3043  8001  7014 17065  5752  6992  6006 10381 13439 14399 14973
  6256  4131 10438 16555  4306  3550 19647  5369]
2020-03-20 13:47:14,917 - exp_torch_topics_d128_margin_i2000_b20_5 - INFO - finish step #1 for 3.2640719413757324 sec
2020-03-20 13:47:14,917 - exp_torch_topics_d128_margin_i2000_b20_5 - INFO - current val_accuracy: 0.45804267844002944
2020-03-20 13:47:14,917 - exp_torch_topics_d128_margin_i2000_b20_5 - INFO - start step #2
2020-03-20 13:47:15,740 - exp_torch_topics_d128_margin_i2000_b20_5 - INFO - query idx: [  602  7533  4378  4927  8725  2849 12897 18920 12896 13257 18582 19515
  4527  8330 19145 12447 15177 16931    87  3343]
2020-03-20 13:47:18,033 - exp_torch_topics_d128_margin_i2000_b20_5 - INFO - finish step #2 for 3.116166114807129 sec
2020-03-20 13:47:18,033 - exp_torch_topics_d128_margin_i2000_b20_5 - INFO - current val_accuracy: 0.4541280353200883
2020-03-20 13:47:18,034 - exp_torch_topics_d128_margin_i2000_b20_5 - INFO - start step #3
2020-03-20 13:47:18,869 - exp_torch_topics_d128_margin_i2000_b20_5 - INFO - query idx: [14077  2474  7281  1890  2851  1010 12109 15962  6206 17109 12695 10989
 11057 13927  3939 14039  9952 15497  7270 10646]
2020-03-20 13:47:20,806 - exp_torch_topics_d128_margin_i2000_b20_5 - INFO - finish step #3 for 2.772603750228882 sec
2020-03-20 13:47:20,806 - exp_torch_topics_d128_margin_i2000_b20_5 - INFO - current val_accuracy: 0.45274466519499634
2020-03-20 13:47:20,807 - exp_torch_topics_d128_margin_i2000_b20_5 - INFO - start step #4
2020-03-20 13:47:21,706 - exp_torch_topics_d128_margin_i2000_b20_5 - INFO - query idx: [ 5065 10161   846  2936 11671  3577  2349 17686 11858 13715 11637    50
  2903 18353  7500  7450 10412  8290 19183  8206]
2020-03-20 13:47:23,702 - exp_torch_topics_d128_margin_i2000_b20_5 - INFO - finish step #4 for 2.8953018188476562 sec
2020-03-20 13:47:23,702 - exp_torch_topics_d128_margin_i2000_b20_5 - INFO - current val_accuracy: 0.4435320088300221
2020-03-20 13:47:23,702 - exp_torch_topics_d128_margin_i2000_b20_5 - INFO - start step #5
2020-03-20 13:47:24,703 - exp_torch_topics_d128_margin_i2000_b20_5 - INFO - query idx: [13991 10627 10686 18356   912  1260 16762 11775 11542  6068 12746 16463
  4962  8112 13846 13488 16588 16540 14291  2975]
2020-03-20 13:47:26,786 - exp_torch_topics_d128_margin_i2000_b20_5 - INFO - finish step #5 for 3.0839598178863525 sec
2020-03-20 13:47:26,787 - exp_torch_topics_d128_margin_i2000_b20_5 - INFO - current val_accuracy: 0.45015452538631345
2020-03-20 13:47:26,787 - exp_torch_topics_d128_margin_i2000_b20_5 - INFO - start step #6
2020-03-20 13:47:27,710 - exp_torch_topics_d128_margin_i2000_b20_5 - INFO - query idx: [ 9328 17461  1820  8186  7178 15289 18992  1841 15392 12918 19219  8350
  3786  7889 10459 12479 14695  4806 11598 19149]
2020-03-20 13:47:29,738 - exp_torch_topics_d128_margin_i2000_b20_5 - INFO - finish step #6 for 2.9506661891937256 sec
2020-03-20 13:47:29,738 - exp_torch_topics_d128_margin_i2000_b20_5 - INFO - current val_accuracy: 0.4551582045621781
2020-03-20 13:47:29,738 - exp_torch_topics_d128_margin_i2000_b20_5 - INFO - start step #7
2020-03-20 13:47:30,574 - exp_torch_topics_d128_margin_i2000_b20_5 - INFO - query idx: [14807 15405 14769 11765  3962  7259 10685  7837 14799  8391 13054  7045
 14212   282 17553 18565  7529 17122 19194 16054]
2020-03-20 13:47:32,573 - exp_torch_topics_d128_margin_i2000_b20_5 - INFO - finish step #7 for 2.8347411155700684 sec
2020-03-20 13:47:32,573 - exp_torch_topics_d128_margin_i2000_b20_5 - INFO - current val_accuracy: 0.4606033848417954
2020-03-20 13:47:32,573 - exp_torch_topics_d128_margin_i2000_b20_5 - INFO - start step #8
2020-03-20 13:47:33,418 - exp_torch_topics_d128_margin_i2000_b20_5 - INFO - query idx: [18345 16495 11417  6901  9321 19731 16599  6429 15478 13980  7163 14771
  9787 17370  6298 19029   566 17694  7041 18093]
2020-03-20 13:47:35,383 - exp_torch_topics_d128_margin_i2000_b20_5 - INFO - finish step #8 for 2.8096201419830322 sec
2020-03-20 13:47:35,383 - exp_torch_topics_d128_margin_i2000_b20_5 - INFO - current val_accuracy: 0.4676379690949227
2020-03-20 13:47:35,383 - exp_torch_topics_d128_margin_i2000_b20_5 - INFO - start step #9
2020-03-20 13:47:36,241 - exp_torch_topics_d128_margin_i2000_b20_5 - INFO - query idx: [16494  7004 18200  3189 19673 15073 15871 17389  3648  1505  6932  6216
 14584  8822 10477 19324 18873  2907 17236  5417]
2020-03-20 13:47:38,342 - exp_torch_topics_d128_margin_i2000_b20_5 - INFO - finish step #9 for 2.9588570594787598 sec
2020-03-20 13:47:38,342 - exp_torch_topics_d128_margin_i2000_b20_5 - INFO - current val_accuracy: 0.4709933774834437
2020-03-20 13:47:38,343 - exp_torch_topics_d128_margin_i2000_b20_5 - INFO - start step #10
2020-03-20 13:47:39,172 - exp_torch_topics_d128_margin_i2000_b20_5 - INFO - query idx: [  338 15498 14164 11485 17797 16135 13213 10796  6336 16624  1108 12306
  4411 15617 13241  7670  3171 11159  6243  9272]
2020-03-20 13:47:41,151 - exp_torch_topics_d128_margin_i2000_b20_5 - INFO - finish step #10 for 2.808326244354248 sec
2020-03-20 13:47:41,151 - exp_torch_topics_d128_margin_i2000_b20_5 - INFO - current val_accuracy: 0.47181751287711554
2020-03-20 13:47:41,151 - exp_torch_topics_d128_margin_i2000_b20_5 - INFO - start step #11
2020-03-20 13:47:41,992 - exp_torch_topics_d128_margin_i2000_b20_5 - INFO - query idx: [ 4382 17532  5749  3755 17866 16667 16716 19308 14064  3471 11217 19166
  6531  8394  7507  6465  6001 12200  7429 19473]
2020-03-20 13:47:44,016 - exp_torch_topics_d128_margin_i2000_b20_5 - INFO - finish step #11 for 2.864983081817627 sec
2020-03-20 13:47:44,017 - exp_torch_topics_d128_margin_i2000_b20_5 - INFO - current val_accuracy: 0.47373068432671084
2020-03-20 13:47:44,017 - exp_torch_topics_d128_margin_i2000_b20_5 - INFO - start step #12
2020-03-20 13:47:44,844 - exp_torch_topics_d128_margin_i2000_b20_5 - INFO - query idx: [ 7532  6922 19512  7730 15092  8873 12380 18303   566 13160  3230  3871
  3154 12447  3544   897 19535  9218  6372 15032]
2020-03-20 13:47:46,811 - exp_torch_topics_d128_margin_i2000_b20_5 - INFO - finish step #12 for 2.794105052947998 sec
2020-03-20 13:47:46,811 - exp_torch_topics_d128_margin_i2000_b20_5 - INFO - current val_accuracy: 0.4766740250183959
2020-03-20 13:47:46,811 - exp_torch_topics_d128_margin_i2000_b20_5 - INFO - start step #13
2020-03-20 13:47:47,774 - exp_torch_topics_d128_margin_i2000_b20_5 - INFO - query idx: [16217 19552  9608  4350 15871 16681 12567 16091 11463 10390  6687 13970
 19465 19729  8978  3135 12549 17216 10259 12070]
2020-03-20 13:47:49,777 - exp_torch_topics_d128_margin_i2000_b20_5 - INFO - finish step #13 for 2.9658560752868652 sec
2020-03-20 13:47:49,778 - exp_torch_topics_d128_margin_i2000_b20_5 - INFO - current val_accuracy: 0.47917586460632816
2020-03-20 13:47:49,778 - exp_torch_topics_d128_margin_i2000_b20_5 - INFO - start step #14
2020-03-20 13:47:50,610 - exp_torch_topics_d128_margin_i2000_b20_5 - INFO - query idx: [ 5417 13608 18695   896 15143  7520  6572  6737  7526 11306 12952 10889
   702 14896  6498 10127  1123 14694 15564 16990]
2020-03-20 13:47:52,638 - exp_torch_topics_d128_margin_i2000_b20_5 - INFO - finish step #14 for 2.8605661392211914 sec
2020-03-20 13:47:52,639 - exp_torch_topics_d128_margin_i2000_b20_5 - INFO - current val_accuracy: 0.47855776306107434
2020-03-20 13:47:52,639 - exp_torch_topics_d128_margin_i2000_b20_5 - INFO - start step #15
2020-03-20 13:47:53,516 - exp_torch_topics_d128_margin_i2000_b20_5 - INFO - query idx: [ 2862  8674 16645   227 18958  6790 14048  6774 18583  2137 18478 19561
  8782  4318 17730 11618 15287   198 14988  8836]
2020-03-20 13:47:55,498 - exp_torch_topics_d128_margin_i2000_b20_5 - INFO - finish step #15 for 2.8582520484924316 sec
2020-03-20 13:47:55,498 - exp_torch_topics_d128_margin_i2000_b20_5 - INFO - current val_accuracy: 0.47932303164091244
2020-03-20 13:47:55,498 - exp_torch_topics_d128_margin_i2000_b20_5 - INFO - start step #16
2020-03-20 13:47:56,392 - exp_torch_topics_d128_margin_i2000_b20_5 - INFO - query idx: [ 4492 14285 14570  3370  9834 13544  6407  6994  6501  7837  4683  6662
  8737  6804 18543 16736  7383  4451   116 12465]
2020-03-20 13:47:58,430 - exp_torch_topics_d128_margin_i2000_b20_5 - INFO - finish step #16 for 2.9320068359375 sec
2020-03-20 13:47:58,430 - exp_torch_topics_d128_margin_i2000_b20_5 - INFO - current val_accuracy: 0.4815894039735099
2020-03-20 13:47:58,430 - exp_torch_topics_d128_margin_i2000_b20_5 - INFO - start step #17
2020-03-20 13:47:59,266 - exp_torch_topics_d128_margin_i2000_b20_5 - INFO - query idx: [16282 12978 13780  1336 15179  1866  6819  3112 18134 17670 17676 10822
  8471  2716 14705  4596  3683  6868 12598 19484]
2020-03-20 13:48:01,460 - exp_torch_topics_d128_margin_i2000_b20_5 - INFO - finish step #17 for 3.0294041633605957 sec
2020-03-20 13:48:01,460 - exp_torch_topics_d128_margin_i2000_b20_5 - INFO - current val_accuracy: 0.482560706401766
2020-03-20 13:48:01,460 - exp_torch_topics_d128_margin_i2000_b20_5 - INFO - start step #18
2020-03-20 13:48:02,286 - exp_torch_topics_d128_margin_i2000_b20_5 - INFO - query idx: [  736 12716 18134 17181 13390  6461  3995  3611  2119  2703  5272  9492
 17571 14633  7851 17953 14348 11594  2605  4251]
2020-03-20 13:48:04,404 - exp_torch_topics_d128_margin_i2000_b20_5 - INFO - finish step #18 for 2.944175958633423 sec
2020-03-20 13:48:04,405 - exp_torch_topics_d128_margin_i2000_b20_5 - INFO - current val_accuracy: 0.4834142752023547
2020-03-20 13:48:04,405 - exp_torch_topics_d128_margin_i2000_b20_5 - INFO - start step #19
2020-03-20 13:48:05,238 - exp_torch_topics_d128_margin_i2000_b20_5 - INFO - query idx: [  299  9903 17090  1498  9534 15915  2355  7341  2975  3315 19225  9295
  1759 11434  7857  2910  7734  4860 11111  3239]
2020-03-20 13:48:07,221 - exp_torch_topics_d128_margin_i2000_b20_5 - INFO - finish step #19 for 2.816181182861328 sec
2020-03-20 13:48:07,223 - exp_torch_topics_d128_margin_i2000_b20_5 - INFO - current val_accuracy: 0.4858866813833701
2020-03-20 13:48:07,223 - exp_torch_topics_d128_margin_i2000_b20_5 - INFO - start step #20
2020-03-20 13:48:08,072 - exp_torch_topics_d128_margin_i2000_b20_5 - INFO - query idx: [ 3500  6865  8520 17934 19302  9426  8085  2640 10786  3294  4330 10333
   321  4729 15218 11942  1442 11364  7873 16163]
2020-03-20 13:48:10,080 - exp_torch_topics_d128_margin_i2000_b20_5 - INFO - finish step #20 for 2.857041358947754 sec
2020-03-20 13:48:10,080 - exp_torch_topics_d128_margin_i2000_b20_5 - INFO - current val_accuracy: 0.48264900662251653
2020-03-20 13:48:10,081 - exp_torch_topics_d128_margin_i2000_b20_5 - INFO - start step #21
2020-03-20 13:48:10,920 - exp_torch_topics_d128_margin_i2000_b20_5 - INFO - query idx: [16994   676 14890 10678  7523  5959  8402  5867  7850  8069 16977 15920
 13192 18692  1496  4621  6002  9387  4349  3440]
2020-03-20 13:48:13,044 - exp_torch_topics_d128_margin_i2000_b20_5 - INFO - finish step #21 for 2.962959051132202 sec
2020-03-20 13:48:13,044 - exp_torch_topics_d128_margin_i2000_b20_5 - INFO - current val_accuracy: 0.4830316409124356
2020-03-20 13:48:13,044 - exp_torch_topics_d128_margin_i2000_b20_5 - INFO - start step #22
2020-03-20 13:48:13,983 - exp_torch_topics_d128_margin_i2000_b20_5 - INFO - query idx: [ 1646  9488  2297  3316 16055 15018  9171  3902 18805   406  3795 15191
 10048  9423 16168  8095 11679 12762 17238  9760]
2020-03-20 13:48:15,999 - exp_torch_topics_d128_margin_i2000_b20_5 - INFO - finish step #22 for 2.9553236961364746 sec
2020-03-20 13:48:16,000 - exp_torch_topics_d128_margin_i2000_b20_5 - INFO - current val_accuracy: 0.48170713760117734
2020-03-20 13:48:16,000 - exp_torch_topics_d128_margin_i2000_b20_5 - INFO - start step #23
2020-03-20 13:48:16,859 - exp_torch_topics_d128_margin_i2000_b20_5 - INFO - query idx: [19064  7489  6703 17396   489 17723  6359  2830  2520  2745  9955 13596
  6032  4293 16807   327  2893  8061   368  7926]
2020-03-20 13:48:18,963 - exp_torch_topics_d128_margin_i2000_b20_5 - INFO - finish step #23 for 2.9630398750305176 sec
2020-03-20 13:48:18,963 - exp_torch_topics_d128_margin_i2000_b20_5 - INFO - current val_accuracy: 0.48132450331125826
2020-03-20 13:48:18,963 - exp_torch_topics_d128_margin_i2000_b20_5 - INFO - start step #24
2020-03-20 13:48:19,851 - exp_torch_topics_d128_margin_i2000_b20_5 - INFO - query idx: [14297 19041  4764  4373 17683  9729  6527 18105 17614 16378  2144 17440
 18563 11991 12213 18652 12022 19284  9426 14368]
2020-03-20 13:48:21,867 - exp_torch_topics_d128_margin_i2000_b20_5 - INFO - finish step #24 for 2.903209924697876 sec
2020-03-20 13:48:21,867 - exp_torch_topics_d128_margin_i2000_b20_5 - INFO - current val_accuracy: 0.4818837380426784
2020-03-20 13:48:21,867 - exp_torch_topics_d128_margin_i2000_b20_5 - INFO - start step #25
2020-03-20 13:48:22,685 - exp_torch_topics_d128_margin_i2000_b20_5 - INFO - query idx: [ 7472 10619 14532 18248 19041  8311 14059 15535 16367 10196  2183  3126
  7822  7831  1898  8265 16298 12980  7884 17562]
2020-03-20 13:48:24,854 - exp_torch_topics_d128_margin_i2000_b20_5 - INFO - finish step #25 for 2.9868626594543457 sec
2020-03-20 13:48:24,854 - exp_torch_topics_d128_margin_i2000_b20_5 - INFO - current val_accuracy: 0.4829139072847682
2020-03-20 13:48:24,854 - exp_torch_topics_d128_margin_i2000_b20_5 - INFO - start step #26
2020-03-20 13:48:25,736 - exp_torch_topics_d128_margin_i2000_b20_5 - INFO - query idx: [ 1303  2051 18565 11283 16314 12859 12869 13558 16561  2089 18572  9464
 12856 10571  1769  7592 13678 17445  7141  9736]
2020-03-20 13:48:27,835 - exp_torch_topics_d128_margin_i2000_b20_5 - INFO - finish step #26 for 2.980985164642334 sec
2020-03-20 13:48:27,836 - exp_torch_topics_d128_margin_i2000_b20_5 - INFO - current val_accuracy: 0.4847093451066961
2020-03-20 13:48:27,836 - exp_torch_topics_d128_margin_i2000_b20_5 - INFO - start step #27
2020-03-20 13:48:28,763 - exp_torch_topics_d128_margin_i2000_b20_5 - INFO - query idx: [ 7251  3406  4650 15020  7297 14334    60  5825 18196 11091 17640  7233
  5083 18774 17777 14105  8893 15430   682  8753]
2020-03-20 13:48:30,892 - exp_torch_topics_d128_margin_i2000_b20_5 - INFO - finish step #27 for 3.0559918880462646 sec
2020-03-20 13:48:30,892 - exp_torch_topics_d128_margin_i2000_b20_5 - INFO - current val_accuracy: 0.48450331125827817
2020-03-20 13:48:30,892 - exp_torch_topics_d128_margin_i2000_b20_5 - INFO - start step #28
2020-03-20 13:48:31,743 - exp_torch_topics_d128_margin_i2000_b20_5 - INFO - query idx: [ 8010 10416  6231 15641 15732 15201 10880 15935  9099  9193  8328 10449
 16746 10355  1067  8646 17302 19305  1022 10509]
2020-03-20 13:48:34,357 - exp_torch_topics_d128_margin_i2000_b20_5 - INFO - finish step #28 for 3.4643280506134033 sec
2020-03-20 13:48:34,357 - exp_torch_topics_d128_margin_i2000_b20_5 - INFO - current val_accuracy: 0.485121412803532
2020-03-20 13:48:34,357 - exp_torch_topics_d128_margin_i2000_b20_5 - INFO - start step #29
2020-03-20 13:48:35,173 - exp_torch_topics_d128_margin_i2000_b20_5 - INFO - query idx: [16052 13342 16537 16549  1716  3928  9206 12438  4982 13988 19124  6273
 12623 13701   503  4408 14031 13234  9755 11080]
2020-03-20 13:48:37,214 - exp_torch_topics_d128_margin_i2000_b20_5 - INFO - finish step #29 for 2.8569772243499756 sec
2020-03-20 13:48:37,214 - exp_torch_topics_d128_margin_i2000_b20_5 - INFO - current val_accuracy: 0.4733186166298749
2020-03-20 13:48:37,214 - exp_torch_topics_d128_margin_i2000_b20_5 - INFO - finish experiment process for 94.93928694725037 sec
