2020-03-18 21:40:11,089 - exp_torch_topics_passive_2_i2000_b20_3 - INFO - start experiment process
2020-03-18 21:40:16,864 - exp_torch_topics_passive_2_i2000_b20_3 - INFO - initial val_accuracy: 0.4613392200147167
2020-03-18 21:40:16,865 - exp_torch_topics_passive_2_i2000_b20_3 - INFO - start step #0
2020-03-18 21:40:22,487 - exp_torch_topics_passive_2_i2000_b20_3 - INFO - finish step #0 for 5.6213929653167725 sec
2020-03-18 21:40:22,487 - exp_torch_topics_passive_2_i2000_b20_3 - INFO - current val_accuracy: 0.46025018395879325
2020-03-18 21:40:22,488 - exp_torch_topics_passive_2_i2000_b20_3 - INFO - start step #1
2020-03-18 21:40:24,863 - exp_torch_topics_passive_2_i2000_b20_3 - INFO - finish step #1 for 2.3756773471832275 sec
2020-03-18 21:40:24,864 - exp_torch_topics_passive_2_i2000_b20_3 - INFO - current val_accuracy: 0.4521559970566593
2020-03-18 21:40:24,864 - exp_torch_topics_passive_2_i2000_b20_3 - INFO - start step #2
2020-03-18 21:40:27,073 - exp_torch_topics_passive_2_i2000_b20_3 - INFO - finish step #2 for 2.208570718765259 sec
2020-03-18 21:40:27,073 - exp_torch_topics_passive_2_i2000_b20_3 - INFO - current val_accuracy: 0.4338778513612951
2020-03-18 21:40:27,073 - exp_torch_topics_passive_2_i2000_b20_3 - INFO - start step #3
2020-03-18 21:40:29,322 - exp_torch_topics_passive_2_i2000_b20_3 - INFO - finish step #3 for 2.2487339973449707 sec
2020-03-18 21:40:29,322 - exp_torch_topics_passive_2_i2000_b20_3 - INFO - current val_accuracy: 0.43829286239882265
2020-03-18 21:40:29,322 - exp_torch_topics_passive_2_i2000_b20_3 - INFO - start step #4
2020-03-18 21:40:35,092 - exp_torch_topics_passive_2_i2000_b20_3 - INFO - finish step #4 for 5.769337177276611 sec
2020-03-18 21:40:35,244 - exp_torch_topics_passive_2_i2000_b20_3 - INFO - current val_accuracy: 0.43676232523914643
2020-03-18 21:40:35,245 - exp_torch_topics_passive_2_i2000_b20_3 - INFO - start step #5
2020-03-18 21:40:45,745 - exp_torch_topics_passive_2_i2000_b20_3 - INFO - finish step #5 for 10.49974513053894 sec
2020-03-18 21:40:45,750 - exp_torch_topics_passive_2_i2000_b20_3 - INFO - current val_accuracy: 0.4336718175128771
2020-03-18 21:40:45,751 - exp_torch_topics_passive_2_i2000_b20_3 - INFO - start step #6
2020-03-18 21:40:51,462 - exp_torch_topics_passive_2_i2000_b20_3 - INFO - finish step #6 for 5.707351922988892 sec
2020-03-18 21:40:51,465 - exp_torch_topics_passive_2_i2000_b20_3 - INFO - current val_accuracy: 0.44847682119205295
2020-03-18 21:40:51,465 - exp_torch_topics_passive_2_i2000_b20_3 - INFO - start step #7
2020-03-18 21:41:01,148 - exp_torch_topics_passive_2_i2000_b20_3 - INFO - finish step #7 for 9.682127237319946 sec
2020-03-18 21:41:01,150 - exp_torch_topics_passive_2_i2000_b20_3 - INFO - current val_accuracy: 0.469551140544518
2020-03-18 21:41:01,151 - exp_torch_topics_passive_2_i2000_b20_3 - INFO - start step #8
2020-03-18 21:41:06,127 - exp_torch_topics_passive_2_i2000_b20_3 - INFO - finish step #8 for 4.9764790534973145 sec
2020-03-18 21:41:06,131 - exp_torch_topics_passive_2_i2000_b20_3 - INFO - current val_accuracy: 0.4742310522442973
2020-03-18 21:41:06,131 - exp_torch_topics_passive_2_i2000_b20_3 - INFO - start step #9
2020-03-18 21:41:10,198 - exp_torch_topics_passive_2_i2000_b20_3 - INFO - finish step #9 for 4.067357063293457 sec
2020-03-18 21:41:10,561 - exp_torch_topics_passive_2_i2000_b20_3 - INFO - current val_accuracy: 0.4739955849889625
2020-03-18 21:41:10,561 - exp_torch_topics_passive_2_i2000_b20_3 - INFO - start step #10
2020-03-18 21:41:14,214 - exp_torch_topics_passive_2_i2000_b20_3 - INFO - finish step #10 for 3.652765989303589 sec
2020-03-18 21:41:14,215 - exp_torch_topics_passive_2_i2000_b20_3 - INFO - current val_accuracy: 0.46922737306843265
2020-03-18 21:41:14,215 - exp_torch_topics_passive_2_i2000_b20_3 - INFO - start step #11
