2020-03-30 00:22:20,313 - exp_torch_topics_d128_passive_i2000_b20_q100_up_if8_512_4 - INFO - start experiment process
2020-03-30 00:22:27,041 - exp_torch_topics_d128_passive_i2000_b20_q100_up_if8_512_4 - INFO - initial val_accuracy: 0.44862398822663724
2020-03-30 00:22:27,041 - exp_torch_topics_d128_passive_i2000_b20_q100_up_if8_512_4 - INFO - start step #0
2020-03-30 00:22:27,044 - exp_torch_topics_d128_passive_i2000_b20_q100_up_if8_512_4 - INFO - query idx: [52118 59550 67653 83979 67427 41193 97248 49008 36455 11089 78130 43656
 52028 41293 40526 43771 15516 79076 19234 35947]
2020-03-30 00:22:32,618 - exp_torch_topics_d128_passive_i2000_b20_q100_up_if8_512_4 - INFO - finish step #0 for 5.576412916183472 sec
2020-03-30 00:22:32,618 - exp_torch_topics_d128_passive_i2000_b20_q100_up_if8_512_4 - INFO - current val_accuracy: 0.446887417218543
2020-03-30 00:22:32,618 - exp_torch_topics_d128_passive_i2000_b20_q100_up_if8_512_4 - INFO - start step #1
2020-03-30 00:22:32,619 - exp_torch_topics_d128_passive_i2000_b20_q100_up_if8_512_4 - INFO - query idx: [13611 19509 30840 40246 29351 60081 98614 34881 97617 66125  6036 86611
 44803 72247 95939 33817 39593 20789 95465 42112]
2020-03-30 00:22:36,336 - exp_torch_topics_d128_passive_i2000_b20_q100_up_if8_512_4 - INFO - finish step #1 for 3.7174339294433594 sec
2020-03-30 00:22:36,336 - exp_torch_topics_d128_passive_i2000_b20_q100_up_if8_512_4 - INFO - current val_accuracy: 0.44600441501103755
2020-03-30 00:22:36,336 - exp_torch_topics_d128_passive_i2000_b20_q100_up_if8_512_4 - INFO - start step #2
2020-03-30 00:22:36,337 - exp_torch_topics_d128_passive_i2000_b20_q100_up_if8_512_4 - INFO - query idx: [58506 50060 13070  1168 20322 50763 58262 47182 23307 87307 77814 23400
 22128 80405 28650 78531 15000 88731  6885 36863]
2020-03-30 00:22:39,987 - exp_torch_topics_d128_passive_i2000_b20_q100_up_if8_512_4 - INFO - finish step #2 for 3.6505191326141357 sec
2020-03-30 00:22:39,987 - exp_torch_topics_d128_passive_i2000_b20_q100_up_if8_512_4 - INFO - current val_accuracy: 0.4447093451066961
2020-03-30 00:22:39,987 - exp_torch_topics_d128_passive_i2000_b20_q100_up_if8_512_4 - INFO - start step #3
2020-03-30 00:22:39,988 - exp_torch_topics_d128_passive_i2000_b20_q100_up_if8_512_4 - INFO - query idx: [ 6922 68419 85842 47414 80208 79195 68489 33923 38576 46138 88844  1896
 66620 73945 62523  9927  1778 51814 62572 39066]
2020-03-30 00:22:43,666 - exp_torch_topics_d128_passive_i2000_b20_q100_up_if8_512_4 - INFO - finish step #3 for 3.678213119506836 sec
2020-03-30 00:22:43,666 - exp_torch_topics_d128_passive_i2000_b20_q100_up_if8_512_4 - INFO - current val_accuracy: 0.4498013245033113
2020-03-30 00:22:43,666 - exp_torch_topics_d128_passive_i2000_b20_q100_up_if8_512_4 - INFO - start step #4
2020-03-30 00:22:43,667 - exp_torch_topics_d128_passive_i2000_b20_q100_up_if8_512_4 - INFO - query idx: [ 2673 21087 12783 84322 23368 18972 24629 32077 67542 60418 11782 99520
 41834 65220 89402 17524 98891 19175 96818 70112]
2020-03-30 00:22:47,267 - exp_torch_topics_d128_passive_i2000_b20_q100_up_if8_512_4 - INFO - finish step #4 for 3.6005859375 sec
2020-03-30 00:22:47,267 - exp_torch_topics_d128_passive_i2000_b20_q100_up_if8_512_4 - INFO - current val_accuracy: 0.45280353200883
2020-03-30 00:22:47,267 - exp_torch_topics_d128_passive_i2000_b20_q100_up_if8_512_4 - INFO - start step #5
2020-03-30 00:22:47,268 - exp_torch_topics_d128_passive_i2000_b20_q100_up_if8_512_4 - INFO - query idx: [90290 98757 30287 18714  5019 85280 11088 62498 40165 44618 25134 19834
 34219 49512 41201 54831 32423 76180 68353 35301]
2020-03-30 00:22:51,090 - exp_torch_topics_d128_passive_i2000_b20_q100_up_if8_512_4 - INFO - finish step #5 for 3.82214093208313 sec
2020-03-30 00:22:51,090 - exp_torch_topics_d128_passive_i2000_b20_q100_up_if8_512_4 - INFO - current val_accuracy: 0.4481824871228845
2020-03-30 00:22:51,090 - exp_torch_topics_d128_passive_i2000_b20_q100_up_if8_512_4 - INFO - start step #6
2020-03-30 00:22:51,091 - exp_torch_topics_d128_passive_i2000_b20_q100_up_if8_512_4 - INFO - query idx: [43997  2352 26540 48758 93205 96068 55922   977 95158 72128 89558 43931
 25810 10947 66242 66611 10248 69295 23303 79130]
2020-03-30 00:22:54,791 - exp_torch_topics_d128_passive_i2000_b20_q100_up_if8_512_4 - INFO - finish step #6 for 3.7010180950164795 sec
2020-03-30 00:22:54,792 - exp_torch_topics_d128_passive_i2000_b20_q100_up_if8_512_4 - INFO - current val_accuracy: 0.4382634289919058
2020-03-30 00:22:54,792 - exp_torch_topics_d128_passive_i2000_b20_q100_up_if8_512_4 - INFO - start step #7
2020-03-30 00:22:54,792 - exp_torch_topics_d128_passive_i2000_b20_q100_up_if8_512_4 - INFO - query idx: [25651 61489 91599 71820 48686 99794 31065 78978  7192 32212 97063 58913
 34962 50785 94503 96843 72498 73461 96249 80761]
2020-03-30 00:22:58,330 - exp_torch_topics_d128_passive_i2000_b20_q100_up_if8_512_4 - INFO - finish step #7 for 3.5382070541381836 sec
2020-03-30 00:22:58,330 - exp_torch_topics_d128_passive_i2000_b20_q100_up_if8_512_4 - INFO - current val_accuracy: 0.4452391464311994
2020-03-30 00:22:58,330 - exp_torch_topics_d128_passive_i2000_b20_q100_up_if8_512_4 - INFO - start step #8
2020-03-30 00:22:58,331 - exp_torch_topics_d128_passive_i2000_b20_q100_up_if8_512_4 - INFO - query idx: [57890 51382 73143 25673 69550  3494 51081 22582 88569 54089 21632 30022
 86490 27727 38924 39898 85968 15116 95195 13160]
2020-03-30 00:23:01,896 - exp_torch_topics_d128_passive_i2000_b20_q100_up_if8_512_4 - INFO - finish step #8 for 3.565861225128174 sec
2020-03-30 00:23:01,898 - exp_torch_topics_d128_passive_i2000_b20_q100_up_if8_512_4 - INFO - current val_accuracy: 0.4508903605592347
2020-03-30 00:23:01,898 - exp_torch_topics_d128_passive_i2000_b20_q100_up_if8_512_4 - INFO - start step #9
2020-03-30 00:23:01,899 - exp_torch_topics_d128_passive_i2000_b20_q100_up_if8_512_4 - INFO - query idx: [38732 56949 24108 23071 92207 98446 76966 17359 32969 13406 73584 88199
 26064 59120  7142 19612 64514 53655  6412  5897]
2020-03-30 00:23:05,478 - exp_torch_topics_d128_passive_i2000_b20_q100_up_if8_512_4 - INFO - finish step #9 for 3.579483985900879 sec
2020-03-30 00:23:05,478 - exp_torch_topics_d128_passive_i2000_b20_q100_up_if8_512_4 - INFO - current val_accuracy: 0.4530978660779985
2020-03-30 00:23:05,478 - exp_torch_topics_d128_passive_i2000_b20_q100_up_if8_512_4 - INFO - start step #10
2020-03-30 00:23:05,479 - exp_torch_topics_d128_passive_i2000_b20_q100_up_if8_512_4 - INFO - query idx: [16544 90983 46570 13968 14842  4056 93750 64927 91742 48957 15987 71490
 50079 77975 93479  6210 91830  5653 51697 59911]
2020-03-30 00:23:09,108 - exp_torch_topics_d128_passive_i2000_b20_q100_up_if8_512_4 - INFO - finish step #10 for 3.6295008659362793 sec
2020-03-30 00:23:09,108 - exp_torch_topics_d128_passive_i2000_b20_q100_up_if8_512_4 - INFO - current val_accuracy: 0.46004415011037525
2020-03-30 00:23:09,108 - exp_torch_topics_d128_passive_i2000_b20_q100_up_if8_512_4 - INFO - start step #11
2020-03-30 00:23:09,109 - exp_torch_topics_d128_passive_i2000_b20_q100_up_if8_512_4 - INFO - query idx: [86941 48884 72207 90281 84030  2562   678 33592 46555 18623 74479 50872
 60558 21437 86293   597 27187 49719   828 94241]
2020-03-30 00:23:12,703 - exp_torch_topics_d128_passive_i2000_b20_q100_up_if8_512_4 - INFO - finish step #11 for 3.5947492122650146 sec
2020-03-30 00:23:12,703 - exp_torch_topics_d128_passive_i2000_b20_q100_up_if8_512_4 - INFO - current val_accuracy: 0.4636055923473142
2020-03-30 00:23:12,703 - exp_torch_topics_d128_passive_i2000_b20_q100_up_if8_512_4 - INFO - start step #12
2020-03-30 00:23:12,704 - exp_torch_topics_d128_passive_i2000_b20_q100_up_if8_512_4 - INFO - query idx: [85656 70308 94726 59474  3986 32642 80042 38652 74676 83180 36840 15992
 49122 57363 88476 22002 39415 55197  9576 29648]
2020-03-30 00:23:16,254 - exp_torch_topics_d128_passive_i2000_b20_q100_up_if8_512_4 - INFO - finish step #12 for 3.5503640174865723 sec
2020-03-30 00:23:16,254 - exp_torch_topics_d128_passive_i2000_b20_q100_up_if8_512_4 - INFO - current val_accuracy: 0.4606328182487123
2020-03-30 00:23:16,254 - exp_torch_topics_d128_passive_i2000_b20_q100_up_if8_512_4 - INFO - start step #13
2020-03-30 00:23:16,255 - exp_torch_topics_d128_passive_i2000_b20_q100_up_if8_512_4 - INFO - query idx: [62368  2704 34219 23094 71559 17179 51705 87199 56810 53398 91148 81354
 23097  4809 76896 38934 33901 59374 73873 38651]
2020-03-30 00:23:19,812 - exp_torch_topics_d128_passive_i2000_b20_q100_up_if8_512_4 - INFO - finish step #13 for 3.5575780868530273 sec
2020-03-30 00:23:19,812 - exp_torch_topics_d128_passive_i2000_b20_q100_up_if8_512_4 - INFO - current val_accuracy: 0.4648123620309051
2020-03-30 00:23:19,812 - exp_torch_topics_d128_passive_i2000_b20_q100_up_if8_512_4 - INFO - start step #14
2020-03-30 00:23:19,813 - exp_torch_topics_d128_passive_i2000_b20_q100_up_if8_512_4 - INFO - query idx: [ 5805 63001  1080 31899 28138 14088 13698 77766 17310 59621 61432 55454
 54000 28275 26327 50227 99249 93814 99244 76786]
2020-03-30 00:23:23,509 - exp_torch_topics_d128_passive_i2000_b20_q100_up_if8_512_4 - INFO - finish step #14 for 3.696810007095337 sec
2020-03-30 00:23:23,509 - exp_torch_topics_d128_passive_i2000_b20_q100_up_if8_512_4 - INFO - current val_accuracy: 0.4603090507726269
2020-03-30 00:23:23,510 - exp_torch_topics_d128_passive_i2000_b20_q100_up_if8_512_4 - INFO - start step #15
2020-03-30 00:23:23,510 - exp_torch_topics_d128_passive_i2000_b20_q100_up_if8_512_4 - INFO - query idx: [38191 10211  9099 26788 72386 88018 82916 48570 86021 28066 55693 82189
 46854 27197 11304 84643 66479 11170 72997  4974]
2020-03-30 00:23:27,120 - exp_torch_topics_d128_passive_i2000_b20_q100_up_if8_512_4 - INFO - finish step #15 for 3.610196113586426 sec
2020-03-30 00:23:27,120 - exp_torch_topics_d128_passive_i2000_b20_q100_up_if8_512_4 - INFO - current val_accuracy: 0.4590728476821192
2020-03-30 00:23:27,120 - exp_torch_topics_d128_passive_i2000_b20_q100_up_if8_512_4 - INFO - start step #16
2020-03-30 00:23:27,121 - exp_torch_topics_d128_passive_i2000_b20_q100_up_if8_512_4 - INFO - query idx: [37221 82665 29244 49242 81447  5564 36773 57183  3283 86515 90953 45886
 81885 75557 52358 34259 77567 69272 73699 17546]
2020-03-30 00:23:30,694 - exp_torch_topics_d128_passive_i2000_b20_q100_up_if8_512_4 - INFO - finish step #16 for 3.5740139484405518 sec
2020-03-30 00:23:30,695 - exp_torch_topics_d128_passive_i2000_b20_q100_up_if8_512_4 - INFO - current val_accuracy: 0.4656364974245769
2020-03-30 00:23:30,695 - exp_torch_topics_d128_passive_i2000_b20_q100_up_if8_512_4 - INFO - start step #17
2020-03-30 00:23:30,695 - exp_torch_topics_d128_passive_i2000_b20_q100_up_if8_512_4 - INFO - query idx: [26903  8510 98870 91094 23579 28651 27051 39595 40357  6412 94378 71267
 21103 51038 10806 20920 94503 72866 50467  2100]
2020-03-30 00:23:34,282 - exp_torch_topics_d128_passive_i2000_b20_q100_up_if8_512_4 - INFO - finish step #17 for 3.5872859954833984 sec
2020-03-30 00:23:34,282 - exp_torch_topics_d128_passive_i2000_b20_q100_up_if8_512_4 - INFO - current val_accuracy: 0.46781456953642386
2020-03-30 00:23:34,283 - exp_torch_topics_d128_passive_i2000_b20_q100_up_if8_512_4 - INFO - start step #18
2020-03-30 00:23:34,283 - exp_torch_topics_d128_passive_i2000_b20_q100_up_if8_512_4 - INFO - query idx: [99020 36286 63732  6845 48718 65869 29452 98584  3235 22701 78588  5866
 45060 92535 13629 49111 33025 73599 48851 45822]
2020-03-30 00:23:37,957 - exp_torch_topics_d128_passive_i2000_b20_q100_up_if8_512_4 - INFO - finish step #18 for 3.674103260040283 sec
2020-03-30 00:23:37,957 - exp_torch_topics_d128_passive_i2000_b20_q100_up_if8_512_4 - INFO - current val_accuracy: 0.4681383370125092
2020-03-30 00:23:37,957 - exp_torch_topics_d128_passive_i2000_b20_q100_up_if8_512_4 - INFO - start step #19
2020-03-30 00:23:37,958 - exp_torch_topics_d128_passive_i2000_b20_q100_up_if8_512_4 - INFO - query idx: [76358 32488 94856 96825 76195  4397 92597  6406 10090 35770 31890 86230
 92680 25528  1442 93366  7315 27752 83843 68485]
2020-03-30 00:23:41,538 - exp_torch_topics_d128_passive_i2000_b20_q100_up_if8_512_4 - INFO - finish step #19 for 3.580815076828003 sec
2020-03-30 00:23:41,538 - exp_torch_topics_d128_passive_i2000_b20_q100_up_if8_512_4 - INFO - current val_accuracy: 0.4697277409860191
2020-03-30 00:23:41,539 - exp_torch_topics_d128_passive_i2000_b20_q100_up_if8_512_4 - INFO - start step #20
2020-03-30 00:23:41,539 - exp_torch_topics_d128_passive_i2000_b20_q100_up_if8_512_4 - INFO - query idx: [46454 70320 87688 41705 42402 91330 81252 70433 86397 75031 51480 59637
 44742 76154  1580 36608 23386 90280 69563   944]
2020-03-30 00:23:45,110 - exp_torch_topics_d128_passive_i2000_b20_q100_up_if8_512_4 - INFO - finish step #20 for 3.5708577632904053 sec
2020-03-30 00:23:45,110 - exp_torch_topics_d128_passive_i2000_b20_q100_up_if8_512_4 - INFO - current val_accuracy: 0.4708167770419426
2020-03-30 00:23:45,110 - exp_torch_topics_d128_passive_i2000_b20_q100_up_if8_512_4 - INFO - start step #21
2020-03-30 00:23:45,111 - exp_torch_topics_d128_passive_i2000_b20_q100_up_if8_512_4 - INFO - query idx: [72987 58297 28610   751 16849 38165 18336   250 31907 49691  3972 49500
 48490 56787 68793 19132 73052 36357 99383 88396]
2020-03-30 00:23:48,710 - exp_torch_topics_d128_passive_i2000_b20_q100_up_if8_512_4 - INFO - finish step #21 for 3.5994009971618652 sec
2020-03-30 00:23:48,710 - exp_torch_topics_d128_passive_i2000_b20_q100_up_if8_512_4 - INFO - current val_accuracy: 0.46837380426784403
2020-03-30 00:23:48,710 - exp_torch_topics_d128_passive_i2000_b20_q100_up_if8_512_4 - INFO - start step #22
2020-03-30 00:23:48,710 - exp_torch_topics_d128_passive_i2000_b20_q100_up_if8_512_4 - INFO - query idx: [20272 85410 54485 64759 54538 97581 97529   876 23162 20567 19342 85960
 65710  5499 54114 19107 62823 18207 22928 30903]
2020-03-30 00:23:52,381 - exp_torch_topics_d128_passive_i2000_b20_q100_up_if8_512_4 - INFO - finish step #22 for 3.6708338260650635 sec
2020-03-30 00:23:52,381 - exp_torch_topics_d128_passive_i2000_b20_q100_up_if8_512_4 - INFO - current val_accuracy: 0.47119941133186166
2020-03-30 00:23:52,381 - exp_torch_topics_d128_passive_i2000_b20_q100_up_if8_512_4 - INFO - start step #23
2020-03-30 00:23:52,382 - exp_torch_topics_d128_passive_i2000_b20_q100_up_if8_512_4 - INFO - query idx: [52047 31249  7646 68777 84508 16698 49162 80062 13643 26710 98609 38150
 13726 54167 48386 90431   205  7239  3350 77722]
2020-03-30 00:23:55,971 - exp_torch_topics_d128_passive_i2000_b20_q100_up_if8_512_4 - INFO - finish step #23 for 3.5890698432922363 sec
2020-03-30 00:23:55,971 - exp_torch_topics_d128_passive_i2000_b20_q100_up_if8_512_4 - INFO - current val_accuracy: 0.46966887417218545
2020-03-30 00:23:55,971 - exp_torch_topics_d128_passive_i2000_b20_q100_up_if8_512_4 - INFO - start step #24
2020-03-30 00:23:55,971 - exp_torch_topics_d128_passive_i2000_b20_q100_up_if8_512_4 - INFO - query idx: [42702  4318 44190 93363 33217 48349 45592 49862 85833 14424  8839 37450
 21981  5494 77617 24025 40336 56299 69727 55911]
2020-03-30 00:23:59,591 - exp_torch_topics_d128_passive_i2000_b20_q100_up_if8_512_4 - INFO - finish step #24 for 3.620059013366699 sec
2020-03-30 00:23:59,591 - exp_torch_topics_d128_passive_i2000_b20_q100_up_if8_512_4 - INFO - current val_accuracy: 0.4679617365710081
2020-03-30 00:23:59,592 - exp_torch_topics_d128_passive_i2000_b20_q100_up_if8_512_4 - INFO - start step #25
2020-03-30 00:23:59,592 - exp_torch_topics_d128_passive_i2000_b20_q100_up_if8_512_4 - INFO - query idx: [88429 34886 74249 49398 19978 98136 47867 40552 26711 30273 57565 95694
 59414 35007  4258 92237 56449 81514 85215 10999]
2020-03-30 00:24:03,219 - exp_torch_topics_d128_passive_i2000_b20_q100_up_if8_512_4 - INFO - finish step #25 for 3.626786947250366 sec
2020-03-30 00:24:03,219 - exp_torch_topics_d128_passive_i2000_b20_q100_up_if8_512_4 - INFO - current val_accuracy: 0.4714643119941133
2020-03-30 00:24:03,219 - exp_torch_topics_d128_passive_i2000_b20_q100_up_if8_512_4 - INFO - start step #26
2020-03-30 00:24:03,220 - exp_torch_topics_d128_passive_i2000_b20_q100_up_if8_512_4 - INFO - query idx: [34076 42893 41322 78901 78551 29547 32945  9874 10601  6995 17954 58581
 64189 71895 45575  6089 44254 81345 91845 62038]
2020-03-30 00:24:06,819 - exp_torch_topics_d128_passive_i2000_b20_q100_up_if8_512_4 - INFO - finish step #26 for 3.599778890609741 sec
2020-03-30 00:24:06,819 - exp_torch_topics_d128_passive_i2000_b20_q100_up_if8_512_4 - INFO - current val_accuracy: 0.46816777041942603
2020-03-30 00:24:06,819 - exp_torch_topics_d128_passive_i2000_b20_q100_up_if8_512_4 - INFO - start step #27
2020-03-30 00:24:06,820 - exp_torch_topics_d128_passive_i2000_b20_q100_up_if8_512_4 - INFO - query idx: [70986 31589 17332 64304 94300 90776 31387 20815 50343 37034 79392 37207
 54091 20675 59350 35317 96201 74022 78195 78509]
2020-03-30 00:24:10,450 - exp_torch_topics_d128_passive_i2000_b20_q100_up_if8_512_4 - INFO - finish step #27 for 3.630589008331299 sec
2020-03-30 00:24:10,450 - exp_torch_topics_d128_passive_i2000_b20_q100_up_if8_512_4 - INFO - current val_accuracy: 0.47190581309786606
2020-03-30 00:24:10,450 - exp_torch_topics_d128_passive_i2000_b20_q100_up_if8_512_4 - INFO - start step #28
2020-03-30 00:24:10,451 - exp_torch_topics_d128_passive_i2000_b20_q100_up_if8_512_4 - INFO - query idx: [45206   861 47312 36099 20321  4964 79384 45408 61292 62229 96961 34774
 52242 79935  8899 50503 27593 61246 68206  9583]
2020-03-30 00:24:14,054 - exp_torch_topics_d128_passive_i2000_b20_q100_up_if8_512_4 - INFO - finish step #28 for 3.603494882583618 sec
2020-03-30 00:24:14,054 - exp_torch_topics_d128_passive_i2000_b20_q100_up_if8_512_4 - INFO - current val_accuracy: 0.47596762325239145
2020-03-30 00:24:14,054 - exp_torch_topics_d128_passive_i2000_b20_q100_up_if8_512_4 - INFO - start step #29
2020-03-30 00:24:14,055 - exp_torch_topics_d128_passive_i2000_b20_q100_up_if8_512_4 - INFO - query idx: [68908 36146 21887 12234 32387 41062 55637  4112 91878 19366 50893 95585
 14063 80154 91908 74174  6507 89957 16656 42676]
2020-03-30 00:24:17,720 - exp_torch_topics_d128_passive_i2000_b20_q100_up_if8_512_4 - INFO - finish step #29 for 3.6652519702911377 sec
2020-03-30 00:24:17,720 - exp_torch_topics_d128_passive_i2000_b20_q100_up_if8_512_4 - INFO - current val_accuracy: 0.4745253863134658
2020-03-30 00:24:17,720 - exp_torch_topics_d128_passive_i2000_b20_q100_up_if8_512_4 - INFO - start step #30
2020-03-30 00:24:17,721 - exp_torch_topics_d128_passive_i2000_b20_q100_up_if8_512_4 - INFO - query idx: [58342 56145 99369 38287 36702 60787  8489 29730 44130 47215 16790  6452
 35458 72021 64444 48547 35916 29050 32292 22904]
2020-03-30 00:24:21,325 - exp_torch_topics_d128_passive_i2000_b20_q100_up_if8_512_4 - INFO - finish step #30 for 3.6049938201904297 sec
2020-03-30 00:24:21,326 - exp_torch_topics_d128_passive_i2000_b20_q100_up_if8_512_4 - INFO - current val_accuracy: 0.47311258278145696
2020-03-30 00:24:21,326 - exp_torch_topics_d128_passive_i2000_b20_q100_up_if8_512_4 - INFO - start step #31
2020-03-30 00:24:21,326 - exp_torch_topics_d128_passive_i2000_b20_q100_up_if8_512_4 - INFO - query idx: [81087 24722 57986 27112 93342 76721 55220 23256   328 57333 10110 60008
 95755 24967 47910 31887 39995  6954 24806 24483]
2020-03-30 00:24:24,941 - exp_torch_topics_d128_passive_i2000_b20_q100_up_if8_512_4 - INFO - finish step #31 for 3.615184783935547 sec
2020-03-30 00:24:24,941 - exp_torch_topics_d128_passive_i2000_b20_q100_up_if8_512_4 - INFO - current val_accuracy: 0.4747608535688006
2020-03-30 00:24:24,941 - exp_torch_topics_d128_passive_i2000_b20_q100_up_if8_512_4 - INFO - start step #32
2020-03-30 00:24:24,942 - exp_torch_topics_d128_passive_i2000_b20_q100_up_if8_512_4 - INFO - query idx: [84860 48033 21185  4424 92946 14767 17152 11417 51819 34027 63979 19706
 32293 16088 51766 79857 26333 50868 18063 24045]
2020-03-30 00:24:28,651 - exp_torch_topics_d128_passive_i2000_b20_q100_up_if8_512_4 - INFO - finish step #32 for 3.709005117416382 sec
2020-03-30 00:24:28,651 - exp_torch_topics_d128_passive_i2000_b20_q100_up_if8_512_4 - INFO - current val_accuracy: 0.4665194996320824
2020-03-30 00:24:28,651 - exp_torch_topics_d128_passive_i2000_b20_q100_up_if8_512_4 - INFO - start step #33
2020-03-30 00:24:28,651 - exp_torch_topics_d128_passive_i2000_b20_q100_up_if8_512_4 - INFO - query idx: [27752 90448 79648 93945 52010 19279 92311 72469 22548  6031 46418 76538
 85970 33047 84464 38385 80658 66893 94102 74688]
2020-03-30 00:24:32,322 - exp_torch_topics_d128_passive_i2000_b20_q100_up_if8_512_4 - INFO - finish step #33 for 3.671065092086792 sec
2020-03-30 00:24:32,322 - exp_torch_topics_d128_passive_i2000_b20_q100_up_if8_512_4 - INFO - current val_accuracy: 0.4727888153053716
2020-03-30 00:24:32,322 - exp_torch_topics_d128_passive_i2000_b20_q100_up_if8_512_4 - INFO - start step #34
2020-03-30 00:24:32,323 - exp_torch_topics_d128_passive_i2000_b20_q100_up_if8_512_4 - INFO - query idx: [56841 25732 69912 65608 13245 82956 73574 28406 80662 62137 49745 87227
 13849 15714  1435  3912 22740 67784 45932 64643]
2020-03-30 00:24:35,981 - exp_torch_topics_d128_passive_i2000_b20_q100_up_if8_512_4 - INFO - finish step #34 for 3.65861177444458 sec
2020-03-30 00:24:35,981 - exp_torch_topics_d128_passive_i2000_b20_q100_up_if8_512_4 - INFO - current val_accuracy: 0.46990434142752024
2020-03-30 00:24:35,988 - exp_torch_topics_d128_passive_i2000_b20_q100_up_if8_512_4 - INFO - start step #35
2020-03-30 00:24:35,989 - exp_torch_topics_d128_passive_i2000_b20_q100_up_if8_512_4 - INFO - query idx: [56587 88558 18899 46491 78080 56377  2539 91332 12730 90310 81095 89215
 95787 24243 93926 77649 47991 74154 65661 55137]
2020-03-30 00:24:39,606 - exp_torch_topics_d128_passive_i2000_b20_q100_up_if8_512_4 - INFO - finish step #35 for 3.617950201034546 sec
2020-03-30 00:24:39,607 - exp_torch_topics_d128_passive_i2000_b20_q100_up_if8_512_4 - INFO - current val_accuracy: 0.4757027225901398
2020-03-30 00:24:39,607 - exp_torch_topics_d128_passive_i2000_b20_q100_up_if8_512_4 - INFO - start step #36
2020-03-30 00:24:39,607 - exp_torch_topics_d128_passive_i2000_b20_q100_up_if8_512_4 - INFO - query idx: [15652  7602 94507 31756 89822 79940 95358 17942 78780 38949 47869 86749
 11280 88225 58162 73245 31078 11131 34083 91235]
2020-03-30 00:24:43,285 - exp_torch_topics_d128_passive_i2000_b20_q100_up_if8_512_4 - INFO - finish step #36 for 3.678133964538574 sec
2020-03-30 00:24:43,285 - exp_torch_topics_d128_passive_i2000_b20_q100_up_if8_512_4 - INFO - current val_accuracy: 0.47564385577630613
2020-03-30 00:24:43,285 - exp_torch_topics_d128_passive_i2000_b20_q100_up_if8_512_4 - INFO - start step #37
2020-03-30 00:24:43,286 - exp_torch_topics_d128_passive_i2000_b20_q100_up_if8_512_4 - INFO - query idx: [26703 75753 31707 37028 30835 10102 51006 21037 12163 35187 42046 94002
 72072 37971  8591 16979 47879 29483 84173 78705]
2020-03-30 00:24:46,909 - exp_torch_topics_d128_passive_i2000_b20_q100_up_if8_512_4 - INFO - finish step #37 for 3.6231770515441895 sec
2020-03-30 00:24:46,909 - exp_torch_topics_d128_passive_i2000_b20_q100_up_if8_512_4 - INFO - current val_accuracy: 0.4791169977924945
2020-03-30 00:24:46,909 - exp_torch_topics_d128_passive_i2000_b20_q100_up_if8_512_4 - INFO - start step #38
2020-03-30 00:24:46,909 - exp_torch_topics_d128_passive_i2000_b20_q100_up_if8_512_4 - INFO - query idx: [ 9156 79159 21320 47159  9535 82257 97273 82970 71460 18017 64902  3933
 62536 54250 83607 11774 62086  2817 28983 20552]
2020-03-30 00:24:50,500 - exp_torch_topics_d128_passive_i2000_b20_q100_up_if8_512_4 - INFO - finish step #38 for 3.5913639068603516 sec
2020-03-30 00:24:50,501 - exp_torch_topics_d128_passive_i2000_b20_q100_up_if8_512_4 - INFO - current val_accuracy: 0.47496688741721854
2020-03-30 00:24:50,501 - exp_torch_topics_d128_passive_i2000_b20_q100_up_if8_512_4 - INFO - start step #39
2020-03-30 00:24:50,501 - exp_torch_topics_d128_passive_i2000_b20_q100_up_if8_512_4 - INFO - query idx: [90098 67013 26592 18070  5361 31649  5840 21678  4908 78257 10021 11948
 89307 34034 90862 30324 67587 56250  3358 65505]
2020-03-30 00:24:54,201 - exp_torch_topics_d128_passive_i2000_b20_q100_up_if8_512_4 - INFO - finish step #39 for 3.70050311088562 sec
2020-03-30 00:24:54,202 - exp_torch_topics_d128_passive_i2000_b20_q100_up_if8_512_4 - INFO - current val_accuracy: 0.4780868285504047
2020-03-30 00:24:54,202 - exp_torch_topics_d128_passive_i2000_b20_q100_up_if8_512_4 - INFO - start step #40
2020-03-30 00:24:54,203 - exp_torch_topics_d128_passive_i2000_b20_q100_up_if8_512_4 - INFO - query idx: [16719 49580  7388 54862 21163  8156 15566 39977 89887 31563 87691 53516
 16171 93680 98033 36026 72895 76824  5886 22212]
2020-03-30 00:24:57,753 - exp_torch_topics_d128_passive_i2000_b20_q100_up_if8_512_4 - INFO - finish step #40 for 3.5512640476226807 sec
2020-03-30 00:24:57,754 - exp_torch_topics_d128_passive_i2000_b20_q100_up_if8_512_4 - INFO - current val_accuracy: 0.4815011037527594
2020-03-30 00:24:57,754 - exp_torch_topics_d128_passive_i2000_b20_q100_up_if8_512_4 - INFO - start step #41
2020-03-30 00:24:57,754 - exp_torch_topics_d128_passive_i2000_b20_q100_up_if8_512_4 - INFO - query idx: [26407 29415 52634 89685 13062 82378 26076 98648 94522 73277 57745 44137
 35115 55975 17320 18458 15572 60039 32211  5755]
2020-03-30 00:25:01,388 - exp_torch_topics_d128_passive_i2000_b20_q100_up_if8_512_4 - INFO - finish step #41 for 3.634350061416626 sec
2020-03-30 00:25:01,388 - exp_torch_topics_d128_passive_i2000_b20_q100_up_if8_512_4 - INFO - current val_accuracy: 0.4793524650478293
2020-03-30 00:25:01,389 - exp_torch_topics_d128_passive_i2000_b20_q100_up_if8_512_4 - INFO - start step #42
2020-03-30 00:25:01,389 - exp_torch_topics_d128_passive_i2000_b20_q100_up_if8_512_4 - INFO - query idx: [91139  8746 47162 33876 84592 48151 25460 75112 70154 80801  8414 97590
 75011 86908 92210 63877 60293 91550 27760 13356]
2020-03-30 00:25:05,056 - exp_torch_topics_d128_passive_i2000_b20_q100_up_if8_512_4 - INFO - finish step #42 for 3.6675829887390137 sec
2020-03-30 00:25:05,056 - exp_torch_topics_d128_passive_i2000_b20_q100_up_if8_512_4 - INFO - current val_accuracy: 0.48306107431935247
2020-03-30 00:25:05,057 - exp_torch_topics_d128_passive_i2000_b20_q100_up_if8_512_4 - INFO - start step #43
2020-03-30 00:25:05,057 - exp_torch_topics_d128_passive_i2000_b20_q100_up_if8_512_4 - INFO - query idx: [63559 96080 83652 54409 41879 76172 61096 55836 25954 70856 63084     5
   578 74227 64419 27827 63647 85667 40574  5355]
2020-03-30 00:25:08,644 - exp_torch_topics_d128_passive_i2000_b20_q100_up_if8_512_4 - INFO - finish step #43 for 3.587435007095337 sec
2020-03-30 00:25:08,644 - exp_torch_topics_d128_passive_i2000_b20_q100_up_if8_512_4 - INFO - current val_accuracy: 0.48259013980868287
2020-03-30 00:25:08,645 - exp_torch_topics_d128_passive_i2000_b20_q100_up_if8_512_4 - INFO - start step #44
2020-03-30 00:25:08,645 - exp_torch_topics_d128_passive_i2000_b20_q100_up_if8_512_4 - INFO - query idx: [47052  4017 48537 60723 41705 10135 69878 36533 28629 64305 81365 59430
 44208 39008 75614 54967 34456 53381  3381 38774]
2020-03-30 00:25:12,182 - exp_torch_topics_d128_passive_i2000_b20_q100_up_if8_512_4 - INFO - finish step #44 for 3.536695957183838 sec
2020-03-30 00:25:12,182 - exp_torch_topics_d128_passive_i2000_b20_q100_up_if8_512_4 - INFO - current val_accuracy: 0.4834142752023547
2020-03-30 00:25:12,182 - exp_torch_topics_d128_passive_i2000_b20_q100_up_if8_512_4 - INFO - start step #45
2020-03-30 00:25:12,182 - exp_torch_topics_d128_passive_i2000_b20_q100_up_if8_512_4 - INFO - query idx: [49231 31856 53674 70622 88827 33458 23473 27137  3820 19592 65877 28259
  4050 67932 10180 54666  3649 41184 71758 50612]
2020-03-30 00:25:17,223 - exp_torch_topics_d128_passive_i2000_b20_q100_up_if8_512_4 - INFO - finish step #45 for 5.040734052658081 sec
2020-03-30 00:25:17,223 - exp_torch_topics_d128_passive_i2000_b20_q100_up_if8_512_4 - INFO - current val_accuracy: 0.48529801324503313
2020-03-30 00:25:17,224 - exp_torch_topics_d128_passive_i2000_b20_q100_up_if8_512_4 - INFO - start step #46
2020-03-30 00:25:17,226 - exp_torch_topics_d128_passive_i2000_b20_q100_up_if8_512_4 - INFO - query idx: [ 4181 86969  1965 67110 62691  7228 78500 15267 53058 93839 46491 62843
 42259 59214 87457 60509 55249 63625 46999 83118]
2020-03-30 00:25:24,670 - exp_torch_topics_d128_passive_i2000_b20_q100_up_if8_512_4 - INFO - finish step #46 for 7.445209264755249 sec
2020-03-30 00:25:24,671 - exp_torch_topics_d128_passive_i2000_b20_q100_up_if8_512_4 - INFO - current val_accuracy: 0.4833259749816041
2020-03-30 00:25:24,672 - exp_torch_topics_d128_passive_i2000_b20_q100_up_if8_512_4 - INFO - start step #47
2020-03-30 00:25:24,674 - exp_torch_topics_d128_passive_i2000_b20_q100_up_if8_512_4 - INFO - query idx: [43297 61941 27218 28970 15561 81211   252  2290 93371 43698 38968  2446
 90233 25370 17613 52627 24573 22484 37093  5907]
2020-03-30 00:25:33,836 - exp_torch_topics_d128_passive_i2000_b20_q100_up_if8_512_4 - INFO - finish step #47 for 9.162863731384277 sec
2020-03-30 00:25:33,840 - exp_torch_topics_d128_passive_i2000_b20_q100_up_if8_512_4 - INFO - current val_accuracy: 0.48450331125827817
2020-03-30 00:25:33,840 - exp_torch_topics_d128_passive_i2000_b20_q100_up_if8_512_4 - INFO - start step #48
2020-03-30 00:25:33,844 - exp_torch_topics_d128_passive_i2000_b20_q100_up_if8_512_4 - INFO - query idx: [71616 44389 78216 71356 20594 30647 55261 30822 41232 90158 12633 44766
 84508 30978 67291 58255 58420  8781 35835 10184]
2020-03-30 00:25:40,111 - exp_torch_topics_d128_passive_i2000_b20_q100_up_if8_512_4 - INFO - finish step #48 for 6.269970893859863 sec
2020-03-30 00:25:40,111 - exp_torch_topics_d128_passive_i2000_b20_q100_up_if8_512_4 - INFO - current val_accuracy: 0.4849448123620309
2020-03-30 00:25:40,111 - exp_torch_topics_d128_passive_i2000_b20_q100_up_if8_512_4 - INFO - start step #49
2020-03-30 00:25:40,113 - exp_torch_topics_d128_passive_i2000_b20_q100_up_if8_512_4 - INFO - query idx: [69266  6873 57804 50098 88681 94169 23941 89108 55322 16531 72339 73623
  2108 37616  3631 15719 71617 79033 28441 65435]
2020-03-30 00:25:43,733 - exp_torch_topics_d128_passive_i2000_b20_q100_up_if8_512_4 - INFO - finish step #49 for 3.6215171813964844 sec
2020-03-30 00:25:43,733 - exp_torch_topics_d128_passive_i2000_b20_q100_up_if8_512_4 - INFO - current val_accuracy: 0.4869168506254599
2020-03-30 00:25:43,733 - exp_torch_topics_d128_passive_i2000_b20_q100_up_if8_512_4 - INFO - start step #50
2020-03-30 00:25:43,734 - exp_torch_topics_d128_passive_i2000_b20_q100_up_if8_512_4 - INFO - query idx: [28739 68803 81091 57188 32862 50749 27272 54382 75725  2482 44391 56945
 71664 10832  2930 23488 56058 74689 70035 91836]
2020-03-30 00:25:46,810 - exp_torch_topics_d128_passive_i2000_b20_q100_up_if8_512_4 - INFO - finish step #50 for 3.076949119567871 sec
2020-03-30 00:25:46,811 - exp_torch_topics_d128_passive_i2000_b20_q100_up_if8_512_4 - INFO - current val_accuracy: 0.4852391464311994
2020-03-30 00:25:46,811 - exp_torch_topics_d128_passive_i2000_b20_q100_up_if8_512_4 - INFO - start step #51
2020-03-30 00:25:46,812 - exp_torch_topics_d128_passive_i2000_b20_q100_up_if8_512_4 - INFO - query idx: [18115 18913 97250 68270 55573 33121 19516 54812 85364 40405 30105 78761
  3037 13576 46359 40544  8039 53613 44056  4247]
2020-03-30 00:25:49,600 - exp_torch_topics_d128_passive_i2000_b20_q100_up_if8_512_4 - INFO - finish step #51 for 2.788904905319214 sec
2020-03-30 00:25:49,600 - exp_torch_topics_d128_passive_i2000_b20_q100_up_if8_512_4 - INFO - current val_accuracy: 0.48429727740986017
2020-03-30 00:25:49,600 - exp_torch_topics_d128_passive_i2000_b20_q100_up_if8_512_4 - INFO - start step #52
2020-03-30 00:25:49,601 - exp_torch_topics_d128_passive_i2000_b20_q100_up_if8_512_4 - INFO - query idx: [37523 55829 43547 92254 50790 77305  7797 53935 76272 36148 44340 89611
  7255 82803 42939 56410 72540 94589 48229  7891]
2020-03-30 00:25:53,238 - exp_torch_topics_d128_passive_i2000_b20_q100_up_if8_512_4 - INFO - finish step #52 for 3.637909173965454 sec
2020-03-30 00:25:53,239 - exp_torch_topics_d128_passive_i2000_b20_q100_up_if8_512_4 - INFO - current val_accuracy: 0.48453274466519497
2020-03-30 00:25:53,239 - exp_torch_topics_d128_passive_i2000_b20_q100_up_if8_512_4 - INFO - start step #53
2020-03-30 00:25:53,239 - exp_torch_topics_d128_passive_i2000_b20_q100_up_if8_512_4 - INFO - query idx: [17470 13335 14577 64432 40863 51958  5194 88048 39742 37244 66096 78536
 61690 74036 97865 23331 52739 27414 82737 24502]
2020-03-30 00:25:56,692 - exp_torch_topics_d128_passive_i2000_b20_q100_up_if8_512_4 - INFO - finish step #53 for 3.453187942504883 sec
2020-03-30 00:25:56,692 - exp_torch_topics_d128_passive_i2000_b20_q100_up_if8_512_4 - INFO - current val_accuracy: 0.4832671081677704
2020-03-30 00:25:56,693 - exp_torch_topics_d128_passive_i2000_b20_q100_up_if8_512_4 - INFO - start step #54
2020-03-30 00:25:56,693 - exp_torch_topics_d128_passive_i2000_b20_q100_up_if8_512_4 - INFO - query idx: [92871 60175 35525 63958 87578 29649 52965 26483 59004 51623 66774 74071
 19789 38987 66190 65409 10124 65490  8470 48226]
2020-03-30 00:26:00,181 - exp_torch_topics_d128_passive_i2000_b20_q100_up_if8_512_4 - INFO - finish step #54 for 3.488741159439087 sec
2020-03-30 00:26:00,182 - exp_torch_topics_d128_passive_i2000_b20_q100_up_if8_512_4 - INFO - current val_accuracy: 0.48520971302428256
2020-03-30 00:26:00,182 - exp_torch_topics_d128_passive_i2000_b20_q100_up_if8_512_4 - INFO - start step #55
2020-03-30 00:26:00,182 - exp_torch_topics_d128_passive_i2000_b20_q100_up_if8_512_4 - INFO - query idx: [91077 58172 24549 97882 53837 25460 36756 25549 28592 27423 35998 17437
 34209 88554 26377 74593 78290 72510 62633 74335]
2020-03-30 00:26:04,571 - exp_torch_topics_d128_passive_i2000_b20_q100_up_if8_512_4 - INFO - finish step #55 for 4.388905048370361 sec
2020-03-30 00:26:04,571 - exp_torch_topics_d128_passive_i2000_b20_q100_up_if8_512_4 - INFO - current val_accuracy: 0.4842678440029433
2020-03-30 00:26:04,571 - exp_torch_topics_d128_passive_i2000_b20_q100_up_if8_512_4 - INFO - start step #56
2020-03-30 00:26:04,572 - exp_torch_topics_d128_passive_i2000_b20_q100_up_if8_512_4 - INFO - query idx: [98205 28123 53332 77535 60267 84122 94857 17041 63947 43679 81740  9482
 82138 30307  8260 94135  1523 19196 21235 51008]
2020-03-30 00:26:08,024 - exp_torch_topics_d128_passive_i2000_b20_q100_up_if8_512_4 - INFO - finish step #56 for 3.4530789852142334 sec
2020-03-30 00:26:08,025 - exp_torch_topics_d128_passive_i2000_b20_q100_up_if8_512_4 - INFO - current val_accuracy: 0.4862693156732892
2020-03-30 00:26:08,025 - exp_torch_topics_d128_passive_i2000_b20_q100_up_if8_512_4 - INFO - start step #57
2020-03-30 00:26:08,025 - exp_torch_topics_d128_passive_i2000_b20_q100_up_if8_512_4 - INFO - query idx: [72702 36764 86373 55260 30838  7552 85196 15824 35566 26843 74141 61787
 50090 41159 11167 80303 36913  4844 63450 31394]
2020-03-30 00:26:11,296 - exp_torch_topics_d128_passive_i2000_b20_q100_up_if8_512_4 - INFO - finish step #57 for 3.2708449363708496 sec
2020-03-30 00:26:11,296 - exp_torch_topics_d128_passive_i2000_b20_q100_up_if8_512_4 - INFO - current val_accuracy: 0.4733774834437086
2020-03-30 00:26:11,296 - exp_torch_topics_d128_passive_i2000_b20_q100_up_if8_512_4 - INFO - start step #58
2020-03-30 00:26:11,297 - exp_torch_topics_d128_passive_i2000_b20_q100_up_if8_512_4 - INFO - query idx: [81151 60493 30404 64060 40649  2380 11203 73877 21729 76409 19534 49516
 84703 97058 15120 68838 65756 89656 28559 75640]
2020-03-30 00:26:14,832 - exp_torch_topics_d128_passive_i2000_b20_q100_up_if8_512_4 - INFO - finish step #58 for 3.535886764526367 sec
2020-03-30 00:26:14,832 - exp_torch_topics_d128_passive_i2000_b20_q100_up_if8_512_4 - INFO - current val_accuracy: 0.4808830022075055
2020-03-30 00:26:14,833 - exp_torch_topics_d128_passive_i2000_b20_q100_up_if8_512_4 - INFO - start step #59
2020-03-30 00:26:14,833 - exp_torch_topics_d128_passive_i2000_b20_q100_up_if8_512_4 - INFO - query idx: [94101 77086 37874 26251   173 70669 15796 15373 94586 14782 78977 16601
 18103  8421 26182 39104 91404 92057 86439 32088]
2020-03-30 00:26:18,325 - exp_torch_topics_d128_passive_i2000_b20_q100_up_if8_512_4 - INFO - finish step #59 for 3.492396116256714 sec
2020-03-30 00:26:18,325 - exp_torch_topics_d128_passive_i2000_b20_q100_up_if8_512_4 - INFO - current val_accuracy: 0.479205298013245
2020-03-30 00:26:18,325 - exp_torch_topics_d128_passive_i2000_b20_q100_up_if8_512_4 - INFO - start step #60
2020-03-30 00:26:18,326 - exp_torch_topics_d128_passive_i2000_b20_q100_up_if8_512_4 - INFO - query idx: [84420 16597 81908 70685 91765 70742 87871 63125 13216  6354 15004 51841
 10809 38493 41478 56243 16905 55034 51707 84993]
2020-03-30 00:26:21,607 - exp_torch_topics_d128_passive_i2000_b20_q100_up_if8_512_4 - INFO - finish step #60 for 3.2810308933258057 sec
2020-03-30 00:26:21,607 - exp_torch_topics_d128_passive_i2000_b20_q100_up_if8_512_4 - INFO - current val_accuracy: 0.48721118469462843
2020-03-30 00:26:21,607 - exp_torch_topics_d128_passive_i2000_b20_q100_up_if8_512_4 - INFO - start step #61
2020-03-30 00:26:21,607 - exp_torch_topics_d128_passive_i2000_b20_q100_up_if8_512_4 - INFO - query idx: [84505  8189 57733 60300 45712 51788 77071 44404 50645 42834 84836  7297
 23129 72007  3039 85181 18397 69811 48003 67019]
2020-03-30 00:26:24,991 - exp_torch_topics_d128_passive_i2000_b20_q100_up_if8_512_4 - INFO - finish step #61 for 3.3840999603271484 sec
2020-03-30 00:26:24,991 - exp_torch_topics_d128_passive_i2000_b20_q100_up_if8_512_4 - INFO - current val_accuracy: 0.48827078734363505
2020-03-30 00:26:24,991 - exp_torch_topics_d128_passive_i2000_b20_q100_up_if8_512_4 - INFO - start step #62
2020-03-30 00:26:24,992 - exp_torch_topics_d128_passive_i2000_b20_q100_up_if8_512_4 - INFO - query idx: [10779  7914 54583 44714 96361 82689 38830 51324 64184 65966 70026 80871
 83770  5163 79081 52594 97980  7259 13537 14822]
2020-03-30 00:26:28,595 - exp_torch_topics_d128_passive_i2000_b20_q100_up_if8_512_4 - INFO - finish step #62 for 3.6031107902526855 sec
2020-03-30 00:26:28,595 - exp_torch_topics_d128_passive_i2000_b20_q100_up_if8_512_4 - INFO - current val_accuracy: 0.4890066225165563
2020-03-30 00:26:28,595 - exp_torch_topics_d128_passive_i2000_b20_q100_up_if8_512_4 - INFO - start step #63
2020-03-30 00:26:28,596 - exp_torch_topics_d128_passive_i2000_b20_q100_up_if8_512_4 - INFO - query idx: [46759 19683 26254 67950   886 25443 79950 39273 84771 31129 88311 73024
  9195 23679 28787 64385 98210 64563 27717   744]
2020-03-30 00:26:31,904 - exp_torch_topics_d128_passive_i2000_b20_q100_up_if8_512_4 - INFO - finish step #63 for 3.3084123134613037 sec
2020-03-30 00:26:31,904 - exp_torch_topics_d128_passive_i2000_b20_q100_up_if8_512_4 - INFO - current val_accuracy: 0.4914495952906549
2020-03-30 00:26:31,904 - exp_torch_topics_d128_passive_i2000_b20_q100_up_if8_512_4 - INFO - start step #64
2020-03-30 00:26:31,905 - exp_torch_topics_d128_passive_i2000_b20_q100_up_if8_512_4 - INFO - query idx: [98163 59931 16251 72314 91932 96317 96962 10942 81812 19981 95162 71098
 17119 18439 30601 34235 46093 69643 37108 17229]
2020-03-30 00:26:35,236 - exp_torch_topics_d128_passive_i2000_b20_q100_up_if8_512_4 - INFO - finish step #64 for 3.3311939239501953 sec
2020-03-30 00:26:35,236 - exp_torch_topics_d128_passive_i2000_b20_q100_up_if8_512_4 - INFO - current val_accuracy: 0.4894775570272259
2020-03-30 00:26:35,236 - exp_torch_topics_d128_passive_i2000_b20_q100_up_if8_512_4 - INFO - start step #65
2020-03-30 00:26:35,237 - exp_torch_topics_d128_passive_i2000_b20_q100_up_if8_512_4 - INFO - query idx: [82325 13607 12909 39988 45758 72571  4936 52636 72453 74253 56244 27255
 58353 21521 39327 14566 54141  9917 71251 94773]
2020-03-30 00:26:38,907 - exp_torch_topics_d128_passive_i2000_b20_q100_up_if8_512_4 - INFO - finish step #65 for 3.670999050140381 sec
2020-03-30 00:26:38,907 - exp_torch_topics_d128_passive_i2000_b20_q100_up_if8_512_4 - INFO - current val_accuracy: 0.49089036055923474
2020-03-30 00:26:38,908 - exp_torch_topics_d128_passive_i2000_b20_q100_up_if8_512_4 - INFO - start step #66
2020-03-30 00:26:38,908 - exp_torch_topics_d128_passive_i2000_b20_q100_up_if8_512_4 - INFO - query idx: [34371 67246 72375 16258 36341 51225  1590 78569 21046  6878 90983 15286
 75244 92657 44858 82503  5142 69975 78662 56148]
2020-03-30 00:26:42,307 - exp_torch_topics_d128_passive_i2000_b20_q100_up_if8_512_4 - INFO - finish step #66 for 3.399561882019043 sec
2020-03-30 00:26:42,308 - exp_torch_topics_d128_passive_i2000_b20_q100_up_if8_512_4 - INFO - current val_accuracy: 0.4933038999264165
2020-03-30 00:26:42,308 - exp_torch_topics_d128_passive_i2000_b20_q100_up_if8_512_4 - INFO - start step #67
2020-03-30 00:26:42,308 - exp_torch_topics_d128_passive_i2000_b20_q100_up_if8_512_4 - INFO - query idx: [69261 72212 75016 11295 79750  2159   640 42395 54414 38014 68428 56964
 95225 79479 54970 68532 61810 12035 67555 56552]
2020-03-30 00:26:45,608 - exp_torch_topics_d128_passive_i2000_b20_q100_up_if8_512_4 - INFO - finish step #67 for 3.300050973892212 sec
2020-03-30 00:26:45,608 - exp_torch_topics_d128_passive_i2000_b20_q100_up_if8_512_4 - INFO - current val_accuracy: 0.4918616629874908
2020-03-30 00:26:45,608 - exp_torch_topics_d128_passive_i2000_b20_q100_up_if8_512_4 - INFO - start step #68
2020-03-30 00:26:45,609 - exp_torch_topics_d128_passive_i2000_b20_q100_up_if8_512_4 - INFO - query idx: [24291 28781 13423  9810 67789 41647 18976 28926 13598 96508 20594 47940
 73632 86188 22050 97185 78150 86228 16420 41263]
2020-03-30 00:26:49,063 - exp_torch_topics_d128_passive_i2000_b20_q100_up_if8_512_4 - INFO - finish step #68 for 3.454706907272339 sec
2020-03-30 00:26:49,064 - exp_torch_topics_d128_passive_i2000_b20_q100_up_if8_512_4 - INFO - current val_accuracy: 0.4931272994849154
2020-03-30 00:26:49,064 - exp_torch_topics_d128_passive_i2000_b20_q100_up_if8_512_4 - INFO - start step #69
2020-03-30 00:26:49,064 - exp_torch_topics_d128_passive_i2000_b20_q100_up_if8_512_4 - INFO - query idx: [75492 34463 56312 92936 46117 84795 70755 88030 51670 37595 63371 46731
 80734 21026 66133 36983  8410 46027 69631 74821]
2020-03-30 00:26:52,705 - exp_torch_topics_d128_passive_i2000_b20_q100_up_if8_512_4 - INFO - finish step #69 for 3.640911102294922 sec
2020-03-30 00:26:52,705 - exp_torch_topics_d128_passive_i2000_b20_q100_up_if8_512_4 - INFO - current val_accuracy: 0.4913318616629875
2020-03-30 00:26:52,705 - exp_torch_topics_d128_passive_i2000_b20_q100_up_if8_512_4 - INFO - start step #70
2020-03-30 00:26:52,706 - exp_torch_topics_d128_passive_i2000_b20_q100_up_if8_512_4 - INFO - query idx: [72996 82766 49608 28551 46839 41637 75474 20334 49161 50490 64809 20546
 71775 22331 81057 28838  5884 83719 23647 76278]
2020-03-30 00:26:56,028 - exp_torch_topics_d128_passive_i2000_b20_q100_up_if8_512_4 - INFO - finish step #70 for 3.322957992553711 sec
2020-03-30 00:26:56,029 - exp_torch_topics_d128_passive_i2000_b20_q100_up_if8_512_4 - INFO - current val_accuracy: 0.4900956585724798
2020-03-30 00:26:56,029 - exp_torch_topics_d128_passive_i2000_b20_q100_up_if8_512_4 - INFO - start step #71
2020-03-30 00:26:56,029 - exp_torch_topics_d128_passive_i2000_b20_q100_up_if8_512_4 - INFO - query idx: [39004 39404 64255 91545 85847  2531 76890 83345 22835 55458 49266 13106
 37972 96601 81964 97596 68823  8159 56584 87476]
2020-03-30 00:26:59,461 - exp_torch_topics_d128_passive_i2000_b20_q100_up_if8_512_4 - INFO - finish step #71 for 3.4324872493743896 sec
2020-03-30 00:26:59,462 - exp_torch_topics_d128_passive_i2000_b20_q100_up_if8_512_4 - INFO - current val_accuracy: 0.49080206033848417
2020-03-30 00:26:59,462 - exp_torch_topics_d128_passive_i2000_b20_q100_up_if8_512_4 - INFO - start step #72
2020-03-30 00:26:59,462 - exp_torch_topics_d128_passive_i2000_b20_q100_up_if8_512_4 - INFO - query idx: [88976 82493 50328 37896 73298 35117 20867 13691  3925 31935 61646 84031
 51065 14317 74965 54030 37207 29961 74574  8665]
2020-03-30 00:27:03,168 - exp_torch_topics_d128_passive_i2000_b20_q100_up_if8_512_4 - INFO - finish step #72 for 3.706179141998291 sec
2020-03-30 00:27:03,168 - exp_torch_topics_d128_passive_i2000_b20_q100_up_if8_512_4 - INFO - current val_accuracy: 0.4926857983811626
2020-03-30 00:27:03,168 - exp_torch_topics_d128_passive_i2000_b20_q100_up_if8_512_4 - INFO - start step #73
2020-03-30 00:27:03,169 - exp_torch_topics_d128_passive_i2000_b20_q100_up_if8_512_4 - INFO - query idx: [75700 14102 61544 16269 51797 68506  2333 78007 11490 67981 72246  6945
 49023  1954  6274 80515 49945  8417 87038 13493]
2020-03-30 00:27:06,562 - exp_torch_topics_d128_passive_i2000_b20_q100_up_if8_512_4 - INFO - finish step #73 for 3.3938827514648438 sec
2020-03-30 00:27:06,563 - exp_torch_topics_d128_passive_i2000_b20_q100_up_if8_512_4 - INFO - current val_accuracy: 0.49571743929359824
2020-03-30 00:27:06,563 - exp_torch_topics_d128_passive_i2000_b20_q100_up_if8_512_4 - INFO - start step #74
2020-03-30 00:27:06,563 - exp_torch_topics_d128_passive_i2000_b20_q100_up_if8_512_4 - INFO - query idx: [46264  2019  2929 90751 32717 62951  5279 32816  1296 27476 36892 56909
 43016 36102 17680 50870 90426 20408 44678 82170]
2020-03-30 00:27:09,882 - exp_torch_topics_d128_passive_i2000_b20_q100_up_if8_512_4 - INFO - finish step #74 for 3.3186721801757812 sec
2020-03-30 00:27:09,882 - exp_torch_topics_d128_passive_i2000_b20_q100_up_if8_512_4 - INFO - current val_accuracy: 0.49586460632818247
2020-03-30 00:27:09,882 - exp_torch_topics_d128_passive_i2000_b20_q100_up_if8_512_4 - INFO - start step #75
2020-03-30 00:27:09,882 - exp_torch_topics_d128_passive_i2000_b20_q100_up_if8_512_4 - INFO - query idx: [89065 19514  9543  6035 97009 28607 30234 61194 13785  2008 89692 82396
 78695 17004 80604 15655 56664 78660 14029 93293]
2020-03-30 00:27:13,515 - exp_torch_topics_d128_passive_i2000_b20_q100_up_if8_512_4 - INFO - finish step #75 for 3.6325089931488037 sec
2020-03-30 00:27:13,515 - exp_torch_topics_d128_passive_i2000_b20_q100_up_if8_512_4 - INFO - current val_accuracy: 0.4961295069904341
2020-03-30 00:27:13,515 - exp_torch_topics_d128_passive_i2000_b20_q100_up_if8_512_4 - INFO - start step #76
2020-03-30 00:27:13,516 - exp_torch_topics_d128_passive_i2000_b20_q100_up_if8_512_4 - INFO - query idx: [50778 83751 59410 67175 76329 84433  9065 40681 86564 94713 41870 46099
 48674 72821 31559 73196  2046 14011 28082 20831]
2020-03-30 00:27:16,892 - exp_torch_topics_d128_passive_i2000_b20_q100_up_if8_512_4 - INFO - finish step #76 for 3.376711368560791 sec
2020-03-30 00:27:16,892 - exp_torch_topics_d128_passive_i2000_b20_q100_up_if8_512_4 - INFO - current val_accuracy: 0.4938337012509198
2020-03-30 00:27:16,892 - exp_torch_topics_d128_passive_i2000_b20_q100_up_if8_512_4 - INFO - start step #77
2020-03-30 00:27:16,893 - exp_torch_topics_d128_passive_i2000_b20_q100_up_if8_512_4 - INFO - query idx: [74121 16320 83522 96463 20718 45677 93628 94091 59339  8054 85431  5433
 78741 34738 93460 95381 75760 83887 35358 73091]
2020-03-30 00:27:20,370 - exp_torch_topics_d128_passive_i2000_b20_q100_up_if8_512_4 - INFO - finish step #77 for 3.477686882019043 sec
2020-03-30 00:27:20,370 - exp_torch_topics_d128_passive_i2000_b20_q100_up_if8_512_4 - INFO - current val_accuracy: 0.49242089771891095
2020-03-30 00:27:20,370 - exp_torch_topics_d128_passive_i2000_b20_q100_up_if8_512_4 - INFO - start step #78
2020-03-30 00:27:20,371 - exp_torch_topics_d128_passive_i2000_b20_q100_up_if8_512_4 - INFO - query idx: [54275 62664 29810 12310 92465 67337 11671 59502  6275 65102 70812 96008
 96496 74770 86647 73681 42361 95420 81333   260]
2020-03-30 00:27:23,850 - exp_torch_topics_d128_passive_i2000_b20_q100_up_if8_512_4 - INFO - finish step #78 for 3.480076789855957 sec
2020-03-30 00:27:23,851 - exp_torch_topics_d128_passive_i2000_b20_q100_up_if8_512_4 - INFO - current val_accuracy: 0.49607064017660046
2020-03-30 00:27:23,851 - exp_torch_topics_d128_passive_i2000_b20_q100_up_if8_512_4 - INFO - start step #79
2020-03-30 00:27:23,851 - exp_torch_topics_d128_passive_i2000_b20_q100_up_if8_512_4 - INFO - query idx: [40930 81096 70196 17289 63903 22249 30487 21226 39701 29182 42769 60664
  9874 73709 88560 52636 63051 63462 22634 48575]
2020-03-30 00:27:27,611 - exp_torch_topics_d128_passive_i2000_b20_q100_up_if8_512_4 - INFO - finish step #79 for 3.760157823562622 sec
2020-03-30 00:27:27,611 - exp_torch_topics_d128_passive_i2000_b20_q100_up_if8_512_4 - INFO - current val_accuracy: 0.49295069904341426
2020-03-30 00:27:27,612 - exp_torch_topics_d128_passive_i2000_b20_q100_up_if8_512_4 - INFO - start step #80
2020-03-30 00:27:27,612 - exp_torch_topics_d128_passive_i2000_b20_q100_up_if8_512_4 - INFO - query idx: [94596 78039 55796 74545 84216 11498 60947 56678 28010 79265 89997 69571
 50342 38068 90591  3350 94772 30110  7925 42241]
2020-03-30 00:27:31,045 - exp_torch_topics_d128_passive_i2000_b20_q100_up_if8_512_4 - INFO - finish step #80 for 3.4337809085845947 sec
2020-03-30 00:27:31,046 - exp_torch_topics_d128_passive_i2000_b20_q100_up_if8_512_4 - INFO - current val_accuracy: 0.48968359087564384
2020-03-30 00:27:31,046 - exp_torch_topics_d128_passive_i2000_b20_q100_up_if8_512_4 - INFO - start step #81
2020-03-30 00:27:31,046 - exp_torch_topics_d128_passive_i2000_b20_q100_up_if8_512_4 - INFO - query idx: [47383 19799 41390 61812   567 70636 48513 81168 80855 93749 12358 87365
 70036 71712 18171  8323 55271 96920 64023 88438]
2020-03-30 00:27:34,530 - exp_torch_topics_d128_passive_i2000_b20_q100_up_if8_512_4 - INFO - finish step #81 for 3.4836621284484863 sec
2020-03-30 00:27:34,530 - exp_torch_topics_d128_passive_i2000_b20_q100_up_if8_512_4 - INFO - current val_accuracy: 0.4975128771155261
2020-03-30 00:27:34,530 - exp_torch_topics_d128_passive_i2000_b20_q100_up_if8_512_4 - INFO - start step #82
2020-03-30 00:27:34,531 - exp_torch_topics_d128_passive_i2000_b20_q100_up_if8_512_4 - INFO - query idx: [58974 87313 95307 71992 91012 52441 82799 95371 38264 94956 93058  8348
  7405 13987 43906 86135 90709 91116  9705    98]
2020-03-30 00:27:38,300 - exp_torch_topics_d128_passive_i2000_b20_q100_up_if8_512_4 - INFO - finish step #82 for 3.7693891525268555 sec
2020-03-30 00:27:38,300 - exp_torch_topics_d128_passive_i2000_b20_q100_up_if8_512_4 - INFO - current val_accuracy: 0.495364238410596
2020-03-30 00:27:38,300 - exp_torch_topics_d128_passive_i2000_b20_q100_up_if8_512_4 - INFO - start step #83
2020-03-30 00:27:38,300 - exp_torch_topics_d128_passive_i2000_b20_q100_up_if8_512_4 - INFO - query idx: [58056 40473 19759   404 57443 89348  2752 15276 11563 38585 21419 30851
 31530  8205  8262 52224 29846 58318 97442 67268]
2020-03-30 00:27:41,711 - exp_torch_topics_d128_passive_i2000_b20_q100_up_if8_512_4 - INFO - finish step #83 for 3.4104528427124023 sec
2020-03-30 00:27:41,711 - exp_torch_topics_d128_passive_i2000_b20_q100_up_if8_512_4 - INFO - current val_accuracy: 0.4923325974981604
2020-03-30 00:27:41,711 - exp_torch_topics_d128_passive_i2000_b20_q100_up_if8_512_4 - INFO - start step #84
2020-03-30 00:27:41,711 - exp_torch_topics_d128_passive_i2000_b20_q100_up_if8_512_4 - INFO - query idx: [14678  8017 42613 71281 36097 12431 36005 72685 55675 92931 67461 90292
 14362 65196 19428 27074 93003 30413  9312  9051]
2020-03-30 00:27:45,101 - exp_torch_topics_d128_passive_i2000_b20_q100_up_if8_512_4 - INFO - finish step #84 for 3.390289783477783 sec
2020-03-30 00:27:45,101 - exp_torch_topics_d128_passive_i2000_b20_q100_up_if8_512_4 - INFO - current val_accuracy: 0.4928329654157469
2020-03-30 00:27:45,102 - exp_torch_topics_d128_passive_i2000_b20_q100_up_if8_512_4 - INFO - start step #85
2020-03-30 00:27:45,102 - exp_torch_topics_d128_passive_i2000_b20_q100_up_if8_512_4 - INFO - query idx: [35863 49289 76473 48973 77408 84422 66445 44986 84803 34606 21226 82557
 79534 46171  2030 24791 33953  1372 72280 57741]
2020-03-30 00:27:48,812 - exp_torch_topics_d128_passive_i2000_b20_q100_up_if8_512_4 - INFO - finish step #85 for 3.7102551460266113 sec
2020-03-30 00:27:48,812 - exp_torch_topics_d128_passive_i2000_b20_q100_up_if8_512_4 - INFO - current val_accuracy: 0.4938925680647535
2020-03-30 00:27:48,812 - exp_torch_topics_d128_passive_i2000_b20_q100_up_if8_512_4 - INFO - start step #86
2020-03-30 00:27:48,813 - exp_torch_topics_d128_passive_i2000_b20_q100_up_if8_512_4 - INFO - query idx: [42983 37133 81621 30695 26649 10836   982 66230 85412 51492 37481  7893
 40084  5327 13976 61977 35560 60392 30176 13948]
2020-03-30 00:27:52,290 - exp_torch_topics_d128_passive_i2000_b20_q100_up_if8_512_4 - INFO - finish step #86 for 3.4771881103515625 sec
2020-03-30 00:27:52,290 - exp_torch_topics_d128_passive_i2000_b20_q100_up_if8_512_4 - INFO - current val_accuracy: 0.4978955114054452
2020-03-30 00:27:52,290 - exp_torch_topics_d128_passive_i2000_b20_q100_up_if8_512_4 - INFO - start step #87
2020-03-30 00:27:52,291 - exp_torch_topics_d128_passive_i2000_b20_q100_up_if8_512_4 - INFO - query idx: [ 5965 57116  5245 87162 70239 35515 63956 12817 80208 94796  9147 88045
  4636 12348 94366 27249 93624  4056 77146 63622]
2020-03-30 00:27:55,652 - exp_torch_topics_d128_passive_i2000_b20_q100_up_if8_512_4 - INFO - finish step #87 for 3.3618998527526855 sec
2020-03-30 00:27:55,652 - exp_torch_topics_d128_passive_i2000_b20_q100_up_if8_512_4 - INFO - current val_accuracy: 0.4956585724797645
2020-03-30 00:27:55,652 - exp_torch_topics_d128_passive_i2000_b20_q100_up_if8_512_4 - INFO - start step #88
2020-03-30 00:27:55,653 - exp_torch_topics_d128_passive_i2000_b20_q100_up_if8_512_4 - INFO - query idx: [43964 19943 77824 70944 37415 39191  4936 33866 34196 26504 46078 10710
 17763 61112  2157  1213 79436 29312 87215 67775]
2020-03-30 00:27:59,198 - exp_torch_topics_d128_passive_i2000_b20_q100_up_if8_512_4 - INFO - finish step #88 for 3.5453999042510986 sec
2020-03-30 00:27:59,198 - exp_torch_topics_d128_passive_i2000_b20_q100_up_if8_512_4 - INFO - current val_accuracy: 0.49654157468727006
2020-03-30 00:27:59,198 - exp_torch_topics_d128_passive_i2000_b20_q100_up_if8_512_4 - INFO - start step #89
2020-03-30 00:27:59,199 - exp_torch_topics_d128_passive_i2000_b20_q100_up_if8_512_4 - INFO - query idx: [16541 17186 80909 49982 65244 84214 36736 11077 12417 34894 23503 34510
 92164 19703 84095 53943 37083  2057 37980 27974]
2020-03-30 00:28:03,088 - exp_torch_topics_d128_passive_i2000_b20_q100_up_if8_512_4 - INFO - finish step #89 for 3.889228105545044 sec
2020-03-30 00:28:03,088 - exp_torch_topics_d128_passive_i2000_b20_q100_up_if8_512_4 - INFO - current val_accuracy: 0.4982487122884474
2020-03-30 00:28:03,088 - exp_torch_topics_d128_passive_i2000_b20_q100_up_if8_512_4 - INFO - start step #90
2020-03-30 00:28:03,089 - exp_torch_topics_d128_passive_i2000_b20_q100_up_if8_512_4 - INFO - query idx: [69101  8883 42234 37592  1545 77104 24352 64647 13068 68346 10668  4258
 47638 85076 76288  6617 71853 58823 89403 11301]
2020-03-30 00:28:06,416 - exp_torch_topics_d128_passive_i2000_b20_q100_up_if8_512_4 - INFO - finish step #90 for 3.3278558254241943 sec
2020-03-30 00:28:06,416 - exp_torch_topics_d128_passive_i2000_b20_q100_up_if8_512_4 - INFO - current val_accuracy: 0.49954378219278883
2020-03-30 00:28:06,417 - exp_torch_topics_d128_passive_i2000_b20_q100_up_if8_512_4 - INFO - start step #91
2020-03-30 00:28:06,417 - exp_torch_topics_d128_passive_i2000_b20_q100_up_if8_512_4 - INFO - query idx: [ 4136 22287 48984 72389 70125 56213 14708 52476 85905 89770 85175 16494
 62866 56887 91001 62679 26540 40181 66409 74368]
2020-03-30 00:28:09,800 - exp_torch_topics_d128_passive_i2000_b20_q100_up_if8_512_4 - INFO - finish step #91 for 3.3834009170532227 sec
2020-03-30 00:28:09,800 - exp_torch_topics_d128_passive_i2000_b20_q100_up_if8_512_4 - INFO - current val_accuracy: 0.4996026490066225
2020-03-30 00:28:09,800 - exp_torch_topics_d128_passive_i2000_b20_q100_up_if8_512_4 - INFO - start step #92
2020-03-30 00:28:09,801 - exp_torch_topics_d128_passive_i2000_b20_q100_up_if8_512_4 - INFO - query idx: [95210 31689 73197 17923  5079 86202 15360 60754 55194 62574  8195  3878
 82791 57418 36016  3676 81931  3896 73810 47642]
2020-03-30 00:28:13,680 - exp_torch_topics_d128_passive_i2000_b20_q100_up_if8_512_4 - INFO - finish step #92 for 3.8798041343688965 sec
2020-03-30 00:28:13,682 - exp_torch_topics_d128_passive_i2000_b20_q100_up_if8_512_4 - INFO - current val_accuracy: 0.49869021339220015
2020-03-30 00:28:13,682 - exp_torch_topics_d128_passive_i2000_b20_q100_up_if8_512_4 - INFO - start step #93
2020-03-30 00:28:13,682 - exp_torch_topics_d128_passive_i2000_b20_q100_up_if8_512_4 - INFO - query idx: [49360 67013  4507 46756  4671 24317 50973 14983 86453 49334 52685 53310
 85397 14383 32376 20490 51255 97197 15076 62311]
2020-03-30 00:28:17,066 - exp_torch_topics_d128_passive_i2000_b20_q100_up_if8_512_4 - INFO - finish step #93 for 3.3838491439819336 sec
2020-03-30 00:28:17,066 - exp_torch_topics_d128_passive_i2000_b20_q100_up_if8_512_4 - INFO - current val_accuracy: 0.5019278881530537
2020-03-30 00:28:17,066 - exp_torch_topics_d128_passive_i2000_b20_q100_up_if8_512_4 - INFO - start step #94
2020-03-30 00:28:17,066 - exp_torch_topics_d128_passive_i2000_b20_q100_up_if8_512_4 - INFO - query idx: [16582  1433 64728 34203 19445  9153 26638 62782  7949 24246 90943 15761
 17635 39142   837  2594 18182 97152 60361 36274]
2020-03-30 00:28:20,484 - exp_torch_topics_d128_passive_i2000_b20_q100_up_if8_512_4 - INFO - finish step #94 for 3.4178919792175293 sec
2020-03-30 00:28:20,484 - exp_torch_topics_d128_passive_i2000_b20_q100_up_if8_512_4 - INFO - current val_accuracy: 0.500868285504047
2020-03-30 00:28:20,484 - exp_torch_topics_d128_passive_i2000_b20_q100_up_if8_512_4 - INFO - start step #95
2020-03-30 00:28:20,485 - exp_torch_topics_d128_passive_i2000_b20_q100_up_if8_512_4 - INFO - query idx: [ 7807 54485 12234 36007 79425 68629 56417 83788 47975 60274 22725 95366
 10376 67737 89185 14379 47070 67765 16987 48446]
2020-03-30 00:28:23,951 - exp_torch_topics_d128_passive_i2000_b20_q100_up_if8_512_4 - INFO - finish step #95 for 3.4667000770568848 sec
2020-03-30 00:28:23,951 - exp_torch_topics_d128_passive_i2000_b20_q100_up_if8_512_4 - INFO - current val_accuracy: 0.503046357615894
2020-03-30 00:28:23,952 - exp_torch_topics_d128_passive_i2000_b20_q100_up_if8_512_4 - INFO - start step #96
2020-03-30 00:28:23,952 - exp_torch_topics_d128_passive_i2000_b20_q100_up_if8_512_4 - INFO - query idx: [88527 32515 70136 93264  8294 81081 58354 26658  7611 54662 49474 34211
 28883 73898 73984 85770 62866 65049 30010 14550]
2020-03-30 00:28:27,620 - exp_torch_topics_d128_passive_i2000_b20_q100_up_if8_512_4 - INFO - finish step #96 for 3.6680028438568115 sec
2020-03-30 00:28:27,620 - exp_torch_topics_d128_passive_i2000_b20_q100_up_if8_512_4 - INFO - current val_accuracy: 0.500691685062546
2020-03-30 00:28:27,620 - exp_torch_topics_d128_passive_i2000_b20_q100_up_if8_512_4 - INFO - start step #97
2020-03-30 00:28:27,621 - exp_torch_topics_d128_passive_i2000_b20_q100_up_if8_512_4 - INFO - query idx: [95676 47594 27487 39988 55038  5425 64931 86465 74953 67719 68229 83332
 68112 85555 74589  6261 58949 28907 66618 71476]
2020-03-30 00:28:30,982 - exp_torch_topics_d128_passive_i2000_b20_q100_up_if8_512_4 - INFO - finish step #97 for 3.361945867538452 sec
2020-03-30 00:28:30,984 - exp_torch_topics_d128_passive_i2000_b20_q100_up_if8_512_4 - INFO - current val_accuracy: 0.502869757174393
2020-03-30 00:28:30,984 - exp_torch_topics_d128_passive_i2000_b20_q100_up_if8_512_4 - INFO - start step #98
2020-03-30 00:28:30,984 - exp_torch_topics_d128_passive_i2000_b20_q100_up_if8_512_4 - INFO - query idx: [68751 76115 92193 45338 70699 84698 68214 74995 17441 42429 57897 56120
 54289 94184 59870 84888 77066 27963 48119 41871]
2020-03-30 00:28:34,336 - exp_torch_topics_d128_passive_i2000_b20_q100_up_if8_512_4 - INFO - finish step #98 for 3.35156512260437 sec
2020-03-30 00:28:34,336 - exp_torch_topics_d128_passive_i2000_b20_q100_up_if8_512_4 - INFO - current val_accuracy: 0.5056953642384105
2020-03-30 00:28:34,336 - exp_torch_topics_d128_passive_i2000_b20_q100_up_if8_512_4 - INFO - start step #99
2020-03-30 00:28:34,337 - exp_torch_topics_d128_passive_i2000_b20_q100_up_if8_512_4 - INFO - query idx: [86942 49188 74095 45501 75407  2699 30073 29460 89158 49406  7124 23741
 23080 88698 21794 45267 38894 64458  3801 72808]
2020-03-30 00:28:38,177 - exp_torch_topics_d128_passive_i2000_b20_q100_up_if8_512_4 - INFO - finish step #99 for 3.8406879901885986 sec
2020-03-30 00:28:38,177 - exp_torch_topics_d128_passive_i2000_b20_q100_up_if8_512_4 - INFO - current val_accuracy: 0.5051066961000736
2020-03-30 00:28:38,177 - exp_torch_topics_d128_passive_i2000_b20_q100_up_if8_512_4 - INFO - finish experiment process for 377.8633201122284 sec
