2020-04-03 01:16:54,031 - exp_torch_topics_d128_bald_modal_non_mc_i2000_b20_q100_sf512_2 - INFO - start experiment process
2020-04-03 01:16:59,821 - exp_torch_topics_d128_bald_modal_non_mc_i2000_b20_q100_sf512_2 - INFO - initial val_accuracy: 0.4371449595290655
2020-04-03 01:16:59,821 - exp_torch_topics_d128_bald_modal_non_mc_i2000_b20_q100_sf512_2 - INFO - start step #0
2020-04-03 01:17:32,398 - exp_torch_topics_d128_bald_modal_non_mc_i2000_b20_q100_sf512_2 - INFO - query idx: [34793 74205  4686 53460 16384 60149 54154 76243 22481 31351 51901 29151
  2546 87317 48024 95470 98629  6245 78018 35365]
2020-04-03 01:17:36,217 - exp_torch_topics_d128_bald_modal_non_mc_i2000_b20_q100_sf512_2 - INFO - finish step #0 for 36.3956458568573 sec
2020-04-03 01:17:36,280 - exp_torch_topics_d128_bald_modal_non_mc_i2000_b20_q100_sf512_2 - INFO - current val_accuracy: 0.4394701986754967
2020-04-03 01:17:36,281 - exp_torch_topics_d128_bald_modal_non_mc_i2000_b20_q100_sf512_2 - INFO - start step #1
2020-04-03 01:17:59,758 - exp_torch_topics_d128_bald_modal_non_mc_i2000_b20_q100_sf512_2 - INFO - query idx: [12565 52138 51076 10599 56849 89948 77971 57373 31959 28283 81968 60853
 89395 66608 10542  4258 60380 74535 54670 31467]
2020-04-03 01:18:02,058 - exp_torch_topics_d128_bald_modal_non_mc_i2000_b20_q100_sf512_2 - INFO - finish step #1 for 25.777204990386963 sec
2020-04-03 01:18:02,059 - exp_torch_topics_d128_bald_modal_non_mc_i2000_b20_q100_sf512_2 - INFO - current val_accuracy: 0.44032376747608537
2020-04-03 01:18:02,060 - exp_torch_topics_d128_bald_modal_non_mc_i2000_b20_q100_sf512_2 - INFO - start step #2
2020-04-03 01:18:24,896 - exp_torch_topics_d128_bald_modal_non_mc_i2000_b20_q100_sf512_2 - INFO - query idx: [86985 88259 95332 75916 56752  7771  8632 30392 90021 28246 99859 17231
 41381  9302 61908 33367 58490 80687 97151 74378]
2020-04-03 01:18:27,157 - exp_torch_topics_d128_bald_modal_non_mc_i2000_b20_q100_sf512_2 - INFO - finish step #2 for 25.096179008483887 sec
2020-04-03 01:18:27,157 - exp_torch_topics_d128_bald_modal_non_mc_i2000_b20_q100_sf512_2 - INFO - current val_accuracy: 0.43720382634289917
2020-04-03 01:18:27,157 - exp_torch_topics_d128_bald_modal_non_mc_i2000_b20_q100_sf512_2 - INFO - start step #3
2020-04-03 01:18:49,837 - exp_torch_topics_d128_bald_modal_non_mc_i2000_b20_q100_sf512_2 - INFO - query idx: [90434 11537 91525 73249 85212 73078 16304 91218 26414 14511 16153  6698
 14804 61472 80632 33885 79982 30184  8656 28797]
2020-04-03 01:18:52,064 - exp_torch_topics_d128_bald_modal_non_mc_i2000_b20_q100_sf512_2 - INFO - finish step #3 for 24.90682339668274 sec
2020-04-03 01:18:52,064 - exp_torch_topics_d128_bald_modal_non_mc_i2000_b20_q100_sf512_2 - INFO - current val_accuracy: 0.44326710816777043
2020-04-03 01:18:52,064 - exp_torch_topics_d128_bald_modal_non_mc_i2000_b20_q100_sf512_2 - INFO - start step #4
2020-04-03 01:19:14,978 - exp_torch_topics_d128_bald_modal_non_mc_i2000_b20_q100_sf512_2 - INFO - query idx: [ 6580 83908 28158 43227 67533  6971 29951 22250 57683 65505 35280 24741
 42364  2622 40842 40194 74808 67133 34322 59584]
2020-04-03 01:19:17,243 - exp_torch_topics_d128_bald_modal_non_mc_i2000_b20_q100_sf512_2 - INFO - finish step #4 for 25.179144144058228 sec
2020-04-03 01:19:17,244 - exp_torch_topics_d128_bald_modal_non_mc_i2000_b20_q100_sf512_2 - INFO - current val_accuracy: 0.44362030905077265
2020-04-03 01:19:17,244 - exp_torch_topics_d128_bald_modal_non_mc_i2000_b20_q100_sf512_2 - INFO - start step #5
2020-04-03 01:19:40,075 - exp_torch_topics_d128_bald_modal_non_mc_i2000_b20_q100_sf512_2 - INFO - query idx: [82900  7905 50081  7786 32402 52167 68139  2878 20044 84673 55497 51730
 65720 41113 12605 29298 80346 37852 70856 29749]
2020-04-03 01:19:42,362 - exp_torch_topics_d128_bald_modal_non_mc_i2000_b20_q100_sf512_2 - INFO - finish step #5 for 25.118306159973145 sec
2020-04-03 01:19:42,362 - exp_torch_topics_d128_bald_modal_non_mc_i2000_b20_q100_sf512_2 - INFO - current val_accuracy: 0.4415599705665931
2020-04-03 01:19:42,362 - exp_torch_topics_d128_bald_modal_non_mc_i2000_b20_q100_sf512_2 - INFO - start step #6
2020-04-03 01:20:04,931 - exp_torch_topics_d128_bald_modal_non_mc_i2000_b20_q100_sf512_2 - INFO - query idx: [83429 22489 28840 95494 31928 42698 42796 43193 45293 58328 84161 50425
 50608 38174 21809 22451  1095 68293 94433 17255]
2020-04-03 01:20:07,232 - exp_torch_topics_d128_bald_modal_non_mc_i2000_b20_q100_sf512_2 - INFO - finish step #6 for 24.86963701248169 sec
2020-04-03 01:20:07,232 - exp_torch_topics_d128_bald_modal_non_mc_i2000_b20_q100_sf512_2 - INFO - current val_accuracy: 0.44020603384841794
2020-04-03 01:20:07,232 - exp_torch_topics_d128_bald_modal_non_mc_i2000_b20_q100_sf512_2 - INFO - start step #7
2020-04-03 01:20:30,008 - exp_torch_topics_d128_bald_modal_non_mc_i2000_b20_q100_sf512_2 - INFO - query idx: [66499 40638 83713 39099 92668  2772 78736 66634 98540 40837 62780 57242
 43702 59449 40674 56680 59024 40851 70074 56658]
2020-04-03 01:20:32,252 - exp_torch_topics_d128_bald_modal_non_mc_i2000_b20_q100_sf512_2 - INFO - finish step #7 for 25.019919872283936 sec
2020-04-03 01:20:32,253 - exp_torch_topics_d128_bald_modal_non_mc_i2000_b20_q100_sf512_2 - INFO - current val_accuracy: 0.44
2020-04-03 01:20:32,253 - exp_torch_topics_d128_bald_modal_non_mc_i2000_b20_q100_sf512_2 - INFO - start step #8
2020-04-03 01:20:57,427 - exp_torch_topics_d128_bald_modal_non_mc_i2000_b20_q100_sf512_2 - INFO - query idx: [68970 34631 70615  3978 95339 44023 77182  6427 26565 31068  4551 61303
 52432 83464 69945 92209 21306 28763 58654 10084]
2020-04-03 01:21:00,494 - exp_torch_topics_d128_bald_modal_non_mc_i2000_b20_q100_sf512_2 - INFO - finish step #8 for 28.24130606651306 sec
2020-04-03 01:21:00,494 - exp_torch_topics_d128_bald_modal_non_mc_i2000_b20_q100_sf512_2 - INFO - current val_accuracy: 0.4426195732155997
2020-04-03 01:21:00,495 - exp_torch_topics_d128_bald_modal_non_mc_i2000_b20_q100_sf512_2 - INFO - start step #9
2020-04-03 01:21:24,362 - exp_torch_topics_d128_bald_modal_non_mc_i2000_b20_q100_sf512_2 - INFO - query idx: [30438 98850 97922 70233  2853  9969 46520 15576  1850 23453 48162 23457
 90590 67320 75798  9920 59550 35523 64957 60058]
2020-04-03 01:21:26,643 - exp_torch_topics_d128_bald_modal_non_mc_i2000_b20_q100_sf512_2 - INFO - finish step #9 for 26.147965908050537 sec
2020-04-03 01:21:26,643 - exp_torch_topics_d128_bald_modal_non_mc_i2000_b20_q100_sf512_2 - INFO - current val_accuracy: 0.44800588668138336
2020-04-03 01:21:26,643 - exp_torch_topics_d128_bald_modal_non_mc_i2000_b20_q100_sf512_2 - INFO - start step #10
2020-04-03 01:21:49,401 - exp_torch_topics_d128_bald_modal_non_mc_i2000_b20_q100_sf512_2 - INFO - query idx: [57712 94585 93042 82499  7934 59089 48231 51946 53907 21286 55479 80283
 25504 60874 39193 22291 92785 32872 54705  4971]
2020-04-03 01:21:51,667 - exp_torch_topics_d128_bald_modal_non_mc_i2000_b20_q100_sf512_2 - INFO - finish step #10 for 25.023802757263184 sec
2020-04-03 01:21:51,667 - exp_torch_topics_d128_bald_modal_non_mc_i2000_b20_q100_sf512_2 - INFO - current val_accuracy: 0.44809418690213393
2020-04-03 01:21:51,667 - exp_torch_topics_d128_bald_modal_non_mc_i2000_b20_q100_sf512_2 - INFO - start step #11
2020-04-03 01:22:14,364 - exp_torch_topics_d128_bald_modal_non_mc_i2000_b20_q100_sf512_2 - INFO - query idx: [35335 98707  4863 75576 18884 90397 44472  6884 75107 36352 29600 68069
 10510 79115 43736 73316  2656 43458 36420 41319]
2020-04-03 01:22:16,649 - exp_torch_topics_d128_bald_modal_non_mc_i2000_b20_q100_sf512_2 - INFO - finish step #11 for 24.98191499710083 sec
2020-04-03 01:22:16,649 - exp_torch_topics_d128_bald_modal_non_mc_i2000_b20_q100_sf512_2 - INFO - current val_accuracy: 0.4461515820456218
2020-04-03 01:22:16,649 - exp_torch_topics_d128_bald_modal_non_mc_i2000_b20_q100_sf512_2 - INFO - start step #12
2020-04-03 01:22:39,238 - exp_torch_topics_d128_bald_modal_non_mc_i2000_b20_q100_sf512_2 - INFO - query idx: [26935 78429 21232 46277 15885 45235 16578 61096  4753 19036 30842 79508
 92625 64940 83429 65580 93099 85015  6110 63487]
2020-04-03 01:22:41,492 - exp_torch_topics_d128_bald_modal_non_mc_i2000_b20_q100_sf512_2 - INFO - finish step #12 for 24.84198498725891 sec
2020-04-03 01:22:41,492 - exp_torch_topics_d128_bald_modal_non_mc_i2000_b20_q100_sf512_2 - INFO - current val_accuracy: 0.45009565857247974
2020-04-03 01:22:41,492 - exp_torch_topics_d128_bald_modal_non_mc_i2000_b20_q100_sf512_2 - INFO - start step #13
2020-04-03 01:23:03,965 - exp_torch_topics_d128_bald_modal_non_mc_i2000_b20_q100_sf512_2 - INFO - query idx: [ 9868 31346 28345 77157 16565 44178 81601 14223  6382 17830 58804 52241
 41019 91756 83078  4507  7341 11063 34354 48695]
2020-04-03 01:23:06,264 - exp_torch_topics_d128_bald_modal_non_mc_i2000_b20_q100_sf512_2 - INFO - finish step #13 for 24.772459030151367 sec
2020-04-03 01:23:06,266 - exp_torch_topics_d128_bald_modal_non_mc_i2000_b20_q100_sf512_2 - INFO - current val_accuracy: 0.4522737306843267
2020-04-03 01:23:06,266 - exp_torch_topics_d128_bald_modal_non_mc_i2000_b20_q100_sf512_2 - INFO - start step #14
2020-04-03 01:23:28,748 - exp_torch_topics_d128_bald_modal_non_mc_i2000_b20_q100_sf512_2 - INFO - query idx: [73958 43488 41469 57110 39770 99029 83471 68084 10098 37096 74005 60574
 52491   178  1013 62624 93956  3267 86703 57210]
2020-04-03 01:23:31,047 - exp_torch_topics_d128_bald_modal_non_mc_i2000_b20_q100_sf512_2 - INFO - finish step #14 for 24.780423879623413 sec
2020-04-03 01:23:31,047 - exp_torch_topics_d128_bald_modal_non_mc_i2000_b20_q100_sf512_2 - INFO - current val_accuracy: 0.45359823399558497
2020-04-03 01:23:31,047 - exp_torch_topics_d128_bald_modal_non_mc_i2000_b20_q100_sf512_2 - INFO - start step #15
2020-04-03 01:23:53,490 - exp_torch_topics_d128_bald_modal_non_mc_i2000_b20_q100_sf512_2 - INFO - query idx: [28442 72275 39795 87905 35323 11053 16400 71081 76129  7344 81851 59417
 33121  4429 46196  9967 69012 76528 97358 43407]
2020-04-03 01:23:55,801 - exp_torch_topics_d128_bald_modal_non_mc_i2000_b20_q100_sf512_2 - INFO - finish step #15 for 24.754127264022827 sec
2020-04-03 01:23:55,802 - exp_torch_topics_d128_bald_modal_non_mc_i2000_b20_q100_sf512_2 - INFO - current val_accuracy: 0.45565857247976455
2020-04-03 01:23:55,802 - exp_torch_topics_d128_bald_modal_non_mc_i2000_b20_q100_sf512_2 - INFO - start step #16
2020-04-03 01:24:18,259 - exp_torch_topics_d128_bald_modal_non_mc_i2000_b20_q100_sf512_2 - INFO - query idx: [84411 17640  4109 64326 95874 35607 54078 29573 58544 83790 66183 89957
  7093 47068 87631 67247 66921  1594  3437 64748]
2020-04-03 01:24:20,537 - exp_torch_topics_d128_bald_modal_non_mc_i2000_b20_q100_sf512_2 - INFO - finish step #16 for 24.735637187957764 sec
2020-04-03 01:24:20,538 - exp_torch_topics_d128_bald_modal_non_mc_i2000_b20_q100_sf512_2 - INFO - current val_accuracy: 0.4514790286975717
2020-04-03 01:24:20,538 - exp_torch_topics_d128_bald_modal_non_mc_i2000_b20_q100_sf512_2 - INFO - start step #17
2020-04-03 01:24:43,039 - exp_torch_topics_d128_bald_modal_non_mc_i2000_b20_q100_sf512_2 - INFO - query idx: [46904 25447 12058 65519 98146 71581 69587 98712 24486 64318 23309 97820
 94561 37615 24947 39647 57308 93337 94993 57333]
2020-04-03 01:24:45,345 - exp_torch_topics_d128_bald_modal_non_mc_i2000_b20_q100_sf512_2 - INFO - finish step #17 for 24.806886911392212 sec
2020-04-03 01:24:45,345 - exp_torch_topics_d128_bald_modal_non_mc_i2000_b20_q100_sf512_2 - INFO - current val_accuracy: 0.4561000735835173
2020-04-03 01:24:45,345 - exp_torch_topics_d128_bald_modal_non_mc_i2000_b20_q100_sf512_2 - INFO - start step #18
2020-04-03 01:25:08,017 - exp_torch_topics_d128_bald_modal_non_mc_i2000_b20_q100_sf512_2 - INFO - query idx: [47626 95299 17032 40638 20446 12335   864  9553 93214 74404 98712 21625
 52901 89445 22151 16390 60496 83158 66213 42397]
2020-04-03 01:25:10,269 - exp_torch_topics_d128_bald_modal_non_mc_i2000_b20_q100_sf512_2 - INFO - finish step #18 for 24.923742055892944 sec
2020-04-03 01:25:10,269 - exp_torch_topics_d128_bald_modal_non_mc_i2000_b20_q100_sf512_2 - INFO - current val_accuracy: 0.4532450331125828
2020-04-03 01:25:10,269 - exp_torch_topics_d128_bald_modal_non_mc_i2000_b20_q100_sf512_2 - INFO - start step #19
2020-04-03 01:25:32,801 - exp_torch_topics_d128_bald_modal_non_mc_i2000_b20_q100_sf512_2 - INFO - query idx: [96545 74599 16014 28779 73804 47829 45561 34675 35427 30225 61862 23302
 50541  9024 31667 40968 85579 97517 32768 15310]
2020-04-03 01:25:35,105 - exp_torch_topics_d128_bald_modal_non_mc_i2000_b20_q100_sf512_2 - INFO - finish step #19 for 24.835363149642944 sec
2020-04-03 01:25:35,105 - exp_torch_topics_d128_bald_modal_non_mc_i2000_b20_q100_sf512_2 - INFO - current val_accuracy: 0.4545401030169242
2020-04-03 01:25:35,105 - exp_torch_topics_d128_bald_modal_non_mc_i2000_b20_q100_sf512_2 - INFO - start step #20
2020-04-03 01:25:57,708 - exp_torch_topics_d128_bald_modal_non_mc_i2000_b20_q100_sf512_2 - INFO - query idx: [29847 52445 64574 74274 75735 60775 43533 51447 81657 51328 65493  7521
 84674   441 42930 84888 80593 55733 73887 50950]
2020-04-03 01:25:59,961 - exp_torch_topics_d128_bald_modal_non_mc_i2000_b20_q100_sf512_2 - INFO - finish step #20 for 24.855947017669678 sec
2020-04-03 01:25:59,961 - exp_torch_topics_d128_bald_modal_non_mc_i2000_b20_q100_sf512_2 - INFO - current val_accuracy: 0.45704194260485653
2020-04-03 01:25:59,961 - exp_torch_topics_d128_bald_modal_non_mc_i2000_b20_q100_sf512_2 - INFO - start step #21
2020-04-03 01:26:22,439 - exp_torch_topics_d128_bald_modal_non_mc_i2000_b20_q100_sf512_2 - INFO - query idx: [70258 38341 76404 33492 61655 48249 61431 38080  9322 94844 57736 89820
 74832 32580 60228 43077 10099 55337 79278  7265]
2020-04-03 01:26:24,697 - exp_torch_topics_d128_bald_modal_non_mc_i2000_b20_q100_sf512_2 - INFO - finish step #21 for 24.73580002784729 sec
2020-04-03 01:26:24,697 - exp_torch_topics_d128_bald_modal_non_mc_i2000_b20_q100_sf512_2 - INFO - current val_accuracy: 0.457924944812362
2020-04-03 01:26:24,698 - exp_torch_topics_d128_bald_modal_non_mc_i2000_b20_q100_sf512_2 - INFO - start step #22
2020-04-03 01:26:47,145 - exp_torch_topics_d128_bald_modal_non_mc_i2000_b20_q100_sf512_2 - INFO - query idx: [33096 27538 60177 57581 18251 57545 68818 68652 55028 42491 37142 45032
 79331 25941 66126 93774 96407 35955  7261 67808]
2020-04-03 01:26:49,428 - exp_torch_topics_d128_bald_modal_non_mc_i2000_b20_q100_sf512_2 - INFO - finish step #22 for 24.729877948760986 sec
2020-04-03 01:26:49,428 - exp_torch_topics_d128_bald_modal_non_mc_i2000_b20_q100_sf512_2 - INFO - current val_accuracy: 0.46066225165562913
2020-04-03 01:26:49,428 - exp_torch_topics_d128_bald_modal_non_mc_i2000_b20_q100_sf512_2 - INFO - start step #23
2020-04-03 01:27:12,142 - exp_torch_topics_d128_bald_modal_non_mc_i2000_b20_q100_sf512_2 - INFO - query idx: [33839 82454  2959 33110 72506 25774 72467 57366 80951 51865  9079 40794
 32097 42085 11272 99512 36336 59229 87768 86489]
2020-04-03 01:27:14,463 - exp_torch_topics_d128_bald_modal_non_mc_i2000_b20_q100_sf512_2 - INFO - finish step #23 for 25.0347957611084 sec
2020-04-03 01:27:14,463 - exp_torch_topics_d128_bald_modal_non_mc_i2000_b20_q100_sf512_2 - INFO - current val_accuracy: 0.4611331861662987
2020-04-03 01:27:14,463 - exp_torch_topics_d128_bald_modal_non_mc_i2000_b20_q100_sf512_2 - INFO - start step #24
2020-04-03 01:27:37,047 - exp_torch_topics_d128_bald_modal_non_mc_i2000_b20_q100_sf512_2 - INFO - query idx: [16863 67271  8876 28586 43010 29319 96980 71893 79359 66283 73662 22746
 34838 50273 10022 32894 58416 74381 51409 82781]
2020-04-03 01:27:39,325 - exp_torch_topics_d128_bald_modal_non_mc_i2000_b20_q100_sf512_2 - INFO - finish step #24 for 24.86174511909485 sec
2020-04-03 01:27:39,325 - exp_torch_topics_d128_bald_modal_non_mc_i2000_b20_q100_sf512_2 - INFO - current val_accuracy: 0.4639587932303164
2020-04-03 01:27:39,325 - exp_torch_topics_d128_bald_modal_non_mc_i2000_b20_q100_sf512_2 - INFO - start step #25
2020-04-03 01:28:02,000 - exp_torch_topics_d128_bald_modal_non_mc_i2000_b20_q100_sf512_2 - INFO - query idx: [45388 35081 82484 51206 36083  7933 47486 34094 30317 83856 46750 24398
 69974  2667 48054 84213 86775 20171 95173 74012]
2020-04-03 01:28:04,319 - exp_torch_topics_d128_bald_modal_non_mc_i2000_b20_q100_sf512_2 - INFO - finish step #25 for 24.993521213531494 sec
2020-04-03 01:28:04,319 - exp_torch_topics_d128_bald_modal_non_mc_i2000_b20_q100_sf512_2 - INFO - current val_accuracy: 0.46392935982339956
2020-04-03 01:28:04,319 - exp_torch_topics_d128_bald_modal_non_mc_i2000_b20_q100_sf512_2 - INFO - start step #26
2020-04-03 01:28:26,783 - exp_torch_topics_d128_bald_modal_non_mc_i2000_b20_q100_sf512_2 - INFO - query idx: [51051 49124 25058 53521 91180 39848 80490 67677 33770 70357  5777 46646
 57818  4376 97633 44730 75627 81248 43478 95412]
2020-04-03 01:28:29,058 - exp_torch_topics_d128_bald_modal_non_mc_i2000_b20_q100_sf512_2 - INFO - finish step #26 for 24.73880100250244 sec
2020-04-03 01:28:29,058 - exp_torch_topics_d128_bald_modal_non_mc_i2000_b20_q100_sf512_2 - INFO - current val_accuracy: 0.46569536423841057
2020-04-03 01:28:29,058 - exp_torch_topics_d128_bald_modal_non_mc_i2000_b20_q100_sf512_2 - INFO - start step #27
2020-04-03 01:28:51,633 - exp_torch_topics_d128_bald_modal_non_mc_i2000_b20_q100_sf512_2 - INFO - query idx: [67042 28789 59554  6907  3531 24961 59414 42030 15596 52927 95098 90535
  8594 60296 38227  8846 57758 34951  6275 75272]
2020-04-03 01:28:54,001 - exp_torch_topics_d128_bald_modal_non_mc_i2000_b20_q100_sf512_2 - INFO - finish step #27 for 24.9426109790802 sec
2020-04-03 01:28:54,002 - exp_torch_topics_d128_bald_modal_non_mc_i2000_b20_q100_sf512_2 - INFO - current val_accuracy: 0.46669610007358353
2020-04-03 01:28:54,002 - exp_torch_topics_d128_bald_modal_non_mc_i2000_b20_q100_sf512_2 - INFO - start step #28
2020-04-03 01:29:16,425 - exp_torch_topics_d128_bald_modal_non_mc_i2000_b20_q100_sf512_2 - INFO - query idx: [42333 83769  3667 46205 98085 48086 64337 26595 86175 48820 91851 54923
 68273 53559 18641 61017 26915 33303 43517 31345]
2020-04-03 01:29:18,776 - exp_torch_topics_d128_bald_modal_non_mc_i2000_b20_q100_sf512_2 - INFO - finish step #28 for 24.773885011672974 sec
2020-04-03 01:29:18,776 - exp_torch_topics_d128_bald_modal_non_mc_i2000_b20_q100_sf512_2 - INFO - current val_accuracy: 0.4664311994113319
2020-04-03 01:29:18,776 - exp_torch_topics_d128_bald_modal_non_mc_i2000_b20_q100_sf512_2 - INFO - start step #29
2020-04-03 01:29:41,427 - exp_torch_topics_d128_bald_modal_non_mc_i2000_b20_q100_sf512_2 - INFO - query idx: [82988  3002 17255 17277 34920 62520 39878 64816 56407 53082 34220 28969
 64603 24612 53012 84617 88075 95734 28526  8633]
2020-04-03 01:29:43,747 - exp_torch_topics_d128_bald_modal_non_mc_i2000_b20_q100_sf512_2 - INFO - finish step #29 for 24.971081972122192 sec
2020-04-03 01:29:43,747 - exp_torch_topics_d128_bald_modal_non_mc_i2000_b20_q100_sf512_2 - INFO - current val_accuracy: 0.4718469462840324
2020-04-03 01:29:43,748 - exp_torch_topics_d128_bald_modal_non_mc_i2000_b20_q100_sf512_2 - INFO - start step #30
2020-04-03 01:30:06,142 - exp_torch_topics_d128_bald_modal_non_mc_i2000_b20_q100_sf512_2 - INFO - query idx: [37261 78654 94622 26988 34760 87100 19186 65007 37750 83532 66532 48529
 33341 57177 62645 81816 21884 19460  9391 91807]
2020-04-03 01:30:08,458 - exp_torch_topics_d128_bald_modal_non_mc_i2000_b20_q100_sf512_2 - INFO - finish step #30 for 24.710421085357666 sec
2020-04-03 01:30:08,458 - exp_torch_topics_d128_bald_modal_non_mc_i2000_b20_q100_sf512_2 - INFO - current val_accuracy: 0.46893303899926414
2020-04-03 01:30:08,458 - exp_torch_topics_d128_bald_modal_non_mc_i2000_b20_q100_sf512_2 - INFO - start step #31
2020-04-03 01:30:31,162 - exp_torch_topics_d128_bald_modal_non_mc_i2000_b20_q100_sf512_2 - INFO - query idx: [87586 31519 50008 59142 72366 18571  5969 73955 32150 16773 81933 90263
 14302 85271  2051 28226 62898 39219  6431 16586]
2020-04-03 01:30:33,497 - exp_torch_topics_d128_bald_modal_non_mc_i2000_b20_q100_sf512_2 - INFO - finish step #31 for 25.039045095443726 sec
2020-04-03 01:30:33,498 - exp_torch_topics_d128_bald_modal_non_mc_i2000_b20_q100_sf512_2 - INFO - current val_accuracy: 0.4686387049300957
2020-04-03 01:30:33,498 - exp_torch_topics_d128_bald_modal_non_mc_i2000_b20_q100_sf512_2 - INFO - start step #32
2020-04-03 01:30:58,159 - exp_torch_topics_d128_bald_modal_non_mc_i2000_b20_q100_sf512_2 - INFO - query idx: [31970 92141  3927 12141 69429 31521 16158 29278 31577 30384 15392 79766
 60810 86928 28715 97769 82211   302  8345 69677]
2020-04-03 01:31:00,759 - exp_torch_topics_d128_bald_modal_non_mc_i2000_b20_q100_sf512_2 - INFO - finish step #32 for 27.260766983032227 sec
2020-04-03 01:31:00,759 - exp_torch_topics_d128_bald_modal_non_mc_i2000_b20_q100_sf512_2 - INFO - current val_accuracy: 0.47008094186902133
2020-04-03 01:31:00,759 - exp_torch_topics_d128_bald_modal_non_mc_i2000_b20_q100_sf512_2 - INFO - start step #33
2020-04-03 01:31:24,677 - exp_torch_topics_d128_bald_modal_non_mc_i2000_b20_q100_sf512_2 - INFO - query idx: [20429 75314 34534 82531 31737 42153 80301  2173  2690 71457 50064 24502
 24767 79990 89591   234  7188 68453 38460   790]
2020-04-03 01:31:27,130 - exp_torch_topics_d128_bald_modal_non_mc_i2000_b20_q100_sf512_2 - INFO - finish step #33 for 26.371322870254517 sec
2020-04-03 01:31:27,131 - exp_torch_topics_d128_bald_modal_non_mc_i2000_b20_q100_sf512_2 - INFO - current val_accuracy: 0.46852097130242826
2020-04-03 01:31:27,131 - exp_torch_topics_d128_bald_modal_non_mc_i2000_b20_q100_sf512_2 - INFO - start step #34
2020-04-03 01:31:52,370 - exp_torch_topics_d128_bald_modal_non_mc_i2000_b20_q100_sf512_2 - INFO - query idx: [35909 96259 21575 47882 99315 66825 31306 56143 52811 48348 47359 35116
 70357 67936 76517 31051 66657 11232 33453 80008]
2020-04-03 01:31:55,144 - exp_torch_topics_d128_bald_modal_non_mc_i2000_b20_q100_sf512_2 - INFO - finish step #34 for 28.012863874435425 sec
2020-04-03 01:31:55,144 - exp_torch_topics_d128_bald_modal_non_mc_i2000_b20_q100_sf512_2 - INFO - current val_accuracy: 0.46890360559234734
2020-04-03 01:31:55,144 - exp_torch_topics_d128_bald_modal_non_mc_i2000_b20_q100_sf512_2 - INFO - start step #35
2020-04-03 01:32:18,437 - exp_torch_topics_d128_bald_modal_non_mc_i2000_b20_q100_sf512_2 - INFO - query idx: [32987  9825 21099 39968 94424  1385  1074 39831 59085 84202  9449 53757
 91771 88952 93222 49883  4410 60089 71992 28162]
2020-04-03 01:32:20,853 - exp_torch_topics_d128_bald_modal_non_mc_i2000_b20_q100_sf512_2 - INFO - finish step #35 for 25.709274291992188 sec
2020-04-03 01:32:20,854 - exp_torch_topics_d128_bald_modal_non_mc_i2000_b20_q100_sf512_2 - INFO - current val_accuracy: 0.46899190581309785
2020-04-03 01:32:20,854 - exp_torch_topics_d128_bald_modal_non_mc_i2000_b20_q100_sf512_2 - INFO - start step #36
2020-04-03 01:32:44,817 - exp_torch_topics_d128_bald_modal_non_mc_i2000_b20_q100_sf512_2 - INFO - query idx: [56198 52220 92471 17372 99001 64628 85471 71301 63366 34953 23868 50540
 96163 61109 67522 42048 56510  4708 88959 43809]
2020-04-03 01:32:47,311 - exp_torch_topics_d128_bald_modal_non_mc_i2000_b20_q100_sf512_2 - INFO - finish step #36 for 26.457661151885986 sec
2020-04-03 01:32:47,312 - exp_torch_topics_d128_bald_modal_non_mc_i2000_b20_q100_sf512_2 - INFO - current val_accuracy: 0.47364238410596027
2020-04-03 01:32:47,312 - exp_torch_topics_d128_bald_modal_non_mc_i2000_b20_q100_sf512_2 - INFO - start step #37
2020-04-03 01:33:13,876 - exp_torch_topics_d128_bald_modal_non_mc_i2000_b20_q100_sf512_2 - INFO - query idx: [79298 28768 88491 91866 61221 66733 96041 42454 46556 39236 43052 71057
 77104 94959 22654 58856 11545 63850 82347 46925]
2020-04-03 01:33:16,591 - exp_torch_topics_d128_bald_modal_non_mc_i2000_b20_q100_sf512_2 - INFO - finish step #37 for 29.279135942459106 sec
2020-04-03 01:33:16,591 - exp_torch_topics_d128_bald_modal_non_mc_i2000_b20_q100_sf512_2 - INFO - current val_accuracy: 0.467579102281089
2020-04-03 01:33:16,591 - exp_torch_topics_d128_bald_modal_non_mc_i2000_b20_q100_sf512_2 - INFO - start step #38
2020-04-03 01:33:41,118 - exp_torch_topics_d128_bald_modal_non_mc_i2000_b20_q100_sf512_2 - INFO - query idx: [29453  1656  7281 90440 79437 35060 52400 16727 61038 44212 66252 53909
 44404 35240 64472 34272 59191 14414 21677 80346]
2020-04-03 01:33:44,524 - exp_torch_topics_d128_bald_modal_non_mc_i2000_b20_q100_sf512_2 - INFO - finish step #38 for 27.932684183120728 sec
2020-04-03 01:33:44,524 - exp_torch_topics_d128_bald_modal_non_mc_i2000_b20_q100_sf512_2 - INFO - current val_accuracy: 0.47205298013245034
2020-04-03 01:33:44,524 - exp_torch_topics_d128_bald_modal_non_mc_i2000_b20_q100_sf512_2 - INFO - start step #39
2020-04-03 01:34:08,556 - exp_torch_topics_d128_bald_modal_non_mc_i2000_b20_q100_sf512_2 - INFO - query idx: [83353 73536 96419 85835 88799 38227 84152 21327 52960  7966  6447 42825
 21917 87694 87012 58858 84536 30003 63972 34435]
2020-04-03 01:34:11,133 - exp_torch_topics_d128_bald_modal_non_mc_i2000_b20_q100_sf512_2 - INFO - finish step #39 for 26.608947038650513 sec
2020-04-03 01:34:11,134 - exp_torch_topics_d128_bald_modal_non_mc_i2000_b20_q100_sf512_2 - INFO - current val_accuracy: 0.4730831493745401
2020-04-03 01:34:11,134 - exp_torch_topics_d128_bald_modal_non_mc_i2000_b20_q100_sf512_2 - INFO - start step #40
2020-04-03 01:34:34,245 - exp_torch_topics_d128_bald_modal_non_mc_i2000_b20_q100_sf512_2 - INFO - query idx: [64824 58729 12207 16857 87619 83080 50497 45506 12354 72417 66809 29742
  7497 10396 95530 19763 32701  8294 19666 93079]
2020-04-03 01:34:36,800 - exp_torch_topics_d128_bald_modal_non_mc_i2000_b20_q100_sf512_2 - INFO - finish step #40 for 25.666433095932007 sec
2020-04-03 01:34:36,801 - exp_torch_topics_d128_bald_modal_non_mc_i2000_b20_q100_sf512_2 - INFO - current val_accuracy: 0.4727888153053716
2020-04-03 01:34:36,801 - exp_torch_topics_d128_bald_modal_non_mc_i2000_b20_q100_sf512_2 - INFO - start step #41
2020-04-03 01:35:02,698 - exp_torch_topics_d128_bald_modal_non_mc_i2000_b20_q100_sf512_2 - INFO - query idx: [32606 98247 70250 28379 23264 77294 32415 55742 92993 39329 62911 86181
 80426 25473 52933 59807 78929 19715 15667 16039]
2020-04-03 01:35:05,246 - exp_torch_topics_d128_bald_modal_non_mc_i2000_b20_q100_sf512_2 - INFO - finish step #41 for 28.444513082504272 sec
2020-04-03 01:35:05,246 - exp_torch_topics_d128_bald_modal_non_mc_i2000_b20_q100_sf512_2 - INFO - current val_accuracy: 0.4759087564385578
2020-04-03 01:35:05,246 - exp_torch_topics_d128_bald_modal_non_mc_i2000_b20_q100_sf512_2 - INFO - start step #42
2020-04-03 01:35:28,220 - exp_torch_topics_d128_bald_modal_non_mc_i2000_b20_q100_sf512_2 - INFO - query idx: [83767 29326 73419 48593 96621 84371 25128 41266 82553 52856 64557 49819
  1101 81721 57243 79794 60242 58945 92589 21632]
2020-04-03 01:35:30,561 - exp_torch_topics_d128_bald_modal_non_mc_i2000_b20_q100_sf512_2 - INFO - finish step #42 for 25.31487202644348 sec
2020-04-03 01:35:30,562 - exp_torch_topics_d128_bald_modal_non_mc_i2000_b20_q100_sf512_2 - INFO - current val_accuracy: 0.47702722590139807
2020-04-03 01:35:30,562 - exp_torch_topics_d128_bald_modal_non_mc_i2000_b20_q100_sf512_2 - INFO - start step #43
2020-04-03 01:35:53,493 - exp_torch_topics_d128_bald_modal_non_mc_i2000_b20_q100_sf512_2 - INFO - query idx: [78445 35985 25296 52850 83690 17740 11590 95230 67214 57480 55340 94670
 75609 26123 76013 57661 72456 20741 68005  5051]
2020-04-03 01:35:55,838 - exp_torch_topics_d128_bald_modal_non_mc_i2000_b20_q100_sf512_2 - INFO - finish step #43 for 25.276245832443237 sec
2020-04-03 01:35:55,838 - exp_torch_topics_d128_bald_modal_non_mc_i2000_b20_q100_sf512_2 - INFO - current val_accuracy: 0.4811184694628403
2020-04-03 01:35:55,838 - exp_torch_topics_d128_bald_modal_non_mc_i2000_b20_q100_sf512_2 - INFO - start step #44
2020-04-03 01:36:18,567 - exp_torch_topics_d128_bald_modal_non_mc_i2000_b20_q100_sf512_2 - INFO - query idx: [38157 17658 12527 49725 70042 83085 91597 24225 19890 31673 95819 40951
 16243 83639 82818 19059 97330 11272 48616 85894]
2020-04-03 01:36:20,910 - exp_torch_topics_d128_bald_modal_non_mc_i2000_b20_q100_sf512_2 - INFO - finish step #44 for 25.071552991867065 sec
2020-04-03 01:36:20,910 - exp_torch_topics_d128_bald_modal_non_mc_i2000_b20_q100_sf512_2 - INFO - current val_accuracy: 0.4742310522442973
2020-04-03 01:36:20,910 - exp_torch_topics_d128_bald_modal_non_mc_i2000_b20_q100_sf512_2 - INFO - start step #45
2020-04-03 01:36:43,366 - exp_torch_topics_d128_bald_modal_non_mc_i2000_b20_q100_sf512_2 - INFO - query idx: [85888 68725 23752 48453 66746 17401 59004 49365  5774 33126 97787 10972
 23339 89557 48715 79994 44393 56144  3949 95814]
2020-04-03 01:36:45,663 - exp_torch_topics_d128_bald_modal_non_mc_i2000_b20_q100_sf512_2 - INFO - finish step #45 for 24.752851963043213 sec
2020-04-03 01:36:45,663 - exp_torch_topics_d128_bald_modal_non_mc_i2000_b20_q100_sf512_2 - INFO - current val_accuracy: 0.4776747608535688
2020-04-03 01:36:45,664 - exp_torch_topics_d128_bald_modal_non_mc_i2000_b20_q100_sf512_2 - INFO - start step #46
2020-04-03 01:37:08,115 - exp_torch_topics_d128_bald_modal_non_mc_i2000_b20_q100_sf512_2 - INFO - query idx: [ 8441 50674 53344 19116 39028 19578 93859 26803 24994 26395 26514 25808
 85918 32583  3476  1348 42733 54554 68837 25724]
2020-04-03 01:37:10,410 - exp_torch_topics_d128_bald_modal_non_mc_i2000_b20_q100_sf512_2 - INFO - finish step #46 for 24.74588418006897 sec
2020-04-03 01:37:10,410 - exp_torch_topics_d128_bald_modal_non_mc_i2000_b20_q100_sf512_2 - INFO - current val_accuracy: 0.47602649006622516
2020-04-03 01:37:10,410 - exp_torch_topics_d128_bald_modal_non_mc_i2000_b20_q100_sf512_2 - INFO - start step #47
2020-04-03 01:37:32,928 - exp_torch_topics_d128_bald_modal_non_mc_i2000_b20_q100_sf512_2 - INFO - query idx: [89575 17907 61284 54791 72937 56738 20949     0 63964 53345 40691 61070
 89791 11876 67997 56425 79161 40779 10797 28467]
2020-04-03 01:37:35,236 - exp_torch_topics_d128_bald_modal_non_mc_i2000_b20_q100_sf512_2 - INFO - finish step #47 for 24.82621717453003 sec
2020-04-03 01:37:35,236 - exp_torch_topics_d128_bald_modal_non_mc_i2000_b20_q100_sf512_2 - INFO - current val_accuracy: 0.479411331861663
2020-04-03 01:37:35,237 - exp_torch_topics_d128_bald_modal_non_mc_i2000_b20_q100_sf512_2 - INFO - start step #48
2020-04-03 01:38:02,661 - exp_torch_topics_d128_bald_modal_non_mc_i2000_b20_q100_sf512_2 - INFO - query idx: [19433 10757 10331 94918 89080 70545 93438 78835 71530 22010 52914 45846
 58935  4580  8693 16937 20688 78164 77665 12411]
2020-04-03 01:38:04,998 - exp_torch_topics_d128_bald_modal_non_mc_i2000_b20_q100_sf512_2 - INFO - finish step #48 for 29.76179003715515 sec
2020-04-03 01:38:04,999 - exp_torch_topics_d128_bald_modal_non_mc_i2000_b20_q100_sf512_2 - INFO - current val_accuracy: 0.479411331861663
2020-04-03 01:38:04,999 - exp_torch_topics_d128_bald_modal_non_mc_i2000_b20_q100_sf512_2 - INFO - start step #49
2020-04-03 01:38:27,605 - exp_torch_topics_d128_bald_modal_non_mc_i2000_b20_q100_sf512_2 - INFO - query idx: [67045   758 90964 68388  6477 85320 23965  1838 25005 88599 13726 70327
 54314 40888 48751 41937 52899 80969 22436 40176]
2020-04-03 01:38:29,930 - exp_torch_topics_d128_bald_modal_non_mc_i2000_b20_q100_sf512_2 - INFO - finish step #49 for 24.931533098220825 sec
2020-04-03 01:38:29,931 - exp_torch_topics_d128_bald_modal_non_mc_i2000_b20_q100_sf512_2 - INFO - current val_accuracy: 0.47985283296541575
2020-04-03 01:38:29,931 - exp_torch_topics_d128_bald_modal_non_mc_i2000_b20_q100_sf512_2 - INFO - start step #50
2020-04-03 01:38:53,160 - exp_torch_topics_d128_bald_modal_non_mc_i2000_b20_q100_sf512_2 - INFO - query idx: [62266 66132 49766 42752 73519  5659 87627 69982 59846 66930 40232 94674
 12759  2107 49199  3022 11670 58665 18606 69711]
2020-04-03 01:38:55,548 - exp_torch_topics_d128_bald_modal_non_mc_i2000_b20_q100_sf512_2 - INFO - finish step #50 for 25.617594718933105 sec
2020-04-03 01:38:55,549 - exp_torch_topics_d128_bald_modal_non_mc_i2000_b20_q100_sf512_2 - INFO - current val_accuracy: 0.48070640176600443
2020-04-03 01:38:55,549 - exp_torch_topics_d128_bald_modal_non_mc_i2000_b20_q100_sf512_2 - INFO - start step #51
2020-04-03 01:39:18,349 - exp_torch_topics_d128_bald_modal_non_mc_i2000_b20_q100_sf512_2 - INFO - query idx: [91323 49730 87848 73189 44238 85817 88240 18597 35103  3927 52691   155
 38956 37412 45362 26791  1336 75634 27266 66317]
2020-04-03 01:39:20,667 - exp_torch_topics_d128_bald_modal_non_mc_i2000_b20_q100_sf512_2 - INFO - finish step #51 for 25.117876052856445 sec
2020-04-03 01:39:20,667 - exp_torch_topics_d128_bald_modal_non_mc_i2000_b20_q100_sf512_2 - INFO - current val_accuracy: 0.4802354672553348
2020-04-03 01:39:20,667 - exp_torch_topics_d128_bald_modal_non_mc_i2000_b20_q100_sf512_2 - INFO - start step #52
2020-04-03 01:39:43,162 - exp_torch_topics_d128_bald_modal_non_mc_i2000_b20_q100_sf512_2 - INFO - query idx: [50438 93568 47250 54027 24711 39538 65439   157  5384 82336 43902 61560
 40397 67439 56998 11465 79567 93795 23922  1540]
2020-04-03 01:39:45,482 - exp_torch_topics_d128_bald_modal_non_mc_i2000_b20_q100_sf512_2 - INFO - finish step #52 for 24.81435489654541 sec
2020-04-03 01:39:45,482 - exp_torch_topics_d128_bald_modal_non_mc_i2000_b20_q100_sf512_2 - INFO - current val_accuracy: 0.4826784400294334
2020-04-03 01:39:45,482 - exp_torch_topics_d128_bald_modal_non_mc_i2000_b20_q100_sf512_2 - INFO - start step #53
2020-04-03 01:40:07,958 - exp_torch_topics_d128_bald_modal_non_mc_i2000_b20_q100_sf512_2 - INFO - query idx: [89264 94241 94594 64118 57612 42526 15067 82113 30115  1545  9670 89061
 20334 84817 96875 20781 32951 14859 36838 93808]
2020-04-03 01:40:10,327 - exp_torch_topics_d128_bald_modal_non_mc_i2000_b20_q100_sf512_2 - INFO - finish step #53 for 24.845004081726074 sec
2020-04-03 01:40:10,327 - exp_torch_topics_d128_bald_modal_non_mc_i2000_b20_q100_sf512_2 - INFO - current val_accuracy: 0.4886239882266372
2020-04-03 01:40:10,327 - exp_torch_topics_d128_bald_modal_non_mc_i2000_b20_q100_sf512_2 - INFO - start step #54
2020-04-03 01:40:32,750 - exp_torch_topics_d128_bald_modal_non_mc_i2000_b20_q100_sf512_2 - INFO - query idx: [ 2357 44494 19182 77929 40675  8473 81952 94231 45628  7829 31850 73601
 49744 85997 63150 74563 73555 38037 11310 70076]
2020-04-03 01:40:35,112 - exp_torch_topics_d128_bald_modal_non_mc_i2000_b20_q100_sf512_2 - INFO - finish step #54 for 24.784247875213623 sec
2020-04-03 01:40:35,112 - exp_torch_topics_d128_bald_modal_non_mc_i2000_b20_q100_sf512_2 - INFO - current val_accuracy: 0.48217807211184693
2020-04-03 01:40:35,112 - exp_torch_topics_d128_bald_modal_non_mc_i2000_b20_q100_sf512_2 - INFO - start step #55
2020-04-03 01:40:58,942 - exp_torch_topics_d128_bald_modal_non_mc_i2000_b20_q100_sf512_2 - INFO - query idx: [61101 51567 93861 89380 38196 31981 27355 57857 52819 16187 25418 60048
 57347 24473 57708 66346 76095 74346 80923 40886]
2020-04-03 01:41:01,333 - exp_torch_topics_d128_bald_modal_non_mc_i2000_b20_q100_sf512_2 - INFO - finish step #55 for 26.221081018447876 sec
2020-04-03 01:41:01,333 - exp_torch_topics_d128_bald_modal_non_mc_i2000_b20_q100_sf512_2 - INFO - current val_accuracy: 0.4850036791758646
2020-04-03 01:41:01,333 - exp_torch_topics_d128_bald_modal_non_mc_i2000_b20_q100_sf512_2 - INFO - start step #56
2020-04-03 01:41:23,754 - exp_torch_topics_d128_bald_modal_non_mc_i2000_b20_q100_sf512_2 - INFO - query idx: [48618 47679 73963 58104 42779  4208 48197 84130 22127 59964 40411 95835
 60374 22003 27581 34830 92764  8898  3309 77778]
2020-04-03 01:41:26,044 - exp_torch_topics_d128_bald_modal_non_mc_i2000_b20_q100_sf512_2 - INFO - finish step #56 for 24.71083974838257 sec
2020-04-03 01:41:26,045 - exp_torch_topics_d128_bald_modal_non_mc_i2000_b20_q100_sf512_2 - INFO - current val_accuracy: 0.4859455481972038
2020-04-03 01:41:26,045 - exp_torch_topics_d128_bald_modal_non_mc_i2000_b20_q100_sf512_2 - INFO - start step #57
2020-04-03 01:41:48,895 - exp_torch_topics_d128_bald_modal_non_mc_i2000_b20_q100_sf512_2 - INFO - query idx: [88218 33738 36857 45316 82904 72653 24090 21562 90251 43243 67686 25344
 88203 86537 55696 12834 81841 87445 12276 11131]
2020-04-03 01:41:51,254 - exp_torch_topics_d128_bald_modal_non_mc_i2000_b20_q100_sf512_2 - INFO - finish step #57 for 25.208800792694092 sec
2020-04-03 01:41:51,254 - exp_torch_topics_d128_bald_modal_non_mc_i2000_b20_q100_sf512_2 - INFO - current val_accuracy: 0.48676968359087563
2020-04-03 01:41:51,254 - exp_torch_topics_d128_bald_modal_non_mc_i2000_b20_q100_sf512_2 - INFO - start step #58
2020-04-03 01:42:14,901 - exp_torch_topics_d128_bald_modal_non_mc_i2000_b20_q100_sf512_2 - INFO - query idx: [80166 85602 20484 73302 13217 21640  3587 67743 24639 57287 86328 13428
 66639  8231 88718 72810 49336 50937 52572  1602]
2020-04-03 01:42:17,384 - exp_torch_topics_d128_bald_modal_non_mc_i2000_b20_q100_sf512_2 - INFO - finish step #58 for 26.130002975463867 sec
2020-04-03 01:42:17,384 - exp_torch_topics_d128_bald_modal_non_mc_i2000_b20_q100_sf512_2 - INFO - current val_accuracy: 0.48906548933039
2020-04-03 01:42:17,384 - exp_torch_topics_d128_bald_modal_non_mc_i2000_b20_q100_sf512_2 - INFO - start step #59
2020-04-03 01:42:39,748 - exp_torch_topics_d128_bald_modal_non_mc_i2000_b20_q100_sf512_2 - INFO - query idx: [25084  6540 92794 71735 57605 40281 47041 50309  4267 27947 58247 71317
  7671 51180 95045  2292  7616  1593 63800 93083]
2020-04-03 01:42:42,082 - exp_torch_topics_d128_bald_modal_non_mc_i2000_b20_q100_sf512_2 - INFO - finish step #59 for 24.697288036346436 sec
2020-04-03 01:42:42,082 - exp_torch_topics_d128_bald_modal_non_mc_i2000_b20_q100_sf512_2 - INFO - current val_accuracy: 0.4874760853568801
2020-04-03 01:42:42,082 - exp_torch_topics_d128_bald_modal_non_mc_i2000_b20_q100_sf512_2 - INFO - start step #60
2020-04-03 01:43:04,239 - exp_torch_topics_d128_bald_modal_non_mc_i2000_b20_q100_sf512_2 - INFO - query idx: [80230 44544 31059 20542 48800 37876 10771 74499 45864 32080 37526  3990
 64315 47737  8724 74561 69987 50734 80173 83383]
2020-04-03 01:43:06,531 - exp_torch_topics_d128_bald_modal_non_mc_i2000_b20_q100_sf512_2 - INFO - finish step #60 for 24.448649168014526 sec
2020-04-03 01:43:06,532 - exp_torch_topics_d128_bald_modal_non_mc_i2000_b20_q100_sf512_2 - INFO - current val_accuracy: 0.4877115526122149
2020-04-03 01:43:06,533 - exp_torch_topics_d128_bald_modal_non_mc_i2000_b20_q100_sf512_2 - INFO - start step #61
2020-04-03 01:43:28,780 - exp_torch_topics_d128_bald_modal_non_mc_i2000_b20_q100_sf512_2 - INFO - query idx: [ 9889 50042 47511 77285 33394 31420 27785 94555 10305 74442 39283 55325
 73915  5204 95920 60248 11913 73445 60343 50789]
2020-04-03 01:43:31,139 - exp_torch_topics_d128_bald_modal_non_mc_i2000_b20_q100_sf512_2 - INFO - finish step #61 for 24.606037616729736 sec
2020-04-03 01:43:31,139 - exp_torch_topics_d128_bald_modal_non_mc_i2000_b20_q100_sf512_2 - INFO - current val_accuracy: 0.49127299484915377
2020-04-03 01:43:31,139 - exp_torch_topics_d128_bald_modal_non_mc_i2000_b20_q100_sf512_2 - INFO - start step #62
2020-04-03 01:43:53,257 - exp_torch_topics_d128_bald_modal_non_mc_i2000_b20_q100_sf512_2 - INFO - query idx: [82222 30386 44747  4576 91445 37133 43468 81719 38684 57350 57333 72883
 52188 10945 51989 55263 47586  3756   483 91349]
2020-04-03 01:43:55,591 - exp_torch_topics_d128_bald_modal_non_mc_i2000_b20_q100_sf512_2 - INFO - finish step #62 for 24.45182704925537 sec
2020-04-03 01:43:55,591 - exp_torch_topics_d128_bald_modal_non_mc_i2000_b20_q100_sf512_2 - INFO - current val_accuracy: 0.48759381898454746
2020-04-03 01:43:55,591 - exp_torch_topics_d128_bald_modal_non_mc_i2000_b20_q100_sf512_2 - INFO - start step #63
2020-04-03 01:44:17,822 - exp_torch_topics_d128_bald_modal_non_mc_i2000_b20_q100_sf512_2 - INFO - query idx: [22800 50602 56212 35793 25456 71396  7685 11048 38393 45983 76221 85984
 67598 92354 52051 12772 70321 20304 10744 69523]
2020-04-03 01:44:20,191 - exp_torch_topics_d128_bald_modal_non_mc_i2000_b20_q100_sf512_2 - INFO - finish step #63 for 24.599337100982666 sec
2020-04-03 01:44:20,191 - exp_torch_topics_d128_bald_modal_non_mc_i2000_b20_q100_sf512_2 - INFO - current val_accuracy: 0.48927152317880795
2020-04-03 01:44:20,191 - exp_torch_topics_d128_bald_modal_non_mc_i2000_b20_q100_sf512_2 - INFO - start step #64
2020-04-03 01:44:42,422 - exp_torch_topics_d128_bald_modal_non_mc_i2000_b20_q100_sf512_2 - INFO - query idx: [64857 19455 31348 52978 41862 78847  5900 53850 92511  1818 43351 32808
 36114 82775 68172  2763 57248 25487  7706 69790]
2020-04-03 01:44:44,740 - exp_torch_topics_d128_bald_modal_non_mc_i2000_b20_q100_sf512_2 - INFO - finish step #64 for 24.54892611503601 sec
2020-04-03 01:44:44,740 - exp_torch_topics_d128_bald_modal_non_mc_i2000_b20_q100_sf512_2 - INFO - current val_accuracy: 0.490831493745401
2020-04-03 01:44:44,741 - exp_torch_topics_d128_bald_modal_non_mc_i2000_b20_q100_sf512_2 - INFO - start step #65
2020-04-03 01:45:06,893 - exp_torch_topics_d128_bald_modal_non_mc_i2000_b20_q100_sf512_2 - INFO - query idx: [66692 46027 28431 45761 38029 64738 20302 12866 23371 31569 21922 89972
 30765 88115 23710   213  8919 37719 82551 27337]
2020-04-03 01:45:09,239 - exp_torch_topics_d128_bald_modal_non_mc_i2000_b20_q100_sf512_2 - INFO - finish step #65 for 24.498252153396606 sec
2020-04-03 01:45:09,239 - exp_torch_topics_d128_bald_modal_non_mc_i2000_b20_q100_sf512_2 - INFO - current val_accuracy: 0.4910963944076527
2020-04-03 01:45:09,239 - exp_torch_topics_d128_bald_modal_non_mc_i2000_b20_q100_sf512_2 - INFO - start step #66
2020-04-03 01:45:31,795 - exp_torch_topics_d128_bald_modal_non_mc_i2000_b20_q100_sf512_2 - INFO - query idx: [81873 87527 60228 93602  9114 98416 20233 67793 36276 83577 58535 25888
 81034  1082 20527 25698 84618 31822 70312 51054]
2020-04-03 01:45:34,182 - exp_torch_topics_d128_bald_modal_non_mc_i2000_b20_q100_sf512_2 - INFO - finish step #66 for 24.94309401512146 sec
2020-04-03 01:45:34,325 - exp_torch_topics_d128_bald_modal_non_mc_i2000_b20_q100_sf512_2 - INFO - current val_accuracy: 0.4871817512877116
2020-04-03 01:45:34,325 - exp_torch_topics_d128_bald_modal_non_mc_i2000_b20_q100_sf512_2 - INFO - start step #67
2020-04-03 01:45:56,688 - exp_torch_topics_d128_bald_modal_non_mc_i2000_b20_q100_sf512_2 - INFO - query idx: [29829 59389 83784 53108 68736 35435 65519  2770 81681 40454 52589 32084
 26538 36130 51433 11553 51121  5124 45118 68613]
2020-04-03 01:45:59,080 - exp_torch_topics_d128_bald_modal_non_mc_i2000_b20_q100_sf512_2 - INFO - finish step #67 for 24.754570960998535 sec
2020-04-03 01:45:59,080 - exp_torch_topics_d128_bald_modal_non_mc_i2000_b20_q100_sf512_2 - INFO - current val_accuracy: 0.48765268579838117
2020-04-03 01:45:59,080 - exp_torch_topics_d128_bald_modal_non_mc_i2000_b20_q100_sf512_2 - INFO - start step #68
2020-04-03 01:46:21,235 - exp_torch_topics_d128_bald_modal_non_mc_i2000_b20_q100_sf512_2 - INFO - query idx: [23954 98482 83268 18466 70581 76763 80334  2288 50439 19462 23405 18576
 84941 83479 73733 72688 33922 57333 62368 19606]
2020-04-03 01:46:23,599 - exp_torch_topics_d128_bald_modal_non_mc_i2000_b20_q100_sf512_2 - INFO - finish step #68 for 24.518662691116333 sec
2020-04-03 01:46:23,599 - exp_torch_topics_d128_bald_modal_non_mc_i2000_b20_q100_sf512_2 - INFO - current val_accuracy: 0.49041942604856514
2020-04-03 01:46:23,599 - exp_torch_topics_d128_bald_modal_non_mc_i2000_b20_q100_sf512_2 - INFO - start step #69
2020-04-03 01:46:45,849 - exp_torch_topics_d128_bald_modal_non_mc_i2000_b20_q100_sf512_2 - INFO - query idx: [40484 59731 73334 20426 50686 50364 56206 81846 77771 79663 79990 54835
 22428 37555 22656 79924 71544 98450 75748 82429]
2020-04-03 01:46:48,267 - exp_torch_topics_d128_bald_modal_non_mc_i2000_b20_q100_sf512_2 - INFO - finish step #69 for 24.667802095413208 sec
2020-04-03 01:46:48,267 - exp_torch_topics_d128_bald_modal_non_mc_i2000_b20_q100_sf512_2 - INFO - current val_accuracy: 0.4908609271523179
2020-04-03 01:46:48,268 - exp_torch_topics_d128_bald_modal_non_mc_i2000_b20_q100_sf512_2 - INFO - start step #70
2020-04-03 01:47:10,509 - exp_torch_topics_d128_bald_modal_non_mc_i2000_b20_q100_sf512_2 - INFO - query idx: [23410 32330 87609 70248  7168 43106 93466  4464 37439 74448  2542 72293
  1374 92749 29623 35463  6270 63009  9183 65502]
2020-04-03 01:47:12,952 - exp_torch_topics_d128_bald_modal_non_mc_i2000_b20_q100_sf512_2 - INFO - finish step #70 for 24.684480905532837 sec
2020-04-03 01:47:12,952 - exp_torch_topics_d128_bald_modal_non_mc_i2000_b20_q100_sf512_2 - INFO - current val_accuracy: 0.4894775570272259
2020-04-03 01:47:12,953 - exp_torch_topics_d128_bald_modal_non_mc_i2000_b20_q100_sf512_2 - INFO - start step #71
2020-04-03 01:47:35,242 - exp_torch_topics_d128_bald_modal_non_mc_i2000_b20_q100_sf512_2 - INFO - query idx: [30518 12304 22258 63751 28356 28850 20261 22695 30966 78334  7272  8507
 38376 92145 68134 24082 20795 53521   620 28825]
2020-04-03 01:47:37,630 - exp_torch_topics_d128_bald_modal_non_mc_i2000_b20_q100_sf512_2 - INFO - finish step #71 for 24.677833080291748 sec
2020-04-03 01:47:37,631 - exp_torch_topics_d128_bald_modal_non_mc_i2000_b20_q100_sf512_2 - INFO - current val_accuracy: 0.49065489330389994
2020-04-03 01:47:37,631 - exp_torch_topics_d128_bald_modal_non_mc_i2000_b20_q100_sf512_2 - INFO - start step #72
2020-04-03 01:47:59,779 - exp_torch_topics_d128_bald_modal_non_mc_i2000_b20_q100_sf512_2 - INFO - query idx: [11186 30778 36214  7704  3259 15522 66867 44638 90901 45080 35346 65743
 38651  4941 47096 19358 11891 97213 16435 48137]
2020-04-03 01:48:02,107 - exp_torch_topics_d128_bald_modal_non_mc_i2000_b20_q100_sf512_2 - INFO - finish step #72 for 24.476249933242798 sec
2020-04-03 01:48:02,107 - exp_torch_topics_d128_bald_modal_non_mc_i2000_b20_q100_sf512_2 - INFO - current val_accuracy: 0.49194996320824136
2020-04-03 01:48:02,107 - exp_torch_topics_d128_bald_modal_non_mc_i2000_b20_q100_sf512_2 - INFO - start step #73
2020-04-03 01:48:24,442 - exp_torch_topics_d128_bald_modal_non_mc_i2000_b20_q100_sf512_2 - INFO - query idx: [54654 97886 96962 22798 77209 85439 13261  6757 33175 68794 17823 85643
  7824 42873 23287 62191 91620 16182 89719 38588]
2020-04-03 01:48:26,797 - exp_torch_topics_d128_bald_modal_non_mc_i2000_b20_q100_sf512_2 - INFO - finish step #73 for 24.689460039138794 sec
2020-04-03 01:48:26,797 - exp_torch_topics_d128_bald_modal_non_mc_i2000_b20_q100_sf512_2 - INFO - current val_accuracy: 0.49374540103016923
2020-04-03 01:48:26,797 - exp_torch_topics_d128_bald_modal_non_mc_i2000_b20_q100_sf512_2 - INFO - start step #74
2020-04-03 01:48:48,796 - exp_torch_topics_d128_bald_modal_non_mc_i2000_b20_q100_sf512_2 - INFO - query idx: [94188 72948 28050 37819 41323 84770 83109 10860   374 61528 47038 13776
  3719 17899 81345 65857 33497  4967 77892 45472]
2020-04-03 01:48:51,124 - exp_torch_topics_d128_bald_modal_non_mc_i2000_b20_q100_sf512_2 - INFO - finish step #74 for 24.326566219329834 sec
2020-04-03 01:48:51,124 - exp_torch_topics_d128_bald_modal_non_mc_i2000_b20_q100_sf512_2 - INFO - current val_accuracy: 0.49695364238410594
2020-04-03 01:48:51,124 - exp_torch_topics_d128_bald_modal_non_mc_i2000_b20_q100_sf512_2 - INFO - start step #75
2020-04-03 01:49:13,504 - exp_torch_topics_d128_bald_modal_non_mc_i2000_b20_q100_sf512_2 - INFO - query idx: [23108 57966 29200 10175 62369  7991 62290 80060 67974 24805 79189 51544
 21764 22069 60510 78221  8575 17257 31751 64228]
2020-04-03 01:49:15,940 - exp_torch_topics_d128_bald_modal_non_mc_i2000_b20_q100_sf512_2 - INFO - finish step #75 for 24.815335988998413 sec
2020-04-03 01:49:15,940 - exp_torch_topics_d128_bald_modal_non_mc_i2000_b20_q100_sf512_2 - INFO - current val_accuracy: 0.4968947755702723
2020-04-03 01:49:15,940 - exp_torch_topics_d128_bald_modal_non_mc_i2000_b20_q100_sf512_2 - INFO - start step #76
2020-04-03 01:49:38,132 - exp_torch_topics_d128_bald_modal_non_mc_i2000_b20_q100_sf512_2 - INFO - query idx: [18944 29279  5804 25937 72800 48690 56090 54016 19449 57920 36923 78468
  3465 46769 52277  8062 63361 67983 15748 11593]
2020-04-03 01:49:40,597 - exp_torch_topics_d128_bald_modal_non_mc_i2000_b20_q100_sf512_2 - INFO - finish step #76 for 24.65638017654419 sec
2020-04-03 01:49:40,597 - exp_torch_topics_d128_bald_modal_non_mc_i2000_b20_q100_sf512_2 - INFO - current val_accuracy: 0.49194996320824136
2020-04-03 01:49:40,597 - exp_torch_topics_d128_bald_modal_non_mc_i2000_b20_q100_sf512_2 - INFO - start step #77
2020-04-03 01:50:02,919 - exp_torch_topics_d128_bald_modal_non_mc_i2000_b20_q100_sf512_2 - INFO - query idx: [59996 66376 92270 87851 31951 55634 48499 25158 17030 46784 47092 64327
 50282 29640 84593 43012 34452 49854 53004 31765]
2020-04-03 01:50:05,350 - exp_torch_topics_d128_bald_modal_non_mc_i2000_b20_q100_sf512_2 - INFO - finish step #77 for 24.753208875656128 sec
2020-04-03 01:50:05,350 - exp_torch_topics_d128_bald_modal_non_mc_i2000_b20_q100_sf512_2 - INFO - current val_accuracy: 0.4969242089771891
2020-04-03 01:50:05,351 - exp_torch_topics_d128_bald_modal_non_mc_i2000_b20_q100_sf512_2 - INFO - start step #78
2020-04-03 01:50:27,520 - exp_torch_topics_d128_bald_modal_non_mc_i2000_b20_q100_sf512_2 - INFO - query idx: [57691 98160  4854 48528 30379 88649 88040 66357  1722 28796 65002 81666
 33962 39948 77815 32085 69009 31144 64543 62272]
2020-04-03 01:50:29,920 - exp_torch_topics_d128_bald_modal_non_mc_i2000_b20_q100_sf512_2 - INFO - finish step #78 for 24.569322109222412 sec
2020-04-03 01:50:29,920 - exp_torch_topics_d128_bald_modal_non_mc_i2000_b20_q100_sf512_2 - INFO - current val_accuracy: 0.4969242089771891
2020-04-03 01:50:29,920 - exp_torch_topics_d128_bald_modal_non_mc_i2000_b20_q100_sf512_2 - INFO - start step #79
2020-04-03 01:50:52,503 - exp_torch_topics_d128_bald_modal_non_mc_i2000_b20_q100_sf512_2 - INFO - query idx: [43506  8186 78668  6149 64286 67643  3475 15004 93688 54176  5883 71532
 21306 39131 19168 19918 97653 50366 55055 13461]
2020-04-03 01:50:54,980 - exp_torch_topics_d128_bald_modal_non_mc_i2000_b20_q100_sf512_2 - INFO - finish step #79 for 25.06003499031067 sec
2020-04-03 01:50:54,981 - exp_torch_topics_d128_bald_modal_non_mc_i2000_b20_q100_sf512_2 - INFO - current val_accuracy: 0.4922737306843267
2020-04-03 01:50:54,981 - exp_torch_topics_d128_bald_modal_non_mc_i2000_b20_q100_sf512_2 - INFO - start step #80
2020-04-03 01:51:17,125 - exp_torch_topics_d128_bald_modal_non_mc_i2000_b20_q100_sf512_2 - INFO - query idx: [80068 32361 25534 89561 33642 86759 74524 37444 59428  3265 38625 89967
 35788 75128 63231 30222 31264 12941 85493 42879]
2020-04-03 01:51:19,611 - exp_torch_topics_d128_bald_modal_non_mc_i2000_b20_q100_sf512_2 - INFO - finish step #80 for 24.63065195083618 sec
2020-04-03 01:51:19,612 - exp_torch_topics_d128_bald_modal_non_mc_i2000_b20_q100_sf512_2 - INFO - current val_accuracy: 0.4963355408388521
2020-04-03 01:51:19,612 - exp_torch_topics_d128_bald_modal_non_mc_i2000_b20_q100_sf512_2 - INFO - start step #81
2020-04-03 01:51:41,763 - exp_torch_topics_d128_bald_modal_non_mc_i2000_b20_q100_sf512_2 - INFO - query idx: [67193 89776 13119 46654 91217 16026 84523 64983 37932 33129 60795 96871
 72107 95155 16426 33857 50528 35943 71849  1545]
2020-04-03 01:51:44,209 - exp_torch_topics_d128_bald_modal_non_mc_i2000_b20_q100_sf512_2 - INFO - finish step #81 for 24.597065925598145 sec
2020-04-03 01:51:44,209 - exp_torch_topics_d128_bald_modal_non_mc_i2000_b20_q100_sf512_2 - INFO - current val_accuracy: 0.4968947755702723
2020-04-03 01:51:44,209 - exp_torch_topics_d128_bald_modal_non_mc_i2000_b20_q100_sf512_2 - INFO - start step #82
2020-04-03 01:52:06,263 - exp_torch_topics_d128_bald_modal_non_mc_i2000_b20_q100_sf512_2 - INFO - query idx: [24586 25672 18331 39550 70966 12428 17843 57289 92619 51442 22721 80489
 33564 24590 52801 80355 86732 46626 15672 87462]
2020-04-03 01:52:08,748 - exp_torch_topics_d128_bald_modal_non_mc_i2000_b20_q100_sf512_2 - INFO - finish step #82 for 24.538949012756348 sec
2020-04-03 01:52:08,748 - exp_torch_topics_d128_bald_modal_non_mc_i2000_b20_q100_sf512_2 - INFO - current val_accuracy: 0.49562913907284767
2020-04-03 01:52:08,749 - exp_torch_topics_d128_bald_modal_non_mc_i2000_b20_q100_sf512_2 - INFO - start step #83
2020-04-03 01:52:30,729 - exp_torch_topics_d128_bald_modal_non_mc_i2000_b20_q100_sf512_2 - INFO - query idx: [ 4880 13429 90111 72691  2394 85405 48114 25744 63918 98157 70579 49341
 26284 39871 87572 67342 78368 94574 84338 39456]
2020-04-03 01:52:33,186 - exp_torch_topics_d128_bald_modal_non_mc_i2000_b20_q100_sf512_2 - INFO - finish step #83 for 24.43748712539673 sec
2020-04-03 01:52:33,186 - exp_torch_topics_d128_bald_modal_non_mc_i2000_b20_q100_sf512_2 - INFO - current val_accuracy: 0.4946578366445916
2020-04-03 01:52:33,186 - exp_torch_topics_d128_bald_modal_non_mc_i2000_b20_q100_sf512_2 - INFO - start step #84
2020-04-03 01:52:55,167 - exp_torch_topics_d128_bald_modal_non_mc_i2000_b20_q100_sf512_2 - INFO - query idx: [90443 15725 63702 75012 22670  2458 10396 53805 17226 94970 24567 16823
 72425 86313   791 41002 82046 50061 40462 91449]
2020-04-03 01:52:57,617 - exp_torch_topics_d128_bald_modal_non_mc_i2000_b20_q100_sf512_2 - INFO - finish step #84 for 24.430501222610474 sec
2020-04-03 01:52:57,617 - exp_torch_topics_d128_bald_modal_non_mc_i2000_b20_q100_sf512_2 - INFO - current val_accuracy: 0.49648270787343635
2020-04-03 01:52:57,617 - exp_torch_topics_d128_bald_modal_non_mc_i2000_b20_q100_sf512_2 - INFO - start step #85
2020-04-03 01:53:19,605 - exp_torch_topics_d128_bald_modal_non_mc_i2000_b20_q100_sf512_2 - INFO - query idx: [41564 70062 43950 48935 67462 15812 32411 39879 39805 32191 50868 44748
 57964 47955 86994 15391 86441 46097 28679 76810]
2020-04-03 01:53:22,040 - exp_torch_topics_d128_bald_modal_non_mc_i2000_b20_q100_sf512_2 - INFO - finish step #85 for 24.422087907791138 sec
2020-04-03 01:53:22,040 - exp_torch_topics_d128_bald_modal_non_mc_i2000_b20_q100_sf512_2 - INFO - current val_accuracy: 0.49509933774834436
2020-04-03 01:53:22,040 - exp_torch_topics_d128_bald_modal_non_mc_i2000_b20_q100_sf512_2 - INFO - start step #86
2020-04-03 01:53:43,862 - exp_torch_topics_d128_bald_modal_non_mc_i2000_b20_q100_sf512_2 - INFO - query idx: [72057 20668 42643 76683 24347 33297 70248 34578 58931 53371 86676 40168
 13223 24233 36746 24101 96218 30130 56819 49022]
2020-04-03 01:53:46,336 - exp_torch_topics_d128_bald_modal_non_mc_i2000_b20_q100_sf512_2 - INFO - finish step #86 for 24.29651188850403 sec
2020-04-03 01:53:46,337 - exp_torch_topics_d128_bald_modal_non_mc_i2000_b20_q100_sf512_2 - INFO - current val_accuracy: 0.4966887417218543
2020-04-03 01:53:46,337 - exp_torch_topics_d128_bald_modal_non_mc_i2000_b20_q100_sf512_2 - INFO - start step #87
2020-04-03 01:54:08,323 - exp_torch_topics_d128_bald_modal_non_mc_i2000_b20_q100_sf512_2 - INFO - query idx: [96738 57378  7149  6021  8379 73810 82770   653 50517  2360 39530   250
 89656 55114 20482 34914 59513 61125 84121 51422]
2020-04-03 01:54:10,800 - exp_torch_topics_d128_bald_modal_non_mc_i2000_b20_q100_sf512_2 - INFO - finish step #87 for 24.463139057159424 sec
2020-04-03 01:54:10,800 - exp_torch_topics_d128_bald_modal_non_mc_i2000_b20_q100_sf512_2 - INFO - current val_accuracy: 0.49695364238410594
2020-04-03 01:54:10,800 - exp_torch_topics_d128_bald_modal_non_mc_i2000_b20_q100_sf512_2 - INFO - start step #88
2020-04-03 01:54:32,717 - exp_torch_topics_d128_bald_modal_non_mc_i2000_b20_q100_sf512_2 - INFO - query idx: [63885 74736 24788 31376 59984 24871 95084 26560 81851 51840 40185 33032
 55098 70052 46747 87568 78192 38196 88828 33280]
2020-04-03 01:54:35,189 - exp_torch_topics_d128_bald_modal_non_mc_i2000_b20_q100_sf512_2 - INFO - finish step #88 for 24.388328075408936 sec
2020-04-03 01:54:35,189 - exp_torch_topics_d128_bald_modal_non_mc_i2000_b20_q100_sf512_2 - INFO - current val_accuracy: 0.5018395879323032
2020-04-03 01:54:35,189 - exp_torch_topics_d128_bald_modal_non_mc_i2000_b20_q100_sf512_2 - INFO - start step #89
2020-04-03 01:54:56,988 - exp_torch_topics_d128_bald_modal_non_mc_i2000_b20_q100_sf512_2 - INFO - query idx: [61825 94889 16728 85775 80562 46678  4688  8810 70649 54350 84914 94718
 39253 95081  3431 73833 94967 83029 56669 38571]
2020-04-03 01:54:59,463 - exp_torch_topics_d128_bald_modal_non_mc_i2000_b20_q100_sf512_2 - INFO - finish step #89 for 24.27371621131897 sec
2020-04-03 01:54:59,463 - exp_torch_topics_d128_bald_modal_non_mc_i2000_b20_q100_sf512_2 - INFO - current val_accuracy: 0.49839587932303164
2020-04-03 01:54:59,463 - exp_torch_topics_d128_bald_modal_non_mc_i2000_b20_q100_sf512_2 - INFO - start step #90
2020-04-03 01:55:21,448 - exp_torch_topics_d128_bald_modal_non_mc_i2000_b20_q100_sf512_2 - INFO - query idx: [60386 69248 11370 88448 71094 26616 91186 57892 82129 15627 64014 55722
  4783 24584 92328 71515 46371 73846 39056 92983]
2020-04-03 01:55:23,945 - exp_torch_topics_d128_bald_modal_non_mc_i2000_b20_q100_sf512_2 - INFO - finish step #90 for 24.481318950653076 sec
2020-04-03 01:55:23,945 - exp_torch_topics_d128_bald_modal_non_mc_i2000_b20_q100_sf512_2 - INFO - current val_accuracy: 0.5003090507726269
2020-04-03 01:55:23,945 - exp_torch_topics_d128_bald_modal_non_mc_i2000_b20_q100_sf512_2 - INFO - start step #91
2020-04-03 01:55:46,044 - exp_torch_topics_d128_bald_modal_non_mc_i2000_b20_q100_sf512_2 - INFO - query idx: [81413 37622 82637 18160 30319 37360 18626 97385 85207 73867 37344 29998
 51188 96198 16507 97335 80770  2450 66374 74566]
2020-04-03 01:55:48,534 - exp_torch_topics_d128_bald_modal_non_mc_i2000_b20_q100_sf512_2 - INFO - finish step #91 for 24.58920192718506 sec
2020-04-03 01:55:48,534 - exp_torch_topics_d128_bald_modal_non_mc_i2000_b20_q100_sf512_2 - INFO - current val_accuracy: 0.4994260485651214
2020-04-03 01:55:48,535 - exp_torch_topics_d128_bald_modal_non_mc_i2000_b20_q100_sf512_2 - INFO - start step #92
2020-04-03 01:56:10,682 - exp_torch_topics_d128_bald_modal_non_mc_i2000_b20_q100_sf512_2 - INFO - query idx: [97045 75420 30443 47353 39233 35939 96699 11460 82287 85293 12631 10971
 68439 85270 23963 80463 81496  6820 34337 47327]
2020-04-03 01:56:13,195 - exp_torch_topics_d128_bald_modal_non_mc_i2000_b20_q100_sf512_2 - INFO - finish step #92 for 24.660319805145264 sec
2020-04-03 01:56:13,195 - exp_torch_topics_d128_bald_modal_non_mc_i2000_b20_q100_sf512_2 - INFO - current val_accuracy: 0.5023988226637234
2020-04-03 01:56:13,195 - exp_torch_topics_d128_bald_modal_non_mc_i2000_b20_q100_sf512_2 - INFO - start step #93
2020-04-03 01:56:35,084 - exp_torch_topics_d128_bald_modal_non_mc_i2000_b20_q100_sf512_2 - INFO - query idx: [95861 69082  4907  9115 80034 11289 45986 35051  8337 61219 86275  2258
 70750  1038 86581 87118  4909 14127 56771 20858]
2020-04-03 01:56:37,591 - exp_torch_topics_d128_bald_modal_non_mc_i2000_b20_q100_sf512_2 - INFO - finish step #93 for 24.395749807357788 sec
2020-04-03 01:56:37,591 - exp_torch_topics_d128_bald_modal_non_mc_i2000_b20_q100_sf512_2 - INFO - current val_accuracy: 0.5012214863870493
2020-04-03 01:56:37,592 - exp_torch_topics_d128_bald_modal_non_mc_i2000_b20_q100_sf512_2 - INFO - start step #94
2020-04-03 01:56:59,550 - exp_torch_topics_d128_bald_modal_non_mc_i2000_b20_q100_sf512_2 - INFO - query idx: [87973 31856 82517 67322  3435 45252 25365 26963 42947 83208 56360 18126
  7522 29644 59006 65849 42663 27835 76155   487]
2020-04-03 01:57:01,988 - exp_torch_topics_d128_bald_modal_non_mc_i2000_b20_q100_sf512_2 - INFO - finish step #94 for 24.396453142166138 sec
2020-04-03 01:57:01,988 - exp_torch_topics_d128_bald_modal_non_mc_i2000_b20_q100_sf512_2 - INFO - current val_accuracy: 0.5008977189109639
2020-04-03 01:57:01,988 - exp_torch_topics_d128_bald_modal_non_mc_i2000_b20_q100_sf512_2 - INFO - start step #95
2020-04-03 01:57:23,983 - exp_torch_topics_d128_bald_modal_non_mc_i2000_b20_q100_sf512_2 - INFO - query idx: [ 6421 87801 12945 64677 48488 64619 71187 19923 52227 58928 55278 14976
 55220 45736 54272 76079 71800 33477  3445 84450]
2020-04-03 01:57:26,486 - exp_torch_topics_d128_bald_modal_non_mc_i2000_b20_q100_sf512_2 - INFO - finish step #95 for 24.497740030288696 sec
2020-04-03 01:57:26,486 - exp_torch_topics_d128_bald_modal_non_mc_i2000_b20_q100_sf512_2 - INFO - current val_accuracy: 0.5030169242089771
2020-04-03 01:57:26,487 - exp_torch_topics_d128_bald_modal_non_mc_i2000_b20_q100_sf512_2 - INFO - start step #96
2020-04-03 01:57:48,471 - exp_torch_topics_d128_bald_modal_non_mc_i2000_b20_q100_sf512_2 - INFO - query idx: [14974 35193 27051  2889 56184 79420 11307 42108 46493  5967 26737 72464
 32273 58421 45073 50100 58786 64581 79063   991]
2020-04-03 01:57:51,175 - exp_torch_topics_d128_bald_modal_non_mc_i2000_b20_q100_sf512_2 - INFO - finish step #96 for 24.688605070114136 sec
2020-04-03 01:57:51,176 - exp_torch_topics_d128_bald_modal_non_mc_i2000_b20_q100_sf512_2 - INFO - current val_accuracy: 0.49945548197203826
2020-04-03 01:57:51,176 - exp_torch_topics_d128_bald_modal_non_mc_i2000_b20_q100_sf512_2 - INFO - start step #97
2020-04-03 01:58:13,310 - exp_torch_topics_d128_bald_modal_non_mc_i2000_b20_q100_sf512_2 - INFO - query idx: [84406 74187 83450 37242   527 49023 44519 35657 89873  7586 77061 14399
 53407 88441 26986 28983 59562 64899 22175 96026]
2020-04-03 01:58:15,797 - exp_torch_topics_d128_bald_modal_non_mc_i2000_b20_q100_sf512_2 - INFO - finish step #97 for 24.62155294418335 sec
2020-04-03 01:58:15,798 - exp_torch_topics_d128_bald_modal_non_mc_i2000_b20_q100_sf512_2 - INFO - current val_accuracy: 0.5002501839587933
2020-04-03 01:58:15,798 - exp_torch_topics_d128_bald_modal_non_mc_i2000_b20_q100_sf512_2 - INFO - start step #98
2020-04-03 01:58:37,856 - exp_torch_topics_d128_bald_modal_non_mc_i2000_b20_q100_sf512_2 - INFO - query idx: [89500 37261 40126 83688 33111 54013 41332 87657  8202 30069  5460 87511
 76758  4168 71243 48519   947 36596 37743 33271]
2020-04-03 01:58:40,347 - exp_torch_topics_d128_bald_modal_non_mc_i2000_b20_q100_sf512_2 - INFO - finish step #98 for 24.54872989654541 sec
2020-04-03 01:58:40,347 - exp_torch_topics_d128_bald_modal_non_mc_i2000_b20_q100_sf512_2 - INFO - current val_accuracy: 0.5005445180279617
2020-04-03 01:58:40,347 - exp_torch_topics_d128_bald_modal_non_mc_i2000_b20_q100_sf512_2 - INFO - start step #99
2020-04-03 01:59:02,417 - exp_torch_topics_d128_bald_modal_non_mc_i2000_b20_q100_sf512_2 - INFO - query idx: [59976 48546 80297 97488 91924 21984 71311 31898  9286 13882 65673 20787
 66622 55033 88982  8412 32191 86045 88805 40759]
2020-04-03 01:59:04,897 - exp_torch_topics_d128_bald_modal_non_mc_i2000_b20_q100_sf512_2 - INFO - finish step #99 for 24.549695014953613 sec
2020-04-03 01:59:04,897 - exp_torch_topics_d128_bald_modal_non_mc_i2000_b20_q100_sf512_2 - INFO - current val_accuracy: 0.502075055187638
2020-04-03 01:59:04,897 - exp_torch_topics_d128_bald_modal_non_mc_i2000_b20_q100_sf512_2 - INFO - finish experiment process for 2530.85720205307 sec
