2020-03-29 19:14:01,299 - exp_torch_topics_d128_passive_i2000_b20_q100_up512_4 - INFO - start experiment process
2020-03-29 19:14:07,886 - exp_torch_topics_d128_passive_i2000_b20_q100_up512_4 - INFO - initial val_accuracy: 0.4485062545989698
2020-03-29 19:14:07,887 - exp_torch_topics_d128_passive_i2000_b20_q100_up512_4 - INFO - start step #0
2020-03-29 19:14:07,925 - exp_torch_topics_d128_passive_i2000_b20_q100_up512_4 - INFO - query idx: [39593 20789 95465 42112 58506 50060 13070  1168 20322 50763 58262 47182
 23307 87307 77814 23400 22128 80405 28650 78531]
2020-03-29 19:14:16,308 - exp_torch_topics_d128_passive_i2000_b20_q100_up512_4 - INFO - finish step #0 for 8.420852899551392 sec
2020-03-29 19:14:16,311 - exp_torch_topics_d128_passive_i2000_b20_q100_up512_4 - INFO - current val_accuracy: 0.4481824871228845
2020-03-29 19:14:16,311 - exp_torch_topics_d128_passive_i2000_b20_q100_up512_4 - INFO - start step #1
2020-03-29 19:14:16,312 - exp_torch_topics_d128_passive_i2000_b20_q100_up512_4 - INFO - query idx: [30579 22956 51961 57009 32534 75957 79528 53787 72742 26617 45285   939
 43704 13551 87182 25900 99144 24141 96651 32450]
2020-03-29 19:14:19,634 - exp_torch_topics_d128_passive_i2000_b20_q100_up512_4 - INFO - finish step #1 for 3.3231558799743652 sec
2020-03-29 19:14:19,635 - exp_torch_topics_d128_passive_i2000_b20_q100_up512_4 - INFO - current val_accuracy: 0.44891832229580575
2020-03-29 19:14:19,635 - exp_torch_topics_d128_passive_i2000_b20_q100_up512_4 - INFO - start step #2
2020-03-29 19:14:19,635 - exp_torch_topics_d128_passive_i2000_b20_q100_up512_4 - INFO - query idx: [50636 38496 85989 25292 95876 75611  3552 77115 74103 93011 34297  7996
 94794 15551 82635 69337 47908 67423 40191 77808]
2020-03-29 19:14:22,277 - exp_torch_topics_d128_passive_i2000_b20_q100_up512_4 - INFO - finish step #2 for 2.6418042182922363 sec
2020-03-29 19:14:22,277 - exp_torch_topics_d128_passive_i2000_b20_q100_up512_4 - INFO - current val_accuracy: 0.44485651214128036
2020-03-29 19:14:22,277 - exp_torch_topics_d128_passive_i2000_b20_q100_up512_4 - INFO - start step #3
2020-03-29 19:14:22,277 - exp_torch_topics_d128_passive_i2000_b20_q100_up512_4 - INFO - query idx: [77045 12931 49301 77335 70177 82923  5230 59261  5297 83144 34766 93447
 75640 28600 14129 48930 77926 23876 47474 55068]
2020-03-29 19:14:25,480 - exp_torch_topics_d128_passive_i2000_b20_q100_up512_4 - INFO - finish step #3 for 3.2034428119659424 sec
2020-03-29 19:14:25,481 - exp_torch_topics_d128_passive_i2000_b20_q100_up512_4 - INFO - current val_accuracy: 0.4458278145695364
2020-03-29 19:14:25,481 - exp_torch_topics_d128_passive_i2000_b20_q100_up512_4 - INFO - start step #4
2020-03-29 19:14:25,481 - exp_torch_topics_d128_passive_i2000_b20_q100_up512_4 - INFO - query idx: [94655 10044 27361 14919 51830 16267 77423 57548 14177 88738 43900 82066
 76541 54211 90342  4760 81066 31630 69906 24899]
2020-03-29 19:14:28,294 - exp_torch_topics_d128_passive_i2000_b20_q100_up512_4 - INFO - finish step #4 for 2.813563108444214 sec
2020-03-29 19:14:28,295 - exp_torch_topics_d128_passive_i2000_b20_q100_up512_4 - INFO - current val_accuracy: 0.45053715967623253
2020-03-29 19:14:28,295 - exp_torch_topics_d128_passive_i2000_b20_q100_up512_4 - INFO - start step #5
2020-03-29 19:14:28,296 - exp_torch_topics_d128_passive_i2000_b20_q100_up512_4 - INFO - query idx: [51382 73143 25673 69550  3494 51081 22582 88569 54089 21632 30022 86490
 27727 38924 39898 85968 15116 95195 13160 38732]
2020-03-29 19:14:31,004 - exp_torch_topics_d128_passive_i2000_b20_q100_up512_4 - INFO - finish step #5 for 2.7082200050354004 sec
2020-03-29 19:14:31,004 - exp_torch_topics_d128_passive_i2000_b20_q100_up512_4 - INFO - current val_accuracy: 0.4528623988226637
2020-03-29 19:14:31,004 - exp_torch_topics_d128_passive_i2000_b20_q100_up512_4 - INFO - start step #6
2020-03-29 19:14:31,004 - exp_torch_topics_d128_passive_i2000_b20_q100_up512_4 - INFO - query idx: [86807 24396 89064  4372 56862 60869 45880 55536 42648 47019 84371 17318
 39867 59492 91120 99007 49048 16911 79776 18167]
2020-03-29 19:14:33,639 - exp_torch_topics_d128_passive_i2000_b20_q100_up512_4 - INFO - finish step #6 for 2.6354169845581055 sec
2020-03-29 19:14:33,640 - exp_torch_topics_d128_passive_i2000_b20_q100_up512_4 - INFO - current val_accuracy: 0.45648270787343637
2020-03-29 19:14:33,640 - exp_torch_topics_d128_passive_i2000_b20_q100_up512_4 - INFO - start step #7
2020-03-29 19:14:33,640 - exp_torch_topics_d128_passive_i2000_b20_q100_up512_4 - INFO - query idx: [27322 66893 36098 13247 30072 60845 41723 32250 63631  1386 60852 18174
 19840 88132 80692 44343 89372 27866 31175 27712]
2020-03-29 19:14:36,320 - exp_torch_topics_d128_passive_i2000_b20_q100_up512_4 - INFO - finish step #7 for 2.6802899837493896 sec
2020-03-29 19:14:36,320 - exp_torch_topics_d128_passive_i2000_b20_q100_up512_4 - INFO - current val_accuracy: 0.45742457689477556
2020-03-29 19:14:36,320 - exp_torch_topics_d128_passive_i2000_b20_q100_up512_4 - INFO - start step #8
2020-03-29 19:14:36,321 - exp_torch_topics_d128_passive_i2000_b20_q100_up512_4 - INFO - query idx: [16103 97599 34764 24266 77762 63521 72775 43518 94238  9580 45318 67859
 37977 12651 87053  7225 56404 68948 18576 13105]
2020-03-29 19:14:39,099 - exp_torch_topics_d128_passive_i2000_b20_q100_up512_4 - INFO - finish step #8 for 2.7787671089172363 sec
2020-03-29 19:14:39,100 - exp_torch_topics_d128_passive_i2000_b20_q100_up512_4 - INFO - current val_accuracy: 0.4563355408388521
2020-03-29 19:14:39,100 - exp_torch_topics_d128_passive_i2000_b20_q100_up512_4 - INFO - start step #9
2020-03-29 19:14:39,100 - exp_torch_topics_d128_passive_i2000_b20_q100_up512_4 - INFO - query idx: [64921 35632 80671 49331 72031 41481 52719 72014 85645 46789 58487  7411
 33141 74877 74535 10468 26033 17372 86911 54782]
2020-03-29 19:14:41,800 - exp_torch_topics_d128_passive_i2000_b20_q100_up512_4 - INFO - finish step #9 for 2.6996541023254395 sec
2020-03-29 19:14:41,800 - exp_torch_topics_d128_passive_i2000_b20_q100_up512_4 - INFO - current val_accuracy: 0.4590139808682855
2020-03-29 19:14:41,800 - exp_torch_topics_d128_passive_i2000_b20_q100_up512_4 - INFO - start step #10
2020-03-29 19:14:41,801 - exp_torch_topics_d128_passive_i2000_b20_q100_up512_4 - INFO - query idx: [80801  8414 97590 75011 86908 92210 63877 60293 91550 27760 13356 63559
 96080 83652 54409 41879 76172 61096 55836 25954]
2020-03-29 19:14:44,697 - exp_torch_topics_d128_passive_i2000_b20_q100_up512_4 - INFO - finish step #10 for 2.896559953689575 sec
2020-03-29 19:14:44,697 - exp_torch_topics_d128_passive_i2000_b20_q100_up512_4 - INFO - current val_accuracy: 0.457924944812362
2020-03-29 19:14:44,697 - exp_torch_topics_d128_passive_i2000_b20_q100_up512_4 - INFO - start step #11
2020-03-29 19:14:44,698 - exp_torch_topics_d128_passive_i2000_b20_q100_up512_4 - INFO - query idx: [65654 59185 10385 62437  7832 77589 36974 51645 76287   190 72573 57185
 21374 97145 58065 14635 30135 67421 67107 61636]
2020-03-29 19:14:47,471 - exp_torch_topics_d128_passive_i2000_b20_q100_up512_4 - INFO - finish step #11 for 2.7740631103515625 sec
2020-03-29 19:14:47,472 - exp_torch_topics_d128_passive_i2000_b20_q100_up512_4 - INFO - current val_accuracy: 0.44953642384105963
2020-03-29 19:14:47,473 - exp_torch_topics_d128_passive_i2000_b20_q100_up512_4 - INFO - start step #12
2020-03-29 19:14:47,473 - exp_torch_topics_d128_passive_i2000_b20_q100_up512_4 - INFO - query idx: [91000 56345 26730 30119 75118 29475   238 89988  8765 61917 69008 73034
 66556 89496 48747 82621 77811 88700 88988 88961]
2020-03-29 19:14:50,123 - exp_torch_topics_d128_passive_i2000_b20_q100_up512_4 - INFO - finish step #12 for 2.650723695755005 sec
2020-03-29 19:14:50,124 - exp_torch_topics_d128_passive_i2000_b20_q100_up512_4 - INFO - current val_accuracy: 0.4529212656364974
2020-03-29 19:14:50,124 - exp_torch_topics_d128_passive_i2000_b20_q100_up512_4 - INFO - start step #13
2020-03-29 19:14:50,124 - exp_torch_topics_d128_passive_i2000_b20_q100_up512_4 - INFO - query idx: [11068 89675 31388 22416 11753  2472 66834 42324  1062 72337 90463 10085
 53902 25519 19201 74970 77872 34058 41865 22974]
2020-03-29 19:14:52,847 - exp_torch_topics_d128_passive_i2000_b20_q100_up512_4 - INFO - finish step #13 for 2.7227818965911865 sec
2020-03-29 19:14:52,847 - exp_torch_topics_d128_passive_i2000_b20_q100_up512_4 - INFO - current val_accuracy: 0.4565710080941869
2020-03-29 19:14:52,847 - exp_torch_topics_d128_passive_i2000_b20_q100_up512_4 - INFO - start step #14
2020-03-29 19:14:52,847 - exp_torch_topics_d128_passive_i2000_b20_q100_up512_4 - INFO - query idx: [80871 83770  5163 79081 52594 97980  7259 13537 14822 46759 19683 26254
 67950   886 25443 79950 39273 84771 31129 88311]
2020-03-29 19:14:55,927 - exp_torch_topics_d128_passive_i2000_b20_q100_up512_4 - INFO - finish step #14 for 3.0795180797576904 sec
2020-03-29 19:14:55,927 - exp_torch_topics_d128_passive_i2000_b20_q100_up512_4 - INFO - current val_accuracy: 0.45445180279617364
2020-03-29 19:14:55,927 - exp_torch_topics_d128_passive_i2000_b20_q100_up512_4 - INFO - start step #15
2020-03-29 19:14:55,928 - exp_torch_topics_d128_passive_i2000_b20_q100_up512_4 - INFO - query idx: [60664  9874 73709 88560 52636 63051 63462 22634 48575 36502 95527 35264
 43961 88355 31897 31123 72270 72753 53514  4621]
2020-03-29 19:14:58,923 - exp_torch_topics_d128_passive_i2000_b20_q100_up512_4 - INFO - finish step #15 for 2.9956092834472656 sec
2020-03-29 19:14:58,923 - exp_torch_topics_d128_passive_i2000_b20_q100_up512_4 - INFO - current val_accuracy: 0.45403973509933776
2020-03-29 19:14:58,923 - exp_torch_topics_d128_passive_i2000_b20_q100_up512_4 - INFO - start step #16
2020-03-29 19:14:58,924 - exp_torch_topics_d128_passive_i2000_b20_q100_up512_4 - INFO - query idx: [83561 47094 44243  1247 58003 16567 42938 70913 79827  1753 81030 44412
 22224 74593 25718 29086 46151  4988 69632 17753]
2020-03-29 19:15:01,638 - exp_torch_topics_d128_passive_i2000_b20_q100_up512_4 - INFO - finish step #16 for 2.7144429683685303 sec
2020-03-29 19:15:01,638 - exp_torch_topics_d128_passive_i2000_b20_q100_up512_4 - INFO - current val_accuracy: 0.45671817512877116
2020-03-29 19:15:01,638 - exp_torch_topics_d128_passive_i2000_b20_q100_up512_4 - INFO - start step #17
2020-03-29 19:15:01,639 - exp_torch_topics_d128_passive_i2000_b20_q100_up512_4 - INFO - query idx: [96926 64735 46048  8648 52888 42035 89772 12108 86825 42560 38127 47220
 34322 77119 12504  1183  3992 80646 95186 40144]
2020-03-29 19:15:04,486 - exp_torch_topics_d128_passive_i2000_b20_q100_up512_4 - INFO - finish step #17 for 2.8478667736053467 sec
2020-03-29 19:15:04,487 - exp_torch_topics_d128_passive_i2000_b20_q100_up512_4 - INFO - current val_accuracy: 0.46066225165562913
2020-03-29 19:15:04,488 - exp_torch_topics_d128_passive_i2000_b20_q100_up512_4 - INFO - start step #18
2020-03-29 19:15:04,488 - exp_torch_topics_d128_passive_i2000_b20_q100_up512_4 - INFO - query idx: [60285 25288 34477 77785  8216 25486 28815 76239 50739 24875 86540  7352
 33547 37118 62735 94554 16187  6509 88213 32166]
2020-03-29 19:15:07,369 - exp_torch_topics_d128_passive_i2000_b20_q100_up512_4 - INFO - finish step #18 for 2.8808939456939697 sec
2020-03-29 19:15:07,369 - exp_torch_topics_d128_passive_i2000_b20_q100_up512_4 - INFO - current val_accuracy: 0.45683590875643854
2020-03-29 19:15:07,369 - exp_torch_topics_d128_passive_i2000_b20_q100_up512_4 - INFO - start step #19
2020-03-29 19:15:07,369 - exp_torch_topics_d128_passive_i2000_b20_q100_up512_4 - INFO - query idx: [47906 40531 97567 40542  9798 25569 24558  4058 49312 58521 86841 30376
 53896 51900 42569 68214 66287  6707 32985 68001]
2020-03-29 19:15:09,982 - exp_torch_topics_d128_passive_i2000_b20_q100_up512_4 - INFO - finish step #19 for 2.6128692626953125 sec
2020-03-29 19:15:09,982 - exp_torch_topics_d128_passive_i2000_b20_q100_up512_4 - INFO - current val_accuracy: 0.4602207505518764
2020-03-29 19:15:09,982 - exp_torch_topics_d128_passive_i2000_b20_q100_up512_4 - INFO - start step #20
2020-03-29 19:15:09,983 - exp_torch_topics_d128_passive_i2000_b20_q100_up512_4 - INFO - query idx: [29312 87215 67775 16541 17186 80909 49982 65244 84214 36736 11077 12417
 34894 23503 34510 92164 19703 84095 53943 37083]
2020-03-29 19:15:12,731 - exp_torch_topics_d128_passive_i2000_b20_q100_up512_4 - INFO - finish step #20 for 2.7485711574554443 sec
2020-03-29 19:15:12,731 - exp_torch_topics_d128_passive_i2000_b20_q100_up512_4 - INFO - current val_accuracy: 0.45874908020603383
2020-03-29 19:15:12,732 - exp_torch_topics_d128_passive_i2000_b20_q100_up512_4 - INFO - start step #21
2020-03-29 19:15:12,732 - exp_torch_topics_d128_passive_i2000_b20_q100_up512_4 - INFO - query idx: [86942 49188 74095 45501 75407  2699 30073 29460 89158 49406  7124 23741
 23080 98398 88698 21794 45267 38894 64458  3801]
2020-03-29 19:15:15,322 - exp_torch_topics_d128_passive_i2000_b20_q100_up512_4 - INFO - finish step #21 for 2.590461015701294 sec
2020-03-29 19:15:15,322 - exp_torch_topics_d128_passive_i2000_b20_q100_up512_4 - INFO - current val_accuracy: 0.4582487122884474
2020-03-29 19:15:15,323 - exp_torch_topics_d128_passive_i2000_b20_q100_up512_4 - INFO - start step #22
2020-03-29 19:15:15,323 - exp_torch_topics_d128_passive_i2000_b20_q100_up512_4 - INFO - query idx: [39731  4407 21909 63180 44804 18793  9422 35099 16813 75249 16953 51536
 75172 91927 59690 20641 45513 98238 46455 55909]
2020-03-29 19:15:18,154 - exp_torch_topics_d128_passive_i2000_b20_q100_up512_4 - INFO - finish step #22 for 2.8308961391448975 sec
2020-03-29 19:15:18,154 - exp_torch_topics_d128_passive_i2000_b20_q100_up512_4 - INFO - current val_accuracy: 0.462663723325975
2020-03-29 19:15:18,154 - exp_torch_topics_d128_passive_i2000_b20_q100_up512_4 - INFO - start step #23
2020-03-29 19:15:18,154 - exp_torch_topics_d128_passive_i2000_b20_q100_up512_4 - INFO - query idx: [42554 12520 72995 52824 87181  9847 35853 93895 35967 64109 84401 86798
 37414  8018 80577 64269 44647 47439 82913 11713]
2020-03-29 19:15:20,849 - exp_torch_topics_d128_passive_i2000_b20_q100_up512_4 - INFO - finish step #23 for 2.6951639652252197 sec
2020-03-29 19:15:20,849 - exp_torch_topics_d128_passive_i2000_b20_q100_up512_4 - INFO - current val_accuracy: 0.46225165562913906
2020-03-29 19:15:20,849 - exp_torch_topics_d128_passive_i2000_b20_q100_up512_4 - INFO - start step #24
2020-03-29 19:15:20,850 - exp_torch_topics_d128_passive_i2000_b20_q100_up512_4 - INFO - query idx: [49460 30787 44782 16970 13157 97083 53674 47436 47961 63754 31916 56916
 29480 98575 39303 45269 17529 38697 52770 36661]
2020-03-29 19:15:23,536 - exp_torch_topics_d128_passive_i2000_b20_q100_up512_4 - INFO - finish step #24 for 2.686892032623291 sec
2020-03-29 19:15:23,537 - exp_torch_topics_d128_passive_i2000_b20_q100_up512_4 - INFO - current val_accuracy: 0.45727740986019133
2020-03-29 19:15:23,537 - exp_torch_topics_d128_passive_i2000_b20_q100_up512_4 - INFO - start step #25
2020-03-29 19:15:23,537 - exp_torch_topics_d128_passive_i2000_b20_q100_up512_4 - INFO - query idx: [77401 16753 90630 48813 45466  3783 37859 21941 56212 96464 77609 15680
 49261 90926 33068 74529 54444 68759 60617 84564]
2020-03-29 19:15:26,161 - exp_torch_topics_d128_passive_i2000_b20_q100_up512_4 - INFO - finish step #25 for 2.624549150466919 sec
2020-03-29 19:15:26,162 - exp_torch_topics_d128_passive_i2000_b20_q100_up512_4 - INFO - current val_accuracy: 0.4630757910228109
2020-03-29 19:15:26,162 - exp_torch_topics_d128_passive_i2000_b20_q100_up512_4 - INFO - start step #26
2020-03-29 19:15:26,162 - exp_torch_topics_d128_passive_i2000_b20_q100_up512_4 - INFO - query idx: [99384 58442 96140  7466 70384 10482 98412 43160 96484  3857 41013 85238
 54131 96645 96456 16087  2704    48 83403 35171]
2020-03-29 19:15:28,919 - exp_torch_topics_d128_passive_i2000_b20_q100_up512_4 - INFO - finish step #26 for 2.757676124572754 sec
2020-03-29 19:15:28,920 - exp_torch_topics_d128_passive_i2000_b20_q100_up512_4 - INFO - current val_accuracy: 0.4676379690949227
2020-03-29 19:15:28,920 - exp_torch_topics_d128_passive_i2000_b20_q100_up512_4 - INFO - start step #27
2020-03-29 19:15:28,920 - exp_torch_topics_d128_passive_i2000_b20_q100_up512_4 - INFO - query idx: [23210 40671 96407 96432 93242 69904 77336 56395 51965 14061 62548  7710
 65487  3004  5116 70251 74943 35773 53200 29701]
2020-03-29 19:15:31,719 - exp_torch_topics_d128_passive_i2000_b20_q100_up512_4 - INFO - finish step #27 for 2.7993180751800537 sec
2020-03-29 19:15:31,720 - exp_torch_topics_d128_passive_i2000_b20_q100_up512_4 - INFO - current val_accuracy: 0.4683149374540103
2020-03-29 19:15:31,720 - exp_torch_topics_d128_passive_i2000_b20_q100_up512_4 - INFO - start step #28
2020-03-29 19:15:31,721 - exp_torch_topics_d128_passive_i2000_b20_q100_up512_4 - INFO - query idx: [52016 75382 43875 27272 68183 56783 71136 10954 81924 66506 19088  8888
 32680  9042 46304 53816 56367 41819 20882 49142]
2020-03-29 19:15:34,380 - exp_torch_topics_d128_passive_i2000_b20_q100_up512_4 - INFO - finish step #28 for 2.6598682403564453 sec
2020-03-29 19:15:34,381 - exp_torch_topics_d128_passive_i2000_b20_q100_up512_4 - INFO - current val_accuracy: 0.4661662987490802
2020-03-29 19:15:34,381 - exp_torch_topics_d128_passive_i2000_b20_q100_up512_4 - INFO - start step #29
2020-03-29 19:15:34,381 - exp_torch_topics_d128_passive_i2000_b20_q100_up512_4 - INFO - query idx: [86772 97819 49309 73141 44599 65993 73859 84792 72427 34833 85924 42498
 94661 85184 32865  5016 80396 63056 70733 53057]
2020-03-29 19:15:37,058 - exp_torch_topics_d128_passive_i2000_b20_q100_up512_4 - INFO - finish step #29 for 2.676959991455078 sec
2020-03-29 19:15:37,058 - exp_torch_topics_d128_passive_i2000_b20_q100_up512_4 - INFO - current val_accuracy: 0.46387049300956584
2020-03-29 19:15:37,058 - exp_torch_topics_d128_passive_i2000_b20_q100_up512_4 - INFO - start step #30
2020-03-29 19:15:37,058 - exp_torch_topics_d128_passive_i2000_b20_q100_up512_4 - INFO - query idx: [68337 79467 10589 82652 91474 15257 45756 81044 97296 35432 66594 50101
 82138 11936 83534  2661 74818 42107 78407 96150]
2020-03-29 19:15:39,752 - exp_torch_topics_d128_passive_i2000_b20_q100_up512_4 - INFO - finish step #30 for 2.693376064300537 sec
2020-03-29 19:15:39,752 - exp_torch_topics_d128_passive_i2000_b20_q100_up512_4 - INFO - current val_accuracy: 0.4686092715231788
2020-03-29 19:15:39,752 - exp_torch_topics_d128_passive_i2000_b20_q100_up512_4 - INFO - start step #31
2020-03-29 19:15:39,752 - exp_torch_topics_d128_passive_i2000_b20_q100_up512_4 - INFO - query idx: [17535 56063 94167 83970 23847 58835 64782 30621 36975 75760 38642 17824
 69087 22782 97853 79143 86730 24339 45088 71693]
2020-03-29 19:15:42,816 - exp_torch_topics_d128_passive_i2000_b20_q100_up512_4 - INFO - finish step #31 for 3.064579963684082 sec
2020-03-29 19:15:42,817 - exp_torch_topics_d128_passive_i2000_b20_q100_up512_4 - INFO - current val_accuracy: 0.4674908020603385
2020-03-29 19:15:42,817 - exp_torch_topics_d128_passive_i2000_b20_q100_up512_4 - INFO - start step #32
2020-03-29 19:15:42,817 - exp_torch_topics_d128_passive_i2000_b20_q100_up512_4 - INFO - query idx: [56584 70470 54602 40922 20362 87791 36331 22343 87345 93372 28579 10329
 96032 24538 11561 36133 11727 67537 63330 37873]
2020-03-29 19:15:45,662 - exp_torch_topics_d128_passive_i2000_b20_q100_up512_4 - INFO - finish step #32 for 2.8451709747314453 sec
2020-03-29 19:15:45,663 - exp_torch_topics_d128_passive_i2000_b20_q100_up512_4 - INFO - current val_accuracy: 0.4705813097866078
2020-03-29 19:15:45,663 - exp_torch_topics_d128_passive_i2000_b20_q100_up512_4 - INFO - start step #33
2020-03-29 19:15:45,663 - exp_torch_topics_d128_passive_i2000_b20_q100_up512_4 - INFO - query idx: [92730 36362 24999 21327 87485 11405 93610 77540 77571 56018 73871 62603
 96165 60214 10620 54639 82552 42708 48420 71458]
2020-03-29 19:15:48,284 - exp_torch_topics_d128_passive_i2000_b20_q100_up512_4 - INFO - finish step #33 for 2.6209280490875244 sec
2020-03-29 19:15:48,284 - exp_torch_topics_d128_passive_i2000_b20_q100_up512_4 - INFO - current val_accuracy: 0.46952170713760116
2020-03-29 19:15:48,284 - exp_torch_topics_d128_passive_i2000_b20_q100_up512_4 - INFO - start step #34
2020-03-29 19:15:48,285 - exp_torch_topics_d128_passive_i2000_b20_q100_up512_4 - INFO - query idx: [84965 24161 57049 34580 25292 59169 22435 28449 46461 29637  3820 69328
 90435 43900 72986  8089 60880 74498 28280 68233]
2020-03-29 19:15:51,104 - exp_torch_topics_d128_passive_i2000_b20_q100_up512_4 - INFO - finish step #34 for 2.8197519779205322 sec
2020-03-29 19:15:51,182 - exp_torch_topics_d128_passive_i2000_b20_q100_up512_4 - INFO - current val_accuracy: 0.47175864606328183
2020-03-29 19:15:51,182 - exp_torch_topics_d128_passive_i2000_b20_q100_up512_4 - INFO - start step #35
2020-03-29 19:15:51,183 - exp_torch_topics_d128_passive_i2000_b20_q100_up512_4 - INFO - query idx: [ 7489 23400 12313 38360 25304 47543 95302 54340 16443 42376 60908 15316
 10174 88231 86572 55727 99236 42045 91699  8301]
2020-03-29 19:15:53,963 - exp_torch_topics_d128_passive_i2000_b20_q100_up512_4 - INFO - finish step #35 for 2.7803447246551514 sec
2020-03-29 19:15:53,963 - exp_torch_topics_d128_passive_i2000_b20_q100_up512_4 - INFO - current val_accuracy: 0.4708167770419426
2020-03-29 19:15:53,963 - exp_torch_topics_d128_passive_i2000_b20_q100_up512_4 - INFO - start step #36
2020-03-29 19:15:53,964 - exp_torch_topics_d128_passive_i2000_b20_q100_up512_4 - INFO - query idx: [69221 38927 31381 55601 27703 51944 65123 75165 41217 42800 73650 62874
 56139 63388 91471 15522 59065 73954 71326 15474]
2020-03-29 19:15:56,614 - exp_torch_topics_d128_passive_i2000_b20_q100_up512_4 - INFO - finish step #36 for 2.6502583026885986 sec
2020-03-29 19:15:56,614 - exp_torch_topics_d128_passive_i2000_b20_q100_up512_4 - INFO - current val_accuracy: 0.47066961000735835
2020-03-29 19:15:56,614 - exp_torch_topics_d128_passive_i2000_b20_q100_up512_4 - INFO - start step #37
2020-03-29 19:15:56,615 - exp_torch_topics_d128_passive_i2000_b20_q100_up512_4 - INFO - query idx: [34332 57434 23112 67759 62553 28287 20816 93573 48011 50378 54849 80748
 14144 23907 64064 75153 36321 35419 15611 92611]
2020-03-29 19:15:59,462 - exp_torch_topics_d128_passive_i2000_b20_q100_up512_4 - INFO - finish step #37 for 2.8479502201080322 sec
2020-03-29 19:15:59,462 - exp_torch_topics_d128_passive_i2000_b20_q100_up512_4 - INFO - current val_accuracy: 0.467785136129507
2020-03-29 19:15:59,462 - exp_torch_topics_d128_passive_i2000_b20_q100_up512_4 - INFO - start step #38
2020-03-29 19:15:59,463 - exp_torch_topics_d128_passive_i2000_b20_q100_up512_4 - INFO - query idx: [22558 68811 49080 96118 64124 70570 10420 32569 13898 68137 89421 68891
 89212 77093 92456 51237 47756 54422 55202  2308]
2020-03-29 19:16:02,166 - exp_torch_topics_d128_passive_i2000_b20_q100_up512_4 - INFO - finish step #38 for 2.7034659385681152 sec
2020-03-29 19:16:02,166 - exp_torch_topics_d128_passive_i2000_b20_q100_up512_4 - INFO - current val_accuracy: 0.4724944812362031
2020-03-29 19:16:02,166 - exp_torch_topics_d128_passive_i2000_b20_q100_up512_4 - INFO - start step #39
2020-03-29 19:16:02,167 - exp_torch_topics_d128_passive_i2000_b20_q100_up512_4 - INFO - query idx: [91485 88348 74801 61728 60645 94332 53276 89804 91124 30766 22792 60749
 23760 57826 23709 93563 98130 64947 97435 27924]
2020-03-29 19:16:04,903 - exp_torch_topics_d128_passive_i2000_b20_q100_up512_4 - INFO - finish step #39 for 2.7368040084838867 sec
2020-03-29 19:16:04,903 - exp_torch_topics_d128_passive_i2000_b20_q100_up512_4 - INFO - current val_accuracy: 0.4748197203826343
2020-03-29 19:16:04,903 - exp_torch_topics_d128_passive_i2000_b20_q100_up512_4 - INFO - start step #40
2020-03-29 19:16:04,904 - exp_torch_topics_d128_passive_i2000_b20_q100_up512_4 - INFO - query idx: [87382 70181 89071 45707 20290 69957 69671 56569 29528  1464 19824 57198
 85986 10010 47865 52852 65889 88822 54789 80546]
2020-03-29 19:16:07,546 - exp_torch_topics_d128_passive_i2000_b20_q100_up512_4 - INFO - finish step #40 for 2.64235782623291 sec
2020-03-29 19:16:07,546 - exp_torch_topics_d128_passive_i2000_b20_q100_up512_4 - INFO - current val_accuracy: 0.4738484179543782
2020-03-29 19:16:07,546 - exp_torch_topics_d128_passive_i2000_b20_q100_up512_4 - INFO - start step #41
2020-03-29 19:16:07,547 - exp_torch_topics_d128_passive_i2000_b20_q100_up512_4 - INFO - query idx: [56440 48511 84705 84521 68328 70764 33299 52543 28656 26730 10253 23684
 42943 91958 16674 90827 57496 19055 54322 47973]
2020-03-29 19:16:10,334 - exp_torch_topics_d128_passive_i2000_b20_q100_up512_4 - INFO - finish step #41 for 2.787191152572632 sec
2020-03-29 19:16:10,334 - exp_torch_topics_d128_passive_i2000_b20_q100_up512_4 - INFO - current val_accuracy: 0.4758204562178072
2020-03-29 19:16:10,334 - exp_torch_topics_d128_passive_i2000_b20_q100_up512_4 - INFO - start step #42
2020-03-29 19:16:10,334 - exp_torch_topics_d128_passive_i2000_b20_q100_up512_4 - INFO - query idx: [53439 89911 91244 74691 17031 88431 80043 58750 26404 39145 23863 13063
 47984 23239 36225 44081 58208  4773 38852 75707]
2020-03-29 19:16:13,049 - exp_torch_topics_d128_passive_i2000_b20_q100_up512_4 - INFO - finish step #42 for 2.7152938842773438 sec
2020-03-29 19:16:13,049 - exp_torch_topics_d128_passive_i2000_b20_q100_up512_4 - INFO - current val_accuracy: 0.4777630610743194
2020-03-29 19:16:13,050 - exp_torch_topics_d128_passive_i2000_b20_q100_up512_4 - INFO - start step #43
2020-03-29 19:16:13,050 - exp_torch_topics_d128_passive_i2000_b20_q100_up512_4 - INFO - query idx: [15790 50414 59168 56546 26921 91580 58386 77157 30295 47681 67671 68749
 37705 32522 62635 89277 15454 11536 24508 91553]
2020-03-29 19:16:15,704 - exp_torch_topics_d128_passive_i2000_b20_q100_up512_4 - INFO - finish step #43 for 2.654013156890869 sec
2020-03-29 19:16:15,704 - exp_torch_topics_d128_passive_i2000_b20_q100_up512_4 - INFO - current val_accuracy: 0.48038263428991906
2020-03-29 19:16:15,704 - exp_torch_topics_d128_passive_i2000_b20_q100_up512_4 - INFO - start step #44
2020-03-29 19:16:15,704 - exp_torch_topics_d128_passive_i2000_b20_q100_up512_4 - INFO - query idx: [40930 17514 11390 31879 89747 58834 43017 91379 69242 61327 91039 45516
 75231 90783 87371 22980 89918 32212 53246 93616]
2020-03-29 19:16:18,295 - exp_torch_topics_d128_passive_i2000_b20_q100_up512_4 - INFO - finish step #44 for 2.591313123703003 sec
2020-03-29 19:16:18,296 - exp_torch_topics_d128_passive_i2000_b20_q100_up512_4 - INFO - current val_accuracy: 0.4789992641648271
2020-03-29 19:16:18,296 - exp_torch_topics_d128_passive_i2000_b20_q100_up512_4 - INFO - start step #45
2020-03-29 19:16:18,296 - exp_torch_topics_d128_passive_i2000_b20_q100_up512_4 - INFO - query idx: [ 6156 70834 32999 65929 43281 25576 22337 70120 74411 38998 41495 46884
 59969 46929 51957  6394 78445 33704 92194  3693]
2020-03-29 19:16:21,016 - exp_torch_topics_d128_passive_i2000_b20_q100_up512_4 - INFO - finish step #45 for 2.7200841903686523 sec
2020-03-29 19:16:21,016 - exp_torch_topics_d128_passive_i2000_b20_q100_up512_4 - INFO - current val_accuracy: 0.4804120676968359
2020-03-29 19:16:21,016 - exp_torch_topics_d128_passive_i2000_b20_q100_up512_4 - INFO - start step #46
2020-03-29 19:16:21,017 - exp_torch_topics_d128_passive_i2000_b20_q100_up512_4 - INFO - query idx: [89468 47560 43768 35123 88072 91853 37345 74957 31713  8528 89483 36890
 72155 43900 12802 31647 49691 95190 57273 29172]
2020-03-29 19:16:23,732 - exp_torch_topics_d128_passive_i2000_b20_q100_up512_4 - INFO - finish step #46 for 2.715620279312134 sec
2020-03-29 19:16:23,732 - exp_torch_topics_d128_passive_i2000_b20_q100_up512_4 - INFO - current val_accuracy: 0.4789992641648271
2020-03-29 19:16:23,732 - exp_torch_topics_d128_passive_i2000_b20_q100_up512_4 - INFO - start step #47
2020-03-29 19:16:23,733 - exp_torch_topics_d128_passive_i2000_b20_q100_up512_4 - INFO - query idx: [59394 84181 64446 30594 71399 64721 91234 61722 49837 82265 48496 24199
 35444 22372 18292 64394 78881 68177 37170 48163]
2020-03-29 19:16:26,422 - exp_torch_topics_d128_passive_i2000_b20_q100_up512_4 - INFO - finish step #47 for 2.689682960510254 sec
2020-03-29 19:16:26,422 - exp_torch_topics_d128_passive_i2000_b20_q100_up512_4 - INFO - current val_accuracy: 0.4744076526857984
2020-03-29 19:16:26,422 - exp_torch_topics_d128_passive_i2000_b20_q100_up512_4 - INFO - start step #48
2020-03-29 19:16:26,423 - exp_torch_topics_d128_passive_i2000_b20_q100_up512_4 - INFO - query idx: [51460 59159 13337 30667  8266 95928 39175 10553 44795 60454 83040 39426
 51035 82172 75304 39346 15942 90228 43527 10462]
2020-03-29 19:16:29,149 - exp_torch_topics_d128_passive_i2000_b20_q100_up512_4 - INFO - finish step #48 for 2.726454019546509 sec
2020-03-29 19:16:29,149 - exp_torch_topics_d128_passive_i2000_b20_q100_up512_4 - INFO - current val_accuracy: 0.47938189845474616
2020-03-29 19:16:29,149 - exp_torch_topics_d128_passive_i2000_b20_q100_up512_4 - INFO - start step #49
2020-03-29 19:16:29,150 - exp_torch_topics_d128_passive_i2000_b20_q100_up512_4 - INFO - query idx: [88476 43332  1779  8964 35872 98090  9982 62188 53796 53662 44233  1656
 86435 86922 69996 66979 20305 71099 22619 84222]
2020-03-29 19:16:32,152 - exp_torch_topics_d128_passive_i2000_b20_q100_up512_4 - INFO - finish step #49 for 3.002329111099243 sec
2020-03-29 19:16:32,152 - exp_torch_topics_d128_passive_i2000_b20_q100_up512_4 - INFO - current val_accuracy: 0.48070640176600443
2020-03-29 19:16:32,152 - exp_torch_topics_d128_passive_i2000_b20_q100_up512_4 - INFO - start step #50
2020-03-29 19:16:32,153 - exp_torch_topics_d128_passive_i2000_b20_q100_up512_4 - INFO - query idx: [29464 83602 31261 62491 30046 36754 16668 57476  2787 70694 25349 78498
 95019 42614 91472 34994 64676 63436 23261 54084]
2020-03-29 19:16:45,410 - exp_torch_topics_d128_passive_i2000_b20_q100_up512_4 - INFO - finish step #50 for 13.257559061050415 sec
2020-03-29 19:16:46,447 - exp_torch_topics_d128_passive_i2000_b20_q100_up512_4 - INFO - current val_accuracy: 0.4817365710080942
2020-03-29 19:16:46,448 - exp_torch_topics_d128_passive_i2000_b20_q100_up512_4 - INFO - start step #51
2020-03-29 19:16:46,459 - exp_torch_topics_d128_passive_i2000_b20_q100_up512_4 - INFO - query idx: [15854  2364  7001 47512 63816 44397 86404 47784 97714 51182 80599 27575
 97732 70696 59577 64030 19448 22372  4564 26144]
2020-03-29 19:16:55,865 - exp_torch_topics_d128_passive_i2000_b20_q100_up512_4 - INFO - finish step #51 for 9.417158842086792 sec
2020-03-29 19:16:55,870 - exp_torch_topics_d128_passive_i2000_b20_q100_up512_4 - INFO - current val_accuracy: 0.48229580573951436
2020-03-29 19:16:55,870 - exp_torch_topics_d128_passive_i2000_b20_q100_up512_4 - INFO - start step #52
2020-03-29 19:16:55,873 - exp_torch_topics_d128_passive_i2000_b20_q100_up512_4 - INFO - query idx: [34291 11546 32844 45513 56311 35864 30484 49828  4934 59456 38130 89299
 38042 74425 45362 59626 42720 66614 80847 42535]
2020-03-29 19:17:00,242 - exp_torch_topics_d128_passive_i2000_b20_q100_up512_4 - INFO - finish step #52 for 4.371860027313232 sec
2020-03-29 19:17:00,242 - exp_torch_topics_d128_passive_i2000_b20_q100_up512_4 - INFO - current val_accuracy: 0.47711552612214864
2020-03-29 19:17:00,242 - exp_torch_topics_d128_passive_i2000_b20_q100_up512_4 - INFO - start step #53
2020-03-29 19:17:00,243 - exp_torch_topics_d128_passive_i2000_b20_q100_up512_4 - INFO - query idx: [90908 55600 32597 90855 40621 66572 84588 67865 38377 35413 55232 42649
 74359 60068 72294 97090 82675  6859 28088 94265]
2020-03-29 19:17:05,520 - exp_torch_topics_d128_passive_i2000_b20_q100_up512_4 - INFO - finish step #53 for 5.277090072631836 sec
2020-03-29 19:17:05,520 - exp_torch_topics_d128_passive_i2000_b20_q100_up512_4 - INFO - current val_accuracy: 0.4794407652685798
2020-03-29 19:17:05,520 - exp_torch_topics_d128_passive_i2000_b20_q100_up512_4 - INFO - start step #54
2020-03-29 19:17:05,521 - exp_torch_topics_d128_passive_i2000_b20_q100_up512_4 - INFO - query idx: [43657 46745 38139 23588 66824 32464 59310 72975 39782  1799 92994 46514
 93112 73820 34509 48429 30610  1757 30038 22916]
2020-03-29 19:17:20,080 - exp_torch_topics_d128_passive_i2000_b20_q100_up512_4 - INFO - finish step #54 for 14.558699607849121 sec
2020-03-29 19:17:20,082 - exp_torch_topics_d128_passive_i2000_b20_q100_up512_4 - INFO - current val_accuracy: 0.4848270787343635
2020-03-29 19:17:20,082 - exp_torch_topics_d128_passive_i2000_b20_q100_up512_4 - INFO - start step #55
2020-03-29 19:17:20,085 - exp_torch_topics_d128_passive_i2000_b20_q100_up512_4 - INFO - query idx: [24976 76709 31773 41246 40685 62269 67469 14083 94391  7508 67811 48356
 95329 54569 63364 79528 78512  6564  4793 19066]
2020-03-29 19:17:28,494 - exp_torch_topics_d128_passive_i2000_b20_q100_up512_4 - INFO - finish step #55 for 8.41152286529541 sec
2020-03-29 19:17:28,494 - exp_torch_topics_d128_passive_i2000_b20_q100_up512_4 - INFO - current val_accuracy: 0.48129506990434145
2020-03-29 19:17:28,494 - exp_torch_topics_d128_passive_i2000_b20_q100_up512_4 - INFO - start step #56
2020-03-29 19:17:28,495 - exp_torch_topics_d128_passive_i2000_b20_q100_up512_4 - INFO - query idx: [28789 25228 53060 35488 33519  6829 52253 61357 33405 51035 12992 60981
 38047 97020 87696 49749 56907 39613 85067 26466]
2020-03-29 19:17:32,517 - exp_torch_topics_d128_passive_i2000_b20_q100_up512_4 - INFO - finish step #56 for 4.022569179534912 sec
2020-03-29 19:17:32,517 - exp_torch_topics_d128_passive_i2000_b20_q100_up512_4 - INFO - current val_accuracy: 0.47985283296541575
2020-03-29 19:17:32,517 - exp_torch_topics_d128_passive_i2000_b20_q100_up512_4 - INFO - start step #57
2020-03-29 19:17:32,518 - exp_torch_topics_d128_passive_i2000_b20_q100_up512_4 - INFO - query idx: [33687 36327 20270 58092 47402 67001 73907 69759 67983 52737 70480 31108
  8183 10333 64285 36977 48808  9395  3643 61430]
2020-03-29 19:17:37,525 - exp_torch_topics_d128_passive_i2000_b20_q100_up512_4 - INFO - finish step #57 for 5.007158041000366 sec
2020-03-29 19:17:37,525 - exp_torch_topics_d128_passive_i2000_b20_q100_up512_4 - INFO - current val_accuracy: 0.4816482707873436
2020-03-29 19:17:37,526 - exp_torch_topics_d128_passive_i2000_b20_q100_up512_4 - INFO - start step #58
2020-03-29 19:17:37,526 - exp_torch_topics_d128_passive_i2000_b20_q100_up512_4 - INFO - query idx: [91675 92724 17573  9386 28072 75893 21475 21640 49710 10723 42502 37539
 45840 80495 37308  7780 20107 50776 70081 14793]
2020-03-29 19:17:44,845 - exp_torch_topics_d128_passive_i2000_b20_q100_up512_4 - INFO - finish step #58 for 7.319593906402588 sec
2020-03-29 19:17:44,845 - exp_torch_topics_d128_passive_i2000_b20_q100_up512_4 - INFO - current val_accuracy: 0.48147167034584254
2020-03-29 19:17:44,846 - exp_torch_topics_d128_passive_i2000_b20_q100_up512_4 - INFO - start step #59
2020-03-29 19:17:44,860 - exp_torch_topics_d128_passive_i2000_b20_q100_up512_4 - INFO - query idx: [ 3479 29974 42687 23166 57142 36948 10242 13125 55801 62412 64017 93278
 61609  5616 42321 18078 10370   282 29608 73486]
2020-03-29 19:17:52,025 - exp_torch_topics_d128_passive_i2000_b20_q100_up512_4 - INFO - finish step #59 for 7.17935585975647 sec
2020-03-29 19:17:52,026 - exp_torch_topics_d128_passive_i2000_b20_q100_up512_4 - INFO - current val_accuracy: 0.48347314201618835
2020-03-29 19:17:52,026 - exp_torch_topics_d128_passive_i2000_b20_q100_up512_4 - INFO - start step #60
2020-03-29 19:17:52,026 - exp_torch_topics_d128_passive_i2000_b20_q100_up512_4 - INFO - query idx: [75355 57173 26535 84568   644 83657  8716 76031 90963 95338 67969 27486
 85394 87153 23125 29418 47806 85689 36988 31027]
2020-03-29 19:18:02,205 - exp_torch_topics_d128_passive_i2000_b20_q100_up512_4 - INFO - finish step #60 for 10.17906403541565 sec
2020-03-29 19:18:02,207 - exp_torch_topics_d128_passive_i2000_b20_q100_up512_4 - INFO - current val_accuracy: 0.4840618101545254
2020-03-29 19:18:02,208 - exp_torch_topics_d128_passive_i2000_b20_q100_up512_4 - INFO - start step #61
2020-03-29 19:18:02,263 - exp_torch_topics_d128_passive_i2000_b20_q100_up512_4 - INFO - query idx: [62636 21556  3440 31691 81058 74467 40416 11546 40111 76794 65064 73205
 91619 81012 49633 76416 59368 92982  9643 28827]
2020-03-29 19:18:25,730 - exp_torch_topics_d128_passive_i2000_b20_q100_up512_4 - INFO - finish step #61 for 23.520209074020386 sec
2020-03-29 19:18:25,733 - exp_torch_topics_d128_passive_i2000_b20_q100_up512_4 - INFO - current val_accuracy: 0.4816777041942605
2020-03-29 19:18:25,734 - exp_torch_topics_d128_passive_i2000_b20_q100_up512_4 - INFO - start step #62
2020-03-29 19:18:25,748 - exp_torch_topics_d128_passive_i2000_b20_q100_up512_4 - INFO - query idx: [55160  3675 51516  5925 38069  2347 18838 83987  9182 40226 38439 60756
 81324  4305 45869 60996 32259 60152 35101 34303]
2020-03-29 19:18:39,297 - exp_torch_topics_d128_passive_i2000_b20_q100_up512_4 - INFO - finish step #62 for 13.563451051712036 sec
2020-03-29 19:18:39,298 - exp_torch_topics_d128_passive_i2000_b20_q100_up512_4 - INFO - current val_accuracy: 0.48026490066225164
2020-03-29 19:18:39,298 - exp_torch_topics_d128_passive_i2000_b20_q100_up512_4 - INFO - start step #63
2020-03-29 19:18:39,310 - exp_torch_topics_d128_passive_i2000_b20_q100_up512_4 - INFO - query idx: [65840 82591 25462 94456 32766 95277 21879 92434 64602 62461 63049 24537
 30106 51329 11913 57683 38359 32845 41483 37817]
2020-03-29 19:18:46,546 - exp_torch_topics_d128_passive_i2000_b20_q100_up512_4 - INFO - finish step #63 for 7.247513055801392 sec
2020-03-29 19:18:46,546 - exp_torch_topics_d128_passive_i2000_b20_q100_up512_4 - INFO - current val_accuracy: 0.4844150110375276
2020-03-29 19:18:46,546 - exp_torch_topics_d128_passive_i2000_b20_q100_up512_4 - INFO - start step #64
2020-03-29 19:18:46,551 - exp_torch_topics_d128_passive_i2000_b20_q100_up512_4 - INFO - query idx: [70678 46995 82784 49493 51529 70624 31655 82073 35851 87807 41650 67595
 88683 57029 67542 68473 38856 36147   514 20218]
2020-03-29 19:18:56,442 - exp_torch_topics_d128_passive_i2000_b20_q100_up512_4 - INFO - finish step #64 for 9.887609720230103 sec
2020-03-29 19:18:56,445 - exp_torch_topics_d128_passive_i2000_b20_q100_up512_4 - INFO - current val_accuracy: 0.48170713760117734
2020-03-29 19:18:56,446 - exp_torch_topics_d128_passive_i2000_b20_q100_up512_4 - INFO - start step #65
2020-03-29 19:18:56,467 - exp_torch_topics_d128_passive_i2000_b20_q100_up512_4 - INFO - query idx: [87254 26599 46665 95413 41141 80759 94503 25081 79962 57454 83852  8672
 48616 78820 40460 76729 86076 95867  9669 80979]
2020-03-29 19:19:16,158 - exp_torch_topics_d128_passive_i2000_b20_q100_up512_4 - INFO - finish step #65 for 19.711952209472656 sec
2020-03-29 19:19:16,162 - exp_torch_topics_d128_passive_i2000_b20_q100_up512_4 - INFO - current val_accuracy: 0.4844738778513613
2020-03-29 19:19:16,162 - exp_torch_topics_d128_passive_i2000_b20_q100_up512_4 - INFO - start step #66
2020-03-29 19:19:16,166 - exp_torch_topics_d128_passive_i2000_b20_q100_up512_4 - INFO - query idx: [83403 27819 81801 65757 77884 21836 23194 43269 55244 34479  3543 58548
 21394 14612 98373 22762  8127 57178 84646 80462]
2020-03-29 19:19:27,787 - exp_torch_topics_d128_passive_i2000_b20_q100_up512_4 - INFO - finish step #66 for 11.62445616722107 sec
2020-03-29 19:19:27,962 - exp_torch_topics_d128_passive_i2000_b20_q100_up512_4 - INFO - current val_accuracy: 0.4859455481972038
2020-03-29 19:19:27,966 - exp_torch_topics_d128_passive_i2000_b20_q100_up512_4 - INFO - start step #67
2020-03-29 19:19:27,974 - exp_torch_topics_d128_passive_i2000_b20_q100_up512_4 - INFO - query idx: [32586 64228 91453 70478 62803 25039 81776 93884 78560 25793  6547 36265
 30482 56355 98054 53809 40856  6935 61009 80594]
2020-03-29 19:19:35,396 - exp_torch_topics_d128_passive_i2000_b20_q100_up512_4 - INFO - finish step #67 for 7.429870128631592 sec
2020-03-29 19:19:35,396 - exp_torch_topics_d128_passive_i2000_b20_q100_up512_4 - INFO - current val_accuracy: 0.48450331125827817
2020-03-29 19:19:35,397 - exp_torch_topics_d128_passive_i2000_b20_q100_up512_4 - INFO - start step #68
2020-03-29 19:19:35,397 - exp_torch_topics_d128_passive_i2000_b20_q100_up512_4 - INFO - query idx: [27757 38645 95893 98335 16690 11742 85136 14078 37538 78897 38880 68840
 73495 34833 50324 34058 58106 28311 53231  2855]
2020-03-29 19:19:38,528 - exp_torch_topics_d128_passive_i2000_b20_q100_up512_4 - INFO - finish step #68 for 3.1313719749450684 sec
2020-03-29 19:19:38,529 - exp_torch_topics_d128_passive_i2000_b20_q100_up512_4 - INFO - current val_accuracy: 0.4867991169977925
2020-03-29 19:19:38,529 - exp_torch_topics_d128_passive_i2000_b20_q100_up512_4 - INFO - start step #69
2020-03-29 19:19:38,529 - exp_torch_topics_d128_passive_i2000_b20_q100_up512_4 - INFO - query idx: [77110 84409  3443 39658 47072  4485  6833  6200 67918 87828 20667 82504
 36084 93181 91622 87210  5468 52477 65793 56995]
2020-03-29 19:19:41,500 - exp_torch_topics_d128_passive_i2000_b20_q100_up512_4 - INFO - finish step #69 for 2.971295118331909 sec
2020-03-29 19:19:41,501 - exp_torch_topics_d128_passive_i2000_b20_q100_up512_4 - INFO - current val_accuracy: 0.4860927152317881
2020-03-29 19:19:41,501 - exp_torch_topics_d128_passive_i2000_b20_q100_up512_4 - INFO - start step #70
2020-03-29 19:19:41,501 - exp_torch_topics_d128_passive_i2000_b20_q100_up512_4 - INFO - query idx: [93685 14631 69735 21616 77790 49566  4519 10835 12525  2387 68878 51531
 36155 73985  3221 47799  7476 81304 81494 18941]
2020-03-29 19:19:44,255 - exp_torch_topics_d128_passive_i2000_b20_q100_up512_4 - INFO - finish step #70 for 2.7537989616394043 sec
2020-03-29 19:19:44,255 - exp_torch_topics_d128_passive_i2000_b20_q100_up512_4 - INFO - current val_accuracy: 0.4885651214128035
2020-03-29 19:19:44,255 - exp_torch_topics_d128_passive_i2000_b20_q100_up512_4 - INFO - start step #71
2020-03-29 19:19:44,255 - exp_torch_topics_d128_passive_i2000_b20_q100_up512_4 - INFO - query idx: [96046 93541 56923 76449 54503 10687 16769 91965 11006 42060 18782 11531
 70626 18123 86752 85422  2803 97775 76331 15559]
2020-03-29 19:19:47,471 - exp_torch_topics_d128_passive_i2000_b20_q100_up512_4 - INFO - finish step #71 for 3.2162561416625977 sec
2020-03-29 19:19:47,472 - exp_torch_topics_d128_passive_i2000_b20_q100_up512_4 - INFO - current val_accuracy: 0.4893598233995585
2020-03-29 19:19:47,473 - exp_torch_topics_d128_passive_i2000_b20_q100_up512_4 - INFO - start step #72
2020-03-29 19:19:47,473 - exp_torch_topics_d128_passive_i2000_b20_q100_up512_4 - INFO - query idx: [33698 63364 40811 91112 33619 45796 67227 67176 83186 46042 80996 51491
  7975  9547 45761 17064  5341 24527 33679 61742]
2020-03-29 19:19:50,309 - exp_torch_topics_d128_passive_i2000_b20_q100_up512_4 - INFO - finish step #72 for 2.83612322807312 sec
2020-03-29 19:19:50,309 - exp_torch_topics_d128_passive_i2000_b20_q100_up512_4 - INFO - current val_accuracy: 0.4895952906548933
2020-03-29 19:19:50,309 - exp_torch_topics_d128_passive_i2000_b20_q100_up512_4 - INFO - start step #73
2020-03-29 19:19:50,309 - exp_torch_topics_d128_passive_i2000_b20_q100_up512_4 - INFO - query idx: [52396 44219 75277 39397 25854 42584 36085 96344 26922 44929 79261 89244
 67056 87364 82040 97514 90199 87793  5321    54]
2020-03-29 19:19:53,565 - exp_torch_topics_d128_passive_i2000_b20_q100_up512_4 - INFO - finish step #73 for 3.2559118270874023 sec
2020-03-29 19:19:53,565 - exp_torch_topics_d128_passive_i2000_b20_q100_up512_4 - INFO - current val_accuracy: 0.4881824871228845
2020-03-29 19:19:53,565 - exp_torch_topics_d128_passive_i2000_b20_q100_up512_4 - INFO - start step #74
2020-03-29 19:19:53,566 - exp_torch_topics_d128_passive_i2000_b20_q100_up512_4 - INFO - query idx: [25807 39323 74064 43275  1314 86245 81893 77096 56416 58799 79246 68746
 64941 46271 93805 11532 80081 82313 66251 10385]
2020-03-29 19:20:12,671 - exp_torch_topics_d128_passive_i2000_b20_q100_up512_4 - INFO - finish step #74 for 19.10448908805847 sec
2020-03-29 19:20:12,675 - exp_torch_topics_d128_passive_i2000_b20_q100_up512_4 - INFO - current val_accuracy: 0.4923325974981604
2020-03-29 19:20:12,675 - exp_torch_topics_d128_passive_i2000_b20_q100_up512_4 - INFO - start step #75
2020-03-29 19:20:12,678 - exp_torch_topics_d128_passive_i2000_b20_q100_up512_4 - INFO - query idx: [76517 25839 59721 37077 24165 88546 94062 79302 69829 31233 48042 14076
 34267 13515 17909 74128 88950 39275 80960 33279]
2020-03-29 19:20:21,558 - exp_torch_topics_d128_passive_i2000_b20_q100_up512_4 - INFO - finish step #75 for 8.88274097442627 sec
2020-03-29 19:20:21,558 - exp_torch_topics_d128_passive_i2000_b20_q100_up512_4 - INFO - current val_accuracy: 0.49247976453274467
2020-03-29 19:20:21,558 - exp_torch_topics_d128_passive_i2000_b20_q100_up512_4 - INFO - start step #76
2020-03-29 19:20:21,559 - exp_torch_topics_d128_passive_i2000_b20_q100_up512_4 - INFO - query idx: [ 9417 18519 51917 58354 43724  2336  6683 91535 83674 80732  9727 43226
 11173 46929 95842 34197 88578 31045 28443 60074]
2020-03-29 19:20:31,483 - exp_torch_topics_d128_passive_i2000_b20_q100_up512_4 - INFO - finish step #76 for 9.924514055252075 sec
2020-03-29 19:20:31,486 - exp_torch_topics_d128_passive_i2000_b20_q100_up512_4 - INFO - current val_accuracy: 0.4898307579102281
2020-03-29 19:20:31,486 - exp_torch_topics_d128_passive_i2000_b20_q100_up512_4 - INFO - start step #77
2020-03-29 19:20:31,493 - exp_torch_topics_d128_passive_i2000_b20_q100_up512_4 - INFO - query idx: [27250 15600 71257 72239 48141 87285 78379 54783 28275 65143 61527 89050
 13683 55662 82792 14785 51563 59158 35719 80467]
2020-03-29 19:20:37,575 - exp_torch_topics_d128_passive_i2000_b20_q100_up512_4 - INFO - finish step #77 for 6.088858127593994 sec
2020-03-29 19:20:37,575 - exp_torch_topics_d128_passive_i2000_b20_q100_up512_4 - INFO - current val_accuracy: 0.48529801324503313
2020-03-29 19:20:37,575 - exp_torch_topics_d128_passive_i2000_b20_q100_up512_4 - INFO - start step #78
2020-03-29 19:20:37,576 - exp_torch_topics_d128_passive_i2000_b20_q100_up512_4 - INFO - query idx: [74962 19246 87724 69673 30480  5856 40317 24951 43560 59734  4594 66988
 58346 65312 18149 82417 52289 39972 17165 51457]
2020-03-29 19:20:43,239 - exp_torch_topics_d128_passive_i2000_b20_q100_up512_4 - INFO - finish step #78 for 5.663670063018799 sec
2020-03-29 19:20:43,239 - exp_torch_topics_d128_passive_i2000_b20_q100_up512_4 - INFO - current val_accuracy: 0.4894186902133922
2020-03-29 19:20:43,240 - exp_torch_topics_d128_passive_i2000_b20_q100_up512_4 - INFO - start step #79
2020-03-29 19:20:43,240 - exp_torch_topics_d128_passive_i2000_b20_q100_up512_4 - INFO - query idx: [36520 91033  4811 74907 84069 97151 20861 10596 52951 44648 40381 11154
 73628 21270 54809 56205 39736 97243 36227 65630]
2020-03-29 19:20:48,996 - exp_torch_topics_d128_passive_i2000_b20_q100_up512_4 - INFO - finish step #79 for 5.756158828735352 sec
2020-03-29 19:20:48,996 - exp_torch_topics_d128_passive_i2000_b20_q100_up512_4 - INFO - current val_accuracy: 0.4893892568064753
2020-03-29 19:20:48,997 - exp_torch_topics_d128_passive_i2000_b20_q100_up512_4 - INFO - start step #80
2020-03-29 19:20:48,998 - exp_torch_topics_d128_passive_i2000_b20_q100_up512_4 - INFO - query idx: [94520 51566 74609 29941 33075 21937 21056 83212  1026 89907 86186 39441
 62889  3617 10127 19581 35550 90227 15274 85642]
2020-03-29 19:20:58,188 - exp_torch_topics_d128_passive_i2000_b20_q100_up512_4 - INFO - finish step #80 for 9.187932968139648 sec
2020-03-29 19:20:58,193 - exp_torch_topics_d128_passive_i2000_b20_q100_up512_4 - INFO - current val_accuracy: 0.4968947755702723
2020-03-29 19:20:58,194 - exp_torch_topics_d128_passive_i2000_b20_q100_up512_4 - INFO - start step #81
2020-03-29 19:20:58,209 - exp_torch_topics_d128_passive_i2000_b20_q100_up512_4 - INFO - query idx: [97882 31344 76588 67192 64960 94405 56678 52874 39870 46728 64798 19002
 68781 66465 17262 54612    77 59515  2226 78341]
2020-03-29 19:21:09,758 - exp_torch_topics_d128_passive_i2000_b20_q100_up512_4 - INFO - finish step #81 for 11.564711809158325 sec
2020-03-29 19:21:09,761 - exp_torch_topics_d128_passive_i2000_b20_q100_up512_4 - INFO - current val_accuracy: 0.49136129506990434
2020-03-29 19:21:09,761 - exp_torch_topics_d128_passive_i2000_b20_q100_up512_4 - INFO - start step #82
2020-03-29 19:21:09,767 - exp_torch_topics_d128_passive_i2000_b20_q100_up512_4 - INFO - query idx: [36686 43616 49177 27683 20292 87657 47042 55202  9218 94375 49871 22152
 69752  3474 89890 11775 78322 93066 72040  8167]
2020-03-29 19:21:21,404 - exp_torch_topics_d128_passive_i2000_b20_q100_up512_4 - INFO - finish step #82 for 11.64241909980774 sec
2020-03-29 19:21:21,404 - exp_torch_topics_d128_passive_i2000_b20_q100_up512_4 - INFO - current val_accuracy: 0.49289183222958055
2020-03-29 19:21:21,404 - exp_torch_topics_d128_passive_i2000_b20_q100_up512_4 - INFO - start step #83
2020-03-29 19:21:21,405 - exp_torch_topics_d128_passive_i2000_b20_q100_up512_4 - INFO - query idx: [56996 82881 27154 48744 94318 31126 52075 86101 92569 71693 64130 23401
 36447 55351 33787 85414 19584 23568  6740 78054]
2020-03-29 19:21:58,349 - exp_torch_topics_d128_passive_i2000_b20_q100_up512_4 - INFO - finish step #83 for 36.939858198165894 sec
2020-03-29 19:21:58,354 - exp_torch_topics_d128_passive_i2000_b20_q100_up512_4 - INFO - current val_accuracy: 0.49050772626931566
2020-03-29 19:21:58,359 - exp_torch_topics_d128_passive_i2000_b20_q100_up512_4 - INFO - start step #84
2020-03-29 19:21:58,377 - exp_torch_topics_d128_passive_i2000_b20_q100_up512_4 - INFO - query idx: [ 6874 68424 45107 87154 93313 45312 44027 83213 60550  7484 90435 68407
 27026 26613 73891 57063 34766 26486  4849  5655]
2020-03-29 19:22:35,678 - exp_torch_topics_d128_passive_i2000_b20_q100_up512_4 - INFO - finish step #84 for 37.3176589012146 sec
2020-03-29 19:22:35,681 - exp_torch_topics_d128_passive_i2000_b20_q100_up512_4 - INFO - current val_accuracy: 0.49094922737306845
2020-03-29 19:22:35,684 - exp_torch_topics_d128_passive_i2000_b20_q100_up512_4 - INFO - start step #85
2020-03-29 19:22:35,695 - exp_torch_topics_d128_passive_i2000_b20_q100_up512_4 - INFO - query idx: [ 2017 26509 31923 75049 29688 53599 60089 45336 67051 64333 70775 10487
 78842 34605 39454 46926 70398 71616 77335 34798]
2020-03-29 19:22:59,362 - exp_torch_topics_d128_passive_i2000_b20_q100_up512_4 - INFO - finish step #85 for 23.67627215385437 sec
2020-03-29 19:22:59,366 - exp_torch_topics_d128_passive_i2000_b20_q100_up512_4 - INFO - current val_accuracy: 0.4954525386313466
2020-03-29 19:22:59,367 - exp_torch_topics_d128_passive_i2000_b20_q100_up512_4 - INFO - start step #86
2020-03-29 19:22:59,374 - exp_torch_topics_d128_passive_i2000_b20_q100_up512_4 - INFO - query idx: [73916 35125 18019 36048 31037 74815 88789 78789 16894   737 88605 12149
 87946 54227 66216 18908 18744 54463  6384 80076]
2020-03-29 19:23:14,486 - exp_torch_topics_d128_passive_i2000_b20_q100_up512_4 - INFO - finish step #86 for 15.118366956710815 sec
2020-03-29 19:23:14,487 - exp_torch_topics_d128_passive_i2000_b20_q100_up512_4 - INFO - current val_accuracy: 0.4951287711552612
2020-03-29 19:23:14,487 - exp_torch_topics_d128_passive_i2000_b20_q100_up512_4 - INFO - start step #87
2020-03-29 19:23:14,489 - exp_torch_topics_d128_passive_i2000_b20_q100_up512_4 - INFO - query idx: [90087 46256 54287 77700 37840 30000 54651 77218 94480 28218 69982 25712
 20217 17027 44339 93126 76523 51126 34084 26360]
2020-03-29 19:23:22,992 - exp_torch_topics_d128_passive_i2000_b20_q100_up512_4 - INFO - finish step #87 for 8.50446629524231 sec
2020-03-29 19:23:22,994 - exp_torch_topics_d128_passive_i2000_b20_q100_up512_4 - INFO - current val_accuracy: 0.493598233995585
2020-03-29 19:23:22,995 - exp_torch_topics_d128_passive_i2000_b20_q100_up512_4 - INFO - start step #88
2020-03-29 19:23:22,997 - exp_torch_topics_d128_passive_i2000_b20_q100_up512_4 - INFO - query idx: [14565 88984 71633 45295 25342 30977 84025 16090 72304 27226 20346 84500
  9891 52866  7959 30145 95226 78349 22797 83421]
2020-03-29 19:23:32,844 - exp_torch_topics_d128_passive_i2000_b20_q100_up512_4 - INFO - finish step #88 for 9.848417043685913 sec
2020-03-29 19:23:32,846 - exp_torch_topics_d128_passive_i2000_b20_q100_up512_4 - INFO - current val_accuracy: 0.4959823399558499
2020-03-29 19:23:32,846 - exp_torch_topics_d128_passive_i2000_b20_q100_up512_4 - INFO - start step #89
2020-03-29 19:23:32,848 - exp_torch_topics_d128_passive_i2000_b20_q100_up512_4 - INFO - query idx: [29681 36293 34467 93892 65223 51862  5860 67285 21926 67776 85107 96884
 28257 13193 54150 66844 43794 12296 65509 56945]
2020-03-29 19:23:43,296 - exp_torch_topics_d128_passive_i2000_b20_q100_up512_4 - INFO - finish step #89 for 10.450031995773315 sec
2020-03-29 19:23:43,297 - exp_torch_topics_d128_passive_i2000_b20_q100_up512_4 - INFO - current val_accuracy: 0.49662987490802063
2020-03-29 19:23:43,297 - exp_torch_topics_d128_passive_i2000_b20_q100_up512_4 - INFO - start step #90
2020-03-29 19:23:43,299 - exp_torch_topics_d128_passive_i2000_b20_q100_up512_4 - INFO - query idx: [74266 23671 86605 56877 61293 14414 10990 79961 54729 62722 25134 58235
  9197 66937 71997 45856 54700 27734 29166 80129]
2020-03-29 19:23:52,030 - exp_torch_topics_d128_passive_i2000_b20_q100_up512_4 - INFO - finish step #90 for 8.73183298110962 sec
2020-03-29 19:23:52,032 - exp_torch_topics_d128_passive_i2000_b20_q100_up512_4 - INFO - current val_accuracy: 0.4958057395143488
2020-03-29 19:23:52,032 - exp_torch_topics_d128_passive_i2000_b20_q100_up512_4 - INFO - start step #91
2020-03-29 19:23:52,034 - exp_torch_topics_d128_passive_i2000_b20_q100_up512_4 - INFO - query idx: [81701 81132 15652 20698 15759 30342 47755 92358 22434 62133 87996 28892
 30075 32117 15431  7981 62302   611  3466 50892]
2020-03-29 19:24:00,908 - exp_torch_topics_d128_passive_i2000_b20_q100_up512_4 - INFO - finish step #91 for 8.875387191772461 sec
2020-03-29 19:24:00,910 - exp_torch_topics_d128_passive_i2000_b20_q100_up512_4 - INFO - current val_accuracy: 0.49777777777777776
2020-03-29 19:24:00,910 - exp_torch_topics_d128_passive_i2000_b20_q100_up512_4 - INFO - start step #92
2020-03-29 19:24:00,913 - exp_torch_topics_d128_passive_i2000_b20_q100_up512_4 - INFO - query idx: [41163  1609 67350 23627 18643 19716 20712 23330 68523 26515 13477 21591
 51870 97159 16616 72743  9094 49777 72077 37720]
2020-03-29 19:24:11,303 - exp_torch_topics_d128_passive_i2000_b20_q100_up512_4 - INFO - finish step #92 for 10.392455101013184 sec
2020-03-29 19:24:11,308 - exp_torch_topics_d128_passive_i2000_b20_q100_up512_4 - INFO - current val_accuracy: 0.4975717439293598
2020-03-29 19:24:11,308 - exp_torch_topics_d128_passive_i2000_b20_q100_up512_4 - INFO - start step #93
2020-03-29 19:24:11,311 - exp_torch_topics_d128_passive_i2000_b20_q100_up512_4 - INFO - query idx: [83196 67767 92259  7519 56898  8228 45174 83875 25670 20693 31266 31458
 12268 96086 72122 16344 83469 33476 75907 28414]
2020-03-29 19:24:21,719 - exp_torch_topics_d128_passive_i2000_b20_q100_up512_4 - INFO - finish step #93 for 10.41040301322937 sec
2020-03-29 19:24:21,719 - exp_torch_topics_d128_passive_i2000_b20_q100_up512_4 - INFO - current val_accuracy: 0.4980426784400294
2020-03-29 19:24:21,720 - exp_torch_topics_d128_passive_i2000_b20_q100_up512_4 - INFO - start step #94
2020-03-29 19:24:21,721 - exp_torch_topics_d128_passive_i2000_b20_q100_up512_4 - INFO - query idx: [95594 41312 63798 54530 84584 19617 29815 97281 38284 21264 83459 32937
 73420 18832 64614 73730 24020 86121 35085 85031]
2020-03-29 19:24:59,735 - exp_torch_topics_d128_passive_i2000_b20_q100_up512_4 - INFO - finish step #94 for 38.01297903060913 sec
2020-03-29 19:24:59,739 - exp_torch_topics_d128_passive_i2000_b20_q100_up512_4 - INFO - current val_accuracy: 0.49610007358351726
2020-03-29 19:24:59,739 - exp_torch_topics_d128_passive_i2000_b20_q100_up512_4 - INFO - start step #95
2020-03-29 19:24:59,754 - exp_torch_topics_d128_passive_i2000_b20_q100_up512_4 - INFO - query idx: [59570 56608 83383 33508 11598 53080 13640 95713 74248 76644  8374 46349
 59370 31271 26596 70505 75797 30923 20058 17054]
2020-03-29 19:25:06,810 - exp_torch_topics_d128_passive_i2000_b20_q100_up512_4 - INFO - finish step #95 for 7.069835901260376 sec
2020-03-29 19:25:06,811 - exp_torch_topics_d128_passive_i2000_b20_q100_up512_4 - INFO - current val_accuracy: 0.49448123620309054
2020-03-29 19:25:06,813 - exp_torch_topics_d128_passive_i2000_b20_q100_up512_4 - INFO - start step #96
2020-03-29 19:25:06,815 - exp_torch_topics_d128_passive_i2000_b20_q100_up512_4 - INFO - query idx: [17915 24224 14813 74436  6462 56374 76345 22030 72855 30617 72015 73844
 50511 57876 76854  8096 94015 41574 51707 36086]
2020-03-29 19:25:14,743 - exp_torch_topics_d128_passive_i2000_b20_q100_up512_4 - INFO - finish step #96 for 7.930040121078491 sec
2020-03-29 19:25:14,743 - exp_torch_topics_d128_passive_i2000_b20_q100_up512_4 - INFO - current val_accuracy: 0.4962178072111847
2020-03-29 19:25:14,744 - exp_torch_topics_d128_passive_i2000_b20_q100_up512_4 - INFO - start step #97
2020-03-29 19:25:14,745 - exp_torch_topics_d128_passive_i2000_b20_q100_up512_4 - INFO - query idx: [31026 76130 36389  6471 49970 14521 11710 91033 64170 25138   163 78702
 86093 85195 44688 61956 41207 11977 55526 95619]
2020-03-29 19:25:22,629 - exp_torch_topics_d128_passive_i2000_b20_q100_up512_4 - INFO - finish step #97 for 7.884284019470215 sec
2020-03-29 19:25:22,631 - exp_torch_topics_d128_passive_i2000_b20_q100_up512_4 - INFO - current val_accuracy: 0.4989551140544518
2020-03-29 19:25:22,631 - exp_torch_topics_d128_passive_i2000_b20_q100_up512_4 - INFO - start step #98
2020-03-29 19:25:22,634 - exp_torch_topics_d128_passive_i2000_b20_q100_up512_4 - INFO - query idx: [72884 12202 59577 61137  8971  8685 51781 18600 86956 14639 40773 62878
 66023 92659  4503 40296 88932 31565 37216 29136]
2020-03-29 19:25:32,265 - exp_torch_topics_d128_passive_i2000_b20_q100_up512_4 - INFO - finish step #98 for 9.632733345031738 sec
2020-03-29 19:25:32,266 - exp_torch_topics_d128_passive_i2000_b20_q100_up512_4 - INFO - current val_accuracy: 0.4994849153789551
2020-03-29 19:25:32,267 - exp_torch_topics_d128_passive_i2000_b20_q100_up512_4 - INFO - start step #99
2020-03-29 19:25:32,269 - exp_torch_topics_d128_passive_i2000_b20_q100_up512_4 - INFO - query idx: [37697 93914 86579 94372 43805 70676 64934 34785 52574  3151 62878 44332
 77845 57897 55463 42013 38700 89721 15558 49344]
2020-03-29 19:25:42,439 - exp_torch_topics_d128_passive_i2000_b20_q100_up512_4 - INFO - finish step #99 for 10.171504020690918 sec
2020-03-29 19:25:42,440 - exp_torch_topics_d128_passive_i2000_b20_q100_up512_4 - INFO - current val_accuracy: 0.49768947755702725
2020-03-29 19:25:42,441 - exp_torch_topics_d128_passive_i2000_b20_q100_up512_4 - INFO - finish experiment process for 701.133208990097 sec
