2020-03-26 15:04:40,304 - exp_torch_topics_d128_entropy_i2000_b20_q100_f512_2 - INFO - start experiment process
2020-03-26 15:04:49,240 - exp_torch_topics_d128_entropy_i2000_b20_q100_f512_2 - INFO - initial val_accuracy: 0.43596762325239147
2020-03-26 15:04:49,240 - exp_torch_topics_d128_entropy_i2000_b20_q100_f512_2 - INFO - start step #0
2020-03-26 15:05:04,381 - exp_torch_topics_d128_entropy_i2000_b20_q100_f512_2 - INFO - query idx: [79507 70328 12321 84847 39279 58610 40783 21635 76170 25987 55172 20345
 59429 23596 82201 31059 71459 94721 74355 43102]
2020-03-26 15:05:11,797 - exp_torch_topics_d128_entropy_i2000_b20_q100_f512_2 - INFO - finish step #0 for 22.556602954864502 sec
2020-03-26 15:05:11,797 - exp_torch_topics_d128_entropy_i2000_b20_q100_f512_2 - INFO - current val_accuracy: 0.43549668874172187
2020-03-26 15:05:11,798 - exp_torch_topics_d128_entropy_i2000_b20_q100_f512_2 - INFO - start step #1
2020-03-26 15:05:18,544 - exp_torch_topics_d128_entropy_i2000_b20_q100_f512_2 - INFO - query idx: [23653 53766 53633 36357 30991 11596 60152 58599 33861 98988 28937 63704
 84836 74595 63588 17776 27052 83954 17335 18543]
2020-03-26 15:05:22,339 - exp_torch_topics_d128_entropy_i2000_b20_q100_f512_2 - INFO - finish step #1 for 10.540433168411255 sec
2020-03-26 15:05:22,339 - exp_torch_topics_d128_entropy_i2000_b20_q100_f512_2 - INFO - current val_accuracy: 0.43711552612214866
2020-03-26 15:05:22,339 - exp_torch_topics_d128_entropy_i2000_b20_q100_f512_2 - INFO - start step #2
2020-03-26 15:05:28,527 - exp_torch_topics_d128_entropy_i2000_b20_q100_f512_2 - INFO - query idx: [89556 45499 98896 30723 53233 95729 20832  8120 54758  6308 49051 50122
 50329 67278 25678 69490 45798 54608 40539 59016]
2020-03-26 15:05:31,125 - exp_torch_topics_d128_entropy_i2000_b20_q100_f512_2 - INFO - finish step #2 for 8.78560495376587 sec
2020-03-26 15:05:31,125 - exp_torch_topics_d128_entropy_i2000_b20_q100_f512_2 - INFO - current val_accuracy: 0.4364974245768948
2020-03-26 15:05:31,125 - exp_torch_topics_d128_entropy_i2000_b20_q100_f512_2 - INFO - start step #3
2020-03-26 15:05:37,509 - exp_torch_topics_d128_entropy_i2000_b20_q100_f512_2 - INFO - query idx: [17567 22103 51062 45661 23903 77590 84904  4382 35872 20372 30508 77237
 68678 49499 24458 19953  8215 30686 26387 98562]
2020-03-26 15:05:40,483 - exp_torch_topics_d128_entropy_i2000_b20_q100_f512_2 - INFO - finish step #3 for 9.358022212982178 sec
2020-03-26 15:05:40,483 - exp_torch_topics_d128_entropy_i2000_b20_q100_f512_2 - INFO - current val_accuracy: 0.4356438557763061
2020-03-26 15:05:40,484 - exp_torch_topics_d128_entropy_i2000_b20_q100_f512_2 - INFO - start step #4
2020-03-26 15:06:01,548 - exp_torch_topics_d128_entropy_i2000_b20_q100_f512_2 - INFO - query idx: [62808 18794 96691  9724 93493 93468 63146 97773 96847 49608 40202 87105
 94876 43757 62007 48323 26800 88261 34121 73252]
2020-03-26 15:06:12,446 - exp_torch_topics_d128_entropy_i2000_b20_q100_f512_2 - INFO - finish step #4 for 31.962671995162964 sec
2020-03-26 15:06:12,695 - exp_torch_topics_d128_entropy_i2000_b20_q100_f512_2 - INFO - current val_accuracy: 0.435467255334805
2020-03-26 15:06:12,696 - exp_torch_topics_d128_entropy_i2000_b20_q100_f512_2 - INFO - start step #5
2020-03-26 15:06:28,143 - exp_torch_topics_d128_entropy_i2000_b20_q100_f512_2 - INFO - query idx: [30901   713 58478 82396 74676 23384 18960 97798 59175 67153  1920 10151
 54462 79951 79414 42004 34495   385 31841 27551]
2020-03-26 15:06:31,907 - exp_torch_topics_d128_entropy_i2000_b20_q100_f512_2 - INFO - finish step #5 for 19.211539030075073 sec
2020-03-26 15:06:31,908 - exp_torch_topics_d128_entropy_i2000_b20_q100_f512_2 - INFO - current val_accuracy: 0.43626195732156
2020-03-26 15:06:31,908 - exp_torch_topics_d128_entropy_i2000_b20_q100_f512_2 - INFO - start step #6
2020-03-26 15:06:47,479 - exp_torch_topics_d128_entropy_i2000_b20_q100_f512_2 - INFO - query idx: [66043 12014 51884 51823 37047 33384 34710 36348 15409 71730 78247 32951
  5959 24188 97327  9313 23309  9791 70531 31713]
2020-03-26 15:06:55,883 - exp_torch_topics_d128_entropy_i2000_b20_q100_f512_2 - INFO - finish step #6 for 23.975443124771118 sec
2020-03-26 15:06:55,884 - exp_torch_topics_d128_entropy_i2000_b20_q100_f512_2 - INFO - current val_accuracy: 0.43667402501839586
2020-03-26 15:06:55,884 - exp_torch_topics_d128_entropy_i2000_b20_q100_f512_2 - INFO - start step #7
2020-03-26 15:07:05,631 - exp_torch_topics_d128_entropy_i2000_b20_q100_f512_2 - INFO - query idx: [ 4260 70856 63461 94242 92946 24751 61001 18398 85254 24095 24714 54183
 51453  3179 32507 64914 89340 73036 13974 23662]
2020-03-26 15:07:08,212 - exp_torch_topics_d128_entropy_i2000_b20_q100_f512_2 - INFO - finish step #7 for 12.327452898025513 sec
2020-03-26 15:07:08,212 - exp_torch_topics_d128_entropy_i2000_b20_q100_f512_2 - INFO - current val_accuracy: 0.44011773362766743
2020-03-26 15:07:08,212 - exp_torch_topics_d128_entropy_i2000_b20_q100_f512_2 - INFO - start step #8
2020-03-26 15:07:13,823 - exp_torch_topics_d128_entropy_i2000_b20_q100_f512_2 - INFO - query idx: [94436 85604 56105 73789 70529 48355 77962 49663 23858 93885 61800 85175
 14110 87106 45652  1329 77034 59086  7878 74364]
2020-03-26 15:07:16,467 - exp_torch_topics_d128_entropy_i2000_b20_q100_f512_2 - INFO - finish step #8 for 8.25474214553833 sec
2020-03-26 15:07:16,467 - exp_torch_topics_d128_entropy_i2000_b20_q100_f512_2 - INFO - current val_accuracy: 0.442560706401766
2020-03-26 15:07:16,467 - exp_torch_topics_d128_entropy_i2000_b20_q100_f512_2 - INFO - start step #9
2020-03-26 15:07:22,148 - exp_torch_topics_d128_entropy_i2000_b20_q100_f512_2 - INFO - query idx: [66254  6320 77704 97993 64885 93158 68414 80427 34762 42733 80700 45803
 26347 36638 54009 63156 98393 17962 88885 81712]
2020-03-26 15:07:24,659 - exp_torch_topics_d128_entropy_i2000_b20_q100_f512_2 - INFO - finish step #9 for 8.191469192504883 sec
2020-03-26 15:07:24,659 - exp_torch_topics_d128_entropy_i2000_b20_q100_f512_2 - INFO - current val_accuracy: 0.4422958057395143
2020-03-26 15:07:24,659 - exp_torch_topics_d128_entropy_i2000_b20_q100_f512_2 - INFO - start step #10
2020-03-26 15:07:30,598 - exp_torch_topics_d128_entropy_i2000_b20_q100_f512_2 - INFO - query idx: [ 8943 59552 87163 70590 10530 14751 58870 11783 60114 33554 66020 79863
 48224 54149 15434 85175 64769 19146 99684 94864]
2020-03-26 15:07:33,359 - exp_torch_topics_d128_entropy_i2000_b20_q100_f512_2 - INFO - finish step #10 for 8.70022201538086 sec
2020-03-26 15:07:33,360 - exp_torch_topics_d128_entropy_i2000_b20_q100_f512_2 - INFO - current val_accuracy: 0.44450331125827813
2020-03-26 15:07:33,360 - exp_torch_topics_d128_entropy_i2000_b20_q100_f512_2 - INFO - start step #11
2020-03-26 15:07:39,144 - exp_torch_topics_d128_entropy_i2000_b20_q100_f512_2 - INFO - query idx: [30866 26383 54202 76882 18463 93657 22041 52037 98526 27811 67233 86915
 29392 46047 34257 49746 77056 75176 92397 70644]
2020-03-26 15:07:41,532 - exp_torch_topics_d128_entropy_i2000_b20_q100_f512_2 - INFO - finish step #11 for 8.171919107437134 sec
2020-03-26 15:07:41,532 - exp_torch_topics_d128_entropy_i2000_b20_q100_f512_2 - INFO - current val_accuracy: 0.4472700515084621
2020-03-26 15:07:41,532 - exp_torch_topics_d128_entropy_i2000_b20_q100_f512_2 - INFO - start step #12
2020-03-26 15:07:47,373 - exp_torch_topics_d128_entropy_i2000_b20_q100_f512_2 - INFO - query idx: [20166 18472 58744 98048 49453 18289 29901 63513 54485  8124 61341 89243
 53339 16851 75318 96718 17058 21577 74851 71440]
2020-03-26 15:07:49,794 - exp_torch_topics_d128_entropy_i2000_b20_q100_f512_2 - INFO - finish step #12 for 8.261404991149902 sec
2020-03-26 15:07:49,794 - exp_torch_topics_d128_entropy_i2000_b20_q100_f512_2 - INFO - current val_accuracy: 0.442766740250184
2020-03-26 15:07:49,794 - exp_torch_topics_d128_entropy_i2000_b20_q100_f512_2 - INFO - start step #13
2020-03-26 15:07:55,704 - exp_torch_topics_d128_entropy_i2000_b20_q100_f512_2 - INFO - query idx: [12883 74790 73625 74199 66075 50510 82231 44355 86446 18059 80321  7773
 80917 86670 90749 55437 68807 59927 88291 92952]
2020-03-26 15:07:58,260 - exp_torch_topics_d128_entropy_i2000_b20_q100_f512_2 - INFO - finish step #13 for 8.46584177017212 sec
2020-03-26 15:07:58,260 - exp_torch_topics_d128_entropy_i2000_b20_q100_f512_2 - INFO - current val_accuracy: 0.4428550404709345
2020-03-26 15:07:58,260 - exp_torch_topics_d128_entropy_i2000_b20_q100_f512_2 - INFO - start step #14
2020-03-26 15:08:03,916 - exp_torch_topics_d128_entropy_i2000_b20_q100_f512_2 - INFO - query idx: [50252 46703 29528 33356 65412 78944 81127 58839 97329 15094 84264  6550
 51234 48888 66798 28277 86485 61406 39753 48491]
2020-03-26 15:08:06,497 - exp_torch_topics_d128_entropy_i2000_b20_q100_f512_2 - INFO - finish step #14 for 8.236324787139893 sec
2020-03-26 15:08:06,497 - exp_torch_topics_d128_entropy_i2000_b20_q100_f512_2 - INFO - current val_accuracy: 0.4421486387049301
2020-03-26 15:08:06,497 - exp_torch_topics_d128_entropy_i2000_b20_q100_f512_2 - INFO - start step #15
2020-03-26 15:08:12,345 - exp_torch_topics_d128_entropy_i2000_b20_q100_f512_2 - INFO - query idx: [71844 62764 69111 29481 78936 40394 12255 47478 12398 78424 27707 39056
 98585 15827 87117 97694 11812 62942 20251  4782]
2020-03-26 15:08:14,851 - exp_torch_topics_d128_entropy_i2000_b20_q100_f512_2 - INFO - finish step #15 for 8.353901147842407 sec
2020-03-26 15:08:14,851 - exp_torch_topics_d128_entropy_i2000_b20_q100_f512_2 - INFO - current val_accuracy: 0.4466813833701251
2020-03-26 15:08:14,851 - exp_torch_topics_d128_entropy_i2000_b20_q100_f512_2 - INFO - start step #16
2020-03-26 15:08:20,861 - exp_torch_topics_d128_entropy_i2000_b20_q100_f512_2 - INFO - query idx: [61525 10311 32829 34398 34733 33983  8036 13522 35424 60442 27632  6325
 54915  4409 71586 82338 44432 96160  5994 55767]
2020-03-26 15:08:23,335 - exp_torch_topics_d128_entropy_i2000_b20_q100_f512_2 - INFO - finish step #16 for 8.48303508758545 sec
2020-03-26 15:08:23,335 - exp_torch_topics_d128_entropy_i2000_b20_q100_f512_2 - INFO - current val_accuracy: 0.4497718910963944
2020-03-26 15:08:23,335 - exp_torch_topics_d128_entropy_i2000_b20_q100_f512_2 - INFO - start step #17
2020-03-26 15:08:29,043 - exp_torch_topics_d128_entropy_i2000_b20_q100_f512_2 - INFO - query idx: [32316 46697 64496 96961 53254  7352  6276 92688 19280 80357 22384  8595
 74071 52865 10313 78481 12459 71523 71301 63577]
2020-03-26 15:08:31,424 - exp_torch_topics_d128_entropy_i2000_b20_q100_f512_2 - INFO - finish step #17 for 8.088513135910034 sec
2020-03-26 15:08:31,424 - exp_torch_topics_d128_entropy_i2000_b20_q100_f512_2 - INFO - current val_accuracy: 0.44938925680647535
2020-03-26 15:08:31,424 - exp_torch_topics_d128_entropy_i2000_b20_q100_f512_2 - INFO - start step #18
2020-03-26 15:08:37,160 - exp_torch_topics_d128_entropy_i2000_b20_q100_f512_2 - INFO - query idx: [35087 54190 47418 68963 77805 17394 17413 80269 47321 40765 16799 51665
 58353 95218 12905 81176 42013 98285 46458 29779]
2020-03-26 15:08:39,715 - exp_torch_topics_d128_entropy_i2000_b20_q100_f512_2 - INFO - finish step #18 for 8.29065203666687 sec
2020-03-26 15:08:39,715 - exp_torch_topics_d128_entropy_i2000_b20_q100_f512_2 - INFO - current val_accuracy: 0.4515084621044886
2020-03-26 15:08:39,715 - exp_torch_topics_d128_entropy_i2000_b20_q100_f512_2 - INFO - start step #19
2020-03-26 15:08:45,352 - exp_torch_topics_d128_entropy_i2000_b20_q100_f512_2 - INFO - query idx: [23881 93193   324 43044 83512 45493 34661  9342 35568 30323 23634 48959
  7538 38615 60279  8835 51405 22834 54202 67199]
2020-03-26 15:08:47,774 - exp_torch_topics_d128_entropy_i2000_b20_q100_f512_2 - INFO - finish step #19 for 8.058981895446777 sec
2020-03-26 15:08:47,774 - exp_torch_topics_d128_entropy_i2000_b20_q100_f512_2 - INFO - current val_accuracy: 0.45542310522442975
2020-03-26 15:08:47,775 - exp_torch_topics_d128_entropy_i2000_b20_q100_f512_2 - INFO - start step #20
2020-03-26 15:08:53,585 - exp_torch_topics_d128_entropy_i2000_b20_q100_f512_2 - INFO - query idx: [45811 82525 22400 37248 47392 59607 46606 18481 74510  8810 29836 24064
 88134 60296 35849 49327 60890 87983  9705 75435]
2020-03-26 15:08:56,076 - exp_torch_topics_d128_entropy_i2000_b20_q100_f512_2 - INFO - finish step #20 for 8.301700115203857 sec
2020-03-26 15:08:56,076 - exp_torch_topics_d128_entropy_i2000_b20_q100_f512_2 - INFO - current val_accuracy: 0.45551140544518026
2020-03-26 15:08:56,077 - exp_torch_topics_d128_entropy_i2000_b20_q100_f512_2 - INFO - start step #21
2020-03-26 15:09:01,903 - exp_torch_topics_d128_entropy_i2000_b20_q100_f512_2 - INFO - query idx: [34329 46012 86785 14104 67296 87832   596 76369 91164 41115 67560 31486
 83082 87037 97587 65090 20821 66455 88343 55627]
2020-03-26 15:09:04,356 - exp_torch_topics_d128_entropy_i2000_b20_q100_f512_2 - INFO - finish step #21 for 8.279439926147461 sec
2020-03-26 15:09:04,356 - exp_torch_topics_d128_entropy_i2000_b20_q100_f512_2 - INFO - current val_accuracy: 0.45359823399558497
2020-03-26 15:09:04,357 - exp_torch_topics_d128_entropy_i2000_b20_q100_f512_2 - INFO - start step #22
2020-03-26 15:09:10,203 - exp_torch_topics_d128_entropy_i2000_b20_q100_f512_2 - INFO - query idx: [ 2273  6572 54052 74855 90441 12973 44828 31820 39331 93381 95374 17858
 84911  2791 66183 56584 22414 15155 92166 55502]
2020-03-26 15:09:12,594 - exp_torch_topics_d128_entropy_i2000_b20_q100_f512_2 - INFO - finish step #22 for 8.237421751022339 sec
2020-03-26 15:09:12,596 - exp_torch_topics_d128_entropy_i2000_b20_q100_f512_2 - INFO - current val_accuracy: 0.45336276674025017
2020-03-26 15:09:12,596 - exp_torch_topics_d128_entropy_i2000_b20_q100_f512_2 - INFO - start step #23
2020-03-26 15:09:18,309 - exp_torch_topics_d128_entropy_i2000_b20_q100_f512_2 - INFO - query idx: [53508 83781 45279 45165 72035 50600 22565 19034 12038 99161 39209 59628
 62600  1575 84264 30892 44677 80889 60603 18608]
2020-03-26 15:09:20,840 - exp_torch_topics_d128_entropy_i2000_b20_q100_f512_2 - INFO - finish step #23 for 8.24353575706482 sec
2020-03-26 15:09:20,840 - exp_torch_topics_d128_entropy_i2000_b20_q100_f512_2 - INFO - current val_accuracy: 0.4557763061074319
2020-03-26 15:09:20,840 - exp_torch_topics_d128_entropy_i2000_b20_q100_f512_2 - INFO - start step #24
2020-03-26 15:09:26,463 - exp_torch_topics_d128_entropy_i2000_b20_q100_f512_2 - INFO - query idx: [92063 60373  1955 96913 33029 57010   504  5000 51782 15940 26850 78672
 81678 23438 71548  1337 48478 55778 10842 72152]
2020-03-26 15:09:28,920 - exp_torch_topics_d128_entropy_i2000_b20_q100_f512_2 - INFO - finish step #24 for 8.079843044281006 sec
2020-03-26 15:09:28,920 - exp_torch_topics_d128_entropy_i2000_b20_q100_f512_2 - INFO - current val_accuracy: 0.4571596762325239
2020-03-26 15:09:28,920 - exp_torch_topics_d128_entropy_i2000_b20_q100_f512_2 - INFO - start step #25
2020-03-26 15:09:34,614 - exp_torch_topics_d128_entropy_i2000_b20_q100_f512_2 - INFO - query idx: [12316 61795 82135 13563  8258 39552 84239 87781  3924 19955 84973 91208
 34085 19321 46709  1566 89405 95113 32310 19600]
2020-03-26 15:09:37,071 - exp_torch_topics_d128_entropy_i2000_b20_q100_f512_2 - INFO - finish step #25 for 8.150843858718872 sec
2020-03-26 15:09:37,071 - exp_torch_topics_d128_entropy_i2000_b20_q100_f512_2 - INFO - current val_accuracy: 0.456747608535688
2020-03-26 15:09:37,072 - exp_torch_topics_d128_entropy_i2000_b20_q100_f512_2 - INFO - start step #26
2020-03-26 15:09:42,722 - exp_torch_topics_d128_entropy_i2000_b20_q100_f512_2 - INFO - query idx: [  126 15342 56324 90384 60488 34891 65627 59744 10328 66044 92971 34125
 91129 68792 26155 73848 93076 83170 95853 92391]
2020-03-26 15:09:45,139 - exp_torch_topics_d128_entropy_i2000_b20_q100_f512_2 - INFO - finish step #26 for 8.066987991333008 sec
2020-03-26 15:09:45,139 - exp_torch_topics_d128_entropy_i2000_b20_q100_f512_2 - INFO - current val_accuracy: 0.4553936718175129
2020-03-26 15:09:45,139 - exp_torch_topics_d128_entropy_i2000_b20_q100_f512_2 - INFO - start step #27
2020-03-26 15:09:50,999 - exp_torch_topics_d128_entropy_i2000_b20_q100_f512_2 - INFO - query idx: [94927 17213 58652 73007 69831 60766 87735 70160 66404 31110 87354 74837
  7822 86435  5321 19882  8260  3615 54081 22871]
2020-03-26 15:09:53,426 - exp_torch_topics_d128_entropy_i2000_b20_q100_f512_2 - INFO - finish step #27 for 8.287087202072144 sec
2020-03-26 15:09:53,427 - exp_torch_topics_d128_entropy_i2000_b20_q100_f512_2 - INFO - current val_accuracy: 0.45498160412067695
2020-03-26 15:09:53,427 - exp_torch_topics_d128_entropy_i2000_b20_q100_f512_2 - INFO - start step #28
2020-03-26 15:09:59,062 - exp_torch_topics_d128_entropy_i2000_b20_q100_f512_2 - INFO - query idx: [56548 21852 94331 87918 97086 68805 63687 78550 69989 76415 50913 66923
 18260 63469 76746 77698 68833 79893 87260 67562]
2020-03-26 15:10:01,638 - exp_torch_topics_d128_entropy_i2000_b20_q100_f512_2 - INFO - finish step #28 for 8.210860967636108 sec
2020-03-26 15:10:01,638 - exp_torch_topics_d128_entropy_i2000_b20_q100_f512_2 - INFO - current val_accuracy: 0.4540691685062546
2020-03-26 15:10:01,638 - exp_torch_topics_d128_entropy_i2000_b20_q100_f512_2 - INFO - start step #29
2020-03-26 15:10:07,285 - exp_torch_topics_d128_entropy_i2000_b20_q100_f512_2 - INFO - query idx: [53280 68941 30396  9419 11865  2111 39970 48514 19399 83852 30574 51861
 51379 64500  6893 53758 14170 52098 11224 82110]
2020-03-26 15:10:09,726 - exp_torch_topics_d128_entropy_i2000_b20_q100_f512_2 - INFO - finish step #29 for 8.088054180145264 sec
2020-03-26 15:10:09,726 - exp_torch_topics_d128_entropy_i2000_b20_q100_f512_2 - INFO - current val_accuracy: 0.4549521707137601
2020-03-26 15:10:09,726 - exp_torch_topics_d128_entropy_i2000_b20_q100_f512_2 - INFO - start step #30
2020-03-26 15:10:15,415 - exp_torch_topics_d128_entropy_i2000_b20_q100_f512_2 - INFO - query idx: [52158  1806 99088  2633 29554 53666 80629 41018  8555 78738 30026 85972
 69582 92594 45818 13585 86867 59693 53933 21813]
2020-03-26 15:10:17,892 - exp_torch_topics_d128_entropy_i2000_b20_q100_f512_2 - INFO - finish step #30 for 8.165499210357666 sec
2020-03-26 15:10:17,892 - exp_torch_topics_d128_entropy_i2000_b20_q100_f512_2 - INFO - current val_accuracy: 0.4569830757910228
2020-03-26 15:10:17,892 - exp_torch_topics_d128_entropy_i2000_b20_q100_f512_2 - INFO - start step #31
2020-03-26 15:10:23,649 - exp_torch_topics_d128_entropy_i2000_b20_q100_f512_2 - INFO - query idx: [ 7510 81769 13649 59184 40197 20445 91936 39822 79169  9839 69771 88881
 56155 58761 47370 13213 84699 16404 15896 63988]
2020-03-26 15:10:26,164 - exp_torch_topics_d128_entropy_i2000_b20_q100_f512_2 - INFO - finish step #31 for 8.271065950393677 sec
2020-03-26 15:10:26,164 - exp_torch_topics_d128_entropy_i2000_b20_q100_f512_2 - INFO - current val_accuracy: 0.4571596762325239
2020-03-26 15:10:26,164 - exp_torch_topics_d128_entropy_i2000_b20_q100_f512_2 - INFO - start step #32
2020-03-26 15:10:32,172 - exp_torch_topics_d128_entropy_i2000_b20_q100_f512_2 - INFO - query idx: [23215 78604 96521 60096 49022 81135 86576 26452  7090 29842 68871 24911
 74241 68390 54554 77306 31972 86048 47246 46089]
2020-03-26 15:10:34,640 - exp_torch_topics_d128_entropy_i2000_b20_q100_f512_2 - INFO - finish step #32 for 8.475849866867065 sec
2020-03-26 15:10:34,640 - exp_torch_topics_d128_entropy_i2000_b20_q100_f512_2 - INFO - current val_accuracy: 0.4602207505518764
2020-03-26 15:10:34,640 - exp_torch_topics_d128_entropy_i2000_b20_q100_f512_2 - INFO - start step #33
2020-03-26 15:10:40,312 - exp_torch_topics_d128_entropy_i2000_b20_q100_f512_2 - INFO - query idx: [28200 44643 60403 38921 60559  2775 96910 55675 95488 42967 55816 54165
 61077 35228  9274 11353 44154 84114 35793 31734]
2020-03-26 15:10:43,085 - exp_torch_topics_d128_entropy_i2000_b20_q100_f512_2 - INFO - finish step #33 for 8.444716215133667 sec
2020-03-26 15:10:43,087 - exp_torch_topics_d128_entropy_i2000_b20_q100_f512_2 - INFO - current val_accuracy: 0.45742457689477556
2020-03-26 15:10:43,087 - exp_torch_topics_d128_entropy_i2000_b20_q100_f512_2 - INFO - start step #34
2020-03-26 15:10:48,740 - exp_torch_topics_d128_entropy_i2000_b20_q100_f512_2 - INFO - query idx: [17945 52504 47810 18121 81134 66325 34330 18600 59934 57863 25280 86171
 33478 50347 52446 63954 74107 99307  3926 59182]
2020-03-26 15:10:51,263 - exp_torch_topics_d128_entropy_i2000_b20_q100_f512_2 - INFO - finish step #34 for 8.176116943359375 sec
2020-03-26 15:10:51,263 - exp_torch_topics_d128_entropy_i2000_b20_q100_f512_2 - INFO - current val_accuracy: 0.4550699043414275
2020-03-26 15:10:51,264 - exp_torch_topics_d128_entropy_i2000_b20_q100_f512_2 - INFO - start step #35
2020-03-26 15:10:56,973 - exp_torch_topics_d128_entropy_i2000_b20_q100_f512_2 - INFO - query idx: [10319 15800 52386 29903 56426 25251 63869 73446 76456 77164 39830 23338
 32281 30778 78758 44208 76241 43450 28875 53785]
2020-03-26 15:10:59,514 - exp_torch_topics_d128_entropy_i2000_b20_q100_f512_2 - INFO - finish step #35 for 8.250133037567139 sec
2020-03-26 15:10:59,514 - exp_torch_topics_d128_entropy_i2000_b20_q100_f512_2 - INFO - current val_accuracy: 0.4550993377483444
2020-03-26 15:10:59,514 - exp_torch_topics_d128_entropy_i2000_b20_q100_f512_2 - INFO - start step #36
2020-03-26 15:11:05,485 - exp_torch_topics_d128_entropy_i2000_b20_q100_f512_2 - INFO - query idx: [40216   952 61129 88333 73855 69261  6248 60669 32370 31730 68574   962
 54060  9698 35568 35882 20453 98200 85251 34433]
2020-03-26 15:11:08,073 - exp_torch_topics_d128_entropy_i2000_b20_q100_f512_2 - INFO - finish step #36 for 8.55866003036499 sec
2020-03-26 15:11:08,073 - exp_torch_topics_d128_entropy_i2000_b20_q100_f512_2 - INFO - current val_accuracy: 0.4596909492273731
2020-03-26 15:11:08,073 - exp_torch_topics_d128_entropy_i2000_b20_q100_f512_2 - INFO - start step #37
2020-03-26 15:11:13,862 - exp_torch_topics_d128_entropy_i2000_b20_q100_f512_2 - INFO - query idx: [78683 72236 16099 93915 57622 12248 67196  1323 42250 70863 85176  5419
 85903 16870 49663 79257 77717 27045 82821 56124]
2020-03-26 15:11:16,383 - exp_torch_topics_d128_entropy_i2000_b20_q100_f512_2 - INFO - finish step #37 for 8.309499025344849 sec
2020-03-26 15:11:16,383 - exp_torch_topics_d128_entropy_i2000_b20_q100_f512_2 - INFO - current val_accuracy: 0.45636497424576894
2020-03-26 15:11:16,383 - exp_torch_topics_d128_entropy_i2000_b20_q100_f512_2 - INFO - start step #38
2020-03-26 15:11:22,020 - exp_torch_topics_d128_entropy_i2000_b20_q100_f512_2 - INFO - query idx: [44274 26427 22744 39526 50581 59020 20985 16032  3101 80615 65502 68682
 78880 33285 58453 22752 66561 68274 26428 11978]
2020-03-26 15:11:24,668 - exp_torch_topics_d128_entropy_i2000_b20_q100_f512_2 - INFO - finish step #38 for 8.284420013427734 sec
2020-03-26 15:11:24,668 - exp_torch_topics_d128_entropy_i2000_b20_q100_f512_2 - INFO - current val_accuracy: 0.45589403973509934
2020-03-26 15:11:24,668 - exp_torch_topics_d128_entropy_i2000_b20_q100_f512_2 - INFO - start step #39
2020-03-26 15:11:30,371 - exp_torch_topics_d128_entropy_i2000_b20_q100_f512_2 - INFO - query idx: [17875 22056 87986 65888 94370 39625 75967 94877 60999  3978 92865 95336
 95065 51772 54038 92556 14277  1008  7601 91928]
2020-03-26 15:11:32,924 - exp_torch_topics_d128_entropy_i2000_b20_q100_f512_2 - INFO - finish step #39 for 8.256094932556152 sec
2020-03-26 15:11:32,925 - exp_torch_topics_d128_entropy_i2000_b20_q100_f512_2 - INFO - current val_accuracy: 0.4580721118469463
2020-03-26 15:11:32,925 - exp_torch_topics_d128_entropy_i2000_b20_q100_f512_2 - INFO - start step #40
2020-03-26 15:11:38,579 - exp_torch_topics_d128_entropy_i2000_b20_q100_f512_2 - INFO - query idx: [52546 14302 47315 18121 88521 87787 89874 46840 95574 93961 27145  2239
 98039 30608 59896 49071 37242 58047 96581  5199]
2020-03-26 15:11:41,134 - exp_torch_topics_d128_entropy_i2000_b20_q100_f512_2 - INFO - finish step #40 for 8.209628820419312 sec
2020-03-26 15:11:41,135 - exp_torch_topics_d128_entropy_i2000_b20_q100_f512_2 - INFO - current val_accuracy: 0.4603679175864606
2020-03-26 15:11:41,135 - exp_torch_topics_d128_entropy_i2000_b20_q100_f512_2 - INFO - start step #41
2020-03-26 15:11:54,322 - exp_torch_topics_d128_entropy_i2000_b20_q100_f512_2 - INFO - query idx: [83557 68679 11751 26366 66622 85657   718 26867  3144 71900 77804 11106
 26082 69176 73455 30610 56126 36089  7570 35657]
2020-03-26 15:12:02,139 - exp_torch_topics_d128_entropy_i2000_b20_q100_f512_2 - INFO - finish step #41 for 21.003814935684204 sec
2020-03-26 15:12:02,139 - exp_torch_topics_d128_entropy_i2000_b20_q100_f512_2 - INFO - current val_accuracy: 0.45898454746136863
2020-03-26 15:12:02,139 - exp_torch_topics_d128_entropy_i2000_b20_q100_f512_2 - INFO - start step #42
2020-03-26 15:12:08,064 - exp_torch_topics_d128_entropy_i2000_b20_q100_f512_2 - INFO - query idx: [72847 22703 18875 83940 15292 48585 15591 35927 30891 19665 48227 69864
  5499 95161  8213 37613 66210 27165 20713 64390]
2020-03-26 15:12:10,914 - exp_torch_topics_d128_entropy_i2000_b20_q100_f512_2 - INFO - finish step #42 for 8.774809837341309 sec
2020-03-26 15:12:10,914 - exp_torch_topics_d128_entropy_i2000_b20_q100_f512_2 - INFO - current val_accuracy: 0.46445916114790287
2020-03-26 15:12:10,914 - exp_torch_topics_d128_entropy_i2000_b20_q100_f512_2 - INFO - start step #43
2020-03-26 15:12:17,166 - exp_torch_topics_d128_entropy_i2000_b20_q100_f512_2 - INFO - query idx: [53065 18014 69963 30858 13827 35134 23012 70840 73600 73116  5481 13840
  6421 87069 15127 51009  7080 65714    83 94692]
2020-03-26 15:12:19,747 - exp_torch_topics_d128_entropy_i2000_b20_q100_f512_2 - INFO - finish step #43 for 8.832299947738647 sec
2020-03-26 15:12:19,747 - exp_torch_topics_d128_entropy_i2000_b20_q100_f512_2 - INFO - current val_accuracy: 0.4594260485651214
2020-03-26 15:12:19,747 - exp_torch_topics_d128_entropy_i2000_b20_q100_f512_2 - INFO - start step #44
2020-03-26 15:12:25,531 - exp_torch_topics_d128_entropy_i2000_b20_q100_f512_2 - INFO - query idx: [29543 73950 57411 89020 50261 50117 96418 11672 30646 64608 14268 95351
 11555 57627 14949 37710 29150 89003 28815 45186]
2020-03-26 15:12:28,163 - exp_torch_topics_d128_entropy_i2000_b20_q100_f512_2 - INFO - finish step #44 for 8.415446996688843 sec
2020-03-26 15:12:28,163 - exp_torch_topics_d128_entropy_i2000_b20_q100_f512_2 - INFO - current val_accuracy: 0.4583664459161148
2020-03-26 15:12:28,163 - exp_torch_topics_d128_entropy_i2000_b20_q100_f512_2 - INFO - start step #45
2020-03-26 15:12:33,854 - exp_torch_topics_d128_entropy_i2000_b20_q100_f512_2 - INFO - query idx: [82481 21469 67746 43723 39578 68343  3359 73298 64483  4071   516 20756
 13727   387  9221 17355 56743 87425 26254 54537]
2020-03-26 15:12:36,490 - exp_torch_topics_d128_entropy_i2000_b20_q100_f512_2 - INFO - finish step #45 for 8.32673716545105 sec
2020-03-26 15:12:36,490 - exp_torch_topics_d128_entropy_i2000_b20_q100_f512_2 - INFO - current val_accuracy: 0.45766004415011036
2020-03-26 15:12:36,490 - exp_torch_topics_d128_entropy_i2000_b20_q100_f512_2 - INFO - start step #46
2020-03-26 15:12:42,215 - exp_torch_topics_d128_entropy_i2000_b20_q100_f512_2 - INFO - query idx: [60924 67983 43663 51408 28084 63563 32193 97497 97707 92550 69244 96366
 33353 93762 22593 86144  1244 42375 35657 67070]
2020-03-26 15:12:44,775 - exp_torch_topics_d128_entropy_i2000_b20_q100_f512_2 - INFO - finish step #46 for 8.284239053726196 sec
2020-03-26 15:12:44,775 - exp_torch_topics_d128_entropy_i2000_b20_q100_f512_2 - INFO - current val_accuracy: 0.45512877115526124
2020-03-26 15:12:44,775 - exp_torch_topics_d128_entropy_i2000_b20_q100_f512_2 - INFO - start step #47
2020-03-26 15:12:50,583 - exp_torch_topics_d128_entropy_i2000_b20_q100_f512_2 - INFO - query idx: [ 8785 31160 15686 21880  9788 27538 27203 19961 70871 88521 88091 18889
 64964  4231 25670 74090 89276 68462 33868 10908]
2020-03-26 15:12:53,142 - exp_torch_topics_d128_entropy_i2000_b20_q100_f512_2 - INFO - finish step #47 for 8.366586923599243 sec
2020-03-26 15:12:53,142 - exp_torch_topics_d128_entropy_i2000_b20_q100_f512_2 - INFO - current val_accuracy: 0.46101545253863135
2020-03-26 15:12:53,142 - exp_torch_topics_d128_entropy_i2000_b20_q100_f512_2 - INFO - start step #48
2020-03-26 15:12:58,973 - exp_torch_topics_d128_entropy_i2000_b20_q100_f512_2 - INFO - query idx: [97026 47279 25687 66570 30428 94094 56988 37052 97551 91882 33178 13454
 32680 73462 64617 73379   615 52786 37328 67502]
2020-03-26 15:13:01,752 - exp_torch_topics_d128_entropy_i2000_b20_q100_f512_2 - INFO - finish step #48 for 8.610228061676025 sec
2020-03-26 15:13:01,752 - exp_torch_topics_d128_entropy_i2000_b20_q100_f512_2 - INFO - current val_accuracy: 0.4630757910228109
2020-03-26 15:13:01,753 - exp_torch_topics_d128_entropy_i2000_b20_q100_f512_2 - INFO - start step #49
2020-03-26 15:13:07,625 - exp_torch_topics_d128_entropy_i2000_b20_q100_f512_2 - INFO - query idx: [60455 60106 79554 16623 89915 16736 10809 81800 90846 10664 13926 18784
 62464 55948 31285 85401 37252 40609  5064 54449]
2020-03-26 15:13:10,145 - exp_torch_topics_d128_entropy_i2000_b20_q100_f512_2 - INFO - finish step #49 for 8.392219066619873 sec
2020-03-26 15:13:10,145 - exp_torch_topics_d128_entropy_i2000_b20_q100_f512_2 - INFO - current val_accuracy: 0.4623693892568065
2020-03-26 15:13:10,145 - exp_torch_topics_d128_entropy_i2000_b20_q100_f512_2 - INFO - start step #50
2020-03-26 15:13:15,941 - exp_torch_topics_d128_entropy_i2000_b20_q100_f512_2 - INFO - query idx: [43694  2011 58060 37088 17521 19066 26167 69448 65392 31361 75504 80336
 28514 36879 96455 30705 32942  8357 63946 69672]
2020-03-26 15:13:18,473 - exp_torch_topics_d128_entropy_i2000_b20_q100_f512_2 - INFO - finish step #50 for 8.327872037887573 sec
2020-03-26 15:13:18,473 - exp_torch_topics_d128_entropy_i2000_b20_q100_f512_2 - INFO - current val_accuracy: 0.45863134657836646
2020-03-26 15:13:18,474 - exp_torch_topics_d128_entropy_i2000_b20_q100_f512_2 - INFO - start step #51
2020-03-26 15:13:24,112 - exp_torch_topics_d128_entropy_i2000_b20_q100_f512_2 - INFO - query idx: [43735 20854 54836 27881 76126 95364 54807  8273 52695 10379 74694 73656
 49973 19685  3403 56990 66043  5176 20876 42050]
2020-03-26 15:13:26,628 - exp_torch_topics_d128_entropy_i2000_b20_q100_f512_2 - INFO - finish step #51 for 8.153828144073486 sec
2020-03-26 15:13:26,628 - exp_torch_topics_d128_entropy_i2000_b20_q100_f512_2 - INFO - current val_accuracy: 0.46469462840323766
2020-03-26 15:13:26,628 - exp_torch_topics_d128_entropy_i2000_b20_q100_f512_2 - INFO - start step #52
2020-03-26 15:13:32,550 - exp_torch_topics_d128_entropy_i2000_b20_q100_f512_2 - INFO - query idx: [93516 92194  6504 49220 79763 28962 56439 61011  8677 41349 18869 73450
   172 72411 93292 84031 42603 19653 40513 92754]
2020-03-26 15:13:35,892 - exp_torch_topics_d128_entropy_i2000_b20_q100_f512_2 - INFO - finish step #52 for 9.262931823730469 sec
2020-03-26 15:13:35,893 - exp_torch_topics_d128_entropy_i2000_b20_q100_f512_2 - INFO - current val_accuracy: 0.4650478292862399
2020-03-26 15:13:35,894 - exp_torch_topics_d128_entropy_i2000_b20_q100_f512_2 - INFO - start step #53
2020-03-26 15:13:42,102 - exp_torch_topics_d128_entropy_i2000_b20_q100_f512_2 - INFO - query idx: [42463 58187 83316 22507 98529 55657 40058 64520 12967 71761 93893 62872
 33882 86019 15749 70547 94378 21390 15999 93450]
2020-03-26 15:13:44,869 - exp_torch_topics_d128_entropy_i2000_b20_q100_f512_2 - INFO - finish step #53 for 8.97499680519104 sec
2020-03-26 15:13:44,869 - exp_torch_topics_d128_entropy_i2000_b20_q100_f512_2 - INFO - current val_accuracy: 0.4640765268579838
2020-03-26 15:13:44,869 - exp_torch_topics_d128_entropy_i2000_b20_q100_f512_2 - INFO - start step #54
2020-03-26 15:13:50,720 - exp_torch_topics_d128_entropy_i2000_b20_q100_f512_2 - INFO - query idx: [64061 92905 97547 27592  5369 67205 78135 64747  4662   329 80440 86721
 71989 23276  2923 15156 21299 48720   546 42482]
2020-03-26 15:13:53,303 - exp_torch_topics_d128_entropy_i2000_b20_q100_f512_2 - INFO - finish step #54 for 8.433781862258911 sec
2020-03-26 15:13:53,303 - exp_torch_topics_d128_entropy_i2000_b20_q100_f512_2 - INFO - current val_accuracy: 0.4627520235467255
2020-03-26 15:13:53,303 - exp_torch_topics_d128_entropy_i2000_b20_q100_f512_2 - INFO - start step #55
2020-03-26 15:13:58,867 - exp_torch_topics_d128_entropy_i2000_b20_q100_f512_2 - INFO - query idx: [34288 93406 35161 21684 43153 58021 44339 85027  3786 51154 16555 71189
 82553 75525 17970 68047 28984 85844 36619 86160]
2020-03-26 15:14:01,297 - exp_torch_topics_d128_entropy_i2000_b20_q100_f512_2 - INFO - finish step #55 for 7.993295192718506 sec
2020-03-26 15:14:01,297 - exp_torch_topics_d128_entropy_i2000_b20_q100_f512_2 - INFO - current val_accuracy: 0.46507726269315675
2020-03-26 15:14:01,297 - exp_torch_topics_d128_entropy_i2000_b20_q100_f512_2 - INFO - start step #56
2020-03-26 15:14:06,880 - exp_torch_topics_d128_entropy_i2000_b20_q100_f512_2 - INFO - query idx: [95271 74856 86531  2487 35491 83530  8748  5126 42587 76641 84365 34019
 19288 97515 17346 45937 19911 35472 88174 33768]
2020-03-26 15:14:09,423 - exp_torch_topics_d128_entropy_i2000_b20_q100_f512_2 - INFO - finish step #56 for 8.125629186630249 sec
2020-03-26 15:14:09,423 - exp_torch_topics_d128_entropy_i2000_b20_q100_f512_2 - INFO - current val_accuracy: 0.46584253127299485
2020-03-26 15:14:09,423 - exp_torch_topics_d128_entropy_i2000_b20_q100_f512_2 - INFO - start step #57
2020-03-26 15:14:15,041 - exp_torch_topics_d128_entropy_i2000_b20_q100_f512_2 - INFO - query idx: [89326 69442 81973 32152 13896 61552 11776  6438 66664 42543  5541 68236
  4920 68244 17504 52646 50289 66651 22732 59291]
2020-03-26 15:14:17,481 - exp_torch_topics_d128_entropy_i2000_b20_q100_f512_2 - INFO - finish step #57 for 8.057911157608032 sec
2020-03-26 15:14:17,482 - exp_torch_topics_d128_entropy_i2000_b20_q100_f512_2 - INFO - current val_accuracy: 0.46125091979396615
2020-03-26 15:14:17,482 - exp_torch_topics_d128_entropy_i2000_b20_q100_f512_2 - INFO - start step #58
2020-03-26 15:14:23,057 - exp_torch_topics_d128_entropy_i2000_b20_q100_f512_2 - INFO - query idx: [66643 76999 17412 81962 57442 64407 27524 47744  6473 14494 22038 55622
 16756 71297 27973 90255 63795 16477 61754 87377]
2020-03-26 15:14:25,568 - exp_torch_topics_d128_entropy_i2000_b20_q100_f512_2 - INFO - finish step #58 for 8.085728883743286 sec
2020-03-26 15:14:25,568 - exp_torch_topics_d128_entropy_i2000_b20_q100_f512_2 - INFO - current val_accuracy: 0.46584253127299485
2020-03-26 15:14:25,568 - exp_torch_topics_d128_entropy_i2000_b20_q100_f512_2 - INFO - start step #59
2020-03-26 15:14:31,307 - exp_torch_topics_d128_entropy_i2000_b20_q100_f512_2 - INFO - query idx: [21742 14960 47138 91079 41188 41404  9740 81033 29649 76154 65569 94330
 21086 35513 81951  5196 70523 44422  3492 97711]
2020-03-26 15:14:34,013 - exp_torch_topics_d128_entropy_i2000_b20_q100_f512_2 - INFO - finish step #59 for 8.44473385810852 sec
2020-03-26 15:14:34,013 - exp_torch_topics_d128_entropy_i2000_b20_q100_f512_2 - INFO - current val_accuracy: 0.46545989698307577
2020-03-26 15:14:34,013 - exp_torch_topics_d128_entropy_i2000_b20_q100_f512_2 - INFO - start step #60
2020-03-26 15:14:39,642 - exp_torch_topics_d128_entropy_i2000_b20_q100_f512_2 - INFO - query idx: [31625  2632 46460 48586 21926 55401 29853 84623 57189 91421 89834  7577
 42602  9248 56425 13682 70343  4627 92796 89858]
2020-03-26 15:14:42,176 - exp_torch_topics_d128_entropy_i2000_b20_q100_f512_2 - INFO - finish step #60 for 8.163052082061768 sec
2020-03-26 15:14:42,176 - exp_torch_topics_d128_entropy_i2000_b20_q100_f512_2 - INFO - current val_accuracy: 0.46899190581309785
2020-03-26 15:14:42,177 - exp_torch_topics_d128_entropy_i2000_b20_q100_f512_2 - INFO - start step #61
2020-03-26 15:14:52,653 - exp_torch_topics_d128_entropy_i2000_b20_q100_f512_2 - INFO - query idx: [54835 13374 54898 68933 80977 44904 87392 97983 63558 40114 10316 13504
 39656 83391 35032 16211 92417 52875 23246 48021]
2020-03-26 15:14:59,188 - exp_torch_topics_d128_entropy_i2000_b20_q100_f512_2 - INFO - finish step #61 for 17.0115168094635 sec
2020-03-26 15:14:59,189 - exp_torch_topics_d128_entropy_i2000_b20_q100_f512_2 - INFO - current val_accuracy: 0.46678440029433405
2020-03-26 15:14:59,189 - exp_torch_topics_d128_entropy_i2000_b20_q100_f512_2 - INFO - start step #62
2020-03-26 15:15:17,588 - exp_torch_topics_d128_entropy_i2000_b20_q100_f512_2 - INFO - query idx: [74503 17149 11688 65283 90199 27716 16596 21570 97657 90749 84227  2254
 57582 70347 81696 43580 83275 37301 30925 40065]
2020-03-26 15:15:28,969 - exp_torch_topics_d128_entropy_i2000_b20_q100_f512_2 - INFO - finish step #62 for 29.780009984970093 sec
2020-03-26 15:15:28,969 - exp_torch_topics_d128_entropy_i2000_b20_q100_f512_2 - INFO - current val_accuracy: 0.4704635761589404
2020-03-26 15:15:28,970 - exp_torch_topics_d128_entropy_i2000_b20_q100_f512_2 - INFO - start step #63
2020-03-26 15:15:45,969 - exp_torch_topics_d128_entropy_i2000_b20_q100_f512_2 - INFO - query idx: [90555 27847 29501 66390 29025 38015 37760 55753 11206 30196 42782  5189
 51318 70674 93462 45313 23216 37564 75553   450]
2020-03-26 15:15:52,257 - exp_torch_topics_d128_entropy_i2000_b20_q100_f512_2 - INFO - finish step #63 for 23.2868971824646 sec
2020-03-26 15:15:52,257 - exp_torch_topics_d128_entropy_i2000_b20_q100_f512_2 - INFO - current val_accuracy: 0.4676674025018396
2020-03-26 15:15:52,258 - exp_torch_topics_d128_entropy_i2000_b20_q100_f512_2 - INFO - start step #64
2020-03-26 15:15:59,606 - exp_torch_topics_d128_entropy_i2000_b20_q100_f512_2 - INFO - query idx: [45399 94125 13348 91432 40318 19769 27304 23103 44725 59555 98599 34074
 76405 20988 14567 20385 32120 17767  8493 56069]
2020-03-26 15:16:03,505 - exp_torch_topics_d128_entropy_i2000_b20_q100_f512_2 - INFO - finish step #64 for 11.247632026672363 sec
2020-03-26 15:16:03,505 - exp_torch_topics_d128_entropy_i2000_b20_q100_f512_2 - INFO - current val_accuracy: 0.4699337748344371
2020-03-26 15:16:03,506 - exp_torch_topics_d128_entropy_i2000_b20_q100_f512_2 - INFO - start step #65
2020-03-26 15:16:10,201 - exp_torch_topics_d128_entropy_i2000_b20_q100_f512_2 - INFO - query idx: [42176 17146 45390 87557 18809 67733 83852 82105 58555 69681 68357 71936
 28226  8687 81931 72829 13275 72713 77586 50389]
2020-03-26 15:16:13,368 - exp_torch_topics_d128_entropy_i2000_b20_q100_f512_2 - INFO - finish step #65 for 9.862130880355835 sec
2020-03-26 15:16:13,368 - exp_torch_topics_d128_entropy_i2000_b20_q100_f512_2 - INFO - current val_accuracy: 0.4705518763796909
2020-03-26 15:16:13,368 - exp_torch_topics_d128_entropy_i2000_b20_q100_f512_2 - INFO - start step #66
2020-03-26 15:16:20,277 - exp_torch_topics_d128_entropy_i2000_b20_q100_f512_2 - INFO - query idx: [ 8264 75175  9712  7947 88628 59116 11960 86501  6489 38568 80598 98315
 60291 42251 61066 13993 70191 19326 80903 48855]
2020-03-26 15:16:23,417 - exp_torch_topics_d128_entropy_i2000_b20_q100_f512_2 - INFO - finish step #66 for 10.049178123474121 sec
2020-03-26 15:16:23,418 - exp_torch_topics_d128_entropy_i2000_b20_q100_f512_2 - INFO - current val_accuracy: 0.4708756438557763
2020-03-26 15:16:23,418 - exp_torch_topics_d128_entropy_i2000_b20_q100_f512_2 - INFO - start step #67
2020-03-26 15:16:29,957 - exp_torch_topics_d128_entropy_i2000_b20_q100_f512_2 - INFO - query idx: [22207 20642 61309 66804 30604 25210 34862 68886 59937 83545 95238 47912
 66905 93673 16228  1629 32362 74153 57716 58665]
2020-03-26 15:16:33,015 - exp_torch_topics_d128_entropy_i2000_b20_q100_f512_2 - INFO - finish step #67 for 9.59652829170227 sec
2020-03-26 15:16:33,015 - exp_torch_topics_d128_entropy_i2000_b20_q100_f512_2 - INFO - current val_accuracy: 0.4709933774834437
2020-03-26 15:16:33,015 - exp_torch_topics_d128_entropy_i2000_b20_q100_f512_2 - INFO - start step #68
2020-03-26 15:16:40,218 - exp_torch_topics_d128_entropy_i2000_b20_q100_f512_2 - INFO - query idx: [63175 55272 83228 70619 23303 54032  9537 92205 69033 93052 67801  4676
 72516 24201 35619 45381  1552 66392 37331 43606]
2020-03-26 15:16:43,675 - exp_torch_topics_d128_entropy_i2000_b20_q100_f512_2 - INFO - finish step #68 for 10.6597421169281 sec
2020-03-26 15:16:43,675 - exp_torch_topics_d128_entropy_i2000_b20_q100_f512_2 - INFO - current val_accuracy: 0.47175864606328183
2020-03-26 15:16:43,675 - exp_torch_topics_d128_entropy_i2000_b20_q100_f512_2 - INFO - start step #69
2020-03-26 15:16:50,595 - exp_torch_topics_d128_entropy_i2000_b20_q100_f512_2 - INFO - query idx: [ 3236 34218 34230 22305 55316  9038 55965 92853 16102 79651 87438 47226
 48091 23520 12485 69814 32687 31133 48696 21202]
2020-03-26 15:16:55,302 - exp_torch_topics_d128_entropy_i2000_b20_q100_f512_2 - INFO - finish step #69 for 11.626535892486572 sec
2020-03-26 15:16:55,302 - exp_torch_topics_d128_entropy_i2000_b20_q100_f512_2 - INFO - current val_accuracy: 0.4733774834437086
2020-03-26 15:16:55,302 - exp_torch_topics_d128_entropy_i2000_b20_q100_f512_2 - INFO - start step #70
2020-03-26 15:17:08,058 - exp_torch_topics_d128_entropy_i2000_b20_q100_f512_2 - INFO - query idx: [75104 74383 93965 84580 37429 17026  3025 20760 98499 41470 52918 22472
 45994 91782 35124 93937 32742 85875  8099 62497]
2020-03-26 15:17:15,400 - exp_torch_topics_d128_entropy_i2000_b20_q100_f512_2 - INFO - finish step #70 for 20.09792709350586 sec
2020-03-26 15:17:15,401 - exp_torch_topics_d128_entropy_i2000_b20_q100_f512_2 - INFO - current val_accuracy: 0.4727299484915379
2020-03-26 15:17:15,401 - exp_torch_topics_d128_entropy_i2000_b20_q100_f512_2 - INFO - start step #71
2020-03-26 15:17:22,725 - exp_torch_topics_d128_entropy_i2000_b20_q100_f512_2 - INFO - query idx: [52099 10701 26678  4196 83180 58127 10692 26399  5675 53127 81676 49344
 29107 58629 29275   793  6472 10910 32547 85960]
2020-03-26 15:17:25,983 - exp_torch_topics_d128_entropy_i2000_b20_q100_f512_2 - INFO - finish step #71 for 10.581942081451416 sec
2020-03-26 15:17:25,983 - exp_torch_topics_d128_entropy_i2000_b20_q100_f512_2 - INFO - current val_accuracy: 0.4746431199411332
2020-03-26 15:17:25,984 - exp_torch_topics_d128_entropy_i2000_b20_q100_f512_2 - INFO - start step #72
2020-03-26 15:17:33,231 - exp_torch_topics_d128_entropy_i2000_b20_q100_f512_2 - INFO - query idx: [25541 73868 30795 50560 49559 61218 34415 61544 82937 51544 43408  8573
 82347 81314 37938 36965 27007 75823 13597 63400]
2020-03-26 15:17:36,412 - exp_torch_topics_d128_entropy_i2000_b20_q100_f512_2 - INFO - finish step #72 for 10.427804946899414 sec
2020-03-26 15:17:36,412 - exp_torch_topics_d128_entropy_i2000_b20_q100_f512_2 - INFO - current val_accuracy: 0.4763796909492274
2020-03-26 15:17:36,412 - exp_torch_topics_d128_entropy_i2000_b20_q100_f512_2 - INFO - start step #73
2020-03-26 15:17:43,325 - exp_torch_topics_d128_entropy_i2000_b20_q100_f512_2 - INFO - query idx: [ 1995 41754 64553 77298  8097 97640 43449  4859 97586 14781 87566 35380
 48954 55427 88558  9243 94205 17948 30662 25478]
2020-03-26 15:17:46,624 - exp_torch_topics_d128_entropy_i2000_b20_q100_f512_2 - INFO - finish step #73 for 10.212069988250732 sec
2020-03-26 15:17:46,625 - exp_torch_topics_d128_entropy_i2000_b20_q100_f512_2 - INFO - current val_accuracy: 0.47152317880794703
2020-03-26 15:17:46,625 - exp_torch_topics_d128_entropy_i2000_b20_q100_f512_2 - INFO - start step #74
2020-03-26 15:17:53,584 - exp_torch_topics_d128_entropy_i2000_b20_q100_f512_2 - INFO - query idx: [39461 82369 62364 34890  1006 12080 54130 29487 74840 22578 43964 71407
 82694  3475 79375 22583 57899 95935 42781 11088]
2020-03-26 15:17:57,026 - exp_torch_topics_d128_entropy_i2000_b20_q100_f512_2 - INFO - finish step #74 for 10.401167154312134 sec
2020-03-26 15:17:57,026 - exp_torch_topics_d128_entropy_i2000_b20_q100_f512_2 - INFO - current val_accuracy: 0.47673289183222956
2020-03-26 15:17:57,026 - exp_torch_topics_d128_entropy_i2000_b20_q100_f512_2 - INFO - start step #75
2020-03-26 15:18:04,051 - exp_torch_topics_d128_entropy_i2000_b20_q100_f512_2 - INFO - query idx: [38724 59466 74238 93366 54684 43828 36430 35031 82101 67437 53474  3164
 58604  3951 65573 53869 53233 28563 49276 81273]
2020-03-26 15:18:07,439 - exp_torch_topics_d128_entropy_i2000_b20_q100_f512_2 - INFO - finish step #75 for 10.41235613822937 sec
2020-03-26 15:18:07,439 - exp_torch_topics_d128_entropy_i2000_b20_q100_f512_2 - INFO - current val_accuracy: 0.47490802060338483
2020-03-26 15:18:07,439 - exp_torch_topics_d128_entropy_i2000_b20_q100_f512_2 - INFO - start step #76
2020-03-26 15:18:14,586 - exp_torch_topics_d128_entropy_i2000_b20_q100_f512_2 - INFO - query idx: [68598 48864 85781 94887 95293 29178 59137  8786  2675 57575 60008 48623
 22113 32573 38230 32564  6904 89976 49884 53193]
2020-03-26 15:18:17,791 - exp_torch_topics_d128_entropy_i2000_b20_q100_f512_2 - INFO - finish step #76 for 10.352220058441162 sec
2020-03-26 15:18:17,792 - exp_torch_topics_d128_entropy_i2000_b20_q100_f512_2 - INFO - current val_accuracy: 0.472700515084621
2020-03-26 15:18:17,792 - exp_torch_topics_d128_entropy_i2000_b20_q100_f512_2 - INFO - start step #77
2020-03-26 15:18:24,635 - exp_torch_topics_d128_entropy_i2000_b20_q100_f512_2 - INFO - query idx: [16814 13478 27337 49973 87434  5664   961 69427 68849 47277 21718 89253
 97092 93226 64015 61251 73117 41909 35911 73899]
2020-03-26 15:18:27,900 - exp_torch_topics_d128_entropy_i2000_b20_q100_f512_2 - INFO - finish step #77 for 10.108177900314331 sec
2020-03-26 15:18:27,900 - exp_torch_topics_d128_entropy_i2000_b20_q100_f512_2 - INFO - current val_accuracy: 0.4696394407652686
2020-03-26 15:18:27,900 - exp_torch_topics_d128_entropy_i2000_b20_q100_f512_2 - INFO - start step #78
2020-03-26 15:18:35,224 - exp_torch_topics_d128_entropy_i2000_b20_q100_f512_2 - INFO - query idx: [15945 71617 20299 88153 47321 79867 49791 32784 35272 49055  1229 89865
 89780 44553 36659 48740 85891 87598 15716  1345]
2020-03-26 15:18:38,401 - exp_torch_topics_d128_entropy_i2000_b20_q100_f512_2 - INFO - finish step #78 for 10.500893354415894 sec
2020-03-26 15:18:38,402 - exp_torch_topics_d128_entropy_i2000_b20_q100_f512_2 - INFO - current val_accuracy: 0.47970566593083147
2020-03-26 15:18:38,402 - exp_torch_topics_d128_entropy_i2000_b20_q100_f512_2 - INFO - start step #79
2020-03-26 15:18:45,460 - exp_torch_topics_d128_entropy_i2000_b20_q100_f512_2 - INFO - query idx: [54752 56834 42684  7440 60628 79775 44236 50630 20938 58843 67156 11507
 16980 18329 83202 20090 91228 71363  6335 83983]
2020-03-26 15:18:48,832 - exp_torch_topics_d128_entropy_i2000_b20_q100_f512_2 - INFO - finish step #79 for 10.430558919906616 sec
2020-03-26 15:18:48,833 - exp_torch_topics_d128_entropy_i2000_b20_q100_f512_2 - INFO - current val_accuracy: 0.4752317880794702
2020-03-26 15:18:48,833 - exp_torch_topics_d128_entropy_i2000_b20_q100_f512_2 - INFO - start step #80
2020-03-26 15:18:56,123 - exp_torch_topics_d128_entropy_i2000_b20_q100_f512_2 - INFO - query idx: [46375 49709 59229 80522 21518 57816  9641 50850 59358   241 87989 11630
 23874 12280 26288 55718 25633 77385 43264 77212]
2020-03-26 15:18:59,562 - exp_torch_topics_d128_entropy_i2000_b20_q100_f512_2 - INFO - finish step #80 for 10.728296756744385 sec
2020-03-26 15:18:59,562 - exp_torch_topics_d128_entropy_i2000_b20_q100_f512_2 - INFO - current val_accuracy: 0.4729359823399559
2020-03-26 15:18:59,562 - exp_torch_topics_d128_entropy_i2000_b20_q100_f512_2 - INFO - start step #81
2020-03-26 15:19:06,621 - exp_torch_topics_d128_entropy_i2000_b20_q100_f512_2 - INFO - query idx: [94260 54604 84201 64840 45985 60063 22230 69582 41064 92224 85593 81543
 23592 74098 27526 16363 18519 66536 60065 91155]
2020-03-26 15:19:09,885 - exp_torch_topics_d128_entropy_i2000_b20_q100_f512_2 - INFO - finish step #81 for 10.321934223175049 sec
2020-03-26 15:19:09,886 - exp_torch_topics_d128_entropy_i2000_b20_q100_f512_2 - INFO - current val_accuracy: 0.473701250919794
2020-03-26 15:19:09,886 - exp_torch_topics_d128_entropy_i2000_b20_q100_f512_2 - INFO - start step #82
2020-03-26 15:19:17,125 - exp_torch_topics_d128_entropy_i2000_b20_q100_f512_2 - INFO - query idx: [63934 22406 93908 95421 79591 23305 21089 66924 32520     9 92462 24478
 41135 29093 82878 73327  4021 61097 79576 52104]
2020-03-26 15:19:20,385 - exp_torch_topics_d128_entropy_i2000_b20_q100_f512_2 - INFO - finish step #82 for 10.498433113098145 sec
2020-03-26 15:19:20,385 - exp_torch_topics_d128_entropy_i2000_b20_q100_f512_2 - INFO - current val_accuracy: 0.47287711552612216
2020-03-26 15:19:20,385 - exp_torch_topics_d128_entropy_i2000_b20_q100_f512_2 - INFO - start step #83
2020-03-26 15:19:27,977 - exp_torch_topics_d128_entropy_i2000_b20_q100_f512_2 - INFO - query idx: [14278 24969 13186 71188 81342 68153  6310 25746 46010 22336 66919 59130
 15585  4609 77643 40130 53254 64251  4969 37588]
2020-03-26 15:19:31,242 - exp_torch_topics_d128_entropy_i2000_b20_q100_f512_2 - INFO - finish step #83 for 10.857097864151001 sec
2020-03-26 15:19:31,243 - exp_torch_topics_d128_entropy_i2000_b20_q100_f512_2 - INFO - current val_accuracy: 0.47673289183222956
2020-03-26 15:19:31,243 - exp_torch_topics_d128_entropy_i2000_b20_q100_f512_2 - INFO - start step #84
2020-03-26 15:19:38,259 - exp_torch_topics_d128_entropy_i2000_b20_q100_f512_2 - INFO - query idx: [12103   779 78751 23253 97799 36949 70679 26675 79099 53538   604 92658
 37460 57785 87352 59962 62864 53288 49829 58968]
2020-03-26 15:19:41,558 - exp_torch_topics_d128_entropy_i2000_b20_q100_f512_2 - INFO - finish step #84 for 10.315232992172241 sec
2020-03-26 15:19:41,558 - exp_torch_topics_d128_entropy_i2000_b20_q100_f512_2 - INFO - current val_accuracy: 0.47564385577630613
2020-03-26 15:19:41,558 - exp_torch_topics_d128_entropy_i2000_b20_q100_f512_2 - INFO - start step #85
2020-03-26 15:19:48,400 - exp_torch_topics_d128_entropy_i2000_b20_q100_f512_2 - INFO - query idx: [ 9256  4870 21299 49470 79402 57036  5671    49 89832 72393  2618 92364
 80447 12117 48847 68294  6556 95821 20988 79425]
2020-03-26 15:19:51,784 - exp_torch_topics_d128_entropy_i2000_b20_q100_f512_2 - INFO - finish step #85 for 10.225257158279419 sec
2020-03-26 15:19:51,784 - exp_torch_topics_d128_entropy_i2000_b20_q100_f512_2 - INFO - current val_accuracy: 0.47532008830022077
2020-03-26 15:19:51,784 - exp_torch_topics_d128_entropy_i2000_b20_q100_f512_2 - INFO - start step #86
2020-03-26 15:19:58,632 - exp_torch_topics_d128_entropy_i2000_b20_q100_f512_2 - INFO - query idx: [90351 15770 42760 40131 20122 65123 77711 52993 68222 14213 81342 22098
 97820 21716 75718 82479 73210 97178  3710 19114]
2020-03-26 15:20:01,762 - exp_torch_topics_d128_entropy_i2000_b20_q100_f512_2 - INFO - finish step #86 for 9.977862119674683 sec
2020-03-26 15:20:01,762 - exp_torch_topics_d128_entropy_i2000_b20_q100_f512_2 - INFO - current val_accuracy: 0.4796467991169978
2020-03-26 15:20:01,763 - exp_torch_topics_d128_entropy_i2000_b20_q100_f512_2 - INFO - start step #87
2020-03-26 15:20:08,949 - exp_torch_topics_d128_entropy_i2000_b20_q100_f512_2 - INFO - query idx: [12959 71580 51924 28807 42681 21895 79777 44775 16591 82679 86469 94350
 88403 32488 30090 52552 34831 70570 46977 29903]
2020-03-26 15:20:12,174 - exp_torch_topics_d128_entropy_i2000_b20_q100_f512_2 - INFO - finish step #87 for 10.411165237426758 sec
2020-03-26 15:20:12,174 - exp_torch_topics_d128_entropy_i2000_b20_q100_f512_2 - INFO - current val_accuracy: 0.4769977924944812
2020-03-26 15:20:12,174 - exp_torch_topics_d128_entropy_i2000_b20_q100_f512_2 - INFO - start step #88
2020-03-26 15:20:19,193 - exp_torch_topics_d128_entropy_i2000_b20_q100_f512_2 - INFO - query idx: [11496 78989 80216 80653 29754 90333  8278 63749 90049 51677 87554 51628
 15617 92730 80708 53228 96121 41441 46515 96337]
2020-03-26 15:20:22,403 - exp_torch_topics_d128_entropy_i2000_b20_q100_f512_2 - INFO - finish step #88 for 10.2288818359375 sec
2020-03-26 15:20:22,403 - exp_torch_topics_d128_entropy_i2000_b20_q100_f512_2 - INFO - current val_accuracy: 0.4776158940397351
2020-03-26 15:20:22,404 - exp_torch_topics_d128_entropy_i2000_b20_q100_f512_2 - INFO - start step #89
2020-03-26 15:20:29,352 - exp_torch_topics_d128_entropy_i2000_b20_q100_f512_2 - INFO - query idx: [62852 12466 81337 63291 31717 82940 14746 57741 92692 36831 57121 30834
 15778 51980 38583 52015 82788 43731 49377  7971]
2020-03-26 15:20:32,577 - exp_torch_topics_d128_entropy_i2000_b20_q100_f512_2 - INFO - finish step #89 for 10.172762870788574 sec
2020-03-26 15:20:32,577 - exp_torch_topics_d128_entropy_i2000_b20_q100_f512_2 - INFO - current val_accuracy: 0.47782192788815303
2020-03-26 15:20:32,577 - exp_torch_topics_d128_entropy_i2000_b20_q100_f512_2 - INFO - start step #90
2020-03-26 15:20:39,347 - exp_torch_topics_d128_entropy_i2000_b20_q100_f512_2 - INFO - query idx: [46730 86270 81663  8165 82974 41231 88180 44914 12868 32063 72694 16410
 95717  4055 42378 10080  6188 34174 35929 28924]
2020-03-26 15:20:43,338 - exp_torch_topics_d128_entropy_i2000_b20_q100_f512_2 - INFO - finish step #90 for 10.760560274124146 sec
2020-03-26 15:20:43,338 - exp_torch_topics_d128_entropy_i2000_b20_q100_f512_2 - INFO - current val_accuracy: 0.47870493009565857
2020-03-26 15:20:43,338 - exp_torch_topics_d128_entropy_i2000_b20_q100_f512_2 - INFO - start step #91
2020-03-26 15:20:50,218 - exp_torch_topics_d128_entropy_i2000_b20_q100_f512_2 - INFO - query idx: [66475 69332 30678 95211 45111 19223 60149 51198 29892 73922  7574 66994
 84135 19874 43142 87785 84509 75605 47707 35032]
2020-03-26 15:20:53,445 - exp_torch_topics_d128_entropy_i2000_b20_q100_f512_2 - INFO - finish step #91 for 10.107302188873291 sec
2020-03-26 15:20:53,446 - exp_torch_topics_d128_entropy_i2000_b20_q100_f512_2 - INFO - current val_accuracy: 0.4819131714495953
2020-03-26 15:20:53,446 - exp_torch_topics_d128_entropy_i2000_b20_q100_f512_2 - INFO - start step #92
2020-03-26 15:21:00,407 - exp_torch_topics_d128_entropy_i2000_b20_q100_f512_2 - INFO - query idx: [ 3383 50008 22180 18419 83762 31472 80670 59794 71157 61701 70509 16497
 39804 51677  6793   687 68443 89589 25064 88427]
2020-03-26 15:21:03,637 - exp_torch_topics_d128_entropy_i2000_b20_q100_f512_2 - INFO - finish step #92 for 10.190762042999268 sec
2020-03-26 15:21:03,637 - exp_torch_topics_d128_entropy_i2000_b20_q100_f512_2 - INFO - current val_accuracy: 0.47832229580573954
2020-03-26 15:21:03,637 - exp_torch_topics_d128_entropy_i2000_b20_q100_f512_2 - INFO - start step #93
2020-03-26 15:21:10,462 - exp_torch_topics_d128_entropy_i2000_b20_q100_f512_2 - INFO - query idx: [89323 74358 18549 76154 52970 83222 75196  4313 85574 60329 23565 36832
 62639 64807 45090 66274 72572 30593 72946  5564]
2020-03-26 15:21:13,797 - exp_torch_topics_d128_entropy_i2000_b20_q100_f512_2 - INFO - finish step #93 for 10.160380125045776 sec
2020-03-26 15:21:13,798 - exp_torch_topics_d128_entropy_i2000_b20_q100_f512_2 - INFO - current val_accuracy: 0.4817954378219279
2020-03-26 15:21:13,798 - exp_torch_topics_d128_entropy_i2000_b20_q100_f512_2 - INFO - start step #94
2020-03-26 15:21:20,804 - exp_torch_topics_d128_entropy_i2000_b20_q100_f512_2 - INFO - query idx: [75625 85240 81019 24418 35092 23991 66305 37037 40968 22909 97927 94042
 75684 78740 28994 41386 17035 81027  5491 39560]
2020-03-26 15:21:24,091 - exp_torch_topics_d128_entropy_i2000_b20_q100_f512_2 - INFO - finish step #94 for 10.293598890304565 sec
2020-03-26 15:21:24,092 - exp_torch_topics_d128_entropy_i2000_b20_q100_f512_2 - INFO - current val_accuracy: 0.48217807211184693
2020-03-26 15:21:24,092 - exp_torch_topics_d128_entropy_i2000_b20_q100_f512_2 - INFO - start step #95
2020-03-26 15:21:30,817 - exp_torch_topics_d128_entropy_i2000_b20_q100_f512_2 - INFO - query idx: [ 4691 33727 33169 71011 21871 21077 82303 59647 76544 84616 23296 26627
 49727 54574 79328 34144 15916 75712 84413 68341]
2020-03-26 15:21:34,650 - exp_torch_topics_d128_entropy_i2000_b20_q100_f512_2 - INFO - finish step #95 for 10.558290243148804 sec
2020-03-26 15:21:34,651 - exp_torch_topics_d128_entropy_i2000_b20_q100_f512_2 - INFO - current val_accuracy: 0.48147167034584254
2020-03-26 15:21:34,651 - exp_torch_topics_d128_entropy_i2000_b20_q100_f512_2 - INFO - start step #96
2020-03-26 15:21:49,703 - exp_torch_topics_d128_entropy_i2000_b20_q100_f512_2 - INFO - query idx: [68240 55110 85407 28902 80399 85369 41210 33020 45262 25583 72343 87426
 80264 54048 79013 15472  6015 70389  6376 64760]
2020-03-26 15:21:59,432 - exp_torch_topics_d128_entropy_i2000_b20_q100_f512_2 - INFO - finish step #96 for 24.780160903930664 sec
2020-03-26 15:21:59,432 - exp_torch_topics_d128_entropy_i2000_b20_q100_f512_2 - INFO - current val_accuracy: 0.47902869757174393
2020-03-26 15:21:59,432 - exp_torch_topics_d128_entropy_i2000_b20_q100_f512_2 - INFO - start step #97
2020-03-26 15:22:09,757 - exp_torch_topics_d128_entropy_i2000_b20_q100_f512_2 - INFO - query idx: [46548 59966 62872 90708 71749 76886 34599 15846 47543 21340 55158 71807
 74297 69295 23381 26830 92407  5331 22991 22253]
2020-03-26 15:22:14,434 - exp_torch_topics_d128_entropy_i2000_b20_q100_f512_2 - INFO - finish step #97 for 15.0018949508667 sec
2020-03-26 15:22:14,434 - exp_torch_topics_d128_entropy_i2000_b20_q100_f512_2 - INFO - current val_accuracy: 0.4859455481972038
2020-03-26 15:22:14,434 - exp_torch_topics_d128_entropy_i2000_b20_q100_f512_2 - INFO - start step #98
2020-03-26 15:22:22,542 - exp_torch_topics_d128_entropy_i2000_b20_q100_f512_2 - INFO - query idx: [97529 42788 16677 51032 66515  8347 30702 74988  3787 65234 96416 58203
 62868 40283 18910 78699  7777 72873 95942 76114]
2020-03-26 15:22:26,847 - exp_torch_topics_d128_entropy_i2000_b20_q100_f512_2 - INFO - finish step #98 for 12.412363052368164 sec
2020-03-26 15:22:26,847 - exp_torch_topics_d128_entropy_i2000_b20_q100_f512_2 - INFO - current val_accuracy: 0.4802943340691685
2020-03-26 15:22:26,847 - exp_torch_topics_d128_entropy_i2000_b20_q100_f512_2 - INFO - start step #99
2020-03-26 15:22:37,865 - exp_torch_topics_d128_entropy_i2000_b20_q100_f512_2 - INFO - query idx: [69886 66799 12241 59157 60880 62875 48655 55191 58181 84241 82544 60440
 53589  3061  6895 51055 36682 97302 83399 89552]
2020-03-26 15:22:43,589 - exp_torch_topics_d128_entropy_i2000_b20_q100_f512_2 - INFO - finish step #99 for 16.741694927215576 sec
2020-03-26 15:22:43,589 - exp_torch_topics_d128_entropy_i2000_b20_q100_f512_2 - INFO - current val_accuracy: 0.47961736571008096
2020-03-26 15:22:43,589 - exp_torch_topics_d128_entropy_i2000_b20_q100_f512_2 - INFO - finish experiment process for 1083.276631116867 sec
