2020-05-02 12:28:14,384 - exp_torch_topics_ll3.1_margin_bald_n_hidden2_i2000_b20_q200_1 - INFO - start experiment process
2020-05-02 12:28:23,173 - exp_torch_topics_ll3.1_margin_bald_n_hidden2_i2000_b20_q200_1 - INFO - initial val_accuracy: 0.02734363502575423
2020-05-02 12:28:23,174 - exp_torch_topics_ll3.1_margin_bald_n_hidden2_i2000_b20_q200_1 - INFO - start step #0
2020-05-02 12:29:07,260 - exp_torch_topics_ll3.1_margin_bald_n_hidden2_i2000_b20_q200_1 - INFO - query idx: [87790 58055  6892 26615 67198 14480 58234 69382 38890  2431 86360 60919
 44980 91099 12540 78483 26224 83965 67770 92680]
2020-05-02 12:29:22,809 - exp_torch_topics_ll3.1_margin_bald_n_hidden2_i2000_b20_q200_1 - INFO - finish step #0 for 59.62420892715454 sec
2020-05-02 12:29:22,823 - exp_torch_topics_ll3.1_margin_bald_n_hidden2_i2000_b20_q200_1 - INFO - current val_accuracy: 0.048300220750551875
2020-05-02 12:29:22,854 - exp_torch_topics_ll3.1_margin_bald_n_hidden2_i2000_b20_q200_1 - INFO - state on step 0 saved
2020-05-02 12:29:22,856 - exp_torch_topics_ll3.1_margin_bald_n_hidden2_i2000_b20_q200_1 - INFO - finish experiment process for 68.46806597709656 sec
2020-05-02 12:45:30,815 - exp_torch_topics_ll3.1_margin_bald_n_hidden2_i2000_b20_q200_1 - INFO - start experiment process
2020-05-02 12:45:39,754 - exp_torch_topics_ll3.1_margin_bald_n_hidden2_i2000_b20_q200_1 - INFO - initial val_accuracy: 0.03387785136129507
2020-05-02 12:45:39,756 - exp_torch_topics_ll3.1_margin_bald_n_hidden2_i2000_b20_q200_1 - INFO - start step #0
2020-05-02 12:46:09,059 - exp_torch_topics_ll3.1_margin_bald_n_hidden2_i2000_b20_q200_1 - INFO - query idx: [42587 77524 28779  6504 38754 57837 10093 60937  7526 57709  8882 23832
 71633 49706 55296 33085 30246 94688 15790 93502]
2020-05-02 12:46:23,707 - exp_torch_topics_ll3.1_margin_bald_n_hidden2_i2000_b20_q200_1 - INFO - finish step #0 for 43.94576907157898 sec
2020-05-02 12:46:23,713 - exp_torch_topics_ll3.1_margin_bald_n_hidden2_i2000_b20_q200_1 - INFO - current val_accuracy: 0.07243561442236938
2020-05-02 12:46:23,723 - exp_torch_topics_ll3.1_margin_bald_n_hidden2_i2000_b20_q200_1 - INFO - state on step 0 saved
2020-05-02 12:46:23,726 - exp_torch_topics_ll3.1_margin_bald_n_hidden2_i2000_b20_q200_1 - INFO - finish experiment process for 52.90696382522583 sec
2020-05-02 12:54:48,459 - exp_torch_topics_ll3.1_margin_bald_n_hidden2_i2000_b20_q200_1 - INFO - start experiment process
2020-05-02 12:54:56,368 - exp_torch_topics_ll3.1_margin_bald_n_hidden2_i2000_b20_q200_1 - INFO - initial val_accuracy: 0.01839587932303164
2020-05-02 12:54:56,370 - exp_torch_topics_ll3.1_margin_bald_n_hidden2_i2000_b20_q200_1 - INFO - start step #0
2020-05-02 12:55:17,945 - exp_torch_topics_ll3.1_margin_bald_n_hidden2_i2000_b20_q200_1 - INFO - query idx: [14321 29513 19475 61155 43530 13603 94906 75845 44312 26239 76533 48956
  5714 31426 61550 78375 43253 83211 64131 83023]
2020-05-02 12:55:33,146 - exp_torch_topics_ll3.1_margin_bald_n_hidden2_i2000_b20_q200_1 - INFO - finish step #0 for 36.77224516868591 sec
2020-05-02 12:55:33,156 - exp_torch_topics_ll3.1_margin_bald_n_hidden2_i2000_b20_q200_1 - INFO - current val_accuracy: 0.043473142016188376
2020-05-02 12:55:33,169 - exp_torch_topics_ll3.1_margin_bald_n_hidden2_i2000_b20_q200_1 - INFO - state on step 0 saved
2020-05-02 12:55:33,172 - exp_torch_topics_ll3.1_margin_bald_n_hidden2_i2000_b20_q200_1 - INFO - finish experiment process for 44.69746994972229 sec
2020-05-02 13:03:36,218 - exp_torch_topics_ll3.1_margin_bald_n_hidden2_i2000_b20_q200_1 - INFO - start experiment process
2020-05-02 13:03:43,840 - exp_torch_topics_ll3.1_margin_bald_n_hidden2_i2000_b20_q200_1 - INFO - initial val_accuracy: 0.030198675496688743
2020-05-02 13:03:43,845 - exp_torch_topics_ll3.1_margin_bald_n_hidden2_i2000_b20_q200_1 - INFO - start step #0
2020-05-02 13:04:12,445 - exp_torch_topics_ll3.1_margin_bald_n_hidden2_i2000_b20_q200_1 - INFO - query idx: [96284 40286 91300 69548 63629 60901 74826 25076 42191 69102 49340 81270
 74024 50583 54292 47486 97292  7523 78634 59430]
2020-05-02 13:04:29,633 - exp_torch_topics_ll3.1_margin_bald_n_hidden2_i2000_b20_q200_1 - INFO - finish step #0 for 45.77213191986084 sec
2020-05-02 13:04:29,648 - exp_torch_topics_ll3.1_margin_bald_n_hidden2_i2000_b20_q200_1 - INFO - current val_accuracy: 0.028579838116261958
2020-05-02 13:04:29,669 - exp_torch_topics_ll3.1_margin_bald_n_hidden2_i2000_b20_q200_1 - INFO - state on step 0 saved
2020-05-02 13:04:29,675 - exp_torch_topics_ll3.1_margin_bald_n_hidden2_i2000_b20_q200_1 - INFO - finish experiment process for 53.45480990409851 sec
2020-05-02 13:38:08,387 - exp_torch_topics_ll3.1_margin_bald_n_hidden2_i2000_b20_q200_1 - INFO - start experiment process
2020-05-02 13:38:16,903 - exp_torch_topics_ll3.1_margin_bald_n_hidden2_i2000_b20_q200_1 - INFO - initial val_accuracy: 0.014069168506254599
2020-05-02 13:38:16,905 - exp_torch_topics_ll3.1_margin_bald_n_hidden2_i2000_b20_q200_1 - INFO - start step #0
2020-05-02 13:38:43,149 - exp_torch_topics_ll3.1_margin_bald_n_hidden2_i2000_b20_q200_1 - INFO - query idx: [47037 21416 29434 51428 66096 63727 69370  7703 68435 95941 61137 61118
 42458 51615 88832 43407 65809  6433 61050 83552]
2020-05-02 13:38:55,598 - exp_torch_topics_ll3.1_margin_bald_n_hidden2_i2000_b20_q200_1 - INFO - finish step #0 for 38.69267988204956 sec
2020-05-02 13:38:55,599 - exp_torch_topics_ll3.1_margin_bald_n_hidden2_i2000_b20_q200_1 - INFO - current val_accuracy: 0.026019131714495953
2020-05-02 13:38:55,615 - exp_torch_topics_ll3.1_margin_bald_n_hidden2_i2000_b20_q200_1 - INFO - state on step 0 saved
2020-05-02 13:38:55,616 - exp_torch_topics_ll3.1_margin_bald_n_hidden2_i2000_b20_q200_1 - INFO - finish experiment process for 47.2251398563385 sec
2020-05-02 13:57:46,991 - exp_torch_topics_ll3.1_margin_bald_n_hidden2_i2000_b20_q200_1 - INFO - start experiment process
2020-05-02 13:57:54,211 - exp_torch_topics_ll3.1_margin_bald_n_hidden2_i2000_b20_q200_1 - INFO - initial val_accuracy: 0.025077262693156733
2020-05-02 13:57:54,212 - exp_torch_topics_ll3.1_margin_bald_n_hidden2_i2000_b20_q200_1 - INFO - start step #0
2020-05-02 13:58:17,784 - exp_torch_topics_ll3.1_margin_bald_n_hidden2_i2000_b20_q200_1 - INFO - query idx: [86142 85064 85008 86726 85035 85047 86715 86125 41923 85413 86899 86243
 10795 85350 93519 87009 55890 41776 85411 85091]
2020-05-02 13:58:32,800 - exp_torch_topics_ll3.1_margin_bald_n_hidden2_i2000_b20_q200_1 - INFO - finish step #0 for 38.58261489868164 sec
2020-05-02 13:58:32,813 - exp_torch_topics_ll3.1_margin_bald_n_hidden2_i2000_b20_q200_1 - INFO - current val_accuracy: 0.036085356880058865
2020-05-02 13:58:32,832 - exp_torch_topics_ll3.1_margin_bald_n_hidden2_i2000_b20_q200_1 - INFO - state on step 0 saved
2020-05-02 13:58:32,835 - exp_torch_topics_ll3.1_margin_bald_n_hidden2_i2000_b20_q200_1 - INFO - finish experiment process for 45.83379578590393 sec
2020-05-02 14:11:52,397 - exp_torch_topics_ll3.1_margin_bald_n_hidden2_i2000_b20_q200_1 - INFO - start experiment process
2020-05-02 14:11:59,697 - exp_torch_topics_ll3.1_margin_bald_n_hidden2_i2000_b20_q200_1 - INFO - initial val_accuracy: 0.010154525386313467
2020-05-02 14:11:59,698 - exp_torch_topics_ll3.1_margin_bald_n_hidden2_i2000_b20_q200_1 - INFO - start step #0
2020-05-02 14:12:21,963 - exp_torch_topics_ll3.1_margin_bald_n_hidden2_i2000_b20_q200_1 - INFO - query idx: [48239 20145 20214 48636 20113 75171 75147 20335 48574 20460 99900 20088
 48280 48146 64272 90186 70401 74876 70331 70493]
2020-05-02 14:12:34,688 - exp_torch_topics_ll3.1_margin_bald_n_hidden2_i2000_b20_q200_1 - INFO - finish step #0 for 34.98100686073303 sec
2020-05-02 14:12:34,697 - exp_torch_topics_ll3.1_margin_bald_n_hidden2_i2000_b20_q200_1 - INFO - current val_accuracy: 0.014834437086092715
2020-05-02 14:12:34,709 - exp_torch_topics_ll3.1_margin_bald_n_hidden2_i2000_b20_q200_1 - INFO - state on step 0 saved
2020-05-02 14:12:34,710 - exp_torch_topics_ll3.1_margin_bald_n_hidden2_i2000_b20_q200_1 - INFO - finish experiment process for 42.30691576004028 sec
2020-05-02 14:30:57,719 - exp_torch_topics_ll3.1_margin_bald_n_hidden2_i2000_b20_q200_1 - INFO - start experiment process
2020-05-05 13:44:08,707 - exp_torch_topics_ll3.1_margin_bald_n_hidden2_i2000_b20_q200_1 - INFO - start experiment process
2020-05-05 13:44:23,286 - exp_torch_topics_ll3.1_margin_bald_n_hidden2_i2000_b20_q200_1 - INFO - initial val_accuracy: 0.07234731420161884
2020-05-05 13:44:23,411 - exp_torch_topics_ll3.1_margin_bald_n_hidden2_i2000_b20_q200_1 - INFO - start step #0
