2020-03-26 15:32:09,833 - exp_torch_topics_d128_passive_i2000_b20_q100_f512_3 - INFO - start experiment process
2020-03-26 15:32:17,767 - exp_torch_topics_d128_passive_i2000_b20_q100_f512_3 - INFO - initial val_accuracy: 0.443149374540103
2020-03-26 15:32:17,771 - exp_torch_topics_d128_passive_i2000_b20_q100_f512_3 - INFO - start step #0
2020-03-26 15:32:17,813 - exp_torch_topics_d128_passive_i2000_b20_q100_f512_3 - INFO - query idx: [74228 32430  4848 97322 55489 32436  1755 14023 45632 50625  5578 41934
 34542 18654 73679 89987 41318 37013 71102 27247]
2020-03-26 15:32:42,515 - exp_torch_topics_d128_passive_i2000_b20_q100_f512_3 - INFO - finish step #0 for 24.742388248443604 sec
2020-03-26 15:32:42,577 - exp_torch_topics_d128_passive_i2000_b20_q100_f512_3 - INFO - current val_accuracy: 0.44120676968359085
2020-03-26 15:32:42,600 - exp_torch_topics_d128_passive_i2000_b20_q100_f512_3 - INFO - start step #1
2020-03-26 15:32:42,648 - exp_torch_topics_d128_passive_i2000_b20_q100_f512_3 - INFO - query idx: [57671 73651 92078 56689 18957 52955 46332  8698 96339 64802 86230 74152
 53815 96880  2322 98135 48599 73370 60227 84766]
2020-03-26 15:32:58,822 - exp_torch_topics_d128_passive_i2000_b20_q100_f512_3 - INFO - finish step #1 for 16.218101978302002 sec
2020-03-26 15:32:58,826 - exp_torch_topics_d128_passive_i2000_b20_q100_f512_3 - INFO - current val_accuracy: 0.4374687270051508
2020-03-26 15:32:58,826 - exp_torch_topics_d128_passive_i2000_b20_q100_f512_3 - INFO - start step #2
2020-03-26 15:32:58,851 - exp_torch_topics_d128_passive_i2000_b20_q100_f512_3 - INFO - query idx: [50245 64417 84466 50733 35778 94843 96793 33813 87586  8847 16877 29208
 38610 77896   710 25477 12248 77815    53 37048]
2020-03-26 15:33:07,748 - exp_torch_topics_d128_passive_i2000_b20_q100_f512_3 - INFO - finish step #2 for 8.922518014907837 sec
2020-03-26 15:33:07,749 - exp_torch_topics_d128_passive_i2000_b20_q100_f512_3 - INFO - current val_accuracy: 0.43949963208241355
2020-03-26 15:33:07,749 - exp_torch_topics_d128_passive_i2000_b20_q100_f512_3 - INFO - start step #3
2020-03-26 15:33:07,749 - exp_torch_topics_d128_passive_i2000_b20_q100_f512_3 - INFO - query idx: [82204 48228 51471 82521   470 15690 23836 87857  6101 55189 19294 95121
 16543 44988 15441 49178 93454 43789 49166 22338]
2020-03-26 15:33:12,250 - exp_torch_topics_d128_passive_i2000_b20_q100_f512_3 - INFO - finish step #3 for 4.500706911087036 sec
2020-03-26 15:33:12,250 - exp_torch_topics_d128_passive_i2000_b20_q100_f512_3 - INFO - current val_accuracy: 0.44179543782192787
2020-03-26 15:33:12,250 - exp_torch_topics_d128_passive_i2000_b20_q100_f512_3 - INFO - start step #4
2020-03-26 15:33:12,251 - exp_torch_topics_d128_passive_i2000_b20_q100_f512_3 - INFO - query idx: [34853 11255 73085 62600 64009 91169 61758 36744 20925 54343 15523 23693
 89103 45122 63618 73381 54075 89625 65888 76118]
2020-03-26 15:33:16,787 - exp_torch_topics_d128_passive_i2000_b20_q100_f512_3 - INFO - finish step #4 for 4.536416053771973 sec
2020-03-26 15:33:16,790 - exp_torch_topics_d128_passive_i2000_b20_q100_f512_3 - INFO - current val_accuracy: 0.4454451802796174
2020-03-26 15:33:16,790 - exp_torch_topics_d128_passive_i2000_b20_q100_f512_3 - INFO - start step #5
2020-03-26 15:33:16,791 - exp_torch_topics_d128_passive_i2000_b20_q100_f512_3 - INFO - query idx: [11887 34265 62704 99557 13467 32564 10440 30340 93644 70227 44581 54173
  2238 55782 93681 56363 95163  5003 10890 81695]
2020-03-26 15:33:21,132 - exp_torch_topics_d128_passive_i2000_b20_q100_f512_3 - INFO - finish step #5 for 4.341806173324585 sec
2020-03-26 15:33:21,132 - exp_torch_topics_d128_passive_i2000_b20_q100_f512_3 - INFO - current val_accuracy: 0.44020603384841794
2020-03-26 15:33:21,132 - exp_torch_topics_d128_passive_i2000_b20_q100_f512_3 - INFO - start step #6
2020-03-26 15:33:21,133 - exp_torch_topics_d128_passive_i2000_b20_q100_f512_3 - INFO - query idx: [79448  7121 60649  5264  7100 33107 61548 76725 31375 75412 17476 45072
 37822 99178 23808 82667 30109 98011 61359 34947]
2020-03-26 15:33:24,760 - exp_torch_topics_d128_passive_i2000_b20_q100_f512_3 - INFO - finish step #6 for 3.627264976501465 sec
2020-03-26 15:33:24,760 - exp_torch_topics_d128_passive_i2000_b20_q100_f512_3 - INFO - current val_accuracy: 0.4454157468727005
2020-03-26 15:33:24,761 - exp_torch_topics_d128_passive_i2000_b20_q100_f512_3 - INFO - start step #7
2020-03-26 15:33:24,761 - exp_torch_topics_d128_passive_i2000_b20_q100_f512_3 - INFO - query idx: [93084 88195 60725 63757 76348 52652  7780 20125 66335 36661 74152 88904
 94980 58409 96962   660 81289 34887 37225 83696]
2020-03-26 15:33:29,054 - exp_torch_topics_d128_passive_i2000_b20_q100_f512_3 - INFO - finish step #7 for 4.2933759689331055 sec
2020-03-26 15:33:29,055 - exp_torch_topics_d128_passive_i2000_b20_q100_f512_3 - INFO - current val_accuracy: 0.44847682119205295
2020-03-26 15:33:29,055 - exp_torch_topics_d128_passive_i2000_b20_q100_f512_3 - INFO - start step #8
2020-03-26 15:33:29,056 - exp_torch_topics_d128_passive_i2000_b20_q100_f512_3 - INFO - query idx: [49922 83518 57743 93180 77275 41514 49358 36158 66153 85143 29642 56083
  5440  9758 84047 31265 69189 46031 65022 97843]
2020-03-26 15:33:33,317 - exp_torch_topics_d128_passive_i2000_b20_q100_f512_3 - INFO - finish step #8 for 4.261880159378052 sec
2020-03-26 15:33:33,318 - exp_torch_topics_d128_passive_i2000_b20_q100_f512_3 - INFO - current val_accuracy: 0.4491832229580574
2020-03-26 15:33:33,318 - exp_torch_topics_d128_passive_i2000_b20_q100_f512_3 - INFO - start step #9
2020-03-26 15:33:33,318 - exp_torch_topics_d128_passive_i2000_b20_q100_f512_3 - INFO - query idx: [87752 43745 66027 82145 79515 43765 73709 87941 75754 82967 73030 69719
  3728 51324 91569 56955 86084 57381 34892 28638]
2020-03-26 15:33:37,654 - exp_torch_topics_d128_passive_i2000_b20_q100_f512_3 - INFO - finish step #9 for 4.335730791091919 sec
2020-03-26 15:33:37,654 - exp_torch_topics_d128_passive_i2000_b20_q100_f512_3 - INFO - current val_accuracy: 0.44394407652685797
2020-03-26 15:33:37,654 - exp_torch_topics_d128_passive_i2000_b20_q100_f512_3 - INFO - start step #10
2020-03-26 15:33:37,654 - exp_torch_topics_d128_passive_i2000_b20_q100_f512_3 - INFO - query idx: [47795   374 93821 35806 56005 46381 67020 44654 95612 14432 39672 95503
 21509 47335 76892 98654 11981 15104 69929 33957]
2020-03-26 15:33:41,469 - exp_torch_topics_d128_passive_i2000_b20_q100_f512_3 - INFO - finish step #10 for 3.8146939277648926 sec
2020-03-26 15:33:41,472 - exp_torch_topics_d128_passive_i2000_b20_q100_f512_3 - INFO - current val_accuracy: 0.4478292862398823
2020-03-26 15:33:41,473 - exp_torch_topics_d128_passive_i2000_b20_q100_f512_3 - INFO - start step #11
2020-03-26 15:33:41,474 - exp_torch_topics_d128_passive_i2000_b20_q100_f512_3 - INFO - query idx: [75131 30144 59945 77626 78575 68723 95448 38072  1799 95871 79900 76933
 57917 15213 42153 99427 87992 90143 56089 85805]
2020-03-26 15:33:46,351 - exp_torch_topics_d128_passive_i2000_b20_q100_f512_3 - INFO - finish step #11 for 4.877764701843262 sec
2020-03-26 15:33:46,352 - exp_torch_topics_d128_passive_i2000_b20_q100_f512_3 - INFO - current val_accuracy: 0.4520971302428256
2020-03-26 15:33:46,352 - exp_torch_topics_d128_passive_i2000_b20_q100_f512_3 - INFO - start step #12
2020-03-26 15:33:46,352 - exp_torch_topics_d128_passive_i2000_b20_q100_f512_3 - INFO - query idx: [11934 84705 20634 70671 85105 73442  6725 61296 86968 62539  9489 92846
 63289 69374 24525 79869 23956 44738 86994 77678]
2020-03-26 15:33:52,103 - exp_torch_topics_d128_passive_i2000_b20_q100_f512_3 - INFO - finish step #12 for 5.751682758331299 sec
2020-03-26 15:33:52,104 - exp_torch_topics_d128_passive_i2000_b20_q100_f512_3 - INFO - current val_accuracy: 0.4537748344370861
2020-03-26 15:33:52,104 - exp_torch_topics_d128_passive_i2000_b20_q100_f512_3 - INFO - start step #13
2020-03-26 15:33:52,105 - exp_torch_topics_d128_passive_i2000_b20_q100_f512_3 - INFO - query idx: [40999 21466 27641 51120 15969 28594 19905 10750 38861 99281  1091 62515
 55083 20265 40406 30953 82449 66963 94083 20973]
2020-03-26 15:33:56,479 - exp_torch_topics_d128_passive_i2000_b20_q100_f512_3 - INFO - finish step #13 for 4.374854803085327 sec
2020-03-26 15:33:56,480 - exp_torch_topics_d128_passive_i2000_b20_q100_f512_3 - INFO - current val_accuracy: 0.457542310522443
2020-03-26 15:33:56,480 - exp_torch_topics_d128_passive_i2000_b20_q100_f512_3 - INFO - start step #14
2020-03-26 15:33:56,481 - exp_torch_topics_d128_passive_i2000_b20_q100_f512_3 - INFO - query idx: [74547 54931  8524 20062 63052 24301 80837 48531 15684 84235 35363  5407
 41040 15418 29253 27220 54543 34538 83849 24032]
2020-03-26 15:34:01,262 - exp_torch_topics_d128_passive_i2000_b20_q100_f512_3 - INFO - finish step #14 for 4.781998872756958 sec
2020-03-26 15:34:01,263 - exp_torch_topics_d128_passive_i2000_b20_q100_f512_3 - INFO - current val_accuracy: 0.45403973509933776
2020-03-26 15:34:01,263 - exp_torch_topics_d128_passive_i2000_b20_q100_f512_3 - INFO - start step #15
2020-03-26 15:34:01,263 - exp_torch_topics_d128_passive_i2000_b20_q100_f512_3 - INFO - query idx: [58016 62577 73023 70474 80285 43949 65835 69261 66843 15291 58344 45890
 71182 65981 68742 15975 54965 64279 32811 21504]
2020-03-26 15:34:06,179 - exp_torch_topics_d128_passive_i2000_b20_q100_f512_3 - INFO - finish step #15 for 4.915546178817749 sec
2020-03-26 15:34:06,179 - exp_torch_topics_d128_passive_i2000_b20_q100_f512_3 - INFO - current val_accuracy: 0.4543046357615894
2020-03-26 15:34:06,179 - exp_torch_topics_d128_passive_i2000_b20_q100_f512_3 - INFO - start step #16
2020-03-26 15:34:06,179 - exp_torch_topics_d128_passive_i2000_b20_q100_f512_3 - INFO - query idx: [42819  7030 46383 95992 76372 38075 81105 13466  9525 70105 89385 79715
 85864  6594  4146 20527  1067 77567 34848 41990]
2020-03-26 15:34:10,898 - exp_torch_topics_d128_passive_i2000_b20_q100_f512_3 - INFO - finish step #16 for 4.7191808223724365 sec
2020-03-26 15:34:10,898 - exp_torch_topics_d128_passive_i2000_b20_q100_f512_3 - INFO - current val_accuracy: 0.4554525386313466
2020-03-26 15:34:10,899 - exp_torch_topics_d128_passive_i2000_b20_q100_f512_3 - INFO - start step #17
2020-03-26 15:34:10,900 - exp_torch_topics_d128_passive_i2000_b20_q100_f512_3 - INFO - query idx: [48088 11054 52808 23947 65598 67856 35067 94761 82208 25503 42065 56067
 40432 47843 51067 31031 81353 15679 27849 82093]
2020-03-26 15:34:16,527 - exp_torch_topics_d128_passive_i2000_b20_q100_f512_3 - INFO - finish step #17 for 5.627573013305664 sec
2020-03-26 15:34:16,527 - exp_torch_topics_d128_passive_i2000_b20_q100_f512_3 - INFO - current val_accuracy: 0.45727740986019133
2020-03-26 15:34:16,528 - exp_torch_topics_d128_passive_i2000_b20_q100_f512_3 - INFO - start step #18
2020-03-26 15:34:16,528 - exp_torch_topics_d128_passive_i2000_b20_q100_f512_3 - INFO - query idx: [47665 39592 44092 29836 58083 57542 48114 44466 79971 73488 11207 94158
 37402 55926 81869 49163  7539 46424 73307  5759]
2020-03-26 15:34:21,633 - exp_torch_topics_d128_passive_i2000_b20_q100_f512_3 - INFO - finish step #18 for 5.104895830154419 sec
2020-03-26 15:34:21,633 - exp_torch_topics_d128_passive_i2000_b20_q100_f512_3 - INFO - current val_accuracy: 0.4565710080941869
2020-03-26 15:34:21,633 - exp_torch_topics_d128_passive_i2000_b20_q100_f512_3 - INFO - start step #19
2020-03-26 15:34:21,633 - exp_torch_topics_d128_passive_i2000_b20_q100_f512_3 - INFO - query idx: [86127 60674 26912 40708 37007 55547 80259 30857 53506 46345 35757 37038
 98164  8423 54469  5973 76904 49358 44496 51054]
2020-03-26 15:34:25,964 - exp_torch_topics_d128_passive_i2000_b20_q100_f512_3 - INFO - finish step #19 for 4.330587863922119 sec
2020-03-26 15:34:25,964 - exp_torch_topics_d128_passive_i2000_b20_q100_f512_3 - INFO - current val_accuracy: 0.457924944812362
2020-03-26 15:34:25,965 - exp_torch_topics_d128_passive_i2000_b20_q100_f512_3 - INFO - start step #20
2020-03-26 15:34:25,965 - exp_torch_topics_d128_passive_i2000_b20_q100_f512_3 - INFO - query idx: [ 1521 43266 56840 48697 36987 59496 24945 68412 41497 16021 46422  4523
 39808 95940  4629 45138 75337  1667 66998 43899]
2020-03-26 15:34:31,034 - exp_torch_topics_d128_passive_i2000_b20_q100_f512_3 - INFO - finish step #20 for 5.0693769454956055 sec
2020-03-26 15:34:31,034 - exp_torch_topics_d128_passive_i2000_b20_q100_f512_3 - INFO - current val_accuracy: 0.4605739514348786
2020-03-26 15:34:31,035 - exp_torch_topics_d128_passive_i2000_b20_q100_f512_3 - INFO - start step #21
2020-03-26 15:34:31,035 - exp_torch_topics_d128_passive_i2000_b20_q100_f512_3 - INFO - query idx: [27089 19209 33317 67183 74103 26123 15045 17536 17848 42889 66485 78539
 94434 62582 78042 85674 47377 34406 61062 41405]
2020-03-26 15:34:36,450 - exp_torch_topics_d128_passive_i2000_b20_q100_f512_3 - INFO - finish step #21 for 5.41533899307251 sec
2020-03-26 15:34:36,451 - exp_torch_topics_d128_passive_i2000_b20_q100_f512_3 - INFO - current val_accuracy: 0.4596615158204562
2020-03-26 15:34:36,451 - exp_torch_topics_d128_passive_i2000_b20_q100_f512_3 - INFO - start step #22
2020-03-26 15:34:36,452 - exp_torch_topics_d128_passive_i2000_b20_q100_f512_3 - INFO - query idx: [48325 55610 33855 81432 23959 26430 62172 39821 69273 25935 12643 69331
 90048 47868 36767 62999 33034 21086 64339 22977]
2020-03-26 15:34:41,769 - exp_torch_topics_d128_passive_i2000_b20_q100_f512_3 - INFO - finish step #22 for 5.318039894104004 sec
2020-03-26 15:34:41,770 - exp_torch_topics_d128_passive_i2000_b20_q100_f512_3 - INFO - current val_accuracy: 0.4602796173657101
2020-03-26 15:34:41,770 - exp_torch_topics_d128_passive_i2000_b20_q100_f512_3 - INFO - start step #23
2020-03-26 15:34:41,770 - exp_torch_topics_d128_passive_i2000_b20_q100_f512_3 - INFO - query idx: [ 4851 48259 69923 22328   157 38405 45509 60894 83245 98638 16554 72224
 80242 58680 24753 37668  2660  1690 36680 93274]
2020-03-26 15:34:46,693 - exp_torch_topics_d128_passive_i2000_b20_q100_f512_3 - INFO - finish step #23 for 4.923192024230957 sec
2020-03-26 15:34:46,694 - exp_torch_topics_d128_passive_i2000_b20_q100_f512_3 - INFO - current val_accuracy: 0.4628108903605592
2020-03-26 15:34:46,694 - exp_torch_topics_d128_passive_i2000_b20_q100_f512_3 - INFO - start step #24
2020-03-26 15:34:46,695 - exp_torch_topics_d128_passive_i2000_b20_q100_f512_3 - INFO - query idx: [   85 78328 47369 98499 61525 52426 72221 31825 22488 80629 33873 12900
 74882 10323 21060 89822 25648 22898 28092 60653]
2020-03-26 15:34:51,882 - exp_torch_topics_d128_passive_i2000_b20_q100_f512_3 - INFO - finish step #24 for 5.1872289180755615 sec
2020-03-26 15:34:51,882 - exp_torch_topics_d128_passive_i2000_b20_q100_f512_3 - INFO - current val_accuracy: 0.4628403237674761
2020-03-26 15:34:51,882 - exp_torch_topics_d128_passive_i2000_b20_q100_f512_3 - INFO - start step #25
2020-03-26 15:34:51,882 - exp_torch_topics_d128_passive_i2000_b20_q100_f512_3 - INFO - query idx: [11889 39499 73658  7944 15471 22340 28142 95710 83164 56503 98298 78126
 36613 34688 79289 89275 20430 19867 23534 36635]
2020-03-26 15:34:56,271 - exp_torch_topics_d128_passive_i2000_b20_q100_f512_3 - INFO - finish step #25 for 4.388952255249023 sec
2020-03-26 15:34:56,272 - exp_torch_topics_d128_passive_i2000_b20_q100_f512_3 - INFO - current val_accuracy: 0.46233995584988963
2020-03-26 15:34:56,275 - exp_torch_topics_d128_passive_i2000_b20_q100_f512_3 - INFO - start step #26
2020-03-26 15:34:56,276 - exp_torch_topics_d128_passive_i2000_b20_q100_f512_3 - INFO - query idx: [ 9120 55860 84033 53201 74688 31407 12348 47121 27948 69094 29092  6249
 97216 17341 44242 86746 24578 85642 11465 79996]
2020-03-26 15:35:00,723 - exp_torch_topics_d128_passive_i2000_b20_q100_f512_3 - INFO - finish step #26 for 4.448078870773315 sec
2020-03-26 15:35:00,724 - exp_torch_topics_d128_passive_i2000_b20_q100_f512_3 - INFO - current val_accuracy: 0.4641353936718175
2020-03-26 15:35:00,724 - exp_torch_topics_d128_passive_i2000_b20_q100_f512_3 - INFO - start step #27
2020-03-26 15:35:00,726 - exp_torch_topics_d128_passive_i2000_b20_q100_f512_3 - INFO - query idx: [75857 71859 53814 59857 34269 92107 50458 58807 78006 37634  7001 40434
 82214  4038 30426 92530 75339 48319 54338 28271]
2020-03-26 15:35:05,294 - exp_torch_topics_d128_passive_i2000_b20_q100_f512_3 - INFO - finish step #27 for 4.568506956100464 sec
2020-03-26 15:35:05,294 - exp_torch_topics_d128_passive_i2000_b20_q100_f512_3 - INFO - current val_accuracy: 0.4622222222222222
2020-03-26 15:35:05,295 - exp_torch_topics_d128_passive_i2000_b20_q100_f512_3 - INFO - start step #28
2020-03-26 15:35:05,296 - exp_torch_topics_d128_passive_i2000_b20_q100_f512_3 - INFO - query idx: [50656 83570 60346 69586   972  1082 85949  6984 67802  1046 48497 98282
 36484 81674 16287 38964 83282 66877 45763 25910]
2020-03-26 15:35:09,361 - exp_torch_topics_d128_passive_i2000_b20_q100_f512_3 - INFO - finish step #28 for 4.065896034240723 sec
2020-03-26 15:35:09,361 - exp_torch_topics_d128_passive_i2000_b20_q100_f512_3 - INFO - current val_accuracy: 0.46225165562913906
2020-03-26 15:35:09,361 - exp_torch_topics_d128_passive_i2000_b20_q100_f512_3 - INFO - start step #29
2020-03-26 15:35:09,362 - exp_torch_topics_d128_passive_i2000_b20_q100_f512_3 - INFO - query idx: [14222 74492 68459 80983 81630 34442 67717 21228   272 97880 44241 38908
 91409 35768 54069 40565  4418 90668 40894 18459]
2020-03-26 15:35:13,769 - exp_torch_topics_d128_passive_i2000_b20_q100_f512_3 - INFO - finish step #29 for 4.407395124435425 sec
2020-03-26 15:35:13,769 - exp_torch_topics_d128_passive_i2000_b20_q100_f512_3 - INFO - current val_accuracy: 0.4651949963208241
2020-03-26 15:35:13,770 - exp_torch_topics_d128_passive_i2000_b20_q100_f512_3 - INFO - start step #30
2020-03-26 15:35:13,770 - exp_torch_topics_d128_passive_i2000_b20_q100_f512_3 - INFO - query idx: [60005 40823 16559 32716 17464 39071   428 85111 57825 37340 39416  7151
 23472 80876 49972 60776 54975 60059 84311 79886]
2020-03-26 15:35:18,532 - exp_torch_topics_d128_passive_i2000_b20_q100_f512_3 - INFO - finish step #30 for 4.762333869934082 sec
2020-03-26 15:35:18,532 - exp_torch_topics_d128_passive_i2000_b20_q100_f512_3 - INFO - current val_accuracy: 0.46478292862398823
2020-03-26 15:35:18,532 - exp_torch_topics_d128_passive_i2000_b20_q100_f512_3 - INFO - start step #31
2020-03-26 15:35:18,533 - exp_torch_topics_d128_passive_i2000_b20_q100_f512_3 - INFO - query idx: [13112 30228 98079 16166 51351 11176  4350 87896 52528 55658  4582 14839
 81618 98210 76541  2349 17642 24200 22955 66540]
2020-03-26 15:35:24,170 - exp_torch_topics_d128_passive_i2000_b20_q100_f512_3 - INFO - finish step #31 for 5.637365818023682 sec
2020-03-26 15:35:24,171 - exp_torch_topics_d128_passive_i2000_b20_q100_f512_3 - INFO - current val_accuracy: 0.46840323767476083
2020-03-26 15:35:24,171 - exp_torch_topics_d128_passive_i2000_b20_q100_f512_3 - INFO - start step #32
2020-03-26 15:35:24,171 - exp_torch_topics_d128_passive_i2000_b20_q100_f512_3 - INFO - query idx: [82771 47201 85798 29844 84724 56924 27734 78451 48454 55789 59666 94453
 63342 94335 41318 52390 83429 37230 21304 37412]
2020-03-26 15:35:29,168 - exp_torch_topics_d128_passive_i2000_b20_q100_f512_3 - INFO - finish step #32 for 4.997002124786377 sec
2020-03-26 15:35:29,168 - exp_torch_topics_d128_passive_i2000_b20_q100_f512_3 - INFO - current val_accuracy: 0.4656364974245769
2020-03-26 15:35:29,168 - exp_torch_topics_d128_passive_i2000_b20_q100_f512_3 - INFO - start step #33
2020-03-26 15:35:29,169 - exp_torch_topics_d128_passive_i2000_b20_q100_f512_3 - INFO - query idx: [13279 39015 44023 29286 27032 18895  2941 26952 30175 46389 38019  2363
 48750 40840 31964 38715  9261 97144 96982 70672]
2020-03-26 15:35:34,481 - exp_torch_topics_d128_passive_i2000_b20_q100_f512_3 - INFO - finish step #33 for 5.312408924102783 sec
2020-03-26 15:35:34,482 - exp_torch_topics_d128_passive_i2000_b20_q100_f512_3 - INFO - current val_accuracy: 0.46219278881530534
2020-03-26 15:35:34,483 - exp_torch_topics_d128_passive_i2000_b20_q100_f512_3 - INFO - start step #34
2020-03-26 15:35:34,483 - exp_torch_topics_d128_passive_i2000_b20_q100_f512_3 - INFO - query idx: [60585 91106 57848 31091 25111 62651  4043  4271 28065 72063 93240 81397
   593 86339 39546 54582 22750 53331 44391 95058]
2020-03-26 15:35:39,826 - exp_torch_topics_d128_passive_i2000_b20_q100_f512_3 - INFO - finish step #34 for 5.34332013130188 sec
2020-03-26 15:35:39,826 - exp_torch_topics_d128_passive_i2000_b20_q100_f512_3 - INFO - current val_accuracy: 0.4683149374540103
2020-03-26 15:35:39,826 - exp_torch_topics_d128_passive_i2000_b20_q100_f512_3 - INFO - start step #35
2020-03-26 15:35:39,827 - exp_torch_topics_d128_passive_i2000_b20_q100_f512_3 - INFO - query idx: [57966 23600  1226 13506 58443  7629 69492 22618 92175 76392 14027 91518
 45370 39181 91338 42575 77487 77087 77143 49041]
2020-03-26 15:35:48,823 - exp_torch_topics_d128_passive_i2000_b20_q100_f512_3 - INFO - finish step #35 for 8.997057914733887 sec
2020-03-26 15:35:48,824 - exp_torch_topics_d128_passive_i2000_b20_q100_f512_3 - INFO - current val_accuracy: 0.46760853568800587
2020-03-26 15:35:48,825 - exp_torch_topics_d128_passive_i2000_b20_q100_f512_3 - INFO - start step #36
2020-03-26 15:35:48,842 - exp_torch_topics_d128_passive_i2000_b20_q100_f512_3 - INFO - query idx: [15709 55572   454 53661 40774 97653 80070 44960 14562 55704 25298 72765
 62873 65309 84957 91398 44343 46854 71113 79835]
2020-03-26 15:36:00,943 - exp_torch_topics_d128_passive_i2000_b20_q100_f512_3 - INFO - finish step #36 for 12.117961883544922 sec
2020-03-26 15:36:00,943 - exp_torch_topics_d128_passive_i2000_b20_q100_f512_3 - INFO - current val_accuracy: 0.4647534952170714
2020-03-26 15:36:00,943 - exp_torch_topics_d128_passive_i2000_b20_q100_f512_3 - INFO - start step #37
2020-03-26 15:36:00,962 - exp_torch_topics_d128_passive_i2000_b20_q100_f512_3 - INFO - query idx: [22346 82268  2889 21681 71873 86414 83848 62542 32159 39399 69127 59308
 26025 73122   215 71230 31225 86447 74344 84047]
2020-03-26 15:36:10,721 - exp_torch_topics_d128_passive_i2000_b20_q100_f512_3 - INFO - finish step #37 for 9.777223348617554 sec
2020-03-26 15:36:10,721 - exp_torch_topics_d128_passive_i2000_b20_q100_f512_3 - INFO - current val_accuracy: 0.46905077262693157
2020-03-26 15:36:10,722 - exp_torch_topics_d128_passive_i2000_b20_q100_f512_3 - INFO - start step #38
2020-03-26 15:36:10,722 - exp_torch_topics_d128_passive_i2000_b20_q100_f512_3 - INFO - query idx: [18741 26005 57448 30724 18840 86305 69324 59651 21085 82284 90861 21021
 88923  6429 15130 82087 35876 44210 19539 38626]
2020-03-26 15:36:16,410 - exp_torch_topics_d128_passive_i2000_b20_q100_f512_3 - INFO - finish step #38 for 5.688060998916626 sec
2020-03-26 15:36:16,410 - exp_torch_topics_d128_passive_i2000_b20_q100_f512_3 - INFO - current val_accuracy: 0.47240618101545256
2020-03-26 15:36:16,410 - exp_torch_topics_d128_passive_i2000_b20_q100_f512_3 - INFO - start step #39
2020-03-26 15:36:16,413 - exp_torch_topics_d128_passive_i2000_b20_q100_f512_3 - INFO - query idx: [97142 69890 19535 43384 15775 33230 79136 32848 87854 70938 28174 61587
 34599 78350 11016 38497 75059 16183 71385 59250]
2020-03-26 15:36:20,914 - exp_torch_topics_d128_passive_i2000_b20_q100_f512_3 - INFO - finish step #39 for 4.503749132156372 sec
2020-03-26 15:36:20,915 - exp_torch_topics_d128_passive_i2000_b20_q100_f512_3 - INFO - current val_accuracy: 0.46996320824135396
2020-03-26 15:36:20,915 - exp_torch_topics_d128_passive_i2000_b20_q100_f512_3 - INFO - start step #40
2020-03-26 15:36:20,916 - exp_torch_topics_d128_passive_i2000_b20_q100_f512_3 - INFO - query idx: [94790 51082 12424 38934 85506 29641 86830 78113 52541 83764 25546 46163
 27035 69951  3700 14777  4718  8857 71605 50128]
2020-03-26 15:36:25,271 - exp_torch_topics_d128_passive_i2000_b20_q100_f512_3 - INFO - finish step #40 for 4.355218172073364 sec
2020-03-26 15:36:25,271 - exp_torch_topics_d128_passive_i2000_b20_q100_f512_3 - INFO - current val_accuracy: 0.46899190581309785
2020-03-26 15:36:25,271 - exp_torch_topics_d128_passive_i2000_b20_q100_f512_3 - INFO - start step #41
2020-03-26 15:36:25,271 - exp_torch_topics_d128_passive_i2000_b20_q100_f512_3 - INFO - query idx: [57870 60503 27792 43966 27619 98189 41190 17808 40638 53957 39063 78615
 65224  8621 74988 60542 90714 10665 34280 46895]
2020-03-26 15:36:29,937 - exp_torch_topics_d128_passive_i2000_b20_q100_f512_3 - INFO - finish step #41 for 4.665712356567383 sec
2020-03-26 15:36:29,937 - exp_torch_topics_d128_passive_i2000_b20_q100_f512_3 - INFO - current val_accuracy: 0.4699926416482708
2020-03-26 15:36:29,937 - exp_torch_topics_d128_passive_i2000_b20_q100_f512_3 - INFO - start step #42
2020-03-26 15:36:29,938 - exp_torch_topics_d128_passive_i2000_b20_q100_f512_3 - INFO - query idx: [44168 11953 47065 17442 64170 24542 98827 50052  7424 22006  7307 98703
 92450 56088 14299 82963 47850 47693 95925 41049]
2020-03-26 15:36:35,026 - exp_torch_topics_d128_passive_i2000_b20_q100_f512_3 - INFO - finish step #42 for 5.0888800621032715 sec
2020-03-26 15:36:35,026 - exp_torch_topics_d128_passive_i2000_b20_q100_f512_3 - INFO - current val_accuracy: 0.47252391464311994
2020-03-26 15:36:35,027 - exp_torch_topics_d128_passive_i2000_b20_q100_f512_3 - INFO - start step #43
2020-03-26 15:36:35,027 - exp_torch_topics_d128_passive_i2000_b20_q100_f512_3 - INFO - query idx: [31482 28725 42572 61849 39883 24790 92916 62204 66218 23937 29099 21996
 53308 32319 83975 96107 91438 96605 90841 12155]
2020-03-26 15:36:40,438 - exp_torch_topics_d128_passive_i2000_b20_q100_f512_3 - INFO - finish step #43 for 5.411319017410278 sec
2020-03-26 15:36:40,439 - exp_torch_topics_d128_passive_i2000_b20_q100_f512_3 - INFO - current val_accuracy: 0.4694039735099338
2020-03-26 15:36:40,439 - exp_torch_topics_d128_passive_i2000_b20_q100_f512_3 - INFO - start step #44
2020-03-26 15:36:40,439 - exp_torch_topics_d128_passive_i2000_b20_q100_f512_3 - INFO - query idx: [35736 26405 27950 69005 59488 56501 51839 87363 63883 71964 70242 14927
 48894 89084 17783 54837 93702 89000 30595 39610]
2020-03-26 15:36:49,497 - exp_torch_topics_d128_passive_i2000_b20_q100_f512_3 - INFO - finish step #44 for 9.05838418006897 sec
2020-03-26 15:36:49,498 - exp_torch_topics_d128_passive_i2000_b20_q100_f512_3 - INFO - current val_accuracy: 0.4742310522442973
2020-03-26 15:36:49,498 - exp_torch_topics_d128_passive_i2000_b20_q100_f512_3 - INFO - start step #45
2020-03-26 15:36:49,515 - exp_torch_topics_d128_passive_i2000_b20_q100_f512_3 - INFO - query idx: [15222 60529 44654  9852 37026  2427 37717 29427 27009 81126 46263 59235
 88031 95453 72593 82627 50774 38494  2994 32245]
2020-03-26 15:36:58,512 - exp_torch_topics_d128_passive_i2000_b20_q100_f512_3 - INFO - finish step #45 for 9.0135018825531 sec
2020-03-26 15:36:58,513 - exp_torch_topics_d128_passive_i2000_b20_q100_f512_3 - INFO - current val_accuracy: 0.4739367181751288
2020-03-26 15:36:58,514 - exp_torch_topics_d128_passive_i2000_b20_q100_f512_3 - INFO - start step #46
2020-03-26 15:36:58,514 - exp_torch_topics_d128_passive_i2000_b20_q100_f512_3 - INFO - query idx: [85214 18115 60587 15477 47558 88521  8025 76154  9597 42167 67994 52376
 93317 17511 34779 89283 73319 92330 92248 19156]
2020-03-26 15:37:03,218 - exp_torch_topics_d128_passive_i2000_b20_q100_f512_3 - INFO - finish step #46 for 4.704504013061523 sec
2020-03-26 15:37:03,219 - exp_torch_topics_d128_passive_i2000_b20_q100_f512_3 - INFO - current val_accuracy: 0.47105224429727743
2020-03-26 15:37:03,219 - exp_torch_topics_d128_passive_i2000_b20_q100_f512_3 - INFO - start step #47
2020-03-26 15:37:03,219 - exp_torch_topics_d128_passive_i2000_b20_q100_f512_3 - INFO - query idx: [77717  8488 33471 73804 47696  4663  6602 76921 54542 17409 10241 43103
 82608  1251  7187 25848   221 78290 23475 68679]
2020-03-26 15:37:08,162 - exp_torch_topics_d128_passive_i2000_b20_q100_f512_3 - INFO - finish step #47 for 4.943329095840454 sec
2020-03-26 15:37:08,163 - exp_torch_topics_d128_passive_i2000_b20_q100_f512_3 - INFO - current val_accuracy: 0.4741427520235467
2020-03-26 15:37:08,163 - exp_torch_topics_d128_passive_i2000_b20_q100_f512_3 - INFO - start step #48
2020-03-26 15:37:08,166 - exp_torch_topics_d128_passive_i2000_b20_q100_f512_3 - INFO - query idx: [33681 82154 51179  8968 93052 96079 22587 81878 89063 13591 54312 56052
 92076 96281 52313 39141 84243 22024 98379 55175]
2020-03-26 15:37:13,397 - exp_torch_topics_d128_passive_i2000_b20_q100_f512_3 - INFO - finish step #48 for 5.233520269393921 sec
2020-03-26 15:37:13,397 - exp_torch_topics_d128_passive_i2000_b20_q100_f512_3 - INFO - current val_accuracy: 0.4757027225901398
2020-03-26 15:37:13,397 - exp_torch_topics_d128_passive_i2000_b20_q100_f512_3 - INFO - start step #49
2020-03-26 15:37:13,398 - exp_torch_topics_d128_passive_i2000_b20_q100_f512_3 - INFO - query idx: [28854 59911 92618 65782 56337 76463 38313 73561 35128 85037 59215 82444
 58187 45511  6839 47483 53610 30166 61372  2098]
2020-03-26 15:37:18,624 - exp_torch_topics_d128_passive_i2000_b20_q100_f512_3 - INFO - finish step #49 for 5.226763963699341 sec
2020-03-26 15:37:18,625 - exp_torch_topics_d128_passive_i2000_b20_q100_f512_3 - INFO - current val_accuracy: 0.4777336276674025
2020-03-26 15:37:18,626 - exp_torch_topics_d128_passive_i2000_b20_q100_f512_3 - INFO - start step #50
2020-03-26 15:37:18,626 - exp_torch_topics_d128_passive_i2000_b20_q100_f512_3 - INFO - query idx: [32814 91479 68900 23967 81727 51907 57212 88602 46886 46322 35078 49952
 69055 42041 19459 31387 84389 39536 54402 94778]
2020-03-26 15:37:23,419 - exp_torch_topics_d128_passive_i2000_b20_q100_f512_3 - INFO - finish step #50 for 4.793091058731079 sec
2020-03-26 15:37:23,419 - exp_torch_topics_d128_passive_i2000_b20_q100_f512_3 - INFO - current val_accuracy: 0.4796467991169978
2020-03-26 15:37:23,419 - exp_torch_topics_d128_passive_i2000_b20_q100_f512_3 - INFO - start step #51
2020-03-26 15:37:23,420 - exp_torch_topics_d128_passive_i2000_b20_q100_f512_3 - INFO - query idx: [29856 54619 85479 21183 77350 97535  6402 62788 35329 57818 37981  8906
 98209 94721 56154 28749 57464 20882 72121 47738]
2020-03-26 15:37:28,467 - exp_torch_topics_d128_passive_i2000_b20_q100_f512_3 - INFO - finish step #51 for 5.047526836395264 sec
2020-03-26 15:37:28,467 - exp_torch_topics_d128_passive_i2000_b20_q100_f512_3 - INFO - current val_accuracy: 0.4762325239146431
2020-03-26 15:37:28,467 - exp_torch_topics_d128_passive_i2000_b20_q100_f512_3 - INFO - start step #52
2020-03-26 15:37:28,468 - exp_torch_topics_d128_passive_i2000_b20_q100_f512_3 - INFO - query idx: [95932 94723 76379 42186 47902 97771 87180   232 41838 68439 27732 20820
 68992 51826 37200 77337 11296 54685  1220 82581]
2020-03-26 15:37:33,459 - exp_torch_topics_d128_passive_i2000_b20_q100_f512_3 - INFO - finish step #52 for 4.991792917251587 sec
2020-03-26 15:37:33,460 - exp_torch_topics_d128_passive_i2000_b20_q100_f512_3 - INFO - current val_accuracy: 0.4792347314201619
2020-03-26 15:37:33,460 - exp_torch_topics_d128_passive_i2000_b20_q100_f512_3 - INFO - start step #53
2020-03-26 15:37:33,461 - exp_torch_topics_d128_passive_i2000_b20_q100_f512_3 - INFO - query idx: [ 1015 95363 96643 75900 83734 75766 61277  8177 68333 63957 74009 14166
 17446 14756 27974  6521 36229 54070  2352 18551]
2020-03-26 15:37:38,226 - exp_torch_topics_d128_passive_i2000_b20_q100_f512_3 - INFO - finish step #53 for 4.765620946884155 sec
2020-03-26 15:37:38,226 - exp_torch_topics_d128_passive_i2000_b20_q100_f512_3 - INFO - current val_accuracy: 0.4777336276674025
2020-03-26 15:37:38,227 - exp_torch_topics_d128_passive_i2000_b20_q100_f512_3 - INFO - start step #54
2020-03-26 15:37:38,227 - exp_torch_topics_d128_passive_i2000_b20_q100_f512_3 - INFO - query idx: [19421 16522 35534 75650 86664  4058 95368 41928 28204 63261 30999 72751
 68918 79756  2148 11858 40573 15668 20529 50065]
2020-03-26 15:37:43,869 - exp_torch_topics_d128_passive_i2000_b20_q100_f512_3 - INFO - finish step #54 for 5.642436742782593 sec
2020-03-26 15:37:43,870 - exp_torch_topics_d128_passive_i2000_b20_q100_f512_3 - INFO - current val_accuracy: 0.4757615894039735
2020-03-26 15:37:43,870 - exp_torch_topics_d128_passive_i2000_b20_q100_f512_3 - INFO - start step #55
2020-03-26 15:37:43,871 - exp_torch_topics_d128_passive_i2000_b20_q100_f512_3 - INFO - query idx: [ 9092 60826  2360 86966 55690 45534 80058 68570  8575 53530 23012 78004
 30552 31792 39848 63746 46679 11156 83386 60166]
2020-03-26 15:37:48,634 - exp_torch_topics_d128_passive_i2000_b20_q100_f512_3 - INFO - finish step #55 for 4.7637481689453125 sec
2020-03-26 15:37:48,634 - exp_torch_topics_d128_passive_i2000_b20_q100_f512_3 - INFO - current val_accuracy: 0.47490802060338483
2020-03-26 15:37:48,635 - exp_torch_topics_d128_passive_i2000_b20_q100_f512_3 - INFO - start step #56
2020-03-26 15:37:48,635 - exp_torch_topics_d128_passive_i2000_b20_q100_f512_3 - INFO - query idx: [49145 75453 52493 28878 89474 93902 24867 26832 26947 50294 22585 47287
 90177  7364 45569 61637 57540 29652  6812 52339]
2020-03-26 15:37:53,401 - exp_torch_topics_d128_passive_i2000_b20_q100_f512_3 - INFO - finish step #56 for 4.766017913818359 sec
2020-03-26 15:37:53,401 - exp_torch_topics_d128_passive_i2000_b20_q100_f512_3 - INFO - current val_accuracy: 0.47502575423105226
2020-03-26 15:37:53,401 - exp_torch_topics_d128_passive_i2000_b20_q100_f512_3 - INFO - start step #57
2020-03-26 15:37:53,402 - exp_torch_topics_d128_passive_i2000_b20_q100_f512_3 - INFO - query idx: [41000 30529 86030 47180 27875 11682 80605 95023 98571 11403 79834 36698
 11005  6985 69111 48815 69080 37290 65200 91660]
2020-03-26 15:37:58,280 - exp_torch_topics_d128_passive_i2000_b20_q100_f512_3 - INFO - finish step #57 for 4.878870964050293 sec
2020-03-26 15:37:58,281 - exp_torch_topics_d128_passive_i2000_b20_q100_f512_3 - INFO - current val_accuracy: 0.47573215599705665
2020-03-26 15:37:58,281 - exp_torch_topics_d128_passive_i2000_b20_q100_f512_3 - INFO - start step #58
2020-03-26 15:37:58,282 - exp_torch_topics_d128_passive_i2000_b20_q100_f512_3 - INFO - query idx: [68312 66010 86370 87521 78052 79411 92011 80151 19842 89889 82372 69365
 11845 12743 22706 48063 64299 64363 27488  9582]
2020-03-26 15:38:02,962 - exp_torch_topics_d128_passive_i2000_b20_q100_f512_3 - INFO - finish step #58 for 4.680535078048706 sec
2020-03-26 15:38:02,962 - exp_torch_topics_d128_passive_i2000_b20_q100_f512_3 - INFO - current val_accuracy: 0.4781456953642384
2020-03-26 15:38:02,963 - exp_torch_topics_d128_passive_i2000_b20_q100_f512_3 - INFO - start step #59
2020-03-26 15:38:02,963 - exp_torch_topics_d128_passive_i2000_b20_q100_f512_3 - INFO - query idx: [25848 16852 87808  2088 43348  5636 21231 98567  9147 18591 96353 20743
 50855 56642 49104 98713 86514 59157 24372 40965]
2020-03-26 15:38:07,717 - exp_torch_topics_d128_passive_i2000_b20_q100_f512_3 - INFO - finish step #59 for 4.754313945770264 sec
2020-03-26 15:38:07,718 - exp_torch_topics_d128_passive_i2000_b20_q100_f512_3 - INFO - current val_accuracy: 0.47620309050772625
2020-03-26 15:38:07,718 - exp_torch_topics_d128_passive_i2000_b20_q100_f512_3 - INFO - start step #60
2020-03-26 15:38:07,718 - exp_torch_topics_d128_passive_i2000_b20_q100_f512_3 - INFO - query idx: [74225 59722 25493 51611 41296 41282 82359 47884 45199 22778 11278 54780
 88193 24234 51728 61613 16808 28666 41878 39184]
2020-03-26 15:38:12,369 - exp_torch_topics_d128_passive_i2000_b20_q100_f512_3 - INFO - finish step #60 for 4.650473117828369 sec
2020-03-26 15:38:12,369 - exp_torch_topics_d128_passive_i2000_b20_q100_f512_3 - INFO - current val_accuracy: 0.48129506990434145
2020-03-26 15:38:12,369 - exp_torch_topics_d128_passive_i2000_b20_q100_f512_3 - INFO - start step #61
2020-03-26 15:38:12,370 - exp_torch_topics_d128_passive_i2000_b20_q100_f512_3 - INFO - query idx: [71923 30027 60342 32333 61764 14307 41744 50324 30622 93553 53851 31438
 10866 67849 17167 81985 94938 94065 96902 87774]
2020-03-26 15:38:17,268 - exp_torch_topics_d128_passive_i2000_b20_q100_f512_3 - INFO - finish step #61 for 4.898231744766235 sec
2020-03-26 15:38:17,268 - exp_torch_topics_d128_passive_i2000_b20_q100_f512_3 - INFO - current val_accuracy: 0.48061810154525386
2020-03-26 15:38:17,269 - exp_torch_topics_d128_passive_i2000_b20_q100_f512_3 - INFO - start step #62
2020-03-26 15:38:17,269 - exp_torch_topics_d128_passive_i2000_b20_q100_f512_3 - INFO - query idx: [18700  9847 69534 64844 76844 70285 31883 65575 40523  9881  8636 98552
 80842 52753 63782 88615  7454 71457 68113 83668]
2020-03-26 15:38:21,967 - exp_torch_topics_d128_passive_i2000_b20_q100_f512_3 - INFO - finish step #62 for 4.698493003845215 sec
2020-03-26 15:38:21,967 - exp_torch_topics_d128_passive_i2000_b20_q100_f512_3 - INFO - current val_accuracy: 0.4863870493009566
2020-03-26 15:38:21,968 - exp_torch_topics_d128_passive_i2000_b20_q100_f512_3 - INFO - start step #63
2020-03-26 15:38:21,968 - exp_torch_topics_d128_passive_i2000_b20_q100_f512_3 - INFO - query idx: [26086 24012 70428 96686 36232 64865 31258 66176 43988 85223 12204 23789
 54494 32588 18509 57784 87448  9931 70992 37444]
2020-03-26 15:38:26,422 - exp_torch_topics_d128_passive_i2000_b20_q100_f512_3 - INFO - finish step #63 for 4.453903913497925 sec
2020-03-26 15:38:26,422 - exp_torch_topics_d128_passive_i2000_b20_q100_f512_3 - INFO - current val_accuracy: 0.4860044150110375
2020-03-26 15:38:26,422 - exp_torch_topics_d128_passive_i2000_b20_q100_f512_3 - INFO - start step #64
2020-03-26 15:38:26,423 - exp_torch_topics_d128_passive_i2000_b20_q100_f512_3 - INFO - query idx: [61687 11007 96344 58536 73194 72098 51894 40575 78147 73083 16934 24712
 17191 29988  7839 23339 21344 48325 82757 14378]
2020-03-26 15:38:30,516 - exp_torch_topics_d128_passive_i2000_b20_q100_f512_3 - INFO - finish step #64 for 4.094152927398682 sec
2020-03-26 15:38:30,517 - exp_torch_topics_d128_passive_i2000_b20_q100_f512_3 - INFO - current val_accuracy: 0.4861810154525386
2020-03-26 15:38:30,517 - exp_torch_topics_d128_passive_i2000_b20_q100_f512_3 - INFO - start step #65
2020-03-26 15:38:30,517 - exp_torch_topics_d128_passive_i2000_b20_q100_f512_3 - INFO - query idx: [11723 45961  2218 66308 37256 58850 54526 82608 64211 55024 41107  3860
 45398 78836  2885 29816 86343 20603 46609 56671]
2020-03-26 15:38:34,665 - exp_torch_topics_d128_passive_i2000_b20_q100_f512_3 - INFO - finish step #65 for 4.147703170776367 sec
2020-03-26 15:38:34,665 - exp_torch_topics_d128_passive_i2000_b20_q100_f512_3 - INFO - current val_accuracy: 0.48562178072111845
2020-03-26 15:38:34,665 - exp_torch_topics_d128_passive_i2000_b20_q100_f512_3 - INFO - start step #66
2020-03-26 15:38:34,665 - exp_torch_topics_d128_passive_i2000_b20_q100_f512_3 - INFO - query idx: [73941 35193 46671 76626 75990  2485 68732 98554 24547 79194 36192 17424
 77836 62945 39285 40424 75295 47130 72622 79115]
2020-03-26 15:38:39,338 - exp_torch_topics_d128_passive_i2000_b20_q100_f512_3 - INFO - finish step #66 for 4.6731672286987305 sec
2020-03-26 15:38:39,339 - exp_torch_topics_d128_passive_i2000_b20_q100_f512_3 - INFO - current val_accuracy: 0.4852391464311994
2020-03-26 15:38:39,339 - exp_torch_topics_d128_passive_i2000_b20_q100_f512_3 - INFO - start step #67
2020-03-26 15:38:39,339 - exp_torch_topics_d128_passive_i2000_b20_q100_f512_3 - INFO - query idx: [89491 89865 28054 22894  3693 32240 17115   321  1919 82973 88084 32529
 15883  3118 50667 83261 35277 89493 62906 75856]
2020-03-26 15:38:43,934 - exp_torch_topics_d128_passive_i2000_b20_q100_f512_3 - INFO - finish step #67 for 4.59494686126709 sec
2020-03-26 15:38:43,935 - exp_torch_topics_d128_passive_i2000_b20_q100_f512_3 - INFO - current val_accuracy: 0.48385577630610743
2020-03-26 15:38:43,935 - exp_torch_topics_d128_passive_i2000_b20_q100_f512_3 - INFO - start step #68
2020-03-26 15:38:43,935 - exp_torch_topics_d128_passive_i2000_b20_q100_f512_3 - INFO - query idx: [10312 94058  2310 41426 94269 11436 34871 49705 74050 37668 51800  4996
 95550 59108 60714 26245 81202 42083 82514 27499]
2020-03-26 15:38:48,345 - exp_torch_topics_d128_passive_i2000_b20_q100_f512_3 - INFO - finish step #68 for 4.410111904144287 sec
2020-03-26 15:38:48,345 - exp_torch_topics_d128_passive_i2000_b20_q100_f512_3 - INFO - current val_accuracy: 0.48835908756438556
2020-03-26 15:38:48,345 - exp_torch_topics_d128_passive_i2000_b20_q100_f512_3 - INFO - start step #69
2020-03-26 15:38:48,346 - exp_torch_topics_d128_passive_i2000_b20_q100_f512_3 - INFO - query idx: [54602 68247 66729 44908 83531 26182 95830 39468 28310 54492 59805 34910
 20125 64005 90361 42565 70105 36918   405 43164]
2020-03-26 15:38:52,666 - exp_torch_topics_d128_passive_i2000_b20_q100_f512_3 - INFO - finish step #69 for 4.320134162902832 sec
2020-03-26 15:38:52,666 - exp_torch_topics_d128_passive_i2000_b20_q100_f512_3 - INFO - current val_accuracy: 0.4856512141280353
2020-03-26 15:38:52,666 - exp_torch_topics_d128_passive_i2000_b20_q100_f512_3 - INFO - start step #70
2020-03-26 15:38:52,667 - exp_torch_topics_d128_passive_i2000_b20_q100_f512_3 - INFO - query idx: [12381 58139 20300 48196 43770 41142 25021 19089 96989 79643 57290  9748
 14933 30221 35563 34309 48282 41006 88278 30861]
2020-03-26 15:38:57,876 - exp_torch_topics_d128_passive_i2000_b20_q100_f512_3 - INFO - finish step #70 for 5.20907187461853 sec
2020-03-26 15:38:57,876 - exp_torch_topics_d128_passive_i2000_b20_q100_f512_3 - INFO - current val_accuracy: 0.4833259749816041
2020-03-26 15:38:57,876 - exp_torch_topics_d128_passive_i2000_b20_q100_f512_3 - INFO - start step #71
2020-03-26 15:38:57,877 - exp_torch_topics_d128_passive_i2000_b20_q100_f512_3 - INFO - query idx: [13535 96404  5552 91793 53299  1142 69197 80293 34902 21299 39332 49350
 56730  2721 62218  1755 12195 92518 64387 37162]
2020-03-26 15:39:03,047 - exp_torch_topics_d128_passive_i2000_b20_q100_f512_3 - INFO - finish step #71 for 5.1709840297698975 sec
2020-03-26 15:39:03,048 - exp_torch_topics_d128_passive_i2000_b20_q100_f512_3 - INFO - current val_accuracy: 0.4852391464311994
2020-03-26 15:39:03,048 - exp_torch_topics_d128_passive_i2000_b20_q100_f512_3 - INFO - start step #72
2020-03-26 15:39:03,048 - exp_torch_topics_d128_passive_i2000_b20_q100_f512_3 - INFO - query idx: [95580  4470 17500 96692 29359 46720 47222 55767 55710 68058 38720 16532
 40897 26254 43894 75292 63999 91173 13505 43389]
2020-03-26 15:39:07,637 - exp_torch_topics_d128_passive_i2000_b20_q100_f512_3 - INFO - finish step #72 for 4.588810920715332 sec
2020-03-26 15:39:07,637 - exp_torch_topics_d128_passive_i2000_b20_q100_f512_3 - INFO - current val_accuracy: 0.48432671081677703
2020-03-26 15:39:07,637 - exp_torch_topics_d128_passive_i2000_b20_q100_f512_3 - INFO - start step #73
2020-03-26 15:39:07,638 - exp_torch_topics_d128_passive_i2000_b20_q100_f512_3 - INFO - query idx: [89733 56575 82267 25751 10215 12361 60548 37107 37896 50294 96590 31291
 30868 20958 45649 65328 21734 80102 82129 89809]
2020-03-26 15:39:12,914 - exp_torch_topics_d128_passive_i2000_b20_q100_f512_3 - INFO - finish step #73 for 5.27685809135437 sec
2020-03-26 15:39:12,915 - exp_torch_topics_d128_passive_i2000_b20_q100_f512_3 - INFO - current val_accuracy: 0.4780868285504047
2020-03-26 15:39:12,915 - exp_torch_topics_d128_passive_i2000_b20_q100_f512_3 - INFO - start step #74
2020-03-26 15:39:12,916 - exp_torch_topics_d128_passive_i2000_b20_q100_f512_3 - INFO - query idx: [36940 55416 19118 53106 65061 73201 18199 88305 88645 36243 75032 50357
 58510 11777 75892 26337 55014 30492 66023 73499]
2020-03-26 15:39:17,536 - exp_torch_topics_d128_passive_i2000_b20_q100_f512_3 - INFO - finish step #74 for 4.620480060577393 sec
2020-03-26 15:39:17,536 - exp_torch_topics_d128_passive_i2000_b20_q100_f512_3 - INFO - current val_accuracy: 0.4821486387049301
2020-03-26 15:39:17,536 - exp_torch_topics_d128_passive_i2000_b20_q100_f512_3 - INFO - start step #75
2020-03-26 15:39:17,536 - exp_torch_topics_d128_passive_i2000_b20_q100_f512_3 - INFO - query idx: [23713 42283 15454 63774 57614 28665 61246 55962 55602 74593 13312 28067
 95620 35286 69421 76618 27853 17504  2800 85303]
2020-03-26 15:39:22,156 - exp_torch_topics_d128_passive_i2000_b20_q100_f512_3 - INFO - finish step #75 for 4.619777202606201 sec
2020-03-26 15:39:22,156 - exp_torch_topics_d128_passive_i2000_b20_q100_f512_3 - INFO - current val_accuracy: 0.4832671081677704
2020-03-26 15:39:22,156 - exp_torch_topics_d128_passive_i2000_b20_q100_f512_3 - INFO - start step #76
2020-03-26 15:39:22,157 - exp_torch_topics_d128_passive_i2000_b20_q100_f512_3 - INFO - query idx: [57682 95520 59757 13043  4565 74768 65378  2805 37429   282 16228 25803
 60220 19852 27474 38738   229 76495 46022 38619]
2020-03-26 15:39:26,847 - exp_torch_topics_d128_passive_i2000_b20_q100_f512_3 - INFO - finish step #76 for 4.690636157989502 sec
2020-03-26 15:39:26,847 - exp_torch_topics_d128_passive_i2000_b20_q100_f512_3 - INFO - current val_accuracy: 0.48270787343635024
2020-03-26 15:39:26,847 - exp_torch_topics_d128_passive_i2000_b20_q100_f512_3 - INFO - start step #77
2020-03-26 15:39:26,848 - exp_torch_topics_d128_passive_i2000_b20_q100_f512_3 - INFO - query idx: [ 3033 53882 53560 45956  1497 33885 92499 83454 30332 75268 48060 43042
 62890 28680 42502 62174 86936 22067 86570 43023]
2020-03-26 15:39:32,006 - exp_torch_topics_d128_passive_i2000_b20_q100_f512_3 - INFO - finish step #77 for 5.158838987350464 sec
2020-03-26 15:39:32,016 - exp_torch_topics_d128_passive_i2000_b20_q100_f512_3 - INFO - current val_accuracy: 0.48735835172921266
2020-03-26 15:39:32,016 - exp_torch_topics_d128_passive_i2000_b20_q100_f512_3 - INFO - start step #78
2020-03-26 15:39:32,016 - exp_torch_topics_d128_passive_i2000_b20_q100_f512_3 - INFO - query idx: [81080 62744 58934 55744 25923 35231 31718 19189 33967 77884 96400 30354
  9065 24221 11426 52538 73903 45940 20028 16001]
2020-03-26 15:39:36,302 - exp_torch_topics_d128_passive_i2000_b20_q100_f512_3 - INFO - finish step #78 for 4.286179065704346 sec
2020-03-26 15:39:36,302 - exp_torch_topics_d128_passive_i2000_b20_q100_f512_3 - INFO - current val_accuracy: 0.48729948491537894
2020-03-26 15:39:36,303 - exp_torch_topics_d128_passive_i2000_b20_q100_f512_3 - INFO - start step #79
2020-03-26 15:39:36,303 - exp_torch_topics_d128_passive_i2000_b20_q100_f512_3 - INFO - query idx: [29032 19894 80625 69969 30770 77421 67873 79844 15431 71998 44477 64993
 87120 28448 85932 82141 75945 19528 83520 94677]
2020-03-26 15:39:40,871 - exp_torch_topics_d128_passive_i2000_b20_q100_f512_3 - INFO - finish step #79 for 4.5682690143585205 sec
2020-03-26 15:39:40,871 - exp_torch_topics_d128_passive_i2000_b20_q100_f512_3 - INFO - current val_accuracy: 0.48897718910963944
2020-03-26 15:39:40,871 - exp_torch_topics_d128_passive_i2000_b20_q100_f512_3 - INFO - start step #80
2020-03-26 15:39:40,872 - exp_torch_topics_d128_passive_i2000_b20_q100_f512_3 - INFO - query idx: [96604 78856 24622 25121 24859 21268  4537 83608 20710 15073 92505 18529
  7967  6804 42553 28374 88001 60409 29946 66880]
2020-03-26 15:39:45,155 - exp_torch_topics_d128_passive_i2000_b20_q100_f512_3 - INFO - finish step #80 for 4.283801794052124 sec
2020-03-26 15:39:45,155 - exp_torch_topics_d128_passive_i2000_b20_q100_f512_3 - INFO - current val_accuracy: 0.48859455481972036
2020-03-26 15:39:45,156 - exp_torch_topics_d128_passive_i2000_b20_q100_f512_3 - INFO - start step #81
2020-03-26 15:39:45,156 - exp_torch_topics_d128_passive_i2000_b20_q100_f512_3 - INFO - query idx: [13772  3885  6002 80577 83940  4538 69697 47023 52357 60412 49788 32706
 96464  5379 27257 67240 89287 30063 26435 11595]
2020-03-26 15:39:49,555 - exp_torch_topics_d128_passive_i2000_b20_q100_f512_3 - INFO - finish step #81 for 4.3988871574401855 sec
2020-03-26 15:39:49,555 - exp_torch_topics_d128_passive_i2000_b20_q100_f512_3 - INFO - current val_accuracy: 0.4864164827078734
2020-03-26 15:39:49,555 - exp_torch_topics_d128_passive_i2000_b20_q100_f512_3 - INFO - start step #82
2020-03-26 15:39:49,556 - exp_torch_topics_d128_passive_i2000_b20_q100_f512_3 - INFO - query idx: [69502 91778 22344 47584 28081 14222 51445 26535 66277 71739 75897 58184
 48530 90774 49015 15932 56364 68473 37953 50618]
2020-03-26 15:39:54,616 - exp_torch_topics_d128_passive_i2000_b20_q100_f512_3 - INFO - finish step #82 for 5.060485124588013 sec
2020-03-26 15:39:54,616 - exp_torch_topics_d128_passive_i2000_b20_q100_f512_3 - INFO - current val_accuracy: 0.4923325974981604
2020-03-26 15:39:54,616 - exp_torch_topics_d128_passive_i2000_b20_q100_f512_3 - INFO - start step #83
2020-03-26 15:39:54,617 - exp_torch_topics_d128_passive_i2000_b20_q100_f512_3 - INFO - query idx: [38742 70242 57664 88642 35140 55264 93535 73088 93007 98169 97957 97092
 42827 38137 18597 97267 24365 36026 66494 61452]
2020-03-26 15:39:58,821 - exp_torch_topics_d128_passive_i2000_b20_q100_f512_3 - INFO - finish step #83 for 4.20406174659729 sec
2020-03-26 15:39:58,821 - exp_torch_topics_d128_passive_i2000_b20_q100_f512_3 - INFO - current val_accuracy: 0.48612214863870495
2020-03-26 15:39:58,822 - exp_torch_topics_d128_passive_i2000_b20_q100_f512_3 - INFO - start step #84
2020-03-26 15:39:58,822 - exp_torch_topics_d128_passive_i2000_b20_q100_f512_3 - INFO - query idx: [  414 68956 14182 24745 54850 74281 29838 70522 36982 47852 92298 49304
 91500 19769 56140 70343 66732 92294 60194 84168]
2020-03-26 15:40:03,232 - exp_torch_topics_d128_passive_i2000_b20_q100_f512_3 - INFO - finish step #84 for 4.410650730133057 sec
2020-03-26 15:40:03,232 - exp_torch_topics_d128_passive_i2000_b20_q100_f512_3 - INFO - current val_accuracy: 0.48788815305371597
2020-03-26 15:40:03,233 - exp_torch_topics_d128_passive_i2000_b20_q100_f512_3 - INFO - start step #85
2020-03-26 15:40:03,233 - exp_torch_topics_d128_passive_i2000_b20_q100_f512_3 - INFO - query idx: [36745 85786 34482 31689 79938 75452 25065  6150 41557 57735 29689  1385
 32052 58964 46132 67687 97377 90829 60843 69046]
2020-03-26 15:40:07,787 - exp_torch_topics_d128_passive_i2000_b20_q100_f512_3 - INFO - finish step #85 for 4.553896188735962 sec
2020-03-26 15:40:07,787 - exp_torch_topics_d128_passive_i2000_b20_q100_f512_3 - INFO - current val_accuracy: 0.48676968359087563
2020-03-26 15:40:07,787 - exp_torch_topics_d128_passive_i2000_b20_q100_f512_3 - INFO - start step #86
2020-03-26 15:40:07,788 - exp_torch_topics_d128_passive_i2000_b20_q100_f512_3 - INFO - query idx: [69345 60330 71870 76844 77487 87380 33339 97423 43966 76683 72232 81185
 89238 21654 62553 35485 16858 68766 49587 76156]
2020-03-26 15:40:12,282 - exp_torch_topics_d128_passive_i2000_b20_q100_f512_3 - INFO - finish step #86 for 4.495156764984131 sec
2020-03-26 15:40:12,283 - exp_torch_topics_d128_passive_i2000_b20_q100_f512_3 - INFO - current val_accuracy: 0.4860044150110375
2020-03-26 15:40:12,284 - exp_torch_topics_d128_passive_i2000_b20_q100_f512_3 - INFO - start step #87
2020-03-26 15:40:12,284 - exp_torch_topics_d128_passive_i2000_b20_q100_f512_3 - INFO - query idx: [85248 36374 58127 38425 17186 60854 55815 62175 89701 30742 11578 24464
 31687 81011 32399 73156 40321  8540  6090 82414]
2020-03-26 15:40:20,691 - exp_torch_topics_d128_passive_i2000_b20_q100_f512_3 - INFO - finish step #87 for 8.4076988697052 sec
2020-03-26 15:40:20,695 - exp_torch_topics_d128_passive_i2000_b20_q100_f512_3 - INFO - current val_accuracy: 0.48997792494481235
2020-03-26 15:40:20,695 - exp_torch_topics_d128_passive_i2000_b20_q100_f512_3 - INFO - start step #88
2020-03-26 15:40:20,722 - exp_torch_topics_d128_passive_i2000_b20_q100_f512_3 - INFO - query idx: [68855 31985 81700 80141 18255 34288 18914 79872 15881 77837 97169 96324
 14914 97601 95610 17232 84854 18135 96182 14655]
2020-03-26 15:40:31,228 - exp_torch_topics_d128_passive_i2000_b20_q100_f512_3 - INFO - finish step #88 for 10.53312611579895 sec
2020-03-26 15:40:31,229 - exp_torch_topics_d128_passive_i2000_b20_q100_f512_3 - INFO - current val_accuracy: 0.4905371596762325
2020-03-26 15:40:31,229 - exp_torch_topics_d128_passive_i2000_b20_q100_f512_3 - INFO - start step #89
2020-03-26 15:40:31,230 - exp_torch_topics_d128_passive_i2000_b20_q100_f512_3 - INFO - query idx: [44955 35740 78425 31228 69244 76518 70401 61826 28043 35780 57936 32746
 95049 86441 77098 93878 90852 45483 56693 43913]
2020-03-26 15:40:35,574 - exp_torch_topics_d128_passive_i2000_b20_q100_f512_3 - INFO - finish step #89 for 4.344938039779663 sec
2020-03-26 15:40:35,574 - exp_torch_topics_d128_passive_i2000_b20_q100_f512_3 - INFO - current val_accuracy: 0.4914495952906549
2020-03-26 15:40:35,575 - exp_torch_topics_d128_passive_i2000_b20_q100_f512_3 - INFO - start step #90
2020-03-26 15:40:35,575 - exp_torch_topics_d128_passive_i2000_b20_q100_f512_3 - INFO - query idx: [95167 83369 97639 54420 49400 37386 87310  1940 83688 44211 42309 24745
 33579 60855 89482 81257 94170 25948 72946 80575]
2020-03-26 15:40:40,474 - exp_torch_topics_d128_passive_i2000_b20_q100_f512_3 - INFO - finish step #90 for 4.899817943572998 sec
2020-03-26 15:40:40,475 - exp_torch_topics_d128_passive_i2000_b20_q100_f512_3 - INFO - current val_accuracy: 0.4913318616629875
2020-03-26 15:40:40,480 - exp_torch_topics_d128_passive_i2000_b20_q100_f512_3 - INFO - start step #91
2020-03-26 15:40:40,481 - exp_torch_topics_d128_passive_i2000_b20_q100_f512_3 - INFO - query idx: [14268 32858 59541 25619   543 25304 36261 80812 59315 40085 22480 10696
 63185 76872 66164 26806 76314 56101 39345 56976]
2020-03-26 15:41:00,638 - exp_torch_topics_d128_passive_i2000_b20_q100_f512_3 - INFO - finish step #91 for 20.157602071762085 sec
2020-03-26 15:41:00,697 - exp_torch_topics_d128_passive_i2000_b20_q100_f512_3 - INFO - current val_accuracy: 0.4925091979396615
2020-03-26 15:41:00,718 - exp_torch_topics_d128_passive_i2000_b20_q100_f512_3 - INFO - start step #92
2020-03-26 15:41:00,799 - exp_torch_topics_d128_passive_i2000_b20_q100_f512_3 - INFO - query idx: [87420 74852 37955  5506 29810  8718 49824 30619 14701 83936 29962 90541
 92538 53242 70249 84512 63362 91194 10347 54441]
2020-03-26 15:41:23,070 - exp_torch_topics_d128_passive_i2000_b20_q100_f512_3 - INFO - finish step #92 for 22.349118947982788 sec
2020-03-26 15:41:23,084 - exp_torch_topics_d128_passive_i2000_b20_q100_f512_3 - INFO - current val_accuracy: 0.4938925680647535
2020-03-26 15:41:23,085 - exp_torch_topics_d128_passive_i2000_b20_q100_f512_3 - INFO - start step #93
2020-03-26 15:41:23,118 - exp_torch_topics_d128_passive_i2000_b20_q100_f512_3 - INFO - query idx: [38089 57357 26729 55096 53948 93604 47317 27705 11922 13870 39889  9360
 44425 87767 65250 92452 34907 42359 48735 76231]
2020-03-26 15:41:34,285 - exp_torch_topics_d128_passive_i2000_b20_q100_f512_3 - INFO - finish step #93 for 11.199766159057617 sec
2020-03-26 15:41:34,286 - exp_torch_topics_d128_passive_i2000_b20_q100_f512_3 - INFO - current val_accuracy: 0.4929801324503311
2020-03-26 15:41:34,286 - exp_torch_topics_d128_passive_i2000_b20_q100_f512_3 - INFO - start step #94
2020-03-26 15:41:34,287 - exp_torch_topics_d128_passive_i2000_b20_q100_f512_3 - INFO - query idx: [89889 48785 62564 53595 71420 96370 68230 45972 64413 38195 25924 43407
 14983  5955 14750 95538 43102 95963 85228 67075]
2020-03-26 15:41:53,997 - exp_torch_topics_d128_passive_i2000_b20_q100_f512_3 - INFO - finish step #94 for 19.710144996643066 sec
2020-03-26 15:41:53,999 - exp_torch_topics_d128_passive_i2000_b20_q100_f512_3 - INFO - current val_accuracy: 0.494775570272259
2020-03-26 15:41:53,999 - exp_torch_topics_d128_passive_i2000_b20_q100_f512_3 - INFO - start step #95
2020-03-26 15:41:54,023 - exp_torch_topics_d128_passive_i2000_b20_q100_f512_3 - INFO - query idx: [39291 68432 46493 87809 83878 76251 96875  4482 43761 37446 81031 89207
 46265 27350 94741 36419  7889 12988 52878  4436]
2020-03-26 15:42:07,430 - exp_torch_topics_d128_passive_i2000_b20_q100_f512_3 - INFO - finish step #95 for 13.430505990982056 sec
2020-03-26 15:42:07,432 - exp_torch_topics_d128_passive_i2000_b20_q100_f512_3 - INFO - current val_accuracy: 0.49480500367917585
2020-03-26 15:42:07,432 - exp_torch_topics_d128_passive_i2000_b20_q100_f512_3 - INFO - start step #96
2020-03-26 15:42:07,481 - exp_torch_topics_d128_passive_i2000_b20_q100_f512_3 - INFO - query idx: [72147 69537 64769 28255 75835 48096  4022 48783 15302     2  9246  3065
 94472 14232 42703 90808  8778 42686 45446 20686]
2020-03-26 15:42:15,525 - exp_torch_topics_d128_passive_i2000_b20_q100_f512_3 - INFO - finish step #96 for 8.09246277809143 sec
2020-03-26 15:42:15,525 - exp_torch_topics_d128_passive_i2000_b20_q100_f512_3 - INFO - current val_accuracy: 0.4962766740250184
2020-03-26 15:42:15,527 - exp_torch_topics_d128_passive_i2000_b20_q100_f512_3 - INFO - start step #97
2020-03-26 15:42:15,529 - exp_torch_topics_d128_passive_i2000_b20_q100_f512_3 - INFO - query idx: [38503 12176 15612 71608 39684 33278 45878 68611 46799 72721  6915 26958
 62484 17374 27463 69079 31403 25272 81252 47094]
2020-03-26 15:42:19,715 - exp_torch_topics_d128_passive_i2000_b20_q100_f512_3 - INFO - finish step #97 for 4.188638925552368 sec
2020-03-26 15:42:19,716 - exp_torch_topics_d128_passive_i2000_b20_q100_f512_3 - INFO - current val_accuracy: 0.49094922737306845
2020-03-26 15:42:19,716 - exp_torch_topics_d128_passive_i2000_b20_q100_f512_3 - INFO - start step #98
2020-03-26 15:42:19,716 - exp_torch_topics_d128_passive_i2000_b20_q100_f512_3 - INFO - query idx: [61556 83544 82160 43315 48095   218 23838 26893  5469 82109 85464 51330
 45884 37259 59566 11716 62465 91682 36699 25607]
2020-03-26 15:42:23,330 - exp_torch_topics_d128_passive_i2000_b20_q100_f512_3 - INFO - finish step #98 for 3.614259958267212 sec
2020-03-26 15:42:23,330 - exp_torch_topics_d128_passive_i2000_b20_q100_f512_3 - INFO - current val_accuracy: 0.4915084621044886
2020-03-26 15:42:23,330 - exp_torch_topics_d128_passive_i2000_b20_q100_f512_3 - INFO - start step #99
2020-03-26 15:42:23,331 - exp_torch_topics_d128_passive_i2000_b20_q100_f512_3 - INFO - query idx: [13217 69975 62156 83374 61736 22594 22105 49575 27043 93875 41818 65210
 40961  9507  5020 82547 36218 88399 47352 41000]
2020-03-26 15:42:28,712 - exp_torch_topics_d128_passive_i2000_b20_q100_f512_3 - INFO - finish step #99 for 5.38127326965332 sec
2020-03-26 15:42:28,712 - exp_torch_topics_d128_passive_i2000_b20_q100_f512_3 - INFO - current val_accuracy: 0.4918616629874908
2020-03-26 15:42:28,712 - exp_torch_topics_d128_passive_i2000_b20_q100_f512_3 - INFO - finish experiment process for 618.8575189113617 sec
