2020-03-20 01:57:07,889 - exp_torch_topics_cluster_by_txt_i2000_b20_4 - INFO - start experiment process
2020-03-20 01:57:15,080 - exp_torch_topics_cluster_by_txt_i2000_b20_4 - INFO - initial val_accuracy: 0.41339220014716704
2020-03-20 01:57:15,082 - exp_torch_topics_cluster_by_txt_i2000_b20_4 - INFO - start step #0
2020-03-20 01:57:56,811 - exp_torch_topics_cluster_by_txt_i2000_b20_4 - INFO - finish step #0 for 41.728585958480835 sec
2020-03-20 01:57:56,814 - exp_torch_topics_cluster_by_txt_i2000_b20_4 - INFO - current val_accuracy: 0.41751287711552615
2020-03-20 01:57:56,814 - exp_torch_topics_cluster_by_txt_i2000_b20_4 - INFO - start step #1
2020-03-20 01:58:33,579 - exp_torch_topics_cluster_by_txt_i2000_b20_4 - INFO - finish step #1 for 36.76521396636963 sec
2020-03-20 01:58:33,579 - exp_torch_topics_cluster_by_txt_i2000_b20_4 - INFO - current val_accuracy: 0.4156291390728477
2020-03-20 01:58:33,579 - exp_torch_topics_cluster_by_txt_i2000_b20_4 - INFO - start step #2
2020-03-20 01:59:06,129 - exp_torch_topics_cluster_by_txt_i2000_b20_4 - INFO - finish step #2 for 32.54922103881836 sec
2020-03-20 01:59:06,297 - exp_torch_topics_cluster_by_txt_i2000_b20_4 - INFO - current val_accuracy: 0.4120971302428256
2020-03-20 01:59:06,297 - exp_torch_topics_cluster_by_txt_i2000_b20_4 - INFO - start step #3
2020-03-20 01:59:40,048 - exp_torch_topics_cluster_by_txt_i2000_b20_4 - INFO - finish step #3 for 33.75038814544678 sec
2020-03-20 01:59:40,048 - exp_torch_topics_cluster_by_txt_i2000_b20_4 - INFO - current val_accuracy: 0.4021486387049301
2020-03-20 01:59:40,048 - exp_torch_topics_cluster_by_txt_i2000_b20_4 - INFO - start step #4
2020-03-20 02:00:13,072 - exp_torch_topics_cluster_by_txt_i2000_b20_4 - INFO - finish step #4 for 33.02413582801819 sec
2020-03-20 02:00:13,072 - exp_torch_topics_cluster_by_txt_i2000_b20_4 - INFO - current val_accuracy: 0.3984400294334069
2020-03-20 02:00:13,072 - exp_torch_topics_cluster_by_txt_i2000_b20_4 - INFO - start step #5
2020-03-20 02:00:45,008 - exp_torch_topics_cluster_by_txt_i2000_b20_4 - INFO - finish step #5 for 31.93545699119568 sec
2020-03-20 02:00:45,008 - exp_torch_topics_cluster_by_txt_i2000_b20_4 - INFO - current val_accuracy: 0.4068579838116262
2020-03-20 02:00:45,008 - exp_torch_topics_cluster_by_txt_i2000_b20_4 - INFO - start step #6
2020-03-20 02:01:15,013 - exp_torch_topics_cluster_by_txt_i2000_b20_4 - INFO - finish step #6 for 30.004369974136353 sec
2020-03-20 02:01:15,014 - exp_torch_topics_cluster_by_txt_i2000_b20_4 - INFO - current val_accuracy: 0.4085356880058867
2020-03-20 02:01:15,014 - exp_torch_topics_cluster_by_txt_i2000_b20_4 - INFO - start step #7
2020-03-20 02:01:48,613 - exp_torch_topics_cluster_by_txt_i2000_b20_4 - INFO - finish step #7 for 33.59830093383789 sec
2020-03-20 02:01:48,613 - exp_torch_topics_cluster_by_txt_i2000_b20_4 - INFO - current val_accuracy: 0.416953642384106
2020-03-20 02:01:48,614 - exp_torch_topics_cluster_by_txt_i2000_b20_4 - INFO - start step #8
2020-03-20 02:02:20,331 - exp_torch_topics_cluster_by_txt_i2000_b20_4 - INFO - finish step #8 for 31.717355966567993 sec
2020-03-20 02:02:20,332 - exp_torch_topics_cluster_by_txt_i2000_b20_4 - INFO - current val_accuracy: 0.4199558498896247
2020-03-20 02:02:20,332 - exp_torch_topics_cluster_by_txt_i2000_b20_4 - INFO - start step #9
2020-03-20 02:02:51,152 - exp_torch_topics_cluster_by_txt_i2000_b20_4 - INFO - finish step #9 for 30.81978416442871 sec
2020-03-20 02:02:51,152 - exp_torch_topics_cluster_by_txt_i2000_b20_4 - INFO - current val_accuracy: 0.42183958793230314
2020-03-20 02:02:51,152 - exp_torch_topics_cluster_by_txt_i2000_b20_4 - INFO - start step #10
2020-03-20 02:03:20,054 - exp_torch_topics_cluster_by_txt_i2000_b20_4 - INFO - finish step #10 for 28.90226984024048 sec
2020-03-20 02:03:20,055 - exp_torch_topics_cluster_by_txt_i2000_b20_4 - INFO - current val_accuracy: 0.4255776306107432
2020-03-20 02:03:20,055 - exp_torch_topics_cluster_by_txt_i2000_b20_4 - INFO - start step #11
2020-03-20 02:03:49,665 - exp_torch_topics_cluster_by_txt_i2000_b20_4 - INFO - finish step #11 for 29.610063076019287 sec
2020-03-20 02:03:49,666 - exp_torch_topics_cluster_by_txt_i2000_b20_4 - INFO - current val_accuracy: 0.42478292862398825
2020-03-20 02:03:49,666 - exp_torch_topics_cluster_by_txt_i2000_b20_4 - INFO - start step #12
2020-03-20 02:04:24,127 - exp_torch_topics_cluster_by_txt_i2000_b20_4 - INFO - finish step #12 for 34.46057176589966 sec
2020-03-20 02:04:24,127 - exp_torch_topics_cluster_by_txt_i2000_b20_4 - INFO - current val_accuracy: 0.42763796909492274
2020-03-20 02:04:24,128 - exp_torch_topics_cluster_by_txt_i2000_b20_4 - INFO - start step #13
2020-03-20 02:04:56,561 - exp_torch_topics_cluster_by_txt_i2000_b20_4 - INFO - finish step #13 for 32.43347787857056 sec
2020-03-20 02:04:56,561 - exp_torch_topics_cluster_by_txt_i2000_b20_4 - INFO - current val_accuracy: 0.4304047093451067
2020-03-20 02:04:56,562 - exp_torch_topics_cluster_by_txt_i2000_b20_4 - INFO - start step #14
2020-03-20 02:05:28,682 - exp_torch_topics_cluster_by_txt_i2000_b20_4 - INFO - finish step #14 for 32.12046194076538 sec
2020-03-20 02:05:28,682 - exp_torch_topics_cluster_by_txt_i2000_b20_4 - INFO - current val_accuracy: 0.42961000735835175
2020-03-20 02:05:28,683 - exp_torch_topics_cluster_by_txt_i2000_b20_4 - INFO - start step #15
2020-03-20 02:06:02,055 - exp_torch_topics_cluster_by_txt_i2000_b20_4 - INFO - finish step #15 for 33.372840881347656 sec
2020-03-20 02:06:02,056 - exp_torch_topics_cluster_by_txt_i2000_b20_4 - INFO - current val_accuracy: 0.4286681383370125
2020-03-20 02:06:02,056 - exp_torch_topics_cluster_by_txt_i2000_b20_4 - INFO - start step #16
2020-03-20 02:06:41,537 - exp_torch_topics_cluster_by_txt_i2000_b20_4 - INFO - finish step #16 for 39.48078513145447 sec
2020-03-20 02:06:41,542 - exp_torch_topics_cluster_by_txt_i2000_b20_4 - INFO - current val_accuracy: 0.42878587196467993
2020-03-20 02:06:41,543 - exp_torch_topics_cluster_by_txt_i2000_b20_4 - INFO - start step #17
2020-03-20 02:07:31,817 - exp_torch_topics_cluster_by_txt_i2000_b20_4 - INFO - finish step #17 for 50.27043676376343 sec
2020-03-20 02:07:31,838 - exp_torch_topics_cluster_by_txt_i2000_b20_4 - INFO - current val_accuracy: 0.42978660779985284
2020-03-20 02:07:31,839 - exp_torch_topics_cluster_by_txt_i2000_b20_4 - INFO - start step #18
2020-03-20 02:08:26,112 - exp_torch_topics_cluster_by_txt_i2000_b20_4 - INFO - finish step #18 for 54.27137112617493 sec
2020-03-20 02:08:26,119 - exp_torch_topics_cluster_by_txt_i2000_b20_4 - INFO - current val_accuracy: 0.4304341427520236
2020-03-20 02:08:26,119 - exp_torch_topics_cluster_by_txt_i2000_b20_4 - INFO - start step #19
2020-03-20 02:09:26,945 - exp_torch_topics_cluster_by_txt_i2000_b20_4 - INFO - finish step #19 for 60.822866916656494 sec
2020-03-20 02:09:26,949 - exp_torch_topics_cluster_by_txt_i2000_b20_4 - INFO - current val_accuracy: 0.43090507726269317
2020-03-20 02:09:26,950 - exp_torch_topics_cluster_by_txt_i2000_b20_4 - INFO - start step #20
2020-03-20 02:10:21,334 - exp_torch_topics_cluster_by_txt_i2000_b20_4 - INFO - finish step #20 for 54.37976121902466 sec
2020-03-20 02:10:21,339 - exp_torch_topics_cluster_by_txt_i2000_b20_4 - INFO - current val_accuracy: 0.43258278145695367
2020-03-20 02:10:21,341 - exp_torch_topics_cluster_by_txt_i2000_b20_4 - INFO - start step #21
2020-03-20 02:11:15,594 - exp_torch_topics_cluster_by_txt_i2000_b20_4 - INFO - finish step #21 for 54.24887013435364 sec
2020-03-20 02:11:15,599 - exp_torch_topics_cluster_by_txt_i2000_b20_4 - INFO - current val_accuracy: 0.433495217071376
2020-03-20 02:11:15,599 - exp_torch_topics_cluster_by_txt_i2000_b20_4 - INFO - start step #22
2020-03-20 02:12:10,163 - exp_torch_topics_cluster_by_txt_i2000_b20_4 - INFO - finish step #22 for 54.56362700462341 sec
2020-03-20 02:12:10,170 - exp_torch_topics_cluster_by_txt_i2000_b20_4 - INFO - current val_accuracy: 0.43520235467255336
2020-03-20 02:12:10,170 - exp_torch_topics_cluster_by_txt_i2000_b20_4 - INFO - start step #23
2020-03-20 02:12:54,822 - exp_torch_topics_cluster_by_txt_i2000_b20_4 - INFO - finish step #23 for 44.65145516395569 sec
2020-03-20 02:12:54,822 - exp_torch_topics_cluster_by_txt_i2000_b20_4 - INFO - current val_accuracy: 0.4320529801324503
2020-03-20 02:12:54,823 - exp_torch_topics_cluster_by_txt_i2000_b20_4 - INFO - start step #24
2020-03-20 02:13:44,821 - exp_torch_topics_cluster_by_txt_i2000_b20_4 - INFO - finish step #24 for 49.9980149269104 sec
2020-03-20 02:13:44,822 - exp_torch_topics_cluster_by_txt_i2000_b20_4 - INFO - current val_accuracy: 0.43193524650478293
2020-03-20 02:13:44,823 - exp_torch_topics_cluster_by_txt_i2000_b20_4 - INFO - start step #25
2020-03-20 02:14:27,421 - exp_torch_topics_cluster_by_txt_i2000_b20_4 - INFO - finish step #25 for 42.597877979278564 sec
2020-03-20 02:14:27,422 - exp_torch_topics_cluster_by_txt_i2000_b20_4 - INFO - current val_accuracy: 0.43637969094922735
2020-03-20 02:14:27,422 - exp_torch_topics_cluster_by_txt_i2000_b20_4 - INFO - start step #26
2020-03-20 02:15:13,345 - exp_torch_topics_cluster_by_txt_i2000_b20_4 - INFO - finish step #26 for 45.922037839889526 sec
2020-03-20 02:15:13,346 - exp_torch_topics_cluster_by_txt_i2000_b20_4 - INFO - current val_accuracy: 0.438233995584989
2020-03-20 02:15:13,346 - exp_torch_topics_cluster_by_txt_i2000_b20_4 - INFO - start step #27
2020-03-20 02:15:55,655 - exp_torch_topics_cluster_by_txt_i2000_b20_4 - INFO - finish step #27 for 42.30860686302185 sec
2020-03-20 02:15:55,656 - exp_torch_topics_cluster_by_txt_i2000_b20_4 - INFO - current val_accuracy: 0.43626195732156
2020-03-20 02:15:55,656 - exp_torch_topics_cluster_by_txt_i2000_b20_4 - INFO - start step #28
2020-03-20 02:16:30,730 - exp_torch_topics_cluster_by_txt_i2000_b20_4 - INFO - finish step #28 for 35.073683977127075 sec
2020-03-20 02:16:30,731 - exp_torch_topics_cluster_by_txt_i2000_b20_4 - INFO - current val_accuracy: 0.435467255334805
2020-03-20 02:16:30,731 - exp_torch_topics_cluster_by_txt_i2000_b20_4 - INFO - start step #29
2020-03-20 02:17:07,091 - exp_torch_topics_cluster_by_txt_i2000_b20_4 - INFO - finish step #29 for 36.359485149383545 sec
2020-03-20 02:17:07,092 - exp_torch_topics_cluster_by_txt_i2000_b20_4 - INFO - current val_accuracy: 0.42160412067696834
2020-03-20 02:17:07,092 - exp_torch_topics_cluster_by_txt_i2000_b20_4 - INFO - finish experiment process for 1199.1939458847046 sec
