2020-04-27 18:34:12,055 - exp_torch_topics_ll3_margin_bald_n_hidden1_i2000_b20_q200_1 - INFO - start experiment process
2020-04-27 18:34:16,362 - exp_torch_topics_ll3_margin_bald_n_hidden1_i2000_b20_q200_1 - INFO - initial val_accuracy: 0.012891832229580574
2020-04-27 18:34:16,362 - exp_torch_topics_ll3_margin_bald_n_hidden1_i2000_b20_q200_1 - INFO - start step #0
2020-04-27 18:35:26,660 - exp_torch_topics_ll3_margin_bald_n_hidden1_i2000_b20_q200_1 - INFO - query idx: [52606 37402 44700 26087 53229 32590 48060  6104 21674 53145 80009 15828
 74297  1701 64999  9638 91722 52232 50549 69941]
2020-04-27 18:35:45,162 - exp_torch_topics_ll3_margin_bald_n_hidden1_i2000_b20_q200_1 - INFO - finish step #0 for 88.79997396469116 sec
2020-04-27 18:35:45,162 - exp_torch_topics_ll3_margin_bald_n_hidden1_i2000_b20_q200_1 - INFO - current val_accuracy: 0.2851802796173657
2020-04-27 18:35:45,200 - exp_torch_topics_ll3_margin_bald_n_hidden1_i2000_b20_q200_1 - INFO - state on step 0 saved
2020-04-27 18:35:45,200 - exp_torch_topics_ll3_margin_bald_n_hidden1_i2000_b20_q200_1 - INFO - finish experiment process for 93.14215803146362 sec
2020-04-28 23:53:49,504 - exp_torch_topics_ll3_margin_bald_n_hidden1_i2000_b20_q200_1 - INFO - start experiment process
2020-04-28 23:54:00,135 - exp_torch_topics_ll3_margin_bald_n_hidden1_i2000_b20_q200_1 - INFO - initial val_accuracy: 0.026019131714495953
2020-04-28 23:54:00,138 - exp_torch_topics_ll3_margin_bald_n_hidden1_i2000_b20_q200_1 - INFO - start step #0
2020-04-28 23:55:31,103 - exp_torch_topics_ll3_margin_bald_n_hidden1_i2000_b20_q200_1 - INFO - query idx: [49857 12414 48005  9980 81094 25179 89945  9848 51732 54063 93009  2637
  2088 90608  6185 53235 96000 66601 83948 49794]
2020-04-28 23:55:55,517 - exp_torch_topics_ll3_margin_bald_n_hidden1_i2000_b20_q200_1 - INFO - finish step #0 for 115.37810611724854 sec
2020-04-28 23:55:55,524 - exp_torch_topics_ll3_margin_bald_n_hidden1_i2000_b20_q200_1 - INFO - current val_accuracy: 0.1515820456217807
2020-04-28 23:55:55,563 - exp_torch_topics_ll3_margin_bald_n_hidden1_i2000_b20_q200_1 - INFO - state on step 0 saved
2020-04-28 23:55:55,565 - exp_torch_topics_ll3_margin_bald_n_hidden1_i2000_b20_q200_1 - INFO - finish experiment process for 126.03885102272034 sec
2020-04-29 23:29:55,141 - exp_torch_topics_ll3_margin_bald_n_hidden1_i2000_b20_q200_1 - INFO - start experiment process
2020-04-29 23:30:05,251 - exp_torch_topics_ll3_margin_bald_n_hidden1_i2000_b20_q200_1 - INFO - initial val_accuracy: 0.07923473142016188
2020-04-29 23:30:05,256 - exp_torch_topics_ll3_margin_bald_n_hidden1_i2000_b20_q200_1 - INFO - start step #0
2020-04-29 23:31:06,051 - exp_torch_topics_ll3_margin_bald_n_hidden1_i2000_b20_q200_1 - INFO - query idx: [93790 32970  1792 31595 96480 58382 26563 68170 54403 94878 63997 94188
 83187 97845  4803 82267 85226    39 88519 76100]
2020-04-29 23:31:23,313 - exp_torch_topics_ll3_margin_bald_n_hidden1_i2000_b20_q200_1 - INFO - finish step #0 for 78.05646586418152 sec
2020-04-29 23:31:23,315 - exp_torch_topics_ll3_margin_bald_n_hidden1_i2000_b20_q200_1 - INFO - current val_accuracy: 0.25303899926416484
2020-04-29 23:31:23,331 - exp_torch_topics_ll3_margin_bald_n_hidden1_i2000_b20_q200_1 - INFO - state on step 0 saved
2020-04-29 23:31:23,331 - exp_torch_topics_ll3_margin_bald_n_hidden1_i2000_b20_q200_1 - INFO - finish experiment process for 88.15513706207275 sec
