2020-03-19 23:22:35,771 - exp_torch_topics_cluster_by_concat_img_txt_i2000_b20_4 - INFO - start experiment process
2020-03-19 23:22:37,984 - exp_torch_topics_cluster_by_concat_img_txt_i2000_b20_4 - INFO - initial val_accuracy: 0.42649006622516555
2020-03-19 23:22:37,988 - exp_torch_topics_cluster_by_concat_img_txt_i2000_b20_4 - INFO - start step #0
2020-03-19 23:24:35,828 - exp_torch_topics_cluster_by_concat_img_txt_i2000_b20_4 - INFO - finish step #0 for 117.8392961025238 sec
2020-03-19 23:24:35,829 - exp_torch_topics_cluster_by_concat_img_txt_i2000_b20_4 - INFO - current val_accuracy: 0.4244591611479029
2020-03-19 23:24:35,830 - exp_torch_topics_cluster_by_concat_img_txt_i2000_b20_4 - INFO - start step #1
2020-03-19 23:26:15,613 - exp_torch_topics_cluster_by_concat_img_txt_i2000_b20_4 - INFO - finish step #1 for 99.7828278541565 sec
2020-03-19 23:26:15,613 - exp_torch_topics_cluster_by_concat_img_txt_i2000_b20_4 - INFO - current val_accuracy: 0.42398822663723323
2020-03-19 23:26:15,613 - exp_torch_topics_cluster_by_concat_img_txt_i2000_b20_4 - INFO - start step #2
2020-03-19 23:27:50,881 - exp_torch_topics_cluster_by_concat_img_txt_i2000_b20_4 - INFO - finish step #2 for 95.26769089698792 sec
2020-03-19 23:27:50,881 - exp_torch_topics_cluster_by_concat_img_txt_i2000_b20_4 - INFO - current val_accuracy: 0.42257542310522445
2020-03-19 23:27:50,881 - exp_torch_topics_cluster_by_concat_img_txt_i2000_b20_4 - INFO - start step #3
2020-03-19 23:29:30,357 - exp_torch_topics_cluster_by_concat_img_txt_i2000_b20_4 - INFO - finish step #3 for 99.47613000869751 sec
2020-03-19 23:29:30,357 - exp_torch_topics_cluster_by_concat_img_txt_i2000_b20_4 - INFO - current val_accuracy: 0.4138337012509198
2020-03-19 23:29:30,358 - exp_torch_topics_cluster_by_concat_img_txt_i2000_b20_4 - INFO - start step #4
2020-03-19 23:31:05,556 - exp_torch_topics_cluster_by_concat_img_txt_i2000_b20_4 - INFO - finish step #4 for 95.19816303253174 sec
2020-03-19 23:31:05,557 - exp_torch_topics_cluster_by_concat_img_txt_i2000_b20_4 - INFO - current val_accuracy: 0.41521707137601177
2020-03-19 23:31:05,557 - exp_torch_topics_cluster_by_concat_img_txt_i2000_b20_4 - INFO - start step #5
2020-03-19 23:32:54,669 - exp_torch_topics_cluster_by_concat_img_txt_i2000_b20_4 - INFO - finish step #5 for 109.11138987541199 sec
2020-03-19 23:32:54,671 - exp_torch_topics_cluster_by_concat_img_txt_i2000_b20_4 - INFO - current val_accuracy: 0.41774834437086095
2020-03-19 23:32:54,671 - exp_torch_topics_cluster_by_concat_img_txt_i2000_b20_4 - INFO - start step #6
2020-03-19 23:34:37,124 - exp_torch_topics_cluster_by_concat_img_txt_i2000_b20_4 - INFO - finish step #6 for 102.4531900882721 sec
2020-03-19 23:34:37,124 - exp_torch_topics_cluster_by_concat_img_txt_i2000_b20_4 - INFO - current val_accuracy: 0.4262840323767476
2020-03-19 23:34:37,125 - exp_torch_topics_cluster_by_concat_img_txt_i2000_b20_4 - INFO - start step #7
2020-03-19 23:36:20,402 - exp_torch_topics_cluster_by_concat_img_txt_i2000_b20_4 - INFO - finish step #7 for 103.27707695960999 sec
2020-03-19 23:36:20,402 - exp_torch_topics_cluster_by_concat_img_txt_i2000_b20_4 - INFO - current val_accuracy: 0.431523178807947
2020-03-19 23:36:20,402 - exp_torch_topics_cluster_by_concat_img_txt_i2000_b20_4 - INFO - start step #8
2020-03-19 23:38:29,489 - exp_torch_topics_cluster_by_concat_img_txt_i2000_b20_4 - INFO - finish step #8 for 129.08655905723572 sec
2020-03-19 23:38:29,490 - exp_torch_topics_cluster_by_concat_img_txt_i2000_b20_4 - INFO - current val_accuracy: 0.432906548933039
2020-03-19 23:38:29,490 - exp_torch_topics_cluster_by_concat_img_txt_i2000_b20_4 - INFO - start step #9
2020-03-19 23:40:48,010 - exp_torch_topics_cluster_by_concat_img_txt_i2000_b20_4 - INFO - finish step #9 for 138.51937890052795 sec
2020-03-19 23:40:48,012 - exp_torch_topics_cluster_by_concat_img_txt_i2000_b20_4 - INFO - current val_accuracy: 0.43013980868285506
2020-03-19 23:40:48,012 - exp_torch_topics_cluster_by_concat_img_txt_i2000_b20_4 - INFO - start step #10
2020-03-19 23:42:46,997 - exp_torch_topics_cluster_by_concat_img_txt_i2000_b20_4 - INFO - finish step #10 for 118.98496675491333 sec
2020-03-19 23:42:46,999 - exp_torch_topics_cluster_by_concat_img_txt_i2000_b20_4 - INFO - current val_accuracy: 0.43131714495952905
2020-03-19 23:42:46,999 - exp_torch_topics_cluster_by_concat_img_txt_i2000_b20_4 - INFO - start step #11
2020-03-19 23:45:52,374 - exp_torch_topics_cluster_by_concat_img_txt_i2000_b20_4 - INFO - finish step #11 for 185.3701889514923 sec
2020-03-19 23:45:52,598 - exp_torch_topics_cluster_by_concat_img_txt_i2000_b20_4 - INFO - current val_accuracy: 0.4374981604120677
2020-03-19 23:45:52,598 - exp_torch_topics_cluster_by_concat_img_txt_i2000_b20_4 - INFO - start step #12
2020-03-19 23:48:49,673 - exp_torch_topics_cluster_by_concat_img_txt_i2000_b20_4 - INFO - finish step #12 for 177.0742220878601 sec
2020-03-19 23:48:49,674 - exp_torch_topics_cluster_by_concat_img_txt_i2000_b20_4 - INFO - current val_accuracy: 0.4390875643855776
2020-03-19 23:48:49,674 - exp_torch_topics_cluster_by_concat_img_txt_i2000_b20_4 - INFO - start step #13
2020-03-19 23:51:22,668 - exp_torch_topics_cluster_by_concat_img_txt_i2000_b20_4 - INFO - finish step #13 for 152.9941487312317 sec
2020-03-19 23:51:22,669 - exp_torch_topics_cluster_by_concat_img_txt_i2000_b20_4 - INFO - current val_accuracy: 0.4416777041942605
2020-03-19 23:51:22,670 - exp_torch_topics_cluster_by_concat_img_txt_i2000_b20_4 - INFO - start step #14
2020-03-19 23:53:53,010 - exp_torch_topics_cluster_by_concat_img_txt_i2000_b20_4 - INFO - finish step #14 for 150.3405840396881 sec
2020-03-19 23:53:53,011 - exp_torch_topics_cluster_by_concat_img_txt_i2000_b20_4 - INFO - current val_accuracy: 0.43997056659308315
2020-03-19 23:53:53,012 - exp_torch_topics_cluster_by_concat_img_txt_i2000_b20_4 - INFO - start step #15
2020-03-19 23:56:05,683 - exp_torch_topics_cluster_by_concat_img_txt_i2000_b20_4 - INFO - finish step #15 for 132.67138290405273 sec
2020-03-19 23:56:05,684 - exp_torch_topics_cluster_by_concat_img_txt_i2000_b20_4 - INFO - current val_accuracy: 0.44097130242825605
2020-03-19 23:56:05,684 - exp_torch_topics_cluster_by_concat_img_txt_i2000_b20_4 - INFO - start step #16
2020-03-19 23:58:48,296 - exp_torch_topics_cluster_by_concat_img_txt_i2000_b20_4 - INFO - finish step #16 for 162.60980105400085 sec
2020-03-19 23:58:48,299 - exp_torch_topics_cluster_by_concat_img_txt_i2000_b20_4 - INFO - current val_accuracy: 0.4423841059602649
2020-03-19 23:58:48,300 - exp_torch_topics_cluster_by_concat_img_txt_i2000_b20_4 - INFO - start step #17
2020-03-20 00:01:05,429 - exp_torch_topics_cluster_by_concat_img_txt_i2000_b20_4 - INFO - finish step #17 for 137.12849402427673 sec
2020-03-20 00:01:05,431 - exp_torch_topics_cluster_by_concat_img_txt_i2000_b20_4 - INFO - current val_accuracy: 0.44288447387785135
2020-03-20 00:01:05,431 - exp_torch_topics_cluster_by_concat_img_txt_i2000_b20_4 - INFO - start step #18
2020-03-20 00:03:38,011 - exp_torch_topics_cluster_by_concat_img_txt_i2000_b20_4 - INFO - finish step #18 for 152.5797472000122 sec
2020-03-20 00:03:38,016 - exp_torch_topics_cluster_by_concat_img_txt_i2000_b20_4 - INFO - current val_accuracy: 0.44259013980868284
2020-03-20 00:03:38,016 - exp_torch_topics_cluster_by_concat_img_txt_i2000_b20_4 - INFO - start step #19
2020-03-20 00:06:02,994 - exp_torch_topics_cluster_by_concat_img_txt_i2000_b20_4 - INFO - finish step #19 for 144.97770810127258 sec
2020-03-20 00:06:02,996 - exp_torch_topics_cluster_by_concat_img_txt_i2000_b20_4 - INFO - current val_accuracy: 0.44188373804267844
2020-03-20 00:06:02,997 - exp_torch_topics_cluster_by_concat_img_txt_i2000_b20_4 - INFO - start step #20
2020-03-20 00:08:27,043 - exp_torch_topics_cluster_by_concat_img_txt_i2000_b20_4 - INFO - finish step #20 for 144.04655599594116 sec
2020-03-20 00:08:27,045 - exp_torch_topics_cluster_by_concat_img_txt_i2000_b20_4 - INFO - current val_accuracy: 0.4443561442236939
2020-03-20 00:08:27,045 - exp_torch_topics_cluster_by_concat_img_txt_i2000_b20_4 - INFO - start step #21
2020-03-20 00:10:46,229 - exp_torch_topics_cluster_by_concat_img_txt_i2000_b20_4 - INFO - finish step #21 for 139.18440699577332 sec
2020-03-20 00:10:46,231 - exp_torch_topics_cluster_by_concat_img_txt_i2000_b20_4 - INFO - current val_accuracy: 0.44503311258278144
2020-03-20 00:10:46,231 - exp_torch_topics_cluster_by_concat_img_txt_i2000_b20_4 - INFO - start step #22
2020-03-20 00:13:06,114 - exp_torch_topics_cluster_by_concat_img_txt_i2000_b20_4 - INFO - finish step #22 for 139.88256001472473 sec
2020-03-20 00:13:06,115 - exp_torch_topics_cluster_by_concat_img_txt_i2000_b20_4 - INFO - current val_accuracy: 0.4455040470934511
2020-03-20 00:13:06,115 - exp_torch_topics_cluster_by_concat_img_txt_i2000_b20_4 - INFO - start step #23
2020-03-20 00:16:03,119 - exp_torch_topics_cluster_by_concat_img_txt_i2000_b20_4 - INFO - finish step #23 for 177.00229001045227 sec
2020-03-20 00:16:03,122 - exp_torch_topics_cluster_by_concat_img_txt_i2000_b20_4 - INFO - current val_accuracy: 0.446504782928624
2020-03-20 00:16:03,122 - exp_torch_topics_cluster_by_concat_img_txt_i2000_b20_4 - INFO - start step #24
2020-03-20 00:18:29,753 - exp_torch_topics_cluster_by_concat_img_txt_i2000_b20_4 - INFO - finish step #24 for 146.63060903549194 sec
2020-03-20 00:18:29,754 - exp_torch_topics_cluster_by_concat_img_txt_i2000_b20_4 - INFO - current val_accuracy: 0.44847682119205295
2020-03-20 00:18:29,755 - exp_torch_topics_cluster_by_concat_img_txt_i2000_b20_4 - INFO - start step #25
2020-03-20 00:20:46,991 - exp_torch_topics_cluster_by_concat_img_txt_i2000_b20_4 - INFO - finish step #25 for 137.2358741760254 sec
2020-03-20 00:20:46,992 - exp_torch_topics_cluster_by_concat_img_txt_i2000_b20_4 - INFO - current val_accuracy: 0.4497130242825607
2020-03-20 00:20:46,992 - exp_torch_topics_cluster_by_concat_img_txt_i2000_b20_4 - INFO - start step #26
2020-03-20 00:23:49,269 - exp_torch_topics_cluster_by_concat_img_txt_i2000_b20_4 - INFO - finish step #26 for 182.27641820907593 sec
2020-03-20 00:23:49,273 - exp_torch_topics_cluster_by_concat_img_txt_i2000_b20_4 - INFO - current val_accuracy: 0.4467991169977925
2020-03-20 00:23:49,273 - exp_torch_topics_cluster_by_concat_img_txt_i2000_b20_4 - INFO - start step #27
2020-03-20 00:26:09,276 - exp_torch_topics_cluster_by_concat_img_txt_i2000_b20_4 - INFO - finish step #27 for 140.00263500213623 sec
2020-03-20 00:26:09,277 - exp_torch_topics_cluster_by_concat_img_txt_i2000_b20_4 - INFO - current val_accuracy: 0.44853568800588667
2020-03-20 00:26:09,278 - exp_torch_topics_cluster_by_concat_img_txt_i2000_b20_4 - INFO - start step #28
2020-03-20 00:28:25,540 - exp_torch_topics_cluster_by_concat_img_txt_i2000_b20_4 - INFO - finish step #28 for 136.2624819278717 sec
2020-03-20 00:28:25,541 - exp_torch_topics_cluster_by_concat_img_txt_i2000_b20_4 - INFO - current val_accuracy: 0.4513907284768212
2020-03-20 00:28:25,542 - exp_torch_topics_cluster_by_concat_img_txt_i2000_b20_4 - INFO - start step #29
2020-03-20 00:30:26,547 - exp_torch_topics_cluster_by_concat_img_txt_i2000_b20_4 - INFO - finish step #29 for 121.00557208061218 sec
2020-03-20 00:30:26,548 - exp_torch_topics_cluster_by_concat_img_txt_i2000_b20_4 - INFO - current val_accuracy: 0.4426784400294334
2020-03-20 00:30:26,549 - exp_torch_topics_cluster_by_concat_img_txt_i2000_b20_4 - INFO - finish experiment process for 4070.7768471240997 sec
