2020-03-19 10:33:45,924 - exp_torch_topics_passive_i2000_b20_8 - INFO - start experiment process
2020-03-19 10:33:47,908 - exp_torch_topics_passive_i2000_b20_8 - INFO - initial val_accuracy: 0.41377483443708607
2020-03-19 10:33:47,908 - exp_torch_topics_passive_i2000_b20_8 - INFO - start step #0
2020-03-19 10:33:49,765 - exp_torch_topics_passive_i2000_b20_8 - INFO - finish step #0 for 1.8569209575653076 sec
2020-03-19 10:33:49,765 - exp_torch_topics_passive_i2000_b20_8 - INFO - current val_accuracy: 0.41501103752759383
2020-03-19 10:33:49,765 - exp_torch_topics_passive_i2000_b20_8 - INFO - start step #1
2020-03-19 10:33:51,224 - exp_torch_topics_passive_i2000_b20_8 - INFO - finish step #1 for 1.4585890769958496 sec
2020-03-19 10:33:51,224 - exp_torch_topics_passive_i2000_b20_8 - INFO - current val_accuracy: 0.41409860191317144
2020-03-19 10:33:51,224 - exp_torch_topics_passive_i2000_b20_8 - INFO - finish experiment process for 5.299685955047607 sec
2020-03-19 11:20:10,597 - exp_torch_topics_passive_i2000_b20_8 - INFO - start experiment process
2020-03-19 11:20:13,193 - exp_torch_topics_passive_i2000_b20_8 - INFO - initial val_accuracy: 0.4336718175128771
2020-03-19 11:20:13,193 - exp_torch_topics_passive_i2000_b20_8 - INFO - start step #0
2020-03-19 11:20:15,169 - exp_torch_topics_passive_i2000_b20_8 - INFO - finish step #0 for 1.9759759902954102 sec
2020-03-19 11:20:15,169 - exp_torch_topics_passive_i2000_b20_8 - INFO - current val_accuracy: 0.43496688741721856
2020-03-19 11:20:15,169 - exp_torch_topics_passive_i2000_b20_8 - INFO - start step #1
2020-03-19 11:20:16,771 - exp_torch_topics_passive_i2000_b20_8 - INFO - finish step #1 for 1.6013498306274414 sec
2020-03-19 11:20:16,993 - exp_torch_topics_passive_i2000_b20_8 - INFO - current val_accuracy: 0.4332008830022075
2020-03-19 11:20:16,993 - exp_torch_topics_passive_i2000_b20_8 - INFO - start step #2
2020-03-19 11:20:18,700 - exp_torch_topics_passive_i2000_b20_8 - INFO - finish step #2 for 1.706761121749878 sec
2020-03-19 11:20:18,700 - exp_torch_topics_passive_i2000_b20_8 - INFO - current val_accuracy: 0.4319646799116998
2020-03-19 11:20:18,700 - exp_torch_topics_passive_i2000_b20_8 - INFO - start step #3
2020-03-19 11:20:20,602 - exp_torch_topics_passive_i2000_b20_8 - INFO - finish step #3 for 1.9019379615783691 sec
2020-03-19 11:20:20,603 - exp_torch_topics_passive_i2000_b20_8 - INFO - current val_accuracy: 0.4147461368653422
2020-03-19 11:20:20,603 - exp_torch_topics_passive_i2000_b20_8 - INFO - start step #4
2020-03-19 11:20:22,239 - exp_torch_topics_passive_i2000_b20_8 - INFO - finish step #4 for 1.636113166809082 sec
2020-03-19 11:20:22,239 - exp_torch_topics_passive_i2000_b20_8 - INFO - current val_accuracy: 0.4186313465783664
2020-03-19 11:20:22,239 - exp_torch_topics_passive_i2000_b20_8 - INFO - start step #5
2020-03-19 11:20:23,822 - exp_torch_topics_passive_i2000_b20_8 - INFO - finish step #5 for 1.582258939743042 sec
2020-03-19 11:20:23,822 - exp_torch_topics_passive_i2000_b20_8 - INFO - current val_accuracy: 0.42519499632082414
2020-03-19 11:20:23,822 - exp_torch_topics_passive_i2000_b20_8 - INFO - start step #6
2020-03-19 11:20:25,440 - exp_torch_topics_passive_i2000_b20_8 - INFO - finish step #6 for 1.618190050125122 sec
2020-03-19 11:20:25,441 - exp_torch_topics_passive_i2000_b20_8 - INFO - current val_accuracy: 0.43108167770419425
2020-03-19 11:20:25,441 - exp_torch_topics_passive_i2000_b20_8 - INFO - start step #7
2020-03-19 11:20:27,172 - exp_torch_topics_passive_i2000_b20_8 - INFO - finish step #7 for 1.7311573028564453 sec
2020-03-19 11:20:27,172 - exp_torch_topics_passive_i2000_b20_8 - INFO - current val_accuracy: 0.4299926416482708
2020-03-19 11:20:27,172 - exp_torch_topics_passive_i2000_b20_8 - INFO - start step #8
2020-03-19 11:20:28,762 - exp_torch_topics_passive_i2000_b20_8 - INFO - finish step #8 for 1.5898339748382568 sec
2020-03-19 11:20:28,762 - exp_torch_topics_passive_i2000_b20_8 - INFO - current val_accuracy: 0.43514348785871965
2020-03-19 11:20:28,763 - exp_torch_topics_passive_i2000_b20_8 - INFO - start step #9
2020-03-19 11:20:30,420 - exp_torch_topics_passive_i2000_b20_8 - INFO - finish step #9 for 1.6568677425384521 sec
2020-03-19 11:20:30,420 - exp_torch_topics_passive_i2000_b20_8 - INFO - current val_accuracy: 0.4415305371596762
2020-03-19 11:20:30,420 - exp_torch_topics_passive_i2000_b20_8 - INFO - start step #10
2020-03-19 11:20:31,974 - exp_torch_topics_passive_i2000_b20_8 - INFO - finish step #10 for 1.5538549423217773 sec
2020-03-19 11:20:31,974 - exp_torch_topics_passive_i2000_b20_8 - INFO - current val_accuracy: 0.43829286239882265
2020-03-19 11:20:31,974 - exp_torch_topics_passive_i2000_b20_8 - INFO - start step #11
2020-03-19 11:20:33,763 - exp_torch_topics_passive_i2000_b20_8 - INFO - finish step #11 for 1.7891759872436523 sec
2020-03-19 11:20:33,764 - exp_torch_topics_passive_i2000_b20_8 - INFO - current val_accuracy: 0.4421486387049301
2020-03-19 11:20:33,764 - exp_torch_topics_passive_i2000_b20_8 - INFO - start step #12
2020-03-19 11:20:35,474 - exp_torch_topics_passive_i2000_b20_8 - INFO - finish step #12 for 1.7102270126342773 sec
2020-03-19 11:20:35,476 - exp_torch_topics_passive_i2000_b20_8 - INFO - current val_accuracy: 0.44579838116261955
2020-03-19 11:20:35,476 - exp_torch_topics_passive_i2000_b20_8 - INFO - start step #13
2020-03-19 11:20:37,092 - exp_torch_topics_passive_i2000_b20_8 - INFO - finish step #13 for 1.6160011291503906 sec
2020-03-19 11:20:37,092 - exp_torch_topics_passive_i2000_b20_8 - INFO - current val_accuracy: 0.4483590875643856
2020-03-19 11:20:37,092 - exp_torch_topics_passive_i2000_b20_8 - INFO - start step #14
2020-03-19 11:20:38,717 - exp_torch_topics_passive_i2000_b20_8 - INFO - finish step #14 for 1.6245019435882568 sec
2020-03-19 11:20:38,717 - exp_torch_topics_passive_i2000_b20_8 - INFO - current val_accuracy: 0.4500073583517292
2020-03-19 11:20:38,717 - exp_torch_topics_passive_i2000_b20_8 - INFO - start step #15
2020-03-19 11:20:40,268 - exp_torch_topics_passive_i2000_b20_8 - INFO - finish step #15 for 1.5504281520843506 sec
2020-03-19 11:20:40,268 - exp_torch_topics_passive_i2000_b20_8 - INFO - current val_accuracy: 0.44741721854304634
2020-03-19 11:20:40,268 - exp_torch_topics_passive_i2000_b20_8 - INFO - start step #16
2020-03-19 11:20:41,871 - exp_torch_topics_passive_i2000_b20_8 - INFO - finish step #16 for 1.602193832397461 sec
2020-03-19 11:20:41,871 - exp_torch_topics_passive_i2000_b20_8 - INFO - current val_accuracy: 0.4471228844738778
2020-03-19 11:20:41,871 - exp_torch_topics_passive_i2000_b20_8 - INFO - start step #17
2020-03-19 11:20:43,464 - exp_torch_topics_passive_i2000_b20_8 - INFO - finish step #17 for 1.5927879810333252 sec
2020-03-19 11:20:43,464 - exp_torch_topics_passive_i2000_b20_8 - INFO - current val_accuracy: 0.4500073583517292
2020-03-19 11:20:43,464 - exp_torch_topics_passive_i2000_b20_8 - INFO - start step #18
2020-03-19 11:20:45,102 - exp_torch_topics_passive_i2000_b20_8 - INFO - finish step #18 for 1.6379377841949463 sec
2020-03-19 11:20:45,102 - exp_torch_topics_passive_i2000_b20_8 - INFO - current val_accuracy: 0.4490360559234731
2020-03-19 11:20:45,103 - exp_torch_topics_passive_i2000_b20_8 - INFO - start step #19
2020-03-19 11:20:46,727 - exp_torch_topics_passive_i2000_b20_8 - INFO - finish step #19 for 1.6239330768585205 sec
2020-03-19 11:20:46,727 - exp_torch_topics_passive_i2000_b20_8 - INFO - current val_accuracy: 0.4494186902133922
2020-03-19 11:20:46,727 - exp_torch_topics_passive_i2000_b20_8 - INFO - start step #20
2020-03-19 11:20:48,523 - exp_torch_topics_passive_i2000_b20_8 - INFO - finish step #20 for 1.7961649894714355 sec
2020-03-19 11:20:48,523 - exp_torch_topics_passive_i2000_b20_8 - INFO - current val_accuracy: 0.44909492273730683
2020-03-19 11:20:48,524 - exp_torch_topics_passive_i2000_b20_8 - INFO - start step #21
2020-03-19 11:20:50,414 - exp_torch_topics_passive_i2000_b20_8 - INFO - finish step #21 for 1.8897442817687988 sec
2020-03-19 11:20:50,414 - exp_torch_topics_passive_i2000_b20_8 - INFO - current val_accuracy: 0.44909492273730683
2020-03-19 11:20:50,414 - exp_torch_topics_passive_i2000_b20_8 - INFO - start step #22
2020-03-19 11:20:52,373 - exp_torch_topics_passive_i2000_b20_8 - INFO - finish step #22 for 1.9589717388153076 sec
2020-03-19 11:20:52,373 - exp_torch_topics_passive_i2000_b20_8 - INFO - current val_accuracy: 0.45153789551140544
2020-03-19 11:20:52,373 - exp_torch_topics_passive_i2000_b20_8 - INFO - start step #23
2020-03-19 11:20:54,017 - exp_torch_topics_passive_i2000_b20_8 - INFO - finish step #23 for 1.643615961074829 sec
2020-03-19 11:20:54,017 - exp_torch_topics_passive_i2000_b20_8 - INFO - current val_accuracy: 0.4544223693892568
2020-03-19 11:20:54,017 - exp_torch_topics_passive_i2000_b20_8 - INFO - start step #24
2020-03-19 11:20:55,630 - exp_torch_topics_passive_i2000_b20_8 - INFO - finish step #24 for 1.6128308773040771 sec
2020-03-19 11:20:55,630 - exp_torch_topics_passive_i2000_b20_8 - INFO - current val_accuracy: 0.4535393671817513
2020-03-19 11:20:55,631 - exp_torch_topics_passive_i2000_b20_8 - INFO - start step #25
2020-03-19 11:20:57,308 - exp_torch_topics_passive_i2000_b20_8 - INFO - finish step #25 for 1.677433967590332 sec
2020-03-19 11:20:57,308 - exp_torch_topics_passive_i2000_b20_8 - INFO - current val_accuracy: 0.45398086828550405
2020-03-19 11:20:57,309 - exp_torch_topics_passive_i2000_b20_8 - INFO - start step #26
2020-03-19 11:20:58,899 - exp_torch_topics_passive_i2000_b20_8 - INFO - finish step #26 for 1.5902249813079834 sec
2020-03-19 11:20:58,900 - exp_torch_topics_passive_i2000_b20_8 - INFO - current val_accuracy: 0.45268579838116263
2020-03-19 11:20:58,900 - exp_torch_topics_passive_i2000_b20_8 - INFO - start step #27
2020-03-19 11:21:00,610 - exp_torch_topics_passive_i2000_b20_8 - INFO - finish step #27 for 1.7105278968811035 sec
2020-03-19 11:21:00,611 - exp_torch_topics_passive_i2000_b20_8 - INFO - current val_accuracy: 0.44844738778513615
2020-03-19 11:21:00,611 - exp_torch_topics_passive_i2000_b20_8 - INFO - start step #28
2020-03-19 11:21:02,347 - exp_torch_topics_passive_i2000_b20_8 - INFO - finish step #28 for 1.736104965209961 sec
2020-03-19 11:21:02,347 - exp_torch_topics_passive_i2000_b20_8 - INFO - current val_accuracy: 0.4521854304635762
2020-03-19 11:21:02,347 - exp_torch_topics_passive_i2000_b20_8 - INFO - start step #29
2020-03-19 11:21:04,046 - exp_torch_topics_passive_i2000_b20_8 - INFO - finish step #29 for 1.6988239288330078 sec
2020-03-19 11:21:04,047 - exp_torch_topics_passive_i2000_b20_8 - INFO - current val_accuracy: 0.4435320088300221
2020-03-19 11:21:04,048 - exp_torch_topics_passive_i2000_b20_8 - INFO - finish experiment process for 53.447640895843506 sec
