2020-03-18 18:16:00,344 - exp_torch_topics_entropy_i2000_b20_2 - INFO - start experiment process
2020-03-18 18:16:05,712 - exp_torch_topics_entropy_i2000_b20_2 - INFO - initial val_accuracy: 0.42672553348050035
2020-03-18 18:16:05,713 - exp_torch_topics_entropy_i2000_b20_2 - INFO - start step #0
2020-03-18 18:16:12,178 - exp_torch_topics_entropy_i2000_b20_2 - INFO - finish step #0 for 6.464277982711792 sec
2020-03-18 18:16:12,179 - exp_torch_topics_entropy_i2000_b20_2 - INFO - current val_accuracy: 0.3183811626195732
2020-03-18 18:16:12,179 - exp_torch_topics_entropy_i2000_b20_2 - INFO - start step #1
2020-03-18 18:16:14,843 - exp_torch_topics_entropy_i2000_b20_2 - INFO - finish step #1 for 2.6636970043182373 sec
2020-03-18 18:16:14,843 - exp_torch_topics_entropy_i2000_b20_2 - INFO - current val_accuracy: 0.32317880794701986
2020-03-18 18:16:14,844 - exp_torch_topics_entropy_i2000_b20_2 - INFO - start step #2
2020-03-18 18:16:17,476 - exp_torch_topics_entropy_i2000_b20_2 - INFO - finish step #2 for 2.6322269439697266 sec
2020-03-18 18:16:17,477 - exp_torch_topics_entropy_i2000_b20_2 - INFO - current val_accuracy: 0.3247093451066961
2020-03-18 18:16:17,477 - exp_torch_topics_entropy_i2000_b20_2 - INFO - start step #3
2020-03-18 18:16:21,048 - exp_torch_topics_entropy_i2000_b20_2 - INFO - finish step #3 for 3.5705809593200684 sec
2020-03-18 18:16:21,048 - exp_torch_topics_entropy_i2000_b20_2 - INFO - current val_accuracy: 0.31667402501839587
2020-03-18 18:16:21,048 - exp_torch_topics_entropy_i2000_b20_2 - INFO - start step #4
2020-03-18 18:16:24,494 - exp_torch_topics_entropy_i2000_b20_2 - INFO - finish step #4 for 3.446326732635498 sec
2020-03-18 18:16:24,495 - exp_torch_topics_entropy_i2000_b20_2 - INFO - current val_accuracy: 0.31973509933774835
2020-03-18 18:16:24,495 - exp_torch_topics_entropy_i2000_b20_2 - INFO - start step #5
2020-03-18 18:16:27,540 - exp_torch_topics_entropy_i2000_b20_2 - INFO - finish step #5 for 3.0442090034484863 sec
2020-03-18 18:16:27,540 - exp_torch_topics_entropy_i2000_b20_2 - INFO - current val_accuracy: 0.32718175128771154
2020-03-18 18:16:27,541 - exp_torch_topics_entropy_i2000_b20_2 - INFO - start step #6
2020-03-18 18:16:30,624 - exp_torch_topics_entropy_i2000_b20_2 - INFO - finish step #6 for 3.0828449726104736 sec
2020-03-18 18:16:30,630 - exp_torch_topics_entropy_i2000_b20_2 - INFO - current val_accuracy: 0.3312141280353201
2020-03-18 18:16:30,630 - exp_torch_topics_entropy_i2000_b20_2 - INFO - start step #7
2020-03-18 18:16:34,684 - exp_torch_topics_entropy_i2000_b20_2 - INFO - finish step #7 for 4.052917003631592 sec
2020-03-18 18:16:34,685 - exp_torch_topics_entropy_i2000_b20_2 - INFO - current val_accuracy: 0.3302722590139809
2020-03-18 18:16:34,685 - exp_torch_topics_entropy_i2000_b20_2 - INFO - start step #8
2020-03-18 18:16:37,505 - exp_torch_topics_entropy_i2000_b20_2 - INFO - finish step #8 for 2.819777727127075 sec
2020-03-18 18:16:37,509 - exp_torch_topics_entropy_i2000_b20_2 - INFO - current val_accuracy: 0.3309492273730684
2020-03-18 18:16:37,509 - exp_torch_topics_entropy_i2000_b20_2 - INFO - start step #9
2020-03-18 18:16:40,913 - exp_torch_topics_entropy_i2000_b20_2 - INFO - finish step #9 for 3.403743028640747 sec
2020-03-18 18:16:40,913 - exp_torch_topics_entropy_i2000_b20_2 - INFO - current val_accuracy: 0.3357174392935982
2020-03-18 18:16:40,913 - exp_torch_topics_entropy_i2000_b20_2 - INFO - start step #10
2020-03-18 18:16:44,249 - exp_torch_topics_entropy_i2000_b20_2 - INFO - finish step #10 for 3.335911750793457 sec
2020-03-18 18:16:44,250 - exp_torch_topics_entropy_i2000_b20_2 - INFO - current val_accuracy: 0.3377777777777778
2020-03-18 18:16:44,251 - exp_torch_topics_entropy_i2000_b20_2 - INFO - start step #11
2020-03-18 18:16:48,661 - exp_torch_topics_entropy_i2000_b20_2 - INFO - finish step #11 for 4.409899950027466 sec
2020-03-18 18:16:48,661 - exp_torch_topics_entropy_i2000_b20_2 - INFO - current val_accuracy: 0.33598233995584986
2020-03-18 18:16:48,661 - exp_torch_topics_entropy_i2000_b20_2 - INFO - start step #12
2020-03-18 18:16:52,390 - exp_torch_topics_entropy_i2000_b20_2 - INFO - finish step #12 for 3.728332042694092 sec
2020-03-18 18:16:52,390 - exp_torch_topics_entropy_i2000_b20_2 - INFO - current val_accuracy: 0.3416335540838852
2020-03-18 18:16:52,390 - exp_torch_topics_entropy_i2000_b20_2 - INFO - start step #13
2020-03-18 18:16:55,896 - exp_torch_topics_entropy_i2000_b20_2 - INFO - finish step #13 for 3.5050160884857178 sec
2020-03-18 18:16:55,896 - exp_torch_topics_entropy_i2000_b20_2 - INFO - current val_accuracy: 0.33798381162619573
2020-03-18 18:16:55,896 - exp_torch_topics_entropy_i2000_b20_2 - INFO - start step #14
2020-03-18 18:16:59,723 - exp_torch_topics_entropy_i2000_b20_2 - INFO - finish step #14 for 3.8267457485198975 sec
2020-03-18 18:16:59,723 - exp_torch_topics_entropy_i2000_b20_2 - INFO - current val_accuracy: 0.3394554819720383
2020-03-18 18:16:59,724 - exp_torch_topics_entropy_i2000_b20_2 - INFO - start step #15
2020-03-18 18:17:04,901 - exp_torch_topics_entropy_i2000_b20_2 - INFO - finish step #15 for 5.17690110206604 sec
2020-03-18 18:17:04,901 - exp_torch_topics_entropy_i2000_b20_2 - INFO - current val_accuracy: 0.33813097866078
2020-03-18 18:17:04,901 - exp_torch_topics_entropy_i2000_b20_2 - INFO - start step #16
2020-03-18 18:17:08,646 - exp_torch_topics_entropy_i2000_b20_2 - INFO - finish step #16 for 3.744852066040039 sec
2020-03-18 18:17:08,647 - exp_torch_topics_entropy_i2000_b20_2 - INFO - current val_accuracy: 0.3441353936718175
2020-03-18 18:17:08,647 - exp_torch_topics_entropy_i2000_b20_2 - INFO - start step #17
2020-03-18 18:17:12,461 - exp_torch_topics_entropy_i2000_b20_2 - INFO - finish step #17 for 3.8139381408691406 sec
2020-03-18 18:17:12,461 - exp_torch_topics_entropy_i2000_b20_2 - INFO - current val_accuracy: 0.3419867549668874
2020-03-18 18:17:12,461 - exp_torch_topics_entropy_i2000_b20_2 - INFO - start step #18
2020-03-18 18:17:15,439 - exp_torch_topics_entropy_i2000_b20_2 - INFO - finish step #18 for 2.9779059886932373 sec
2020-03-18 18:17:15,441 - exp_torch_topics_entropy_i2000_b20_2 - INFO - current val_accuracy: 0.3429874908020603
2020-03-18 18:17:15,441 - exp_torch_topics_entropy_i2000_b20_2 - INFO - start step #19
2020-03-18 18:17:18,617 - exp_torch_topics_entropy_i2000_b20_2 - INFO - finish step #19 for 3.176321029663086 sec
2020-03-18 18:17:18,617 - exp_torch_topics_entropy_i2000_b20_2 - INFO - current val_accuracy: 0.34434142752023544
2020-03-18 18:17:18,618 - exp_torch_topics_entropy_i2000_b20_2 - INFO - start step #20
2020-03-18 18:17:22,288 - exp_torch_topics_entropy_i2000_b20_2 - INFO - finish step #20 for 3.670630931854248 sec
2020-03-18 18:17:22,289 - exp_torch_topics_entropy_i2000_b20_2 - INFO - current val_accuracy: 0.34281089036055923
2020-03-18 18:17:22,289 - exp_torch_topics_entropy_i2000_b20_2 - INFO - start step #21
2020-03-18 18:17:25,634 - exp_torch_topics_entropy_i2000_b20_2 - INFO - finish step #21 for 3.3442130088806152 sec
2020-03-18 18:17:25,635 - exp_torch_topics_entropy_i2000_b20_2 - INFO - current val_accuracy: 0.3399852832965416
2020-03-18 18:17:25,636 - exp_torch_topics_entropy_i2000_b20_2 - INFO - start step #22
2020-03-18 18:17:31,723 - exp_torch_topics_entropy_i2000_b20_2 - INFO - finish step #22 for 6.086935997009277 sec
2020-03-18 18:17:31,723 - exp_torch_topics_entropy_i2000_b20_2 - INFO - current val_accuracy: 0.3480206033848418
2020-03-18 18:17:31,724 - exp_torch_topics_entropy_i2000_b20_2 - INFO - start step #23
2020-03-18 18:17:37,414 - exp_torch_topics_entropy_i2000_b20_2 - INFO - finish step #23 for 5.690240144729614 sec
2020-03-18 18:17:37,415 - exp_torch_topics_entropy_i2000_b20_2 - INFO - current val_accuracy: 0.3415746872700515
2020-03-18 18:17:37,415 - exp_torch_topics_entropy_i2000_b20_2 - INFO - start step #24
2020-03-18 18:17:40,609 - exp_torch_topics_entropy_i2000_b20_2 - INFO - finish step #24 for 3.1942107677459717 sec
2020-03-18 18:17:40,610 - exp_torch_topics_entropy_i2000_b20_2 - INFO - current val_accuracy: 0.342663723325975
2020-03-18 18:17:40,610 - exp_torch_topics_entropy_i2000_b20_2 - INFO - start step #25
2020-03-18 18:17:43,612 - exp_torch_topics_entropy_i2000_b20_2 - INFO - finish step #25 for 3.0018789768218994 sec
2020-03-18 18:17:43,613 - exp_torch_topics_entropy_i2000_b20_2 - INFO - current val_accuracy: 0.3494922737306843
2020-03-18 18:17:43,613 - exp_torch_topics_entropy_i2000_b20_2 - INFO - start step #26
2020-03-18 18:17:47,194 - exp_torch_topics_entropy_i2000_b20_2 - INFO - finish step #26 for 3.58082914352417 sec
2020-03-18 18:17:47,194 - exp_torch_topics_entropy_i2000_b20_2 - INFO - current val_accuracy: 0.3468727005150846
2020-03-18 18:17:47,194 - exp_torch_topics_entropy_i2000_b20_2 - INFO - start step #27
2020-03-18 18:17:49,752 - exp_torch_topics_entropy_i2000_b20_2 - INFO - finish step #27 for 2.5579230785369873 sec
2020-03-18 18:17:49,755 - exp_torch_topics_entropy_i2000_b20_2 - INFO - current val_accuracy: 0.35019867549668876
2020-03-18 18:17:49,755 - exp_torch_topics_entropy_i2000_b20_2 - INFO - start step #28
2020-03-18 18:17:52,632 - exp_torch_topics_entropy_i2000_b20_2 - INFO - finish step #28 for 2.877074956893921 sec
2020-03-18 18:17:52,632 - exp_torch_topics_entropy_i2000_b20_2 - INFO - current val_accuracy: 0.35090507726269315
2020-03-18 18:17:52,633 - exp_torch_topics_entropy_i2000_b20_2 - INFO - start step #29
2020-03-18 18:17:55,542 - exp_torch_topics_entropy_i2000_b20_2 - INFO - finish step #29 for 2.9094319343566895 sec
2020-03-18 18:17:55,542 - exp_torch_topics_entropy_i2000_b20_2 - INFO - current val_accuracy: 0.34172185430463575
2020-03-18 18:17:55,543 - exp_torch_topics_entropy_i2000_b20_2 - INFO - finish experiment process for 115.18017101287842 sec
2020-03-18 23:18:54,121 - exp_torch_topics_entropy_i2000_b20_2 - INFO - start experiment process
2020-03-18 23:19:28,001 - exp_torch_topics_entropy_i2000_b20_2 - INFO - initial val_accuracy: 0.41415746872700515
2020-03-18 23:19:28,005 - exp_torch_topics_entropy_i2000_b20_2 - INFO - start step #0
2020-03-18 23:19:48,820 - exp_torch_topics_entropy_i2000_b20_2 - INFO - finish step #0 for 20.814281940460205 sec
2020-03-18 23:19:48,822 - exp_torch_topics_entropy_i2000_b20_2 - INFO - current val_accuracy: 0.41783664459161146
2020-03-18 23:19:48,823 - exp_torch_topics_entropy_i2000_b20_2 - INFO - start step #1
2020-03-18 23:20:07,928 - exp_torch_topics_entropy_i2000_b20_2 - INFO - finish step #1 for 19.10399889945984 sec
2020-03-18 23:20:07,933 - exp_torch_topics_entropy_i2000_b20_2 - INFO - current val_accuracy: 0.415570272259014
2020-03-18 23:20:07,941 - exp_torch_topics_entropy_i2000_b20_2 - INFO - start step #2
2020-03-18 23:20:28,958 - exp_torch_topics_entropy_i2000_b20_2 - INFO - finish step #2 for 21.002730131149292 sec
2020-03-18 23:20:28,972 - exp_torch_topics_entropy_i2000_b20_2 - INFO - current val_accuracy: 0.41454010301692423
2020-03-18 23:20:28,973 - exp_torch_topics_entropy_i2000_b20_2 - INFO - start step #3
2020-03-18 23:21:00,373 - exp_torch_topics_entropy_i2000_b20_2 - INFO - finish step #3 for 31.398231983184814 sec
2020-03-18 23:21:00,377 - exp_torch_topics_entropy_i2000_b20_2 - INFO - current val_accuracy: 0.4026784400294334
2020-03-18 23:21:00,378 - exp_torch_topics_entropy_i2000_b20_2 - INFO - start step #4
2020-03-18 23:21:20,031 - exp_torch_topics_entropy_i2000_b20_2 - INFO - finish step #4 for 19.646531105041504 sec
2020-03-18 23:21:20,037 - exp_torch_topics_entropy_i2000_b20_2 - INFO - current val_accuracy: 0.4072111846946284
2020-03-18 23:21:20,037 - exp_torch_topics_entropy_i2000_b20_2 - INFO - start step #5
2020-03-18 23:21:29,973 - exp_torch_topics_entropy_i2000_b20_2 - INFO - finish step #5 for 9.935007095336914 sec
2020-03-18 23:21:29,979 - exp_torch_topics_entropy_i2000_b20_2 - INFO - current val_accuracy: 0.41038999264164827
2020-03-18 23:21:29,979 - exp_torch_topics_entropy_i2000_b20_2 - INFO - start step #6
2020-03-18 23:21:36,240 - exp_torch_topics_entropy_i2000_b20_2 - INFO - finish step #6 for 6.260236024856567 sec
2020-03-18 23:21:36,240 - exp_torch_topics_entropy_i2000_b20_2 - INFO - current val_accuracy: 0.41660044150110376
2020-03-18 23:21:36,241 - exp_torch_topics_entropy_i2000_b20_2 - INFO - start step #7
2020-03-18 23:21:41,833 - exp_torch_topics_entropy_i2000_b20_2 - INFO - finish step #7 for 5.5916221141815186 sec
2020-03-18 23:21:41,833 - exp_torch_topics_entropy_i2000_b20_2 - INFO - current val_accuracy: 0.4200147167034584
2020-03-18 23:21:41,834 - exp_torch_topics_entropy_i2000_b20_2 - INFO - start step #8
2020-03-18 23:21:48,199 - exp_torch_topics_entropy_i2000_b20_2 - INFO - finish step #8 for 6.364917039871216 sec
2020-03-18 23:21:48,201 - exp_torch_topics_entropy_i2000_b20_2 - INFO - current val_accuracy: 0.4230169242089772
2020-03-18 23:21:48,202 - exp_torch_topics_entropy_i2000_b20_2 - INFO - start step #9
2020-03-18 23:21:57,114 - exp_torch_topics_entropy_i2000_b20_2 - INFO - finish step #9 for 8.911350011825562 sec
2020-03-18 23:21:57,115 - exp_torch_topics_entropy_i2000_b20_2 - INFO - current val_accuracy: 0.42339955849889627
2020-03-18 23:21:57,115 - exp_torch_topics_entropy_i2000_b20_2 - INFO - start step #10
2020-03-18 23:22:03,279 - exp_torch_topics_entropy_i2000_b20_2 - INFO - finish step #10 for 6.163444995880127 sec
2020-03-18 23:22:03,384 - exp_torch_topics_entropy_i2000_b20_2 - INFO - current val_accuracy: 0.42481236203090506
2020-03-18 23:22:03,385 - exp_torch_topics_entropy_i2000_b20_2 - INFO - start step #11
2020-03-18 23:22:08,007 - exp_torch_topics_entropy_i2000_b20_2 - INFO - finish step #11 for 4.621124029159546 sec
2020-03-18 23:22:08,007 - exp_torch_topics_entropy_i2000_b20_2 - INFO - current val_accuracy: 0.42710816777041943
2020-03-18 23:22:08,007 - exp_torch_topics_entropy_i2000_b20_2 - INFO - start step #12
2020-03-18 23:22:15,839 - exp_torch_topics_entropy_i2000_b20_2 - INFO - finish step #12 for 7.831639051437378 sec
2020-03-18 23:22:15,840 - exp_torch_topics_entropy_i2000_b20_2 - INFO - current val_accuracy: 0.4295217071376012
2020-03-18 23:22:15,840 - exp_torch_topics_entropy_i2000_b20_2 - INFO - start step #13
2020-03-18 23:22:20,608 - exp_torch_topics_entropy_i2000_b20_2 - INFO - finish step #13 for 4.709614038467407 sec
2020-03-18 23:22:20,610 - exp_torch_topics_entropy_i2000_b20_2 - INFO - current val_accuracy: 0.4294334069168506
2020-03-18 23:22:20,611 - exp_torch_topics_entropy_i2000_b20_2 - INFO - start step #14
2020-03-18 23:22:25,063 - exp_torch_topics_entropy_i2000_b20_2 - INFO - finish step #14 for 4.451864004135132 sec
2020-03-18 23:22:25,064 - exp_torch_topics_entropy_i2000_b20_2 - INFO - current val_accuracy: 0.43078734363502574
2020-03-18 23:22:25,065 - exp_torch_topics_entropy_i2000_b20_2 - INFO - start step #15
2020-03-18 23:22:30,675 - exp_torch_topics_entropy_i2000_b20_2 - INFO - finish step #15 for 5.607246160507202 sec
2020-03-18 23:22:30,676 - exp_torch_topics_entropy_i2000_b20_2 - INFO - current val_accuracy: 0.43537895511405444
2020-03-18 23:22:30,677 - exp_torch_topics_entropy_i2000_b20_2 - INFO - start step #16
2020-03-18 23:22:35,033 - exp_torch_topics_entropy_i2000_b20_2 - INFO - finish step #16 for 4.356366157531738 sec
2020-03-18 23:22:35,033 - exp_torch_topics_entropy_i2000_b20_2 - INFO - current val_accuracy: 0.4370272259013981
2020-03-18 23:22:35,034 - exp_torch_topics_entropy_i2000_b20_2 - INFO - start step #17
2020-03-18 23:22:41,069 - exp_torch_topics_entropy_i2000_b20_2 - INFO - finish step #17 for 6.035010099411011 sec
2020-03-18 23:22:41,070 - exp_torch_topics_entropy_i2000_b20_2 - INFO - current val_accuracy: 0.43514348785871965
2020-03-18 23:22:41,070 - exp_torch_topics_entropy_i2000_b20_2 - INFO - start step #18
2020-03-18 23:22:45,059 - exp_torch_topics_entropy_i2000_b20_2 - INFO - finish step #18 for 3.989241123199463 sec
2020-03-18 23:22:45,060 - exp_torch_topics_entropy_i2000_b20_2 - INFO - current val_accuracy: 0.43720382634289917
2020-03-18 23:22:45,060 - exp_torch_topics_entropy_i2000_b20_2 - INFO - start step #19
2020-03-18 23:22:49,676 - exp_torch_topics_entropy_i2000_b20_2 - INFO - finish step #19 for 4.616196870803833 sec
2020-03-18 23:22:49,677 - exp_torch_topics_entropy_i2000_b20_2 - INFO - current val_accuracy: 0.44032376747608537
2020-03-18 23:22:49,677 - exp_torch_topics_entropy_i2000_b20_2 - INFO - start step #20
2020-03-18 23:22:55,115 - exp_torch_topics_entropy_i2000_b20_2 - INFO - finish step #20 for 5.437529802322388 sec
2020-03-18 23:22:55,115 - exp_torch_topics_entropy_i2000_b20_2 - INFO - current val_accuracy: 0.43882266372332596
2020-03-18 23:22:55,116 - exp_torch_topics_entropy_i2000_b20_2 - INFO - start step #21
2020-03-18 23:22:59,488 - exp_torch_topics_entropy_i2000_b20_2 - INFO - finish step #21 for 4.36945104598999 sec
2020-03-18 23:22:59,489 - exp_torch_topics_entropy_i2000_b20_2 - INFO - current val_accuracy: 0.4393230316409124
2020-03-18 23:22:59,490 - exp_torch_topics_entropy_i2000_b20_2 - INFO - start step #22
2020-03-18 23:23:03,522 - exp_torch_topics_entropy_i2000_b20_2 - INFO - finish step #22 for 4.03141713142395 sec
2020-03-18 23:23:03,522 - exp_torch_topics_entropy_i2000_b20_2 - INFO - current val_accuracy: 0.4399411331861663
2020-03-18 23:23:03,523 - exp_torch_topics_entropy_i2000_b20_2 - INFO - start step #23
2020-03-18 23:23:10,565 - exp_torch_topics_entropy_i2000_b20_2 - INFO - finish step #23 for 7.041328191757202 sec
2020-03-18 23:23:10,600 - exp_torch_topics_entropy_i2000_b20_2 - INFO - current val_accuracy: 0.44064753495217074
2020-03-18 23:23:10,601 - exp_torch_topics_entropy_i2000_b20_2 - INFO - start step #24
2020-03-18 23:23:15,169 - exp_torch_topics_entropy_i2000_b20_2 - INFO - finish step #24 for 4.56824517250061 sec
2020-03-18 23:23:15,170 - exp_torch_topics_entropy_i2000_b20_2 - INFO - current val_accuracy: 0.43676232523914643
2020-03-18 23:23:15,170 - exp_torch_topics_entropy_i2000_b20_2 - INFO - start step #25
2020-03-18 23:23:19,601 - exp_torch_topics_entropy_i2000_b20_2 - INFO - finish step #25 for 4.429586172103882 sec
2020-03-18 23:23:19,603 - exp_torch_topics_entropy_i2000_b20_2 - INFO - current val_accuracy: 0.4402943340691685
2020-03-18 23:23:19,603 - exp_torch_topics_entropy_i2000_b20_2 - INFO - start step #26
2020-03-18 23:23:27,476 - exp_torch_topics_entropy_i2000_b20_2 - INFO - finish step #26 for 7.869746923446655 sec
2020-03-18 23:23:28,493 - exp_torch_topics_entropy_i2000_b20_2 - INFO - current val_accuracy: 0.441383370125092
2020-03-18 23:23:28,494 - exp_torch_topics_entropy_i2000_b20_2 - INFO - start step #27
2020-03-18 23:23:33,416 - exp_torch_topics_entropy_i2000_b20_2 - INFO - finish step #27 for 4.9214560985565186 sec
2020-03-18 23:23:33,416 - exp_torch_topics_entropy_i2000_b20_2 - INFO - current val_accuracy: 0.4409124356144224
2020-03-18 23:23:33,418 - exp_torch_topics_entropy_i2000_b20_2 - INFO - start step #28
2020-03-18 23:23:38,110 - exp_torch_topics_entropy_i2000_b20_2 - INFO - finish step #28 for 4.692624092102051 sec
2020-03-18 23:23:38,111 - exp_torch_topics_entropy_i2000_b20_2 - INFO - current val_accuracy: 0.4444444444444444
2020-03-18 23:23:38,111 - exp_torch_topics_entropy_i2000_b20_2 - INFO - start step #29
2020-03-18 23:23:44,326 - exp_torch_topics_entropy_i2000_b20_2 - INFO - finish step #29 for 6.214602947235107 sec
2020-03-18 23:23:44,331 - exp_torch_topics_entropy_i2000_b20_2 - INFO - current val_accuracy: 0.4421486387049301
2020-03-18 23:23:44,332 - exp_torch_topics_entropy_i2000_b20_2 - INFO - finish experiment process for 290.196496963501 sec
2020-03-19 03:16:21,929 - exp_torch_topics_entropy_i2000_b20_2 - INFO - start experiment process
2020-03-19 03:16:27,453 - exp_torch_topics_entropy_i2000_b20_2 - INFO - initial val_accuracy: 0.4094775570272259
2020-03-19 03:16:27,454 - exp_torch_topics_entropy_i2000_b20_2 - INFO - start step #0
2020-03-19 03:16:32,115 - exp_torch_topics_entropy_i2000_b20_2 - INFO - finish step #0 for 4.661411285400391 sec
2020-03-19 03:16:32,116 - exp_torch_topics_entropy_i2000_b20_2 - INFO - current val_accuracy: 0.40880058866813834
2020-03-19 03:16:32,120 - exp_torch_topics_entropy_i2000_b20_2 - INFO - start step #1
2020-03-19 03:16:35,911 - exp_torch_topics_entropy_i2000_b20_2 - INFO - finish step #1 for 3.7911219596862793 sec
2020-03-19 03:16:35,911 - exp_torch_topics_entropy_i2000_b20_2 - INFO - current val_accuracy: 0.41041942604856513
2020-03-19 03:16:35,912 - exp_torch_topics_entropy_i2000_b20_2 - INFO - start step #2
2020-03-19 03:16:38,781 - exp_torch_topics_entropy_i2000_b20_2 - INFO - finish step #2 for 2.869832992553711 sec
2020-03-19 03:16:38,798 - exp_torch_topics_entropy_i2000_b20_2 - INFO - current val_accuracy: 0.4137159676232524
2020-03-19 03:16:38,799 - exp_torch_topics_entropy_i2000_b20_2 - INFO - start step #3
2020-03-19 03:16:41,624 - exp_torch_topics_entropy_i2000_b20_2 - INFO - finish step #3 for 2.8176608085632324 sec
2020-03-19 03:16:41,624 - exp_torch_topics_entropy_i2000_b20_2 - INFO - current val_accuracy: 0.4087122884473878
2020-03-19 03:16:41,625 - exp_torch_topics_entropy_i2000_b20_2 - INFO - start step #4
2020-03-19 03:16:44,521 - exp_torch_topics_entropy_i2000_b20_2 - INFO - finish step #4 for 2.8956990242004395 sec
2020-03-19 03:16:44,521 - exp_torch_topics_entropy_i2000_b20_2 - INFO - current val_accuracy: 0.402178072111847
2020-03-19 03:16:44,522 - exp_torch_topics_entropy_i2000_b20_2 - INFO - start step #5
2020-03-19 03:16:47,309 - exp_torch_topics_entropy_i2000_b20_2 - INFO - finish step #5 for 2.7874178886413574 sec
2020-03-19 03:16:47,309 - exp_torch_topics_entropy_i2000_b20_2 - INFO - current val_accuracy: 0.4067402501839588
2020-03-19 03:16:47,310 - exp_torch_topics_entropy_i2000_b20_2 - INFO - start step #6
2020-03-19 03:16:50,242 - exp_torch_topics_entropy_i2000_b20_2 - INFO - finish step #6 for 2.9325287342071533 sec
2020-03-19 03:16:50,243 - exp_torch_topics_entropy_i2000_b20_2 - INFO - current val_accuracy: 0.4139514348785872
2020-03-19 03:16:50,243 - exp_torch_topics_entropy_i2000_b20_2 - INFO - start step #7
2020-03-19 03:16:53,114 - exp_torch_topics_entropy_i2000_b20_2 - INFO - finish step #7 for 2.8711369037628174 sec
2020-03-19 03:16:53,114 - exp_torch_topics_entropy_i2000_b20_2 - INFO - current val_accuracy: 0.41539367181751286
2020-03-19 03:16:53,114 - exp_torch_topics_entropy_i2000_b20_2 - INFO - start step #8
2020-03-19 03:16:55,957 - exp_torch_topics_entropy_i2000_b20_2 - INFO - finish step #8 for 2.84281325340271 sec
2020-03-19 03:16:55,958 - exp_torch_topics_entropy_i2000_b20_2 - INFO - current val_accuracy: 0.4140691685062546
2020-03-19 03:16:55,958 - exp_torch_topics_entropy_i2000_b20_2 - INFO - start step #9
2020-03-19 03:16:58,833 - exp_torch_topics_entropy_i2000_b20_2 - INFO - finish step #9 for 2.875493049621582 sec
2020-03-19 03:16:58,834 - exp_torch_topics_entropy_i2000_b20_2 - INFO - current val_accuracy: 0.4158057395143488
2020-03-19 03:16:58,834 - exp_torch_topics_entropy_i2000_b20_2 - INFO - start step #10
2020-03-19 03:17:01,666 - exp_torch_topics_entropy_i2000_b20_2 - INFO - finish step #10 for 2.832062244415283 sec
2020-03-19 03:17:01,666 - exp_torch_topics_entropy_i2000_b20_2 - INFO - current val_accuracy: 0.4226931567328918
2020-03-19 03:17:01,667 - exp_torch_topics_entropy_i2000_b20_2 - INFO - start step #11
2020-03-19 03:17:04,525 - exp_torch_topics_entropy_i2000_b20_2 - INFO - finish step #11 for 2.858677864074707 sec
2020-03-19 03:17:04,526 - exp_torch_topics_entropy_i2000_b20_2 - INFO - current val_accuracy: 0.4272847682119205
2020-03-19 03:17:04,526 - exp_torch_topics_entropy_i2000_b20_2 - INFO - start step #12
2020-03-19 03:17:07,421 - exp_torch_topics_entropy_i2000_b20_2 - INFO - finish step #12 for 2.8954291343688965 sec
2020-03-19 03:17:07,421 - exp_torch_topics_entropy_i2000_b20_2 - INFO - current val_accuracy: 0.4278440029433407
2020-03-19 03:17:07,422 - exp_torch_topics_entropy_i2000_b20_2 - INFO - start step #13
2020-03-19 03:17:10,260 - exp_torch_topics_entropy_i2000_b20_2 - INFO - finish step #13 for 2.8380250930786133 sec
2020-03-19 03:17:10,260 - exp_torch_topics_entropy_i2000_b20_2 - INFO - current val_accuracy: 0.42940397350993376
2020-03-19 03:17:10,260 - exp_torch_topics_entropy_i2000_b20_2 - INFO - start step #14
2020-03-19 03:17:13,539 - exp_torch_topics_entropy_i2000_b20_2 - INFO - finish step #14 for 3.2784879207611084 sec
2020-03-19 03:17:13,539 - exp_torch_topics_entropy_i2000_b20_2 - INFO - current val_accuracy: 0.4261662987490802
2020-03-19 03:17:13,539 - exp_torch_topics_entropy_i2000_b20_2 - INFO - start step #15
2020-03-19 03:17:16,751 - exp_torch_topics_entropy_i2000_b20_2 - INFO - finish step #15 for 3.211606740951538 sec
2020-03-19 03:17:16,751 - exp_torch_topics_entropy_i2000_b20_2 - INFO - current val_accuracy: 0.42572479764532745
2020-03-19 03:17:16,751 - exp_torch_topics_entropy_i2000_b20_2 - INFO - start step #16
2020-03-19 03:17:19,661 - exp_torch_topics_entropy_i2000_b20_2 - INFO - finish step #16 for 2.9094462394714355 sec
2020-03-19 03:17:19,661 - exp_torch_topics_entropy_i2000_b20_2 - INFO - current val_accuracy: 0.4265194996320824
2020-03-19 03:17:19,661 - exp_torch_topics_entropy_i2000_b20_2 - INFO - start step #17
2020-03-19 03:17:22,517 - exp_torch_topics_entropy_i2000_b20_2 - INFO - finish step #17 for 2.8552188873291016 sec
2020-03-19 03:17:22,517 - exp_torch_topics_entropy_i2000_b20_2 - INFO - current val_accuracy: 0.42710816777041943
2020-03-19 03:17:22,517 - exp_torch_topics_entropy_i2000_b20_2 - INFO - start step #18
2020-03-19 03:17:25,448 - exp_torch_topics_entropy_i2000_b20_2 - INFO - finish step #18 for 2.930992841720581 sec
2020-03-19 03:17:25,449 - exp_torch_topics_entropy_i2000_b20_2 - INFO - current val_accuracy: 0.42793230316409125
2020-03-19 03:17:25,449 - exp_torch_topics_entropy_i2000_b20_2 - INFO - start step #19
2020-03-19 03:17:28,303 - exp_torch_topics_entropy_i2000_b20_2 - INFO - finish step #19 for 2.854052782058716 sec
2020-03-19 03:17:28,303 - exp_torch_topics_entropy_i2000_b20_2 - INFO - current val_accuracy: 0.4268138337012509
2020-03-19 03:17:28,303 - exp_torch_topics_entropy_i2000_b20_2 - INFO - start step #20
2020-03-19 03:17:31,122 - exp_torch_topics_entropy_i2000_b20_2 - INFO - finish step #20 for 2.81862211227417 sec
2020-03-19 03:17:31,122 - exp_torch_topics_entropy_i2000_b20_2 - INFO - current val_accuracy: 0.42946284032376747
2020-03-19 03:17:31,122 - exp_torch_topics_entropy_i2000_b20_2 - INFO - start step #21
2020-03-19 03:17:34,016 - exp_torch_topics_entropy_i2000_b20_2 - INFO - finish step #21 for 2.893620014190674 sec
2020-03-19 03:17:34,017 - exp_torch_topics_entropy_i2000_b20_2 - INFO - current val_accuracy: 0.4291979396615158
2020-03-19 03:17:34,018 - exp_torch_topics_entropy_i2000_b20_2 - INFO - start step #22
2020-03-19 03:17:36,972 - exp_torch_topics_entropy_i2000_b20_2 - INFO - finish step #22 for 2.954082727432251 sec
2020-03-19 03:17:36,972 - exp_torch_topics_entropy_i2000_b20_2 - INFO - current val_accuracy: 0.4274319352465048
2020-03-19 03:17:36,972 - exp_torch_topics_entropy_i2000_b20_2 - INFO - start step #23
2020-03-19 03:17:39,778 - exp_torch_topics_entropy_i2000_b20_2 - INFO - finish step #23 for 2.8055858612060547 sec
2020-03-19 03:17:39,778 - exp_torch_topics_entropy_i2000_b20_2 - INFO - current val_accuracy: 0.4289919058130979
2020-03-19 03:17:39,778 - exp_torch_topics_entropy_i2000_b20_2 - INFO - start step #24
2020-03-19 03:17:42,702 - exp_torch_topics_entropy_i2000_b20_2 - INFO - finish step #24 for 2.9236340522766113 sec
2020-03-19 03:17:42,702 - exp_torch_topics_entropy_i2000_b20_2 - INFO - current val_accuracy: 0.42984547461368655
2020-03-19 03:17:42,703 - exp_torch_topics_entropy_i2000_b20_2 - INFO - start step #25
2020-03-19 03:17:45,506 - exp_torch_topics_entropy_i2000_b20_2 - INFO - finish step #25 for 2.8031270503997803 sec
2020-03-19 03:17:45,506 - exp_torch_topics_entropy_i2000_b20_2 - INFO - current val_accuracy: 0.43222958057395144
2020-03-19 03:17:45,506 - exp_torch_topics_entropy_i2000_b20_2 - INFO - start step #26
2020-03-19 03:17:48,317 - exp_torch_topics_entropy_i2000_b20_2 - INFO - finish step #26 for 2.8108749389648438 sec
2020-03-19 03:17:48,317 - exp_torch_topics_entropy_i2000_b20_2 - INFO - current val_accuracy: 0.43340691685062543
2020-03-19 03:17:48,318 - exp_torch_topics_entropy_i2000_b20_2 - INFO - start step #27
2020-03-19 03:17:51,232 - exp_torch_topics_entropy_i2000_b20_2 - INFO - finish step #27 for 2.9141759872436523 sec
2020-03-19 03:17:51,232 - exp_torch_topics_entropy_i2000_b20_2 - INFO - current val_accuracy: 0.43305371596762327
2020-03-19 03:17:51,232 - exp_torch_topics_entropy_i2000_b20_2 - INFO - start step #28
2020-03-19 03:17:54,037 - exp_torch_topics_entropy_i2000_b20_2 - INFO - finish step #28 for 2.804420232772827 sec
2020-03-19 03:17:54,037 - exp_torch_topics_entropy_i2000_b20_2 - INFO - current val_accuracy: 0.43281824871228847
2020-03-19 03:17:54,037 - exp_torch_topics_entropy_i2000_b20_2 - INFO - start step #29
2020-03-19 03:17:56,934 - exp_torch_topics_entropy_i2000_b20_2 - INFO - finish step #29 for 2.8970279693603516 sec
2020-03-19 03:17:56,935 - exp_torch_topics_entropy_i2000_b20_2 - INFO - current val_accuracy: 0.42643119941133184
2020-03-19 03:17:56,935 - exp_torch_topics_entropy_i2000_b20_2 - INFO - finish experiment process for 95.00299596786499 sec
2020-03-19 13:26:41,489 - exp_torch_topics_entropy_i2000_b20_2 - INFO - start experiment process
2020-03-19 13:26:46,312 - exp_torch_topics_entropy_i2000_b20_2 - INFO - initial val_accuracy: 0.4146578366445916
2020-03-19 13:26:46,312 - exp_torch_topics_entropy_i2000_b20_2 - INFO - start step #0
2020-03-19 13:26:49,938 - exp_torch_topics_entropy_i2000_b20_2 - INFO - finish step #0 for 3.6262710094451904 sec
2020-03-19 13:26:49,938 - exp_torch_topics_entropy_i2000_b20_2 - INFO - current val_accuracy: 0.4186313465783664
2020-03-19 13:26:49,938 - exp_torch_topics_entropy_i2000_b20_2 - INFO - start step #1
2020-03-19 13:26:52,500 - exp_torch_topics_entropy_i2000_b20_2 - INFO - finish step #1 for 2.5614089965820312 sec
2020-03-19 13:26:52,500 - exp_torch_topics_entropy_i2000_b20_2 - INFO - current val_accuracy: 0.4184841795437822
2020-03-19 13:26:52,500 - exp_torch_topics_entropy_i2000_b20_2 - INFO - start step #2
2020-03-19 13:26:55,070 - exp_torch_topics_entropy_i2000_b20_2 - INFO - finish step #2 for 2.5694520473480225 sec
2020-03-19 13:26:55,070 - exp_torch_topics_entropy_i2000_b20_2 - INFO - current val_accuracy: 0.41951434878587196
2020-03-19 13:26:55,070 - exp_torch_topics_entropy_i2000_b20_2 - INFO - start step #3
2020-03-19 13:26:58,159 - exp_torch_topics_entropy_i2000_b20_2 - INFO - finish step #3 for 3.088932752609253 sec
2020-03-19 13:26:58,159 - exp_torch_topics_entropy_i2000_b20_2 - INFO - current val_accuracy: 0.4200147167034584
2020-03-19 13:26:58,160 - exp_torch_topics_entropy_i2000_b20_2 - INFO - start step #4
2020-03-19 13:27:00,394 - exp_torch_topics_entropy_i2000_b20_2 - INFO - finish step #4 for 2.234683036804199 sec
2020-03-19 13:27:00,395 - exp_torch_topics_entropy_i2000_b20_2 - INFO - current val_accuracy: 0.41468727005150846
2020-03-19 13:27:00,395 - exp_torch_topics_entropy_i2000_b20_2 - INFO - start step #5
2020-03-19 13:27:03,416 - exp_torch_topics_entropy_i2000_b20_2 - INFO - finish step #5 for 3.0214128494262695 sec
2020-03-19 13:27:03,417 - exp_torch_topics_entropy_i2000_b20_2 - INFO - current val_accuracy: 0.4069168506254599
2020-03-19 13:27:03,417 - exp_torch_topics_entropy_i2000_b20_2 - INFO - start step #6
2020-03-19 13:27:07,693 - exp_torch_topics_entropy_i2000_b20_2 - INFO - finish step #6 for 4.2766218185424805 sec
2020-03-19 13:27:07,694 - exp_torch_topics_entropy_i2000_b20_2 - INFO - current val_accuracy: 0.4125974981604121
2020-03-19 13:27:07,694 - exp_torch_topics_entropy_i2000_b20_2 - INFO - start step #7
2020-03-19 13:27:10,333 - exp_torch_topics_entropy_i2000_b20_2 - INFO - finish step #7 for 2.6387009620666504 sec
2020-03-19 13:27:10,333 - exp_torch_topics_entropy_i2000_b20_2 - INFO - current val_accuracy: 0.4198675496688742
2020-03-19 13:27:10,334 - exp_torch_topics_entropy_i2000_b20_2 - INFO - start step #8
2020-03-19 13:27:13,500 - exp_torch_topics_entropy_i2000_b20_2 - INFO - finish step #8 for 3.1661901473999023 sec
2020-03-19 13:27:13,500 - exp_torch_topics_entropy_i2000_b20_2 - INFO - current val_accuracy: 0.42457689477557026
2020-03-19 13:27:13,500 - exp_torch_topics_entropy_i2000_b20_2 - INFO - start step #9
2020-03-19 13:27:16,268 - exp_torch_topics_entropy_i2000_b20_2 - INFO - finish step #9 for 2.767760992050171 sec
2020-03-19 13:27:16,268 - exp_torch_topics_entropy_i2000_b20_2 - INFO - current val_accuracy: 0.4277262693156733
2020-03-19 13:27:16,269 - exp_torch_topics_entropy_i2000_b20_2 - INFO - start step #10
2020-03-19 13:27:18,576 - exp_torch_topics_entropy_i2000_b20_2 - INFO - finish step #10 for 2.3071999549865723 sec
2020-03-19 13:27:18,576 - exp_torch_topics_entropy_i2000_b20_2 - INFO - current val_accuracy: 0.4283149374540103
2020-03-19 13:27:18,577 - exp_torch_topics_entropy_i2000_b20_2 - INFO - start step #11
2020-03-19 13:27:21,605 - exp_torch_topics_entropy_i2000_b20_2 - INFO - finish step #11 for 3.028402090072632 sec
2020-03-19 13:27:21,605 - exp_torch_topics_entropy_i2000_b20_2 - INFO - current val_accuracy: 0.4276085356880059
2020-03-19 13:27:21,605 - exp_torch_topics_entropy_i2000_b20_2 - INFO - start step #12
2020-03-19 13:27:26,340 - exp_torch_topics_entropy_i2000_b20_2 - INFO - finish step #12 for 4.733938932418823 sec
2020-03-19 13:27:26,340 - exp_torch_topics_entropy_i2000_b20_2 - INFO - current val_accuracy: 0.4295217071376012
2020-03-19 13:27:26,340 - exp_torch_topics_entropy_i2000_b20_2 - INFO - start step #13
2020-03-19 13:27:28,951 - exp_torch_topics_entropy_i2000_b20_2 - INFO - finish step #13 for 2.61055326461792 sec
2020-03-19 13:27:28,951 - exp_torch_topics_entropy_i2000_b20_2 - INFO - current val_accuracy: 0.4310522442972774
2020-03-19 13:27:28,951 - exp_torch_topics_entropy_i2000_b20_2 - INFO - start step #14
2020-03-19 13:27:31,380 - exp_torch_topics_entropy_i2000_b20_2 - INFO - finish step #14 for 2.4281930923461914 sec
2020-03-19 13:27:31,380 - exp_torch_topics_entropy_i2000_b20_2 - INFO - current val_accuracy: 0.4330242825607064
2020-03-19 13:27:31,381 - exp_torch_topics_entropy_i2000_b20_2 - INFO - start step #15
2020-03-19 13:27:34,217 - exp_torch_topics_entropy_i2000_b20_2 - INFO - finish step #15 for 2.8359110355377197 sec
2020-03-19 13:27:34,219 - exp_torch_topics_entropy_i2000_b20_2 - INFO - current val_accuracy: 0.4326416482707873
2020-03-19 13:27:34,219 - exp_torch_topics_entropy_i2000_b20_2 - INFO - start step #16
2020-03-19 13:27:36,500 - exp_torch_topics_entropy_i2000_b20_2 - INFO - finish step #16 for 2.2806432247161865 sec
2020-03-19 13:27:36,500 - exp_torch_topics_entropy_i2000_b20_2 - INFO - current val_accuracy: 0.4331420161883738
2020-03-19 13:27:36,500 - exp_torch_topics_entropy_i2000_b20_2 - INFO - start step #17
2020-03-19 13:27:38,907 - exp_torch_topics_entropy_i2000_b20_2 - INFO - finish step #17 for 2.4068243503570557 sec
2020-03-19 13:27:38,908 - exp_torch_topics_entropy_i2000_b20_2 - INFO - current val_accuracy: 0.43584988962472404
2020-03-19 13:27:38,908 - exp_torch_topics_entropy_i2000_b20_2 - INFO - start step #18
2020-03-19 13:27:41,353 - exp_torch_topics_entropy_i2000_b20_2 - INFO - finish step #18 for 2.445030927658081 sec
2020-03-19 13:27:41,353 - exp_torch_topics_entropy_i2000_b20_2 - INFO - current val_accuracy: 0.4376747608535688
2020-03-19 13:27:41,353 - exp_torch_topics_entropy_i2000_b20_2 - INFO - start step #19
2020-03-19 13:27:43,823 - exp_torch_topics_entropy_i2000_b20_2 - INFO - finish step #19 for 2.4698128700256348 sec
2020-03-19 13:27:43,823 - exp_torch_topics_entropy_i2000_b20_2 - INFO - current val_accuracy: 0.4393230316409124
2020-03-19 13:27:43,824 - exp_torch_topics_entropy_i2000_b20_2 - INFO - start step #20
2020-03-19 13:27:47,275 - exp_torch_topics_entropy_i2000_b20_2 - INFO - finish step #20 for 3.4508650302886963 sec
2020-03-19 13:27:47,275 - exp_torch_topics_entropy_i2000_b20_2 - INFO - current val_accuracy: 0.43720382634289917
2020-03-19 13:27:47,275 - exp_torch_topics_entropy_i2000_b20_2 - INFO - start step #21
2020-03-19 13:27:50,059 - exp_torch_topics_entropy_i2000_b20_2 - INFO - finish step #21 for 2.7839672565460205 sec
2020-03-19 13:27:50,060 - exp_torch_topics_entropy_i2000_b20_2 - INFO - current val_accuracy: 0.4369389256806475
2020-03-19 13:27:50,061 - exp_torch_topics_entropy_i2000_b20_2 - INFO - start step #22
2020-03-19 13:27:52,453 - exp_torch_topics_entropy_i2000_b20_2 - INFO - finish step #22 for 2.392015218734741 sec
2020-03-19 13:27:52,453 - exp_torch_topics_entropy_i2000_b20_2 - INFO - current val_accuracy: 0.43799852832965414
2020-03-19 13:27:52,453 - exp_torch_topics_entropy_i2000_b20_2 - INFO - start step #23
2020-03-19 13:27:54,738 - exp_torch_topics_entropy_i2000_b20_2 - INFO - finish step #23 for 2.2844579219818115 sec
2020-03-19 13:27:54,738 - exp_torch_topics_entropy_i2000_b20_2 - INFO - current val_accuracy: 0.44103016924208976
2020-03-19 13:27:54,738 - exp_torch_topics_entropy_i2000_b20_2 - INFO - start step #24
2020-03-19 13:27:57,534 - exp_torch_topics_entropy_i2000_b20_2 - INFO - finish step #24 for 2.7952871322631836 sec
2020-03-19 13:27:57,534 - exp_torch_topics_entropy_i2000_b20_2 - INFO - current val_accuracy: 0.44194260485651216
2020-03-19 13:27:57,535 - exp_torch_topics_entropy_i2000_b20_2 - INFO - start step #25
2020-03-19 13:28:00,069 - exp_torch_topics_entropy_i2000_b20_2 - INFO - finish step #25 for 2.534372091293335 sec
2020-03-19 13:28:00,069 - exp_torch_topics_entropy_i2000_b20_2 - INFO - current val_accuracy: 0.4405298013245033
2020-03-19 13:28:00,069 - exp_torch_topics_entropy_i2000_b20_2 - INFO - start step #26
2020-03-19 13:28:02,781 - exp_torch_topics_entropy_i2000_b20_2 - INFO - finish step #26 for 2.7114830017089844 sec
2020-03-19 13:28:02,781 - exp_torch_topics_entropy_i2000_b20_2 - INFO - current val_accuracy: 0.439411331861663
2020-03-19 13:28:02,781 - exp_torch_topics_entropy_i2000_b20_2 - INFO - start step #27
2020-03-19 13:28:05,384 - exp_torch_topics_entropy_i2000_b20_2 - INFO - finish step #27 for 2.602949857711792 sec
2020-03-19 13:28:05,385 - exp_torch_topics_entropy_i2000_b20_2 - INFO - current val_accuracy: 0.44170713760117736
2020-03-19 13:28:05,385 - exp_torch_topics_entropy_i2000_b20_2 - INFO - start step #28
2020-03-19 13:28:08,403 - exp_torch_topics_entropy_i2000_b20_2 - INFO - finish step #28 for 3.0184450149536133 sec
2020-03-19 13:28:08,404 - exp_torch_topics_entropy_i2000_b20_2 - INFO - current val_accuracy: 0.4456512141280353
2020-03-19 13:28:08,404 - exp_torch_topics_entropy_i2000_b20_2 - INFO - start step #29
2020-03-19 13:28:10,781 - exp_torch_topics_entropy_i2000_b20_2 - INFO - finish step #29 for 2.3769569396972656 sec
2020-03-19 13:28:10,781 - exp_torch_topics_entropy_i2000_b20_2 - INFO - current val_accuracy: 0.43796909492273733
2020-03-19 13:28:10,781 - exp_torch_topics_entropy_i2000_b20_2 - INFO - finish experiment process for 89.28119015693665 sec
