2020-03-09 18:35:18,374 - exp_topics_least_confident_i2000_b20_5 - INFO - start experiment process
2020-03-09 18:35:20,129 - exp_topics_least_confident_i2000_b20_5 - INFO - initial val_accuracy: 0.49283296
2020-03-09 18:35:20,130 - exp_topics_least_confident_i2000_b20_5 - INFO - start step #0
2020-03-09 18:35:25,046 - exp_topics_least_confident_i2000_b20_5 - INFO - finish step #0 for 4.916183948516846 sec
2020-03-09 18:35:25,046 - exp_topics_least_confident_i2000_b20_5 - INFO - current val_accuracy: 0.49077263
2020-03-09 18:35:25,046 - exp_topics_least_confident_i2000_b20_5 - INFO - start step #1
2020-03-09 18:35:28,998 - exp_topics_least_confident_i2000_b20_5 - INFO - finish step #1 for 3.9515368938446045 sec
2020-03-09 18:35:28,998 - exp_topics_least_confident_i2000_b20_5 - INFO - current val_accuracy: 0.49601176
2020-03-09 18:35:28,998 - exp_topics_least_confident_i2000_b20_5 - INFO - start step #2
2020-03-09 18:35:32,306 - exp_topics_least_confident_i2000_b20_5 - INFO - finish step #2 for 3.308026075363159 sec
2020-03-09 18:35:32,306 - exp_topics_least_confident_i2000_b20_5 - INFO - current val_accuracy: 0.49395144
2020-03-09 18:35:32,307 - exp_topics_least_confident_i2000_b20_5 - INFO - start step #3
2020-03-09 18:35:37,822 - exp_topics_least_confident_i2000_b20_5 - INFO - finish step #3 for 5.515141010284424 sec
2020-03-09 18:35:37,822 - exp_topics_least_confident_i2000_b20_5 - INFO - current val_accuracy: 0.49671817
2020-03-09 18:35:37,822 - exp_topics_least_confident_i2000_b20_5 - INFO - start step #4
2020-03-09 18:35:41,099 - exp_topics_least_confident_i2000_b20_5 - INFO - finish step #4 for 3.276656150817871 sec
2020-03-09 18:35:41,099 - exp_topics_least_confident_i2000_b20_5 - INFO - current val_accuracy: 0.49630612
2020-03-09 18:35:41,099 - exp_topics_least_confident_i2000_b20_5 - INFO - start step #5
2020-03-09 18:35:44,743 - exp_topics_least_confident_i2000_b20_5 - INFO - finish step #5 for 3.6436471939086914 sec
2020-03-09 18:35:44,743 - exp_topics_least_confident_i2000_b20_5 - INFO - current val_accuracy: 0.49192053
2020-03-09 18:35:44,743 - exp_topics_least_confident_i2000_b20_5 - INFO - start step #6
2020-03-09 18:35:48,035 - exp_topics_least_confident_i2000_b20_5 - INFO - finish step #6 for 3.291114091873169 sec
2020-03-09 18:35:48,035 - exp_topics_least_confident_i2000_b20_5 - INFO - current val_accuracy: 0.49406916
2020-03-09 18:35:48,035 - exp_topics_least_confident_i2000_b20_5 - INFO - start step #7
2020-03-09 18:35:51,301 - exp_topics_least_confident_i2000_b20_5 - INFO - finish step #7 for 3.2656350135803223 sec
2020-03-09 18:35:51,301 - exp_topics_least_confident_i2000_b20_5 - INFO - current val_accuracy: 0.49342164
2020-03-09 18:35:51,301 - exp_topics_least_confident_i2000_b20_5 - INFO - start step #8
2020-03-09 18:35:54,707 - exp_topics_least_confident_i2000_b20_5 - INFO - finish step #8 for 3.4062461853027344 sec
2020-03-09 18:35:54,708 - exp_topics_least_confident_i2000_b20_5 - INFO - current val_accuracy: 0.49495217
2020-03-09 18:35:54,708 - exp_topics_least_confident_i2000_b20_5 - INFO - start step #9
2020-03-09 18:35:58,136 - exp_topics_least_confident_i2000_b20_5 - INFO - finish step #9 for 3.428377151489258 sec
2020-03-09 18:35:58,136 - exp_topics_least_confident_i2000_b20_5 - INFO - current val_accuracy: 0.49898455
2020-03-09 18:35:58,137 - exp_topics_least_confident_i2000_b20_5 - INFO - start step #10
2020-03-09 18:36:03,041 - exp_topics_least_confident_i2000_b20_5 - INFO - finish step #10 for 4.904556035995483 sec
2020-03-09 18:36:03,042 - exp_topics_least_confident_i2000_b20_5 - INFO - current val_accuracy: 0.4958646
2020-03-09 18:36:03,042 - exp_topics_least_confident_i2000_b20_5 - INFO - start step #11
2020-03-09 18:36:07,984 - exp_topics_least_confident_i2000_b20_5 - INFO - finish step #11 for 4.941744327545166 sec
2020-03-09 18:36:07,984 - exp_topics_least_confident_i2000_b20_5 - INFO - current val_accuracy: 0.4933922
2020-03-09 18:36:07,984 - exp_topics_least_confident_i2000_b20_5 - INFO - start step #12
2020-03-09 18:36:15,574 - exp_topics_least_confident_i2000_b20_5 - INFO - finish step #12 for 7.5892863273620605 sec
2020-03-09 18:36:15,575 - exp_topics_least_confident_i2000_b20_5 - INFO - current val_accuracy: 0.49980867
2020-03-09 18:36:15,575 - exp_topics_least_confident_i2000_b20_5 - INFO - start step #13
2020-03-09 18:36:24,262 - exp_topics_least_confident_i2000_b20_5 - INFO - finish step #13 for 8.686365842819214 sec
2020-03-09 18:36:24,262 - exp_topics_least_confident_i2000_b20_5 - INFO - current val_accuracy: 0.4940986
2020-03-09 18:36:24,263 - exp_topics_least_confident_i2000_b20_5 - INFO - start step #14
2020-03-09 18:36:31,421 - exp_topics_least_confident_i2000_b20_5 - INFO - finish step #14 for 7.158127069473267 sec
2020-03-09 18:36:31,421 - exp_topics_least_confident_i2000_b20_5 - INFO - current val_accuracy: 0.5006917
2020-03-09 18:36:31,421 - exp_topics_least_confident_i2000_b20_5 - INFO - start step #15
2020-03-09 18:36:36,161 - exp_topics_least_confident_i2000_b20_5 - INFO - finish step #15 for 4.739351987838745 sec
2020-03-09 18:36:36,161 - exp_topics_least_confident_i2000_b20_5 - INFO - current val_accuracy: 0.49730685
2020-03-09 18:36:36,161 - exp_topics_least_confident_i2000_b20_5 - INFO - start step #16
2020-03-09 18:36:40,384 - exp_topics_least_confident_i2000_b20_5 - INFO - finish step #16 for 4.223392963409424 sec
2020-03-09 18:36:40,385 - exp_topics_least_confident_i2000_b20_5 - INFO - current val_accuracy: 0.49880794
2020-03-09 18:36:40,385 - exp_topics_least_confident_i2000_b20_5 - INFO - start step #17
2020-03-09 18:36:44,022 - exp_topics_least_confident_i2000_b20_5 - INFO - finish step #17 for 3.6367788314819336 sec
2020-03-09 18:36:44,022 - exp_topics_least_confident_i2000_b20_5 - INFO - current val_accuracy: 0.49922
2020-03-09 18:36:44,022 - exp_topics_least_confident_i2000_b20_5 - INFO - start step #18
2020-03-09 18:36:48,413 - exp_topics_least_confident_i2000_b20_5 - INFO - finish step #18 for 4.390882968902588 sec
2020-03-09 18:36:48,414 - exp_topics_least_confident_i2000_b20_5 - INFO - current val_accuracy: 0.5015158
2020-03-09 18:36:48,414 - exp_topics_least_confident_i2000_b20_5 - INFO - start step #19
2020-03-09 18:36:55,083 - exp_topics_least_confident_i2000_b20_5 - INFO - finish step #19 for 6.663500785827637 sec
2020-03-09 18:36:55,088 - exp_topics_least_confident_i2000_b20_5 - INFO - current val_accuracy: 0.50148636
2020-03-09 18:36:55,088 - exp_topics_least_confident_i2000_b20_5 - INFO - start step #20
2020-03-09 18:36:59,707 - exp_topics_least_confident_i2000_b20_5 - INFO - finish step #20 for 4.618227958679199 sec
2020-03-09 18:36:59,708 - exp_topics_least_confident_i2000_b20_5 - INFO - current val_accuracy: 0.50734365
2020-03-09 18:36:59,708 - exp_topics_least_confident_i2000_b20_5 - INFO - start step #21
2020-03-09 18:37:03,368 - exp_topics_least_confident_i2000_b20_5 - INFO - finish step #21 for 3.6601407527923584 sec
2020-03-09 18:37:03,369 - exp_topics_least_confident_i2000_b20_5 - INFO - current val_accuracy: 0.5039588
2020-03-09 18:37:03,369 - exp_topics_least_confident_i2000_b20_5 - INFO - start step #22
2020-03-09 18:37:07,314 - exp_topics_least_confident_i2000_b20_5 - INFO - finish step #22 for 3.9442100524902344 sec
2020-03-09 18:37:07,314 - exp_topics_least_confident_i2000_b20_5 - INFO - current val_accuracy: 0.5074908
2020-03-09 18:37:07,314 - exp_topics_least_confident_i2000_b20_5 - INFO - start step #23
2020-03-09 18:37:10,989 - exp_topics_least_confident_i2000_b20_5 - INFO - finish step #23 for 3.675251007080078 sec
2020-03-09 18:37:10,989 - exp_topics_least_confident_i2000_b20_5 - INFO - current val_accuracy: 0.50690216
2020-03-09 18:37:10,990 - exp_topics_least_confident_i2000_b20_5 - INFO - start step #24
2020-03-09 18:37:15,896 - exp_topics_least_confident_i2000_b20_5 - INFO - finish step #24 for 4.90593409538269 sec
2020-03-09 18:37:15,896 - exp_topics_least_confident_i2000_b20_5 - INFO - current val_accuracy: 0.5089036
2020-03-09 18:37:15,897 - exp_topics_least_confident_i2000_b20_5 - INFO - start step #25
2020-03-09 18:37:20,441 - exp_topics_least_confident_i2000_b20_5 - INFO - finish step #25 for 4.543642997741699 sec
2020-03-09 18:37:20,441 - exp_topics_least_confident_i2000_b20_5 - INFO - current val_accuracy: 0.50831497
2020-03-09 18:37:20,441 - exp_topics_least_confident_i2000_b20_5 - INFO - start step #26
2020-03-09 18:37:25,323 - exp_topics_least_confident_i2000_b20_5 - INFO - finish step #26 for 4.881822824478149 sec
2020-03-09 18:37:25,324 - exp_topics_least_confident_i2000_b20_5 - INFO - current val_accuracy: 0.5077557
2020-03-09 18:37:25,325 - exp_topics_least_confident_i2000_b20_5 - INFO - start step #27
2020-03-09 18:37:28,941 - exp_topics_least_confident_i2000_b20_5 - INFO - finish step #27 for 3.616607189178467 sec
2020-03-09 18:37:28,942 - exp_topics_least_confident_i2000_b20_5 - INFO - current val_accuracy: 0.50575423
2020-03-09 18:37:28,942 - exp_topics_least_confident_i2000_b20_5 - INFO - start step #28
2020-03-09 18:37:32,571 - exp_topics_least_confident_i2000_b20_5 - INFO - finish step #28 for 3.628664970397949 sec
2020-03-09 18:37:32,571 - exp_topics_least_confident_i2000_b20_5 - INFO - current val_accuracy: 0.51019865
2020-03-09 18:37:32,571 - exp_topics_least_confident_i2000_b20_5 - INFO - start step #29
2020-03-09 18:37:37,287 - exp_topics_least_confident_i2000_b20_5 - INFO - finish step #29 for 4.715481996536255 sec
2020-03-09 18:37:37,287 - exp_topics_least_confident_i2000_b20_5 - INFO - current val_accuracy: 0.5122002
2020-03-09 18:37:37,288 - exp_topics_least_confident_i2000_b20_5 - INFO - finish experiment process for 138.91275095939636 sec
