2020-03-20 12:50:22,144 - exp_torch_topics_d128_least_confident_i2000_b20_2 - INFO - start experiment process
2020-03-20 12:50:28,232 - exp_torch_topics_d128_least_confident_i2000_b20_2 - INFO - initial val_accuracy: 0.4447093451066961
2020-03-20 12:50:28,233 - exp_torch_topics_d128_least_confident_i2000_b20_2 - INFO - start step #0
2020-03-20 12:50:32,526 - exp_torch_topics_d128_least_confident_i2000_b20_2 - INFO - query idx: [  398  8759 18935 15003 12670  8939 15416  5579 15577 14665 19476 13703
 19751 18897  9804  3461  2185  5391 13848  1299]
2020-03-20 12:50:35,847 - exp_torch_topics_d128_least_confident_i2000_b20_2 - INFO - finish step #0 for 7.613930940628052 sec
2020-03-20 12:50:35,847 - exp_torch_topics_d128_least_confident_i2000_b20_2 - INFO - current val_accuracy: 0.4408241353936718
2020-03-20 12:50:35,847 - exp_torch_topics_d128_least_confident_i2000_b20_2 - INFO - start step #1
2020-03-20 12:50:37,634 - exp_torch_topics_d128_least_confident_i2000_b20_2 - INFO - query idx: [10092 15598 15221 15545 11562  2129  5006  1110 15055 18827 10012  9709
  2970 17518  9130  6624  5082 17998  7705 13646]
2020-03-20 12:50:40,194 - exp_torch_topics_d128_least_confident_i2000_b20_2 - INFO - finish step #1 for 4.3470330238342285 sec
2020-03-20 12:50:40,195 - exp_torch_topics_d128_least_confident_i2000_b20_2 - INFO - current val_accuracy: 0.4359970566593083
2020-03-20 12:50:40,195 - exp_torch_topics_d128_least_confident_i2000_b20_2 - INFO - start step #2
2020-03-20 12:50:41,422 - exp_torch_topics_d128_least_confident_i2000_b20_2 - INFO - query idx: [10628 13085  7670  9687  1162 14972  6117 16919  7817  2056  6910 13194
  2243   626   745  4100 13397 19215  5890 19708]
2020-03-20 12:50:44,924 - exp_torch_topics_d128_least_confident_i2000_b20_2 - INFO - finish step #2 for 4.72877311706543 sec
2020-03-20 12:50:44,924 - exp_torch_topics_d128_least_confident_i2000_b20_2 - INFO - current val_accuracy: 0.44026490066225166
2020-03-20 12:50:44,924 - exp_torch_topics_d128_least_confident_i2000_b20_2 - INFO - start step #3
2020-03-20 12:50:46,100 - exp_torch_topics_d128_least_confident_i2000_b20_2 - INFO - query idx: [16074 19493   917 17944 17663 17383  8602 16746  8068  5912 17433  3347
  5607 14351 12954 12624 13789 11880   419  8475]
2020-03-20 12:50:48,833 - exp_torch_topics_d128_least_confident_i2000_b20_2 - INFO - finish step #3 for 3.9090323448181152 sec
2020-03-20 12:50:48,833 - exp_torch_topics_d128_least_confident_i2000_b20_2 - INFO - current val_accuracy: 0.4291390728476821
2020-03-20 12:50:48,834 - exp_torch_topics_d128_least_confident_i2000_b20_2 - INFO - start step #4
2020-03-20 12:50:49,861 - exp_torch_topics_d128_least_confident_i2000_b20_2 - INFO - query idx: [ 6342 13277  2179  4197 15694 19796  2240  9127  8817 15401 10885  3184
 17475 14575  2589  6778  6298 15929 19792  5860]
2020-03-20 12:50:52,411 - exp_torch_topics_d128_least_confident_i2000_b20_2 - INFO - finish step #4 for 3.57718825340271 sec
2020-03-20 12:50:52,412 - exp_torch_topics_d128_least_confident_i2000_b20_2 - INFO - current val_accuracy: 0.43317144959529064
2020-03-20 12:50:52,412 - exp_torch_topics_d128_least_confident_i2000_b20_2 - INFO - start step #5
2020-03-20 12:50:53,600 - exp_torch_topics_d128_least_confident_i2000_b20_2 - INFO - query idx: [11864 14784  8922  8003  9440   233  9935 13106 12605  1889 19458   212
  5645 15098  5254  5187 13467  1706 16760  2729]
2020-03-20 12:50:56,330 - exp_torch_topics_d128_least_confident_i2000_b20_2 - INFO - finish step #5 for 3.9171979427337646 sec
2020-03-20 12:50:56,330 - exp_torch_topics_d128_least_confident_i2000_b20_2 - INFO - current val_accuracy: 0.44785871964679913
2020-03-20 12:50:56,330 - exp_torch_topics_d128_least_confident_i2000_b20_2 - INFO - start step #6
2020-03-20 12:50:57,653 - exp_torch_topics_d128_least_confident_i2000_b20_2 - INFO - query idx: [11453 11733  3365 14342 19569   969 10660 15285  1283 16811  1635 16834
  8369 10177  9304 10771  8496   802  4949  8912]
2020-03-20 12:51:00,251 - exp_torch_topics_d128_least_confident_i2000_b20_2 - INFO - finish step #6 for 3.920470952987671 sec
2020-03-20 12:51:00,251 - exp_torch_topics_d128_least_confident_i2000_b20_2 - INFO - current val_accuracy: 0.4516850625459897
2020-03-20 12:51:00,251 - exp_torch_topics_d128_least_confident_i2000_b20_2 - INFO - start step #7
2020-03-20 12:51:01,323 - exp_torch_topics_d128_least_confident_i2000_b20_2 - INFO - query idx: [13289 15718 10912  2225  4774 13782 13733 18200  7656 17965 10196  2241
 16400 13486 18936  9584 19829 11115 17188  9885]
2020-03-20 12:51:03,992 - exp_torch_topics_d128_least_confident_i2000_b20_2 - INFO - finish step #7 for 3.7411718368530273 sec
2020-03-20 12:51:03,992 - exp_torch_topics_d128_least_confident_i2000_b20_2 - INFO - current val_accuracy: 0.4446504782928624
2020-03-20 12:51:03,993 - exp_torch_topics_d128_least_confident_i2000_b20_2 - INFO - start step #8
2020-03-20 12:51:05,051 - exp_torch_topics_d128_least_confident_i2000_b20_2 - INFO - query idx: [11671  4427 12474 14463 15956 11787 11831 13125 14587  6962 17477  3793
  7645 17015 18455   252  9882  3302  8764 12393]
2020-03-20 12:51:07,625 - exp_torch_topics_d128_least_confident_i2000_b20_2 - INFO - finish step #8 for 3.63187313079834 sec
2020-03-20 12:51:07,625 - exp_torch_topics_d128_least_confident_i2000_b20_2 - INFO - current val_accuracy: 0.44900662251655626
2020-03-20 12:51:07,625 - exp_torch_topics_d128_least_confident_i2000_b20_2 - INFO - start step #9
2020-03-20 12:51:09,010 - exp_torch_topics_d128_least_confident_i2000_b20_2 - INFO - query idx: [ 3433  3071 14670  5556  2096 16318 17276  5757  4993  3586  2672 14712
  2834  1626  9170  3760   935 14812 13094 15463]
2020-03-20 12:51:12,061 - exp_torch_topics_d128_least_confident_i2000_b20_2 - INFO - finish step #9 for 4.4349939823150635 sec
2020-03-20 12:51:12,061 - exp_torch_topics_d128_least_confident_i2000_b20_2 - INFO - current val_accuracy: 0.4550699043414275
2020-03-20 12:51:12,061 - exp_torch_topics_d128_least_confident_i2000_b20_2 - INFO - start step #10
2020-03-20 12:51:14,101 - exp_torch_topics_d128_least_confident_i2000_b20_2 - INFO - query idx: [13625 17874  7672 17895  9354  3851  4266  4498  1907  6140 13492 14419
  1410   359 17702  7214 15611  6282  3702  8161]
2020-03-20 12:51:17,139 - exp_torch_topics_d128_least_confident_i2000_b20_2 - INFO - finish step #10 for 5.077767848968506 sec
2020-03-20 12:51:17,139 - exp_torch_topics_d128_least_confident_i2000_b20_2 - INFO - current val_accuracy: 0.4529506990434143
2020-03-20 12:51:17,139 - exp_torch_topics_d128_least_confident_i2000_b20_2 - INFO - start step #11
2020-03-20 12:51:19,103 - exp_torch_topics_d128_least_confident_i2000_b20_2 - INFO - query idx: [ 3116  5132 15351  8025   274  2753  7191  4532  4699 10762 15170 13923
 13502 12531  4371  7456 15326 10816 12090   136]
2020-03-20 12:51:23,359 - exp_torch_topics_d128_least_confident_i2000_b20_2 - INFO - finish step #11 for 6.2193920612335205 sec
2020-03-20 12:51:23,359 - exp_torch_topics_d128_least_confident_i2000_b20_2 - INFO - current val_accuracy: 0.4571596762325239
2020-03-20 12:51:23,359 - exp_torch_topics_d128_least_confident_i2000_b20_2 - INFO - start step #12
2020-03-20 12:51:25,175 - exp_torch_topics_d128_least_confident_i2000_b20_2 - INFO - query idx: [ 7613   852 12980 13357 11201 13044 16865 19272  8815 12266 18186  2378
  7935 12992 13886  2023  6802 12712  8383 15690]
2020-03-20 12:51:27,848 - exp_torch_topics_d128_least_confident_i2000_b20_2 - INFO - finish step #12 for 4.488851070404053 sec
2020-03-20 12:51:27,848 - exp_torch_topics_d128_least_confident_i2000_b20_2 - INFO - current val_accuracy: 0.45474613686534215
2020-03-20 12:51:27,849 - exp_torch_topics_d128_least_confident_i2000_b20_2 - INFO - start step #13
2020-03-20 12:51:28,971 - exp_torch_topics_d128_least_confident_i2000_b20_2 - INFO - query idx: [15149  1855 17577 11814 15787  6262 15490 17404 16375  1030 10455 18673
  9220 15000  8830 12831  5337 15151 10619 17275]
2020-03-20 12:51:32,897 - exp_torch_topics_d128_least_confident_i2000_b20_2 - INFO - finish step #13 for 5.048407077789307 sec
2020-03-20 12:51:32,897 - exp_torch_topics_d128_least_confident_i2000_b20_2 - INFO - current val_accuracy: 0.4522737306843267
2020-03-20 12:51:32,897 - exp_torch_topics_d128_least_confident_i2000_b20_2 - INFO - start step #14
2020-03-20 12:51:34,205 - exp_torch_topics_d128_least_confident_i2000_b20_2 - INFO - query idx: [16606  7089 17036 12901  6198 17774  2266 14385 11973  8450  2697 14428
 15087  5744  2325 14149 18911 12373  8770 14013]
2020-03-20 12:51:37,442 - exp_torch_topics_d128_least_confident_i2000_b20_2 - INFO - finish step #14 for 4.544856071472168 sec
2020-03-20 12:51:37,443 - exp_torch_topics_d128_least_confident_i2000_b20_2 - INFO - current val_accuracy: 0.45733627667402504
2020-03-20 12:51:37,443 - exp_torch_topics_d128_least_confident_i2000_b20_2 - INFO - start step #15
2020-03-20 12:51:38,540 - exp_torch_topics_d128_least_confident_i2000_b20_2 - INFO - query idx: [13407 16992 12872  6804  3559  2135 15610  5485 13122  5091 10828  9765
 11634 13318  3059 17251  7927 11374  2837 11149]
2020-03-20 12:51:41,202 - exp_torch_topics_d128_least_confident_i2000_b20_2 - INFO - finish step #15 for 3.7585558891296387 sec
2020-03-20 12:51:41,202 - exp_torch_topics_d128_least_confident_i2000_b20_2 - INFO - current val_accuracy: 0.45916114790286977
2020-03-20 12:51:41,202 - exp_torch_topics_d128_least_confident_i2000_b20_2 - INFO - start step #16
2020-03-20 12:51:42,525 - exp_torch_topics_d128_least_confident_i2000_b20_2 - INFO - query idx: [10526  7728 16349  2549 15920 13075 12720 18026 17558 13906  5680  4284
  6568 13085  7110  5380  6993  4246 11002  9729]
2020-03-20 12:51:45,070 - exp_torch_topics_d128_least_confident_i2000_b20_2 - INFO - finish step #16 for 3.8675150871276855 sec
2020-03-20 12:51:45,071 - exp_torch_topics_d128_least_confident_i2000_b20_2 - INFO - current val_accuracy: 0.45751287711552613
2020-03-20 12:51:45,071 - exp_torch_topics_d128_least_confident_i2000_b20_2 - INFO - start step #17
2020-03-20 12:51:46,309 - exp_torch_topics_d128_least_confident_i2000_b20_2 - INFO - query idx: [19065  3074 19651 16332  5159 17612 19014  1332 16516  6512 12287 14803
 19107 15959 14886 18367 13377 14181 15203 13225]
2020-03-20 12:51:49,058 - exp_torch_topics_d128_least_confident_i2000_b20_2 - INFO - finish step #17 for 3.987323045730591 sec
2020-03-20 12:51:49,059 - exp_torch_topics_d128_least_confident_i2000_b20_2 - INFO - current val_accuracy: 0.4595437821927888
2020-03-20 12:51:49,059 - exp_torch_topics_d128_least_confident_i2000_b20_2 - INFO - start step #18
2020-03-20 12:51:50,186 - exp_torch_topics_d128_least_confident_i2000_b20_2 - INFO - query idx: [13917  1450 10538 12556  3055 13766  3049 17755  8391  1373 11005  2909
  2347  7627 11697 16656  5882 16111  9788 11679]
2020-03-20 12:51:53,195 - exp_torch_topics_d128_least_confident_i2000_b20_2 - INFO - finish step #18 for 4.1352009773254395 sec
2020-03-20 12:51:53,195 - exp_torch_topics_d128_least_confident_i2000_b20_2 - INFO - current val_accuracy: 0.4607505518763797
2020-03-20 12:51:53,195 - exp_torch_topics_d128_least_confident_i2000_b20_2 - INFO - start step #19
2020-03-20 12:51:54,384 - exp_torch_topics_d128_least_confident_i2000_b20_2 - INFO - query idx: [10321 17180  9216 13173 14711 11708 16658 14585  5145 10570 14996  2136
  2465 15017   602 11131  2577 13430  9031  7159]
2020-03-20 12:51:56,999 - exp_torch_topics_d128_least_confident_i2000_b20_2 - INFO - finish step #19 for 3.803385019302368 sec
2020-03-20 12:51:56,999 - exp_torch_topics_d128_least_confident_i2000_b20_2 - INFO - current val_accuracy: 0.46210448859455483
2020-03-20 12:51:56,999 - exp_torch_topics_d128_least_confident_i2000_b20_2 - INFO - start step #20
2020-03-20 12:51:58,144 - exp_torch_topics_d128_least_confident_i2000_b20_2 - INFO - query idx: [ 4072 11216 18705 19174  5246  9527  5924 16817  6686  2166 10394  5616
  4533  6346 17054 12790   742  4409  9114  6543]
2020-03-20 12:52:00,826 - exp_torch_topics_d128_least_confident_i2000_b20_2 - INFO - finish step #20 for 3.8267338275909424 sec
2020-03-20 12:52:00,826 - exp_torch_topics_d128_least_confident_i2000_b20_2 - INFO - current val_accuracy: 0.45957321559970565
2020-03-20 12:52:00,826 - exp_torch_topics_d128_least_confident_i2000_b20_2 - INFO - start step #21
2020-03-20 12:52:01,918 - exp_torch_topics_d128_least_confident_i2000_b20_2 - INFO - query idx: [10665  6363 11679  4500  1999  1013  9421 14788  3932 16972  9232 15524
 15749  9647 13078 19232 10418 11742 10527   400]
2020-03-20 12:52:04,355 - exp_torch_topics_d128_least_confident_i2000_b20_2 - INFO - finish step #21 for 3.528455972671509 sec
2020-03-20 12:52:04,355 - exp_torch_topics_d128_least_confident_i2000_b20_2 - INFO - current val_accuracy: 0.46454746136865344
2020-03-20 12:52:04,355 - exp_torch_topics_d128_least_confident_i2000_b20_2 - INFO - start step #22
2020-03-20 12:52:05,417 - exp_torch_topics_d128_least_confident_i2000_b20_2 - INFO - query idx: [16911 15268 18255  2272  2487 17750  9624 11789 16936 13719 10688 14385
 12283  4735  4795 13048  2628  8754 11232 14705]
2020-03-20 12:52:08,139 - exp_torch_topics_d128_least_confident_i2000_b20_2 - INFO - finish step #22 for 3.7838540077209473 sec
2020-03-20 12:52:08,139 - exp_torch_topics_d128_least_confident_i2000_b20_2 - INFO - current val_accuracy: 0.4625754231052244
2020-03-20 12:52:08,140 - exp_torch_topics_d128_least_confident_i2000_b20_2 - INFO - start step #23
2020-03-20 12:52:09,317 - exp_torch_topics_d128_least_confident_i2000_b20_2 - INFO - query idx: [19483 15592  4647 17260   836  1673  5326  7500   816 12913   824  7026
  1369  3768 11315  3302 18409  6683  1066 14901]
2020-03-20 12:52:12,874 - exp_torch_topics_d128_least_confident_i2000_b20_2 - INFO - finish step #23 for 4.73413610458374 sec
2020-03-20 12:52:12,874 - exp_torch_topics_d128_least_confident_i2000_b20_2 - INFO - current val_accuracy: 0.4630757910228109
2020-03-20 12:52:12,874 - exp_torch_topics_d128_least_confident_i2000_b20_2 - INFO - start step #24
2020-03-20 12:52:13,935 - exp_torch_topics_d128_least_confident_i2000_b20_2 - INFO - query idx: [ 6056 11774 11143 14802  1229 18649  6391 16789 12689  1901 12920 16751
 10009  7724 11830  3526  9219 16393 14873  5397]
2020-03-20 12:52:16,399 - exp_torch_topics_d128_least_confident_i2000_b20_2 - INFO - finish step #24 for 3.524729013442993 sec
2020-03-20 12:52:16,399 - exp_torch_topics_d128_least_confident_i2000_b20_2 - INFO - current val_accuracy: 0.4663428991905813
2020-03-20 12:52:16,399 - exp_torch_topics_d128_least_confident_i2000_b20_2 - INFO - start step #25
2020-03-20 12:52:17,692 - exp_torch_topics_d128_least_confident_i2000_b20_2 - INFO - query idx: [ 3078 17679 10400 17157  4003 11047 11745  1585 18973 16662  5252 12718
 16043  7923 16333 16945  9151  7799 14252   188]
2020-03-20 12:52:20,330 - exp_torch_topics_d128_least_confident_i2000_b20_2 - INFO - finish step #25 for 3.9300849437713623 sec
2020-03-20 12:52:20,330 - exp_torch_topics_d128_least_confident_i2000_b20_2 - INFO - current val_accuracy: 0.4664900662251656
2020-03-20 12:52:20,330 - exp_torch_topics_d128_least_confident_i2000_b20_2 - INFO - start step #26
2020-03-20 12:52:21,403 - exp_torch_topics_d128_least_confident_i2000_b20_2 - INFO - query idx: [18758 18285  9812  5284  9102 11836 19174 15241 17121 12212 15642 15843
  4953 10525 14365 18630 14289 12931 16410  5520]
2020-03-20 12:52:25,250 - exp_torch_topics_d128_least_confident_i2000_b20_2 - INFO - finish step #26 for 4.919649839401245 sec
2020-03-20 12:52:25,250 - exp_torch_topics_d128_least_confident_i2000_b20_2 - INFO - current val_accuracy: 0.46387049300956584
2020-03-20 12:52:25,250 - exp_torch_topics_d128_least_confident_i2000_b20_2 - INFO - start step #27
2020-03-20 12:52:26,663 - exp_torch_topics_d128_least_confident_i2000_b20_2 - INFO - query idx: [17221 16869  9653 16519 16612 16977  6928 16422 15447  3617  6318 15608
 17805 14900 17105  5845   749  6012  3440  6458]
2020-03-20 12:52:30,270 - exp_torch_topics_d128_least_confident_i2000_b20_2 - INFO - finish step #27 for 5.020149230957031 sec
2020-03-20 12:52:30,271 - exp_torch_topics_d128_least_confident_i2000_b20_2 - INFO - current val_accuracy: 0.46369389256806476
2020-03-20 12:52:30,271 - exp_torch_topics_d128_least_confident_i2000_b20_2 - INFO - start step #28
2020-03-20 12:52:31,676 - exp_torch_topics_d128_least_confident_i2000_b20_2 - INFO - query idx: [14647   920  6119  5711  9948  7884 10120  4130  5554  9314  8824   263
  8078  5764  3852  7947 18624 17918 10793 13975]
2020-03-20 12:52:34,529 - exp_torch_topics_d128_least_confident_i2000_b20_2 - INFO - finish step #28 for 4.257919073104858 sec
2020-03-20 12:52:34,529 - exp_torch_topics_d128_least_confident_i2000_b20_2 - INFO - current val_accuracy: 0.4686092715231788
2020-03-20 12:52:34,529 - exp_torch_topics_d128_least_confident_i2000_b20_2 - INFO - start step #29
2020-03-20 12:52:35,676 - exp_torch_topics_d128_least_confident_i2000_b20_2 - INFO - query idx: [ 4900  6580 16156  3285  1253 13086  9678 10942 13613   597 10510 11826
 12536 17139 13104  1834 11367  9827 15425  2851]
2020-03-20 12:52:38,546 - exp_torch_topics_d128_least_confident_i2000_b20_2 - INFO - finish step #29 for 4.016739130020142 sec
2020-03-20 12:52:38,546 - exp_torch_topics_d128_least_confident_i2000_b20_2 - INFO - current val_accuracy: 0.4659602649006622
2020-03-20 12:52:38,547 - exp_torch_topics_d128_least_confident_i2000_b20_2 - INFO - finish experiment process for 136.40123295783997 sec
