2020-03-25 11:17:22,056 - exp_torch_topics_d128_margin_i2000_b20_q100_sf_1 - INFO - start experiment process
2020-03-25 11:17:24,921 - exp_torch_topics_d128_margin_i2000_b20_q100_sf_1 - INFO - initial val_accuracy: 0.4519205298013245
2020-03-25 11:17:24,921 - exp_torch_topics_d128_margin_i2000_b20_q100_sf_1 - INFO - start step #0
2020-03-25 11:17:35,759 - exp_torch_topics_d128_margin_i2000_b20_q100_sf_1 - INFO - query idx: [69146 52165 85537 37514 35972 46755 55838 90329 90840 50401 77247 99026
 40827 54544 63654 58973 53875  9823 70122 70564]
2020-03-25 11:17:39,443 - exp_torch_topics_d128_margin_i2000_b20_q100_sf_1 - INFO - finish step #0 for 14.522313117980957 sec
2020-03-25 11:17:39,444 - exp_torch_topics_d128_margin_i2000_b20_q100_sf_1 - INFO - current val_accuracy: 0.4501250919793966
2020-03-25 11:17:39,444 - exp_torch_topics_d128_margin_i2000_b20_q100_sf_1 - INFO - start step #1
2020-03-25 11:17:47,141 - exp_torch_topics_d128_margin_i2000_b20_q100_sf_1 - INFO - query idx: [99555 94202 68601 42973 61140  5410 56120 13081 88904 80688 93806 68357
 55250 81906 30686 78184 77214 81956 85162 23859]
2020-03-25 11:17:50,139 - exp_torch_topics_d128_margin_i2000_b20_q100_sf_1 - INFO - finish step #1 for 10.694677114486694 sec
2020-03-25 11:17:50,139 - exp_torch_topics_d128_margin_i2000_b20_q100_sf_1 - INFO - current val_accuracy: 0.44900662251655626
2020-03-25 11:17:50,139 - exp_torch_topics_d128_margin_i2000_b20_q100_sf_1 - INFO - start step #2
2020-03-25 11:17:55,652 - exp_torch_topics_d128_margin_i2000_b20_q100_sf_1 - INFO - query idx: [19911 26598 43533 27155 65537 85462 30013 63981 87244 40179 34680 43673
 18524 98383 38354 81783 81717 93704 58128  1128]
2020-03-25 11:17:58,620 - exp_torch_topics_d128_margin_i2000_b20_q100_sf_1 - INFO - finish step #2 for 8.480785846710205 sec
2020-03-25 11:17:58,620 - exp_torch_topics_d128_margin_i2000_b20_q100_sf_1 - INFO - current val_accuracy: 0.4485945548197204
2020-03-25 11:17:58,621 - exp_torch_topics_d128_margin_i2000_b20_q100_sf_1 - INFO - start step #3
2020-03-25 11:18:05,645 - exp_torch_topics_d128_margin_i2000_b20_q100_sf_1 - INFO - query idx: [70926 41574 93609 13679 98398  2205 69029 34144 42125 35168 57826 90797
 94770 11226 22794  8030 11230 45881 24565 96444]
2020-03-25 11:18:08,118 - exp_torch_topics_d128_margin_i2000_b20_q100_sf_1 - INFO - finish step #3 for 9.497205018997192 sec
2020-03-25 11:18:08,118 - exp_torch_topics_d128_margin_i2000_b20_q100_sf_1 - INFO - current val_accuracy: 0.4538631346578366
2020-03-25 11:18:08,118 - exp_torch_topics_d128_margin_i2000_b20_q100_sf_1 - INFO - start step #4
2020-03-25 11:18:13,513 - exp_torch_topics_d128_margin_i2000_b20_q100_sf_1 - INFO - query idx: [  802  6271 33788 90183 58578 47744 94850 17206 38798 33781 17011  6554
 78855 46942 12185 32284 49740 57603  5622 71440]
2020-03-25 11:18:15,996 - exp_torch_topics_d128_margin_i2000_b20_q100_sf_1 - INFO - finish step #4 for 7.8769659996032715 sec
2020-03-25 11:18:15,996 - exp_torch_topics_d128_margin_i2000_b20_q100_sf_1 - INFO - current val_accuracy: 0.45480500367917587
2020-03-25 11:18:15,996 - exp_torch_topics_d128_margin_i2000_b20_q100_sf_1 - INFO - start step #5
2020-03-25 11:18:21,281 - exp_torch_topics_d128_margin_i2000_b20_q100_sf_1 - INFO - query idx: [47700 76580  2691 21910 94249 73052 53925 68369 73044 19237 79133 90622
 83519 91322 36297 83873 95788   941 83982 61368]
2020-03-25 11:18:23,724 - exp_torch_topics_d128_margin_i2000_b20_q100_sf_1 - INFO - finish step #5 for 7.728100776672363 sec
2020-03-25 11:18:23,724 - exp_torch_topics_d128_margin_i2000_b20_q100_sf_1 - INFO - current val_accuracy: 0.45359823399558497
2020-03-25 11:18:23,725 - exp_torch_topics_d128_margin_i2000_b20_q100_sf_1 - INFO - start step #6
2020-03-25 11:18:32,437 - exp_torch_topics_d128_margin_i2000_b20_q100_sf_1 - INFO - query idx: [52556 37131 75209 52197 73394 67038 33623 14787 67933 31591 10712 11884
 88505 11464 44766 22342 38018 24764 66805 70350]
2020-03-25 11:18:36,458 - exp_torch_topics_d128_margin_i2000_b20_q100_sf_1 - INFO - finish step #6 for 12.733032941818237 sec
2020-03-25 11:18:36,458 - exp_torch_topics_d128_margin_i2000_b20_q100_sf_1 - INFO - current val_accuracy: 0.45236203090507726
2020-03-25 11:18:36,458 - exp_torch_topics_d128_margin_i2000_b20_q100_sf_1 - INFO - start step #7
2020-03-25 11:18:45,358 - exp_torch_topics_d128_margin_i2000_b20_q100_sf_1 - INFO - query idx: [94179 12703 53701 30280 85839 50025  3925 31414 43369 13311 67629  5942
 16144 97140  2437 18008 65245 40094 44155 27834]
2020-03-25 11:18:49,320 - exp_torch_topics_d128_margin_i2000_b20_q100_sf_1 - INFO - finish step #7 for 12.861382961273193 sec
2020-03-25 11:18:49,320 - exp_torch_topics_d128_margin_i2000_b20_q100_sf_1 - INFO - current val_accuracy: 0.4537159676232524
2020-03-25 11:18:49,320 - exp_torch_topics_d128_margin_i2000_b20_q100_sf_1 - INFO - start step #8
2020-03-25 11:19:05,743 - exp_torch_topics_d128_margin_i2000_b20_q100_sf_1 - INFO - query idx: [69384 17138 96310 31388 53826 96617  4032 95300 77249 26519   919  1770
 62238 20744 31077 68701 84878 15095 36403 69652]
2020-03-25 11:19:11,771 - exp_torch_topics_d128_margin_i2000_b20_q100_sf_1 - INFO - finish step #8 for 22.450897216796875 sec
2020-03-25 11:19:11,771 - exp_torch_topics_d128_margin_i2000_b20_q100_sf_1 - INFO - current val_accuracy: 0.45091979396615156
2020-03-25 11:19:11,771 - exp_torch_topics_d128_margin_i2000_b20_q100_sf_1 - INFO - start step #9
2020-03-25 11:19:18,284 - exp_torch_topics_d128_margin_i2000_b20_q100_sf_1 - INFO - query idx: [81507 41187 57545 57801 31075 43386  4271  7556 54717 59537 61492 88224
 32478 75640  1933 79613 45073 60396 21029 85587]
2020-03-25 11:19:21,512 - exp_torch_topics_d128_margin_i2000_b20_q100_sf_1 - INFO - finish step #9 for 9.74048113822937 sec
2020-03-25 11:19:21,512 - exp_torch_topics_d128_margin_i2000_b20_q100_sf_1 - INFO - current val_accuracy: 0.45527593818984546
2020-03-25 11:19:21,512 - exp_torch_topics_d128_margin_i2000_b20_q100_sf_1 - INFO - start step #10
2020-03-25 11:19:26,760 - exp_torch_topics_d128_margin_i2000_b20_q100_sf_1 - INFO - query idx: [48877 58184 19227 67554 23117 30503 78523 54951 29986 17310 10831 54388
  4643 91347 50058 43662 52654 32318 49569 56087]
2020-03-25 11:19:29,374 - exp_torch_topics_d128_margin_i2000_b20_q100_sf_1 - INFO - finish step #10 for 7.861575365066528 sec
2020-03-25 11:19:29,374 - exp_torch_topics_d128_margin_i2000_b20_q100_sf_1 - INFO - current val_accuracy: 0.45780721118469464
2020-03-25 11:19:29,374 - exp_torch_topics_d128_margin_i2000_b20_q100_sf_1 - INFO - start step #11
2020-03-25 11:19:34,595 - exp_torch_topics_d128_margin_i2000_b20_q100_sf_1 - INFO - query idx: [53397 10371 95106 15802  3830 45626 63664 64869 10120 98912 75874  5666
 53556 76613 50131 15448 93487 19814 62779 43741]
2020-03-25 11:19:36,984 - exp_torch_topics_d128_margin_i2000_b20_q100_sf_1 - INFO - finish step #11 for 7.609441757202148 sec
2020-03-25 11:19:36,984 - exp_torch_topics_d128_margin_i2000_b20_q100_sf_1 - INFO - current val_accuracy: 0.460691685062546
2020-03-25 11:19:36,984 - exp_torch_topics_d128_margin_i2000_b20_q100_sf_1 - INFO - start step #12
2020-03-25 11:19:44,614 - exp_torch_topics_d128_margin_i2000_b20_q100_sf_1 - INFO - query idx: [66383  7311 22768 88682 86590 15572 23919  2128 51674 36173 10794 74184
 70563 19690 26380 57181  4782  3702 80596 19095]
2020-03-25 11:19:47,558 - exp_torch_topics_d128_margin_i2000_b20_q100_sf_1 - INFO - finish step #12 for 10.574204921722412 sec
2020-03-25 11:19:47,559 - exp_torch_topics_d128_margin_i2000_b20_q100_sf_1 - INFO - current val_accuracy: 0.459896983075791
2020-03-25 11:19:47,559 - exp_torch_topics_d128_margin_i2000_b20_q100_sf_1 - INFO - start step #13
2020-03-25 11:19:54,866 - exp_torch_topics_d128_margin_i2000_b20_q100_sf_1 - INFO - query idx: [73566 66926 91217 51641 79511 35214 31297 91195 30388  5411 56432 75873
 47217 85055 34992 36333 82635 20506 42922 30142]
2020-03-25 11:19:57,547 - exp_torch_topics_d128_margin_i2000_b20_q100_sf_1 - INFO - finish step #13 for 9.987787961959839 sec
2020-03-25 11:19:57,547 - exp_torch_topics_d128_margin_i2000_b20_q100_sf_1 - INFO - current val_accuracy: 0.46054451802796176
2020-03-25 11:19:57,547 - exp_torch_topics_d128_margin_i2000_b20_q100_sf_1 - INFO - start step #14
2020-03-25 11:20:03,025 - exp_torch_topics_d128_margin_i2000_b20_q100_sf_1 - INFO - query idx: [57775 55273 32821 36386 41619  6502 39081 15300 59896 57694 52953 82329
 86252 95040  2316 83787 25584 90381 73092 91201]
2020-03-25 11:20:05,549 - exp_torch_topics_d128_margin_i2000_b20_q100_sf_1 - INFO - finish step #14 for 8.002195119857788 sec
2020-03-25 11:20:05,549 - exp_torch_topics_d128_margin_i2000_b20_q100_sf_1 - INFO - current val_accuracy: 0.4584547461368653
2020-03-25 11:20:05,550 - exp_torch_topics_d128_margin_i2000_b20_q100_sf_1 - INFO - start step #15
2020-03-25 11:20:10,992 - exp_torch_topics_d128_margin_i2000_b20_q100_sf_1 - INFO - query idx: [92395 47980 34300 24818 64129 28739 95857 94299 44183 74953 92178 34051
 78468 24201 40137 75768 50877 71305 27974 31085]
2020-03-25 11:20:13,506 - exp_torch_topics_d128_margin_i2000_b20_q100_sf_1 - INFO - finish step #15 for 7.956171035766602 sec
2020-03-25 11:20:13,506 - exp_torch_topics_d128_margin_i2000_b20_q100_sf_1 - INFO - current val_accuracy: 0.45595290654893306
2020-03-25 11:20:13,506 - exp_torch_topics_d128_margin_i2000_b20_q100_sf_1 - INFO - start step #16
2020-03-25 11:20:19,130 - exp_torch_topics_d128_margin_i2000_b20_q100_sf_1 - INFO - query idx: [71715 38606 52049 92557 46340 78016 79776 72495 61703 90783 39887 26798
  2793 82462 11399 21895 70938 26161 60730 59837]
2020-03-25 11:20:21,767 - exp_torch_topics_d128_margin_i2000_b20_q100_sf_1 - INFO - finish step #16 for 8.261205911636353 sec
2020-03-25 11:20:21,768 - exp_torch_topics_d128_margin_i2000_b20_q100_sf_1 - INFO - current val_accuracy: 0.4548638704930096
2020-03-25 11:20:21,768 - exp_torch_topics_d128_margin_i2000_b20_q100_sf_1 - INFO - start step #17
2020-03-25 11:20:28,000 - exp_torch_topics_d128_margin_i2000_b20_q100_sf_1 - INFO - query idx: [86522 30191 50784 15458 55541   333 36942 33875 74831 65430 98919 18915
 53540 64715  9887  8383 42234 94246 74179 32092]
2020-03-25 11:20:30,518 - exp_torch_topics_d128_margin_i2000_b20_q100_sf_1 - INFO - finish step #17 for 8.749926805496216 sec
2020-03-25 11:20:30,518 - exp_torch_topics_d128_margin_i2000_b20_q100_sf_1 - INFO - current val_accuracy: 0.4554819720382634
2020-03-25 11:20:30,518 - exp_torch_topics_d128_margin_i2000_b20_q100_sf_1 - INFO - start step #18
2020-03-25 11:20:36,035 - exp_torch_topics_d128_margin_i2000_b20_q100_sf_1 - INFO - query idx: [72993  1062  9531  2377 10116 48884 62946 88177 11682 21851 54703 60169
 58260 28216 30012 44650 59468 58197  2827 11686]
2020-03-25 11:20:38,628 - exp_torch_topics_d128_margin_i2000_b20_q100_sf_1 - INFO - finish step #18 for 8.109353065490723 sec
2020-03-25 11:20:38,628 - exp_torch_topics_d128_margin_i2000_b20_q100_sf_1 - INFO - current val_accuracy: 0.4594260485651214
2020-03-25 11:20:38,628 - exp_torch_topics_d128_margin_i2000_b20_q100_sf_1 - INFO - start step #19
2020-03-25 11:20:44,388 - exp_torch_topics_d128_margin_i2000_b20_q100_sf_1 - INFO - query idx: [10487 49771 61935 55941 71094 97025 54971 43198 10376 40924 41496 61915
 32304  9484 79046 78792 75704 14822 65652 83353]
2020-03-25 11:20:46,912 - exp_torch_topics_d128_margin_i2000_b20_q100_sf_1 - INFO - finish step #19 for 8.284242868423462 sec
2020-03-25 11:20:46,913 - exp_torch_topics_d128_margin_i2000_b20_q100_sf_1 - INFO - current val_accuracy: 0.4599852832965416
2020-03-25 11:20:46,913 - exp_torch_topics_d128_margin_i2000_b20_q100_sf_1 - INFO - start step #20
2020-03-25 11:20:52,920 - exp_torch_topics_d128_margin_i2000_b20_q100_sf_1 - INFO - query idx: [59301 44564  4788 22602 21896 97068 64544 61362 62027 67093 73507  7743
 66423  3752 24475 53878 74227 88513 29041 49979]
2020-03-25 11:20:56,190 - exp_torch_topics_d128_margin_i2000_b20_q100_sf_1 - INFO - finish step #20 for 9.27682900428772 sec
2020-03-25 11:20:56,190 - exp_torch_topics_d128_margin_i2000_b20_q100_sf_1 - INFO - current val_accuracy: 0.46166298749080203
2020-03-25 11:20:56,190 - exp_torch_topics_d128_margin_i2000_b20_q100_sf_1 - INFO - start step #21
2020-03-25 11:21:02,330 - exp_torch_topics_d128_margin_i2000_b20_q100_sf_1 - INFO - query idx: [68250 20782 45944 41541  3271 31995 93076 15641 66230 83379 39737 87778
 62889 18235 89520 45618 50469 12413 42181 62693]
2020-03-25 11:21:05,241 - exp_torch_topics_d128_margin_i2000_b20_q100_sf_1 - INFO - finish step #21 for 9.050896167755127 sec
2020-03-25 11:21:05,241 - exp_torch_topics_d128_margin_i2000_b20_q100_sf_1 - INFO - current val_accuracy: 0.46033848417954376
2020-03-25 11:21:05,242 - exp_torch_topics_d128_margin_i2000_b20_q100_sf_1 - INFO - start step #22
2020-03-25 11:21:11,927 - exp_torch_topics_d128_margin_i2000_b20_q100_sf_1 - INFO - query idx: [79084  1886 75953 84163 34681 44258 61879 78751 64893 59402 61538 35549
  8904 78833 46116 70681 49301 68693 91693 44362]
2020-03-25 11:21:15,264 - exp_torch_topics_d128_margin_i2000_b20_q100_sf_1 - INFO - finish step #22 for 10.022478103637695 sec
2020-03-25 11:21:15,264 - exp_torch_topics_d128_margin_i2000_b20_q100_sf_1 - INFO - current val_accuracy: 0.4594260485651214
2020-03-25 11:21:15,264 - exp_torch_topics_d128_margin_i2000_b20_q100_sf_1 - INFO - start step #23
2020-03-25 11:21:21,447 - exp_torch_topics_d128_margin_i2000_b20_q100_sf_1 - INFO - query idx: [92751 19241 46829 67174 89308 94111 73910 43975 41490 73012 58409 78710
 43515 97144 76745 29120 97336 42089 92654 49587]
2020-03-25 11:21:24,140 - exp_torch_topics_d128_margin_i2000_b20_q100_sf_1 - INFO - finish step #23 for 8.875137090682983 sec
2020-03-25 11:21:24,140 - exp_torch_topics_d128_margin_i2000_b20_q100_sf_1 - INFO - current val_accuracy: 0.46334069168506253
2020-03-25 11:21:24,140 - exp_torch_topics_d128_margin_i2000_b20_q100_sf_1 - INFO - start step #24
2020-03-25 11:21:30,134 - exp_torch_topics_d128_margin_i2000_b20_q100_sf_1 - INFO - query idx: [41688  1722 66335  7722 40088 87967 48813 80982 50473 20545 35918 37766
 44157 53822 13402 63075 97819 78260  2241 54515]
2020-03-25 11:21:32,819 - exp_torch_topics_d128_margin_i2000_b20_q100_sf_1 - INFO - finish step #24 for 8.678465843200684 sec
2020-03-25 11:21:32,819 - exp_torch_topics_d128_margin_i2000_b20_q100_sf_1 - INFO - current val_accuracy: 0.46463576158940395
2020-03-25 11:21:32,819 - exp_torch_topics_d128_margin_i2000_b20_q100_sf_1 - INFO - start step #25
2020-03-25 11:21:38,377 - exp_torch_topics_d128_margin_i2000_b20_q100_sf_1 - INFO - query idx: [71860 65849 12092 16372 86831 19778 60278 24117 99062 25630 95210 24787
 67046 33646 85447 47075 37785 75057 41293 18041]
2020-03-25 11:21:40,870 - exp_torch_topics_d128_margin_i2000_b20_q100_sf_1 - INFO - finish step #25 for 8.050052881240845 sec
2020-03-25 11:21:40,870 - exp_torch_topics_d128_margin_i2000_b20_q100_sf_1 - INFO - current val_accuracy: 0.4648123620309051
2020-03-25 11:21:40,870 - exp_torch_topics_d128_margin_i2000_b20_q100_sf_1 - INFO - start step #26
2020-03-25 11:21:49,519 - exp_torch_topics_d128_margin_i2000_b20_q100_sf_1 - INFO - query idx: [63361 37536 41652 42526 52687 74513 76466 37914 16534  2088 33886 85095
 52453 67412 53483 36439 13304 74427 24334 96748]
2020-03-25 11:21:52,618 - exp_torch_topics_d128_margin_i2000_b20_q100_sf_1 - INFO - finish step #26 for 11.748279094696045 sec
2020-03-25 11:21:52,618 - exp_torch_topics_d128_margin_i2000_b20_q100_sf_1 - INFO - current val_accuracy: 0.46334069168506253
2020-03-25 11:21:52,619 - exp_torch_topics_d128_margin_i2000_b20_q100_sf_1 - INFO - start step #27
2020-03-25 11:21:58,094 - exp_torch_topics_d128_margin_i2000_b20_q100_sf_1 - INFO - query idx: [42676 17033 66039 32183  3259 12916 20498 41712 98174 47904 61942 53215
 52500 66064  2369 66233 11393 59165 47422 60736]
2020-03-25 11:22:00,586 - exp_torch_topics_d128_margin_i2000_b20_q100_sf_1 - INFO - finish step #27 for 7.967223167419434 sec
2020-03-25 11:22:00,586 - exp_torch_topics_d128_margin_i2000_b20_q100_sf_1 - INFO - current val_accuracy: 0.4616924208977189
2020-03-25 11:22:00,586 - exp_torch_topics_d128_margin_i2000_b20_q100_sf_1 - INFO - start step #28
2020-03-25 11:22:06,029 - exp_torch_topics_d128_margin_i2000_b20_q100_sf_1 - INFO - query idx: [28794 55932 87806 11362 65517 53215 92003 90198 39012 48654 52299 49777
 80709 19333 40684  2828 20595 25450 83368 96399]
2020-03-25 11:22:08,730 - exp_torch_topics_d128_margin_i2000_b20_q100_sf_1 - INFO - finish step #28 for 8.143637895584106 sec
2020-03-25 11:22:08,730 - exp_torch_topics_d128_margin_i2000_b20_q100_sf_1 - INFO - current val_accuracy: 0.4629580573951435
2020-03-25 11:22:08,730 - exp_torch_topics_d128_margin_i2000_b20_q100_sf_1 - INFO - start step #29
2020-03-25 11:22:14,441 - exp_torch_topics_d128_margin_i2000_b20_q100_sf_1 - INFO - query idx: [74659 46703 49635 62110 83274 57724 90851 81246 84148 19373 93693 67089
  4803 78781 65282 43294 50687 82550 18133 88940]
2020-03-25 11:22:17,292 - exp_torch_topics_d128_margin_i2000_b20_q100_sf_1 - INFO - finish step #29 for 8.561661958694458 sec
2020-03-25 11:22:17,292 - exp_torch_topics_d128_margin_i2000_b20_q100_sf_1 - INFO - current val_accuracy: 0.4642825607064018
2020-03-25 11:22:17,292 - exp_torch_topics_d128_margin_i2000_b20_q100_sf_1 - INFO - start step #30
2020-03-25 11:22:23,613 - exp_torch_topics_d128_margin_i2000_b20_q100_sf_1 - INFO - query idx: [68578 10275 88059 25486 61038 28127 53647  4509 97241 26104 38962 84959
 50289 23365 88706  9397  7091 18937 80805  9680]
2020-03-25 11:22:26,110 - exp_torch_topics_d128_margin_i2000_b20_q100_sf_1 - INFO - finish step #30 for 8.817418098449707 sec
2020-03-25 11:22:26,110 - exp_torch_topics_d128_margin_i2000_b20_q100_sf_1 - INFO - current val_accuracy: 0.46507726269315675
2020-03-25 11:22:26,110 - exp_torch_topics_d128_margin_i2000_b20_q100_sf_1 - INFO - start step #31
2020-03-25 11:22:31,310 - exp_torch_topics_d128_margin_i2000_b20_q100_sf_1 - INFO - query idx: [15746 65591 28793 82726 78919 50129 19737 94856 36187 12078 19143 87213
 35246  8327 69193 30552 10477 95078  8551 94820]
2020-03-25 11:22:33,872 - exp_torch_topics_d128_margin_i2000_b20_q100_sf_1 - INFO - finish step #31 for 7.761561155319214 sec
2020-03-25 11:22:33,872 - exp_torch_topics_d128_margin_i2000_b20_q100_sf_1 - INFO - current val_accuracy: 0.46516556291390726
2020-03-25 11:22:33,872 - exp_torch_topics_d128_margin_i2000_b20_q100_sf_1 - INFO - start step #32
2020-03-25 11:22:39,595 - exp_torch_topics_d128_margin_i2000_b20_q100_sf_1 - INFO - query idx: [11204 10922  6407 85132  8870 96216 70670 21044 38511 79730 43626 85471
 97481 43404 35474  5688   560 41452 35972  3314]
2020-03-25 11:22:42,606 - exp_torch_topics_d128_margin_i2000_b20_q100_sf_1 - INFO - finish step #32 for 8.733123779296875 sec
2020-03-25 11:22:42,606 - exp_torch_topics_d128_margin_i2000_b20_q100_sf_1 - INFO - current val_accuracy: 0.464047093451067
2020-03-25 11:22:42,606 - exp_torch_topics_d128_margin_i2000_b20_q100_sf_1 - INFO - start step #33
2020-03-25 11:22:48,235 - exp_torch_topics_d128_margin_i2000_b20_q100_sf_1 - INFO - query idx: [56901 88214 78222 63542 65604 36829 92957 64798 44811  2358 28560 41039
 99111 98993 46518 86194 82822 53764 10040 55882]
2020-03-25 11:22:51,036 - exp_torch_topics_d128_margin_i2000_b20_q100_sf_1 - INFO - finish step #33 for 8.430419206619263 sec
2020-03-25 11:22:51,037 - exp_torch_topics_d128_margin_i2000_b20_q100_sf_1 - INFO - current val_accuracy: 0.4645768947755703
2020-03-25 11:22:51,037 - exp_torch_topics_d128_margin_i2000_b20_q100_sf_1 - INFO - start step #34
2020-03-25 11:22:56,443 - exp_torch_topics_d128_margin_i2000_b20_q100_sf_1 - INFO - query idx: [40389 61379 51860 97719 72975 14057 91198 43752 56003 33941 85061 37476
 72494  9350 73275 75894 19355 45303 53088 81490]
2020-03-25 11:22:59,272 - exp_torch_topics_d128_margin_i2000_b20_q100_sf_1 - INFO - finish step #34 for 8.234886169433594 sec
2020-03-25 11:22:59,272 - exp_torch_topics_d128_margin_i2000_b20_q100_sf_1 - INFO - current val_accuracy: 0.46722590139808684
2020-03-25 11:22:59,272 - exp_torch_topics_d128_margin_i2000_b20_q100_sf_1 - INFO - start step #35
2020-03-25 11:23:05,417 - exp_torch_topics_d128_margin_i2000_b20_q100_sf_1 - INFO - query idx: [22435 67214 66606 78803 89892 65670 49839 34716 16256 69043 45015 61065
 99271 45744 98372 13534 20094  2155 35553 49243]
2020-03-25 11:23:08,105 - exp_torch_topics_d128_margin_i2000_b20_q100_sf_1 - INFO - finish step #35 for 8.832441091537476 sec
2020-03-25 11:23:08,105 - exp_torch_topics_d128_margin_i2000_b20_q100_sf_1 - INFO - current val_accuracy: 0.46961000735835173
2020-03-25 11:23:08,105 - exp_torch_topics_d128_margin_i2000_b20_q100_sf_1 - INFO - start step #36
2020-03-25 11:23:14,720 - exp_torch_topics_d128_margin_i2000_b20_q100_sf_1 - INFO - query idx: [71147 74640   434 96815 97617 88930 58079 18688 19582 14130 49758 93246
 57336 86539 44641 28706 56337 43424  8784 44203]
2020-03-25 11:23:17,209 - exp_torch_topics_d128_margin_i2000_b20_q100_sf_1 - INFO - finish step #36 for 9.1039879322052 sec
2020-03-25 11:23:17,209 - exp_torch_topics_d128_margin_i2000_b20_q100_sf_1 - INFO - current val_accuracy: 0.4724650478292862
2020-03-25 11:23:17,210 - exp_torch_topics_d128_margin_i2000_b20_q100_sf_1 - INFO - start step #37
2020-03-25 11:23:22,220 - exp_torch_topics_d128_margin_i2000_b20_q100_sf_1 - INFO - query idx: [63924 38938 89064 75441 49072 78751 24862 47344 53463 99206 52497  4285
 89530 31810 14167 72465 76146 44013 77399   116]
2020-03-25 11:23:25,273 - exp_torch_topics_d128_margin_i2000_b20_q100_sf_1 - INFO - finish step #37 for 8.063153982162476 sec
2020-03-25 11:23:25,273 - exp_torch_topics_d128_margin_i2000_b20_q100_sf_1 - INFO - current val_accuracy: 0.4713465783664459
2020-03-25 11:23:25,273 - exp_torch_topics_d128_margin_i2000_b20_q100_sf_1 - INFO - start step #38
2020-03-25 11:23:30,912 - exp_torch_topics_d128_margin_i2000_b20_q100_sf_1 - INFO - query idx: [33888 73738 38503 90318 29522 74327 10527 56838 58764  1038 22011 75145
 77647  7434  8583 62981 33178 25002 18428 30977]
2020-03-25 11:23:33,718 - exp_torch_topics_d128_margin_i2000_b20_q100_sf_1 - INFO - finish step #38 for 8.444761991500854 sec
2020-03-25 11:23:33,718 - exp_torch_topics_d128_margin_i2000_b20_q100_sf_1 - INFO - current val_accuracy: 0.46937454010301694
2020-03-25 11:23:33,718 - exp_torch_topics_d128_margin_i2000_b20_q100_sf_1 - INFO - start step #39
2020-03-25 11:23:39,579 - exp_torch_topics_d128_margin_i2000_b20_q100_sf_1 - INFO - query idx: [82810 20986 83323 54080 40570 77749  8880  2054  8193 26199  2145 33288
 56189 94782 53226   291 28209 74564 40716 45905]
2020-03-25 11:23:42,289 - exp_torch_topics_d128_margin_i2000_b20_q100_sf_1 - INFO - finish step #39 for 8.570466041564941 sec
2020-03-25 11:23:42,289 - exp_torch_topics_d128_margin_i2000_b20_q100_sf_1 - INFO - current val_accuracy: 0.4671081677704194
2020-03-25 11:23:42,289 - exp_torch_topics_d128_margin_i2000_b20_q100_sf_1 - INFO - start step #40
2020-03-25 11:23:47,732 - exp_torch_topics_d128_margin_i2000_b20_q100_sf_1 - INFO - query idx: [94334 59730 20141 22951 56667 42871 60639 29082 86039 17924  1777 39787
 53483 13476 87744 76370  7367 31560 96879 83183]
2020-03-25 11:23:50,205 - exp_torch_topics_d128_margin_i2000_b20_q100_sf_1 - INFO - finish step #40 for 7.91574501991272 sec
2020-03-25 11:23:50,205 - exp_torch_topics_d128_margin_i2000_b20_q100_sf_1 - INFO - current val_accuracy: 0.4681383370125092
2020-03-25 11:23:50,206 - exp_torch_topics_d128_margin_i2000_b20_q100_sf_1 - INFO - start step #41
2020-03-25 11:23:55,242 - exp_torch_topics_d128_margin_i2000_b20_q100_sf_1 - INFO - query idx: [29146 40765 41694 51158 63401 21812 45721 54449  5808 14300 67005 43341
 65464 83643 33932 58477 25993 98852 51827 96663]
2020-03-25 11:23:58,154 - exp_torch_topics_d128_margin_i2000_b20_q100_sf_1 - INFO - finish step #41 for 7.947797060012817 sec
2020-03-25 11:23:58,154 - exp_torch_topics_d128_margin_i2000_b20_q100_sf_1 - INFO - current val_accuracy: 0.46922737306843265
2020-03-25 11:23:58,154 - exp_torch_topics_d128_margin_i2000_b20_q100_sf_1 - INFO - start step #42
2020-03-25 11:24:05,881 - exp_torch_topics_d128_margin_i2000_b20_q100_sf_1 - INFO - query idx: [94178  7851 86105 41029 18618 39428 90737 93072 81792 77067 48425 53217
 28424 39710 59844 26200 38383  2353 38463 19812]
2020-03-25 11:24:08,442 - exp_torch_topics_d128_margin_i2000_b20_q100_sf_1 - INFO - finish step #42 for 10.287545204162598 sec
2020-03-25 11:24:08,442 - exp_torch_topics_d128_margin_i2000_b20_q100_sf_1 - INFO - current val_accuracy: 0.47152317880794703
2020-03-25 11:24:08,442 - exp_torch_topics_d128_margin_i2000_b20_q100_sf_1 - INFO - start step #43
2020-03-25 11:24:14,922 - exp_torch_topics_d128_margin_i2000_b20_q100_sf_1 - INFO - query idx: [30715 52420 52097 18043 17697 12585 21101 12910 58226 32207 34487 92491
  8114 70450 73170 31651 51667  2285 36980  1585]
2020-03-25 11:24:17,747 - exp_torch_topics_d128_margin_i2000_b20_q100_sf_1 - INFO - finish step #43 for 9.30461597442627 sec
2020-03-25 11:24:17,747 - exp_torch_topics_d128_margin_i2000_b20_q100_sf_1 - INFO - current val_accuracy: 0.4733186166298749
2020-03-25 11:24:17,747 - exp_torch_topics_d128_margin_i2000_b20_q100_sf_1 - INFO - start step #44
2020-03-25 11:24:23,656 - exp_torch_topics_d128_margin_i2000_b20_q100_sf_1 - INFO - query idx: [80693 93173 30837 39747 18526 48079 61540 78772 81403 20723 44654  4551
 91305 61489 41508 91212 68711 65557 73745 35405]
2020-03-25 11:24:26,261 - exp_torch_topics_d128_margin_i2000_b20_q100_sf_1 - INFO - finish step #44 for 8.513246774673462 sec
2020-03-25 11:24:26,261 - exp_torch_topics_d128_margin_i2000_b20_q100_sf_1 - INFO - current val_accuracy: 0.4727299484915379
2020-03-25 11:24:26,261 - exp_torch_topics_d128_margin_i2000_b20_q100_sf_1 - INFO - start step #45
2020-03-25 11:24:31,573 - exp_torch_topics_d128_margin_i2000_b20_q100_sf_1 - INFO - query idx: [29933 82627 91368 30115 50007 64864 18468 34226 15868 18812  2372 12949
 67304 36342 28904  8094 22329 10500 60063 93894]
2020-03-25 11:24:34,543 - exp_torch_topics_d128_margin_i2000_b20_q100_sf_1 - INFO - finish step #45 for 8.281980752944946 sec
2020-03-25 11:24:34,543 - exp_torch_topics_d128_margin_i2000_b20_q100_sf_1 - INFO - current val_accuracy: 0.47161147902869754
2020-03-25 11:24:34,543 - exp_torch_topics_d128_margin_i2000_b20_q100_sf_1 - INFO - start step #46
2020-03-25 11:24:39,818 - exp_torch_topics_d128_margin_i2000_b20_q100_sf_1 - INFO - query idx: [18760 11489 91742  6946 32584 54165 60709 65481 78049 83874 46372 86617
 87817  2853 30518 41785 65472 75860 91156 78776]
2020-03-25 11:24:42,806 - exp_torch_topics_d128_margin_i2000_b20_q100_sf_1 - INFO - finish step #46 for 8.262283086776733 sec
2020-03-25 11:24:42,806 - exp_torch_topics_d128_margin_i2000_b20_q100_sf_1 - INFO - current val_accuracy: 0.4739955849889625
2020-03-25 11:24:42,806 - exp_torch_topics_d128_margin_i2000_b20_q100_sf_1 - INFO - start step #47
2020-03-25 11:24:48,305 - exp_torch_topics_d128_margin_i2000_b20_q100_sf_1 - INFO - query idx: [30609 76574 34988 93903 61884 22221 21217 26570 32369  9585 12606 45572
 55124 38762 50665 72107 84747 62491 34765 61794]
2020-03-25 11:24:51,068 - exp_torch_topics_d128_margin_i2000_b20_q100_sf_1 - INFO - finish step #47 for 8.26183557510376 sec
2020-03-25 11:24:51,068 - exp_torch_topics_d128_margin_i2000_b20_q100_sf_1 - INFO - current val_accuracy: 0.4737895511405445
2020-03-25 11:24:51,068 - exp_torch_topics_d128_margin_i2000_b20_q100_sf_1 - INFO - start step #48
2020-03-25 11:24:56,777 - exp_torch_topics_d128_margin_i2000_b20_q100_sf_1 - INFO - query idx: [16663   554 53172 69457 80063 85868   195 49175 32294 82729 28499 26290
 12076 81955 30119 77212 53629 48287 34700 28418]
2020-03-25 11:24:59,439 - exp_torch_topics_d128_margin_i2000_b20_q100_sf_1 - INFO - finish step #48 for 8.370396137237549 sec
2020-03-25 11:24:59,439 - exp_torch_topics_d128_margin_i2000_b20_q100_sf_1 - INFO - current val_accuracy: 0.4758204562178072
2020-03-25 11:24:59,439 - exp_torch_topics_d128_margin_i2000_b20_q100_sf_1 - INFO - start step #49
2020-03-25 11:25:05,010 - exp_torch_topics_d128_margin_i2000_b20_q100_sf_1 - INFO - query idx: [98030 52526 17565 70517 58285 13028 67948 84777  1904 74341 92975 75237
 96380 96897 51270 72294 60143 58222 28388 42588]
2020-03-25 11:25:07,926 - exp_torch_topics_d128_margin_i2000_b20_q100_sf_1 - INFO - finish step #49 for 8.48708724975586 sec
2020-03-25 11:25:07,927 - exp_torch_topics_d128_margin_i2000_b20_q100_sf_1 - INFO - current val_accuracy: 0.47579102281089036
2020-03-25 11:25:07,927 - exp_torch_topics_d128_margin_i2000_b20_q100_sf_1 - INFO - start step #50
2020-03-25 11:25:13,235 - exp_torch_topics_d128_margin_i2000_b20_q100_sf_1 - INFO - query idx: [29136 75949 63299 74981 61423 33793 79088 10985 22386 58715 72545 16340
 36554 67518 41573 39351 51776 15572  8809 86196]
2020-03-25 11:25:15,896 - exp_torch_topics_d128_margin_i2000_b20_q100_sf_1 - INFO - finish step #50 for 7.969558000564575 sec
2020-03-25 11:25:15,897 - exp_torch_topics_d128_margin_i2000_b20_q100_sf_1 - INFO - current val_accuracy: 0.47746872700515086
2020-03-25 11:25:15,897 - exp_torch_topics_d128_margin_i2000_b20_q100_sf_1 - INFO - start step #51
2020-03-25 11:25:21,381 - exp_torch_topics_d128_margin_i2000_b20_q100_sf_1 - INFO - query idx: [ 1081 49756 80129 48367 41844 72106 17006 62083 84294 27799 39239 89870
 49278 76445  6084 26785 84050 71941  6180 67079]
2020-03-25 11:25:23,944 - exp_torch_topics_d128_margin_i2000_b20_q100_sf_1 - INFO - finish step #51 for 8.04680609703064 sec
2020-03-25 11:25:23,944 - exp_torch_topics_d128_margin_i2000_b20_q100_sf_1 - INFO - current val_accuracy: 0.478027961736571
2020-03-25 11:25:23,944 - exp_torch_topics_d128_margin_i2000_b20_q100_sf_1 - INFO - start step #52
2020-03-25 11:25:29,308 - exp_torch_topics_d128_margin_i2000_b20_q100_sf_1 - INFO - query idx: [ 3638 37722 66431 22590 85138  7757 86127 28166 89612 42906 47002  8545
 47254 54566 69318  1261 66353 63403 17029 31054]
2020-03-25 11:25:31,959 - exp_torch_topics_d128_margin_i2000_b20_q100_sf_1 - INFO - finish step #52 for 8.015257120132446 sec
2020-03-25 11:25:31,960 - exp_torch_topics_d128_margin_i2000_b20_q100_sf_1 - INFO - current val_accuracy: 0.4772921265636497
2020-03-25 11:25:31,960 - exp_torch_topics_d128_margin_i2000_b20_q100_sf_1 - INFO - start step #53
2020-03-25 11:25:37,101 - exp_torch_topics_d128_margin_i2000_b20_q100_sf_1 - INFO - query idx: [35055 84243 55017 81643 67604 75448 90470  8415 75089 56858 15431 74750
 97373 44944 26716 18164 89871 93886 43816  3166]
2020-03-25 11:25:39,777 - exp_torch_topics_d128_margin_i2000_b20_q100_sf_1 - INFO - finish step #53 for 7.8168110847473145 sec
2020-03-25 11:25:39,777 - exp_torch_topics_d128_margin_i2000_b20_q100_sf_1 - INFO - current val_accuracy: 0.48014716703458427
2020-03-25 11:25:39,777 - exp_torch_topics_d128_margin_i2000_b20_q100_sf_1 - INFO - start step #54
2020-03-25 11:25:45,327 - exp_torch_topics_d128_margin_i2000_b20_q100_sf_1 - INFO - query idx: [32438 80495 55150 75710 51608 35411  6051 51221 82660 96176 50296 22794
 33514 32986 87362 18945 65217 54517 65241 79922]
2020-03-25 11:25:47,994 - exp_torch_topics_d128_margin_i2000_b20_q100_sf_1 - INFO - finish step #54 for 8.217012882232666 sec
2020-03-25 11:25:47,994 - exp_torch_topics_d128_margin_i2000_b20_q100_sf_1 - INFO - current val_accuracy: 0.48103016924208974
2020-03-25 11:25:47,994 - exp_torch_topics_d128_margin_i2000_b20_q100_sf_1 - INFO - start step #55
2020-03-25 11:25:53,183 - exp_torch_topics_d128_margin_i2000_b20_q100_sf_1 - INFO - query idx: [78486 12349 54578  8244 62640 77203 41110 28455 58940 10365 92072 92921
 39556 66043 57311 17430 80290  4062 67075 56472]
2020-03-25 11:25:55,849 - exp_torch_topics_d128_margin_i2000_b20_q100_sf_1 - INFO - finish step #55 for 7.854024887084961 sec
2020-03-25 11:25:55,849 - exp_torch_topics_d128_margin_i2000_b20_q100_sf_1 - INFO - current val_accuracy: 0.478616629874908
2020-03-25 11:25:55,849 - exp_torch_topics_d128_margin_i2000_b20_q100_sf_1 - INFO - start step #56
2020-03-25 11:26:01,163 - exp_torch_topics_d128_margin_i2000_b20_q100_sf_1 - INFO - query idx: [56380 84041 38266 48778 86320 64658 65504 80740 66212 64454 10408 81157
 60921 71258 79455 28406 13963 33940 87432 10289]
2020-03-25 11:26:03,770 - exp_torch_topics_d128_margin_i2000_b20_q100_sf_1 - INFO - finish step #56 for 7.921347141265869 sec
2020-03-25 11:26:03,771 - exp_torch_topics_d128_margin_i2000_b20_q100_sf_1 - INFO - current val_accuracy: 0.47670345842531275
2020-03-25 11:26:03,771 - exp_torch_topics_d128_margin_i2000_b20_q100_sf_1 - INFO - start step #57
2020-03-25 11:26:08,972 - exp_torch_topics_d128_margin_i2000_b20_q100_sf_1 - INFO - query idx: [70524  7257 55220  1451  9903 53039 46296 64058  5729 57258 80308 79988
 61847 63257 63130 55574 98335 31548 91679 21503]
2020-03-25 11:26:11,716 - exp_torch_topics_d128_margin_i2000_b20_q100_sf_1 - INFO - finish step #57 for 7.945149898529053 sec
2020-03-25 11:26:11,717 - exp_torch_topics_d128_margin_i2000_b20_q100_sf_1 - INFO - current val_accuracy: 0.47970566593083147
2020-03-25 11:26:11,717 - exp_torch_topics_d128_margin_i2000_b20_q100_sf_1 - INFO - start step #58
2020-03-25 11:26:16,917 - exp_torch_topics_d128_margin_i2000_b20_q100_sf_1 - INFO - query idx: [45990   399 14896 54199 70720  7480 25830 73489  8498 23323 37542 96358
 65948 18713 21269 88965 12790 69870 50254 24508]
2020-03-25 11:26:19,548 - exp_torch_topics_d128_margin_i2000_b20_q100_sf_1 - INFO - finish step #58 for 7.830643177032471 sec
2020-03-25 11:26:19,548 - exp_torch_topics_d128_margin_i2000_b20_q100_sf_1 - INFO - current val_accuracy: 0.479411331861663
2020-03-25 11:26:19,548 - exp_torch_topics_d128_margin_i2000_b20_q100_sf_1 - INFO - start step #59
2020-03-25 11:26:24,649 - exp_torch_topics_d128_margin_i2000_b20_q100_sf_1 - INFO - query idx: [74837 25755  1590 64930 91789 39778 51736 20007 60394 21849 21754 73455
 69075 34607 46486 53531 94293 79790 22675 27777]
2020-03-25 11:26:27,221 - exp_torch_topics_d128_margin_i2000_b20_q100_sf_1 - INFO - finish step #59 for 7.672138929367065 sec
2020-03-25 11:26:27,221 - exp_torch_topics_d128_margin_i2000_b20_q100_sf_1 - INFO - current val_accuracy: 0.4792347314201619
2020-03-25 11:26:27,221 - exp_torch_topics_d128_margin_i2000_b20_q100_sf_1 - INFO - start step #60
2020-03-25 11:26:32,310 - exp_torch_topics_d128_margin_i2000_b20_q100_sf_1 - INFO - query idx: [80342 69374 94164 53712 77321 60061 61513 48221  5084 78665 93903 87643
 34545  6675 71805 11044 22878 41086 96568   388]
2020-03-25 11:26:34,865 - exp_torch_topics_d128_margin_i2000_b20_q100_sf_1 - INFO - finish step #60 for 7.6439008712768555 sec
2020-03-25 11:26:34,865 - exp_torch_topics_d128_margin_i2000_b20_q100_sf_1 - INFO - current val_accuracy: 0.4781456953642384
2020-03-25 11:26:34,865 - exp_torch_topics_d128_margin_i2000_b20_q100_sf_1 - INFO - start step #61
2020-03-25 11:26:40,012 - exp_torch_topics_d128_margin_i2000_b20_q100_sf_1 - INFO - query idx: [78826  7432 77988 60040 57691 94622 64455  1965 12837   606 80207 34243
 65454 33196 45924 41890 56064  6998 46181  5152]
2020-03-25 11:26:42,713 - exp_torch_topics_d128_margin_i2000_b20_q100_sf_1 - INFO - finish step #61 for 7.846899032592773 sec
2020-03-25 11:26:42,713 - exp_torch_topics_d128_margin_i2000_b20_q100_sf_1 - INFO - current val_accuracy: 0.4815011037527594
2020-03-25 11:26:42,713 - exp_torch_topics_d128_margin_i2000_b20_q100_sf_1 - INFO - start step #62
2020-03-25 11:26:47,854 - exp_torch_topics_d128_margin_i2000_b20_q100_sf_1 - INFO - query idx: [66243 54701 46800 81154 64682 10411 60034 33528 18645 93516 70622 74262
 81457 33246 15806 37278  6358 45193 48228 36142]
2020-03-25 11:26:50,486 - exp_torch_topics_d128_margin_i2000_b20_q100_sf_1 - INFO - finish step #62 for 7.77291202545166 sec
2020-03-25 11:26:50,486 - exp_torch_topics_d128_margin_i2000_b20_q100_sf_1 - INFO - current val_accuracy: 0.4803532008830022
2020-03-25 11:26:50,487 - exp_torch_topics_d128_margin_i2000_b20_q100_sf_1 - INFO - start step #63
2020-03-25 11:26:55,749 - exp_torch_topics_d128_margin_i2000_b20_q100_sf_1 - INFO - query idx: [35231  7848 66171  6606  7341 83867 12278 84551 44376  1433 34463 81876
 25848 56684 95210  9278 39301 35989 71235  2395]
2020-03-25 11:26:58,438 - exp_torch_topics_d128_margin_i2000_b20_q100_sf_1 - INFO - finish step #63 for 7.9513561725616455 sec
2020-03-25 11:26:58,438 - exp_torch_topics_d128_margin_i2000_b20_q100_sf_1 - INFO - current val_accuracy: 0.4779102281089036
2020-03-25 11:26:58,438 - exp_torch_topics_d128_margin_i2000_b20_q100_sf_1 - INFO - start step #64
2020-03-25 11:27:03,726 - exp_torch_topics_d128_margin_i2000_b20_q100_sf_1 - INFO - query idx: [62057 40519 54901 97504 39685 98264 30222 21597 67223 15739 13128 44372
 52739 15236 66361 31329 82910 93596 24527 41520]
2020-03-25 11:27:06,566 - exp_torch_topics_d128_margin_i2000_b20_q100_sf_1 - INFO - finish step #64 for 8.127201080322266 sec
2020-03-25 11:27:06,566 - exp_torch_topics_d128_margin_i2000_b20_q100_sf_1 - INFO - current val_accuracy: 0.481972038263429
2020-03-25 11:27:06,566 - exp_torch_topics_d128_margin_i2000_b20_q100_sf_1 - INFO - start step #65
2020-03-25 11:27:11,788 - exp_torch_topics_d128_margin_i2000_b20_q100_sf_1 - INFO - query idx: [18208 68350 58352 35783 53355 55483 79879 51638 67589 28397 19764 28455
 80541 48925 90607 10687 62890 77464 66863 13919]
2020-03-25 11:27:14,576 - exp_torch_topics_d128_margin_i2000_b20_q100_sf_1 - INFO - finish step #65 for 8.009903192520142 sec
2020-03-25 11:27:14,576 - exp_torch_topics_d128_margin_i2000_b20_q100_sf_1 - INFO - current val_accuracy: 0.48432671081677703
2020-03-25 11:27:14,576 - exp_torch_topics_d128_margin_i2000_b20_q100_sf_1 - INFO - start step #66
2020-03-25 11:27:19,998 - exp_torch_topics_d128_margin_i2000_b20_q100_sf_1 - INFO - query idx: [66711 17702 98313 48554  1781 88957 31431  1137 49762 76228 92216 26903
 62817 74833 55299  2061 40038 67871 31308 19060]
2020-03-25 11:27:22,716 - exp_torch_topics_d128_margin_i2000_b20_q100_sf_1 - INFO - finish step #66 for 8.139253854751587 sec
2020-03-25 11:27:22,716 - exp_torch_topics_d128_margin_i2000_b20_q100_sf_1 - INFO - current val_accuracy: 0.4842678440029433
2020-03-25 11:27:22,716 - exp_torch_topics_d128_margin_i2000_b20_q100_sf_1 - INFO - start step #67
2020-03-25 11:27:28,008 - exp_torch_topics_d128_margin_i2000_b20_q100_sf_1 - INFO - query idx: [14106 72918 18402 76172 88378 55129 53918  3163 54027 69454 96100  2065
 25839 59430 66156 88923 57318 97133 33006  3728]
2020-03-25 11:27:30,719 - exp_torch_topics_d128_margin_i2000_b20_q100_sf_1 - INFO - finish step #67 for 8.002929925918579 sec
2020-03-25 11:27:30,720 - exp_torch_topics_d128_margin_i2000_b20_q100_sf_1 - INFO - current val_accuracy: 0.4820897718910964
2020-03-25 11:27:30,720 - exp_torch_topics_d128_margin_i2000_b20_q100_sf_1 - INFO - start step #68
2020-03-25 11:27:35,938 - exp_torch_topics_d128_margin_i2000_b20_q100_sf_1 - INFO - query idx: [63787 29989 77232 49997 37470 15079 44854  4455 98325 69600 66688 63863
 54918 79177 41843 66470 50266 34442  5939 69411]
2020-03-25 11:27:38,672 - exp_torch_topics_d128_margin_i2000_b20_q100_sf_1 - INFO - finish step #68 for 7.951756000518799 sec
2020-03-25 11:27:38,672 - exp_torch_topics_d128_margin_i2000_b20_q100_sf_1 - INFO - current val_accuracy: 0.4841206769683591
2020-03-25 11:27:38,672 - exp_torch_topics_d128_margin_i2000_b20_q100_sf_1 - INFO - start step #69
2020-03-25 11:27:43,774 - exp_torch_topics_d128_margin_i2000_b20_q100_sf_1 - INFO - query idx: [97135   589 49571 49545 42644 93522 62455 84607 28590 82672 33796 93217
   189  5966 27371 41536 97465 53755 23266 16269]
2020-03-25 11:27:46,513 - exp_torch_topics_d128_margin_i2000_b20_q100_sf_1 - INFO - finish step #69 for 7.841140031814575 sec
2020-03-25 11:27:46,513 - exp_torch_topics_d128_margin_i2000_b20_q100_sf_1 - INFO - current val_accuracy: 0.4881530537159676
2020-03-25 11:27:46,514 - exp_torch_topics_d128_margin_i2000_b20_q100_sf_1 - INFO - start step #70
2020-03-25 11:27:52,020 - exp_torch_topics_d128_margin_i2000_b20_q100_sf_1 - INFO - query idx: [84717 58649 49776   510 20687 82578 58557 57213 22664 30024 46684 78625
 27738 65067 50141 86655 54360 60227 84642 36393]
2020-03-25 11:27:55,108 - exp_torch_topics_d128_margin_i2000_b20_q100_sf_1 - INFO - finish step #70 for 8.594351053237915 sec
2020-03-25 11:27:55,108 - exp_torch_topics_d128_margin_i2000_b20_q100_sf_1 - INFO - current val_accuracy: 0.4883296541574687
2020-03-25 11:27:55,109 - exp_torch_topics_d128_margin_i2000_b20_q100_sf_1 - INFO - start step #71
2020-03-25 11:28:01,306 - exp_torch_topics_d128_margin_i2000_b20_q100_sf_1 - INFO - query idx: [39454 48250  3774 51207 78999 63120 76662 34846 94620 21808  7365  2247
 94098 12150 89521 18860 87821 51814 69897 32404]
2020-03-25 11:28:04,337 - exp_torch_topics_d128_margin_i2000_b20_q100_sf_1 - INFO - finish step #71 for 9.228454113006592 sec
2020-03-25 11:28:04,337 - exp_torch_topics_d128_margin_i2000_b20_q100_sf_1 - INFO - current val_accuracy: 0.48450331125827817
2020-03-25 11:28:04,338 - exp_torch_topics_d128_margin_i2000_b20_q100_sf_1 - INFO - start step #72
2020-03-25 11:28:10,170 - exp_torch_topics_d128_margin_i2000_b20_q100_sf_1 - INFO - query idx: [25405 13589 60796 69109 62317 54858 41907 84743 93727 25820 16354 30380
 37699 20383 75595 38137 20467 84641 72003  9969]
2020-03-25 11:28:13,123 - exp_torch_topics_d128_margin_i2000_b20_q100_sf_1 - INFO - finish step #72 for 8.78521180152893 sec
2020-03-25 11:28:13,123 - exp_torch_topics_d128_margin_i2000_b20_q100_sf_1 - INFO - current val_accuracy: 0.4840323767476085
2020-03-25 11:28:13,123 - exp_torch_topics_d128_margin_i2000_b20_q100_sf_1 - INFO - start step #73
2020-03-25 11:28:19,124 - exp_torch_topics_d128_margin_i2000_b20_q100_sf_1 - INFO - query idx: [35720 45042 39274 92145 91083 88137 67457 54304 21142 17063 71486  8136
 97603 34750 36726 59990 61169 67745 45792 12473]
2020-03-25 11:28:22,228 - exp_torch_topics_d128_margin_i2000_b20_q100_sf_1 - INFO - finish step #73 for 9.10505199432373 sec
2020-03-25 11:28:22,229 - exp_torch_topics_d128_margin_i2000_b20_q100_sf_1 - INFO - current val_accuracy: 0.486504782928624
2020-03-25 11:28:22,229 - exp_torch_topics_d128_margin_i2000_b20_q100_sf_1 - INFO - start step #74
2020-03-25 11:28:27,855 - exp_torch_topics_d128_margin_i2000_b20_q100_sf_1 - INFO - query idx: [76537 33773 28266 34826 84170 13639 87870 10816 28832 32860 79747 43021
 72440  2636 81081 92179 13800   738  1724 91180]
2020-03-25 11:28:30,768 - exp_torch_topics_d128_margin_i2000_b20_q100_sf_1 - INFO - finish step #74 for 8.539236783981323 sec
2020-03-25 11:28:30,768 - exp_torch_topics_d128_margin_i2000_b20_q100_sf_1 - INFO - current val_accuracy: 0.4876232523914643
2020-03-25 11:28:30,768 - exp_torch_topics_d128_margin_i2000_b20_q100_sf_1 - INFO - start step #75
2020-03-25 11:28:37,543 - exp_torch_topics_d128_margin_i2000_b20_q100_sf_1 - INFO - query idx: [28028 44848 85666 49070 60860 18132 45407  8320 66629 10228 52139 48874
 40294 89889 33485 24242 57917 19640 73715 57389]
2020-03-25 11:28:40,505 - exp_torch_topics_d128_margin_i2000_b20_q100_sf_1 - INFO - finish step #75 for 9.736725091934204 sec
2020-03-25 11:28:40,505 - exp_torch_topics_d128_margin_i2000_b20_q100_sf_1 - INFO - current val_accuracy: 0.48491537895511405
2020-03-25 11:28:40,506 - exp_torch_topics_d128_margin_i2000_b20_q100_sf_1 - INFO - start step #76
2020-03-25 11:28:48,475 - exp_torch_topics_d128_margin_i2000_b20_q100_sf_1 - INFO - query idx: [98434 98294 87396 45021 68467 98118 89408 64737 82405 52731 29535 43237
  8007 34919 25314 42137 49780 66106 37382 34016]
2020-03-25 11:28:52,051 - exp_torch_topics_d128_margin_i2000_b20_q100_sf_1 - INFO - finish step #76 for 11.545395851135254 sec
2020-03-25 11:28:52,051 - exp_torch_topics_d128_margin_i2000_b20_q100_sf_1 - INFO - current val_accuracy: 0.48497424576894776
2020-03-25 11:28:52,051 - exp_torch_topics_d128_margin_i2000_b20_q100_sf_1 - INFO - start step #77
2020-03-25 11:28:59,506 - exp_torch_topics_d128_margin_i2000_b20_q100_sf_1 - INFO - query idx: [ 1799 64849 71284 68898 39390 25931 49847 47339 30648 59936 62777 40414
 26154 80546 40241 72198 63571 48101  4421 10541]
2020-03-25 11:29:02,631 - exp_torch_topics_d128_margin_i2000_b20_q100_sf_1 - INFO - finish step #77 for 10.579633235931396 sec
2020-03-25 11:29:02,631 - exp_torch_topics_d128_margin_i2000_b20_q100_sf_1 - INFO - current val_accuracy: 0.488859455481972
2020-03-25 11:29:02,632 - exp_torch_topics_d128_margin_i2000_b20_q100_sf_1 - INFO - start step #78
2020-03-25 11:29:07,994 - exp_torch_topics_d128_margin_i2000_b20_q100_sf_1 - INFO - query idx: [40448 89592 59024 41191 24192 52460 85318 39795 48261  4358 45587 69234
 13259 56287 79000 18275 46418 31374 43304 40207]
2020-03-25 11:29:10,736 - exp_torch_topics_d128_margin_i2000_b20_q100_sf_1 - INFO - finish step #78 for 8.104619979858398 sec
2020-03-25 11:29:10,736 - exp_torch_topics_d128_margin_i2000_b20_q100_sf_1 - INFO - current val_accuracy: 0.488476821192053
2020-03-25 11:29:10,737 - exp_torch_topics_d128_margin_i2000_b20_q100_sf_1 - INFO - start step #79
2020-03-25 11:29:16,790 - exp_torch_topics_d128_margin_i2000_b20_q100_sf_1 - INFO - query idx: [53031 44383 84815    92 45059 49703 78053 22827  7840 69910  2538    40
 74143 54892 92307 91256  3806 19376 60949 40280]
2020-03-25 11:29:19,663 - exp_torch_topics_d128_margin_i2000_b20_q100_sf_1 - INFO - finish step #79 for 8.925871133804321 sec
2020-03-25 11:29:19,663 - exp_torch_topics_d128_margin_i2000_b20_q100_sf_1 - INFO - current val_accuracy: 0.4896247240618102
2020-03-25 11:29:19,663 - exp_torch_topics_d128_margin_i2000_b20_q100_sf_1 - INFO - start step #80
2020-03-25 11:29:25,040 - exp_torch_topics_d128_margin_i2000_b20_q100_sf_1 - INFO - query idx: [19029 83246 63366  8099 15923 52008 91885   152 28982 36390 21630 67820
  4508 57483 95117 34545 10833 71281 19748 92716]
2020-03-25 11:29:27,718 - exp_torch_topics_d128_margin_i2000_b20_q100_sf_1 - INFO - finish step #80 for 8.054832696914673 sec
2020-03-25 11:29:27,718 - exp_torch_topics_d128_margin_i2000_b20_q100_sf_1 - INFO - current val_accuracy: 0.4906254598969831
2020-03-25 11:29:27,719 - exp_torch_topics_d128_margin_i2000_b20_q100_sf_1 - INFO - start step #81
2020-03-25 11:29:32,992 - exp_torch_topics_d128_margin_i2000_b20_q100_sf_1 - INFO - query idx: [33441  5173 70303 66100 12551 41380 62257 91603  9936 64947 71666 24617
 77194 30938 12625 59212 42018 29459 88511 30095]
2020-03-25 11:29:35,706 - exp_torch_topics_d128_margin_i2000_b20_q100_sf_1 - INFO - finish step #81 for 7.987664699554443 sec
2020-03-25 11:29:35,706 - exp_torch_topics_d128_margin_i2000_b20_q100_sf_1 - INFO - current val_accuracy: 0.49027225901398086
2020-03-25 11:29:35,707 - exp_torch_topics_d128_margin_i2000_b20_q100_sf_1 - INFO - start step #82
2020-03-25 11:29:41,114 - exp_torch_topics_d128_margin_i2000_b20_q100_sf_1 - INFO - query idx: [19072 78001 37562 10020 23160 16009 11805 81867 94568 18287 47652 23924
 70049 38819 36915 21953  8587 43072 29266 67274]
2020-03-25 11:29:43,896 - exp_torch_topics_d128_margin_i2000_b20_q100_sf_1 - INFO - finish step #82 for 8.188812017440796 sec
2020-03-25 11:29:43,896 - exp_torch_topics_d128_margin_i2000_b20_q100_sf_1 - INFO - current val_accuracy: 0.4903311258278146
2020-03-25 11:29:43,896 - exp_torch_topics_d128_margin_i2000_b20_q100_sf_1 - INFO - start step #83
2020-03-25 11:29:49,175 - exp_torch_topics_d128_margin_i2000_b20_q100_sf_1 - INFO - query idx: [ 9996  5935 47743 73033  7777 67439 29202 50783 77249 42581 42621  3264
 52199 80632 66915 81726 51038 20825 53446 25906]
2020-03-25 11:29:51,933 - exp_torch_topics_d128_margin_i2000_b20_q100_sf_1 - INFO - finish step #83 for 8.037321090698242 sec
2020-03-25 11:29:51,934 - exp_torch_topics_d128_margin_i2000_b20_q100_sf_1 - INFO - current val_accuracy: 0.4901839587932303
2020-03-25 11:29:51,934 - exp_torch_topics_d128_margin_i2000_b20_q100_sf_1 - INFO - start step #84
2020-03-25 11:29:57,334 - exp_torch_topics_d128_margin_i2000_b20_q100_sf_1 - INFO - query idx: [25570 13121 49348 70001 38098 68384 14771 50485  7702 29585 42441 35046
 68799 77382 21403 49512 67351 45083 27423 43494]
2020-03-25 11:30:00,077 - exp_torch_topics_d128_margin_i2000_b20_q100_sf_1 - INFO - finish step #84 for 8.143042087554932 sec
2020-03-25 11:30:00,077 - exp_torch_topics_d128_margin_i2000_b20_q100_sf_1 - INFO - current val_accuracy: 0.4920971302428256
2020-03-25 11:30:00,077 - exp_torch_topics_d128_margin_i2000_b20_q100_sf_1 - INFO - start step #85
2020-03-25 11:30:05,500 - exp_torch_topics_d128_margin_i2000_b20_q100_sf_1 - INFO - query idx: [60538 51060 40908 91634 86243 71865 26960 58513 51330  7807 73319 61876
  7849 61629 42273 27577 12232 58642 48331 28558]
2020-03-25 11:30:08,088 - exp_torch_topics_d128_margin_i2000_b20_q100_sf_1 - INFO - finish step #85 for 8.010366916656494 sec
2020-03-25 11:30:08,088 - exp_torch_topics_d128_margin_i2000_b20_q100_sf_1 - INFO - current val_accuracy: 0.4940691685062546
2020-03-25 11:30:08,088 - exp_torch_topics_d128_margin_i2000_b20_q100_sf_1 - INFO - start step #86
2020-03-25 11:30:13,320 - exp_torch_topics_d128_margin_i2000_b20_q100_sf_1 - INFO - query idx: [34782 13330 44484 91555 75719 80740 57146 68856 24879 24869 65079 70284
 72080 37817 78225 40405 17635 61629 44593 80114]
2020-03-25 11:30:16,011 - exp_torch_topics_d128_margin_i2000_b20_q100_sf_1 - INFO - finish step #86 for 7.922885179519653 sec
2020-03-25 11:30:16,011 - exp_torch_topics_d128_margin_i2000_b20_q100_sf_1 - INFO - current val_accuracy: 0.49427520235467254
2020-03-25 11:30:16,011 - exp_torch_topics_d128_margin_i2000_b20_q100_sf_1 - INFO - start step #87
2020-03-25 11:30:21,278 - exp_torch_topics_d128_margin_i2000_b20_q100_sf_1 - INFO - query idx: [77716 96426 40798  4353 72539 33670 76370     7 60718 86145 32723 85415
 86001 74160 86614 75002 40711 23498 35035 71843]
2020-03-25 11:30:24,004 - exp_torch_topics_d128_margin_i2000_b20_q100_sf_1 - INFO - finish step #87 for 7.992024898529053 sec
2020-03-25 11:30:24,004 - exp_torch_topics_d128_margin_i2000_b20_q100_sf_1 - INFO - current val_accuracy: 0.4954525386313466
2020-03-25 11:30:24,004 - exp_torch_topics_d128_margin_i2000_b20_q100_sf_1 - INFO - start step #88
2020-03-25 11:30:29,348 - exp_torch_topics_d128_margin_i2000_b20_q100_sf_1 - INFO - query idx: [ 3911 65522  5409 14799 65688 93842 66861 18603 91767  3019 14397 16058
 80653 29377 33736 64560 98083 44761 33679 45121]
2020-03-25 11:30:32,316 - exp_torch_topics_d128_margin_i2000_b20_q100_sf_1 - INFO - finish step #88 for 8.311722040176392 sec
2020-03-25 11:30:32,316 - exp_torch_topics_d128_margin_i2000_b20_q100_sf_1 - INFO - current val_accuracy: 0.4948933038999264
2020-03-25 11:30:32,316 - exp_torch_topics_d128_margin_i2000_b20_q100_sf_1 - INFO - start step #89
2020-03-25 11:30:37,423 - exp_torch_topics_d128_margin_i2000_b20_q100_sf_1 - INFO - query idx: [28271  3757 18249  3764 46864  8708  7113 86676 63335 53539 15949 91134
 22993 56414 45994 28904 45738 21486 45126 94729]
2020-03-25 11:30:40,086 - exp_torch_topics_d128_margin_i2000_b20_q100_sf_1 - INFO - finish step #89 for 7.769668817520142 sec
2020-03-25 11:30:40,086 - exp_torch_topics_d128_margin_i2000_b20_q100_sf_1 - INFO - current val_accuracy: 0.49456953642384105
2020-03-25 11:30:40,086 - exp_torch_topics_d128_margin_i2000_b20_q100_sf_1 - INFO - start step #90
2020-03-25 11:30:46,061 - exp_torch_topics_d128_margin_i2000_b20_q100_sf_1 - INFO - query idx: [82364 44280 74184 53464 96782 63223 69896  7460 96433 76965 11261 61016
 18941 69381 93225  1670 27369 40996   570 87905]
2020-03-25 11:30:48,683 - exp_torch_topics_d128_margin_i2000_b20_q100_sf_1 - INFO - finish step #90 for 8.596323013305664 sec
2020-03-25 11:30:48,683 - exp_torch_topics_d128_margin_i2000_b20_q100_sf_1 - INFO - current val_accuracy: 0.4948344370860927
2020-03-25 11:30:48,683 - exp_torch_topics_d128_margin_i2000_b20_q100_sf_1 - INFO - start step #91
2020-03-25 11:30:54,052 - exp_torch_topics_d128_margin_i2000_b20_q100_sf_1 - INFO - query idx: [81347 92499 22623 29055  4134  2273 88832 10025 77694 40860 91125 23818
 27388 63274 62171 28252 50323 27257 33799 53827]
2020-03-25 11:30:56,785 - exp_torch_topics_d128_margin_i2000_b20_q100_sf_1 - INFO - finish step #91 for 8.102075099945068 sec
2020-03-25 11:30:56,786 - exp_torch_topics_d128_margin_i2000_b20_q100_sf_1 - INFO - current val_accuracy: 0.4957468727005151
2020-03-25 11:30:56,786 - exp_torch_topics_d128_margin_i2000_b20_q100_sf_1 - INFO - start step #92
2020-03-25 11:31:03,003 - exp_torch_topics_d128_margin_i2000_b20_q100_sf_1 - INFO - query idx: [11628 24316     2  6309 20792 40454 16510 97650 80854 37982 37239 49606
 43088 48558 92687 73723 59043 49082 17008 61350]
2020-03-25 11:31:05,767 - exp_torch_topics_d128_margin_i2000_b20_q100_sf_1 - INFO - finish step #92 for 8.981018781661987 sec
2020-03-25 11:31:05,767 - exp_torch_topics_d128_margin_i2000_b20_q100_sf_1 - INFO - current val_accuracy: 0.496364974245769
2020-03-25 11:31:05,768 - exp_torch_topics_d128_margin_i2000_b20_q100_sf_1 - INFO - start step #93
2020-03-25 11:31:10,968 - exp_torch_topics_d128_margin_i2000_b20_q100_sf_1 - INFO - query idx: [32550 37088 30749 51112 74824 41110 30093 56526 97641 55682 55956 19682
 14930  9898  1975 89804 45213  1565 10137 30337]
2020-03-25 11:31:14,052 - exp_torch_topics_d128_margin_i2000_b20_q100_sf_1 - INFO - finish step #93 for 8.28445315361023 sec
2020-03-25 11:31:14,052 - exp_torch_topics_d128_margin_i2000_b20_q100_sf_1 - INFO - current val_accuracy: 0.49607064017660046
2020-03-25 11:31:14,052 - exp_torch_topics_d128_margin_i2000_b20_q100_sf_1 - INFO - start step #94
2020-03-25 11:31:19,595 - exp_torch_topics_d128_margin_i2000_b20_q100_sf_1 - INFO - query idx: [77234 20258 35335 69455 85888 95405  3300 29460 63346 34583 19730 88782
 66591 94947 14450 91114 82041 78432 63563 93093]
2020-03-25 11:31:22,620 - exp_torch_topics_d128_margin_i2000_b20_q100_sf_1 - INFO - finish step #94 for 8.567311763763428 sec
2020-03-25 11:31:22,620 - exp_torch_topics_d128_margin_i2000_b20_q100_sf_1 - INFO - current val_accuracy: 0.4965121412803532
2020-03-25 11:31:22,620 - exp_torch_topics_d128_margin_i2000_b20_q100_sf_1 - INFO - start step #95
2020-03-25 11:31:28,585 - exp_torch_topics_d128_margin_i2000_b20_q100_sf_1 - INFO - query idx: [ 4102 91121 94797 14310 92925 86947 56956 84387 73201 36594 60422   783
 79645 48890 38323 34143 86991 84110 69740 39337]
2020-03-25 11:31:31,362 - exp_torch_topics_d128_margin_i2000_b20_q100_sf_1 - INFO - finish step #95 for 8.741680145263672 sec
2020-03-25 11:31:31,362 - exp_torch_topics_d128_margin_i2000_b20_q100_sf_1 - INFO - current val_accuracy: 0.49618837380426783
2020-03-25 11:31:31,362 - exp_torch_topics_d128_margin_i2000_b20_q100_sf_1 - INFO - start step #96
2020-03-25 11:31:36,763 - exp_torch_topics_d128_margin_i2000_b20_q100_sf_1 - INFO - query idx: [72504  7449 91157 20060 79811 89275 31280 74982 36864 70871 24128 48417
 70422 47253 44453 29415   647 81899 37911 21130]
2020-03-25 11:31:39,321 - exp_torch_topics_d128_margin_i2000_b20_q100_sf_1 - INFO - finish step #96 for 7.958966016769409 sec
2020-03-25 11:31:39,322 - exp_torch_topics_d128_margin_i2000_b20_q100_sf_1 - INFO - current val_accuracy: 0.4958351729212656
2020-03-25 11:31:39,322 - exp_torch_topics_d128_margin_i2000_b20_q100_sf_1 - INFO - start step #97
2020-03-25 11:31:44,360 - exp_torch_topics_d128_margin_i2000_b20_q100_sf_1 - INFO - query idx: [32832 64920 75098 27416 18636 96877 76574 73574 40651 34560 16995 52388
 80424 92467 34953 22287 34501 64205 83631 87213]
2020-03-25 11:31:47,099 - exp_torch_topics_d128_margin_i2000_b20_q100_sf_1 - INFO - finish step #97 for 7.777034044265747 sec
2020-03-25 11:31:47,099 - exp_torch_topics_d128_margin_i2000_b20_q100_sf_1 - INFO - current val_accuracy: 0.4954231052244297
2020-03-25 11:31:47,099 - exp_torch_topics_d128_margin_i2000_b20_q100_sf_1 - INFO - start step #98
2020-03-25 11:31:52,120 - exp_torch_topics_d128_margin_i2000_b20_q100_sf_1 - INFO - query idx: [15984 67858  2640 40067 93296 80132 22875 46862 68437   282 81633 21425
 31473 12257  3619  6903 51726 59848 64013 12064]
2020-03-25 11:31:54,934 - exp_torch_topics_d128_margin_i2000_b20_q100_sf_1 - INFO - finish step #98 for 7.8348069190979 sec
2020-03-25 11:31:54,934 - exp_torch_topics_d128_margin_i2000_b20_q100_sf_1 - INFO - current val_accuracy: 0.4982781456953642
2020-03-25 11:31:54,935 - exp_torch_topics_d128_margin_i2000_b20_q100_sf_1 - INFO - start step #99
2020-03-25 11:31:59,835 - exp_torch_topics_d128_margin_i2000_b20_q100_sf_1 - INFO - query idx: [ 6804 88242 27989 34185 14735 22703  3846 21230 19695 18226 38439 93583
 23091 57875 46253 55851 33047 26296 81083 63177]
2020-03-25 11:32:02,436 - exp_torch_topics_d128_margin_i2000_b20_q100_sf_1 - INFO - finish step #99 for 7.501152992248535 sec
2020-03-25 11:32:02,436 - exp_torch_topics_d128_margin_i2000_b20_q100_sf_1 - INFO - current val_accuracy: 0.49898454746136867
2020-03-25 11:32:02,436 - exp_torch_topics_d128_margin_i2000_b20_q100_sf_1 - INFO - finish experiment process for 880.3791208267212 sec
