2020-03-25 05:25:20,572 - exp_torch_topics_d128_passive_i2000_b20_q100_shuffled_flexbatch5 - INFO - start experiment process
2020-03-25 05:25:23,098 - exp_torch_topics_d128_passive_i2000_b20_q100_shuffled_flexbatch5 - INFO - initial val_accuracy: 0.4351729212656365
2020-03-25 05:25:23,099 - exp_torch_topics_d128_passive_i2000_b20_q100_shuffled_flexbatch5 - INFO - start step #0
2020-03-25 05:25:23,106 - exp_torch_topics_d128_passive_i2000_b20_q100_shuffled_flexbatch5 - INFO - query idx: [44473 97723 39068 24922  4381 42936 70763 62333 31206 41433 49103  1530
 62247  6022 40625 73172 74746 51452 33117 60361]
2020-03-25 05:25:28,542 - exp_torch_topics_d128_passive_i2000_b20_q100_shuffled_flexbatch5 - INFO - finish step #0 for 5.443087100982666 sec
2020-03-25 05:25:28,543 - exp_torch_topics_d128_passive_i2000_b20_q100_shuffled_flexbatch5 - INFO - current val_accuracy: 0.43776306107431934
2020-03-25 05:25:28,543 - exp_torch_topics_d128_passive_i2000_b20_q100_shuffled_flexbatch5 - INFO - start step #1
2020-03-25 05:25:28,544 - exp_torch_topics_d128_passive_i2000_b20_q100_shuffled_flexbatch5 - INFO - query idx: [85609 91504 55900 91568 86738  9997 95900 47339  2545 93604 32063 17472
 42411 40071 34220 87224 97369 75039 72714  5239]
2020-03-25 05:25:31,358 - exp_torch_topics_d128_passive_i2000_b20_q100_shuffled_flexbatch5 - INFO - finish step #1 for 2.814741849899292 sec
2020-03-25 05:25:31,358 - exp_torch_topics_d128_passive_i2000_b20_q100_shuffled_flexbatch5 - INFO - current val_accuracy: 0.43788079470198676
2020-03-25 05:25:31,358 - exp_torch_topics_d128_passive_i2000_b20_q100_shuffled_flexbatch5 - INFO - start step #2
2020-03-25 05:25:31,359 - exp_torch_topics_d128_passive_i2000_b20_q100_shuffled_flexbatch5 - INFO - query idx: [  140 39610 32556 97648 51161 83188  7339 84356 13112 72084 25563 24993
 14337  6039 15244 70180 82012 10590 75779 27802]
2020-03-25 05:25:33,746 - exp_torch_topics_d128_passive_i2000_b20_q100_shuffled_flexbatch5 - INFO - finish step #2 for 2.3872530460357666 sec
2020-03-25 05:25:33,746 - exp_torch_topics_d128_passive_i2000_b20_q100_shuffled_flexbatch5 - INFO - current val_accuracy: 0.44103016924208976
2020-03-25 05:25:33,746 - exp_torch_topics_d128_passive_i2000_b20_q100_shuffled_flexbatch5 - INFO - start step #3
2020-03-25 05:25:33,746 - exp_torch_topics_d128_passive_i2000_b20_q100_shuffled_flexbatch5 - INFO - query idx: [43048 75365  1895 33539 94127 20367 73246 50797  6429 33529 54464 69143
 10236  5564 65275 14075 25360 37967 59322 47860]
2020-03-25 05:25:36,171 - exp_torch_topics_d128_passive_i2000_b20_q100_shuffled_flexbatch5 - INFO - finish step #3 for 2.4251599311828613 sec
2020-03-25 05:25:36,171 - exp_torch_topics_d128_passive_i2000_b20_q100_shuffled_flexbatch5 - INFO - current val_accuracy: 0.44426784400294334
2020-03-25 05:25:36,172 - exp_torch_topics_d128_passive_i2000_b20_q100_shuffled_flexbatch5 - INFO - start step #4
2020-03-25 05:25:36,172 - exp_torch_topics_d128_passive_i2000_b20_q100_shuffled_flexbatch5 - INFO - query idx: [72794 56878 71471   688 26854 57352 24795  9857 63145  4884  7234 13500
 25954 54191 37445 45760 22433 59152 36907 37731]
2020-03-25 05:25:38,478 - exp_torch_topics_d128_passive_i2000_b20_q100_shuffled_flexbatch5 - INFO - finish step #4 for 2.3062400817871094 sec
2020-03-25 05:25:38,478 - exp_torch_topics_d128_passive_i2000_b20_q100_shuffled_flexbatch5 - INFO - current val_accuracy: 0.44794701986754965
2020-03-25 05:25:38,478 - exp_torch_topics_d128_passive_i2000_b20_q100_shuffled_flexbatch5 - INFO - start step #5
2020-03-25 05:25:38,478 - exp_torch_topics_d128_passive_i2000_b20_q100_shuffled_flexbatch5 - INFO - query idx: [ 4908 83543 43437 65666 67825 34730 25138 10243 37206 43208 53130 24547
 19625 96932 35772 29800 88579 76206 98953 17856]
2020-03-25 05:25:40,945 - exp_torch_topics_d128_passive_i2000_b20_q100_shuffled_flexbatch5 - INFO - finish step #5 for 2.4671237468719482 sec
2020-03-25 05:25:40,946 - exp_torch_topics_d128_passive_i2000_b20_q100_shuffled_flexbatch5 - INFO - current val_accuracy: 0.4509786607799853
2020-03-25 05:25:40,946 - exp_torch_topics_d128_passive_i2000_b20_q100_shuffled_flexbatch5 - INFO - start step #6
2020-03-25 05:25:40,946 - exp_torch_topics_d128_passive_i2000_b20_q100_shuffled_flexbatch5 - INFO - query idx: [24819 25935 33643 50485 64273 54432 42872 74087 94252  8056  5063 51173
 46925 50735 96126  4396 66807 11073 70268 35745]
2020-03-25 05:25:43,462 - exp_torch_topics_d128_passive_i2000_b20_q100_shuffled_flexbatch5 - INFO - finish step #6 for 2.5163049697875977 sec
2020-03-25 05:25:43,463 - exp_torch_topics_d128_passive_i2000_b20_q100_shuffled_flexbatch5 - INFO - current val_accuracy: 0.4523325974981604
2020-03-25 05:25:43,463 - exp_torch_topics_d128_passive_i2000_b20_q100_shuffled_flexbatch5 - INFO - start step #7
2020-03-25 05:25:43,464 - exp_torch_topics_d128_passive_i2000_b20_q100_shuffled_flexbatch5 - INFO - query idx: [22253 99197 93360 63458 34941 96660 26303 29770 96621 94400 83686 22992
 17183 52507 62434 97584 52989   509 66426 53591]
2020-03-25 05:25:45,891 - exp_torch_topics_d128_passive_i2000_b20_q100_shuffled_flexbatch5 - INFO - finish step #7 for 2.427701950073242 sec
2020-03-25 05:25:45,891 - exp_torch_topics_d128_passive_i2000_b20_q100_shuffled_flexbatch5 - INFO - current val_accuracy: 0.4595437821927888
2020-03-25 05:25:45,892 - exp_torch_topics_d128_passive_i2000_b20_q100_shuffled_flexbatch5 - INFO - start step #8
2020-03-25 05:25:45,892 - exp_torch_topics_d128_passive_i2000_b20_q100_shuffled_flexbatch5 - INFO - query idx: [14238 82329 66426 88716 65695 79491 98468 81026 72049 34504 24105 98794
  1556  9823 49686 43935 12104 55005 66076 75040]
2020-03-25 05:25:48,245 - exp_torch_topics_d128_passive_i2000_b20_q100_shuffled_flexbatch5 - INFO - finish step #8 for 2.3537981510162354 sec
2020-03-25 05:25:48,246 - exp_torch_topics_d128_passive_i2000_b20_q100_shuffled_flexbatch5 - INFO - current val_accuracy: 0.4621339220014717
2020-03-25 05:25:48,246 - exp_torch_topics_d128_passive_i2000_b20_q100_shuffled_flexbatch5 - INFO - start step #9
2020-03-25 05:25:48,246 - exp_torch_topics_d128_passive_i2000_b20_q100_shuffled_flexbatch5 - INFO - query idx: [98924 32206 99331 90380 97133 64358 70617 87015 38937  7988  8442 40858
 21844 71679 88966 57749 63563 98264 14900 87169]
2020-03-25 05:25:50,647 - exp_torch_topics_d128_passive_i2000_b20_q100_shuffled_flexbatch5 - INFO - finish step #9 for 2.4015448093414307 sec
2020-03-25 05:25:50,648 - exp_torch_topics_d128_passive_i2000_b20_q100_shuffled_flexbatch5 - INFO - current val_accuracy: 0.4634878587196468
2020-03-25 05:25:50,648 - exp_torch_topics_d128_passive_i2000_b20_q100_shuffled_flexbatch5 - INFO - start step #10
2020-03-25 05:25:50,648 - exp_torch_topics_d128_passive_i2000_b20_q100_shuffled_flexbatch5 - INFO - query idx: [10199 77890  1998  9264 20654 41264 47827 84091 41844 13293 95379 89014
 31692 38299 52625 57555 10209 36510 61597 86353]
2020-03-25 05:25:53,061 - exp_torch_topics_d128_passive_i2000_b20_q100_shuffled_flexbatch5 - INFO - finish step #10 for 2.413274049758911 sec
2020-03-25 05:25:53,061 - exp_torch_topics_d128_passive_i2000_b20_q100_shuffled_flexbatch5 - INFO - current val_accuracy: 0.46172185430463575
2020-03-25 05:25:53,061 - exp_torch_topics_d128_passive_i2000_b20_q100_shuffled_flexbatch5 - INFO - start step #11
2020-03-25 05:25:53,062 - exp_torch_topics_d128_passive_i2000_b20_q100_shuffled_flexbatch5 - INFO - query idx: [43431 98309 79576 44755 70282 74371 30003 25747 92280 86164 69621 98274
  1459 13751 99631 15299 56654 62815 74535 40673]
2020-03-25 05:25:55,411 - exp_torch_topics_d128_passive_i2000_b20_q100_shuffled_flexbatch5 - INFO - finish step #11 for 2.3494598865509033 sec
2020-03-25 05:25:55,411 - exp_torch_topics_d128_passive_i2000_b20_q100_shuffled_flexbatch5 - INFO - current val_accuracy: 0.46637233259749816
2020-03-25 05:25:55,411 - exp_torch_topics_d128_passive_i2000_b20_q100_shuffled_flexbatch5 - INFO - start step #12
2020-03-25 05:25:55,412 - exp_torch_topics_d128_passive_i2000_b20_q100_shuffled_flexbatch5 - INFO - query idx: [ 6541  8256 65958 78493    26 27265 26751 27822  6232 62485 97037   625
 63346 18901 41597 20164 24968 76094 18264 71078]
2020-03-25 05:25:58,362 - exp_torch_topics_d128_passive_i2000_b20_q100_shuffled_flexbatch5 - INFO - finish step #12 for 2.950676918029785 sec
2020-03-25 05:25:58,363 - exp_torch_topics_d128_passive_i2000_b20_q100_shuffled_flexbatch5 - INFO - current val_accuracy: 0.46846210448859454
2020-03-25 05:25:58,363 - exp_torch_topics_d128_passive_i2000_b20_q100_shuffled_flexbatch5 - INFO - start step #13
2020-03-25 05:25:58,363 - exp_torch_topics_d128_passive_i2000_b20_q100_shuffled_flexbatch5 - INFO - query idx: [42688 47599 23933 22904 47483 54730 22617 18104 49901 95270 21509 20957
 44040 32885 44654 81144 46732 33378 28077 29469]
2020-03-25 05:26:00,802 - exp_torch_topics_d128_passive_i2000_b20_q100_shuffled_flexbatch5 - INFO - finish step #13 for 2.438541889190674 sec
2020-03-25 05:26:00,802 - exp_torch_topics_d128_passive_i2000_b20_q100_shuffled_flexbatch5 - INFO - current val_accuracy: 0.467785136129507
2020-03-25 05:26:00,802 - exp_torch_topics_d128_passive_i2000_b20_q100_shuffled_flexbatch5 - INFO - start step #14
2020-03-25 05:26:00,802 - exp_torch_topics_d128_passive_i2000_b20_q100_shuffled_flexbatch5 - INFO - query idx: [49582 51603 11192 43846 35251  4258 16989  9104 98996 92788 64534 83019
 80675 39660 92456 85407 47155 63423 48887 11933]
2020-03-25 05:26:03,344 - exp_torch_topics_d128_passive_i2000_b20_q100_shuffled_flexbatch5 - INFO - finish step #14 for 2.5418262481689453 sec
2020-03-25 05:26:03,344 - exp_torch_topics_d128_passive_i2000_b20_q100_shuffled_flexbatch5 - INFO - current val_accuracy: 0.4690213392200147
2020-03-25 05:26:03,344 - exp_torch_topics_d128_passive_i2000_b20_q100_shuffled_flexbatch5 - INFO - start step #15
2020-03-25 05:26:03,344 - exp_torch_topics_d128_passive_i2000_b20_q100_shuffled_flexbatch5 - INFO - query idx: [21858 69729 84356 44722 86016 82873 30593 17741 23030 52249 86068 87936
 56465 21882 44969 60554 90292 25367 95675 74826]
2020-03-25 05:26:05,808 - exp_torch_topics_d128_passive_i2000_b20_q100_shuffled_flexbatch5 - INFO - finish step #15 for 2.4643139839172363 sec
2020-03-25 05:26:05,809 - exp_torch_topics_d128_passive_i2000_b20_q100_shuffled_flexbatch5 - INFO - current val_accuracy: 0.4698749080206034
2020-03-25 05:26:05,809 - exp_torch_topics_d128_passive_i2000_b20_q100_shuffled_flexbatch5 - INFO - start step #16
2020-03-25 05:26:05,809 - exp_torch_topics_d128_passive_i2000_b20_q100_shuffled_flexbatch5 - INFO - query idx: [37396  2823 83339 68358 93786 71717 82769 92679 61524 94123 58253 58199
 37264 42872 96676 14396 85385 66706 85954 38448]
2020-03-25 05:26:08,317 - exp_torch_topics_d128_passive_i2000_b20_q100_shuffled_flexbatch5 - INFO - finish step #16 for 2.5083439350128174 sec
2020-03-25 05:26:08,318 - exp_torch_topics_d128_passive_i2000_b20_q100_shuffled_flexbatch5 - INFO - current val_accuracy: 0.4714643119941133
2020-03-25 05:26:08,318 - exp_torch_topics_d128_passive_i2000_b20_q100_shuffled_flexbatch5 - INFO - start step #17
2020-03-25 05:26:08,319 - exp_torch_topics_d128_passive_i2000_b20_q100_shuffled_flexbatch5 - INFO - query idx: [65103 75297 25036 30626 41345 67185 79874 99566  8816 88003 59893 44323
 35289 15451 77240 79909  3546 28708 84757 17805]
2020-03-25 05:26:11,030 - exp_torch_topics_d128_passive_i2000_b20_q100_shuffled_flexbatch5 - INFO - finish step #17 for 2.7114439010620117 sec
2020-03-25 05:26:11,030 - exp_torch_topics_d128_passive_i2000_b20_q100_shuffled_flexbatch5 - INFO - current val_accuracy: 0.46975717439293596
2020-03-25 05:26:11,030 - exp_torch_topics_d128_passive_i2000_b20_q100_shuffled_flexbatch5 - INFO - start step #18
2020-03-25 05:26:11,031 - exp_torch_topics_d128_passive_i2000_b20_q100_shuffled_flexbatch5 - INFO - query idx: [13225 50109 61958 55984 56378 95990 82621 87687 45945 74377 20666 82874
 63112 70352 11776 19519 61017 49811 43396 26217]
2020-03-25 05:26:13,575 - exp_torch_topics_d128_passive_i2000_b20_q100_shuffled_flexbatch5 - INFO - finish step #18 for 2.5443711280822754 sec
2020-03-25 05:26:13,575 - exp_torch_topics_d128_passive_i2000_b20_q100_shuffled_flexbatch5 - INFO - current val_accuracy: 0.46881530537159677
2020-03-25 05:26:13,575 - exp_torch_topics_d128_passive_i2000_b20_q100_shuffled_flexbatch5 - INFO - start step #19
2020-03-25 05:26:13,575 - exp_torch_topics_d128_passive_i2000_b20_q100_shuffled_flexbatch5 - INFO - query idx: [33927 99493 67763 40682 43274 59695 84996 21792 97021 82085 11855 61930
 93732 32076 33144 29142 70089 29749 16020 95564]
2020-03-25 05:26:16,057 - exp_torch_topics_d128_passive_i2000_b20_q100_shuffled_flexbatch5 - INFO - finish step #19 for 2.481874942779541 sec
2020-03-25 05:26:16,058 - exp_torch_topics_d128_passive_i2000_b20_q100_shuffled_flexbatch5 - INFO - current val_accuracy: 0.47161147902869754
2020-03-25 05:26:16,058 - exp_torch_topics_d128_passive_i2000_b20_q100_shuffled_flexbatch5 - INFO - start step #20
2020-03-25 05:26:16,058 - exp_torch_topics_d128_passive_i2000_b20_q100_shuffled_flexbatch5 - INFO - query idx: [ 3338 26911 10124 99250   632 10587 41488 50414 95038 53049 12266 11912
 55588 45651 93745 57990 77602 47183 90051 61134]
2020-03-25 05:26:18,588 - exp_torch_topics_d128_passive_i2000_b20_q100_shuffled_flexbatch5 - INFO - finish step #20 for 2.5295259952545166 sec
2020-03-25 05:26:18,588 - exp_torch_topics_d128_passive_i2000_b20_q100_shuffled_flexbatch5 - INFO - current val_accuracy: 0.4709933774834437
2020-03-25 05:26:18,588 - exp_torch_topics_d128_passive_i2000_b20_q100_shuffled_flexbatch5 - INFO - start step #21
2020-03-25 05:26:18,588 - exp_torch_topics_d128_passive_i2000_b20_q100_shuffled_flexbatch5 - INFO - query idx: [68952  6219 84216 76564 53011 78929 93388 94771 80675 98554 16748 53581
  3806  7908 52951 91840 91401 48529 96552 83685]
2020-03-25 05:26:21,760 - exp_torch_topics_d128_passive_i2000_b20_q100_shuffled_flexbatch5 - INFO - finish step #21 for 3.172023057937622 sec
2020-03-25 05:26:21,760 - exp_torch_topics_d128_passive_i2000_b20_q100_shuffled_flexbatch5 - INFO - current val_accuracy: 0.46799116997792495
2020-03-25 05:26:21,760 - exp_torch_topics_d128_passive_i2000_b20_q100_shuffled_flexbatch5 - INFO - start step #22
2020-03-25 05:26:21,761 - exp_torch_topics_d128_passive_i2000_b20_q100_shuffled_flexbatch5 - INFO - query idx: [25266  3004 94671 27973 33259 53077 33739 13753 54410 11793 52656 41588
 42560 95661 92689 69257 19936 32667 35025 86180]
2020-03-25 05:26:25,516 - exp_torch_topics_d128_passive_i2000_b20_q100_shuffled_flexbatch5 - INFO - finish step #22 for 3.755064010620117 sec
2020-03-25 05:26:25,517 - exp_torch_topics_d128_passive_i2000_b20_q100_shuffled_flexbatch5 - INFO - current val_accuracy: 0.4697866077998528
2020-03-25 05:26:25,517 - exp_torch_topics_d128_passive_i2000_b20_q100_shuffled_flexbatch5 - INFO - start step #23
2020-03-25 05:26:25,517 - exp_torch_topics_d128_passive_i2000_b20_q100_shuffled_flexbatch5 - INFO - query idx: [89237 93723 42550 16332 67571 25546 65973 70563 64711  7503 46052 34411
 17630  3260 17137 30814 20403 35905 50910 40829]
2020-03-25 05:26:28,819 - exp_torch_topics_d128_passive_i2000_b20_q100_shuffled_flexbatch5 - INFO - finish step #23 for 3.30218505859375 sec
2020-03-25 05:26:28,819 - exp_torch_topics_d128_passive_i2000_b20_q100_shuffled_flexbatch5 - INFO - current val_accuracy: 0.47411331861662986
2020-03-25 05:26:28,819 - exp_torch_topics_d128_passive_i2000_b20_q100_shuffled_flexbatch5 - INFO - start step #24
2020-03-25 05:26:28,820 - exp_torch_topics_d128_passive_i2000_b20_q100_shuffled_flexbatch5 - INFO - query idx: [53899 57794 82072 22419 75027 78512 85002 27454 37465 62682 67236 20053
 57243 40409 20060 58652 85412 72671 96606 85724]
2020-03-25 05:26:31,292 - exp_torch_topics_d128_passive_i2000_b20_q100_shuffled_flexbatch5 - INFO - finish step #24 for 2.4728660583496094 sec
2020-03-25 05:26:31,293 - exp_torch_topics_d128_passive_i2000_b20_q100_shuffled_flexbatch5 - INFO - current val_accuracy: 0.47381898454746135
2020-03-25 05:26:31,293 - exp_torch_topics_d128_passive_i2000_b20_q100_shuffled_flexbatch5 - INFO - start step #25
2020-03-25 05:26:31,293 - exp_torch_topics_d128_passive_i2000_b20_q100_shuffled_flexbatch5 - INFO - query idx: [14481 62106 19440 54290 57763 20833 13541 46448 72437  7169 87000  5221
 39595 52143  8164 29231 60419 38421 22417 23509]
2020-03-25 05:26:33,753 - exp_torch_topics_d128_passive_i2000_b20_q100_shuffled_flexbatch5 - INFO - finish step #25 for 2.4599039554595947 sec
2020-03-25 05:26:33,753 - exp_torch_topics_d128_passive_i2000_b20_q100_shuffled_flexbatch5 - INFO - current val_accuracy: 0.47187637969094925
2020-03-25 05:26:33,753 - exp_torch_topics_d128_passive_i2000_b20_q100_shuffled_flexbatch5 - INFO - start step #26
2020-03-25 05:26:33,753 - exp_torch_topics_d128_passive_i2000_b20_q100_shuffled_flexbatch5 - INFO - query idx: [79843 25459 15750 66078 76610 87248 21949 34811 44040 77562 75957 64737
 32266 68475 93601 18240 53656 40027 96008 29005]
2020-03-25 05:26:36,283 - exp_torch_topics_d128_passive_i2000_b20_q100_shuffled_flexbatch5 - INFO - finish step #26 for 2.5294299125671387 sec
2020-03-25 05:26:36,283 - exp_torch_topics_d128_passive_i2000_b20_q100_shuffled_flexbatch5 - INFO - current val_accuracy: 0.472317880794702
2020-03-25 05:26:36,283 - exp_torch_topics_d128_passive_i2000_b20_q100_shuffled_flexbatch5 - INFO - start step #27
2020-03-25 05:26:36,283 - exp_torch_topics_d128_passive_i2000_b20_q100_shuffled_flexbatch5 - INFO - query idx: [69798 72497 41805 98020 66395 88975 60245 17410 91876 76292 10447 66196
 22926 48690 80085 22654 98461 52722 18385 48814]
2020-03-25 05:26:38,977 - exp_torch_topics_d128_passive_i2000_b20_q100_shuffled_flexbatch5 - INFO - finish step #27 for 2.6945412158966064 sec
2020-03-25 05:26:38,978 - exp_torch_topics_d128_passive_i2000_b20_q100_shuffled_flexbatch5 - INFO - current val_accuracy: 0.4754083885209713
2020-03-25 05:26:38,978 - exp_torch_topics_d128_passive_i2000_b20_q100_shuffled_flexbatch5 - INFO - start step #28
2020-03-25 05:26:38,979 - exp_torch_topics_d128_passive_i2000_b20_q100_shuffled_flexbatch5 - INFO - query idx: [19935 32524 15288 14493 39760 90824 77992 81766 53647 87849  4769 30797
  3062 80580 89070 32592 24016 66328 64739  1674]
2020-03-25 05:26:42,552 - exp_torch_topics_d128_passive_i2000_b20_q100_shuffled_flexbatch5 - INFO - finish step #28 for 3.5738041400909424 sec
2020-03-25 05:26:42,554 - exp_torch_topics_d128_passive_i2000_b20_q100_shuffled_flexbatch5 - INFO - current val_accuracy: 0.47196467991169977
2020-03-25 05:26:42,555 - exp_torch_topics_d128_passive_i2000_b20_q100_shuffled_flexbatch5 - INFO - start step #29
2020-03-25 05:26:42,555 - exp_torch_topics_d128_passive_i2000_b20_q100_shuffled_flexbatch5 - INFO - query idx: [52346 78839 41852 58935 72589 31144 70895 90705 94832 18501 51160  3921
 78485 72656 39136 69097 28441 74030 60506 31220]
2020-03-25 05:26:45,535 - exp_torch_topics_d128_passive_i2000_b20_q100_shuffled_flexbatch5 - INFO - finish step #29 for 2.980609178543091 sec
2020-03-25 05:26:45,535 - exp_torch_topics_d128_passive_i2000_b20_q100_shuffled_flexbatch5 - INFO - current val_accuracy: 0.4724650478292862
2020-03-25 05:26:45,536 - exp_torch_topics_d128_passive_i2000_b20_q100_shuffled_flexbatch5 - INFO - start step #30
2020-03-25 05:26:45,536 - exp_torch_topics_d128_passive_i2000_b20_q100_shuffled_flexbatch5 - INFO - query idx: [16271  9880 46617 90475 51344 76271 81894 29782 55959 73976  2856 41239
 59969 95006 65936 41660 97087  2344 72522 67428]
2020-03-25 05:26:48,095 - exp_torch_topics_d128_passive_i2000_b20_q100_shuffled_flexbatch5 - INFO - finish step #30 for 2.559763193130493 sec
2020-03-25 05:26:48,096 - exp_torch_topics_d128_passive_i2000_b20_q100_shuffled_flexbatch5 - INFO - current val_accuracy: 0.4707873436350258
2020-03-25 05:26:48,096 - exp_torch_topics_d128_passive_i2000_b20_q100_shuffled_flexbatch5 - INFO - start step #31
2020-03-25 05:26:48,096 - exp_torch_topics_d128_passive_i2000_b20_q100_shuffled_flexbatch5 - INFO - query idx: [ 7317 66699 53984 95266 94791 17482 14316 35797 87378 90026 94011 69015
 37104 29033 11517 86390 65035 12816 78608 67766]
2020-03-25 05:26:50,514 - exp_torch_topics_d128_passive_i2000_b20_q100_shuffled_flexbatch5 - INFO - finish step #31 for 2.417827844619751 sec
2020-03-25 05:26:50,514 - exp_torch_topics_d128_passive_i2000_b20_q100_shuffled_flexbatch5 - INFO - current val_accuracy: 0.47158204562178074
2020-03-25 05:26:50,515 - exp_torch_topics_d128_passive_i2000_b20_q100_shuffled_flexbatch5 - INFO - start step #32
2020-03-25 05:26:50,515 - exp_torch_topics_d128_passive_i2000_b20_q100_shuffled_flexbatch5 - INFO - query idx: [91845 76302 53986 58257  4400 21782  5739 35365 69420 27048 30647 25498
 13076 12750 21062 52020 45795 38304 58808 48081]
2020-03-25 05:26:53,022 - exp_torch_topics_d128_passive_i2000_b20_q100_shuffled_flexbatch5 - INFO - finish step #32 for 2.5076100826263428 sec
2020-03-25 05:26:53,022 - exp_torch_topics_d128_passive_i2000_b20_q100_shuffled_flexbatch5 - INFO - current val_accuracy: 0.4721707137601177
2020-03-25 05:26:53,023 - exp_torch_topics_d128_passive_i2000_b20_q100_shuffled_flexbatch5 - INFO - start step #33
2020-03-25 05:26:53,023 - exp_torch_topics_d128_passive_i2000_b20_q100_shuffled_flexbatch5 - INFO - query idx: [16657 85559 20585 21342 69424 46449  8637 82307 84467 87894  7548 85480
 57956 45060 17189  2897 21573 28031 94610 12418]
2020-03-25 05:26:55,549 - exp_torch_topics_d128_passive_i2000_b20_q100_shuffled_flexbatch5 - INFO - finish step #33 for 2.526738405227661 sec
2020-03-25 05:26:55,550 - exp_torch_topics_d128_passive_i2000_b20_q100_shuffled_flexbatch5 - INFO - current val_accuracy: 0.4732597498160412
2020-03-25 05:26:55,550 - exp_torch_topics_d128_passive_i2000_b20_q100_shuffled_flexbatch5 - INFO - start step #34
2020-03-25 05:26:55,550 - exp_torch_topics_d128_passive_i2000_b20_q100_shuffled_flexbatch5 - INFO - query idx: [10473 44175 26755 85449 62315 86586 95445 89827 38568  6723 38359 19417
 79835 32288 87992 93750  5852 94278 24564 10355]
2020-03-25 05:26:58,020 - exp_torch_topics_d128_passive_i2000_b20_q100_shuffled_flexbatch5 - INFO - finish step #34 for 2.4702460765838623 sec
2020-03-25 05:26:58,021 - exp_torch_topics_d128_passive_i2000_b20_q100_shuffled_flexbatch5 - INFO - current val_accuracy: 0.47443708609271523
2020-03-25 05:26:58,021 - exp_torch_topics_d128_passive_i2000_b20_q100_shuffled_flexbatch5 - INFO - start step #35
2020-03-25 05:26:58,021 - exp_torch_topics_d128_passive_i2000_b20_q100_shuffled_flexbatch5 - INFO - query idx: [69280 13971  5400 48123 39110 78266 40054 35908 80858 82882 81849 86178
 42076 87392 79641 76631 27689 98134  6038 97699]
2020-03-25 05:27:01,089 - exp_torch_topics_d128_passive_i2000_b20_q100_shuffled_flexbatch5 - INFO - finish step #35 for 3.067625045776367 sec
2020-03-25 05:27:01,089 - exp_torch_topics_d128_passive_i2000_b20_q100_shuffled_flexbatch5 - INFO - current val_accuracy: 0.47487858719646797
2020-03-25 05:27:01,089 - exp_torch_topics_d128_passive_i2000_b20_q100_shuffled_flexbatch5 - INFO - start step #36
2020-03-25 05:27:01,089 - exp_torch_topics_d128_passive_i2000_b20_q100_shuffled_flexbatch5 - INFO - query idx: [46164 10213 47289 62723 83980  6723 36430 75222 15194 80387 38001 78237
 84260 70883 59256 41417 23726 20409 26704 97247]
2020-03-25 05:27:04,273 - exp_torch_topics_d128_passive_i2000_b20_q100_shuffled_flexbatch5 - INFO - finish step #36 for 3.184378147125244 sec
2020-03-25 05:27:04,280 - exp_torch_topics_d128_passive_i2000_b20_q100_shuffled_flexbatch5 - INFO - current val_accuracy: 0.477439293598234
2020-03-25 05:27:04,280 - exp_torch_topics_d128_passive_i2000_b20_q100_shuffled_flexbatch5 - INFO - start step #37
2020-03-25 05:27:04,281 - exp_torch_topics_d128_passive_i2000_b20_q100_shuffled_flexbatch5 - INFO - query idx: [62021  9329 14854 14549 24404 88100 57205  2964 41436 22675 97179 82307
 74362 85115 40118  6802  3831 22788 96501  1560]
2020-03-25 05:27:08,003 - exp_torch_topics_d128_passive_i2000_b20_q100_shuffled_flexbatch5 - INFO - finish step #37 for 3.7230589389801025 sec
2020-03-25 05:27:08,004 - exp_torch_topics_d128_passive_i2000_b20_q100_shuffled_flexbatch5 - INFO - current val_accuracy: 0.4770566593083149
2020-03-25 05:27:08,004 - exp_torch_topics_d128_passive_i2000_b20_q100_shuffled_flexbatch5 - INFO - start step #38
2020-03-25 05:27:08,005 - exp_torch_topics_d128_passive_i2000_b20_q100_shuffled_flexbatch5 - INFO - query idx: [82961 59123 87292  7482 27657 72873 97243 18198 57507  2823 32591 73330
 83784 87410 27475 84477 23617 74691 24540 69812]
2020-03-25 05:27:11,044 - exp_torch_topics_d128_passive_i2000_b20_q100_shuffled_flexbatch5 - INFO - finish step #38 for 3.0398948192596436 sec
2020-03-25 05:27:11,044 - exp_torch_topics_d128_passive_i2000_b20_q100_shuffled_flexbatch5 - INFO - current val_accuracy: 0.47688005886681384
2020-03-25 05:27:11,044 - exp_torch_topics_d128_passive_i2000_b20_q100_shuffled_flexbatch5 - INFO - start step #39
2020-03-25 05:27:11,045 - exp_torch_topics_d128_passive_i2000_b20_q100_shuffled_flexbatch5 - INFO - query idx: [93745 35121 25832 30569 88888 41062 43662 14033 57574 39612 57529 74928
 16293 41078 91255 84669 12203 43240 72104 60620]
2020-03-25 05:27:13,564 - exp_torch_topics_d128_passive_i2000_b20_q100_shuffled_flexbatch5 - INFO - finish step #39 for 2.5196399688720703 sec
2020-03-25 05:27:13,566 - exp_torch_topics_d128_passive_i2000_b20_q100_shuffled_flexbatch5 - INFO - current val_accuracy: 0.47564385577630613
2020-03-25 05:27:13,566 - exp_torch_topics_d128_passive_i2000_b20_q100_shuffled_flexbatch5 - INFO - start step #40
2020-03-25 05:27:13,566 - exp_torch_topics_d128_passive_i2000_b20_q100_shuffled_flexbatch5 - INFO - query idx: [20864 65473 85969 93480 26769 91948 56126 57923 80032 19875 83232 44664
 54441 37603 57096 98479 38709  7803 63381 31145]
2020-03-25 05:27:16,145 - exp_torch_topics_d128_passive_i2000_b20_q100_shuffled_flexbatch5 - INFO - finish step #40 for 2.5791800022125244 sec
2020-03-25 05:27:16,145 - exp_torch_topics_d128_passive_i2000_b20_q100_shuffled_flexbatch5 - INFO - current val_accuracy: 0.47487858719646797
2020-03-25 05:27:16,145 - exp_torch_topics_d128_passive_i2000_b20_q100_shuffled_flexbatch5 - INFO - start step #41
2020-03-25 05:27:16,146 - exp_torch_topics_d128_passive_i2000_b20_q100_shuffled_flexbatch5 - INFO - query idx: [34191 17022 84994 86011 23089 56260 90053 87394  2947 38312 96754 11205
 24454 84913 24770 40458 23003 65876 10032 75192]
2020-03-25 05:27:18,587 - exp_torch_topics_d128_passive_i2000_b20_q100_shuffled_flexbatch5 - INFO - finish step #41 for 2.441098690032959 sec
2020-03-25 05:27:18,587 - exp_torch_topics_d128_passive_i2000_b20_q100_shuffled_flexbatch5 - INFO - current val_accuracy: 0.4773804267844003
2020-03-25 05:27:18,587 - exp_torch_topics_d128_passive_i2000_b20_q100_shuffled_flexbatch5 - INFO - start step #42
2020-03-25 05:27:18,587 - exp_torch_topics_d128_passive_i2000_b20_q100_shuffled_flexbatch5 - INFO - query idx: [88656 52082 64567 13766 59946 41018  5031 83540 10547 43440 88540 13176
 81304 63681 91963 45388 94869 41920 66216 51898]
2020-03-25 05:27:21,129 - exp_torch_topics_d128_passive_i2000_b20_q100_shuffled_flexbatch5 - INFO - finish step #42 for 2.5416100025177 sec
2020-03-25 05:27:21,129 - exp_torch_topics_d128_passive_i2000_b20_q100_shuffled_flexbatch5 - INFO - current val_accuracy: 0.4774981604120677
2020-03-25 05:27:21,129 - exp_torch_topics_d128_passive_i2000_b20_q100_shuffled_flexbatch5 - INFO - start step #43
2020-03-25 05:27:21,129 - exp_torch_topics_d128_passive_i2000_b20_q100_shuffled_flexbatch5 - INFO - query idx: [39979 57874 60443 91709 29945 24793 30302 31030   410 71134  4498 11917
 29681 96005 51265 95491 98187 65597  7012 87777]
2020-03-25 05:27:23,541 - exp_torch_topics_d128_passive_i2000_b20_q100_shuffled_flexbatch5 - INFO - finish step #43 for 2.411452054977417 sec
2020-03-25 05:27:23,541 - exp_torch_topics_d128_passive_i2000_b20_q100_shuffled_flexbatch5 - INFO - current val_accuracy: 0.4755849889624724
2020-03-25 05:27:23,541 - exp_torch_topics_d128_passive_i2000_b20_q100_shuffled_flexbatch5 - INFO - start step #44
2020-03-25 05:27:23,541 - exp_torch_topics_d128_passive_i2000_b20_q100_shuffled_flexbatch5 - INFO - query idx: [37670 90825 75858 68145 34448 24524 29575 11648 23954  9328  1838 54973
 42365 51800 13154 74051 28408 43531 24549 42343]
2020-03-25 05:27:26,103 - exp_torch_topics_d128_passive_i2000_b20_q100_shuffled_flexbatch5 - INFO - finish step #44 for 2.561527729034424 sec
2020-03-25 05:27:26,103 - exp_torch_topics_d128_passive_i2000_b20_q100_shuffled_flexbatch5 - INFO - current val_accuracy: 0.47258278145695365
2020-03-25 05:27:26,103 - exp_torch_topics_d128_passive_i2000_b20_q100_shuffled_flexbatch5 - INFO - start step #45
2020-03-25 05:27:26,104 - exp_torch_topics_d128_passive_i2000_b20_q100_shuffled_flexbatch5 - INFO - query idx: [95079 15603 49239 31868 15751 86720 85344     3 67729 65913 35124 85000
 70038 98835 19571 65541  6342 98806 74576 83819]
2020-03-25 05:27:28,508 - exp_torch_topics_d128_passive_i2000_b20_q100_shuffled_flexbatch5 - INFO - finish step #45 for 2.4048147201538086 sec
2020-03-25 05:27:28,508 - exp_torch_topics_d128_passive_i2000_b20_q100_shuffled_flexbatch5 - INFO - current val_accuracy: 0.47835172921265634
2020-03-25 05:27:28,508 - exp_torch_topics_d128_passive_i2000_b20_q100_shuffled_flexbatch5 - INFO - start step #46
2020-03-25 05:27:28,509 - exp_torch_topics_d128_passive_i2000_b20_q100_shuffled_flexbatch5 - INFO - query idx: [29133 15053 94334 58979 23615 61883 22190 73995 72388 31776  4905 28931
 39578 86285  4467 33407 51798 81175 44685  9738]
2020-03-25 05:27:31,021 - exp_torch_topics_d128_passive_i2000_b20_q100_shuffled_flexbatch5 - INFO - finish step #46 for 2.513046979904175 sec
2020-03-25 05:27:31,022 - exp_torch_topics_d128_passive_i2000_b20_q100_shuffled_flexbatch5 - INFO - current val_accuracy: 0.4807358351729213
2020-03-25 05:27:31,022 - exp_torch_topics_d128_passive_i2000_b20_q100_shuffled_flexbatch5 - INFO - start step #47
2020-03-25 05:27:31,022 - exp_torch_topics_d128_passive_i2000_b20_q100_shuffled_flexbatch5 - INFO - query idx: [19334 88642 42260 36106 20613 83909 77385 72815 18084 34711 40224 95762
 55111 81454 74675 74247 68114 79841 20183 89701]
2020-03-25 05:27:33,500 - exp_torch_topics_d128_passive_i2000_b20_q100_shuffled_flexbatch5 - INFO - finish step #47 for 2.477797031402588 sec
2020-03-25 05:27:33,500 - exp_torch_topics_d128_passive_i2000_b20_q100_shuffled_flexbatch5 - INFO - current val_accuracy: 0.48085356880058866
2020-03-25 05:27:33,500 - exp_torch_topics_d128_passive_i2000_b20_q100_shuffled_flexbatch5 - INFO - start step #48
2020-03-25 05:27:33,500 - exp_torch_topics_d128_passive_i2000_b20_q100_shuffled_flexbatch5 - INFO - query idx: [30501  4210 66779 48104 56425 88913  4703 23013  5425   867 39361 20327
 15008 85351 89407 78771 70715 46924 79188 12719]
2020-03-25 05:27:35,967 - exp_torch_topics_d128_passive_i2000_b20_q100_shuffled_flexbatch5 - INFO - finish step #48 for 2.4664361476898193 sec
2020-03-25 05:27:35,967 - exp_torch_topics_d128_passive_i2000_b20_q100_shuffled_flexbatch5 - INFO - current val_accuracy: 0.4777336276674025
2020-03-25 05:27:35,967 - exp_torch_topics_d128_passive_i2000_b20_q100_shuffled_flexbatch5 - INFO - start step #49
2020-03-25 05:27:35,967 - exp_torch_topics_d128_passive_i2000_b20_q100_shuffled_flexbatch5 - INFO - query idx: [70932 10450 70910 11957 80002 58516 75884 33350 85792 94456 63463  9664
 38791  6774 43350 23402     3 25165 21854 61380]
2020-03-25 05:27:38,479 - exp_torch_topics_d128_passive_i2000_b20_q100_shuffled_flexbatch5 - INFO - finish step #49 for 2.51163911819458 sec
2020-03-25 05:27:38,479 - exp_torch_topics_d128_passive_i2000_b20_q100_shuffled_flexbatch5 - INFO - current val_accuracy: 0.4775275938189846
2020-03-25 05:27:38,479 - exp_torch_topics_d128_passive_i2000_b20_q100_shuffled_flexbatch5 - INFO - start step #50
2020-03-25 05:27:38,479 - exp_torch_topics_d128_passive_i2000_b20_q100_shuffled_flexbatch5 - INFO - query idx: [55922 12450  9242 91973 19317 16275 76669 50980 19207 52094 63033 68270
 30735 51810 86535 94067 58636 63437 36642  5187]
2020-03-25 05:27:40,934 - exp_torch_topics_d128_passive_i2000_b20_q100_shuffled_flexbatch5 - INFO - finish step #50 for 2.454831123352051 sec
2020-03-25 05:27:40,934 - exp_torch_topics_d128_passive_i2000_b20_q100_shuffled_flexbatch5 - INFO - current val_accuracy: 0.4794701986754967
2020-03-25 05:27:40,934 - exp_torch_topics_d128_passive_i2000_b20_q100_shuffled_flexbatch5 - INFO - start step #51
2020-03-25 05:27:40,934 - exp_torch_topics_d128_passive_i2000_b20_q100_shuffled_flexbatch5 - INFO - query idx: [35093 22852 57836 60986 78698 14046 55935 72630 52472 56400 82090 10824
 66656 40789 40450 13896 79501  1239 61828 28159]
2020-03-25 05:27:43,452 - exp_torch_topics_d128_passive_i2000_b20_q100_shuffled_flexbatch5 - INFO - finish step #51 for 2.5180160999298096 sec
2020-03-25 05:27:43,454 - exp_torch_topics_d128_passive_i2000_b20_q100_shuffled_flexbatch5 - INFO - current val_accuracy: 0.48147167034584254
2020-03-25 05:27:43,454 - exp_torch_topics_d128_passive_i2000_b20_q100_shuffled_flexbatch5 - INFO - start step #52
2020-03-25 05:27:43,454 - exp_torch_topics_d128_passive_i2000_b20_q100_shuffled_flexbatch5 - INFO - query idx: [37783 86708 41079 86385 46094  4158   849 20771  8839 42323 89561 47101
 24668 22978 80766 23064 65067 59208 44310 11395]
2020-03-25 05:27:45,919 - exp_torch_topics_d128_passive_i2000_b20_q100_shuffled_flexbatch5 - INFO - finish step #52 for 2.465047836303711 sec
2020-03-25 05:27:45,919 - exp_torch_topics_d128_passive_i2000_b20_q100_shuffled_flexbatch5 - INFO - current val_accuracy: 0.4816777041942605
2020-03-25 05:27:45,919 - exp_torch_topics_d128_passive_i2000_b20_q100_shuffled_flexbatch5 - INFO - start step #53
2020-03-25 05:27:45,920 - exp_torch_topics_d128_passive_i2000_b20_q100_shuffled_flexbatch5 - INFO - query idx: [45196 92028 20242 17098 20429 28804 27870 29560 62888 21434 36105 49411
 74367 79067 88947 61311 84303 96159 44877 65704]
2020-03-25 05:27:48,425 - exp_torch_topics_d128_passive_i2000_b20_q100_shuffled_flexbatch5 - INFO - finish step #53 for 2.5052170753479004 sec
2020-03-25 05:27:48,425 - exp_torch_topics_d128_passive_i2000_b20_q100_shuffled_flexbatch5 - INFO - current val_accuracy: 0.47955849889624724
2020-03-25 05:27:48,425 - exp_torch_topics_d128_passive_i2000_b20_q100_shuffled_flexbatch5 - INFO - start step #54
2020-03-25 05:27:48,425 - exp_torch_topics_d128_passive_i2000_b20_q100_shuffled_flexbatch5 - INFO - query idx: [22378 18846 73913 31359 46741 26064 29677 20231 22530 92373 21607 90370
 76331 27267 95992 76874 40632 56264 43751 36499]
2020-03-25 05:27:50,930 - exp_torch_topics_d128_passive_i2000_b20_q100_shuffled_flexbatch5 - INFO - finish step #54 for 2.504812002182007 sec
2020-03-25 05:27:50,930 - exp_torch_topics_d128_passive_i2000_b20_q100_shuffled_flexbatch5 - INFO - current val_accuracy: 0.479205298013245
2020-03-25 05:27:50,930 - exp_torch_topics_d128_passive_i2000_b20_q100_shuffled_flexbatch5 - INFO - start step #55
2020-03-25 05:27:50,931 - exp_torch_topics_d128_passive_i2000_b20_q100_shuffled_flexbatch5 - INFO - query idx: [24222 88311 28473 39971 39234 20842 16390 65773 36145 44783  1208 69841
 40512 33229 80899 47544 54906 98048  5349 97272]
2020-03-25 05:27:53,409 - exp_torch_topics_d128_passive_i2000_b20_q100_shuffled_flexbatch5 - INFO - finish step #55 for 2.4788267612457275 sec
2020-03-25 05:27:53,409 - exp_torch_topics_d128_passive_i2000_b20_q100_shuffled_flexbatch5 - INFO - current val_accuracy: 0.48
2020-03-25 05:27:53,409 - exp_torch_topics_d128_passive_i2000_b20_q100_shuffled_flexbatch5 - INFO - start step #56
2020-03-25 05:27:53,410 - exp_torch_topics_d128_passive_i2000_b20_q100_shuffled_flexbatch5 - INFO - query idx: [56183 50055 86262 65806  6597  9817 25704  1706 41039 86246 53790 66907
 83620 18253 71476 64314  9846 86661 28794 66608]
2020-03-25 05:27:55,962 - exp_torch_topics_d128_passive_i2000_b20_q100_shuffled_flexbatch5 - INFO - finish step #56 for 2.5520551204681396 sec
2020-03-25 05:27:55,962 - exp_torch_topics_d128_passive_i2000_b20_q100_shuffled_flexbatch5 - INFO - current val_accuracy: 0.4792347314201619
2020-03-25 05:27:55,962 - exp_torch_topics_d128_passive_i2000_b20_q100_shuffled_flexbatch5 - INFO - start step #57
2020-03-25 05:27:55,962 - exp_torch_topics_d128_passive_i2000_b20_q100_shuffled_flexbatch5 - INFO - query idx: [29990 55298 41201 89116 91347 63886 66625 81829 68394 18201 52516 90631
 47879 68673 45892 27836 84764   829 84030 79832]
2020-03-25 05:27:58,443 - exp_torch_topics_d128_passive_i2000_b20_q100_shuffled_flexbatch5 - INFO - finish step #57 for 2.481255054473877 sec
2020-03-25 05:27:58,443 - exp_torch_topics_d128_passive_i2000_b20_q100_shuffled_flexbatch5 - INFO - current val_accuracy: 0.4804120676968359
2020-03-25 05:27:58,444 - exp_torch_topics_d128_passive_i2000_b20_q100_shuffled_flexbatch5 - INFO - start step #58
2020-03-25 05:27:58,444 - exp_torch_topics_d128_passive_i2000_b20_q100_shuffled_flexbatch5 - INFO - query idx: [18321 69996 97601 32904 64646 54533 12904 23278 51751 56220 22066 49632
 27198 34601 68876 39800 44804  4641 75215 21881]
2020-03-25 05:28:00,987 - exp_torch_topics_d128_passive_i2000_b20_q100_shuffled_flexbatch5 - INFO - finish step #58 for 2.543647050857544 sec
2020-03-25 05:28:00,987 - exp_torch_topics_d128_passive_i2000_b20_q100_shuffled_flexbatch5 - INFO - current val_accuracy: 0.4787637969094923
2020-03-25 05:28:00,988 - exp_torch_topics_d128_passive_i2000_b20_q100_shuffled_flexbatch5 - INFO - start step #59
2020-03-25 05:28:00,988 - exp_torch_topics_d128_passive_i2000_b20_q100_shuffled_flexbatch5 - INFO - query idx: [ 3608 34986 26286 98461 74106  4799 73481 60114  1518 13485 68853 44442
  7493  6335 12722 52575 19811 21192 64596  1619]
2020-03-25 05:28:03,456 - exp_torch_topics_d128_passive_i2000_b20_q100_shuffled_flexbatch5 - INFO - finish step #59 for 2.468428134918213 sec
2020-03-25 05:28:03,456 - exp_torch_topics_d128_passive_i2000_b20_q100_shuffled_flexbatch5 - INFO - current val_accuracy: 0.48138337012509197
2020-03-25 05:28:03,456 - exp_torch_topics_d128_passive_i2000_b20_q100_shuffled_flexbatch5 - INFO - start step #60
2020-03-25 05:28:03,457 - exp_torch_topics_d128_passive_i2000_b20_q100_shuffled_flexbatch5 - INFO - query idx: [86732 93007 80778 45978 89586  3174 52794 47003 28113 59315 43509  4352
 19554 85377 35333 62517 41563 79244 69051 17831]
2020-03-25 05:28:06,005 - exp_torch_topics_d128_passive_i2000_b20_q100_shuffled_flexbatch5 - INFO - finish step #60 for 2.5486249923706055 sec
2020-03-25 05:28:06,005 - exp_torch_topics_d128_passive_i2000_b20_q100_shuffled_flexbatch5 - INFO - current val_accuracy: 0.4844738778513613
2020-03-25 05:28:06,005 - exp_torch_topics_d128_passive_i2000_b20_q100_shuffled_flexbatch5 - INFO - start step #61
2020-03-25 05:28:06,006 - exp_torch_topics_d128_passive_i2000_b20_q100_shuffled_flexbatch5 - INFO - query idx: [23488 22675 15644 42604 42617 19860 12014 68482 18042 41301 28827 93378
 10118 62548 56626 53862 47548 62562 19115 31860]
2020-03-25 05:28:08,536 - exp_torch_topics_d128_passive_i2000_b20_q100_shuffled_flexbatch5 - INFO - finish step #61 for 2.5304839611053467 sec
2020-03-25 05:28:08,536 - exp_torch_topics_d128_passive_i2000_b20_q100_shuffled_flexbatch5 - INFO - current val_accuracy: 0.48353200883002206
2020-03-25 05:28:08,536 - exp_torch_topics_d128_passive_i2000_b20_q100_shuffled_flexbatch5 - INFO - start step #62
2020-03-25 05:28:08,537 - exp_torch_topics_d128_passive_i2000_b20_q100_shuffled_flexbatch5 - INFO - query idx: [69853 45952 61571 53234 39481 16823 90205 16648 95334 70344 41265 50348
 53522 56606 21151 93949 23058 52436 69557 26485]
2020-03-25 05:28:11,024 - exp_torch_topics_d128_passive_i2000_b20_q100_shuffled_flexbatch5 - INFO - finish step #62 for 2.487128257751465 sec
2020-03-25 05:28:11,024 - exp_torch_topics_d128_passive_i2000_b20_q100_shuffled_flexbatch5 - INFO - current val_accuracy: 0.4793524650478293
2020-03-25 05:28:11,024 - exp_torch_topics_d128_passive_i2000_b20_q100_shuffled_flexbatch5 - INFO - start step #63
2020-03-25 05:28:11,024 - exp_torch_topics_d128_passive_i2000_b20_q100_shuffled_flexbatch5 - INFO - query idx: [18445 68202 56962 65239 72331  8230  3464 13648  3572 62276 23363 28855
 51294 97421 70319 40420 84382 16369 90325 55216]
2020-03-25 05:28:13,546 - exp_torch_topics_d128_passive_i2000_b20_q100_shuffled_flexbatch5 - INFO - finish step #63 for 2.5222408771514893 sec
2020-03-25 05:28:13,548 - exp_torch_topics_d128_passive_i2000_b20_q100_shuffled_flexbatch5 - INFO - current val_accuracy: 0.4813539367181751
2020-03-25 05:28:13,548 - exp_torch_topics_d128_passive_i2000_b20_q100_shuffled_flexbatch5 - INFO - start step #64
2020-03-25 05:28:13,548 - exp_torch_topics_d128_passive_i2000_b20_q100_shuffled_flexbatch5 - INFO - query idx: [23130 10483 72178 24753 62669 28580 28737 30450 26792 94742 63281 94770
  7164 77393 38922 38664 61547 15116 97641 51093]
2020-03-25 05:28:16,092 - exp_torch_topics_d128_passive_i2000_b20_q100_shuffled_flexbatch5 - INFO - finish step #64 for 2.5435478687286377 sec
2020-03-25 05:28:16,092 - exp_torch_topics_d128_passive_i2000_b20_q100_shuffled_flexbatch5 - INFO - current val_accuracy: 0.4844738778513613
2020-03-25 05:28:16,092 - exp_torch_topics_d128_passive_i2000_b20_q100_shuffled_flexbatch5 - INFO - start step #65
2020-03-25 05:28:16,092 - exp_torch_topics_d128_passive_i2000_b20_q100_shuffled_flexbatch5 - INFO - query idx: [68383 55297 64016 28852 87380 89862 73037 57793 32751 81537 89459 48444
 26046 18566 43446 10563 93393 67002 28124 63491]
2020-03-25 05:28:18,586 - exp_torch_topics_d128_passive_i2000_b20_q100_shuffled_flexbatch5 - INFO - finish step #65 for 2.494580030441284 sec
2020-03-25 05:28:18,587 - exp_torch_topics_d128_passive_i2000_b20_q100_shuffled_flexbatch5 - INFO - current val_accuracy: 0.4843561442236939
2020-03-25 05:28:18,587 - exp_torch_topics_d128_passive_i2000_b20_q100_shuffled_flexbatch5 - INFO - start step #66
2020-03-25 05:28:18,587 - exp_torch_topics_d128_passive_i2000_b20_q100_shuffled_flexbatch5 - INFO - query idx: [80205 19001 81019 28699 32340 29360 20609 49606 86536  7674 34554 11244
 58482  5914 19120 22689 67114 82882  4347 14821]
2020-03-25 05:28:21,060 - exp_torch_topics_d128_passive_i2000_b20_q100_shuffled_flexbatch5 - INFO - finish step #66 for 2.473062038421631 sec
2020-03-25 05:28:21,060 - exp_torch_topics_d128_passive_i2000_b20_q100_shuffled_flexbatch5 - INFO - current val_accuracy: 0.48397350993377486
2020-03-25 05:28:21,060 - exp_torch_topics_d128_passive_i2000_b20_q100_shuffled_flexbatch5 - INFO - start step #67
2020-03-25 05:28:21,061 - exp_torch_topics_d128_passive_i2000_b20_q100_shuffled_flexbatch5 - INFO - query idx: [ 4182 92998 60373 43390 23655 24241 29560 30962 47971 33406 22685 21322
 25012 67865 62686 78709 84732  2257 44225 96720]
2020-03-25 05:28:23,640 - exp_torch_topics_d128_passive_i2000_b20_q100_shuffled_flexbatch5 - INFO - finish step #67 for 2.5791208744049072 sec
2020-03-25 05:28:23,640 - exp_torch_topics_d128_passive_i2000_b20_q100_shuffled_flexbatch5 - INFO - current val_accuracy: 0.48612214863870495
2020-03-25 05:28:23,640 - exp_torch_topics_d128_passive_i2000_b20_q100_shuffled_flexbatch5 - INFO - start step #68
2020-03-25 05:28:23,640 - exp_torch_topics_d128_passive_i2000_b20_q100_shuffled_flexbatch5 - INFO - query idx: [62557 44080 16230 87637 11820 84602 10431  1104   827 53589 61364 70443
 13064 60916  7943 74901 63702 16651 28051 97477]
2020-03-25 05:28:26,166 - exp_torch_topics_d128_passive_i2000_b20_q100_shuffled_flexbatch5 - INFO - finish step #68 for 2.5260379314422607 sec
2020-03-25 05:28:26,166 - exp_torch_topics_d128_passive_i2000_b20_q100_shuffled_flexbatch5 - INFO - current val_accuracy: 0.4874760853568801
2020-03-25 05:28:26,166 - exp_torch_topics_d128_passive_i2000_b20_q100_shuffled_flexbatch5 - INFO - start step #69
2020-03-25 05:28:26,167 - exp_torch_topics_d128_passive_i2000_b20_q100_shuffled_flexbatch5 - INFO - query idx: [14971 11016 45433 48757 43555 24759 69514 61245 62003 66685 35151 64982
 74836 82385   570 67549 63380 51811 89087 23156]
2020-03-25 05:28:28,670 - exp_torch_topics_d128_passive_i2000_b20_q100_shuffled_flexbatch5 - INFO - finish step #69 for 2.5036461353302 sec
2020-03-25 05:28:28,670 - exp_torch_topics_d128_passive_i2000_b20_q100_shuffled_flexbatch5 - INFO - current val_accuracy: 0.48741721854304637
2020-03-25 05:28:28,670 - exp_torch_topics_d128_passive_i2000_b20_q100_shuffled_flexbatch5 - INFO - start step #70
2020-03-25 05:28:28,671 - exp_torch_topics_d128_passive_i2000_b20_q100_shuffled_flexbatch5 - INFO - query idx: [68400 45572 67520  4791 48264 72751 55694 36288 76420 62311 33718 20045
 85777 68107 84120 84080 59496 84763 91246 39076]
2020-03-25 05:28:31,248 - exp_torch_topics_d128_passive_i2000_b20_q100_shuffled_flexbatch5 - INFO - finish step #70 for 2.57719087600708 sec
2020-03-25 05:28:31,248 - exp_torch_topics_d128_passive_i2000_b20_q100_shuffled_flexbatch5 - INFO - current val_accuracy: 0.490831493745401
2020-03-25 05:28:31,248 - exp_torch_topics_d128_passive_i2000_b20_q100_shuffled_flexbatch5 - INFO - start step #71
2020-03-25 05:28:31,248 - exp_torch_topics_d128_passive_i2000_b20_q100_shuffled_flexbatch5 - INFO - query idx: [93139 16152  5284 94526 14220 18649 58076  4882 34876 89601 35675 85560
 66537  1583 31180 50599 19242 55104 95634 29814]
2020-03-25 05:28:33,721 - exp_torch_topics_d128_passive_i2000_b20_q100_shuffled_flexbatch5 - INFO - finish step #71 for 2.473435878753662 sec
2020-03-25 05:28:33,722 - exp_torch_topics_d128_passive_i2000_b20_q100_shuffled_flexbatch5 - INFO - current val_accuracy: 0.48921265636497424
2020-03-25 05:28:33,722 - exp_torch_topics_d128_passive_i2000_b20_q100_shuffled_flexbatch5 - INFO - start step #72
2020-03-25 05:28:33,722 - exp_torch_topics_d128_passive_i2000_b20_q100_shuffled_flexbatch5 - INFO - query idx: [44679 61853 44929 76774 62610 32656 10569 48937  8636 30944 24107 93276
 51869 33129 23149 28894 74481 46001 96379 75329]
2020-03-25 05:28:36,305 - exp_torch_topics_d128_passive_i2000_b20_q100_shuffled_flexbatch5 - INFO - finish step #72 for 2.5834689140319824 sec
2020-03-25 05:28:36,305 - exp_torch_topics_d128_passive_i2000_b20_q100_shuffled_flexbatch5 - INFO - current val_accuracy: 0.4918027961736571
2020-03-25 05:28:36,306 - exp_torch_topics_d128_passive_i2000_b20_q100_shuffled_flexbatch5 - INFO - start step #73
2020-03-25 05:28:36,306 - exp_torch_topics_d128_passive_i2000_b20_q100_shuffled_flexbatch5 - INFO - query idx: [83522  5652 21350 91096 46524  6960 15333  1805 57807 84284 40218 57725
 60989 43986 14791 77868 56651 13842  2982 10478]
2020-03-25 05:28:38,906 - exp_torch_topics_d128_passive_i2000_b20_q100_shuffled_flexbatch5 - INFO - finish step #73 for 2.600355863571167 sec
2020-03-25 05:28:38,906 - exp_torch_topics_d128_passive_i2000_b20_q100_shuffled_flexbatch5 - INFO - current val_accuracy: 0.4926269315673289
2020-03-25 05:28:38,906 - exp_torch_topics_d128_passive_i2000_b20_q100_shuffled_flexbatch5 - INFO - start step #74
2020-03-25 05:28:38,907 - exp_torch_topics_d128_passive_i2000_b20_q100_shuffled_flexbatch5 - INFO - query idx: [82197 88825 33170 39956 51430 45503 18779 61633 85781 40504  5651  7963
 48399 67691 30529 25075 11148 93202 89033 87206]
2020-03-25 05:28:41,408 - exp_torch_topics_d128_passive_i2000_b20_q100_shuffled_flexbatch5 - INFO - finish step #74 for 2.5017268657684326 sec
2020-03-25 05:28:41,408 - exp_torch_topics_d128_passive_i2000_b20_q100_shuffled_flexbatch5 - INFO - current val_accuracy: 0.4907726269315673
2020-03-25 05:28:41,408 - exp_torch_topics_d128_passive_i2000_b20_q100_shuffled_flexbatch5 - INFO - start step #75
2020-03-25 05:28:41,409 - exp_torch_topics_d128_passive_i2000_b20_q100_shuffled_flexbatch5 - INFO - query idx: [45503 23535 47321  7995 51329 83016 77947 44988 56669 18705 94396 12905
 57219 66253 94722 64383 49521  8105 42772 16385]
2020-03-25 05:28:44,038 - exp_torch_topics_d128_passive_i2000_b20_q100_shuffled_flexbatch5 - INFO - finish step #75 for 2.629328966140747 sec
2020-03-25 05:28:44,039 - exp_torch_topics_d128_passive_i2000_b20_q100_shuffled_flexbatch5 - INFO - current val_accuracy: 0.4918027961736571
2020-03-25 05:28:44,040 - exp_torch_topics_d128_passive_i2000_b20_q100_shuffled_flexbatch5 - INFO - start step #76
2020-03-25 05:28:44,040 - exp_torch_topics_d128_passive_i2000_b20_q100_shuffled_flexbatch5 - INFO - query idx: [55052  6577 46899 10130 26389 88727 54721 16663 44464 77281 85083 91178
   855 11362 19351 77770  3968 69458  2550   199]
2020-03-25 05:28:46,586 - exp_torch_topics_d128_passive_i2000_b20_q100_shuffled_flexbatch5 - INFO - finish step #76 for 2.5468077659606934 sec
2020-03-25 05:28:46,587 - exp_torch_topics_d128_passive_i2000_b20_q100_shuffled_flexbatch5 - INFO - current val_accuracy: 0.4927740986019132
2020-03-25 05:28:46,587 - exp_torch_topics_d128_passive_i2000_b20_q100_shuffled_flexbatch5 - INFO - start step #77
2020-03-25 05:28:46,587 - exp_torch_topics_d128_passive_i2000_b20_q100_shuffled_flexbatch5 - INFO - query idx: [10444 63741 50733  9715 10310 19443  1114 21878 10260 71530 72560 24523
 22889 44828 59434 32032 92329 15040 94185 41638]
2020-03-25 05:28:49,152 - exp_torch_topics_d128_passive_i2000_b20_q100_shuffled_flexbatch5 - INFO - finish step #77 for 2.5647952556610107 sec
2020-03-25 05:28:49,152 - exp_torch_topics_d128_passive_i2000_b20_q100_shuffled_flexbatch5 - INFO - current val_accuracy: 0.49041942604856514
2020-03-25 05:28:49,152 - exp_torch_topics_d128_passive_i2000_b20_q100_shuffled_flexbatch5 - INFO - start step #78
2020-03-25 05:28:49,152 - exp_torch_topics_d128_passive_i2000_b20_q100_shuffled_flexbatch5 - INFO - query idx: [27032 95707  1540 24398 49480 94096 24288 90094 86449 81754 47153 68398
 31978 88042 98252 39737  5126 61332 75426 17354]
2020-03-25 05:28:51,728 - exp_torch_topics_d128_passive_i2000_b20_q100_shuffled_flexbatch5 - INFO - finish step #78 for 2.575618028640747 sec
2020-03-25 05:28:51,728 - exp_torch_topics_d128_passive_i2000_b20_q100_shuffled_flexbatch5 - INFO - current val_accuracy: 0.4876232523914643
2020-03-25 05:28:51,728 - exp_torch_topics_d128_passive_i2000_b20_q100_shuffled_flexbatch5 - INFO - start step #79
2020-03-25 05:28:51,728 - exp_torch_topics_d128_passive_i2000_b20_q100_shuffled_flexbatch5 - INFO - query idx: [12784  6864 84324 40240 68648 10458 88283 63252 51659 58016 64698 92454
 81860  6672 84749 75832 42091 39398 78927 44866]
2020-03-25 05:28:54,252 - exp_torch_topics_d128_passive_i2000_b20_q100_shuffled_flexbatch5 - INFO - finish step #79 for 2.5243759155273438 sec
2020-03-25 05:28:54,253 - exp_torch_topics_d128_passive_i2000_b20_q100_shuffled_flexbatch5 - INFO - current val_accuracy: 0.48827078734363505
2020-03-25 05:28:54,253 - exp_torch_topics_d128_passive_i2000_b20_q100_shuffled_flexbatch5 - INFO - start step #80
2020-03-25 05:28:54,253 - exp_torch_topics_d128_passive_i2000_b20_q100_shuffled_flexbatch5 - INFO - query idx: [40626 75297 13265 70436 50380 87344 43303 34351 15428 40034 67417 21933
 48202 93645 19131 92933 18586 83442 96208 25004]
2020-03-25 05:28:56,874 - exp_torch_topics_d128_passive_i2000_b20_q100_shuffled_flexbatch5 - INFO - finish step #80 for 2.6211230754852295 sec
2020-03-25 05:28:56,874 - exp_torch_topics_d128_passive_i2000_b20_q100_shuffled_flexbatch5 - INFO - current val_accuracy: 0.4903311258278146
2020-03-25 05:28:56,874 - exp_torch_topics_d128_passive_i2000_b20_q100_shuffled_flexbatch5 - INFO - start step #81
2020-03-25 05:28:56,875 - exp_torch_topics_d128_passive_i2000_b20_q100_shuffled_flexbatch5 - INFO - query idx: [29264 93155 75350 69738 79432 56146 87535 28538  5737  1189 87397 68946
 35971 78641 54025 80149 44463 47349 13070 11349]
2020-03-25 05:28:59,447 - exp_torch_topics_d128_passive_i2000_b20_q100_shuffled_flexbatch5 - INFO - finish step #81 for 2.5721840858459473 sec
2020-03-25 05:28:59,447 - exp_torch_topics_d128_passive_i2000_b20_q100_shuffled_flexbatch5 - INFO - current val_accuracy: 0.4918027961736571
2020-03-25 05:28:59,447 - exp_torch_topics_d128_passive_i2000_b20_q100_shuffled_flexbatch5 - INFO - start step #82
2020-03-25 05:28:59,447 - exp_torch_topics_d128_passive_i2000_b20_q100_shuffled_flexbatch5 - INFO - query idx: [ 8074 30059 22917 12800 29895 16988 26752 75778 44455 95951 74427 44529
  2619 69396 12515 38559 31384 87681 65801  3146]
2020-03-25 05:29:02,063 - exp_torch_topics_d128_passive_i2000_b20_q100_shuffled_flexbatch5 - INFO - finish step #82 for 2.6157219409942627 sec
2020-03-25 05:29:02,063 - exp_torch_topics_d128_passive_i2000_b20_q100_shuffled_flexbatch5 - INFO - current val_accuracy: 0.48891832229580573
2020-03-25 05:29:02,063 - exp_torch_topics_d128_passive_i2000_b20_q100_shuffled_flexbatch5 - INFO - start step #83
2020-03-25 05:29:02,064 - exp_torch_topics_d128_passive_i2000_b20_q100_shuffled_flexbatch5 - INFO - query idx: [87788 18224 73269 89142 94894 60820 57795  2703 79011  2813 89858 73597
 62852 59163 53910 90107 59194 80885 34070 53072]
2020-03-25 05:29:04,600 - exp_torch_topics_d128_passive_i2000_b20_q100_shuffled_flexbatch5 - INFO - finish step #83 for 2.5360898971557617 sec
2020-03-25 05:29:04,600 - exp_torch_topics_d128_passive_i2000_b20_q100_shuffled_flexbatch5 - INFO - current val_accuracy: 0.48827078734363505
2020-03-25 05:29:04,600 - exp_torch_topics_d128_passive_i2000_b20_q100_shuffled_flexbatch5 - INFO - start step #84
2020-03-25 05:29:04,600 - exp_torch_topics_d128_passive_i2000_b20_q100_shuffled_flexbatch5 - INFO - query idx: [34500 40007 73632 14867 25152 79204  2155 94846 11203 26401 88998 27334
 53216 63253 12198 64452 59581 44478 84862 50129]
2020-03-25 05:29:07,271 - exp_torch_topics_d128_passive_i2000_b20_q100_shuffled_flexbatch5 - INFO - finish step #84 for 2.6708970069885254 sec
2020-03-25 05:29:07,271 - exp_torch_topics_d128_passive_i2000_b20_q100_shuffled_flexbatch5 - INFO - current val_accuracy: 0.48980132450331126
2020-03-25 05:29:07,271 - exp_torch_topics_d128_passive_i2000_b20_q100_shuffled_flexbatch5 - INFO - start step #85
2020-03-25 05:29:07,272 - exp_torch_topics_d128_passive_i2000_b20_q100_shuffled_flexbatch5 - INFO - query idx: [61195 64898 35516 54538 93912 19189 61951 80680 93494 75503 24576 22404
 55212 88847 45043 20857 88728 64105  8270 70129]
2020-03-25 05:29:09,857 - exp_torch_topics_d128_passive_i2000_b20_q100_shuffled_flexbatch5 - INFO - finish step #85 for 2.5852208137512207 sec
2020-03-25 05:29:09,857 - exp_torch_topics_d128_passive_i2000_b20_q100_shuffled_flexbatch5 - INFO - current val_accuracy: 0.4917733627667403
2020-03-25 05:29:09,857 - exp_torch_topics_d128_passive_i2000_b20_q100_shuffled_flexbatch5 - INFO - start step #86
2020-03-25 05:29:09,857 - exp_torch_topics_d128_passive_i2000_b20_q100_shuffled_flexbatch5 - INFO - query idx: [62551 77057 15734 97306 64000 62536 23083 26606 73407 82447 83584 61833
 37634 63695 15767 39851 36926 59020 36421 90112]
2020-03-25 05:29:12,383 - exp_torch_topics_d128_passive_i2000_b20_q100_shuffled_flexbatch5 - INFO - finish step #86 for 2.526474952697754 sec
2020-03-25 05:29:12,386 - exp_torch_topics_d128_passive_i2000_b20_q100_shuffled_flexbatch5 - INFO - current val_accuracy: 0.49486387049300956
2020-03-25 05:29:12,386 - exp_torch_topics_d128_passive_i2000_b20_q100_shuffled_flexbatch5 - INFO - start step #87
2020-03-25 05:29:12,386 - exp_torch_topics_d128_passive_i2000_b20_q100_shuffled_flexbatch5 - INFO - query idx: [42784 51864 84014 19832 49574 95975 96254 97602  2080 93799 90162 60222
 71105 68429 80712 83082 13248 31749 45137 75177]
2020-03-25 05:29:15,003 - exp_torch_topics_d128_passive_i2000_b20_q100_shuffled_flexbatch5 - INFO - finish step #87 for 2.6166269779205322 sec
2020-03-25 05:29:15,003 - exp_torch_topics_d128_passive_i2000_b20_q100_shuffled_flexbatch5 - INFO - current val_accuracy: 0.49118469462840325
2020-03-25 05:29:15,003 - exp_torch_topics_d128_passive_i2000_b20_q100_shuffled_flexbatch5 - INFO - start step #88
2020-03-25 05:29:15,003 - exp_torch_topics_d128_passive_i2000_b20_q100_shuffled_flexbatch5 - INFO - query idx: [18741 60613  3577 25510 86994 25973 30960 79689 36421 79059   639 64491
 49554 25221 77317 80265  8793 45551 29465 15216]
2020-03-25 05:29:17,626 - exp_torch_topics_d128_passive_i2000_b20_q100_shuffled_flexbatch5 - INFO - finish step #88 for 2.6231019496917725 sec
2020-03-25 05:29:17,627 - exp_torch_topics_d128_passive_i2000_b20_q100_shuffled_flexbatch5 - INFO - current val_accuracy: 0.49206769683590873
2020-03-25 05:29:17,627 - exp_torch_topics_d128_passive_i2000_b20_q100_shuffled_flexbatch5 - INFO - start step #89
2020-03-25 05:29:17,627 - exp_torch_topics_d128_passive_i2000_b20_q100_shuffled_flexbatch5 - INFO - query idx: [35850 62586 48570 16810 10535 65559 71987 19107 70343 17796 68614 36515
 46173 31331  3657  3712 30467 49913 71312 55318]
2020-03-25 05:29:20,690 - exp_torch_topics_d128_passive_i2000_b20_q100_shuffled_flexbatch5 - INFO - finish step #89 for 3.062687873840332 sec
2020-03-25 05:29:20,690 - exp_torch_topics_d128_passive_i2000_b20_q100_shuffled_flexbatch5 - INFO - current val_accuracy: 0.49395143487858717
2020-03-25 05:29:20,690 - exp_torch_topics_d128_passive_i2000_b20_q100_shuffled_flexbatch5 - INFO - start step #90
2020-03-25 05:29:20,690 - exp_torch_topics_d128_passive_i2000_b20_q100_shuffled_flexbatch5 - INFO - query idx: [45709 65342 96771 72370 36810 59381  4316 24035 31126  1961 12346 50760
 34389 82415 92284 13899 72688 88421 73959 17211]
2020-03-25 05:29:23,277 - exp_torch_topics_d128_passive_i2000_b20_q100_shuffled_flexbatch5 - INFO - finish step #90 for 2.5863397121429443 sec
2020-03-25 05:29:23,277 - exp_torch_topics_d128_passive_i2000_b20_q100_shuffled_flexbatch5 - INFO - current val_accuracy: 0.49289183222958055
2020-03-25 05:29:23,277 - exp_torch_topics_d128_passive_i2000_b20_q100_shuffled_flexbatch5 - INFO - start step #91
2020-03-25 05:29:23,277 - exp_torch_topics_d128_passive_i2000_b20_q100_shuffled_flexbatch5 - INFO - query idx: [35281 71834 73699 94328  7195 63142 57550 49140 47290 41800 80480 25767
 78360 37942 37534 83273 12820 40419 65184 57138]
2020-03-25 05:29:25,828 - exp_torch_topics_d128_passive_i2000_b20_q100_shuffled_flexbatch5 - INFO - finish step #91 for 2.551445960998535 sec
2020-03-25 05:29:25,829 - exp_torch_topics_d128_passive_i2000_b20_q100_shuffled_flexbatch5 - INFO - current val_accuracy: 0.49036055923473143
2020-03-25 05:29:25,829 - exp_torch_topics_d128_passive_i2000_b20_q100_shuffled_flexbatch5 - INFO - start step #92
2020-03-25 05:29:25,829 - exp_torch_topics_d128_passive_i2000_b20_q100_shuffled_flexbatch5 - INFO - query idx: [21315 46615 44865  5988 23784 16657 97726 70971 28625  5520 25779 80116
 29833 48824 60332 22263 14589  4330 82210   543]
2020-03-25 05:29:28,455 - exp_torch_topics_d128_passive_i2000_b20_q100_shuffled_flexbatch5 - INFO - finish step #92 for 2.6257290840148926 sec
2020-03-25 05:29:28,455 - exp_torch_topics_d128_passive_i2000_b20_q100_shuffled_flexbatch5 - INFO - current val_accuracy: 0.4932155997056659
2020-03-25 05:29:28,455 - exp_torch_topics_d128_passive_i2000_b20_q100_shuffled_flexbatch5 - INFO - start step #93
2020-03-25 05:29:28,455 - exp_torch_topics_d128_passive_i2000_b20_q100_shuffled_flexbatch5 - INFO - query idx: [87508 78701 91994  6336 78920 62410 18069 14177 43196  2708 88200 90287
 16871 39343 44253 31510 21096 51354 67657 90404]
2020-03-25 05:29:31,046 - exp_torch_topics_d128_passive_i2000_b20_q100_shuffled_flexbatch5 - INFO - finish step #93 for 2.591157913208008 sec
2020-03-25 05:29:31,046 - exp_torch_topics_d128_passive_i2000_b20_q100_shuffled_flexbatch5 - INFO - current val_accuracy: 0.4951582045621781
2020-03-25 05:29:31,046 - exp_torch_topics_d128_passive_i2000_b20_q100_shuffled_flexbatch5 - INFO - start step #94
2020-03-25 05:29:31,047 - exp_torch_topics_d128_passive_i2000_b20_q100_shuffled_flexbatch5 - INFO - query idx: [47514 34787 53676 53425 68548 30816 88444 53720 39878  9966 50028 29953
 30240 25316 40808 68979 51848 81087 28954 39054]
2020-03-25 05:29:33,600 - exp_torch_topics_d128_passive_i2000_b20_q100_shuffled_flexbatch5 - INFO - finish step #94 for 2.5537919998168945 sec
2020-03-25 05:29:33,601 - exp_torch_topics_d128_passive_i2000_b20_q100_shuffled_flexbatch5 - INFO - current val_accuracy: 0.4933627667402502
2020-03-25 05:29:33,601 - exp_torch_topics_d128_passive_i2000_b20_q100_shuffled_flexbatch5 - INFO - start step #95
2020-03-25 05:29:33,601 - exp_torch_topics_d128_passive_i2000_b20_q100_shuffled_flexbatch5 - INFO - query idx: [84759  8875 62980 34291 25295 48963 74245 74070 55306 23420 11834 92049
 83443 38956 61226 88567 74407 69020 56072 32448]
2020-03-25 05:29:36,238 - exp_torch_topics_d128_passive_i2000_b20_q100_shuffled_flexbatch5 - INFO - finish step #95 for 2.6370718479156494 sec
2020-03-25 05:29:36,238 - exp_torch_topics_d128_passive_i2000_b20_q100_shuffled_flexbatch5 - INFO - current val_accuracy: 0.4923031640912436
2020-03-25 05:29:36,239 - exp_torch_topics_d128_passive_i2000_b20_q100_shuffled_flexbatch5 - INFO - start step #96
2020-03-25 05:29:36,239 - exp_torch_topics_d128_passive_i2000_b20_q100_shuffled_flexbatch5 - INFO - query idx: [79039 91754 12299 29021 87209 62671 17767 30284 38584 40587 18060 14422
 40919 28871 50351 86274 35596 97449 37240 24172]
2020-03-25 05:29:39,358 - exp_torch_topics_d128_passive_i2000_b20_q100_shuffled_flexbatch5 - INFO - finish step #96 for 3.1191108226776123 sec
2020-03-25 05:29:39,358 - exp_torch_topics_d128_passive_i2000_b20_q100_shuffled_flexbatch5 - INFO - current val_accuracy: 0.4957468727005151
2020-03-25 05:29:39,358 - exp_torch_topics_d128_passive_i2000_b20_q100_shuffled_flexbatch5 - INFO - start step #97
2020-03-25 05:29:39,358 - exp_torch_topics_d128_passive_i2000_b20_q100_shuffled_flexbatch5 - INFO - query idx: [11651 34207 18502 63085  2335 44257 92821  9797 18592 84483 41062 15528
 12600 37601 43051 10933 97410 47550 23502 31769]
2020-03-25 05:29:42,457 - exp_torch_topics_d128_passive_i2000_b20_q100_shuffled_flexbatch5 - INFO - finish step #97 for 3.0993192195892334 sec
2020-03-25 05:29:42,460 - exp_torch_topics_d128_passive_i2000_b20_q100_shuffled_flexbatch5 - INFO - current val_accuracy: 0.4982781456953642
2020-03-25 05:29:42,460 - exp_torch_topics_d128_passive_i2000_b20_q100_shuffled_flexbatch5 - INFO - start step #98
2020-03-25 05:29:42,460 - exp_torch_topics_d128_passive_i2000_b20_q100_shuffled_flexbatch5 - INFO - query idx: [18329 42105 43018 75810 19588 93039 19272 94120  2030 97170 28355 68459
 84293 77622 74909 18458 72290 74199 12941 37767]
2020-03-25 05:29:45,109 - exp_torch_topics_d128_passive_i2000_b20_q100_shuffled_flexbatch5 - INFO - finish step #98 for 2.64906907081604 sec
2020-03-25 05:29:45,109 - exp_torch_topics_d128_passive_i2000_b20_q100_shuffled_flexbatch5 - INFO - current val_accuracy: 0.4997203826342899
2020-03-25 05:29:45,109 - exp_torch_topics_d128_passive_i2000_b20_q100_shuffled_flexbatch5 - INFO - start step #99
2020-03-25 05:29:45,110 - exp_torch_topics_d128_passive_i2000_b20_q100_shuffled_flexbatch5 - INFO - query idx: [36799 32443 89303 61317 56346 69510 36359 45589 51994 29049 59955  5076
  1192 49049 12737 26238 21723 11365 72364 86626]
2020-03-25 05:29:47,696 - exp_torch_topics_d128_passive_i2000_b20_q100_shuffled_flexbatch5 - INFO - finish step #99 for 2.586822986602783 sec
2020-03-25 05:29:47,696 - exp_torch_topics_d128_passive_i2000_b20_q100_shuffled_flexbatch5 - INFO - current val_accuracy: 0.4966004415011038
2020-03-25 05:29:47,696 - exp_torch_topics_d128_passive_i2000_b20_q100_shuffled_flexbatch5 - INFO - finish experiment process for 267.119460105896 sec
