2020-03-20 22:53:57,579 - exp_torch_topics_d128_margin_i2000_b20_q100_4 - INFO - start experiment process
2020-03-20 22:54:08,494 - exp_torch_topics_d128_margin_i2000_b20_q100_4 - INFO - initial val_accuracy: 0.4422663723325975
2020-03-20 22:54:08,501 - exp_torch_topics_d128_margin_i2000_b20_q100_4 - INFO - start step #0
2020-03-20 22:54:40,339 - exp_torch_topics_d128_margin_i2000_b20_q100_4 - INFO - query idx: [93229 72914 49077 73984 48469 68086 68159 62567  2195 74268 99104 21203
 92435 82462 48658  8266 99702 67899 57928 89803]
2020-03-20 22:54:54,853 - exp_torch_topics_d128_margin_i2000_b20_q100_4 - INFO - finish step #0 for 46.32834720611572 sec
2020-03-20 22:54:54,882 - exp_torch_topics_d128_margin_i2000_b20_q100_4 - INFO - current val_accuracy: 0.4389992641648271
2020-03-20 22:54:54,887 - exp_torch_topics_d128_margin_i2000_b20_q100_4 - INFO - start step #1
2020-03-20 22:55:17,827 - exp_torch_topics_d128_margin_i2000_b20_q100_4 - INFO - query idx: [64549 45060 22833 71802 51624 48768 38534 56707 66668 14662  3408 45678
 42988 66384 31657 86896 99270  4690 90390   645]
2020-03-20 22:55:25,961 - exp_torch_topics_d128_margin_i2000_b20_q100_4 - INFO - finish step #1 for 31.07344627380371 sec
2020-03-20 22:55:25,961 - exp_torch_topics_d128_margin_i2000_b20_q100_4 - INFO - current val_accuracy: 0.4349963208241354
2020-03-20 22:55:25,961 - exp_torch_topics_d128_margin_i2000_b20_q100_4 - INFO - start step #2
2020-03-20 22:55:37,772 - exp_torch_topics_d128_margin_i2000_b20_q100_4 - INFO - query idx: [96881 70996 99157 52617 27799 38979 17636 30724 51273 22813 84955 80514
 48645 76502 88594 84122 69955 39577 90704 55339]
2020-03-20 22:55:53,060 - exp_torch_topics_d128_margin_i2000_b20_q100_4 - INFO - finish step #2 for 27.099036931991577 sec
2020-03-20 22:55:53,164 - exp_torch_topics_d128_margin_i2000_b20_q100_4 - INFO - current val_accuracy: 0.43805739514348785
2020-03-20 22:55:53,165 - exp_torch_topics_d128_margin_i2000_b20_q100_4 - INFO - start step #3
2020-03-20 22:56:28,107 - exp_torch_topics_d128_margin_i2000_b20_q100_4 - INFO - query idx: [81176 47154 58899 69598 26747 33208 97643 98244 85083 26503 19825  5140
 62905 78764 55997 35472  7320 85554 57139 99142]
2020-03-20 22:56:40,397 - exp_torch_topics_d128_margin_i2000_b20_q100_4 - INFO - finish step #3 for 47.23244380950928 sec
2020-03-20 22:56:40,398 - exp_torch_topics_d128_margin_i2000_b20_q100_4 - INFO - current val_accuracy: 0.42922737306843267
2020-03-20 22:56:40,399 - exp_torch_topics_d128_margin_i2000_b20_q100_4 - INFO - start step #4
2020-03-20 22:56:51,822 - exp_torch_topics_d128_margin_i2000_b20_q100_4 - INFO - query idx: [76062 22923 74432 93864 81751 98053 21814  9253 31700 39632   478 24974
 30733 54155 28090 45387 15923 58424 42231 76392]
2020-03-20 22:56:59,652 - exp_torch_topics_d128_margin_i2000_b20_q100_4 - INFO - finish step #4 for 19.252867937088013 sec
2020-03-20 22:56:59,653 - exp_torch_topics_d128_margin_i2000_b20_q100_4 - INFO - current val_accuracy: 0.43222958057395144
2020-03-20 22:56:59,654 - exp_torch_topics_d128_margin_i2000_b20_q100_4 - INFO - start step #5
2020-03-20 22:57:10,581 - exp_torch_topics_d128_margin_i2000_b20_q100_4 - INFO - query idx: [61576  5718 59085 59839 44419 93098 73273 26708 13447 93139 56829 96283
 71365 84098 69219 88352 63010 35123 69254 48403]
2020-03-20 22:57:15,018 - exp_torch_topics_d128_margin_i2000_b20_q100_4 - INFO - finish step #5 for 15.364718914031982 sec
2020-03-20 22:57:15,019 - exp_torch_topics_d128_margin_i2000_b20_q100_4 - INFO - current val_accuracy: 0.43384841795437823
2020-03-20 22:57:15,019 - exp_torch_topics_d128_margin_i2000_b20_q100_4 - INFO - start step #6
2020-03-20 22:57:35,581 - exp_torch_topics_d128_margin_i2000_b20_q100_4 - INFO - query idx: [ 4377 56998 78079 71133 14078 84356 10612 43138 88718 42619 86818 10745
 90632 98677 51265 64550 86045 69798 59383 81418]
2020-03-20 22:57:50,200 - exp_torch_topics_d128_margin_i2000_b20_q100_4 - INFO - finish step #6 for 35.18104290962219 sec
2020-03-20 22:57:50,203 - exp_torch_topics_d128_margin_i2000_b20_q100_4 - INFO - current val_accuracy: 0.4416188373804268
2020-03-20 22:57:50,203 - exp_torch_topics_d128_margin_i2000_b20_q100_4 - INFO - start step #7
2020-03-20 22:58:11,576 - exp_torch_topics_d128_margin_i2000_b20_q100_4 - INFO - query idx: [70572 18022 32018  6749 10559 68724 77011 41399  3802 30285 47519 93231
 55559 61730 44591 47669  8156 62181 78346 48149]
2020-03-20 22:58:22,045 - exp_torch_topics_d128_margin_i2000_b20_q100_4 - INFO - finish step #7 for 31.842079877853394 sec
2020-03-20 22:58:22,046 - exp_torch_topics_d128_margin_i2000_b20_q100_4 - INFO - current val_accuracy: 0.4509786607799853
2020-03-20 22:58:22,046 - exp_torch_topics_d128_margin_i2000_b20_q100_4 - INFO - start step #8
2020-03-20 22:58:38,357 - exp_torch_topics_d128_margin_i2000_b20_q100_4 - INFO - query idx: [80826 79269 72201 34742 59446 10988 50140 57952 33929 95133 60377 32551
 24570 84506 98089 46401 30164 37596  2680 17167]
2020-03-20 22:58:49,089 - exp_torch_topics_d128_margin_i2000_b20_q100_4 - INFO - finish step #8 for 27.043057918548584 sec
2020-03-20 22:58:49,090 - exp_torch_topics_d128_margin_i2000_b20_q100_4 - INFO - current val_accuracy: 0.45654157468727
2020-03-20 22:58:49,091 - exp_torch_topics_d128_margin_i2000_b20_q100_4 - INFO - start step #9
2020-03-20 22:59:17,409 - exp_torch_topics_d128_margin_i2000_b20_q100_4 - INFO - query idx: [38381 17463 73969 25840  9117 32392 85420 64546 82407 38459 66444 37771
 58084 27409 71297 51239 13096  3593 86555 96369]
2020-03-20 22:59:31,571 - exp_torch_topics_d128_margin_i2000_b20_q100_4 - INFO - finish step #9 for 42.475592851638794 sec
2020-03-20 22:59:31,701 - exp_torch_topics_d128_margin_i2000_b20_q100_4 - INFO - current val_accuracy: 0.45748344370860927
2020-03-20 22:59:31,701 - exp_torch_topics_d128_margin_i2000_b20_q100_4 - INFO - start step #10
2020-03-20 22:59:55,541 - exp_torch_topics_d128_margin_i2000_b20_q100_4 - INFO - query idx: [10821 77031  2550 78235 11837 24204 58774 33977 11889 15784 52621 49194
 97373  3659 23695 86838 58767 68456 12648  9318]
2020-03-20 23:00:04,369 - exp_torch_topics_d128_margin_i2000_b20_q100_4 - INFO - finish step #10 for 32.667569160461426 sec
2020-03-20 23:00:04,371 - exp_torch_topics_d128_margin_i2000_b20_q100_4 - INFO - current val_accuracy: 0.45786607799852835
2020-03-20 23:00:04,372 - exp_torch_topics_d128_margin_i2000_b20_q100_4 - INFO - start step #11
2020-03-20 23:00:22,892 - exp_torch_topics_d128_margin_i2000_b20_q100_4 - INFO - query idx: [28933  1419 49024 82179 10086 69837 46474 67587 34772 45208 24131 68954
 79427 18979 56635 75900 77328 56850 69143 15262]
2020-03-20 23:00:34,493 - exp_torch_topics_d128_margin_i2000_b20_q100_4 - INFO - finish step #11 for 30.118266105651855 sec
2020-03-20 23:00:34,495 - exp_torch_topics_d128_margin_i2000_b20_q100_4 - INFO - current val_accuracy: 0.4605150846210449
2020-03-20 23:00:34,496 - exp_torch_topics_d128_margin_i2000_b20_q100_4 - INFO - start step #12
2020-03-20 23:01:07,733 - exp_torch_topics_d128_margin_i2000_b20_q100_4 - INFO - query idx: [ 6949 42974 12568 14622 81985 34243 43666 93118 66622    20 80833 43569
 29068  1726 89287 34027 69357  9156 55985 62702]
2020-03-20 23:01:34,924 - exp_torch_topics_d128_margin_i2000_b20_q100_4 - INFO - finish step #12 for 60.42744517326355 sec
2020-03-20 23:01:34,930 - exp_torch_topics_d128_margin_i2000_b20_q100_4 - INFO - current val_accuracy: 0.4597792494481236
2020-03-20 23:01:34,932 - exp_torch_topics_d128_margin_i2000_b20_q100_4 - INFO - start step #13
2020-03-20 23:01:59,372 - exp_torch_topics_d128_margin_i2000_b20_q100_4 - INFO - query idx: [71465 20683 34004 87671 72812 51556 66991 10272  8747 77455 36253 37075
 83326 63014 37170 28116  3648 25252 11610 24345]
2020-03-20 23:02:10,603 - exp_torch_topics_d128_margin_i2000_b20_q100_4 - INFO - finish step #13 for 35.6697678565979 sec
2020-03-20 23:02:10,606 - exp_torch_topics_d128_margin_i2000_b20_q100_4 - INFO - current val_accuracy: 0.4613392200147167
2020-03-20 23:02:10,606 - exp_torch_topics_d128_margin_i2000_b20_q100_4 - INFO - start step #14
2020-03-20 23:02:37,497 - exp_torch_topics_d128_margin_i2000_b20_q100_4 - INFO - query idx: [ 8471 37503 17427 85532 32461 94828 23006  3843 21272 23417 27284 73620
 50534 33355 53907 41423 20435  6186 20480 48026]
2020-03-20 23:02:54,846 - exp_torch_topics_d128_margin_i2000_b20_q100_4 - INFO - finish step #14 for 44.23982310295105 sec
2020-03-20 23:02:54,848 - exp_torch_topics_d128_margin_i2000_b20_q100_4 - INFO - current val_accuracy: 0.46210448859455483
2020-03-20 23:02:54,852 - exp_torch_topics_d128_margin_i2000_b20_q100_4 - INFO - start step #15
2020-03-20 23:03:14,338 - exp_torch_topics_d128_margin_i2000_b20_q100_4 - INFO - query idx: [10059 85805  9718 46570 15673 95047  8662 65065 67198 97183 78835 95207
 53095 83626 21015   419 21654 33004 95172  6482]
2020-03-20 23:03:20,479 - exp_torch_topics_d128_margin_i2000_b20_q100_4 - INFO - finish step #15 for 25.624128103256226 sec
2020-03-20 23:03:20,479 - exp_torch_topics_d128_margin_i2000_b20_q100_4 - INFO - current val_accuracy: 0.46248712288447386
2020-03-20 23:03:20,479 - exp_torch_topics_d128_margin_i2000_b20_q100_4 - INFO - start step #16
2020-03-20 23:03:32,516 - exp_torch_topics_d128_margin_i2000_b20_q100_4 - INFO - query idx: [61921 80574 35101 20543 44564 36491 93230 61432 87521 11235 58622  3383
 39337 20877 37648 82369  3471 90696 45586 31213]
2020-03-20 23:03:36,522 - exp_torch_topics_d128_margin_i2000_b20_q100_4 - INFO - finish step #16 for 16.0432550907135 sec
2020-03-20 23:03:36,523 - exp_torch_topics_d128_margin_i2000_b20_q100_4 - INFO - current val_accuracy: 0.4639587932303164
2020-03-20 23:03:36,523 - exp_torch_topics_d128_margin_i2000_b20_q100_4 - INFO - start step #17
2020-03-20 23:03:49,621 - exp_torch_topics_d128_margin_i2000_b20_q100_4 - INFO - query idx: [22341 74824 47102 49113 53107 12055 60309 32531 70801 37503  7933 52846
 25938  2018 72440 65097 46081 87093 81453 91826]
2020-03-20 23:04:00,366 - exp_torch_topics_d128_margin_i2000_b20_q100_4 - INFO - finish step #17 for 23.842902183532715 sec
2020-03-20 23:04:00,366 - exp_torch_topics_d128_margin_i2000_b20_q100_4 - INFO - current val_accuracy: 0.46707873436350256
2020-03-20 23:04:00,367 - exp_torch_topics_d128_margin_i2000_b20_q100_4 - INFO - start step #18
2020-03-20 23:04:20,720 - exp_torch_topics_d128_margin_i2000_b20_q100_4 - INFO - query idx: [26184 79796  4623 66118 90259 58703 43484 30312 98775 51937 54000 19281
 58177 72847 56463 23332 41295 21305 94037 42771]
2020-03-20 23:04:29,962 - exp_torch_topics_d128_margin_i2000_b20_q100_4 - INFO - finish step #18 for 29.594922065734863 sec
2020-03-20 23:04:29,962 - exp_torch_topics_d128_margin_i2000_b20_q100_4 - INFO - current val_accuracy: 0.4694922737306843
2020-03-20 23:04:29,962 - exp_torch_topics_d128_margin_i2000_b20_q100_4 - INFO - start step #19
2020-03-20 23:04:40,585 - exp_torch_topics_d128_margin_i2000_b20_q100_4 - INFO - query idx: [74540 16920 30837 21013 14046 78281 16279  6423 50370 69125 29428 58884
 12578 60774 64317 93440 48727 34710 78694 85100]
2020-03-20 23:04:49,649 - exp_torch_topics_d128_margin_i2000_b20_q100_4 - INFO - finish step #19 for 19.686505794525146 sec
2020-03-20 23:04:49,650 - exp_torch_topics_d128_margin_i2000_b20_q100_4 - INFO - current val_accuracy: 0.4688741721854305
2020-03-20 23:04:49,650 - exp_torch_topics_d128_margin_i2000_b20_q100_4 - INFO - start step #20
2020-03-20 23:05:02,521 - exp_torch_topics_d128_margin_i2000_b20_q100_4 - INFO - query idx: [97332 73434 18621 88873 26239 81061 85352 97856  5079 22976 35823 69479
  6848 79732 80071  8877 33479 74863 74710 77776]
2020-03-20 23:05:08,096 - exp_torch_topics_d128_margin_i2000_b20_q100_4 - INFO - finish step #20 for 18.446126222610474 sec
2020-03-20 23:05:08,096 - exp_torch_topics_d128_margin_i2000_b20_q100_4 - INFO - current val_accuracy: 0.469168506254599
2020-03-20 23:05:08,097 - exp_torch_topics_d128_margin_i2000_b20_q100_4 - INFO - start step #21
2020-03-20 23:05:20,152 - exp_torch_topics_d128_margin_i2000_b20_q100_4 - INFO - query idx: [32531 39433 57743 34797 78679 69038 82957 94206 21941 72365 25551 37976
  1529 64272 73614  6499 59093 20180 93728 68458]
2020-03-20 23:05:26,752 - exp_torch_topics_d128_margin_i2000_b20_q100_4 - INFO - finish step #21 for 18.655467987060547 sec
2020-03-20 23:05:26,753 - exp_torch_topics_d128_margin_i2000_b20_q100_4 - INFO - current val_accuracy: 0.4714643119941133
2020-03-20 23:05:26,755 - exp_torch_topics_d128_margin_i2000_b20_q100_4 - INFO - start step #22
2020-03-20 23:05:44,963 - exp_torch_topics_d128_margin_i2000_b20_q100_4 - INFO - query idx: [ 8184 43421 22215 20988 56852 90050 47998 65038 42227 74313 91510  3369
 92912 71940 85413 57360 61508 15502 98241 73352]
2020-03-20 23:05:55,762 - exp_torch_topics_d128_margin_i2000_b20_q100_4 - INFO - finish step #22 for 29.007514238357544 sec
2020-03-20 23:05:55,763 - exp_torch_topics_d128_margin_i2000_b20_q100_4 - INFO - current val_accuracy: 0.4699926416482708
2020-03-20 23:05:55,764 - exp_torch_topics_d128_margin_i2000_b20_q100_4 - INFO - start step #23
2020-03-20 23:06:09,402 - exp_torch_topics_d128_margin_i2000_b20_q100_4 - INFO - query idx: [14737 15143 10669 13924 76874 30018 75133 74289 34433  6081 43817 57082
 67273 62152 12545 48212 32022 75668 81674 34171]
2020-03-20 23:06:17,005 - exp_torch_topics_d128_margin_i2000_b20_q100_4 - INFO - finish step #23 for 21.24090886116028 sec
2020-03-20 23:06:17,006 - exp_torch_topics_d128_margin_i2000_b20_q100_4 - INFO - current val_accuracy: 0.47108167770419423
2020-03-20 23:06:17,006 - exp_torch_topics_d128_margin_i2000_b20_q100_4 - INFO - start step #24
2020-03-20 23:06:26,862 - exp_torch_topics_d128_margin_i2000_b20_q100_4 - INFO - query idx: [67384  1038 91592 82560 69307 82884 95992 35780 56325 17783 26561 53049
 87573  1574 36547 65385 89017 84038 70162 90422]
2020-03-20 23:06:32,641 - exp_torch_topics_d128_margin_i2000_b20_q100_4 - INFO - finish step #24 for 15.634847164154053 sec
2020-03-20 23:06:32,641 - exp_torch_topics_d128_margin_i2000_b20_q100_4 - INFO - current val_accuracy: 0.4749963208241354
2020-03-20 23:06:32,641 - exp_torch_topics_d128_margin_i2000_b20_q100_4 - INFO - start step #25
2020-03-20 23:06:45,062 - exp_torch_topics_d128_margin_i2000_b20_q100_4 - INFO - query idx: [ 2257 45263 35088 13922 82229 66423 67262 63936 25300 42227 71619 74725
 55712 61548 40612 85789 40658 89343 80978 88616]
2020-03-20 23:06:52,581 - exp_torch_topics_d128_margin_i2000_b20_q100_4 - INFO - finish step #25 for 19.937619924545288 sec
2020-03-20 23:06:52,581 - exp_torch_topics_d128_margin_i2000_b20_q100_4 - INFO - current val_accuracy: 0.47520235467255334
2020-03-20 23:06:52,584 - exp_torch_topics_d128_margin_i2000_b20_q100_4 - INFO - start step #26
2020-03-20 23:07:14,820 - exp_torch_topics_d128_margin_i2000_b20_q100_4 - INFO - query idx: [22074 53404 59972 87750 26634  2054 14683 17041 48697 91726 48756 60245
 54998 31124 26046 55013 44233 44133 11479 85664]
2020-03-20 23:07:23,659 - exp_torch_topics_d128_margin_i2000_b20_q100_4 - INFO - finish step #26 for 31.075608015060425 sec
2020-03-20 23:07:23,660 - exp_torch_topics_d128_margin_i2000_b20_q100_4 - INFO - current val_accuracy: 0.4749963208241354
2020-03-20 23:07:23,676 - exp_torch_topics_d128_margin_i2000_b20_q100_4 - INFO - start step #27
2020-03-20 23:07:40,876 - exp_torch_topics_d128_margin_i2000_b20_q100_4 - INFO - query idx: [35185 19007 87362 25528  1874 66328 91539 81406 55630 63793 69927  2309
 65905 65959 92073 16748 47575 13005 65375 19831]
2020-03-20 23:07:45,860 - exp_torch_topics_d128_margin_i2000_b20_q100_4 - INFO - finish step #27 for 22.183236122131348 sec
2020-03-20 23:07:45,860 - exp_torch_topics_d128_margin_i2000_b20_q100_4 - INFO - current val_accuracy: 0.4741427520235467
2020-03-20 23:07:45,860 - exp_torch_topics_d128_margin_i2000_b20_q100_4 - INFO - start step #28
2020-03-20 23:07:55,870 - exp_torch_topics_d128_margin_i2000_b20_q100_4 - INFO - query idx: [56647 24906  9782 24121 15981 26008 24388 40809 42120 31019 89541 59401
 44157 18487 88681 56385 70889 66953 47234 60721]
2020-03-20 23:08:00,129 - exp_torch_topics_d128_margin_i2000_b20_q100_4 - INFO - finish step #28 for 14.268826007843018 sec
2020-03-20 23:08:00,129 - exp_torch_topics_d128_margin_i2000_b20_q100_4 - INFO - current val_accuracy: 0.4713465783664459
2020-03-20 23:08:00,130 - exp_torch_topics_d128_margin_i2000_b20_q100_4 - INFO - start step #29
2020-03-20 23:08:11,974 - exp_torch_topics_d128_margin_i2000_b20_q100_4 - INFO - query idx: [29244 82253  2899 75313 43207 21306  8155 81196 67210 55707 65877 48311
 61033 67675 62660 53801 50395 66821 36329 87104]
2020-03-20 23:08:28,024 - exp_torch_topics_d128_margin_i2000_b20_q100_4 - INFO - finish step #29 for 27.893660068511963 sec
2020-03-20 23:08:28,026 - exp_torch_topics_d128_margin_i2000_b20_q100_4 - INFO - current val_accuracy: 0.4686092715231788
2020-03-20 23:08:28,026 - exp_torch_topics_d128_margin_i2000_b20_q100_4 - INFO - start step #30
2020-03-20 23:08:48,817 - exp_torch_topics_d128_margin_i2000_b20_q100_4 - INFO - query idx: [45454 68255 64376 50534 69368  9008 53359 16060 62323 88282 76319 66586
 36941 39292 62921 97545 33078 58595  2744 73680]
2020-03-20 23:08:58,746 - exp_torch_topics_d128_margin_i2000_b20_q100_4 - INFO - finish step #30 for 30.719868898391724 sec
2020-03-20 23:08:58,748 - exp_torch_topics_d128_margin_i2000_b20_q100_4 - INFO - current val_accuracy: 0.4700220750551876
2020-03-20 23:08:58,751 - exp_torch_topics_d128_margin_i2000_b20_q100_4 - INFO - start step #31
2020-03-20 23:09:09,976 - exp_torch_topics_d128_margin_i2000_b20_q100_4 - INFO - query idx: [53715  7264 86283 54280 38712 16267 69190 28837 20344 30053 68569 27301
 71964 93735 52500 48385 87841  2576 86438 32600]
2020-03-20 23:09:13,521 - exp_torch_topics_d128_margin_i2000_b20_q100_4 - INFO - finish step #31 for 14.76956295967102 sec
2020-03-20 23:09:13,521 - exp_torch_topics_d128_margin_i2000_b20_q100_4 - INFO - current val_accuracy: 0.47019867549668876
2020-03-20 23:09:13,521 - exp_torch_topics_d128_margin_i2000_b20_q100_4 - INFO - start step #32
2020-03-20 23:09:21,371 - exp_torch_topics_d128_margin_i2000_b20_q100_4 - INFO - query idx: [32911 17306 46407 93693 64861 89568 56154 11221  4926 15483 46257  2138
 36729 95876 44430 16389 23204 71022 76126 27353]
2020-03-20 23:09:25,449 - exp_torch_topics_d128_margin_i2000_b20_q100_4 - INFO - finish step #32 for 11.928117036819458 sec
2020-03-20 23:09:25,450 - exp_torch_topics_d128_margin_i2000_b20_q100_4 - INFO - current val_accuracy: 0.4738484179543782
2020-03-20 23:09:25,450 - exp_torch_topics_d128_margin_i2000_b20_q100_4 - INFO - start step #33
2020-03-20 23:09:43,653 - exp_torch_topics_d128_margin_i2000_b20_q100_4 - INFO - query idx: [19393 72655 31461 81552 20995 40696 55840 20481   650  8885 54140 60535
 35187  8510 36247  5065 47758  1437 92709 83664]
2020-03-20 23:09:52,695 - exp_torch_topics_d128_margin_i2000_b20_q100_4 - INFO - finish step #33 for 27.24244499206543 sec
2020-03-20 23:09:52,696 - exp_torch_topics_d128_margin_i2000_b20_q100_4 - INFO - current val_accuracy: 0.47846946284032377
2020-03-20 23:09:52,696 - exp_torch_topics_d128_margin_i2000_b20_q100_4 - INFO - start step #34
2020-03-20 23:10:03,462 - exp_torch_topics_d128_margin_i2000_b20_q100_4 - INFO - query idx: [91204 67949 69371  8363  3951 54890 24537 48246 76343 46880 36712 21751
 65783 83300 52164 74795 64345 25213 64675  8739]
2020-03-20 23:10:07,282 - exp_torch_topics_d128_margin_i2000_b20_q100_4 - INFO - finish step #34 for 14.585910081863403 sec
2020-03-20 23:10:07,282 - exp_torch_topics_d128_margin_i2000_b20_q100_4 - INFO - current val_accuracy: 0.48247240618101545
2020-03-20 23:10:07,282 - exp_torch_topics_d128_margin_i2000_b20_q100_4 - INFO - start step #35
2020-03-20 23:10:16,728 - exp_torch_topics_d128_margin_i2000_b20_q100_4 - INFO - query idx: [54830 88313 49586 47888 85159 37608 72297 39754 46790 77610 19560   241
 13289 79999 22238 30156 73383  6744 50749 12370]
2020-03-20 23:10:21,018 - exp_torch_topics_d128_margin_i2000_b20_q100_4 - INFO - finish step #35 for 13.73514699935913 sec
2020-03-20 23:10:21,018 - exp_torch_topics_d128_margin_i2000_b20_q100_4 - INFO - current val_accuracy: 0.48991905813097864
2020-03-20 23:10:21,018 - exp_torch_topics_d128_margin_i2000_b20_q100_4 - INFO - start step #36
2020-03-20 23:10:30,531 - exp_torch_topics_d128_margin_i2000_b20_q100_4 - INFO - query idx: [95170 79729 54695 33296  2086 76774 72454 75322 98182 34815 46617 35721
 35130 51244 28705 27896 21275 42753 98630 60462]
2020-03-20 23:10:37,692 - exp_torch_topics_d128_margin_i2000_b20_q100_4 - INFO - finish step #36 for 16.673519134521484 sec
2020-03-20 23:10:37,692 - exp_torch_topics_d128_margin_i2000_b20_q100_4 - INFO - current val_accuracy: 0.48933038999264167
2020-03-20 23:10:37,693 - exp_torch_topics_d128_margin_i2000_b20_q100_4 - INFO - start step #37
2020-03-20 23:10:52,674 - exp_torch_topics_d128_margin_i2000_b20_q100_4 - INFO - query idx: [77110  7549 61069 87321 48614 42720 58294 42193 20555 33662 31195 11217
 16188  9978 75026 61520 11918 38194 46840 18426]
2020-03-20 23:11:02,001 - exp_torch_topics_d128_margin_i2000_b20_q100_4 - INFO - finish step #37 for 24.305495023727417 sec
2020-03-20 23:11:02,003 - exp_torch_topics_d128_margin_i2000_b20_q100_4 - INFO - current val_accuracy: 0.48980132450331126
2020-03-20 23:11:02,006 - exp_torch_topics_d128_margin_i2000_b20_q100_4 - INFO - start step #38
2020-03-20 23:11:12,039 - exp_torch_topics_d128_margin_i2000_b20_q100_4 - INFO - query idx: [60278 97744 13556 97901 39059 32878 77463 98920 11017  3144 48131 12829
 57586 95345 33023 21232 29810 81397 14454 65167]
2020-03-20 23:11:15,745 - exp_torch_topics_d128_margin_i2000_b20_q100_4 - INFO - finish step #38 for 13.738064765930176 sec
2020-03-20 23:11:15,745 - exp_torch_topics_d128_margin_i2000_b20_q100_4 - INFO - current val_accuracy: 0.48997792494481235
2020-03-20 23:11:15,745 - exp_torch_topics_d128_margin_i2000_b20_q100_4 - INFO - start step #39
2020-03-20 23:11:23,925 - exp_torch_topics_d128_margin_i2000_b20_q100_4 - INFO - query idx: [ 6824 17803 23509 73239 24807 95177 53550 62257 38789 48615 32654 46828
 73577 76460 80905 47588 34730 47022 60832  3144]
2020-03-20 23:11:27,706 - exp_torch_topics_d128_margin_i2000_b20_q100_4 - INFO - finish step #39 for 11.961333751678467 sec
2020-03-20 23:11:27,707 - exp_torch_topics_d128_margin_i2000_b20_q100_4 - INFO - current val_accuracy: 0.4874760853568801
2020-03-20 23:11:27,707 - exp_torch_topics_d128_margin_i2000_b20_q100_4 - INFO - start step #40
2020-03-20 23:11:46,800 - exp_torch_topics_d128_margin_i2000_b20_q100_4 - INFO - query idx: [34180 24744 53560 54309 15680 94020 14436 30887 95485 81201 21958 61614
 88664 91217 65171 76460 21690 84666 27015 92779]
2020-03-20 23:12:03,270 - exp_torch_topics_d128_margin_i2000_b20_q100_4 - INFO - finish step #40 for 35.56271171569824 sec
2020-03-20 23:12:03,271 - exp_torch_topics_d128_margin_i2000_b20_q100_4 - INFO - current val_accuracy: 0.485710080941869
2020-03-20 23:12:03,271 - exp_torch_topics_d128_margin_i2000_b20_q100_4 - INFO - start step #41
2020-03-20 23:12:31,402 - exp_torch_topics_d128_margin_i2000_b20_q100_4 - INFO - query idx: [47734 21778 55376 79226 94027 92431 26874 55381 35790 14168 77943 36813
 60597 93831 90273 82497 84301 41181 82745 80134]
2020-03-20 23:12:45,504 - exp_torch_topics_d128_margin_i2000_b20_q100_4 - INFO - finish step #41 for 42.23300504684448 sec
2020-03-20 23:12:45,507 - exp_torch_topics_d128_margin_i2000_b20_q100_4 - INFO - current val_accuracy: 0.4875643855776306
2020-03-20 23:12:45,510 - exp_torch_topics_d128_margin_i2000_b20_q100_4 - INFO - start step #42
2020-03-20 23:13:07,761 - exp_torch_topics_d128_margin_i2000_b20_q100_4 - INFO - query idx: [90951 14398 94227   417 92569 54162 96156 58788 30086 42006  7325 60350
 96157 58198 94088   197 83114 22457  3651 18672]
2020-03-20 23:13:20,593 - exp_torch_topics_d128_margin_i2000_b20_q100_4 - INFO - finish step #42 for 35.082852840423584 sec
2020-03-20 23:13:20,595 - exp_torch_topics_d128_margin_i2000_b20_q100_4 - INFO - current val_accuracy: 0.4916850625459897
2020-03-20 23:13:20,599 - exp_torch_topics_d128_margin_i2000_b20_q100_4 - INFO - start step #43
2020-03-20 23:13:50,199 - exp_torch_topics_d128_margin_i2000_b20_q100_4 - INFO - query idx: [72917 52227 65249 64215 53606 59551 68651  4679  2837 84823 74259 56252
 93151 53071 98062 88934 27368 51444 77657 87784]
2020-03-20 23:14:05,601 - exp_torch_topics_d128_margin_i2000_b20_q100_4 - INFO - finish step #43 for 45.001368284225464 sec
2020-03-20 23:14:05,603 - exp_torch_topics_d128_margin_i2000_b20_q100_4 - INFO - current val_accuracy: 0.4927740986019132
2020-03-20 23:14:05,604 - exp_torch_topics_d128_margin_i2000_b20_q100_4 - INFO - start step #44
2020-03-20 23:14:33,512 - exp_torch_topics_d128_margin_i2000_b20_q100_4 - INFO - query idx: [62597  8803 49755 72443 68264 89625 91418 57224 86070 65712 45455 66239
 78142 58640 16578  7810 78405 41308 57554 10100]
2020-03-20 23:14:42,858 - exp_torch_topics_d128_margin_i2000_b20_q100_4 - INFO - finish step #44 for 37.254230976104736 sec
2020-03-20 23:14:42,858 - exp_torch_topics_d128_margin_i2000_b20_q100_4 - INFO - current val_accuracy: 0.49021339220014715
2020-03-20 23:14:42,859 - exp_torch_topics_d128_margin_i2000_b20_q100_4 - INFO - start step #45
2020-03-20 23:14:51,884 - exp_torch_topics_d128_margin_i2000_b20_q100_4 - INFO - query idx: [19170 46722 92208 15224 53322 96151 74645 83535 40384 45856 21488 23484
 74748 46192 54544 25977 37646 46405 59613 96420]
2020-03-20 23:14:56,968 - exp_torch_topics_d128_margin_i2000_b20_q100_4 - INFO - finish step #45 for 14.10818099975586 sec
2020-03-20 23:14:56,968 - exp_torch_topics_d128_margin_i2000_b20_q100_4 - INFO - current val_accuracy: 0.4925974981604121
2020-03-20 23:14:56,969 - exp_torch_topics_d128_margin_i2000_b20_q100_4 - INFO - start step #46
2020-03-20 23:15:06,723 - exp_torch_topics_d128_margin_i2000_b20_q100_4 - INFO - query idx: [53116 62098 65114 54751 49324 78038 28083 40861 69888 60932 87769 14749
 26165 67807  7631 28444 56584 46293 34446 48723]
2020-03-20 23:15:16,088 - exp_torch_topics_d128_margin_i2000_b20_q100_4 - INFO - finish step #46 for 19.118417978286743 sec
2020-03-20 23:15:16,090 - exp_torch_topics_d128_margin_i2000_b20_q100_4 - INFO - current val_accuracy: 0.4932450331125828
2020-03-20 23:15:16,090 - exp_torch_topics_d128_margin_i2000_b20_q100_4 - INFO - start step #47
2020-03-20 23:15:27,555 - exp_torch_topics_d128_margin_i2000_b20_q100_4 - INFO - query idx: [66474  6521 79402 77337 38865 55430 94607 83421 22718 33367 24091 65382
 20332 68638 16745 58579 92791 12071 86355 43956]
2020-03-20 23:15:31,671 - exp_torch_topics_d128_margin_i2000_b20_q100_4 - INFO - finish step #47 for 15.580589771270752 sec
2020-03-20 23:15:31,671 - exp_torch_topics_d128_margin_i2000_b20_q100_4 - INFO - current val_accuracy: 0.49289183222958055
2020-03-20 23:15:31,671 - exp_torch_topics_d128_margin_i2000_b20_q100_4 - INFO - start step #48
2020-03-20 23:15:40,294 - exp_torch_topics_d128_margin_i2000_b20_q100_4 - INFO - query idx: [71941 85996 90025 18008 11910 93985 68934 48499 49390 62299 14803 90794
  4684 65576 39346 81516 35169 91330 16751 51869]
2020-03-20 23:15:45,609 - exp_torch_topics_d128_margin_i2000_b20_q100_4 - INFO - finish step #48 for 13.93789792060852 sec
2020-03-20 23:15:45,667 - exp_torch_topics_d128_margin_i2000_b20_q100_4 - INFO - current val_accuracy: 0.4929801324503311
2020-03-20 23:15:45,668 - exp_torch_topics_d128_margin_i2000_b20_q100_4 - INFO - start step #49
2020-03-20 23:16:05,137 - exp_torch_topics_d128_margin_i2000_b20_q100_4 - INFO - query idx: [95182 35241 22463  1903 87597  6638 90283 17205 93130 97937 24255 47925
  9671 77083 12685  6184 71187 56442  3011 38399]
2020-03-20 23:16:14,527 - exp_torch_topics_d128_margin_i2000_b20_q100_4 - INFO - finish step #49 for 28.85902214050293 sec
2020-03-20 23:16:14,528 - exp_torch_topics_d128_margin_i2000_b20_q100_4 - INFO - current val_accuracy: 0.49218543046357616
2020-03-20 23:16:14,529 - exp_torch_topics_d128_margin_i2000_b20_q100_4 - INFO - start step #50
2020-03-20 23:16:26,979 - exp_torch_topics_d128_margin_i2000_b20_q100_4 - INFO - query idx: [64875 49319 83189 20431 77254 83812 30755 82266 19867 32579 24044 98992
 70239 25316 29412 58113 28251 70269 46592 88646]
2020-03-20 23:16:32,034 - exp_torch_topics_d128_margin_i2000_b20_q100_4 - INFO - finish step #50 for 17.504770040512085 sec
2020-03-20 23:16:32,034 - exp_torch_topics_d128_margin_i2000_b20_q100_4 - INFO - current val_accuracy: 0.4935393671817513
2020-03-20 23:16:32,034 - exp_torch_topics_d128_margin_i2000_b20_q100_4 - INFO - start step #51
2020-03-20 23:16:40,825 - exp_torch_topics_d128_margin_i2000_b20_q100_4 - INFO - query idx: [43189 29557 10500 13635 50512 25615 56611 71232 93422 90676 31333 97313
  3504 16708 64864 73859 13401 12572 48069 43316]
2020-03-20 23:16:44,477 - exp_torch_topics_d128_margin_i2000_b20_q100_4 - INFO - finish step #51 for 12.443237781524658 sec
2020-03-20 23:16:44,477 - exp_torch_topics_d128_margin_i2000_b20_q100_4 - INFO - current val_accuracy: 0.4951582045621781
2020-03-20 23:16:44,478 - exp_torch_topics_d128_margin_i2000_b20_q100_4 - INFO - start step #52
2020-03-20 23:16:53,101 - exp_torch_topics_d128_margin_i2000_b20_q100_4 - INFO - query idx: [51485 37542  6822 49936 47243  7458 43853 20198 53267 64913 17952 63534
 26114 41123 28313 37546 24197 55476 52914 95227]
2020-03-20 23:16:56,464 - exp_torch_topics_d128_margin_i2000_b20_q100_4 - INFO - finish step #52 for 11.98596978187561 sec
2020-03-20 23:16:56,464 - exp_torch_topics_d128_margin_i2000_b20_q100_4 - INFO - current val_accuracy: 0.49247976453274467
2020-03-20 23:16:56,464 - exp_torch_topics_d128_margin_i2000_b20_q100_4 - INFO - start step #53
2020-03-20 23:17:04,876 - exp_torch_topics_d128_margin_i2000_b20_q100_4 - INFO - query idx: [ 2152 69185 40907 71255 17364 28110 15730 23123 19068 59270 68039 52280
 47963 52426 95637 47383 15815  5928 93694 69750]
2020-03-20 23:17:08,591 - exp_torch_topics_d128_margin_i2000_b20_q100_4 - INFO - finish step #53 for 12.126957178115845 sec
2020-03-20 23:17:08,591 - exp_torch_topics_d128_margin_i2000_b20_q100_4 - INFO - current val_accuracy: 0.4953053715967623
2020-03-20 23:17:08,592 - exp_torch_topics_d128_margin_i2000_b20_q100_4 - INFO - start step #54
2020-03-20 23:17:19,422 - exp_torch_topics_d128_margin_i2000_b20_q100_4 - INFO - query idx: [33844 66703 68880 16121 76478 65933 58493 86164 32142 97997 73576  7339
 17301 98905 36667 52501 55869 85094 65690 91873]
2020-03-20 23:17:25,943 - exp_torch_topics_d128_margin_i2000_b20_q100_4 - INFO - finish step #54 for 17.351051092147827 sec
2020-03-20 23:17:25,943 - exp_torch_topics_d128_margin_i2000_b20_q100_4 - INFO - current val_accuracy: 0.47799852832965417
2020-03-20 23:17:25,943 - exp_torch_topics_d128_margin_i2000_b20_q100_4 - INFO - start step #55
2020-03-20 23:17:38,557 - exp_torch_topics_d128_margin_i2000_b20_q100_4 - INFO - query idx: [27139 83420  5044 63298 53180 18235 30939 76296  3790 93029 49534 85733
 80788 13317 25123 48000 80472 88039 26510 14012]
2020-03-20 23:17:43,126 - exp_torch_topics_d128_margin_i2000_b20_q100_4 - INFO - finish step #55 for 17.18299913406372 sec
2020-03-20 23:17:43,274 - exp_torch_topics_d128_margin_i2000_b20_q100_4 - INFO - current val_accuracy: 0.47181751287711554
2020-03-20 23:17:43,275 - exp_torch_topics_d128_margin_i2000_b20_q100_4 - INFO - start step #56
2020-03-20 23:17:51,364 - exp_torch_topics_d128_margin_i2000_b20_q100_4 - INFO - query idx: [31568 25930 40034  6959 88518 86312  9101 40412 44360 29820 49869 36148
 49760 41163 26187 92004 80355 14581 87175 61714]
2020-03-20 23:17:54,898 - exp_torch_topics_d128_margin_i2000_b20_q100_4 - INFO - finish step #56 for 11.622228145599365 sec
2020-03-20 23:17:54,898 - exp_torch_topics_d128_margin_i2000_b20_q100_4 - INFO - current val_accuracy: 0.4771449595290655
2020-03-20 23:17:54,898 - exp_torch_topics_d128_margin_i2000_b20_q100_4 - INFO - start step #57
2020-03-20 23:18:02,897 - exp_torch_topics_d128_margin_i2000_b20_q100_4 - INFO - query idx: [85173 56723 38962 78907 11552 95430 36524 19282 16672 63714 41388 34851
 98503 15850 76780  8184 64497 84158 93679 31103]
2020-03-20 23:18:06,479 - exp_torch_topics_d128_margin_i2000_b20_q100_4 - INFO - finish step #57 for 11.580435991287231 sec
2020-03-20 23:18:06,479 - exp_torch_topics_d128_margin_i2000_b20_q100_4 - INFO - current val_accuracy: 0.4925091979396615
2020-03-20 23:18:06,480 - exp_torch_topics_d128_margin_i2000_b20_q100_4 - INFO - start step #58
2020-03-20 23:18:16,005 - exp_torch_topics_d128_margin_i2000_b20_q100_4 - INFO - query idx: [49099 94989 47322 65654 64702 51147 48204 72365 19555 20282 91084  8343
 84698 53928  6528 95941 68680 77557  6297 58510]
2020-03-20 23:18:24,162 - exp_torch_topics_d128_margin_i2000_b20_q100_4 - INFO - finish step #58 for 17.68108606338501 sec
2020-03-20 23:18:24,162 - exp_torch_topics_d128_margin_i2000_b20_q100_4 - INFO - current val_accuracy: 0.4965710080941869
2020-03-20 23:18:24,162 - exp_torch_topics_d128_margin_i2000_b20_q100_4 - INFO - start step #59
2020-03-20 23:18:41,103 - exp_torch_topics_d128_margin_i2000_b20_q100_4 - INFO - query idx: [32433 84454 13320 75141 18273 51720 95530  5966 61714 95487 84274 92262
 89084 46619 91573 13403  3857 74176 24176 37306]
2020-03-20 23:18:45,842 - exp_torch_topics_d128_margin_i2000_b20_q100_4 - INFO - finish step #59 for 21.679950714111328 sec
2020-03-20 23:18:45,842 - exp_torch_topics_d128_margin_i2000_b20_q100_4 - INFO - current val_accuracy: 0.4992494481236203
2020-03-20 23:18:45,842 - exp_torch_topics_d128_margin_i2000_b20_q100_4 - INFO - start step #60
2020-03-20 23:18:56,103 - exp_torch_topics_d128_margin_i2000_b20_q100_4 - INFO - query idx: [58088 24774 93853 13787 24154 80589 51305 97965 67097 50045 30211 73917
 16879 49580 38598 25911 98432 21569 81095 17506]
2020-03-20 23:19:02,026 - exp_torch_topics_d128_margin_i2000_b20_q100_4 - INFO - finish step #60 for 16.18405508995056 sec
2020-03-20 23:19:02,027 - exp_torch_topics_d128_margin_i2000_b20_q100_4 - INFO - current val_accuracy: 0.4985724797645327
2020-03-20 23:19:02,027 - exp_torch_topics_d128_margin_i2000_b20_q100_4 - INFO - start step #61
2020-03-20 23:19:12,220 - exp_torch_topics_d128_margin_i2000_b20_q100_4 - INFO - query idx: [73196  8829 49807 91809 73060 28355  4373 72809 59361 59945 38098 85437
  8739 52020 95050 32566 61677 53132 31873 93687]
2020-03-20 23:19:15,643 - exp_torch_topics_d128_margin_i2000_b20_q100_4 - INFO - finish step #61 for 13.615747928619385 sec
2020-03-20 23:19:15,643 - exp_torch_topics_d128_margin_i2000_b20_q100_4 - INFO - current val_accuracy: 0.5025459896983075
2020-03-20 23:19:15,643 - exp_torch_topics_d128_margin_i2000_b20_q100_4 - INFO - start step #62
2020-03-20 23:19:23,868 - exp_torch_topics_d128_margin_i2000_b20_q100_4 - INFO - query idx: [77025 71790 86381 18960 36052  5182 49000 10585 61600 35249 70226 17341
 53851 87861  5953 43726 82958 56034 47085 15405]
2020-03-20 23:19:27,887 - exp_torch_topics_d128_margin_i2000_b20_q100_4 - INFO - finish step #62 for 12.243482112884521 sec
2020-03-20 23:19:27,887 - exp_torch_topics_d128_margin_i2000_b20_q100_4 - INFO - current val_accuracy: 0.5050183958793231
2020-03-20 23:19:27,887 - exp_torch_topics_d128_margin_i2000_b20_q100_4 - INFO - start step #63
2020-03-20 23:19:38,122 - exp_torch_topics_d128_margin_i2000_b20_q100_4 - INFO - query idx: [55129 89299 44453 18022 18623 23046 88962 73138   802 93983 37526 24569
 62355 87810 54511 33756 23681 84234 74010 37291]
2020-03-20 23:19:44,847 - exp_torch_topics_d128_margin_i2000_b20_q100_4 - INFO - finish step #63 for 16.959679126739502 sec
2020-03-20 23:19:44,847 - exp_torch_topics_d128_margin_i2000_b20_q100_4 - INFO - current val_accuracy: 0.5043708609271523
2020-03-20 23:19:44,848 - exp_torch_topics_d128_margin_i2000_b20_q100_4 - INFO - start step #64
2020-03-20 23:19:53,516 - exp_torch_topics_d128_margin_i2000_b20_q100_4 - INFO - query idx: [56946 14235 62022 67039 57955 73655 31833 58767 11362 94195  8012  5228
 53723 30272 47516 44621 58294   196 38193 35687]
2020-03-20 23:19:59,092 - exp_torch_topics_d128_margin_i2000_b20_q100_4 - INFO - finish step #64 for 14.24381422996521 sec
2020-03-20 23:19:59,092 - exp_torch_topics_d128_margin_i2000_b20_q100_4 - INFO - current val_accuracy: 0.5055481972038264
2020-03-20 23:19:59,092 - exp_torch_topics_d128_margin_i2000_b20_q100_4 - INFO - start step #65
2020-03-20 23:20:07,015 - exp_torch_topics_d128_margin_i2000_b20_q100_4 - INFO - query idx: [86107 69245 75970 36038 43916 77793 53079 35019 59104 39948 39108 27784
 94481  8653 29093 13492 17618 22018 20837 42995]
2020-03-20 23:20:14,233 - exp_torch_topics_d128_margin_i2000_b20_q100_4 - INFO - finish step #65 for 15.140522956848145 sec
2020-03-20 23:20:14,233 - exp_torch_topics_d128_margin_i2000_b20_q100_4 - INFO - current val_accuracy: 0.5071670345842532
2020-03-20 23:20:14,233 - exp_torch_topics_d128_margin_i2000_b20_q100_4 - INFO - start step #66
2020-03-20 23:20:33,378 - exp_torch_topics_d128_margin_i2000_b20_q100_4 - INFO - query idx: [33597 11556  7176 93622  7091 45914 44530 96748 97016  8082 45393 15554
 21884 71088 57865 44382 50002 58750 43030 47956]
2020-03-20 23:20:44,363 - exp_torch_topics_d128_margin_i2000_b20_q100_4 - INFO - finish step #66 for 30.12958264350891 sec
2020-03-20 23:20:44,365 - exp_torch_topics_d128_margin_i2000_b20_q100_4 - INFO - current val_accuracy: 0.5049595290654894
2020-03-20 23:20:44,367 - exp_torch_topics_d128_margin_i2000_b20_q100_4 - INFO - start step #67
2020-03-20 23:21:12,800 - exp_torch_topics_d128_margin_i2000_b20_q100_4 - INFO - query idx: [83693 94957  9758 43909 76976  1964 80494 41831 13100 97938 89308 17681
    67 85708 66931 47180 36749 36784 54996 75769]
2020-03-20 23:21:25,470 - exp_torch_topics_d128_margin_i2000_b20_q100_4 - INFO - finish step #67 for 41.10231614112854 sec
2020-03-20 23:21:25,471 - exp_torch_topics_d128_margin_i2000_b20_q100_4 - INFO - current val_accuracy: 0.5055776306107432
2020-03-20 23:21:25,473 - exp_torch_topics_d128_margin_i2000_b20_q100_4 - INFO - start step #68
2020-03-20 23:21:44,241 - exp_torch_topics_d128_margin_i2000_b20_q100_4 - INFO - query idx: [11604 12506 19044 46536 79624 56200 43328  3871 26874 49705 85791 17500
 26852 34686 55737  5933 39813 24314 39853 49889]
2020-03-20 23:21:49,950 - exp_torch_topics_d128_margin_i2000_b20_q100_4 - INFO - finish step #68 for 24.47691512107849 sec
2020-03-20 23:21:49,950 - exp_torch_topics_d128_margin_i2000_b20_q100_4 - INFO - current val_accuracy: 0.5077557027225902
2020-03-20 23:21:49,950 - exp_torch_topics_d128_margin_i2000_b20_q100_4 - INFO - start step #69
2020-03-20 23:22:01,275 - exp_torch_topics_d128_margin_i2000_b20_q100_4 - INFO - query idx: [56485 31485 71444 32290  5170 64899 36721 81399   897 35364  3321 74589
 86386 90546 18029 84519 83263 64486  4431 52796]
2020-03-20 23:22:11,330 - exp_torch_topics_d128_margin_i2000_b20_q100_4 - INFO - finish step #69 for 21.379512071609497 sec
2020-03-20 23:22:11,330 - exp_torch_topics_d128_margin_i2000_b20_q100_4 - INFO - current val_accuracy: 0.5077557027225902
2020-03-20 23:22:11,330 - exp_torch_topics_d128_margin_i2000_b20_q100_4 - INFO - start step #70
2020-03-20 23:22:37,959 - exp_torch_topics_d128_margin_i2000_b20_q100_4 - INFO - query idx: [63909 27137 83126  6527 24365 71260  4264 38485  6845 87906 10113 19281
 74423 88294 35260 54403 54584 17496 27209 68029]
2020-03-20 23:22:49,619 - exp_torch_topics_d128_margin_i2000_b20_q100_4 - INFO - finish step #70 for 38.288665771484375 sec
2020-03-20 23:22:49,620 - exp_torch_topics_d128_margin_i2000_b20_q100_4 - INFO - current val_accuracy: 0.5090802060338484
2020-03-20 23:22:49,622 - exp_torch_topics_d128_margin_i2000_b20_q100_4 - INFO - start step #71
2020-03-20 23:23:02,312 - exp_torch_topics_d128_margin_i2000_b20_q100_4 - INFO - query idx: [17976 64189 89893  8938 36224 57543 49299 11344 90248 87736 42933 31008
 30718 23360 43154 21381 96030 40283 90754 27015]
2020-03-20 23:23:13,490 - exp_torch_topics_d128_margin_i2000_b20_q100_4 - INFO - finish step #71 for 23.866815090179443 sec
2020-03-20 23:23:13,492 - exp_torch_topics_d128_margin_i2000_b20_q100_4 - INFO - current val_accuracy: 0.5072259013980869
2020-03-20 23:23:13,493 - exp_torch_topics_d128_margin_i2000_b20_q100_4 - INFO - start step #72
2020-03-20 23:23:28,332 - exp_torch_topics_d128_margin_i2000_b20_q100_4 - INFO - query idx: [53058 43320 68129 66005 88777 36499 20872 40096 59527 97610 14782 76580
 76660 17610 37930 11282 16938 97409 67108  8744]
2020-03-20 23:23:35,676 - exp_torch_topics_d128_margin_i2000_b20_q100_4 - INFO - finish step #72 for 22.182176113128662 sec
2020-03-20 23:23:35,676 - exp_torch_topics_d128_margin_i2000_b20_q100_4 - INFO - current val_accuracy: 0.509168506254599
2020-03-20 23:23:35,676 - exp_torch_topics_d128_margin_i2000_b20_q100_4 - INFO - start step #73
2020-03-20 23:23:54,021 - exp_torch_topics_d128_margin_i2000_b20_q100_4 - INFO - query idx: [70730 92503 15139 78689 12429 77193 21865 58945 39374 85823 72410  8991
 89393 17720 26567 34989 85907 46877 73690 20999]
2020-03-20 23:24:05,511 - exp_torch_topics_d128_margin_i2000_b20_q100_4 - INFO - finish step #73 for 29.83218789100647 sec
2020-03-20 23:24:05,513 - exp_torch_topics_d128_margin_i2000_b20_q100_4 - INFO - current val_accuracy: 0.5056953642384105
2020-03-20 23:24:05,514 - exp_torch_topics_d128_margin_i2000_b20_q100_4 - INFO - start step #74
2020-03-20 23:24:23,340 - exp_torch_topics_d128_margin_i2000_b20_q100_4 - INFO - query idx: [58245 67375 29169 54935 36223 83666 46491 56679 67714 63955 83759  7776
 82585 19588 73032  3083 67882 53598 52184 76272]
2020-03-20 23:24:28,252 - exp_torch_topics_d128_margin_i2000_b20_q100_4 - INFO - finish step #74 for 22.7345929145813 sec
2020-03-20 23:24:28,253 - exp_torch_topics_d128_margin_i2000_b20_q100_4 - INFO - current val_accuracy: 0.5055481972038264
2020-03-20 23:24:28,253 - exp_torch_topics_d128_margin_i2000_b20_q100_4 - INFO - start step #75
2020-03-20 23:24:39,299 - exp_torch_topics_d128_margin_i2000_b20_q100_4 - INFO - query idx: [74450 32114  7366 88357 21102 45968 82141 32578 96467  2234 12281 91558
 21489 48293  5762 40633 66800 65000 70296 62455]
2020-03-20 23:24:43,816 - exp_torch_topics_d128_margin_i2000_b20_q100_4 - INFO - finish step #75 for 15.562668085098267 sec
2020-03-20 23:24:43,816 - exp_torch_topics_d128_margin_i2000_b20_q100_4 - INFO - current val_accuracy: 0.506401766004415
2020-03-20 23:24:43,816 - exp_torch_topics_d128_margin_i2000_b20_q100_4 - INFO - start step #76
2020-03-20 23:24:54,532 - exp_torch_topics_d128_margin_i2000_b20_q100_4 - INFO - query idx: [74980 64280 17461 81071 96444 65734 75000 83681 81272 93181 25610 76307
 19465  7464 94512  5175 95494 98378 92697 51909]
2020-03-20 23:24:59,996 - exp_torch_topics_d128_margin_i2000_b20_q100_4 - INFO - finish step #76 for 16.179901361465454 sec
2020-03-20 23:24:59,996 - exp_torch_topics_d128_margin_i2000_b20_q100_4 - INFO - current val_accuracy: 0.5097277409860191
2020-03-20 23:24:59,996 - exp_torch_topics_d128_margin_i2000_b20_q100_4 - INFO - start step #77
2020-03-20 23:25:18,757 - exp_torch_topics_d128_margin_i2000_b20_q100_4 - INFO - query idx: [ 7632 84896 83173 34658 22562 76454 26659 47609 20067 39816 86490 46502
 13467 23029 86101 49483 13897 65383 17170  2811]
2020-03-20 23:25:29,031 - exp_torch_topics_d128_margin_i2000_b20_q100_4 - INFO - finish step #77 for 29.03453493118286 sec
2020-03-20 23:25:29,031 - exp_torch_topics_d128_margin_i2000_b20_q100_4 - INFO - current val_accuracy: 0.5095217071376011
2020-03-20 23:25:29,032 - exp_torch_topics_d128_margin_i2000_b20_q100_4 - INFO - start step #78
2020-03-20 23:25:47,994 - exp_torch_topics_d128_margin_i2000_b20_q100_4 - INFO - query idx: [98175 66513  8662 32860 55627 54882 53179 23480 82767 77647 13444  1577
 65104 97814 71103 85559 51325 87094 46926 14913]
2020-03-20 23:25:58,353 - exp_torch_topics_d128_margin_i2000_b20_q100_4 - INFO - finish step #78 for 29.321539163589478 sec
2020-03-20 23:25:58,354 - exp_torch_topics_d128_margin_i2000_b20_q100_4 - INFO - current val_accuracy: 0.509374540103017
2020-03-20 23:25:58,356 - exp_torch_topics_d128_margin_i2000_b20_q100_4 - INFO - start step #79
2020-03-20 23:26:11,923 - exp_torch_topics_d128_margin_i2000_b20_q100_4 - INFO - query idx: [56937 27488 23026  5092 23418  1390 68129 23923 80789 55082 11382 83833
 77870 33427 26217 72419 89123 66789 37891 54828]
2020-03-20 23:26:18,274 - exp_torch_topics_d128_margin_i2000_b20_q100_4 - INFO - finish step #79 for 19.918416023254395 sec
2020-03-20 23:26:18,275 - exp_torch_topics_d128_margin_i2000_b20_q100_4 - INFO - current val_accuracy: 0.5073142016188373
2020-03-20 23:26:18,275 - exp_torch_topics_d128_margin_i2000_b20_q100_4 - INFO - start step #80
2020-03-20 23:26:31,637 - exp_torch_topics_d128_margin_i2000_b20_q100_4 - INFO - query idx: [   12 61707 92525  8656 84440 71027 71269 81431 89477 38054 21983 56260
 90944 29510 77219 22021 53494 24811 27865 46992]
2020-03-20 23:26:44,304 - exp_torch_topics_d128_margin_i2000_b20_q100_4 - INFO - finish step #80 for 26.028753995895386 sec
2020-03-20 23:26:44,305 - exp_torch_topics_d128_margin_i2000_b20_q100_4 - INFO - current val_accuracy: 0.4870345842531273
2020-03-20 23:26:44,305 - exp_torch_topics_d128_margin_i2000_b20_q100_4 - INFO - start step #81
2020-03-20 23:27:06,499 - exp_torch_topics_d128_margin_i2000_b20_q100_4 - INFO - query idx: [44952 36095 84008 59290 43651 67277 74194 55204 64720 20790 77120 39208
 90429 75507 63827 34676 84544 26976 76070 66257]
2020-03-20 23:27:14,404 - exp_torch_topics_d128_margin_i2000_b20_q100_4 - INFO - finish step #81 for 30.098798274993896 sec
2020-03-20 23:27:14,404 - exp_torch_topics_d128_margin_i2000_b20_q100_4 - INFO - current val_accuracy: 0.4981898454746137
2020-03-20 23:27:14,405 - exp_torch_topics_d128_margin_i2000_b20_q100_4 - INFO - start step #82
2020-03-20 23:27:32,549 - exp_torch_topics_d128_margin_i2000_b20_q100_4 - INFO - query idx: [22595 44263 54732 16596 60889 12698 62434  8716 34539 88680 16667 97294
  8192 35267 58064 35062 71852 43477 64443 41319]
2020-03-20 23:27:38,356 - exp_torch_topics_d128_margin_i2000_b20_q100_4 - INFO - finish step #82 for 23.95118808746338 sec
2020-03-20 23:27:38,356 - exp_torch_topics_d128_margin_i2000_b20_q100_4 - INFO - current val_accuracy: 0.503841059602649
2020-03-20 23:27:38,359 - exp_torch_topics_d128_margin_i2000_b20_q100_4 - INFO - start step #83
2020-03-20 23:27:49,297 - exp_torch_topics_d128_margin_i2000_b20_q100_4 - INFO - query idx: [67069 87994 27516  6112 63320 71456    64 73054 74885 49284 19052 35333
 61863 84966  9725 80616 84801 11818 91218 45124]
2020-03-20 23:27:54,413 - exp_torch_topics_d128_margin_i2000_b20_q100_4 - INFO - finish step #83 for 16.054229021072388 sec
2020-03-20 23:27:54,414 - exp_torch_topics_d128_margin_i2000_b20_q100_4 - INFO - current val_accuracy: 0.5090507726269315
2020-03-20 23:27:54,414 - exp_torch_topics_d128_margin_i2000_b20_q100_4 - INFO - start step #84
2020-03-20 23:28:17,266 - exp_torch_topics_d128_margin_i2000_b20_q100_4 - INFO - query idx: [79808 83916 38967 27925  7226 18417 11315 62250 19012 24725 28673  3536
 87955 30109 23249 77700 34343 44668 73418 20284]
2020-03-20 23:28:30,332 - exp_torch_topics_d128_margin_i2000_b20_q100_4 - INFO - finish step #84 for 35.91838502883911 sec
2020-03-20 23:28:30,335 - exp_torch_topics_d128_margin_i2000_b20_q100_4 - INFO - current val_accuracy: 0.5114937454010302
2020-03-20 23:28:30,338 - exp_torch_topics_d128_margin_i2000_b20_q100_4 - INFO - start step #85
2020-03-20 23:28:52,162 - exp_torch_topics_d128_margin_i2000_b20_q100_4 - INFO - query idx: [12763 81009 77964 73722 93546  3916 12093 45579 40749   707 27131 12949
 88909 52577 17410 77657 22350 84889 49256  6008]
2020-03-20 23:28:56,762 - exp_torch_topics_d128_margin_i2000_b20_q100_4 - INFO - finish step #85 for 26.423757791519165 sec
2020-03-20 23:28:56,762 - exp_torch_topics_d128_margin_i2000_b20_q100_4 - INFO - current val_accuracy: 0.5096394407652686
2020-03-20 23:28:56,762 - exp_torch_topics_d128_margin_i2000_b20_q100_4 - INFO - start step #86
2020-03-20 23:29:11,773 - exp_torch_topics_d128_margin_i2000_b20_q100_4 - INFO - query idx: [52250 12489 72388  6373 78655 70991 46647 66765 53169 13766 95218 46894
 65764 89794 81014 82869 90102 60167 48816 89592]
2020-03-20 23:29:22,182 - exp_torch_topics_d128_margin_i2000_b20_q100_4 - INFO - finish step #86 for 25.41988706588745 sec
2020-03-20 23:29:22,186 - exp_torch_topics_d128_margin_i2000_b20_q100_4 - INFO - current val_accuracy: 0.5113171449595291
2020-03-20 23:29:22,189 - exp_torch_topics_d128_margin_i2000_b20_q100_4 - INFO - start step #87
2020-03-20 23:29:46,340 - exp_torch_topics_d128_margin_i2000_b20_q100_4 - INFO - query idx: [57333 25767 48491 29057 85833 96384 96389 50827 56424 91224 45569 26030
 50119 34145 82710 62706 52279 68209   711 21923]
2020-03-20 23:29:58,021 - exp_torch_topics_d128_margin_i2000_b20_q100_4 - INFO - finish step #87 for 35.83100128173828 sec
2020-03-20 23:29:58,024 - exp_torch_topics_d128_margin_i2000_b20_q100_4 - INFO - current val_accuracy: 0.5162325239146431
2020-03-20 23:29:58,024 - exp_torch_topics_d128_margin_i2000_b20_q100_4 - INFO - start step #88
2020-03-20 23:30:16,535 - exp_torch_topics_d128_margin_i2000_b20_q100_4 - INFO - query idx: [14077 30877 12510 22847 24783 10720 59622 88657 36178 83377 88359 92493
 23950 41040 91035 17281  5452 98047 54794 45750]
2020-03-20 23:30:22,790 - exp_torch_topics_d128_margin_i2000_b20_q100_4 - INFO - finish step #88 for 24.765965223312378 sec
2020-03-20 23:30:22,791 - exp_torch_topics_d128_margin_i2000_b20_q100_4 - INFO - current val_accuracy: 0.5143487858719646
2020-03-20 23:30:22,791 - exp_torch_topics_d128_margin_i2000_b20_q100_4 - INFO - start step #89
2020-03-20 23:30:46,100 - exp_torch_topics_d128_margin_i2000_b20_q100_4 - INFO - query idx: [16678 13373 32817  4081 11203 58226 37385 63082  8031 75481 15599 35584
 53547 88263 36862  6797  8809 87977 74247 12405]
2020-03-20 23:30:57,986 - exp_torch_topics_d128_margin_i2000_b20_q100_4 - INFO - finish step #89 for 35.19487524032593 sec
2020-03-20 23:30:57,990 - exp_torch_topics_d128_margin_i2000_b20_q100_4 - INFO - current val_accuracy: 0.5140544518027962
2020-03-20 23:30:57,990 - exp_torch_topics_d128_margin_i2000_b20_q100_4 - INFO - start step #90
2020-03-20 23:31:25,181 - exp_torch_topics_d128_margin_i2000_b20_q100_4 - INFO - query idx: [97177 29898 90907 19124 10566  4719 85262 16198 78134 78216  5609 27209
 87244 84659 71922 91732 77163  8493 55812 84126]
2020-03-20 23:31:37,905 - exp_torch_topics_d128_margin_i2000_b20_q100_4 - INFO - finish step #90 for 39.914884090423584 sec
2020-03-20 23:31:37,908 - exp_torch_topics_d128_margin_i2000_b20_q100_4 - INFO - current val_accuracy: 0.5149963208241354
2020-03-20 23:31:37,912 - exp_torch_topics_d128_margin_i2000_b20_q100_4 - INFO - start step #91
2020-03-20 23:31:52,153 - exp_torch_topics_d128_margin_i2000_b20_q100_4 - INFO - query idx: [32244 26988 86950 61450 56970 96121 95282 91702 87442 67693 18723 19884
  4014 74591 82955 19896 34405 58057 38617 77567]
2020-03-20 23:31:57,326 - exp_torch_topics_d128_margin_i2000_b20_q100_4 - INFO - finish step #91 for 19.413343906402588 sec
2020-03-20 23:31:57,326 - exp_torch_topics_d128_margin_i2000_b20_q100_4 - INFO - current val_accuracy: 0.5162030905077263
2020-03-20 23:31:57,327 - exp_torch_topics_d128_margin_i2000_b20_q100_4 - INFO - start step #92
2020-03-20 23:32:09,206 - exp_torch_topics_d128_margin_i2000_b20_q100_4 - INFO - query idx: [36499 46897 46797 23683 35195 48062 13482 22226 97794  3118  4429 35674
 86675 86609 19731 40034 40625 40681 29655 67822]
2020-03-20 23:32:16,333 - exp_torch_topics_d128_margin_i2000_b20_q100_4 - INFO - finish step #92 for 19.00595188140869 sec
2020-03-20 23:32:16,333 - exp_torch_topics_d128_margin_i2000_b20_q100_4 - INFO - current val_accuracy: 0.512906548933039
2020-03-20 23:32:16,333 - exp_torch_topics_d128_margin_i2000_b20_q100_4 - INFO - start step #93
2020-03-20 23:32:30,034 - exp_torch_topics_d128_margin_i2000_b20_q100_4 - INFO - query idx: [87771 62840 73127 11661 22244  9717 49342 49347 49923 50136 23777 97305
 86359 58704 78071  9411 26423 64100 51501 74547]
2020-03-20 23:32:44,850 - exp_torch_topics_d128_margin_i2000_b20_q100_4 - INFO - finish step #93 for 28.516321897506714 sec
2020-03-20 23:32:44,850 - exp_torch_topics_d128_margin_i2000_b20_q100_4 - INFO - current val_accuracy: 0.5144665194996321
2020-03-20 23:32:44,850 - exp_torch_topics_d128_margin_i2000_b20_q100_4 - INFO - start step #94
2020-03-20 23:33:09,309 - exp_torch_topics_d128_margin_i2000_b20_q100_4 - INFO - query idx: [91797  4159 28445 23449 94097  9467 37003 49191 19303 80140 25860 55998
 92737 54222 11009 47401  2177 52912  7371 21329]
2020-03-20 23:33:21,247 - exp_torch_topics_d128_margin_i2000_b20_q100_4 - INFO - finish step #94 for 36.39658784866333 sec
2020-03-20 23:33:21,248 - exp_torch_topics_d128_margin_i2000_b20_q100_4 - INFO - current val_accuracy: 0.511729212656365
2020-03-20 23:33:21,251 - exp_torch_topics_d128_margin_i2000_b20_q100_4 - INFO - start step #95
2020-03-20 23:33:47,162 - exp_torch_topics_d128_margin_i2000_b20_q100_4 - INFO - query idx: [59514 71593 77241 83404 76159 65543 43817 25586 27949 21836 71295 61004
 90972 87960  9546 42894 35940  7400 21958 94281]
2020-03-20 23:33:57,187 - exp_torch_topics_d128_margin_i2000_b20_q100_4 - INFO - finish step #95 for 35.93513488769531 sec
2020-03-20 23:33:57,187 - exp_torch_topics_d128_margin_i2000_b20_q100_4 - INFO - current val_accuracy: 0.5130831493745401
2020-03-20 23:33:57,187 - exp_torch_topics_d128_margin_i2000_b20_q100_4 - INFO - start step #96
2020-03-20 23:34:17,917 - exp_torch_topics_d128_margin_i2000_b20_q100_4 - INFO - query idx: [63332 92873 61871 93912 63547 27484 73001 63177 92931 65288 95733  5269
 96535 58486  6271  7069 18881 80020 17648 48069]
2020-03-20 23:34:36,208 - exp_torch_topics_d128_margin_i2000_b20_q100_4 - INFO - finish step #96 for 39.020100831985474 sec
2020-03-20 23:34:36,263 - exp_torch_topics_d128_margin_i2000_b20_q100_4 - INFO - current val_accuracy: 0.5147902869757175
2020-03-20 23:34:36,265 - exp_torch_topics_d128_margin_i2000_b20_q100_4 - INFO - start step #97
2020-03-20 23:34:59,835 - exp_torch_topics_d128_margin_i2000_b20_q100_4 - INFO - query idx: [48580  6003 62910  1176 92208 49145 84241 35696 53099 78648 47651 57882
 83323 78516  4786 20313 93695  5468 76356  5685]
2020-03-20 23:35:09,559 - exp_torch_topics_d128_margin_i2000_b20_q100_4 - INFO - finish step #97 for 33.29402208328247 sec
2020-03-20 23:35:09,560 - exp_torch_topics_d128_margin_i2000_b20_q100_4 - INFO - current val_accuracy: 0.5153495217071375
2020-03-20 23:35:09,560 - exp_torch_topics_d128_margin_i2000_b20_q100_4 - INFO - start step #98
2020-03-20 23:35:19,940 - exp_torch_topics_d128_margin_i2000_b20_q100_4 - INFO - query idx: [39627 39434 75537 91871 29823 38942 48763 42413 47031  6585 75961 90832
 37561 24204 73798 30865 68498 50338 77417 60029]
2020-03-20 23:35:28,440 - exp_torch_topics_d128_margin_i2000_b20_q100_4 - INFO - finish step #98 for 18.88009810447693 sec
2020-03-20 23:35:28,440 - exp_torch_topics_d128_margin_i2000_b20_q100_4 - INFO - current val_accuracy: 0.5145842531272995
2020-03-20 23:35:28,440 - exp_torch_topics_d128_margin_i2000_b20_q100_4 - INFO - start step #99
2020-03-20 23:35:55,855 - exp_torch_topics_d128_margin_i2000_b20_q100_4 - INFO - query idx: [58741 52179 61795 32903 29669 57598 91895 16402  4794 52864 26736 88104
 39126 92811  8336 73753 77663 40165  2628 41993]
2020-03-20 23:36:16,061 - exp_torch_topics_d128_margin_i2000_b20_q100_4 - INFO - finish step #99 for 47.62071490287781 sec
2020-03-20 23:36:16,064 - exp_torch_topics_d128_margin_i2000_b20_q100_4 - INFO - current val_accuracy: 0.5149080206033848
2020-03-20 23:36:16,065 - exp_torch_topics_d128_margin_i2000_b20_q100_4 - INFO - finish experiment process for 2538.478303194046 sec
