2020-03-25 01:57:40,860 - exp_torch_topics_d128_least_confident_i2000_b20_q100_shuffled_flexbatch1 - INFO - start experiment process
2020-03-25 01:57:42,371 - exp_torch_topics_d128_least_confident_i2000_b20_q100_shuffled_flexbatch1 - INFO - initial val_accuracy: 0.4072111846946284
2020-03-25 01:57:42,371 - exp_torch_topics_d128_least_confident_i2000_b20_q100_shuffled_flexbatch1 - INFO - start step #0
2020-03-25 01:57:47,999 - exp_torch_topics_d128_least_confident_i2000_b20_q100_shuffled_flexbatch1 - INFO - query idx: [48673  1737 39226 15070  7938 94702 53452 97749 96998 72827 95081 52488
 61105 30908 96680 32385 62849 96909 37750 76463]
2020-03-25 01:57:50,438 - exp_torch_topics_d128_least_confident_i2000_b20_q100_shuffled_flexbatch1 - INFO - finish step #0 for 8.06650686264038 sec
2020-03-25 01:57:50,438 - exp_torch_topics_d128_least_confident_i2000_b20_q100_shuffled_flexbatch1 - INFO - current val_accuracy: 0.4102133922001472
2020-03-25 01:57:50,438 - exp_torch_topics_d128_least_confident_i2000_b20_q100_shuffled_flexbatch1 - INFO - start step #1
2020-03-25 01:57:55,341 - exp_torch_topics_d128_least_confident_i2000_b20_q100_shuffled_flexbatch1 - INFO - query idx: [37131 99253 32348 91723 35954 42952 10878 55552 13709 48847 71934 36034
 19881 56363 78030 95620 92937 69343 36179 84354]
2020-03-25 01:57:57,704 - exp_torch_topics_d128_least_confident_i2000_b20_q100_shuffled_flexbatch1 - INFO - finish step #1 for 7.265878915786743 sec
2020-03-25 01:57:57,704 - exp_torch_topics_d128_least_confident_i2000_b20_q100_shuffled_flexbatch1 - INFO - current val_accuracy: 0.4133038999264165
2020-03-25 01:57:57,705 - exp_torch_topics_d128_least_confident_i2000_b20_q100_shuffled_flexbatch1 - INFO - start step #2
2020-03-25 01:58:02,549 - exp_torch_topics_d128_least_confident_i2000_b20_q100_shuffled_flexbatch1 - INFO - query idx: [54947 64278 28585 69083 66703 26110 83704 56396 44716 78610 63753 57257
 79721 81905 73680 27176 24449 71179 57054   306]
2020-03-25 01:58:04,992 - exp_torch_topics_d128_least_confident_i2000_b20_q100_shuffled_flexbatch1 - INFO - finish step #2 for 7.287156105041504 sec
2020-03-25 01:58:04,992 - exp_torch_topics_d128_least_confident_i2000_b20_q100_shuffled_flexbatch1 - INFO - current val_accuracy: 0.41515820456217806
2020-03-25 01:58:04,992 - exp_torch_topics_d128_least_confident_i2000_b20_q100_shuffled_flexbatch1 - INFO - start step #3
2020-03-25 01:58:09,869 - exp_torch_topics_d128_least_confident_i2000_b20_q100_shuffled_flexbatch1 - INFO - query idx: [24634 91653 65265 61426 48318 85408 10353 40180 96633 37592 43370 52751
 73131 55610  2279 69168 75123 44476 24408 56104]
2020-03-25 01:58:12,289 - exp_torch_topics_d128_least_confident_i2000_b20_q100_shuffled_flexbatch1 - INFO - finish step #3 for 7.297173023223877 sec
2020-03-25 01:58:12,291 - exp_torch_topics_d128_least_confident_i2000_b20_q100_shuffled_flexbatch1 - INFO - current val_accuracy: 0.4194849153789551
2020-03-25 01:58:12,291 - exp_torch_topics_d128_least_confident_i2000_b20_q100_shuffled_flexbatch1 - INFO - start step #4
2020-03-25 01:58:17,176 - exp_torch_topics_d128_least_confident_i2000_b20_q100_shuffled_flexbatch1 - INFO - query idx: [50773 64473 62400 79945 39903 43759 10351 46407 88514 95475 24044 90962
 92750 73999 86208 16504 26799 90873 61916 58329]
2020-03-25 01:58:19,608 - exp_torch_topics_d128_least_confident_i2000_b20_q100_shuffled_flexbatch1 - INFO - finish step #4 for 7.316525936126709 sec
2020-03-25 01:58:19,608 - exp_torch_topics_d128_least_confident_i2000_b20_q100_shuffled_flexbatch1 - INFO - current val_accuracy: 0.4279617365710081
2020-03-25 01:58:19,608 - exp_torch_topics_d128_least_confident_i2000_b20_q100_shuffled_flexbatch1 - INFO - start step #5
2020-03-25 01:58:24,489 - exp_torch_topics_d128_least_confident_i2000_b20_q100_shuffled_flexbatch1 - INFO - query idx: [73550 97511 60310 27191 42633 72313 78843 26177 96243   782 84091 68885
 41221 61824 18441 54464 31173 37174 82513 23274]
2020-03-25 01:58:26,853 - exp_torch_topics_d128_least_confident_i2000_b20_q100_shuffled_flexbatch1 - INFO - finish step #5 for 7.244396209716797 sec
2020-03-25 01:58:26,853 - exp_torch_topics_d128_least_confident_i2000_b20_q100_shuffled_flexbatch1 - INFO - current val_accuracy: 0.4324356144223694
2020-03-25 01:58:26,853 - exp_torch_topics_d128_least_confident_i2000_b20_q100_shuffled_flexbatch1 - INFO - start step #6
2020-03-25 01:58:31,812 - exp_torch_topics_d128_least_confident_i2000_b20_q100_shuffled_flexbatch1 - INFO - query idx: [36000 26863  5920   165 99277 59173 22272 72820 20246 86617 60346 69594
 63071 86178 35384 13478  2455  5936 92989 69855]
2020-03-25 01:58:34,232 - exp_torch_topics_d128_least_confident_i2000_b20_q100_shuffled_flexbatch1 - INFO - finish step #6 for 7.378312110900879 sec
2020-03-25 01:58:34,232 - exp_torch_topics_d128_least_confident_i2000_b20_q100_shuffled_flexbatch1 - INFO - current val_accuracy: 0.4341133186166299
2020-03-25 01:58:34,232 - exp_torch_topics_d128_least_confident_i2000_b20_q100_shuffled_flexbatch1 - INFO - start step #7
2020-03-25 01:58:39,184 - exp_torch_topics_d128_least_confident_i2000_b20_q100_shuffled_flexbatch1 - INFO - query idx: [72328  1556 99435 78327 56929  8098 36024 21896 20455 51435 24046 52851
 12202 79128 28229 39872 72584 27861 65724 36763]
2020-03-25 01:58:41,843 - exp_torch_topics_d128_least_confident_i2000_b20_q100_shuffled_flexbatch1 - INFO - finish step #7 for 7.6113762855529785 sec
2020-03-25 01:58:41,845 - exp_torch_topics_d128_least_confident_i2000_b20_q100_shuffled_flexbatch1 - INFO - current val_accuracy: 0.4366151582045622
2020-03-25 01:58:41,845 - exp_torch_topics_d128_least_confident_i2000_b20_q100_shuffled_flexbatch1 - INFO - start step #8
2020-03-25 01:58:47,926 - exp_torch_topics_d128_least_confident_i2000_b20_q100_shuffled_flexbatch1 - INFO - query idx: [ 6629 48978 67915 73144 50967 20674 28111 20354 24576  4711 71681 72409
 15229  7922 35026 54130 21424 71268 72407 78715]
2020-03-25 01:58:50,664 - exp_torch_topics_d128_least_confident_i2000_b20_q100_shuffled_flexbatch1 - INFO - finish step #8 for 8.818067073822021 sec
2020-03-25 01:58:50,664 - exp_torch_topics_d128_least_confident_i2000_b20_q100_shuffled_flexbatch1 - INFO - current val_accuracy: 0.4395290654893304
2020-03-25 01:58:50,664 - exp_torch_topics_d128_least_confident_i2000_b20_q100_shuffled_flexbatch1 - INFO - start step #9
2020-03-25 01:58:56,292 - exp_torch_topics_d128_least_confident_i2000_b20_q100_shuffled_flexbatch1 - INFO - query idx: [28701 93577 18413 95767 22023   378 61320 25537 35345 33171 60235  2929
 25722 32482 36117 82845 90285 30055 81899 72546]
2020-03-25 01:58:58,779 - exp_torch_topics_d128_least_confident_i2000_b20_q100_shuffled_flexbatch1 - INFO - finish step #9 for 8.115386962890625 sec
2020-03-25 01:58:58,779 - exp_torch_topics_d128_least_confident_i2000_b20_q100_shuffled_flexbatch1 - INFO - current val_accuracy: 0.44497424576894773
2020-03-25 01:58:58,780 - exp_torch_topics_d128_least_confident_i2000_b20_q100_shuffled_flexbatch1 - INFO - start step #10
2020-03-25 01:59:04,028 - exp_torch_topics_d128_least_confident_i2000_b20_q100_shuffled_flexbatch1 - INFO - query idx: [21667 65808 74842 82796 36704 47522 82891 55644 60209 38177 34972 26104
 60178 11691 87663 98797 22839  2840 52233  5165]
2020-03-25 01:59:06,874 - exp_torch_topics_d128_least_confident_i2000_b20_q100_shuffled_flexbatch1 - INFO - finish step #10 for 8.094439268112183 sec
2020-03-25 01:59:06,874 - exp_torch_topics_d128_least_confident_i2000_b20_q100_shuffled_flexbatch1 - INFO - current val_accuracy: 0.446504782928624
2020-03-25 01:59:06,875 - exp_torch_topics_d128_least_confident_i2000_b20_q100_shuffled_flexbatch1 - INFO - start step #11
2020-03-25 01:59:23,635 - exp_torch_topics_d128_least_confident_i2000_b20_q100_shuffled_flexbatch1 - INFO - query idx: [67104 40733 87557 71445  8369 11934 24259   553 77882 37919 10561 69752
 19632 43540 21766 61884 60726 76488 90182 78996]
2020-03-25 01:59:29,400 - exp_torch_topics_d128_least_confident_i2000_b20_q100_shuffled_flexbatch1 - INFO - finish step #11 for 22.525293111801147 sec
2020-03-25 01:59:29,400 - exp_torch_topics_d128_least_confident_i2000_b20_q100_shuffled_flexbatch1 - INFO - current val_accuracy: 0.45059602649006625
2020-03-25 01:59:29,400 - exp_torch_topics_d128_least_confident_i2000_b20_q100_shuffled_flexbatch1 - INFO - start step #12
2020-03-25 01:59:38,723 - exp_torch_topics_d128_least_confident_i2000_b20_q100_shuffled_flexbatch1 - INFO - query idx: [ 7867 59585 87627 56588 17504 65716 27297  7508 86742 92713  3995 79407
 42242 55185 40162 72533 75349 28150 85090 24992]
2020-03-25 01:59:42,782 - exp_torch_topics_d128_least_confident_i2000_b20_q100_shuffled_flexbatch1 - INFO - finish step #12 for 13.38197922706604 sec
2020-03-25 01:59:42,783 - exp_torch_topics_d128_least_confident_i2000_b20_q100_shuffled_flexbatch1 - INFO - current val_accuracy: 0.45439293598233993
2020-03-25 01:59:42,783 - exp_torch_topics_d128_least_confident_i2000_b20_q100_shuffled_flexbatch1 - INFO - start step #13
2020-03-25 01:59:47,896 - exp_torch_topics_d128_least_confident_i2000_b20_q100_shuffled_flexbatch1 - INFO - query idx: [93556 24778 73124 77081 37270 70953 55847 44642 35239 50185 69284 50419
 11064 50961 77703 16895 18625 94869 24009 11362]
2020-03-25 01:59:50,710 - exp_torch_topics_d128_least_confident_i2000_b20_q100_shuffled_flexbatch1 - INFO - finish step #13 for 7.927148103713989 sec
2020-03-25 01:59:50,710 - exp_torch_topics_d128_least_confident_i2000_b20_q100_shuffled_flexbatch1 - INFO - current val_accuracy: 0.4553936718175129
2020-03-25 01:59:50,710 - exp_torch_topics_d128_least_confident_i2000_b20_q100_shuffled_flexbatch1 - INFO - start step #14
2020-03-25 01:59:57,209 - exp_torch_topics_d128_least_confident_i2000_b20_q100_shuffled_flexbatch1 - INFO - query idx: [17623 94459 24946 23296 95282 51306 40943 68675 65733 19522 75004 46800
 19174 10580 64645  4717 14671  6540 20942 20023]
2020-03-25 02:00:00,686 - exp_torch_topics_d128_least_confident_i2000_b20_q100_shuffled_flexbatch1 - INFO - finish step #14 for 9.975414991378784 sec
2020-03-25 02:00:00,686 - exp_torch_topics_d128_least_confident_i2000_b20_q100_shuffled_flexbatch1 - INFO - current val_accuracy: 0.459308314937454
2020-03-25 02:00:00,686 - exp_torch_topics_d128_least_confident_i2000_b20_q100_shuffled_flexbatch1 - INFO - start step #15
2020-03-25 02:00:08,106 - exp_torch_topics_d128_least_confident_i2000_b20_q100_shuffled_flexbatch1 - INFO - query idx: [ 4849 64677 13772 55474 39456 79950 11110 96678 99631 60579  8067 68937
 42695 80712 81069 46378 91059 50749 61271 31102]
2020-03-25 02:00:11,559 - exp_torch_topics_d128_least_confident_i2000_b20_q100_shuffled_flexbatch1 - INFO - finish step #15 for 10.872323989868164 sec
2020-03-25 02:00:11,559 - exp_torch_topics_d128_least_confident_i2000_b20_q100_shuffled_flexbatch1 - INFO - current val_accuracy: 0.45874908020603383
2020-03-25 02:00:11,559 - exp_torch_topics_d128_least_confident_i2000_b20_q100_shuffled_flexbatch1 - INFO - start step #16
2020-03-25 02:00:17,202 - exp_torch_topics_d128_least_confident_i2000_b20_q100_shuffled_flexbatch1 - INFO - query idx: [29246 95582  9399 84576 33746 61223 58138 19493 67956 41902 47415 15300
 13689 36026 96476 25315  2935 13443 22158  3591]
2020-03-25 02:00:20,180 - exp_torch_topics_d128_least_confident_i2000_b20_q100_shuffled_flexbatch1 - INFO - finish step #16 for 8.620367288589478 sec
2020-03-25 02:00:20,180 - exp_torch_topics_d128_least_confident_i2000_b20_q100_shuffled_flexbatch1 - INFO - current val_accuracy: 0.45766004415011036
2020-03-25 02:00:20,180 - exp_torch_topics_d128_least_confident_i2000_b20_q100_shuffled_flexbatch1 - INFO - start step #17
2020-03-25 02:00:26,575 - exp_torch_topics_d128_least_confident_i2000_b20_q100_shuffled_flexbatch1 - INFO - query idx: [ 7161 36243 26133 25513 21482 95434 39813  1572 41371   263 78048 39396
  8663 39162 66793 43120 60995  8214 85774 60224]
2020-03-25 02:00:29,527 - exp_torch_topics_d128_least_confident_i2000_b20_q100_shuffled_flexbatch1 - INFO - finish step #17 for 9.347182273864746 sec
2020-03-25 02:00:29,527 - exp_torch_topics_d128_least_confident_i2000_b20_q100_shuffled_flexbatch1 - INFO - current val_accuracy: 0.4577483443708609
2020-03-25 02:00:29,528 - exp_torch_topics_d128_least_confident_i2000_b20_q100_shuffled_flexbatch1 - INFO - start step #18
2020-03-25 02:00:36,200 - exp_torch_topics_d128_least_confident_i2000_b20_q100_shuffled_flexbatch1 - INFO - query idx: [14685 46240 12596 92786 20400 51679 80516 76855 82535 80764 11426  2415
 98640 44819 10912 89945 46966 24174 43905 23589]
2020-03-25 02:00:38,820 - exp_torch_topics_d128_least_confident_i2000_b20_q100_shuffled_flexbatch1 - INFO - finish step #18 for 9.292425870895386 sec
2020-03-25 02:00:38,820 - exp_torch_topics_d128_least_confident_i2000_b20_q100_shuffled_flexbatch1 - INFO - current val_accuracy: 0.46001471670345845
2020-03-25 02:00:38,820 - exp_torch_topics_d128_least_confident_i2000_b20_q100_shuffled_flexbatch1 - INFO - start step #19
2020-03-25 02:00:45,820 - exp_torch_topics_d128_least_confident_i2000_b20_q100_shuffled_flexbatch1 - INFO - query idx: [68033 87450 74186 53283 91103 45506 94545 58582 14051 96018 47331 28586
 14512 74787 42060 31897 45064 93631 10893 39538]
2020-03-25 02:00:48,891 - exp_torch_topics_d128_least_confident_i2000_b20_q100_shuffled_flexbatch1 - INFO - finish step #19 for 10.07079005241394 sec
2020-03-25 02:00:48,891 - exp_torch_topics_d128_least_confident_i2000_b20_q100_shuffled_flexbatch1 - INFO - current val_accuracy: 0.46254598969830757
2020-03-25 02:00:48,892 - exp_torch_topics_d128_least_confident_i2000_b20_q100_shuffled_flexbatch1 - INFO - start step #20
2020-03-25 02:00:55,239 - exp_torch_topics_d128_least_confident_i2000_b20_q100_shuffled_flexbatch1 - INFO - query idx: [31983 18077 28221  1068 98766 97188 96276 64152 94619 90675 35314 38634
 40794 58464 73825  7072 95648 59943 71495 82407]
2020-03-25 02:00:58,661 - exp_torch_topics_d128_least_confident_i2000_b20_q100_shuffled_flexbatch1 - INFO - finish step #20 for 9.769105195999146 sec
2020-03-25 02:00:58,661 - exp_torch_topics_d128_least_confident_i2000_b20_q100_shuffled_flexbatch1 - INFO - current val_accuracy: 0.46245768947755705
2020-03-25 02:00:58,661 - exp_torch_topics_d128_least_confident_i2000_b20_q100_shuffled_flexbatch1 - INFO - start step #21
2020-03-25 02:01:04,711 - exp_torch_topics_d128_least_confident_i2000_b20_q100_shuffled_flexbatch1 - INFO - query idx: [62991 72414 77032 44921 91137 78892 13616 44883 98120 12986 43336 10250
 13889 81438 20211 12980 92540 97192 13624 45447]
2020-03-25 02:01:07,393 - exp_torch_topics_d128_least_confident_i2000_b20_q100_shuffled_flexbatch1 - INFO - finish step #21 for 8.731839895248413 sec
2020-03-25 02:01:07,394 - exp_torch_topics_d128_least_confident_i2000_b20_q100_shuffled_flexbatch1 - INFO - current val_accuracy: 0.4619867549668874
2020-03-25 02:01:07,394 - exp_torch_topics_d128_least_confident_i2000_b20_q100_shuffled_flexbatch1 - INFO - start step #22
2020-03-25 02:01:12,626 - exp_torch_topics_d128_least_confident_i2000_b20_q100_shuffled_flexbatch1 - INFO - query idx: [86495 41005 66970 64668 12769 35762 36689 30453  9546 26862 84135 88062
 56231 65964 15184 49165 91861 15170  5424 53158]
2020-03-25 02:01:15,075 - exp_torch_topics_d128_least_confident_i2000_b20_q100_shuffled_flexbatch1 - INFO - finish step #22 for 7.680629014968872 sec
2020-03-25 02:01:15,075 - exp_torch_topics_d128_least_confident_i2000_b20_q100_shuffled_flexbatch1 - INFO - current val_accuracy: 0.4630757910228109
2020-03-25 02:01:15,075 - exp_torch_topics_d128_least_confident_i2000_b20_q100_shuffled_flexbatch1 - INFO - start step #23
2020-03-25 02:01:20,722 - exp_torch_topics_d128_least_confident_i2000_b20_q100_shuffled_flexbatch1 - INFO - query idx: [77791 14714 93553 71716 38301 30047 64052 81852 61887  4845 85952 56217
 91411 81280 28342 23962 69267 14971 30101 21290]
2020-03-25 02:01:23,559 - exp_torch_topics_d128_least_confident_i2000_b20_q100_shuffled_flexbatch1 - INFO - finish step #23 for 8.484062910079956 sec
2020-03-25 02:01:23,559 - exp_torch_topics_d128_least_confident_i2000_b20_q100_shuffled_flexbatch1 - INFO - current val_accuracy: 0.4649889624724062
2020-03-25 02:01:23,560 - exp_torch_topics_d128_least_confident_i2000_b20_q100_shuffled_flexbatch1 - INFO - start step #24
2020-03-25 02:01:29,599 - exp_torch_topics_d128_least_confident_i2000_b20_q100_shuffled_flexbatch1 - INFO - query idx: [18578 39971 65009 81406 41196 85803 69576 67774 98488 70618 63068 40481
 50556 80998  5179 40004 43457 56451 18997 84311]
2020-03-25 02:01:33,140 - exp_torch_topics_d128_least_confident_i2000_b20_q100_shuffled_flexbatch1 - INFO - finish step #24 for 9.580443859100342 sec
2020-03-25 02:01:33,141 - exp_torch_topics_d128_least_confident_i2000_b20_q100_shuffled_flexbatch1 - INFO - current val_accuracy: 0.46363502575423104
2020-03-25 02:01:33,142 - exp_torch_topics_d128_least_confident_i2000_b20_q100_shuffled_flexbatch1 - INFO - start step #25
2020-03-25 02:01:39,603 - exp_torch_topics_d128_least_confident_i2000_b20_q100_shuffled_flexbatch1 - INFO - query idx: [45539 84771 16149 43843 33784 42856 56086 80730 67578 34367 14870 15871
 81587 99454  7486 78319 21701 98682 30783 43645]
2020-03-25 02:01:42,521 - exp_torch_topics_d128_least_confident_i2000_b20_q100_shuffled_flexbatch1 - INFO - finish step #25 for 9.379483938217163 sec
2020-03-25 02:01:42,522 - exp_torch_topics_d128_least_confident_i2000_b20_q100_shuffled_flexbatch1 - INFO - current val_accuracy: 0.4651949963208241
2020-03-25 02:01:42,522 - exp_torch_topics_d128_least_confident_i2000_b20_q100_shuffled_flexbatch1 - INFO - start step #26
2020-03-25 02:01:47,797 - exp_torch_topics_d128_least_confident_i2000_b20_q100_shuffled_flexbatch1 - INFO - query idx: [ 6950 24673 38195 23346 95639 89776 46888 68026 58508  9821 19937 61584
 61919 37374 30708 66833 97531 79325 24591 92530]
2020-03-25 02:01:50,213 - exp_torch_topics_d128_least_confident_i2000_b20_q100_shuffled_flexbatch1 - INFO - finish step #26 for 7.690699100494385 sec
2020-03-25 02:01:50,213 - exp_torch_topics_d128_least_confident_i2000_b20_q100_shuffled_flexbatch1 - INFO - current val_accuracy: 0.4666372332597498
2020-03-25 02:01:50,213 - exp_torch_topics_d128_least_confident_i2000_b20_q100_shuffled_flexbatch1 - INFO - start step #27
2020-03-25 02:01:55,142 - exp_torch_topics_d128_least_confident_i2000_b20_q100_shuffled_flexbatch1 - INFO - query idx: [68448 54437 29959 58959 13032 66309 74496 95055 97738  5251 40506 15955
 87854 16539 48097 55173  8353 68464 16550 21951]
2020-03-25 02:01:57,519 - exp_torch_topics_d128_least_confident_i2000_b20_q100_shuffled_flexbatch1 - INFO - finish step #27 for 7.305977821350098 sec
2020-03-25 02:01:57,519 - exp_torch_topics_d128_least_confident_i2000_b20_q100_shuffled_flexbatch1 - INFO - current val_accuracy: 0.46678440029433405
2020-03-25 02:01:57,519 - exp_torch_topics_d128_least_confident_i2000_b20_q100_shuffled_flexbatch1 - INFO - start step #28
2020-03-25 02:02:02,467 - exp_torch_topics_d128_least_confident_i2000_b20_q100_shuffled_flexbatch1 - INFO - query idx: [ 5828 87374 26426 39378 86892  5172 23374 38060 71661 60547 53737 64047
 66499 67766 76776 86832 72249 47957 55180 61373]
2020-03-25 02:02:04,839 - exp_torch_topics_d128_least_confident_i2000_b20_q100_shuffled_flexbatch1 - INFO - finish step #28 for 7.319581985473633 sec
2020-03-25 02:02:04,839 - exp_torch_topics_d128_least_confident_i2000_b20_q100_shuffled_flexbatch1 - INFO - current val_accuracy: 0.46784400294334066
2020-03-25 02:02:04,839 - exp_torch_topics_d128_least_confident_i2000_b20_q100_shuffled_flexbatch1 - INFO - start step #29
2020-03-25 02:02:09,704 - exp_torch_topics_d128_least_confident_i2000_b20_q100_shuffled_flexbatch1 - INFO - query idx: [29993 55088 80443  1716 47594 52087 32555 44995 55266 10825 66528 67239
  7040 87382 61008 34167 10372 14714 25195 44749]
2020-03-25 02:02:12,108 - exp_torch_topics_d128_least_confident_i2000_b20_q100_shuffled_flexbatch1 - INFO - finish step #29 for 7.2685558795928955 sec
2020-03-25 02:02:12,110 - exp_torch_topics_d128_least_confident_i2000_b20_q100_shuffled_flexbatch1 - INFO - current val_accuracy: 0.46928623988226636
2020-03-25 02:02:12,110 - exp_torch_topics_d128_least_confident_i2000_b20_q100_shuffled_flexbatch1 - INFO - start step #30
2020-03-25 02:02:16,977 - exp_torch_topics_d128_least_confident_i2000_b20_q100_shuffled_flexbatch1 - INFO - query idx: [11572 98609 56746  4207 54937 77186 13797 52228 23171  3787 84236 35705
 99026 95136 90645 40215 59714 68689  7289 67639]
2020-03-25 02:02:19,386 - exp_torch_topics_d128_least_confident_i2000_b20_q100_shuffled_flexbatch1 - INFO - finish step #30 for 7.275799989700317 sec
2020-03-25 02:02:19,386 - exp_torch_topics_d128_least_confident_i2000_b20_q100_shuffled_flexbatch1 - INFO - current val_accuracy: 0.4693156732891832
2020-03-25 02:02:19,386 - exp_torch_topics_d128_least_confident_i2000_b20_q100_shuffled_flexbatch1 - INFO - start step #31
2020-03-25 02:02:24,268 - exp_torch_topics_d128_least_confident_i2000_b20_q100_shuffled_flexbatch1 - INFO - query idx: [ 7026 30530 61482 67372  9862 30084  6068 72768 93040 82126  8591 70976
  2634 71571 18482  7747 17874 17026 10106 77509]
2020-03-25 02:02:26,685 - exp_torch_topics_d128_least_confident_i2000_b20_q100_shuffled_flexbatch1 - INFO - finish step #31 for 7.298721075057983 sec
2020-03-25 02:02:26,685 - exp_torch_topics_d128_least_confident_i2000_b20_q100_shuffled_flexbatch1 - INFO - current val_accuracy: 0.4694922737306843
2020-03-25 02:02:26,685 - exp_torch_topics_d128_least_confident_i2000_b20_q100_shuffled_flexbatch1 - INFO - start step #32
2020-03-25 02:02:31,521 - exp_torch_topics_d128_least_confident_i2000_b20_q100_shuffled_flexbatch1 - INFO - query idx: [94288 77116 36748 53058 23014 97540 81673 92639 36614 70382 17541 85662
 60138 81047 10526 66475 83355 53846 57130 44721]
2020-03-25 02:02:33,946 - exp_torch_topics_d128_least_confident_i2000_b20_q100_shuffled_flexbatch1 - INFO - finish step #32 for 7.260645151138306 sec
2020-03-25 02:02:33,946 - exp_torch_topics_d128_least_confident_i2000_b20_q100_shuffled_flexbatch1 - INFO - current val_accuracy: 0.4682560706401766
2020-03-25 02:02:33,946 - exp_torch_topics_d128_least_confident_i2000_b20_q100_shuffled_flexbatch1 - INFO - start step #33
2020-03-25 02:02:38,872 - exp_torch_topics_d128_least_confident_i2000_b20_q100_shuffled_flexbatch1 - INFO - query idx: [62827 63057 63692 81639 54761 80201  1815 15230 39501 50867 43809 42612
 20494 73371 98228 16471 39300 39198 78887 43395]
2020-03-25 02:02:41,207 - exp_torch_topics_d128_least_confident_i2000_b20_q100_shuffled_flexbatch1 - INFO - finish step #33 for 7.260611057281494 sec
2020-03-25 02:02:41,207 - exp_torch_topics_d128_least_confident_i2000_b20_q100_shuffled_flexbatch1 - INFO - current val_accuracy: 0.47264164827078736
2020-03-25 02:02:41,207 - exp_torch_topics_d128_least_confident_i2000_b20_q100_shuffled_flexbatch1 - INFO - start step #34
2020-03-25 02:02:46,140 - exp_torch_topics_d128_least_confident_i2000_b20_q100_shuffled_flexbatch1 - INFO - query idx: [53266 77563 29325 57680 95409 44723 36389 89038 83236 74937 61135 72541
 85123 89688 49044 47823 85885 38744 96890 89654]
2020-03-25 02:02:48,472 - exp_torch_topics_d128_least_confident_i2000_b20_q100_shuffled_flexbatch1 - INFO - finish step #34 for 7.2650511264801025 sec
2020-03-25 02:02:48,473 - exp_torch_topics_d128_least_confident_i2000_b20_q100_shuffled_flexbatch1 - INFO - current val_accuracy: 0.47240618101545256
2020-03-25 02:02:48,473 - exp_torch_topics_d128_least_confident_i2000_b20_q100_shuffled_flexbatch1 - INFO - start step #35
2020-03-25 02:02:53,360 - exp_torch_topics_d128_least_confident_i2000_b20_q100_shuffled_flexbatch1 - INFO - query idx: [22701 30116 32236 78317 88694 37250 70285 88407 87593  6831 80036  1869
  2873  4556 12111 48722  6376 31012 52328 26968]
2020-03-25 02:02:55,692 - exp_torch_topics_d128_least_confident_i2000_b20_q100_shuffled_flexbatch1 - INFO - finish step #35 for 7.218998908996582 sec
2020-03-25 02:02:55,692 - exp_torch_topics_d128_least_confident_i2000_b20_q100_shuffled_flexbatch1 - INFO - current val_accuracy: 0.47084621044885944
2020-03-25 02:02:55,692 - exp_torch_topics_d128_least_confident_i2000_b20_q100_shuffled_flexbatch1 - INFO - start step #36
2020-03-25 02:03:00,544 - exp_torch_topics_d128_least_confident_i2000_b20_q100_shuffled_flexbatch1 - INFO - query idx: [75231 51698 48585 62629 39011 40015 45224 67486 83515 70132 38199 15244
 65848 67469 21414 50410  9002 13192 44278 65236]
2020-03-25 02:03:02,881 - exp_torch_topics_d128_least_confident_i2000_b20_q100_shuffled_flexbatch1 - INFO - finish step #36 for 7.188322067260742 sec
2020-03-25 02:03:02,881 - exp_torch_topics_d128_least_confident_i2000_b20_q100_shuffled_flexbatch1 - INFO - current val_accuracy: 0.4730831493745401
2020-03-25 02:03:02,881 - exp_torch_topics_d128_least_confident_i2000_b20_q100_shuffled_flexbatch1 - INFO - start step #37
2020-03-25 02:03:07,764 - exp_torch_topics_d128_least_confident_i2000_b20_q100_shuffled_flexbatch1 - INFO - query idx: [94282 67758 97489 95906  1492 27753 17528 33761 86884 71736 29358 19092
 99200 58022 59419  4554 21741 10549 89356 25081]
2020-03-25 02:03:10,137 - exp_torch_topics_d128_least_confident_i2000_b20_q100_shuffled_flexbatch1 - INFO - finish step #37 for 7.255896806716919 sec
2020-03-25 02:03:10,137 - exp_torch_topics_d128_least_confident_i2000_b20_q100_shuffled_flexbatch1 - INFO - current val_accuracy: 0.47108167770419423
2020-03-25 02:03:10,137 - exp_torch_topics_d128_least_confident_i2000_b20_q100_shuffled_flexbatch1 - INFO - start step #38
2020-03-25 02:03:14,988 - exp_torch_topics_d128_least_confident_i2000_b20_q100_shuffled_flexbatch1 - INFO - query idx: [86465 58653  3260 64053 63533 92818 70057 40451 33859 50959 97287 94009
 83043 60883 84983 35051 54719 92830 74500 13348]
2020-03-25 02:03:17,352 - exp_torch_topics_d128_least_confident_i2000_b20_q100_shuffled_flexbatch1 - INFO - finish step #38 for 7.214197874069214 sec
2020-03-25 02:03:17,352 - exp_torch_topics_d128_least_confident_i2000_b20_q100_shuffled_flexbatch1 - INFO - current val_accuracy: 0.47317144959529067
2020-03-25 02:03:17,352 - exp_torch_topics_d128_least_confident_i2000_b20_q100_shuffled_flexbatch1 - INFO - start step #39
2020-03-25 02:03:22,157 - exp_torch_topics_d128_least_confident_i2000_b20_q100_shuffled_flexbatch1 - INFO - query idx: [34443 44705 15176 59068 21421 96718 16054 50814 85721 55351  8033 46824
 66493 87607  7799 93661 50398 18922 47691 72283]
2020-03-25 02:03:24,470 - exp_torch_topics_d128_least_confident_i2000_b20_q100_shuffled_flexbatch1 - INFO - finish step #39 for 7.117717027664185 sec
2020-03-25 02:03:24,470 - exp_torch_topics_d128_least_confident_i2000_b20_q100_shuffled_flexbatch1 - INFO - current val_accuracy: 0.47602649006622516
2020-03-25 02:03:24,470 - exp_torch_topics_d128_least_confident_i2000_b20_q100_shuffled_flexbatch1 - INFO - start step #40
2020-03-25 02:03:29,311 - exp_torch_topics_d128_least_confident_i2000_b20_q100_shuffled_flexbatch1 - INFO - query idx: [92910 90945 64242 29731 70051 94815 68277   486 99104 61286 21871  6651
 23727 27676 26851 88146 83180 14233 47913 23549]
2020-03-25 02:03:31,676 - exp_torch_topics_d128_least_confident_i2000_b20_q100_shuffled_flexbatch1 - INFO - finish step #40 for 7.206081867218018 sec
2020-03-25 02:03:31,677 - exp_torch_topics_d128_least_confident_i2000_b20_q100_shuffled_flexbatch1 - INFO - current val_accuracy: 0.4744665194996321
2020-03-25 02:03:31,677 - exp_torch_topics_d128_least_confident_i2000_b20_q100_shuffled_flexbatch1 - INFO - start step #41
2020-03-25 02:03:36,442 - exp_torch_topics_d128_least_confident_i2000_b20_q100_shuffled_flexbatch1 - INFO - query idx: [70439 18659 36374  2554 15391 45014 34706 77161 52427 20643   383 94481
 85648 45108 97789 37814 94863 91976 46124 19117]
2020-03-25 02:03:38,813 - exp_torch_topics_d128_least_confident_i2000_b20_q100_shuffled_flexbatch1 - INFO - finish step #41 for 7.136004209518433 sec
2020-03-25 02:03:38,813 - exp_torch_topics_d128_least_confident_i2000_b20_q100_shuffled_flexbatch1 - INFO - current val_accuracy: 0.47502575423105226
2020-03-25 02:03:38,813 - exp_torch_topics_d128_least_confident_i2000_b20_q100_shuffled_flexbatch1 - INFO - start step #42
2020-03-25 02:03:43,564 - exp_torch_topics_d128_least_confident_i2000_b20_q100_shuffled_flexbatch1 - INFO - query idx: [22667 25138 67366 16633  4293 11585 27210 90671 83338 44367 78054 75356
 66826 19611 30655 50943 31416  2931 95538 65079]
2020-03-25 02:03:45,995 - exp_torch_topics_d128_least_confident_i2000_b20_q100_shuffled_flexbatch1 - INFO - finish step #42 for 7.18186092376709 sec
2020-03-25 02:03:45,996 - exp_torch_topics_d128_least_confident_i2000_b20_q100_shuffled_flexbatch1 - INFO - current val_accuracy: 0.4753789551140544
2020-03-25 02:03:45,996 - exp_torch_topics_d128_least_confident_i2000_b20_q100_shuffled_flexbatch1 - INFO - start step #43
2020-03-25 02:03:50,726 - exp_torch_topics_d128_least_confident_i2000_b20_q100_shuffled_flexbatch1 - INFO - query idx: [55193 50774 57818 26383 84960 36131 21771 91170 37595 88857 44293 33313
 60024 84458 32452 62298 80595 62971 46116 96421]
2020-03-25 02:03:53,096 - exp_torch_topics_d128_least_confident_i2000_b20_q100_shuffled_flexbatch1 - INFO - finish step #43 for 7.1006152629852295 sec
2020-03-25 02:03:53,097 - exp_torch_topics_d128_least_confident_i2000_b20_q100_shuffled_flexbatch1 - INFO - current val_accuracy: 0.4766151582045622
2020-03-25 02:03:53,097 - exp_torch_topics_d128_least_confident_i2000_b20_q100_shuffled_flexbatch1 - INFO - start step #44
2020-03-25 02:03:57,906 - exp_torch_topics_d128_least_confident_i2000_b20_q100_shuffled_flexbatch1 - INFO - query idx: [65433 62782 76086 53779 78544 30226 74711 37888 72718 81818 95182 98935
 91421 97002 90217 85162 69377 93126 73653 92097]
2020-03-25 02:04:00,431 - exp_torch_topics_d128_least_confident_i2000_b20_q100_shuffled_flexbatch1 - INFO - finish step #44 for 7.334114074707031 sec
2020-03-25 02:04:00,431 - exp_torch_topics_d128_least_confident_i2000_b20_q100_shuffled_flexbatch1 - INFO - current val_accuracy: 0.475467255334805
2020-03-25 02:04:00,431 - exp_torch_topics_d128_least_confident_i2000_b20_q100_shuffled_flexbatch1 - INFO - start step #45
2020-03-25 02:04:07,928 - exp_torch_topics_d128_least_confident_i2000_b20_q100_shuffled_flexbatch1 - INFO - query idx: [16964 53092 90416 26675 72156 35740 98965 88742 59890 80563 21667  2611
 26492 30964 97788 31413 29408 18717 91738 60869]
2020-03-25 02:04:11,078 - exp_torch_topics_d128_least_confident_i2000_b20_q100_shuffled_flexbatch1 - INFO - finish step #45 for 10.646594047546387 sec
2020-03-25 02:04:11,089 - exp_torch_topics_d128_least_confident_i2000_b20_q100_shuffled_flexbatch1 - INFO - current val_accuracy: 0.4765268579838116
2020-03-25 02:04:11,089 - exp_torch_topics_d128_least_confident_i2000_b20_q100_shuffled_flexbatch1 - INFO - start step #46
2020-03-25 02:04:17,310 - exp_torch_topics_d128_least_confident_i2000_b20_q100_shuffled_flexbatch1 - INFO - query idx: [38909 25620 33326 56372  7918 57354 16230 94285 64519 20199 29000 88138
 87945 70441 42077 92115 48288 29527 29629 58489]
2020-03-25 02:04:20,334 - exp_torch_topics_d128_least_confident_i2000_b20_q100_shuffled_flexbatch1 - INFO - finish step #46 for 9.244162797927856 sec
2020-03-25 02:04:20,334 - exp_torch_topics_d128_least_confident_i2000_b20_q100_shuffled_flexbatch1 - INFO - current val_accuracy: 0.4791464311994113
2020-03-25 02:04:20,334 - exp_torch_topics_d128_least_confident_i2000_b20_q100_shuffled_flexbatch1 - INFO - start step #47
2020-03-25 02:04:26,140 - exp_torch_topics_d128_least_confident_i2000_b20_q100_shuffled_flexbatch1 - INFO - query idx: [94109 57850 20193  3096 44116 51407 10349 56743 68058 80707 35054 49181
 67454 26165 22213 88025 62294  2681  9463 52105]
2020-03-25 02:04:28,704 - exp_torch_topics_d128_least_confident_i2000_b20_q100_shuffled_flexbatch1 - INFO - finish step #47 for 8.369534015655518 sec
2020-03-25 02:04:28,704 - exp_torch_topics_d128_least_confident_i2000_b20_q100_shuffled_flexbatch1 - INFO - current val_accuracy: 0.4789698307579102
2020-03-25 02:04:28,704 - exp_torch_topics_d128_least_confident_i2000_b20_q100_shuffled_flexbatch1 - INFO - start step #48
2020-03-25 02:04:33,636 - exp_torch_topics_d128_least_confident_i2000_b20_q100_shuffled_flexbatch1 - INFO - query idx: [61378 41552 27821 42998   419 23604 53639 37213 58340 48550 56116 29241
 90251 22355 45518 28812 11424 90778 29850 30736]
2020-03-25 02:04:36,179 - exp_torch_topics_d128_least_confident_i2000_b20_q100_shuffled_flexbatch1 - INFO - finish step #48 for 7.475276231765747 sec
2020-03-25 02:04:36,180 - exp_torch_topics_d128_least_confident_i2000_b20_q100_shuffled_flexbatch1 - INFO - current val_accuracy: 0.4769683590875644
2020-03-25 02:04:36,180 - exp_torch_topics_d128_least_confident_i2000_b20_q100_shuffled_flexbatch1 - INFO - start step #49
2020-03-25 02:04:41,053 - exp_torch_topics_d128_least_confident_i2000_b20_q100_shuffled_flexbatch1 - INFO - query idx: [60503 84073 83387 39496 23656 90609 49722   481 12980 17666 45161 83990
 66888 89597 15470 23815 40834 82157 29649 73916]
2020-03-25 02:04:43,546 - exp_torch_topics_d128_least_confident_i2000_b20_q100_shuffled_flexbatch1 - INFO - finish step #49 for 7.36604905128479 sec
2020-03-25 02:04:43,546 - exp_torch_topics_d128_least_confident_i2000_b20_q100_shuffled_flexbatch1 - INFO - current val_accuracy: 0.47688005886681384
2020-03-25 02:04:43,546 - exp_torch_topics_d128_least_confident_i2000_b20_q100_shuffled_flexbatch1 - INFO - start step #50
2020-03-25 02:04:48,483 - exp_torch_topics_d128_least_confident_i2000_b20_q100_shuffled_flexbatch1 - INFO - query idx: [73490 14960 89592 95343  8092 70761 97677 69415 52500  5852 17492 40683
 18647 71764  5228  5238 75757 94031  5916 78297]
2020-03-25 02:04:50,978 - exp_torch_topics_d128_least_confident_i2000_b20_q100_shuffled_flexbatch1 - INFO - finish step #50 for 7.432204008102417 sec
2020-03-25 02:04:50,979 - exp_torch_topics_d128_least_confident_i2000_b20_q100_shuffled_flexbatch1 - INFO - current val_accuracy: 0.4783811626195732
2020-03-25 02:04:50,979 - exp_torch_topics_d128_least_confident_i2000_b20_q100_shuffled_flexbatch1 - INFO - start step #51
2020-03-25 02:04:55,868 - exp_torch_topics_d128_least_confident_i2000_b20_q100_shuffled_flexbatch1 - INFO - query idx: [91185 32329 44780 89810 52067 59356 30472  2396 38297 28861 21001 30917
 20245 43723 82006 81521 81086 29380 68106 65890]
2020-03-25 02:04:58,370 - exp_torch_topics_d128_least_confident_i2000_b20_q100_shuffled_flexbatch1 - INFO - finish step #51 for 7.391342878341675 sec
2020-03-25 02:04:58,370 - exp_torch_topics_d128_least_confident_i2000_b20_q100_shuffled_flexbatch1 - INFO - current val_accuracy: 0.4782045621780721
2020-03-25 02:04:58,371 - exp_torch_topics_d128_least_confident_i2000_b20_q100_shuffled_flexbatch1 - INFO - start step #52
2020-03-25 02:05:03,276 - exp_torch_topics_d128_least_confident_i2000_b20_q100_shuffled_flexbatch1 - INFO - query idx: [19722 84779 59739 68524 47937 79853 39582 23882 61025 22414 42772 77435
 29744 55949 78077  4656 17638 86170 98666 76422]
2020-03-25 02:05:05,754 - exp_torch_topics_d128_least_confident_i2000_b20_q100_shuffled_flexbatch1 - INFO - finish step #52 for 7.382795810699463 sec
2020-03-25 02:05:05,754 - exp_torch_topics_d128_least_confident_i2000_b20_q100_shuffled_flexbatch1 - INFO - current val_accuracy: 0.4770860927152318
2020-03-25 02:05:05,754 - exp_torch_topics_d128_least_confident_i2000_b20_q100_shuffled_flexbatch1 - INFO - start step #53
2020-03-25 02:05:10,498 - exp_torch_topics_d128_least_confident_i2000_b20_q100_shuffled_flexbatch1 - INFO - query idx: [ 2684 42990 78706 43804 24145 16909 45950 20786 19679 80461   427 91076
 59220 73998 55225 58557 21008 13012 80075 96300]
2020-03-25 02:05:13,101 - exp_torch_topics_d128_least_confident_i2000_b20_q100_shuffled_flexbatch1 - INFO - finish step #53 for 7.3469319343566895 sec
2020-03-25 02:05:13,101 - exp_torch_topics_d128_least_confident_i2000_b20_q100_shuffled_flexbatch1 - INFO - current val_accuracy: 0.4794701986754967
2020-03-25 02:05:13,101 - exp_torch_topics_d128_least_confident_i2000_b20_q100_shuffled_flexbatch1 - INFO - start step #54
2020-03-25 02:05:17,946 - exp_torch_topics_d128_least_confident_i2000_b20_q100_shuffled_flexbatch1 - INFO - query idx: [20603 74649 69164 97527 77061 66929 82343 46678 59165 73427  9422 94291
 70788 13775 67441 65689 66220 53842 57774 15568]
2020-03-25 02:05:20,416 - exp_torch_topics_d128_least_confident_i2000_b20_q100_shuffled_flexbatch1 - INFO - finish step #54 for 7.313979864120483 sec
2020-03-25 02:05:20,416 - exp_torch_topics_d128_least_confident_i2000_b20_q100_shuffled_flexbatch1 - INFO - current val_accuracy: 0.48117733627667403
2020-03-25 02:05:20,416 - exp_torch_topics_d128_least_confident_i2000_b20_q100_shuffled_flexbatch1 - INFO - start step #55
2020-03-25 02:05:25,207 - exp_torch_topics_d128_least_confident_i2000_b20_q100_shuffled_flexbatch1 - INFO - query idx: [17076 26896 68057 17378 58546 39213 35158 80258 75981 75552 20431 54369
 54421 46779  6429 66716 17419 61374 95010  4576]
2020-03-25 02:05:27,640 - exp_torch_topics_d128_least_confident_i2000_b20_q100_shuffled_flexbatch1 - INFO - finish step #55 for 7.224334955215454 sec
2020-03-25 02:05:27,640 - exp_torch_topics_d128_least_confident_i2000_b20_q100_shuffled_flexbatch1 - INFO - current val_accuracy: 0.4782634289919058
2020-03-25 02:05:27,641 - exp_torch_topics_d128_least_confident_i2000_b20_q100_shuffled_flexbatch1 - INFO - start step #56
2020-03-25 02:05:32,413 - exp_torch_topics_d128_least_confident_i2000_b20_q100_shuffled_flexbatch1 - INFO - query idx: [75543 84137 81779 77396 42181 40920 84399 36907 68454  1906 35267  6761
 96241 23692 88132 69004 65298 14541 46588 15487]
2020-03-25 02:05:34,871 - exp_torch_topics_d128_least_confident_i2000_b20_q100_shuffled_flexbatch1 - INFO - finish step #56 for 7.230504989624023 sec
2020-03-25 02:05:34,871 - exp_torch_topics_d128_least_confident_i2000_b20_q100_shuffled_flexbatch1 - INFO - current val_accuracy: 0.47885209713024285
2020-03-25 02:05:34,872 - exp_torch_topics_d128_least_confident_i2000_b20_q100_shuffled_flexbatch1 - INFO - start step #57
2020-03-25 02:05:39,657 - exp_torch_topics_d128_least_confident_i2000_b20_q100_shuffled_flexbatch1 - INFO - query idx: [62085 20767  3729 75787 44805 96046 86888 56151  6073 27757 93237 40229
 67016   409 10419 30732 80487  9743 31208   211]
2020-03-25 02:05:42,313 - exp_torch_topics_d128_least_confident_i2000_b20_q100_shuffled_flexbatch1 - INFO - finish step #57 for 7.44103217124939 sec
2020-03-25 02:05:42,313 - exp_torch_topics_d128_least_confident_i2000_b20_q100_shuffled_flexbatch1 - INFO - current val_accuracy: 0.477439293598234
2020-03-25 02:05:42,313 - exp_torch_topics_d128_least_confident_i2000_b20_q100_shuffled_flexbatch1 - INFO - start step #58
2020-03-25 02:05:47,153 - exp_torch_topics_d128_least_confident_i2000_b20_q100_shuffled_flexbatch1 - INFO - query idx: [32749 23478 73971 28831 97552 60627  8338 53115 78639 56834 17555 50240
 28054   387 35097 17281 27579 66067 77206 15110]
2020-03-25 02:05:49,589 - exp_torch_topics_d128_least_confident_i2000_b20_q100_shuffled_flexbatch1 - INFO - finish step #58 for 7.275639772415161 sec
2020-03-25 02:05:49,589 - exp_torch_topics_d128_least_confident_i2000_b20_q100_shuffled_flexbatch1 - INFO - current val_accuracy: 0.47970566593083147
2020-03-25 02:05:49,589 - exp_torch_topics_d128_least_confident_i2000_b20_q100_shuffled_flexbatch1 - INFO - start step #59
2020-03-25 02:05:54,355 - exp_torch_topics_d128_least_confident_i2000_b20_q100_shuffled_flexbatch1 - INFO - query idx: [46482 15430 38077 89947 87635 34535 32768 23313 43943 54789 43275 16998
 45501 24829 48842 79271 57738 75475 88738 59229]
2020-03-25 02:05:56,818 - exp_torch_topics_d128_least_confident_i2000_b20_q100_shuffled_flexbatch1 - INFO - finish step #59 for 7.228847026824951 sec
2020-03-25 02:05:56,818 - exp_torch_topics_d128_least_confident_i2000_b20_q100_shuffled_flexbatch1 - INFO - current val_accuracy: 0.4802354672553348
2020-03-25 02:05:56,818 - exp_torch_topics_d128_least_confident_i2000_b20_q100_shuffled_flexbatch1 - INFO - start step #60
2020-03-25 02:06:01,528 - exp_torch_topics_d128_least_confident_i2000_b20_q100_shuffled_flexbatch1 - INFO - query idx: [98630 56222 62071 72768 51659 70392 94143 63821 22840 20505 74027  4923
 28844 86447 67006 41736  9343 58310 62438 69145]
2020-03-25 02:06:03,977 - exp_torch_topics_d128_least_confident_i2000_b20_q100_shuffled_flexbatch1 - INFO - finish step #60 for 7.1580891609191895 sec
2020-03-25 02:06:03,977 - exp_torch_topics_d128_least_confident_i2000_b20_q100_shuffled_flexbatch1 - INFO - current val_accuracy: 0.4802943340691685
2020-03-25 02:06:03,977 - exp_torch_topics_d128_least_confident_i2000_b20_q100_shuffled_flexbatch1 - INFO - start step #61
2020-03-25 02:06:08,777 - exp_torch_topics_d128_least_confident_i2000_b20_q100_shuffled_flexbatch1 - INFO - query idx: [46367 68746 16548 40333 59996 85854 86330 27948 87662 54426 75713 53839
  9273 25192 47716 80346 86927  7999 92674 47303]
2020-03-25 02:06:11,219 - exp_torch_topics_d128_least_confident_i2000_b20_q100_shuffled_flexbatch1 - INFO - finish step #61 for 7.2420430183410645 sec
2020-03-25 02:06:11,219 - exp_torch_topics_d128_least_confident_i2000_b20_q100_shuffled_flexbatch1 - INFO - current val_accuracy: 0.47723325974981606
2020-03-25 02:06:11,219 - exp_torch_topics_d128_least_confident_i2000_b20_q100_shuffled_flexbatch1 - INFO - start step #62
2020-03-25 02:06:16,001 - exp_torch_topics_d128_least_confident_i2000_b20_q100_shuffled_flexbatch1 - INFO - query idx: [17029 75853 14013 77178 78765 47386 16061 25662 87748 49864 50054 94231
 96859 21340 47857 69317 10645 38037  8836 10816]
2020-03-25 02:06:18,495 - exp_torch_topics_d128_least_confident_i2000_b20_q100_shuffled_flexbatch1 - INFO - finish step #62 for 7.275983810424805 sec
2020-03-25 02:06:18,496 - exp_torch_topics_d128_least_confident_i2000_b20_q100_shuffled_flexbatch1 - INFO - current val_accuracy: 0.4780868285504047
2020-03-25 02:06:18,496 - exp_torch_topics_d128_least_confident_i2000_b20_q100_shuffled_flexbatch1 - INFO - start step #63
2020-03-25 02:06:23,224 - exp_torch_topics_d128_least_confident_i2000_b20_q100_shuffled_flexbatch1 - INFO - query idx: [74653 33573 16314 72722 50205 22809 17552 98661 63975  4112 26844 44299
 82701  7374 23200 39253 66826 48787 24699 88402]
2020-03-25 02:06:25,733 - exp_torch_topics_d128_least_confident_i2000_b20_q100_shuffled_flexbatch1 - INFO - finish step #63 for 7.236770153045654 sec
2020-03-25 02:06:25,733 - exp_torch_topics_d128_least_confident_i2000_b20_q100_shuffled_flexbatch1 - INFO - current val_accuracy: 0.48108903605592346
2020-03-25 02:06:25,733 - exp_torch_topics_d128_least_confident_i2000_b20_q100_shuffled_flexbatch1 - INFO - start step #64
2020-03-25 02:06:30,524 - exp_torch_topics_d128_least_confident_i2000_b20_q100_shuffled_flexbatch1 - INFO - query idx: [41197 65846 24798 46154 31957 13957 15815 44820 77205 79107 79602 22114
 45831 72928 18245  5576 33971     4 48238 93236]
2020-03-25 02:06:32,955 - exp_torch_topics_d128_least_confident_i2000_b20_q100_shuffled_flexbatch1 - INFO - finish step #64 for 7.22188401222229 sec
2020-03-25 02:06:32,955 - exp_torch_topics_d128_least_confident_i2000_b20_q100_shuffled_flexbatch1 - INFO - current val_accuracy: 0.4845916114790287
2020-03-25 02:06:32,955 - exp_torch_topics_d128_least_confident_i2000_b20_q100_shuffled_flexbatch1 - INFO - start step #65
2020-03-25 02:06:37,712 - exp_torch_topics_d128_least_confident_i2000_b20_q100_shuffled_flexbatch1 - INFO - query idx: [61593 37541 21489  7656 28356 64805 88539 14067 31635 18835 81775 18513
 10746 48833 78959 61264 40112 59575 96066 37032]
2020-03-25 02:06:40,195 - exp_torch_topics_d128_least_confident_i2000_b20_q100_shuffled_flexbatch1 - INFO - finish step #65 for 7.239118814468384 sec
2020-03-25 02:06:40,195 - exp_torch_topics_d128_least_confident_i2000_b20_q100_shuffled_flexbatch1 - INFO - current val_accuracy: 0.48420897718910966
2020-03-25 02:06:40,195 - exp_torch_topics_d128_least_confident_i2000_b20_q100_shuffled_flexbatch1 - INFO - start step #66
2020-03-25 02:06:44,957 - exp_torch_topics_d128_least_confident_i2000_b20_q100_shuffled_flexbatch1 - INFO - query idx: [76321 16545 51384 62917 34012 34581 86737  6885 57481 39568  8456 77093
 54151 26732  4101 89844 94949  5415 79215 24327]
2020-03-25 02:06:47,453 - exp_torch_topics_d128_least_confident_i2000_b20_q100_shuffled_flexbatch1 - INFO - finish step #66 for 7.2578558921813965 sec
2020-03-25 02:06:47,453 - exp_torch_topics_d128_least_confident_i2000_b20_q100_shuffled_flexbatch1 - INFO - current val_accuracy: 0.48391464311994115
2020-03-25 02:06:47,453 - exp_torch_topics_d128_least_confident_i2000_b20_q100_shuffled_flexbatch1 - INFO - start step #67
2020-03-25 02:06:52,173 - exp_torch_topics_d128_least_confident_i2000_b20_q100_shuffled_flexbatch1 - INFO - query idx: [80457 84266 59192 83551 88798  1705  7473 23776 29804 30362 38734 78224
 38396 17843 29547 16218 77388 98104 35141 95239]
2020-03-25 02:06:54,622 - exp_torch_topics_d128_least_confident_i2000_b20_q100_shuffled_flexbatch1 - INFO - finish step #67 for 7.168597936630249 sec
2020-03-25 02:06:54,622 - exp_torch_topics_d128_least_confident_i2000_b20_q100_shuffled_flexbatch1 - INFO - current val_accuracy: 0.4784988962472406
2020-03-25 02:06:54,622 - exp_torch_topics_d128_least_confident_i2000_b20_q100_shuffled_flexbatch1 - INFO - start step #68
2020-03-25 02:06:59,399 - exp_torch_topics_d128_least_confident_i2000_b20_q100_shuffled_flexbatch1 - INFO - query idx: [28968 44042 90004 84358 44503 29511  1269 95305 15448 85955 79865 15499
 66132 39394 13796 68539 87350 37128 85221 54869]
2020-03-25 02:07:01,875 - exp_torch_topics_d128_least_confident_i2000_b20_q100_shuffled_flexbatch1 - INFO - finish step #68 for 7.253212213516235 sec
2020-03-25 02:07:01,876 - exp_torch_topics_d128_least_confident_i2000_b20_q100_shuffled_flexbatch1 - INFO - current val_accuracy: 0.47817512877115526
2020-03-25 02:07:01,876 - exp_torch_topics_d128_least_confident_i2000_b20_q100_shuffled_flexbatch1 - INFO - start step #69
2020-03-25 02:07:06,792 - exp_torch_topics_d128_least_confident_i2000_b20_q100_shuffled_flexbatch1 - INFO - query idx: [16312 27802 72898 23310 25591 54589 13873 43451 81522 11356 27537 80885
 48882 76108 51940 27640 96120 42733 55424 76428]
2020-03-25 02:07:09,341 - exp_torch_topics_d128_least_confident_i2000_b20_q100_shuffled_flexbatch1 - INFO - finish step #69 for 7.465436220169067 sec
2020-03-25 02:07:09,341 - exp_torch_topics_d128_least_confident_i2000_b20_q100_shuffled_flexbatch1 - INFO - current val_accuracy: 0.4825018395879323
2020-03-25 02:07:09,342 - exp_torch_topics_d128_least_confident_i2000_b20_q100_shuffled_flexbatch1 - INFO - start step #70
2020-03-25 02:07:14,096 - exp_torch_topics_d128_least_confident_i2000_b20_q100_shuffled_flexbatch1 - INFO - query idx: [89910 19856 64888 32019 22611 49324 81544 37031 22474  3738 96397 43446
 85448 63177 46112 48621   527 20011 22357 72321]
2020-03-25 02:07:16,584 - exp_torch_topics_d128_least_confident_i2000_b20_q100_shuffled_flexbatch1 - INFO - finish step #70 for 7.242516994476318 sec
2020-03-25 02:07:16,584 - exp_torch_topics_d128_least_confident_i2000_b20_q100_shuffled_flexbatch1 - INFO - current val_accuracy: 0.4804120676968359
2020-03-25 02:07:16,585 - exp_torch_topics_d128_least_confident_i2000_b20_q100_shuffled_flexbatch1 - INFO - start step #71
2020-03-25 02:07:21,314 - exp_torch_topics_d128_least_confident_i2000_b20_q100_shuffled_flexbatch1 - INFO - query idx: [75443 92828 73099 19301 30167 79713 54581 18977 74686 38394 74293 80226
 90896 30939 61841 49780 67711 41409 73366 98284]
2020-03-25 02:07:23,789 - exp_torch_topics_d128_least_confident_i2000_b20_q100_shuffled_flexbatch1 - INFO - finish step #71 for 7.204020023345947 sec
2020-03-25 02:07:23,789 - exp_torch_topics_d128_least_confident_i2000_b20_q100_shuffled_flexbatch1 - INFO - current val_accuracy: 0.4782928623988227
2020-03-25 02:07:23,789 - exp_torch_topics_d128_least_confident_i2000_b20_q100_shuffled_flexbatch1 - INFO - start step #72
2020-03-25 02:07:28,527 - exp_torch_topics_d128_least_confident_i2000_b20_q100_shuffled_flexbatch1 - INFO - query idx: [35582 33069 53802 70825 83921 26041 23021 81551 72722 54786 92394 63074
 92528 66767   326 20177 90191 53685 40384 43912]
2020-03-25 02:07:31,013 - exp_torch_topics_d128_least_confident_i2000_b20_q100_shuffled_flexbatch1 - INFO - finish step #72 for 7.223582029342651 sec
2020-03-25 02:07:31,013 - exp_torch_topics_d128_least_confident_i2000_b20_q100_shuffled_flexbatch1 - INFO - current val_accuracy: 0.4799411331861663
2020-03-25 02:07:31,013 - exp_torch_topics_d128_least_confident_i2000_b20_q100_shuffled_flexbatch1 - INFO - start step #73
2020-03-25 02:07:35,703 - exp_torch_topics_d128_least_confident_i2000_b20_q100_shuffled_flexbatch1 - INFO - query idx: [16782 34455 80269 38661 94371 16192 40781 94921   204 77241 54896 63716
 43943 12099  1551  4437 58230 58037 42123  9165]
2020-03-25 02:07:38,213 - exp_torch_topics_d128_least_confident_i2000_b20_q100_shuffled_flexbatch1 - INFO - finish step #73 for 7.200054883956909 sec
2020-03-25 02:07:38,213 - exp_torch_topics_d128_least_confident_i2000_b20_q100_shuffled_flexbatch1 - INFO - current val_accuracy: 0.4818837380426784
2020-03-25 02:07:38,214 - exp_torch_topics_d128_least_confident_i2000_b20_q100_shuffled_flexbatch1 - INFO - start step #74
2020-03-25 02:07:42,890 - exp_torch_topics_d128_least_confident_i2000_b20_q100_shuffled_flexbatch1 - INFO - query idx: [38337 71525 90080 43533 25913 72163 51820 76081 79985 37303 55556 27144
 36452 21331 43391 17883 85347 18796 54851 54596]
2020-03-25 02:07:45,413 - exp_torch_topics_d128_least_confident_i2000_b20_q100_shuffled_flexbatch1 - INFO - finish step #74 for 7.199771165847778 sec
2020-03-25 02:07:45,414 - exp_torch_topics_d128_least_confident_i2000_b20_q100_shuffled_flexbatch1 - INFO - current val_accuracy: 0.4808241353936718
2020-03-25 02:07:45,414 - exp_torch_topics_d128_least_confident_i2000_b20_q100_shuffled_flexbatch1 - INFO - start step #75
2020-03-25 02:07:50,099 - exp_torch_topics_d128_least_confident_i2000_b20_q100_shuffled_flexbatch1 - INFO - query idx: [82442 16229 54799 45555  9659  4753 11897 81478 70272 33116 14104 19114
 24922 15924 69719  7682 93162 51752  5256 12681]
2020-03-25 02:07:52,566 - exp_torch_topics_d128_least_confident_i2000_b20_q100_shuffled_flexbatch1 - INFO - finish step #75 for 7.152010917663574 sec
2020-03-25 02:07:52,566 - exp_torch_topics_d128_least_confident_i2000_b20_q100_shuffled_flexbatch1 - INFO - current val_accuracy: 0.4837086092715232
2020-03-25 02:07:52,566 - exp_torch_topics_d128_least_confident_i2000_b20_q100_shuffled_flexbatch1 - INFO - start step #76
2020-03-25 02:07:57,318 - exp_torch_topics_d128_least_confident_i2000_b20_q100_shuffled_flexbatch1 - INFO - query idx: [47144 23394 48266 38220 21289 60198 67801 77113  1227 22660 85595 70861
 97515 64266 31514 96470 62353 25058 51352 41718]
2020-03-25 02:07:59,823 - exp_torch_topics_d128_least_confident_i2000_b20_q100_shuffled_flexbatch1 - INFO - finish step #76 for 7.256798982620239 sec
2020-03-25 02:07:59,823 - exp_torch_topics_d128_least_confident_i2000_b20_q100_shuffled_flexbatch1 - INFO - current val_accuracy: 0.4814128035320088
2020-03-25 02:07:59,823 - exp_torch_topics_d128_least_confident_i2000_b20_q100_shuffled_flexbatch1 - INFO - start step #77
2020-03-25 02:08:04,557 - exp_torch_topics_d128_least_confident_i2000_b20_q100_shuffled_flexbatch1 - INFO - query idx: [92237 54987 28571 51085 96439 88223 64282 56792 72781 24980 59183 19266
 80700 93196 54063 44678 96636 86639 72919 55229]
2020-03-25 02:08:07,050 - exp_torch_topics_d128_least_confident_i2000_b20_q100_shuffled_flexbatch1 - INFO - finish step #77 for 7.22619104385376 sec
2020-03-25 02:08:07,050 - exp_torch_topics_d128_least_confident_i2000_b20_q100_shuffled_flexbatch1 - INFO - current val_accuracy: 0.4863281824871229
2020-03-25 02:08:07,050 - exp_torch_topics_d128_least_confident_i2000_b20_q100_shuffled_flexbatch1 - INFO - start step #78
2020-03-25 02:08:11,772 - exp_torch_topics_d128_least_confident_i2000_b20_q100_shuffled_flexbatch1 - INFO - query idx: [81788 80499 82694 38180 30328 28393 47528 68368 24834 64650 44893 42042
 65505 46506 66670 54266 45133 26637 48800 62449]
2020-03-25 02:08:14,294 - exp_torch_topics_d128_least_confident_i2000_b20_q100_shuffled_flexbatch1 - INFO - finish step #78 for 7.24369478225708 sec
2020-03-25 02:08:14,294 - exp_torch_topics_d128_least_confident_i2000_b20_q100_shuffled_flexbatch1 - INFO - current val_accuracy: 0.48753495217071374
2020-03-25 02:08:14,294 - exp_torch_topics_d128_least_confident_i2000_b20_q100_shuffled_flexbatch1 - INFO - start step #79
2020-03-25 02:08:19,040 - exp_torch_topics_d128_least_confident_i2000_b20_q100_shuffled_flexbatch1 - INFO - query idx: [48204 38977 14951  1743 83841 10367 16943 46405 91336 22727 87387 11995
 94160 69809 45075 58617 60450 19839 45884 70564]
2020-03-25 02:08:21,528 - exp_torch_topics_d128_least_confident_i2000_b20_q100_shuffled_flexbatch1 - INFO - finish step #79 for 7.234279155731201 sec
2020-03-25 02:08:21,529 - exp_torch_topics_d128_least_confident_i2000_b20_q100_shuffled_flexbatch1 - INFO - current val_accuracy: 0.4857983811626196
2020-03-25 02:08:21,529 - exp_torch_topics_d128_least_confident_i2000_b20_q100_shuffled_flexbatch1 - INFO - start step #80
2020-03-25 02:08:26,234 - exp_torch_topics_d128_least_confident_i2000_b20_q100_shuffled_flexbatch1 - INFO - query idx: [54973 67958  5416 81844 51269 55362 56233 96249 94260 15331 26314 15329
 14010 75292 40396 14524 65644 51715 85759 54956]
2020-03-25 02:08:28,711 - exp_torch_topics_d128_least_confident_i2000_b20_q100_shuffled_flexbatch1 - INFO - finish step #80 for 7.1819000244140625 sec
2020-03-25 02:08:28,711 - exp_torch_topics_d128_least_confident_i2000_b20_q100_shuffled_flexbatch1 - INFO - current val_accuracy: 0.48400294334069166
2020-03-25 02:08:28,711 - exp_torch_topics_d128_least_confident_i2000_b20_q100_shuffled_flexbatch1 - INFO - start step #81
2020-03-25 02:08:33,445 - exp_torch_topics_d128_least_confident_i2000_b20_q100_shuffled_flexbatch1 - INFO - query idx: [72509 28920  8230 37392   417 78748 52457  5895 20292 50617 15126 61007
 33056 28007 36200 77033 69686 72261 23548 16369]
2020-03-25 02:08:35,952 - exp_torch_topics_d128_least_confident_i2000_b20_q100_shuffled_flexbatch1 - INFO - finish step #81 for 7.240288972854614 sec
2020-03-25 02:08:35,952 - exp_torch_topics_d128_least_confident_i2000_b20_q100_shuffled_flexbatch1 - INFO - current val_accuracy: 0.4829727740986019
2020-03-25 02:08:35,952 - exp_torch_topics_d128_least_confident_i2000_b20_q100_shuffled_flexbatch1 - INFO - start step #82
2020-03-25 02:08:40,684 - exp_torch_topics_d128_least_confident_i2000_b20_q100_shuffled_flexbatch1 - INFO - query idx: [22513 62951 95071 94340 83169 62852 57712 53644 98185 87829 80507  2562
 22237 16022 73288 63776 17533 40587 98026 42775]
2020-03-25 02:08:43,159 - exp_torch_topics_d128_least_confident_i2000_b20_q100_shuffled_flexbatch1 - INFO - finish step #82 for 7.206935167312622 sec
2020-03-25 02:08:43,160 - exp_torch_topics_d128_least_confident_i2000_b20_q100_shuffled_flexbatch1 - INFO - current val_accuracy: 0.4852391464311994
2020-03-25 02:08:43,161 - exp_torch_topics_d128_least_confident_i2000_b20_q100_shuffled_flexbatch1 - INFO - start step #83
2020-03-25 02:08:47,893 - exp_torch_topics_d128_least_confident_i2000_b20_q100_shuffled_flexbatch1 - INFO - query idx: [32237  6790 66599 16261  3873 16561 48870  6636 90925 68497 86475 62477
 51037 91644 73448 16183 43254 19051 98287 70697]
2020-03-25 02:08:50,384 - exp_torch_topics_d128_least_confident_i2000_b20_q100_shuffled_flexbatch1 - INFO - finish step #83 for 7.22280478477478 sec
2020-03-25 02:08:50,384 - exp_torch_topics_d128_least_confident_i2000_b20_q100_shuffled_flexbatch1 - INFO - current val_accuracy: 0.4877115526122149
2020-03-25 02:08:50,384 - exp_torch_topics_d128_least_confident_i2000_b20_q100_shuffled_flexbatch1 - INFO - start step #84
2020-03-25 02:08:55,144 - exp_torch_topics_d128_least_confident_i2000_b20_q100_shuffled_flexbatch1 - INFO - query idx: [97768 47210  4509 96668 39089 57641 63747 94626 27665 19878 24930 77137
  7622 50176 65276 50531 70202 98106 70605 65269]
2020-03-25 02:08:57,624 - exp_torch_topics_d128_least_confident_i2000_b20_q100_shuffled_flexbatch1 - INFO - finish step #84 for 7.239645004272461 sec
2020-03-25 02:08:57,624 - exp_torch_topics_d128_least_confident_i2000_b20_q100_shuffled_flexbatch1 - INFO - current val_accuracy: 0.49036055923473143
2020-03-25 02:08:57,624 - exp_torch_topics_d128_least_confident_i2000_b20_q100_shuffled_flexbatch1 - INFO - start step #85
2020-03-25 02:09:02,361 - exp_torch_topics_d128_least_confident_i2000_b20_q100_shuffled_flexbatch1 - INFO - query idx: [85135 25227 92504 28357 57559 42063 48830  4193 15908 67294 24221 34306
  7084 11079 53530 79951 59461 25885 92349 71402]
2020-03-25 02:09:04,859 - exp_torch_topics_d128_least_confident_i2000_b20_q100_shuffled_flexbatch1 - INFO - finish step #85 for 7.234740972518921 sec
2020-03-25 02:09:04,859 - exp_torch_topics_d128_least_confident_i2000_b20_q100_shuffled_flexbatch1 - INFO - current val_accuracy: 0.490242825607064
2020-03-25 02:09:04,859 - exp_torch_topics_d128_least_confident_i2000_b20_q100_shuffled_flexbatch1 - INFO - start step #86
2020-03-25 02:09:09,541 - exp_torch_topics_d128_least_confident_i2000_b20_q100_shuffled_flexbatch1 - INFO - query idx: [26105 21485 71018 79662  8333 48785 74652 24073 80185 71263 95462 11035
 81935 93686 56841  4901 40087 63908 43191  5767]
2020-03-25 02:09:12,084 - exp_torch_topics_d128_least_confident_i2000_b20_q100_shuffled_flexbatch1 - INFO - finish step #86 for 7.224401950836182 sec
2020-03-25 02:09:12,084 - exp_torch_topics_d128_least_confident_i2000_b20_q100_shuffled_flexbatch1 - INFO - current val_accuracy: 0.4880941869021339
2020-03-25 02:09:12,084 - exp_torch_topics_d128_least_confident_i2000_b20_q100_shuffled_flexbatch1 - INFO - start step #87
2020-03-25 02:09:16,824 - exp_torch_topics_d128_least_confident_i2000_b20_q100_shuffled_flexbatch1 - INFO - query idx: [39443 58013 44799 66617 18619 86491 81112 22237 76234 81610  2218  9587
 91700 58469 51580 18176 10087 81933 89081 16802]
2020-03-25 02:09:19,290 - exp_torch_topics_d128_least_confident_i2000_b20_q100_shuffled_flexbatch1 - INFO - finish step #87 for 7.205497980117798 sec
2020-03-25 02:09:19,290 - exp_torch_topics_d128_least_confident_i2000_b20_q100_shuffled_flexbatch1 - INFO - current val_accuracy: 0.4875643855776306
2020-03-25 02:09:19,290 - exp_torch_topics_d128_least_confident_i2000_b20_q100_shuffled_flexbatch1 - INFO - start step #88
2020-03-25 02:09:24,040 - exp_torch_topics_d128_least_confident_i2000_b20_q100_shuffled_flexbatch1 - INFO - query idx: [77935 92561 79642 19815 61104 34214 66706 32663 19880 42904 11448 30998
 84703 59905 16077 46977 52007 67198  4302 41473]
2020-03-25 02:09:26,568 - exp_torch_topics_d128_least_confident_i2000_b20_q100_shuffled_flexbatch1 - INFO - finish step #88 for 7.278517961502075 sec
2020-03-25 02:09:26,569 - exp_torch_topics_d128_least_confident_i2000_b20_q100_shuffled_flexbatch1 - INFO - current val_accuracy: 0.4904782928623988
2020-03-25 02:09:26,569 - exp_torch_topics_d128_least_confident_i2000_b20_q100_shuffled_flexbatch1 - INFO - start step #89
2020-03-25 02:09:31,301 - exp_torch_topics_d128_least_confident_i2000_b20_q100_shuffled_flexbatch1 - INFO - query idx: [39492 19693 36558 97521 24356 13642 90003 81258 61876 90673 57681  4173
 35171 49064 97353 24849 58612 20311 10401 68645]
2020-03-25 02:09:33,795 - exp_torch_topics_d128_least_confident_i2000_b20_q100_shuffled_flexbatch1 - INFO - finish step #89 for 7.2263829708099365 sec
2020-03-25 02:09:33,795 - exp_torch_topics_d128_least_confident_i2000_b20_q100_shuffled_flexbatch1 - INFO - current val_accuracy: 0.48956585724797647
2020-03-25 02:09:33,796 - exp_torch_topics_d128_least_confident_i2000_b20_q100_shuffled_flexbatch1 - INFO - start step #90
2020-03-25 02:09:38,505 - exp_torch_topics_d128_least_confident_i2000_b20_q100_shuffled_flexbatch1 - INFO - query idx: [69851 68187 16167 21101 84095 53460 94851 70489 38763 13197 34206 90523
 80365  2920 29818 55172  4303 75689 64665 50416]
2020-03-25 02:09:41,009 - exp_torch_topics_d128_least_confident_i2000_b20_q100_shuffled_flexbatch1 - INFO - finish step #90 for 7.212794065475464 sec
2020-03-25 02:09:41,009 - exp_torch_topics_d128_least_confident_i2000_b20_q100_shuffled_flexbatch1 - INFO - current val_accuracy: 0.48956585724797647
2020-03-25 02:09:41,009 - exp_torch_topics_d128_least_confident_i2000_b20_q100_shuffled_flexbatch1 - INFO - start step #91
2020-03-25 02:09:45,744 - exp_torch_topics_d128_least_confident_i2000_b20_q100_shuffled_flexbatch1 - INFO - query idx: [50698 67914 58272 28248 67779 17901 34047 90660 94501 48804 75636 43918
 97640 56734 26873 95564 61227 74339 68770  7806]
2020-03-25 02:09:48,279 - exp_torch_topics_d128_least_confident_i2000_b20_q100_shuffled_flexbatch1 - INFO - finish step #91 for 7.2705018520355225 sec
2020-03-25 02:09:48,280 - exp_torch_topics_d128_least_confident_i2000_b20_q100_shuffled_flexbatch1 - INFO - current val_accuracy: 0.49003679175864606
2020-03-25 02:09:48,280 - exp_torch_topics_d128_least_confident_i2000_b20_q100_shuffled_flexbatch1 - INFO - start step #92
2020-03-25 02:09:52,981 - exp_torch_topics_d128_least_confident_i2000_b20_q100_shuffled_flexbatch1 - INFO - query idx: [43132 18755 23862 83034 36684 96744 28732 54063 58468 13155 34422 84124
 62139 46054 42257   456 95838 20769 89154 20699]
2020-03-25 02:09:55,493 - exp_torch_topics_d128_least_confident_i2000_b20_q100_shuffled_flexbatch1 - INFO - finish step #92 for 7.212956190109253 sec
2020-03-25 02:09:55,493 - exp_torch_topics_d128_least_confident_i2000_b20_q100_shuffled_flexbatch1 - INFO - current val_accuracy: 0.4917439293598234
2020-03-25 02:09:55,493 - exp_torch_topics_d128_least_confident_i2000_b20_q100_shuffled_flexbatch1 - INFO - start step #93
2020-03-25 02:10:00,268 - exp_torch_topics_d128_least_confident_i2000_b20_q100_shuffled_flexbatch1 - INFO - query idx: [56827 42845 29839 84828 19302 19626 93524 39228 70175 83118 95969 42048
 35763 11585 76787 36129 76633 88918 58574 65933]
2020-03-25 02:10:02,742 - exp_torch_topics_d128_least_confident_i2000_b20_q100_shuffled_flexbatch1 - INFO - finish step #93 for 7.248638153076172 sec
2020-03-25 02:10:02,742 - exp_torch_topics_d128_least_confident_i2000_b20_q100_shuffled_flexbatch1 - INFO - current val_accuracy: 0.492214863870493
2020-03-25 02:10:02,742 - exp_torch_topics_d128_least_confident_i2000_b20_q100_shuffled_flexbatch1 - INFO - start step #94
2020-03-25 02:10:07,542 - exp_torch_topics_d128_least_confident_i2000_b20_q100_shuffled_flexbatch1 - INFO - query idx: [75123 16500 12821 78560 58451 96810 20393 56393  4460 41776 97133 35859
 88179 58727 14094 73188 52409 89289 27710 91731]
2020-03-25 02:10:10,003 - exp_torch_topics_d128_least_confident_i2000_b20_q100_shuffled_flexbatch1 - INFO - finish step #94 for 7.261054992675781 sec
2020-03-25 02:10:10,004 - exp_torch_topics_d128_least_confident_i2000_b20_q100_shuffled_flexbatch1 - INFO - current val_accuracy: 0.49171449595290656
2020-03-25 02:10:10,004 - exp_torch_topics_d128_least_confident_i2000_b20_q100_shuffled_flexbatch1 - INFO - start step #95
2020-03-25 02:10:14,791 - exp_torch_topics_d128_least_confident_i2000_b20_q100_shuffled_flexbatch1 - INFO - query idx: [16579 62291 77538 50710 60474 72342 38511 79061 29249 97655 88333 31857
 56252   887 23669 60574 13787 21764 17945 95051]
2020-03-25 02:10:17,261 - exp_torch_topics_d128_least_confident_i2000_b20_q100_shuffled_flexbatch1 - INFO - finish step #95 for 7.256802082061768 sec
2020-03-25 02:10:17,261 - exp_torch_topics_d128_least_confident_i2000_b20_q100_shuffled_flexbatch1 - INFO - current val_accuracy: 0.4909197939661516
2020-03-25 02:10:17,261 - exp_torch_topics_d128_least_confident_i2000_b20_q100_shuffled_flexbatch1 - INFO - start step #96
2020-03-25 02:10:22,125 - exp_torch_topics_d128_least_confident_i2000_b20_q100_shuffled_flexbatch1 - INFO - query idx: [96218  9226  6330  2516 47825 41808 34714 77424 20551 17530 46130 22591
 38511  6471 52533 16933 70851 94113 62528 15273]
2020-03-25 02:10:24,574 - exp_torch_topics_d128_least_confident_i2000_b20_q100_shuffled_flexbatch1 - INFO - finish step #96 for 7.312934875488281 sec
2020-03-25 02:10:24,574 - exp_torch_topics_d128_least_confident_i2000_b20_q100_shuffled_flexbatch1 - INFO - current val_accuracy: 0.4909786607799853
2020-03-25 02:10:24,574 - exp_torch_topics_d128_least_confident_i2000_b20_q100_shuffled_flexbatch1 - INFO - start step #97
2020-03-25 02:10:29,345 - exp_torch_topics_d128_least_confident_i2000_b20_q100_shuffled_flexbatch1 - INFO - query idx: [79146  6047 17174 56139 14168 65893  5665 80075 86293 71670 69751 82839
 91083 28700 11140 44753 14549 27271  8396 15626]
2020-03-25 02:10:31,786 - exp_torch_topics_d128_least_confident_i2000_b20_q100_shuffled_flexbatch1 - INFO - finish step #97 for 7.211572170257568 sec
2020-03-25 02:10:31,786 - exp_torch_topics_d128_least_confident_i2000_b20_q100_shuffled_flexbatch1 - INFO - current val_accuracy: 0.4905371596762325
2020-03-25 02:10:31,786 - exp_torch_topics_d128_least_confident_i2000_b20_q100_shuffled_flexbatch1 - INFO - start step #98
2020-03-25 02:10:36,542 - exp_torch_topics_d128_least_confident_i2000_b20_q100_shuffled_flexbatch1 - INFO - query idx: [74775 47658 75193 56961 29456 13984 44782 33627 71029 73359 56988  1063
 57244 66513 60672 56353 33654 56208 33214 82859]
2020-03-25 02:10:39,014 - exp_torch_topics_d128_least_confident_i2000_b20_q100_shuffled_flexbatch1 - INFO - finish step #98 for 7.227569103240967 sec
2020-03-25 02:10:39,014 - exp_torch_topics_d128_least_confident_i2000_b20_q100_shuffled_flexbatch1 - INFO - current val_accuracy: 0.4915084621044886
2020-03-25 02:10:39,014 - exp_torch_topics_d128_least_confident_i2000_b20_q100_shuffled_flexbatch1 - INFO - start step #99
2020-03-25 02:10:44,124 - exp_torch_topics_d128_least_confident_i2000_b20_q100_shuffled_flexbatch1 - INFO - query idx: [31267 77548 69795 51010 55007 31632 61822 37452 84711 80526 51768 14156
 65974 21525 94881  6093 73354 88497    92 10706]
2020-03-25 02:10:46,609 - exp_torch_topics_d128_least_confident_i2000_b20_q100_shuffled_flexbatch1 - INFO - finish step #99 for 7.594066381454468 sec
2020-03-25 02:10:46,609 - exp_torch_topics_d128_least_confident_i2000_b20_q100_shuffled_flexbatch1 - INFO - current val_accuracy: 0.4907726269315673
2020-03-25 02:10:46,609 - exp_torch_topics_d128_least_confident_i2000_b20_q100_shuffled_flexbatch1 - INFO - finish experiment process for 785.7485220432281 sec
