2020-03-26 17:18:04,623 - exp_torch_topics_d128_margin_i2000_b20_q100_f512_4 - INFO - start experiment process
2020-03-26 17:18:11,515 - exp_torch_topics_d128_margin_i2000_b20_q100_f512_4 - INFO - initial val_accuracy: 0.4453568800588668
2020-03-26 17:18:11,516 - exp_torch_topics_d128_margin_i2000_b20_q100_f512_4 - INFO - start step #0
2020-03-26 17:18:33,651 - exp_torch_topics_d128_margin_i2000_b20_q100_f512_4 - INFO - query idx: [94972 19706 37355 56186 92196  3303  1563 96276 26778 76584 81559 14266
  2900 69803 33449 37396 67908 18221 15995 50902]
2020-03-26 17:18:41,515 - exp_torch_topics_d128_margin_i2000_b20_q100_f512_4 - INFO - finish step #0 for 29.998892068862915 sec
2020-03-26 17:18:41,516 - exp_torch_topics_d128_margin_i2000_b20_q100_f512_4 - INFO - current val_accuracy: 0.44815305371596764
2020-03-26 17:18:41,516 - exp_torch_topics_d128_margin_i2000_b20_q100_f512_4 - INFO - start step #1
2020-03-26 17:18:48,384 - exp_torch_topics_d128_margin_i2000_b20_q100_f512_4 - INFO - query idx: [47145 30029 99535 11763  3280 32442 97084 49206 25624 11312  3049 64575
 67276 50920 62980 91444 40848 63386 57830 18952]
2020-03-26 17:18:51,526 - exp_torch_topics_d128_margin_i2000_b20_q100_f512_4 - INFO - finish step #1 for 10.010220766067505 sec
2020-03-26 17:18:51,526 - exp_torch_topics_d128_margin_i2000_b20_q100_f512_4 - INFO - current val_accuracy: 0.4488300220750552
2020-03-26 17:18:51,527 - exp_torch_topics_d128_margin_i2000_b20_q100_f512_4 - INFO - start step #2
2020-03-26 17:18:58,915 - exp_torch_topics_d128_margin_i2000_b20_q100_f512_4 - INFO - query idx: [35623  3937 94962 12788 31823 11369 72170 99954 62932 94462 14825 82094
 64094 12421 86881 91964 41665 72119 72996 24691]
2020-03-26 17:19:01,636 - exp_torch_topics_d128_margin_i2000_b20_q100_f512_4 - INFO - finish step #2 for 10.1096351146698 sec
2020-03-26 17:19:01,636 - exp_torch_topics_d128_margin_i2000_b20_q100_f512_4 - INFO - current val_accuracy: 0.4467402501839588
2020-03-26 17:19:01,637 - exp_torch_topics_d128_margin_i2000_b20_q100_f512_4 - INFO - start step #3
2020-03-26 17:19:09,431 - exp_torch_topics_d128_margin_i2000_b20_q100_f512_4 - INFO - query idx: [38972 69716 73814 14520  1536 87346  9734 64195 62360 32815  5696 44040
  8463 84959  3651 74341 18508 78078 71094 35872]
2020-03-26 17:19:12,102 - exp_torch_topics_d128_margin_i2000_b20_q100_f512_4 - INFO - finish step #3 for 10.465511322021484 sec
2020-03-26 17:19:12,103 - exp_torch_topics_d128_margin_i2000_b20_q100_f512_4 - INFO - current val_accuracy: 0.4491832229580574
2020-03-26 17:19:12,103 - exp_torch_topics_d128_margin_i2000_b20_q100_f512_4 - INFO - start step #4
2020-03-26 17:19:26,166 - exp_torch_topics_d128_margin_i2000_b20_q100_f512_4 - INFO - query idx: [  177 30066 71271 64697 38320 31714 26794 19605  6703 42365 75618 15740
 50940 20527 70696 65612 32919 57896 98414 59417]
2020-03-26 17:19:31,918 - exp_torch_topics_d128_margin_i2000_b20_q100_f512_4 - INFO - finish step #4 for 19.8142409324646 sec
2020-03-26 17:19:31,918 - exp_torch_topics_d128_margin_i2000_b20_q100_f512_4 - INFO - current val_accuracy: 0.45136129506990436
2020-03-26 17:19:31,918 - exp_torch_topics_d128_margin_i2000_b20_q100_f512_4 - INFO - start step #5
2020-03-26 17:19:42,061 - exp_torch_topics_d128_margin_i2000_b20_q100_f512_4 - INFO - query idx: [57422 68674  7212 25075  4589 73183 20588 96076 96453 61089 51344 36353
 54522 66534 67926 78391  7114 96463 86270 40484]
2020-03-26 17:19:47,179 - exp_torch_topics_d128_margin_i2000_b20_q100_f512_4 - INFO - finish step #5 for 15.26120376586914 sec
2020-03-26 17:19:47,179 - exp_torch_topics_d128_margin_i2000_b20_q100_f512_4 - INFO - current val_accuracy: 0.452420897718911
2020-03-26 17:19:47,180 - exp_torch_topics_d128_margin_i2000_b20_q100_f512_4 - INFO - start step #6
2020-03-26 17:19:54,000 - exp_torch_topics_d128_margin_i2000_b20_q100_f512_4 - INFO - query idx: [76380 81645 27683 25141 91095 65837  3113 25810 87168 82572 26789 29857
 18663 19080 78200   878 28872 86350 88850 89631]
2020-03-26 17:19:57,544 - exp_torch_topics_d128_margin_i2000_b20_q100_f512_4 - INFO - finish step #6 for 10.364546060562134 sec
2020-03-26 17:19:57,544 - exp_torch_topics_d128_margin_i2000_b20_q100_f512_4 - INFO - current val_accuracy: 0.4532450331125828
2020-03-26 17:19:57,545 - exp_torch_topics_d128_margin_i2000_b20_q100_f512_4 - INFO - start step #7
2020-03-26 17:20:05,649 - exp_torch_topics_d128_margin_i2000_b20_q100_f512_4 - INFO - query idx: [ 4334  8918 93395 88832 97361 77017 59212 31147 39910 73320 22206 31731
 41036 67960 47137 30491  9294 17592 29146 38376]
2020-03-26 17:20:08,826 - exp_torch_topics_d128_margin_i2000_b20_q100_f512_4 - INFO - finish step #7 for 11.281131029129028 sec
2020-03-26 17:20:08,826 - exp_torch_topics_d128_margin_i2000_b20_q100_f512_4 - INFO - current val_accuracy: 0.45350993377483445
2020-03-26 17:20:08,827 - exp_torch_topics_d128_margin_i2000_b20_q100_f512_4 - INFO - start step #8
2020-03-26 17:20:17,811 - exp_torch_topics_d128_margin_i2000_b20_q100_f512_4 - INFO - query idx: [98882 52441 38401 91421 44379 50712 31286  8337 32182 73285 62796 23183
 64177 90800 56755 54927 36049 93506 73461 97509]
2020-03-26 17:20:21,708 - exp_torch_topics_d128_margin_i2000_b20_q100_f512_4 - INFO - finish step #8 for 12.880745887756348 sec
2020-03-26 17:20:21,708 - exp_torch_topics_d128_margin_i2000_b20_q100_f512_4 - INFO - current val_accuracy: 0.45474613686534215
2020-03-26 17:20:21,708 - exp_torch_topics_d128_margin_i2000_b20_q100_f512_4 - INFO - start step #9
2020-03-26 17:20:30,117 - exp_torch_topics_d128_margin_i2000_b20_q100_f512_4 - INFO - query idx: [69765 87547 55550 21378 79266 42405 68799 81812 80126 83776 27035 74898
 16307 50301 98393 40787 95574 90138 30991 63022]
2020-03-26 17:20:33,565 - exp_torch_topics_d128_margin_i2000_b20_q100_f512_4 - INFO - finish step #9 for 11.857163906097412 sec
2020-03-26 17:20:33,565 - exp_torch_topics_d128_margin_i2000_b20_q100_f512_4 - INFO - current val_accuracy: 0.4533333333333333
2020-03-26 17:20:33,566 - exp_torch_topics_d128_margin_i2000_b20_q100_f512_4 - INFO - start step #10
2020-03-26 17:20:45,598 - exp_torch_topics_d128_margin_i2000_b20_q100_f512_4 - INFO - query idx: [12696 37312 15992 65351 42327 51766  4400 82857 39053 19641 13554 38177
 95307 59242 64552 30637 16624 90052 34121 46721]
2020-03-26 17:20:51,964 - exp_torch_topics_d128_margin_i2000_b20_q100_f512_4 - INFO - finish step #10 for 18.39859390258789 sec
2020-03-26 17:20:51,964 - exp_torch_topics_d128_margin_i2000_b20_q100_f512_4 - INFO - current val_accuracy: 0.45480500367917587
2020-03-26 17:20:51,965 - exp_torch_topics_d128_margin_i2000_b20_q100_f512_4 - INFO - start step #11
2020-03-26 17:20:58,792 - exp_torch_topics_d128_margin_i2000_b20_q100_f512_4 - INFO - query idx: [46796 42869 58424  8741 99715 20437 61685  1674  4178 53688 83736 21876
 68522 87787 64214 47635 93418 14982 15468 58796]
2020-03-26 17:21:01,677 - exp_torch_topics_d128_margin_i2000_b20_q100_f512_4 - INFO - finish step #11 for 9.711926937103271 sec
2020-03-26 17:21:01,677 - exp_torch_topics_d128_margin_i2000_b20_q100_f512_4 - INFO - current val_accuracy: 0.4560117733627667
2020-03-26 17:21:01,677 - exp_torch_topics_d128_margin_i2000_b20_q100_f512_4 - INFO - start step #12
2020-03-26 17:21:09,720 - exp_torch_topics_d128_margin_i2000_b20_q100_f512_4 - INFO - query idx: [63954 42623 52355 44815 33524 16074 91360 91086 26025 18645 25433 47582
 13229 72033 26223 71543 60693 17217 12008 15749]
2020-03-26 17:21:12,629 - exp_torch_topics_d128_margin_i2000_b20_q100_f512_4 - INFO - finish step #12 for 10.95215392112732 sec
2020-03-26 17:21:12,629 - exp_torch_topics_d128_margin_i2000_b20_q100_f512_4 - INFO - current val_accuracy: 0.45527593818984546
2020-03-26 17:21:12,630 - exp_torch_topics_d128_margin_i2000_b20_q100_f512_4 - INFO - start step #13
2020-03-26 17:21:19,498 - exp_torch_topics_d128_margin_i2000_b20_q100_f512_4 - INFO - query idx: [32516 18131 66362 99130 17814 79438  4754 31265 79812 86597 63676 79299
   763 59720 31915 58530 31375 59194 32172 18526]
2020-03-26 17:21:22,475 - exp_torch_topics_d128_margin_i2000_b20_q100_f512_4 - INFO - finish step #13 for 9.845078945159912 sec
2020-03-26 17:21:22,475 - exp_torch_topics_d128_margin_i2000_b20_q100_f512_4 - INFO - current val_accuracy: 0.45474613686534215
2020-03-26 17:21:22,476 - exp_torch_topics_d128_margin_i2000_b20_q100_f512_4 - INFO - start step #14
2020-03-26 17:21:29,285 - exp_torch_topics_d128_margin_i2000_b20_q100_f512_4 - INFO - query idx: [66327    60 99539 13540 48552 96337 50495 53669 28487 91662 85906 76870
 82643 66873  7452 56154 79200 87554 21440 14751]
2020-03-26 17:21:32,461 - exp_torch_topics_d128_margin_i2000_b20_q100_f512_4 - INFO - finish step #14 for 9.985840082168579 sec
2020-03-26 17:21:32,462 - exp_torch_topics_d128_margin_i2000_b20_q100_f512_4 - INFO - current val_accuracy: 0.4544223693892568
2020-03-26 17:21:32,462 - exp_torch_topics_d128_margin_i2000_b20_q100_f512_4 - INFO - start step #15
2020-03-26 17:21:39,805 - exp_torch_topics_d128_margin_i2000_b20_q100_f512_4 - INFO - query idx: [ 1387 28995  8242 24935 88835  1224 64344 17725 73707 41014 61867 99623
 23699  4876 66561 17043 47715 92338 24559  4036]
2020-03-26 17:21:43,815 - exp_torch_topics_d128_margin_i2000_b20_q100_f512_4 - INFO - finish step #15 for 11.353263139724731 sec
2020-03-26 17:21:43,815 - exp_torch_topics_d128_margin_i2000_b20_q100_f512_4 - INFO - current val_accuracy: 0.4558057395143488
2020-03-26 17:21:43,816 - exp_torch_topics_d128_margin_i2000_b20_q100_f512_4 - INFO - start step #16
2020-03-26 17:21:56,483 - exp_torch_topics_d128_margin_i2000_b20_q100_f512_4 - INFO - query idx: [51650 87702 57404 11799 20299 62043  1082 45250 91328 87257 86743 28042
 14269 52943 94655 33680 26697 73569  1484  9626]
2020-03-26 17:22:03,814 - exp_torch_topics_d128_margin_i2000_b20_q100_f512_4 - INFO - finish step #16 for 19.99797487258911 sec
2020-03-26 17:22:03,814 - exp_torch_topics_d128_margin_i2000_b20_q100_f512_4 - INFO - current val_accuracy: 0.4595437821927888
2020-03-26 17:22:03,814 - exp_torch_topics_d128_margin_i2000_b20_q100_f512_4 - INFO - start step #17
2020-03-26 17:22:10,286 - exp_torch_topics_d128_margin_i2000_b20_q100_f512_4 - INFO - query idx: [60652 10050 40668 59585 69369 97701 72175 90208 76959 70782 97038 59706
 10453  1076 19291 19420 82550 38262  6818 47551]
2020-03-26 17:22:13,762 - exp_torch_topics_d128_margin_i2000_b20_q100_f512_4 - INFO - finish step #17 for 9.947499990463257 sec
2020-03-26 17:22:13,762 - exp_torch_topics_d128_margin_i2000_b20_q100_f512_4 - INFO - current val_accuracy: 0.4583075791022811
2020-03-26 17:22:13,762 - exp_torch_topics_d128_margin_i2000_b20_q100_f512_4 - INFO - start step #18
2020-03-26 17:22:23,401 - exp_torch_topics_d128_margin_i2000_b20_q100_f512_4 - INFO - query idx: [35597 29587 54981  1017 94306 33665 51974 51859 62362 88237  6522 11739
   587 17618 73313 25701 94121 14404 36976 80446]
2020-03-26 17:22:27,362 - exp_torch_topics_d128_margin_i2000_b20_q100_f512_4 - INFO - finish step #18 for 13.600318908691406 sec
2020-03-26 17:22:27,363 - exp_torch_topics_d128_margin_i2000_b20_q100_f512_4 - INFO - current val_accuracy: 0.459308314937454
2020-03-26 17:22:27,363 - exp_torch_topics_d128_margin_i2000_b20_q100_f512_4 - INFO - start step #19
2020-03-26 17:22:41,979 - exp_torch_topics_d128_margin_i2000_b20_q100_f512_4 - INFO - query idx: [ 5397 84868 42857 90160  2503 67005 11418 65188  3566  7859 73441  2056
  2348 44233 64534 49234  5962 22741 27504 53161]
2020-03-26 17:22:54,139 - exp_torch_topics_d128_margin_i2000_b20_q100_f512_4 - INFO - finish step #19 for 26.776124238967896 sec
2020-03-26 17:22:54,149 - exp_torch_topics_d128_margin_i2000_b20_q100_f512_4 - INFO - current val_accuracy: 0.46292862398822665
2020-03-26 17:22:54,150 - exp_torch_topics_d128_margin_i2000_b20_q100_f512_4 - INFO - start step #20
2020-03-26 17:23:10,519 - exp_torch_topics_d128_margin_i2000_b20_q100_f512_4 - INFO - query idx: [ 9420 34360 12266 10659 43077 78159 77654 50683 72974 66466 78384 52311
 67018  8151 46550 28066 47694 33676 56134 17134]
2020-03-26 17:23:21,338 - exp_torch_topics_d128_margin_i2000_b20_q100_f512_4 - INFO - finish step #20 for 27.188014030456543 sec
2020-03-26 17:23:21,339 - exp_torch_topics_d128_margin_i2000_b20_q100_f512_4 - INFO - current val_accuracy: 0.4659896983075791
2020-03-26 17:23:21,339 - exp_torch_topics_d128_margin_i2000_b20_q100_f512_4 - INFO - start step #21
2020-03-26 17:23:43,869 - exp_torch_topics_d128_margin_i2000_b20_q100_f512_4 - INFO - query idx: [29220 71995 81748 83606 29856 62400 18336 61316 88140   850 15847  1117
 52208 45617 89856 56620 31345 56412 95223 58116]
2020-03-26 17:23:47,152 - exp_torch_topics_d128_margin_i2000_b20_q100_f512_4 - INFO - finish step #21 for 25.813382863998413 sec
2020-03-26 17:23:47,153 - exp_torch_topics_d128_margin_i2000_b20_q100_f512_4 - INFO - current val_accuracy: 0.4677262693156733
2020-03-26 17:23:47,153 - exp_torch_topics_d128_margin_i2000_b20_q100_f512_4 - INFO - start step #22
2020-03-26 17:23:54,477 - exp_torch_topics_d128_margin_i2000_b20_q100_f512_4 - INFO - query idx: [29951 56348  9775 50768 12149 40909 26375 54899 27332  3896 13607 29972
 50848 60808 95984 66069  1632 22807 23493 60612]
2020-03-26 17:23:57,486 - exp_torch_topics_d128_margin_i2000_b20_q100_f512_4 - INFO - finish step #22 for 10.33280897140503 sec
2020-03-26 17:23:57,486 - exp_torch_topics_d128_margin_i2000_b20_q100_f512_4 - INFO - current val_accuracy: 0.46566593083149377
2020-03-26 17:23:57,486 - exp_torch_topics_d128_margin_i2000_b20_q100_f512_4 - INFO - start step #23
2020-03-26 17:24:04,102 - exp_torch_topics_d128_margin_i2000_b20_q100_f512_4 - INFO - query idx: [42587 69459 52576 26883 10027 77218 47998  4035 12073 45315 64975 30428
 73233 56361 65575 33314 33797 17398 21399 45550]
2020-03-26 17:24:07,101 - exp_torch_topics_d128_margin_i2000_b20_q100_f512_4 - INFO - finish step #23 for 9.614873886108398 sec
2020-03-26 17:24:07,101 - exp_torch_topics_d128_margin_i2000_b20_q100_f512_4 - INFO - current val_accuracy: 0.4678734363502575
2020-03-26 17:24:07,103 - exp_torch_topics_d128_margin_i2000_b20_q100_f512_4 - INFO - start step #24
2020-03-26 17:24:19,513 - exp_torch_topics_d128_margin_i2000_b20_q100_f512_4 - INFO - query idx: [71813 92180  3184 41552 25636 20336 58641  1028 39908  6803 18307 79627
 95325 79035  6225 22725 71443  6844 77085 53920]
2020-03-26 17:24:25,904 - exp_torch_topics_d128_margin_i2000_b20_q100_f512_4 - INFO - finish step #24 for 18.801106929779053 sec
2020-03-26 17:24:25,904 - exp_torch_topics_d128_margin_i2000_b20_q100_f512_4 - INFO - current val_accuracy: 0.47240618101545256
2020-03-26 17:24:25,904 - exp_torch_topics_d128_margin_i2000_b20_q100_f512_4 - INFO - start step #25
2020-03-26 17:24:36,616 - exp_torch_topics_d128_margin_i2000_b20_q100_f512_4 - INFO - query idx: [60459 39169 14142 76802 28374  2152 48300 33424 65772 59736 61051 76292
  5215 35857  3768 81028 10687 55230  8878  1242]
2020-03-26 17:24:41,696 - exp_torch_topics_d128_margin_i2000_b20_q100_f512_4 - INFO - finish step #25 for 15.791859865188599 sec
2020-03-26 17:24:41,697 - exp_torch_topics_d128_margin_i2000_b20_q100_f512_4 - INFO - current val_accuracy: 0.4715526122148639
2020-03-26 17:24:41,697 - exp_torch_topics_d128_margin_i2000_b20_q100_f512_4 - INFO - start step #26
2020-03-26 17:24:51,683 - exp_torch_topics_d128_margin_i2000_b20_q100_f512_4 - INFO - query idx: [63722 35267 40691 74417 96820 64249 45747 11427 27957  7348 59421 12543
 25557 30333 30305 30895 53498 14308 40707 96367]
2020-03-26 17:24:54,995 - exp_torch_topics_d128_margin_i2000_b20_q100_f512_4 - INFO - finish step #26 for 13.298280000686646 sec
2020-03-26 17:24:54,996 - exp_torch_topics_d128_margin_i2000_b20_q100_f512_4 - INFO - current val_accuracy: 0.4683443708609272
2020-03-26 17:24:54,996 - exp_torch_topics_d128_margin_i2000_b20_q100_f512_4 - INFO - start step #27
2020-03-26 17:25:01,086 - exp_torch_topics_d128_margin_i2000_b20_q100_f512_4 - INFO - query idx: [89903 83273 89227 53668 89559 47593 34199 94139 45878 45222 41627 93883
 33046  6849 19034 37371 51712 36530 58386 28097]
2020-03-26 17:25:04,035 - exp_torch_topics_d128_margin_i2000_b20_q100_f512_4 - INFO - finish step #27 for 9.038473844528198 sec
2020-03-26 17:25:04,035 - exp_torch_topics_d128_margin_i2000_b20_q100_f512_4 - INFO - current val_accuracy: 0.46946284032376745
2020-03-26 17:25:04,035 - exp_torch_topics_d128_margin_i2000_b20_q100_f512_4 - INFO - start step #28
2020-03-26 17:25:10,140 - exp_torch_topics_d128_margin_i2000_b20_q100_f512_4 - INFO - query idx: [20720 49022  1936 67317 76030 59996 97083 97263 97800 73235  2348 44257
 57087 34465 45278 79076 87046 31033 45286 36451]
2020-03-26 17:25:13,054 - exp_torch_topics_d128_margin_i2000_b20_q100_f512_4 - INFO - finish step #28 for 9.01908802986145 sec
2020-03-26 17:25:13,054 - exp_torch_topics_d128_margin_i2000_b20_q100_f512_4 - INFO - current val_accuracy: 0.472906548933039
2020-03-26 17:25:13,054 - exp_torch_topics_d128_margin_i2000_b20_q100_f512_4 - INFO - start step #29
2020-03-26 17:25:22,625 - exp_torch_topics_d128_margin_i2000_b20_q100_f512_4 - INFO - query idx: [21600 99294 95996 22257 29849 25738 44783 49443 12043 70363 44443 64420
  2552 36794 32584 15373 14219 76553 89106 22452]
2020-03-26 17:25:29,071 - exp_torch_topics_d128_margin_i2000_b20_q100_f512_4 - INFO - finish step #29 for 16.016167879104614 sec
2020-03-26 17:25:29,071 - exp_torch_topics_d128_margin_i2000_b20_q100_f512_4 - INFO - current val_accuracy: 0.47096394407652686
2020-03-26 17:25:29,071 - exp_torch_topics_d128_margin_i2000_b20_q100_f512_4 - INFO - start step #30
2020-03-26 17:25:46,290 - exp_torch_topics_d128_margin_i2000_b20_q100_f512_4 - INFO - query idx: [51965 90686 62413 41895 10657 33273 64515 32042 45875 28935 12577 57939
 14880  1596 85005 10409 22704 58546 83739 17229]
2020-03-26 17:25:55,294 - exp_torch_topics_d128_margin_i2000_b20_q100_f512_4 - INFO - finish step #30 for 26.222853899002075 sec
2020-03-26 17:25:55,294 - exp_torch_topics_d128_margin_i2000_b20_q100_f512_4 - INFO - current val_accuracy: 0.4721707137601177
2020-03-26 17:25:55,295 - exp_torch_topics_d128_margin_i2000_b20_q100_f512_4 - INFO - start step #31
2020-03-26 17:26:10,363 - exp_torch_topics_d128_margin_i2000_b20_q100_f512_4 - INFO - query idx: [53490 57269 93759 70242 91162 66583 23685 27391 37433 17180 84503 33191
  1983 87979 16409 43827 93698 96406 93751 73340]
2020-03-26 17:26:15,419 - exp_torch_topics_d128_margin_i2000_b20_q100_f512_4 - INFO - finish step #31 for 20.123945951461792 sec
2020-03-26 17:26:15,419 - exp_torch_topics_d128_margin_i2000_b20_q100_f512_4 - INFO - current val_accuracy: 0.4739072847682119
2020-03-26 17:26:15,419 - exp_torch_topics_d128_margin_i2000_b20_q100_f512_4 - INFO - start step #32
2020-03-26 17:26:28,041 - exp_torch_topics_d128_margin_i2000_b20_q100_f512_4 - INFO - query idx: [55756  4996 95479 50176 50430 91881 19417 68586 22205 31503 89593  8554
 26530 31755 87447 62781 76223 43785 75367 37685]
2020-03-26 17:26:33,422 - exp_torch_topics_d128_margin_i2000_b20_q100_f512_4 - INFO - finish step #32 for 18.002351760864258 sec
2020-03-26 17:26:33,422 - exp_torch_topics_d128_margin_i2000_b20_q100_f512_4 - INFO - current val_accuracy: 0.4721707137601177
2020-03-26 17:26:33,422 - exp_torch_topics_d128_margin_i2000_b20_q100_f512_4 - INFO - start step #33
2020-03-26 17:26:43,850 - exp_torch_topics_d128_margin_i2000_b20_q100_f512_4 - INFO - query idx: [15844 69249 48483 95821 52091 76259 91938 34856 76165 16701  4498 19630
 84079 17034 83392 45006 80096 52493 31447 33502]
2020-03-26 17:26:50,057 - exp_torch_topics_d128_margin_i2000_b20_q100_f512_4 - INFO - finish step #33 for 16.634640216827393 sec
2020-03-26 17:26:50,057 - exp_torch_topics_d128_margin_i2000_b20_q100_f512_4 - INFO - current val_accuracy: 0.47311258278145696
2020-03-26 17:26:50,057 - exp_torch_topics_d128_margin_i2000_b20_q100_f512_4 - INFO - start step #34
2020-03-26 17:27:00,276 - exp_torch_topics_d128_margin_i2000_b20_q100_f512_4 - INFO - query idx: [60047 63887 67878 68210 42016 84174 69949 39236 80025 30013 50976 28532
 46042 70347 25917 77338 42418 86209 70577 55023]
2020-03-26 17:27:04,467 - exp_torch_topics_d128_margin_i2000_b20_q100_f512_4 - INFO - finish step #34 for 14.409368991851807 sec
2020-03-26 17:27:04,467 - exp_torch_topics_d128_margin_i2000_b20_q100_f512_4 - INFO - current val_accuracy: 0.47252391464311994
2020-03-26 17:27:04,467 - exp_torch_topics_d128_margin_i2000_b20_q100_f512_4 - INFO - start step #35
2020-03-26 17:27:16,628 - exp_torch_topics_d128_margin_i2000_b20_q100_f512_4 - INFO - query idx: [93829 76598 36695 98062 68376 41048 64881 57835 18695 76855 96799 93321
 12546 16034 44181 14981 99057 15138 84681 10355]
2020-03-26 17:27:19,841 - exp_torch_topics_d128_margin_i2000_b20_q100_f512_4 - INFO - finish step #35 for 15.373316049575806 sec
2020-03-26 17:27:19,841 - exp_torch_topics_d128_margin_i2000_b20_q100_f512_4 - INFO - current val_accuracy: 0.4708167770419426
2020-03-26 17:27:19,841 - exp_torch_topics_d128_margin_i2000_b20_q100_f512_4 - INFO - start step #36
2020-03-26 17:27:29,982 - exp_torch_topics_d128_margin_i2000_b20_q100_f512_4 - INFO - query idx: [37579 40075 87994 18952 69525 31335 28613 81524 11918 58073 47624 94625
 13877 34771 46948   689 13257 94697 57539 73276]
2020-03-26 17:27:34,209 - exp_torch_topics_d128_margin_i2000_b20_q100_f512_4 - INFO - finish step #36 for 14.36778998374939 sec
2020-03-26 17:27:34,209 - exp_torch_topics_d128_margin_i2000_b20_q100_f512_4 - INFO - current val_accuracy: 0.4749374540103017
2020-03-26 17:27:34,209 - exp_torch_topics_d128_margin_i2000_b20_q100_f512_4 - INFO - start step #37
2020-03-26 17:27:42,666 - exp_torch_topics_d128_margin_i2000_b20_q100_f512_4 - INFO - query idx: [83868 86754 30670 44862 22536 72724 69033  5271 76045 55698 48568 10651
 43987 68795 27904 29059 58293 66523 38853 17618]
2020-03-26 17:27:46,599 - exp_torch_topics_d128_margin_i2000_b20_q100_f512_4 - INFO - finish step #37 for 12.389884233474731 sec
2020-03-26 17:27:46,599 - exp_torch_topics_d128_margin_i2000_b20_q100_f512_4 - INFO - current val_accuracy: 0.47961736571008096
2020-03-26 17:27:46,600 - exp_torch_topics_d128_margin_i2000_b20_q100_f512_4 - INFO - start step #38
2020-03-26 17:27:56,538 - exp_torch_topics_d128_margin_i2000_b20_q100_f512_4 - INFO - query idx: [36490 16119 36233  7581 97203 21797 91202 34007 53556 73157 85058 46991
 96655 88846 72314 28206 18247 86376 75741 67713]
2020-03-26 17:27:59,688 - exp_torch_topics_d128_margin_i2000_b20_q100_f512_4 - INFO - finish step #38 for 13.088175296783447 sec
2020-03-26 17:27:59,688 - exp_torch_topics_d128_margin_i2000_b20_q100_f512_4 - INFO - current val_accuracy: 0.4748491537895511
2020-03-26 17:27:59,689 - exp_torch_topics_d128_margin_i2000_b20_q100_f512_4 - INFO - start step #39
2020-03-26 17:28:06,965 - exp_torch_topics_d128_margin_i2000_b20_q100_f512_4 - INFO - query idx: [22613 63479 96462  9188 52154 66814 54339  1770 21607 52612  7142 58040
 94820 90464 54625 13534 71680 81325 57814 48868]
2020-03-26 17:28:09,821 - exp_torch_topics_d128_margin_i2000_b20_q100_f512_4 - INFO - finish step #39 for 10.132590055465698 sec
2020-03-26 17:28:09,821 - exp_torch_topics_d128_margin_i2000_b20_q100_f512_4 - INFO - current val_accuracy: 0.4758498896247241
2020-03-26 17:28:09,822 - exp_torch_topics_d128_margin_i2000_b20_q100_f512_4 - INFO - start step #40
2020-03-26 17:28:16,579 - exp_torch_topics_d128_margin_i2000_b20_q100_f512_4 - INFO - query idx: [26873 20371 87837 29701 45130 44306 56370 78883 30295 11797 26222 19980
 41289 64483 63787 47968 70945 65394 49912 83539]
2020-03-26 17:28:19,531 - exp_torch_topics_d128_margin_i2000_b20_q100_f512_4 - INFO - finish step #40 for 9.708680868148804 sec
2020-03-26 17:28:19,531 - exp_torch_topics_d128_margin_i2000_b20_q100_f512_4 - INFO - current val_accuracy: 0.48070640176600443
2020-03-26 17:28:19,531 - exp_torch_topics_d128_margin_i2000_b20_q100_f512_4 - INFO - start step #41
2020-03-26 17:28:26,415 - exp_torch_topics_d128_margin_i2000_b20_q100_f512_4 - INFO - query idx: [93956 82997 66390 85745 78786 50473 57654 26850 13174  4920 27303 81420
 10477  2280 59301 88882 81188 88731 62855 59188]
2020-03-26 17:28:29,166 - exp_torch_topics_d128_margin_i2000_b20_q100_f512_4 - INFO - finish step #41 for 9.634762048721313 sec
2020-03-26 17:28:29,166 - exp_torch_topics_d128_margin_i2000_b20_q100_f512_4 - INFO - current val_accuracy: 0.4756144223693893
2020-03-26 17:28:29,166 - exp_torch_topics_d128_margin_i2000_b20_q100_f512_4 - INFO - start step #42
2020-03-26 17:28:35,718 - exp_torch_topics_d128_margin_i2000_b20_q100_f512_4 - INFO - query idx: [89926 51268 67913 53443 74211 91960 38946  3131 73123 43699 58587 45285
 51675 39202 70451 97437 36123 40906 35117 82069]
2020-03-26 17:28:38,566 - exp_torch_topics_d128_margin_i2000_b20_q100_f512_4 - INFO - finish step #42 for 9.399603128433228 sec
2020-03-26 17:28:38,566 - exp_torch_topics_d128_margin_i2000_b20_q100_f512_4 - INFO - current val_accuracy: 0.47549668874172185
2020-03-26 17:28:38,566 - exp_torch_topics_d128_margin_i2000_b20_q100_f512_4 - INFO - start step #43
2020-03-26 17:28:45,358 - exp_torch_topics_d128_margin_i2000_b20_q100_f512_4 - INFO - query idx: [42108 16495 37740 94242 97572 81533 19735 63377 71078 20443 49802 60469
 26049 62664 81205 97544 98470 61468 75870 73756]
2020-03-26 17:28:48,252 - exp_torch_topics_d128_margin_i2000_b20_q100_f512_4 - INFO - finish step #43 for 9.685769081115723 sec
2020-03-26 17:28:48,252 - exp_torch_topics_d128_margin_i2000_b20_q100_f512_4 - INFO - current val_accuracy: 0.4792347314201619
2020-03-26 17:28:48,252 - exp_torch_topics_d128_margin_i2000_b20_q100_f512_4 - INFO - start step #44
2020-03-26 17:28:54,462 - exp_torch_topics_d128_margin_i2000_b20_q100_f512_4 - INFO - query idx: [23744 33095 43252 18661 72301 76850 42364 75848 65986  1906 31313 48892
  9983 32385 17707 55656 72169 75691 38490 46925]
2020-03-26 17:28:57,380 - exp_torch_topics_d128_margin_i2000_b20_q100_f512_4 - INFO - finish step #44 for 9.127396821975708 sec
2020-03-26 17:28:57,380 - exp_torch_topics_d128_margin_i2000_b20_q100_f512_4 - INFO - current val_accuracy: 0.4801766004415011
2020-03-26 17:28:57,381 - exp_torch_topics_d128_margin_i2000_b20_q100_f512_4 - INFO - start step #45
2020-03-26 17:29:04,345 - exp_torch_topics_d128_margin_i2000_b20_q100_f512_4 - INFO - query idx: [95323 53454 66298 72951 89705 50008 39933 17576 14227 79064 49084 44845
 17434 12025 90167 59528  9543 27649 52774 41481]
2020-03-26 17:29:08,004 - exp_torch_topics_d128_margin_i2000_b20_q100_f512_4 - INFO - finish step #45 for 10.623456001281738 sec
2020-03-26 17:29:08,005 - exp_torch_topics_d128_margin_i2000_b20_q100_f512_4 - INFO - current val_accuracy: 0.48138337012509197
2020-03-26 17:29:08,005 - exp_torch_topics_d128_margin_i2000_b20_q100_f512_4 - INFO - start step #46
2020-03-26 17:29:14,851 - exp_torch_topics_d128_margin_i2000_b20_q100_f512_4 - INFO - query idx: [61719 92412 29688 42898 94271  5567 66602 12592 81202 62445 54432 96577
 59997 66051 66006 40281 35168 74417 11118 86946]
2020-03-26 17:29:18,039 - exp_torch_topics_d128_margin_i2000_b20_q100_f512_4 - INFO - finish step #46 for 10.034008979797363 sec
2020-03-26 17:29:18,039 - exp_torch_topics_d128_margin_i2000_b20_q100_f512_4 - INFO - current val_accuracy: 0.4756144223693893
2020-03-26 17:29:18,039 - exp_torch_topics_d128_margin_i2000_b20_q100_f512_4 - INFO - start step #47
2020-03-26 17:29:25,253 - exp_torch_topics_d128_margin_i2000_b20_q100_f512_4 - INFO - query idx: [78735 10289 46453 69540 43450 49678 75823 17120 62423  7866 32235 62712
  8493  4489 87736 48447 49665 29109 41299 62420]
2020-03-26 17:29:29,224 - exp_torch_topics_d128_margin_i2000_b20_q100_f512_4 - INFO - finish step #47 for 11.184789896011353 sec
2020-03-26 17:29:29,225 - exp_torch_topics_d128_margin_i2000_b20_q100_f512_4 - INFO - current val_accuracy: 0.4807358351729213
2020-03-26 17:29:29,226 - exp_torch_topics_d128_margin_i2000_b20_q100_f512_4 - INFO - start step #48
2020-03-26 17:29:44,952 - exp_torch_topics_d128_margin_i2000_b20_q100_f512_4 - INFO - query idx: [76315 52250 89764 72376 23745 96904 32878 22972 83000 76103 94501 68773
 88892 25076 12869 26501 88882 11522 56162 53052]
2020-03-26 17:29:57,543 - exp_torch_topics_d128_margin_i2000_b20_q100_f512_4 - INFO - finish step #48 for 28.317495822906494 sec
2020-03-26 17:29:57,557 - exp_torch_topics_d128_margin_i2000_b20_q100_f512_4 - INFO - current val_accuracy: 0.48538631346578365
2020-03-26 17:29:57,557 - exp_torch_topics_d128_margin_i2000_b20_q100_f512_4 - INFO - start step #49
2020-03-26 17:30:04,879 - exp_torch_topics_d128_margin_i2000_b20_q100_f512_4 - INFO - query idx: [34358 79613 24682 27093  9908 37439  5098 40623 32129 50586 50931 18423
 95993 23381 63616  2709 94715 44295 81328 76221]
2020-03-26 17:30:07,798 - exp_torch_topics_d128_margin_i2000_b20_q100_f512_4 - INFO - finish step #49 for 10.240796089172363 sec
2020-03-26 17:30:07,798 - exp_torch_topics_d128_margin_i2000_b20_q100_f512_4 - INFO - current val_accuracy: 0.4832671081677704
2020-03-26 17:30:07,798 - exp_torch_topics_d128_margin_i2000_b20_q100_f512_4 - INFO - start step #50
2020-03-26 17:30:14,912 - exp_torch_topics_d128_margin_i2000_b20_q100_f512_4 - INFO - query idx: [72359 30154 75707  8210 47708 50622 45111  6105 15942 94067 75642 70878
 58986  4107 30397 67176  1902 38455 29115 54794]
2020-03-26 17:30:17,693 - exp_torch_topics_d128_margin_i2000_b20_q100_f512_4 - INFO - finish step #50 for 9.894154071807861 sec
2020-03-26 17:30:17,693 - exp_torch_topics_d128_margin_i2000_b20_q100_f512_4 - INFO - current val_accuracy: 0.48344370860927155
2020-03-26 17:30:17,693 - exp_torch_topics_d128_margin_i2000_b20_q100_f512_4 - INFO - start step #51
2020-03-26 17:30:23,946 - exp_torch_topics_d128_margin_i2000_b20_q100_f512_4 - INFO - query idx: [26648 53523 65560 72785 55107 16184 22945 41113 35134 47012   879 92966
 90940  5552 62806 72555 34222 23100 97798 95081]
2020-03-26 17:30:26,726 - exp_torch_topics_d128_margin_i2000_b20_q100_f512_4 - INFO - finish step #51 for 9.033265829086304 sec
2020-03-26 17:30:26,727 - exp_torch_topics_d128_margin_i2000_b20_q100_f512_4 - INFO - current val_accuracy: 0.48282560706401767
2020-03-26 17:30:26,728 - exp_torch_topics_d128_margin_i2000_b20_q100_f512_4 - INFO - start step #52
2020-03-26 17:30:32,746 - exp_torch_topics_d128_margin_i2000_b20_q100_f512_4 - INFO - query idx: [92252 52934 28586 96028 72123 86804 52671  3882 19264 96133 69001 78571
 18501 46516 76074 87479 39114 97374 62193 71191]
2020-03-26 17:30:35,464 - exp_torch_topics_d128_margin_i2000_b20_q100_f512_4 - INFO - finish step #52 for 8.736058712005615 sec
2020-03-26 17:30:35,464 - exp_torch_topics_d128_margin_i2000_b20_q100_f512_4 - INFO - current val_accuracy: 0.48444444444444446
2020-03-26 17:30:35,465 - exp_torch_topics_d128_margin_i2000_b20_q100_f512_4 - INFO - start step #53
2020-03-26 17:30:41,740 - exp_torch_topics_d128_margin_i2000_b20_q100_f512_4 - INFO - query idx: [62195 32207 81739 64907 81219 78281 66676 92355 53696 30811 46578 77953
 58322 95156 43252 27837 97803 69049  9383 28466]
2020-03-26 17:30:44,790 - exp_torch_topics_d128_margin_i2000_b20_q100_f512_4 - INFO - finish step #53 for 9.32541275024414 sec
2020-03-26 17:30:44,790 - exp_torch_topics_d128_margin_i2000_b20_q100_f512_4 - INFO - current val_accuracy: 0.4847682119205298
2020-03-26 17:30:44,790 - exp_torch_topics_d128_margin_i2000_b20_q100_f512_4 - INFO - start step #54
2020-03-26 17:30:50,755 - exp_torch_topics_d128_margin_i2000_b20_q100_f512_4 - INFO - query idx: [81782 79810 38617 31728 85163 70419 47424 12768 13870 14425 88913 58168
 17416 85016 10552 89341 60530 48263 93565  6957]
2020-03-26 17:30:53,399 - exp_torch_topics_d128_margin_i2000_b20_q100_f512_4 - INFO - finish step #54 for 8.608681917190552 sec
2020-03-26 17:30:53,399 - exp_torch_topics_d128_margin_i2000_b20_q100_f512_4 - INFO - current val_accuracy: 0.481972038263429
2020-03-26 17:30:53,400 - exp_torch_topics_d128_margin_i2000_b20_q100_f512_4 - INFO - start step #55
2020-03-26 17:30:59,340 - exp_torch_topics_d128_margin_i2000_b20_q100_f512_4 - INFO - query idx: [32384 47160 67930 82368 31436 68045 84864 89264 36775 10181 94480 78352
 87530 31131 70383 12628 86987 37837 10868 49263]
2020-03-26 17:31:02,025 - exp_torch_topics_d128_margin_i2000_b20_q100_f512_4 - INFO - finish step #55 for 8.62532925605774 sec
2020-03-26 17:31:02,025 - exp_torch_topics_d128_margin_i2000_b20_q100_f512_4 - INFO - current val_accuracy: 0.4822075055187638
2020-03-26 17:31:02,025 - exp_torch_topics_d128_margin_i2000_b20_q100_f512_4 - INFO - start step #56
2020-03-26 17:31:11,897 - exp_torch_topics_d128_margin_i2000_b20_q100_f512_4 - INFO - query idx: [82748 19179 93175 72916 30359 72873 95227 13012  1529 13306 14781 73144
 40543 13705 10639 57497 65689 40220 59477 79824]
2020-03-26 17:31:15,171 - exp_torch_topics_d128_margin_i2000_b20_q100_f512_4 - INFO - finish step #56 for 13.145340919494629 sec
2020-03-26 17:31:15,171 - exp_torch_topics_d128_margin_i2000_b20_q100_f512_4 - INFO - current val_accuracy: 0.4829139072847682
2020-03-26 17:31:15,171 - exp_torch_topics_d128_margin_i2000_b20_q100_f512_4 - INFO - start step #57
2020-03-26 17:31:20,904 - exp_torch_topics_d128_margin_i2000_b20_q100_f512_4 - INFO - query idx: [12656 34684 93681 75001  2952 67283 68049 76212 87082 87587 64727 47336
 52424 16912 62183 10516 16560 19330 95176 94035]
2020-03-26 17:31:23,628 - exp_torch_topics_d128_margin_i2000_b20_q100_f512_4 - INFO - finish step #57 for 8.457032918930054 sec
2020-03-26 17:31:23,628 - exp_torch_topics_d128_margin_i2000_b20_q100_f512_4 - INFO - current val_accuracy: 0.48462104488594554
2020-03-26 17:31:23,629 - exp_torch_topics_d128_margin_i2000_b20_q100_f512_4 - INFO - start step #58
2020-03-26 17:31:29,525 - exp_torch_topics_d128_margin_i2000_b20_q100_f512_4 - INFO - query idx: [27659 16712 58672 47414  1052 29526 74379 16864 18813 88538 71152 96942
  1338 53568 58077 54344 69190 64647 93966 18867]
2020-03-26 17:31:32,247 - exp_torch_topics_d128_margin_i2000_b20_q100_f512_4 - INFO - finish step #58 for 8.618371963500977 sec
2020-03-26 17:31:32,247 - exp_torch_topics_d128_margin_i2000_b20_q100_f512_4 - INFO - current val_accuracy: 0.4891537895511405
2020-03-26 17:31:32,247 - exp_torch_topics_d128_margin_i2000_b20_q100_f512_4 - INFO - start step #59
2020-03-26 17:31:37,929 - exp_torch_topics_d128_margin_i2000_b20_q100_f512_4 - INFO - query idx: [14285 90796   725 81598 91400 27449 71191 31098 88079 94838 67109 48630
 33879  7420 29747 76811 33957 50934  8328  2442]
2020-03-26 17:31:40,675 - exp_torch_topics_d128_margin_i2000_b20_q100_f512_4 - INFO - finish step #59 for 8.427330017089844 sec
2020-03-26 17:31:40,675 - exp_torch_topics_d128_margin_i2000_b20_q100_f512_4 - INFO - current val_accuracy: 0.4897718910963944
2020-03-26 17:31:40,675 - exp_torch_topics_d128_margin_i2000_b20_q100_f512_4 - INFO - start step #60
2020-03-26 17:31:46,481 - exp_torch_topics_d128_margin_i2000_b20_q100_f512_4 - INFO - query idx: [26949 37439 50976 42427 30664 97317 78531 14195 98699 15274 16134 75578
 42971 40462 93238  8978 45073 38483 29870 58545]
2020-03-26 17:31:49,295 - exp_torch_topics_d128_margin_i2000_b20_q100_f512_4 - INFO - finish step #60 for 8.620016813278198 sec
2020-03-26 17:31:49,295 - exp_torch_topics_d128_margin_i2000_b20_q100_f512_4 - INFO - current val_accuracy: 0.49071376011773365
2020-03-26 17:31:49,296 - exp_torch_topics_d128_margin_i2000_b20_q100_f512_4 - INFO - start step #61
2020-03-26 17:31:54,948 - exp_torch_topics_d128_margin_i2000_b20_q100_f512_4 - INFO - query idx: [39333 69462 46693 31643 73547 82961 64536 12533 87970 46298 90779 48430
 71325 73060 69976  8508 22911 58581  9888 32418]
2020-03-26 17:31:57,654 - exp_torch_topics_d128_margin_i2000_b20_q100_f512_4 - INFO - finish step #61 for 8.35784387588501 sec
2020-03-26 17:31:57,654 - exp_torch_topics_d128_margin_i2000_b20_q100_f512_4 - INFO - current val_accuracy: 0.49050772626931566
2020-03-26 17:31:57,654 - exp_torch_topics_d128_margin_i2000_b20_q100_f512_4 - INFO - start step #62
2020-03-26 17:32:03,654 - exp_torch_topics_d128_margin_i2000_b20_q100_f512_4 - INFO - query idx: [27127 39365 43854 95068 71565 13434 35939 95714 93253 27341 27047 19134
 42774 78651 51658 25427 36342 95572 88435 58972]
2020-03-26 17:32:06,383 - exp_torch_topics_d128_margin_i2000_b20_q100_f512_4 - INFO - finish step #62 for 8.729008913040161 sec
2020-03-26 17:32:06,383 - exp_torch_topics_d128_margin_i2000_b20_q100_f512_4 - INFO - current val_accuracy: 0.4873289183222958
2020-03-26 17:32:06,383 - exp_torch_topics_d128_margin_i2000_b20_q100_f512_4 - INFO - start step #63
2020-03-26 17:32:12,047 - exp_torch_topics_d128_margin_i2000_b20_q100_f512_4 - INFO - query idx: [29325 75428 24531 43641 85571 79962 55483 19201 82530  4711 31063 67822
 11520 98625 97262 26997 44444 96045 29826 14331]
2020-03-26 17:32:14,817 - exp_torch_topics_d128_margin_i2000_b20_q100_f512_4 - INFO - finish step #63 for 8.433683156967163 sec
2020-03-26 17:32:14,817 - exp_torch_topics_d128_margin_i2000_b20_q100_f512_4 - INFO - current val_accuracy: 0.49112582781456954
2020-03-26 17:32:14,818 - exp_torch_topics_d128_margin_i2000_b20_q100_f512_4 - INFO - start step #64
2020-03-26 17:32:20,811 - exp_torch_topics_d128_margin_i2000_b20_q100_f512_4 - INFO - query idx: [30292 60420  2991  9624 21877 86590 45149  1469 72606  3545 43997 43877
 49871  9241 97317 82423 73049 50884 55997 37625]
2020-03-26 17:32:23,530 - exp_torch_topics_d128_margin_i2000_b20_q100_f512_4 - INFO - finish step #64 for 8.712080955505371 sec
2020-03-26 17:32:23,530 - exp_torch_topics_d128_margin_i2000_b20_q100_f512_4 - INFO - current val_accuracy: 0.49074319352465046
2020-03-26 17:32:23,530 - exp_torch_topics_d128_margin_i2000_b20_q100_f512_4 - INFO - start step #65
2020-03-26 17:32:29,199 - exp_torch_topics_d128_margin_i2000_b20_q100_f512_4 - INFO - query idx: [97081 80524 45618 27037 13452 29934 77406 31739 20492 66933 40764 59419
 34059 24273  6382 15213 75684 76506 26757 61396]
2020-03-26 17:32:32,121 - exp_torch_topics_d128_margin_i2000_b20_q100_f512_4 - INFO - finish step #65 for 8.590736865997314 sec
2020-03-26 17:32:32,121 - exp_torch_topics_d128_margin_i2000_b20_q100_f512_4 - INFO - current val_accuracy: 0.49203826342899193
2020-03-26 17:32:32,121 - exp_torch_topics_d128_margin_i2000_b20_q100_f512_4 - INFO - start step #66
2020-03-26 17:32:37,899 - exp_torch_topics_d128_margin_i2000_b20_q100_f512_4 - INFO - query idx: [24589 80073  8554 94229 81334 26422 39091 21935 65917 16698 28420 31928
 97150 62059 59954  7605 45744 82550 14318 88988]
2020-03-26 17:32:40,795 - exp_torch_topics_d128_margin_i2000_b20_q100_f512_4 - INFO - finish step #66 for 8.673450946807861 sec
2020-03-26 17:32:40,795 - exp_torch_topics_d128_margin_i2000_b20_q100_f512_4 - INFO - current val_accuracy: 0.49136129506990434
2020-03-26 17:32:40,795 - exp_torch_topics_d128_margin_i2000_b20_q100_f512_4 - INFO - start step #67
2020-03-26 17:32:47,066 - exp_torch_topics_d128_margin_i2000_b20_q100_f512_4 - INFO - query idx: [56249 76520  7399 36465 52524 48941 24513 59141 79872 26614 32570 62476
 70069 64907 49631 56991 26412 36776 96458 74331]
2020-03-26 17:32:49,822 - exp_torch_topics_d128_margin_i2000_b20_q100_f512_4 - INFO - finish step #67 for 9.02687692642212 sec
2020-03-26 17:32:49,822 - exp_torch_topics_d128_margin_i2000_b20_q100_f512_4 - INFO - current val_accuracy: 0.4926857983811626
2020-03-26 17:32:49,823 - exp_torch_topics_d128_margin_i2000_b20_q100_f512_4 - INFO - start step #68
2020-03-26 17:32:55,751 - exp_torch_topics_d128_margin_i2000_b20_q100_f512_4 - INFO - query idx: [24182 82809 18914 20730 74810 23349 14322 86460 46214 44789 70388 67489
  6366 83517 32198 55075  9418 65301 81784 95835]
2020-03-26 17:32:58,401 - exp_torch_topics_d128_margin_i2000_b20_q100_f512_4 - INFO - finish step #68 for 8.577991962432861 sec
2020-03-26 17:32:58,401 - exp_torch_topics_d128_margin_i2000_b20_q100_f512_4 - INFO - current val_accuracy: 0.4894186902133922
2020-03-26 17:32:58,401 - exp_torch_topics_d128_margin_i2000_b20_q100_f512_4 - INFO - start step #69
2020-03-26 17:33:04,519 - exp_torch_topics_d128_margin_i2000_b20_q100_f512_4 - INFO - query idx: [68097 10011 22961 72839 84603 50737 18871 12135 83154 90101 43914 89566
 35984 54836 97181 57261 73539 58761 40444 80277]
2020-03-26 17:33:07,332 - exp_torch_topics_d128_margin_i2000_b20_q100_f512_4 - INFO - finish step #69 for 8.930917263031006 sec
2020-03-26 17:33:07,332 - exp_torch_topics_d128_margin_i2000_b20_q100_f512_4 - INFO - current val_accuracy: 0.4920971302428256
2020-03-26 17:33:07,332 - exp_torch_topics_d128_margin_i2000_b20_q100_f512_4 - INFO - start step #70
2020-03-26 17:33:13,019 - exp_torch_topics_d128_margin_i2000_b20_q100_f512_4 - INFO - query idx: [77447 25583 34846 29311 87743  6286 50932 76213 23404 59345  6844  4985
 18964 83333 98222 26300 94366 52759 28584 50958]
2020-03-26 17:33:15,771 - exp_torch_topics_d128_margin_i2000_b20_q100_f512_4 - INFO - finish step #70 for 8.438196897506714 sec
2020-03-26 17:33:15,771 - exp_torch_topics_d128_margin_i2000_b20_q100_f512_4 - INFO - current val_accuracy: 0.49271523178807947
2020-03-26 17:33:15,771 - exp_torch_topics_d128_margin_i2000_b20_q100_f512_4 - INFO - start step #71
2020-03-26 17:33:21,473 - exp_torch_topics_d128_margin_i2000_b20_q100_f512_4 - INFO - query idx: [37834 11991 35880  6462 33411 76363 45317  5223 51798 83059 52110 90586
 64565 43687 96106 91461  6017 82607 86572 52859]
2020-03-26 17:33:24,188 - exp_torch_topics_d128_margin_i2000_b20_q100_f512_4 - INFO - finish step #71 for 8.415852069854736 sec
2020-03-26 17:33:24,188 - exp_torch_topics_d128_margin_i2000_b20_q100_f512_4 - INFO - current val_accuracy: 0.49462840323767476
2020-03-26 17:33:24,188 - exp_torch_topics_d128_margin_i2000_b20_q100_f512_4 - INFO - start step #72
2020-03-26 17:33:29,975 - exp_torch_topics_d128_margin_i2000_b20_q100_f512_4 - INFO - query idx: [ 8092  1901 17414 60639 25518 91172 79092 97219 91275 83224 79299 37038
 52969  3809 30873 23769 34354 57622 15620 49036]
2020-03-26 17:33:32,640 - exp_torch_topics_d128_margin_i2000_b20_q100_f512_4 - INFO - finish step #72 for 8.452309846878052 sec
2020-03-26 17:33:32,640 - exp_torch_topics_d128_margin_i2000_b20_q100_f512_4 - INFO - current val_accuracy: 0.492214863870493
2020-03-26 17:33:32,641 - exp_torch_topics_d128_margin_i2000_b20_q100_f512_4 - INFO - start step #73
2020-03-26 17:33:38,321 - exp_torch_topics_d128_margin_i2000_b20_q100_f512_4 - INFO - query idx: [21357 60000 38195 67460 50110 17569 88343 64945 37116  3556 45999 72378
 50978 17834 83770 89266 45245 20272 15566 13678]
2020-03-26 17:33:40,977 - exp_torch_topics_d128_margin_i2000_b20_q100_f512_4 - INFO - finish step #73 for 8.336000919342041 sec
2020-03-26 17:33:40,977 - exp_torch_topics_d128_margin_i2000_b20_q100_f512_4 - INFO - current val_accuracy: 0.49715967623252394
2020-03-26 17:33:40,977 - exp_torch_topics_d128_margin_i2000_b20_q100_f512_4 - INFO - start step #74
2020-03-26 17:33:46,799 - exp_torch_topics_d128_margin_i2000_b20_q100_f512_4 - INFO - query idx: [95797 29548 25233 70874 28932 95359 55376 40009 96834  9951 17809 19042
 92621 15755 74041 74233 52492  3914 75587 71925]
2020-03-26 17:33:49,510 - exp_torch_topics_d128_margin_i2000_b20_q100_f512_4 - INFO - finish step #74 for 8.532905101776123 sec
2020-03-26 17:33:49,510 - exp_torch_topics_d128_margin_i2000_b20_q100_f512_4 - INFO - current val_accuracy: 0.49939661515820455
2020-03-26 17:33:49,510 - exp_torch_topics_d128_margin_i2000_b20_q100_f512_4 - INFO - start step #75
2020-03-26 17:33:55,141 - exp_torch_topics_d128_margin_i2000_b20_q100_f512_4 - INFO - query idx: [30328 53545 20439 16208 59007 60752 87548 31163 47089 28655 85535 27234
 15864 50249 48437 87523 23065 81671 83900 28383]
2020-03-26 17:33:57,927 - exp_torch_topics_d128_margin_i2000_b20_q100_f512_4 - INFO - finish step #75 for 8.416178941726685 sec
2020-03-26 17:33:57,927 - exp_torch_topics_d128_margin_i2000_b20_q100_f512_4 - INFO - current val_accuracy: 0.49624724061810155
2020-03-26 17:33:57,927 - exp_torch_topics_d128_margin_i2000_b20_q100_f512_4 - INFO - start step #76
2020-03-26 17:34:03,609 - exp_torch_topics_d128_margin_i2000_b20_q100_f512_4 - INFO - query idx: [74252 11304 79745 11421 35093 15887 68928 49605 11576 70147  4493 10815
 18361 53159 23705 11224 86028 81891 23507 93300]
2020-03-26 17:34:06,391 - exp_torch_topics_d128_margin_i2000_b20_q100_f512_4 - INFO - finish step #76 for 8.46424913406372 sec
2020-03-26 17:34:06,392 - exp_torch_topics_d128_margin_i2000_b20_q100_f512_4 - INFO - current val_accuracy: 0.4975717439293598
2020-03-26 17:34:06,392 - exp_torch_topics_d128_margin_i2000_b20_q100_f512_4 - INFO - start step #77
2020-03-26 17:34:12,140 - exp_torch_topics_d128_margin_i2000_b20_q100_f512_4 - INFO - query idx: [79104 12541 67537 82120 93640 64055 25732 75544 80271 62143 20144 87774
 87039 19578 18012 82011 95211 69237 75224 42879]
2020-03-26 17:34:14,860 - exp_torch_topics_d128_margin_i2000_b20_q100_f512_4 - INFO - finish step #77 for 8.467674016952515 sec
2020-03-26 17:34:14,860 - exp_torch_topics_d128_margin_i2000_b20_q100_f512_4 - INFO - current val_accuracy: 0.497336276674025
2020-03-26 17:34:14,860 - exp_torch_topics_d128_margin_i2000_b20_q100_f512_4 - INFO - start step #78
2020-03-26 17:34:20,675 - exp_torch_topics_d128_margin_i2000_b20_q100_f512_4 - INFO - query idx: [41317 11442 90023 68175 44783 80850 78030 32186 18951 84894 67126 57064
 47571 38472 62088 51538 29971 60794 28881 80564]
2020-03-26 17:34:23,394 - exp_torch_topics_d128_margin_i2000_b20_q100_f512_4 - INFO - finish step #78 for 8.533856868743896 sec
2020-03-26 17:34:23,394 - exp_torch_topics_d128_margin_i2000_b20_q100_f512_4 - INFO - current val_accuracy: 0.4962178072111847
2020-03-26 17:34:23,394 - exp_torch_topics_d128_margin_i2000_b20_q100_f512_4 - INFO - start step #79
2020-03-26 17:34:29,163 - exp_torch_topics_d128_margin_i2000_b20_q100_f512_4 - INFO - query idx: [51502 33205 14378 34901  5824  2323 88117  9269 70739 25412  2401 82928
 28333 75508 36063 17831  5548  1029 31632  9596]
2020-03-26 17:34:31,823 - exp_torch_topics_d128_margin_i2000_b20_q100_f512_4 - INFO - finish step #79 for 8.428566217422485 sec
2020-03-26 17:34:31,823 - exp_torch_topics_d128_margin_i2000_b20_q100_f512_4 - INFO - current val_accuracy: 0.4968947755702723
2020-03-26 17:34:31,823 - exp_torch_topics_d128_margin_i2000_b20_q100_f512_4 - INFO - start step #80
2020-03-26 17:34:37,608 - exp_torch_topics_d128_margin_i2000_b20_q100_f512_4 - INFO - query idx: [34219 41917  6055  9414 52426 32760 26874 11934 79497 56968 19266 51963
 46804 18642 70451 70436 15699  1789 91209 74300]
2020-03-26 17:34:40,401 - exp_torch_topics_d128_margin_i2000_b20_q100_f512_4 - INFO - finish step #80 for 8.577179193496704 sec
2020-03-26 17:34:40,401 - exp_torch_topics_d128_margin_i2000_b20_q100_f512_4 - INFO - current val_accuracy: 0.49630610743193526
2020-03-26 17:34:40,401 - exp_torch_topics_d128_margin_i2000_b20_q100_f512_4 - INFO - start step #81
2020-03-26 17:34:46,191 - exp_torch_topics_d128_margin_i2000_b20_q100_f512_4 - INFO - query idx: [64788 70777 27424 80228 29396 96064 33543 59619 67889 30530 30456 55544
 58486 98075 40663 14243 76495 53586 63939 73652]
2020-03-26 17:34:49,115 - exp_torch_topics_d128_margin_i2000_b20_q100_f512_4 - INFO - finish step #81 for 8.713844060897827 sec
2020-03-26 17:34:49,115 - exp_torch_topics_d128_margin_i2000_b20_q100_f512_4 - INFO - current val_accuracy: 0.49451066961000734
2020-03-26 17:34:49,115 - exp_torch_topics_d128_margin_i2000_b20_q100_f512_4 - INFO - start step #82
2020-03-26 17:34:54,906 - exp_torch_topics_d128_margin_i2000_b20_q100_f512_4 - INFO - query idx: [35835 45454 80006 85344 87211  1704 90063 79480 33260 21557 82117   575
 47554 90533 43920 46139 71273 45179 58185 50756]
2020-03-26 17:34:57,821 - exp_torch_topics_d128_margin_i2000_b20_q100_f512_4 - INFO - finish step #82 for 8.706135034561157 sec
2020-03-26 17:34:57,821 - exp_torch_topics_d128_margin_i2000_b20_q100_f512_4 - INFO - current val_accuracy: 0.49362766740250186
2020-03-26 17:34:57,822 - exp_torch_topics_d128_margin_i2000_b20_q100_f512_4 - INFO - start step #83
2020-03-26 17:35:03,642 - exp_torch_topics_d128_margin_i2000_b20_q100_f512_4 - INFO - query idx: [13378 82103 63749 45728 35193 37367 96323 59028 41798 74562 94555 15068
 83618 89602 87245 73320  7097 35744 13639 59358]
2020-03-26 17:35:06,417 - exp_torch_topics_d128_margin_i2000_b20_q100_f512_4 - INFO - finish step #83 for 8.595650672912598 sec
2020-03-26 17:35:06,418 - exp_torch_topics_d128_margin_i2000_b20_q100_f512_4 - INFO - current val_accuracy: 0.4966887417218543
2020-03-26 17:35:06,418 - exp_torch_topics_d128_margin_i2000_b20_q100_f512_4 - INFO - start step #84
2020-03-26 17:35:12,315 - exp_torch_topics_d128_margin_i2000_b20_q100_f512_4 - INFO - query idx: [14963 53389 52032 23319 40540 53379 16230 83243 67676 88181  7198 85138
 81437 21223 23734 28866 93940 11379 92628 94742]
2020-03-26 17:35:15,064 - exp_torch_topics_d128_margin_i2000_b20_q100_f512_4 - INFO - finish step #84 for 8.645771980285645 sec
2020-03-26 17:35:15,064 - exp_torch_topics_d128_margin_i2000_b20_q100_f512_4 - INFO - current val_accuracy: 0.4974540103016924
2020-03-26 17:35:15,064 - exp_torch_topics_d128_margin_i2000_b20_q100_f512_4 - INFO - start step #85
2020-03-26 17:35:20,886 - exp_torch_topics_d128_margin_i2000_b20_q100_f512_4 - INFO - query idx: [39369 71351 32451 71406 20527 27543 70519 27442 62576 34396 53030 64403
 31002 61241  1407 14233 89337 41588 47939 31814]
2020-03-26 17:35:23,622 - exp_torch_topics_d128_margin_i2000_b20_q100_f512_4 - INFO - finish step #85 for 8.558354377746582 sec
2020-03-26 17:35:23,623 - exp_torch_topics_d128_margin_i2000_b20_q100_f512_4 - INFO - current val_accuracy: 0.49898454746136867
2020-03-26 17:35:23,623 - exp_torch_topics_d128_margin_i2000_b20_q100_f512_4 - INFO - start step #86
2020-03-26 17:35:29,272 - exp_torch_topics_d128_margin_i2000_b20_q100_f512_4 - INFO - query idx: [82711 37739 61781 62686 96740  1733 55818 88133 19484    32 63354 16561
 17572 25797 16389  9824 14495 77027 33916 51479]
2020-03-26 17:35:32,053 - exp_torch_topics_d128_margin_i2000_b20_q100_f512_4 - INFO - finish step #86 for 8.430003881454468 sec
2020-03-26 17:35:32,053 - exp_torch_topics_d128_margin_i2000_b20_q100_f512_4 - INFO - current val_accuracy: 0.5000441501103753
2020-03-26 17:35:32,053 - exp_torch_topics_d128_margin_i2000_b20_q100_f512_4 - INFO - start step #87
2020-03-26 17:35:37,705 - exp_torch_topics_d128_margin_i2000_b20_q100_f512_4 - INFO - query idx: [77061 96555  7236 92064 36914  3173 77452 93306  8990 47155 27617 96171
 13951 15070 41266 72657 23764 86937 38193 14153]
2020-03-26 17:35:40,425 - exp_torch_topics_d128_margin_i2000_b20_q100_f512_4 - INFO - finish step #87 for 8.37145185470581 sec
2020-03-26 17:35:40,425 - exp_torch_topics_d128_margin_i2000_b20_q100_f512_4 - INFO - current val_accuracy: 0.5023105224429728
2020-03-26 17:35:40,425 - exp_torch_topics_d128_margin_i2000_b20_q100_f512_4 - INFO - start step #88
2020-03-26 17:35:46,655 - exp_torch_topics_d128_margin_i2000_b20_q100_f512_4 - INFO - query idx: [ 2785 35610 80015 40053 60852 95975 96884  2266 28333 24944 73806 23508
 95744  8092 25872 46538 17029 62760 63465 14866]
2020-03-26 17:35:49,341 - exp_torch_topics_d128_margin_i2000_b20_q100_f512_4 - INFO - finish step #88 for 8.914995908737183 sec
2020-03-26 17:35:49,341 - exp_torch_topics_d128_margin_i2000_b20_q100_f512_4 - INFO - current val_accuracy: 0.5017512877115526
2020-03-26 17:35:49,341 - exp_torch_topics_d128_margin_i2000_b20_q100_f512_4 - INFO - start step #89
2020-03-26 17:35:55,339 - exp_torch_topics_d128_margin_i2000_b20_q100_f512_4 - INFO - query idx: [64564 40035 58502 80371 85682 20089 28049 11833  1441 91817 70342 35066
 40632  1471 22603 15668 68845 90760 29246 44210]
2020-03-26 17:35:58,073 - exp_torch_topics_d128_margin_i2000_b20_q100_f512_4 - INFO - finish step #89 for 8.732010841369629 sec
2020-03-26 17:35:58,073 - exp_torch_topics_d128_margin_i2000_b20_q100_f512_4 - INFO - current val_accuracy: 0.5030757910228109
2020-03-26 17:35:58,073 - exp_torch_topics_d128_margin_i2000_b20_q100_f512_4 - INFO - start step #90
2020-03-26 17:36:03,699 - exp_torch_topics_d128_margin_i2000_b20_q100_f512_4 - INFO - query idx: [22095 97956  6523 11783 35560  5053 23531 15370 92219 87123 50485 72952
 31202  7192 56212 39433 24067 19062 97061 85190]
2020-03-26 17:36:06,560 - exp_torch_topics_d128_margin_i2000_b20_q100_f512_4 - INFO - finish step #90 for 8.486279964447021 sec
2020-03-26 17:36:06,560 - exp_torch_topics_d128_margin_i2000_b20_q100_f512_4 - INFO - current val_accuracy: 0.5026931567328918
2020-03-26 17:36:06,560 - exp_torch_topics_d128_margin_i2000_b20_q100_f512_4 - INFO - start step #91
2020-03-26 17:36:12,198 - exp_torch_topics_d128_margin_i2000_b20_q100_f512_4 - INFO - query idx: [71612 49479 10043 65434 90993 40340 69484 14432 86454 90560 11007 14148
  5468 36465 44819 88048  1689 35758 57982 24323]
2020-03-26 17:36:14,865 - exp_torch_topics_d128_margin_i2000_b20_q100_f512_4 - INFO - finish step #91 for 8.304548978805542 sec
2020-03-26 17:36:14,865 - exp_torch_topics_d128_margin_i2000_b20_q100_f512_4 - INFO - current val_accuracy: 0.5018690213392201
2020-03-26 17:36:14,865 - exp_torch_topics_d128_margin_i2000_b20_q100_f512_4 - INFO - start step #92
2020-03-26 17:36:20,651 - exp_torch_topics_d128_margin_i2000_b20_q100_f512_4 - INFO - query idx: [87336 24870 72710 46542  1529 66374 38094  1793 29191 16991 84826 57087
 94518 41602 15171  1797 84182 95124  7280 95640]
2020-03-26 17:36:23,394 - exp_torch_topics_d128_margin_i2000_b20_q100_f512_4 - INFO - finish step #92 for 8.528956174850464 sec
2020-03-26 17:36:23,394 - exp_torch_topics_d128_margin_i2000_b20_q100_f512_4 - INFO - current val_accuracy: 0.5005150846210449
2020-03-26 17:36:23,395 - exp_torch_topics_d128_margin_i2000_b20_q100_f512_4 - INFO - start step #93
2020-03-26 17:36:29,093 - exp_torch_topics_d128_margin_i2000_b20_q100_f512_4 - INFO - query idx: [70267 41372 92736  6877 96643 10263 25658 14878 83249 65138  8337 66841
 18717 80252  2728 84790 88734 49169 85611 30160]
2020-03-26 17:36:31,796 - exp_torch_topics_d128_margin_i2000_b20_q100_f512_4 - INFO - finish step #93 for 8.401726961135864 sec
2020-03-26 17:36:31,797 - exp_torch_topics_d128_margin_i2000_b20_q100_f512_4 - INFO - current val_accuracy: 0.5023105224429728
2020-03-26 17:36:31,797 - exp_torch_topics_d128_margin_i2000_b20_q100_f512_4 - INFO - start step #94
2020-03-26 17:36:37,652 - exp_torch_topics_d128_margin_i2000_b20_q100_f512_4 - INFO - query idx: [19685 58668 41506 69215 67703 39599 83266 22693 62733 29415 15239 22093
 36318 45161 33036 25655 33915  2268 39144 88963]
2020-03-26 17:36:40,352 - exp_torch_topics_d128_margin_i2000_b20_q100_f512_4 - INFO - finish step #94 for 8.555593013763428 sec
2020-03-26 17:36:40,353 - exp_torch_topics_d128_margin_i2000_b20_q100_f512_4 - INFO - current val_accuracy: 0.5014275202354672
2020-03-26 17:36:40,353 - exp_torch_topics_d128_margin_i2000_b20_q100_f512_4 - INFO - start step #95
2020-03-26 17:36:46,017 - exp_torch_topics_d128_margin_i2000_b20_q100_f512_4 - INFO - query idx: [49745 90063 87308 65985 39972 77755 43411 63986 48303 88885 33739 95926
  6335 24995 97171 66998 10623 14938 58333 46029]
2020-03-26 17:36:50,053 - exp_torch_topics_d128_margin_i2000_b20_q100_f512_4 - INFO - finish step #95 for 9.700039863586426 sec
2020-03-26 17:36:50,054 - exp_torch_topics_d128_margin_i2000_b20_q100_f512_4 - INFO - current val_accuracy: 0.500691685062546
2020-03-26 17:36:50,054 - exp_torch_topics_d128_margin_i2000_b20_q100_f512_4 - INFO - start step #96
2020-03-26 17:37:06,754 - exp_torch_topics_d128_margin_i2000_b20_q100_f512_4 - INFO - query idx: [70757 79926 33853 72271 80429 73973 89292 33751 65954 79852 86780 59937
 11953 84957 72391 64871 36388 87249 78910 33531]
2020-03-26 17:37:11,652 - exp_torch_topics_d128_margin_i2000_b20_q100_f512_4 - INFO - finish step #96 for 21.59837293624878 sec
2020-03-26 17:37:11,653 - exp_torch_topics_d128_margin_i2000_b20_q100_f512_4 - INFO - current val_accuracy: 0.5015452538631346
2020-03-26 17:37:11,653 - exp_torch_topics_d128_margin_i2000_b20_q100_f512_4 - INFO - start step #97
2020-03-26 17:37:17,590 - exp_torch_topics_d128_margin_i2000_b20_q100_f512_4 - INFO - query idx: [ 7547 92340 53731 88796 55924 32969 61934 15767 65790 48989 75600 48044
 27815 16994 25114 25270 67508 66260 48047 16177]
2020-03-26 17:37:20,400 - exp_torch_topics_d128_margin_i2000_b20_q100_f512_4 - INFO - finish step #97 for 8.746839046478271 sec
2020-03-26 17:37:20,400 - exp_torch_topics_d128_margin_i2000_b20_q100_f512_4 - INFO - current val_accuracy: 0.500485651214128
2020-03-26 17:37:20,400 - exp_torch_topics_d128_margin_i2000_b20_q100_f512_4 - INFO - start step #98
2020-03-26 17:37:26,023 - exp_torch_topics_d128_margin_i2000_b20_q100_f512_4 - INFO - query idx: [79744 44734 13815 26597 46250 25783 13220 58243 53190  9967 36301 30710
 38648 73867 97259 18318 64302 88239 85091 18136]
2020-03-26 17:37:28,817 - exp_torch_topics_d128_margin_i2000_b20_q100_f512_4 - INFO - finish step #98 for 8.417167901992798 sec
2020-03-26 17:37:28,817 - exp_torch_topics_d128_margin_i2000_b20_q100_f512_4 - INFO - current val_accuracy: 0.504429727740986
2020-03-26 17:37:28,818 - exp_torch_topics_d128_margin_i2000_b20_q100_f512_4 - INFO - start step #99
2020-03-26 17:37:34,457 - exp_torch_topics_d128_margin_i2000_b20_q100_f512_4 - INFO - query idx: [17752  6991 50874 55525 30117  3199 46219 84286 26560 59905 74371 94989
 88242 27348 27606 59209 57169 81673 33689 92747]
2020-03-26 17:37:37,295 - exp_torch_topics_d128_margin_i2000_b20_q100_f512_4 - INFO - finish step #99 for 8.476746797561646 sec
2020-03-26 17:37:37,295 - exp_torch_topics_d128_margin_i2000_b20_q100_f512_4 - INFO - current val_accuracy: 0.5000441501103753
2020-03-26 17:37:37,295 - exp_torch_topics_d128_margin_i2000_b20_q100_f512_4 - INFO - finish experiment process for 1172.6703810691833 sec
