2020-03-29 17:50:57,784 - exp_torch_topics_d128_margin_i2000_b20_q100_up512_2 - INFO - start experiment process
2020-03-29 17:51:10,132 - exp_torch_topics_d128_margin_i2000_b20_q100_up512_2 - INFO - initial val_accuracy: 0.444532744665195
2020-03-29 17:51:10,135 - exp_torch_topics_d128_margin_i2000_b20_q100_up512_2 - INFO - start step #0
2020-03-29 17:51:39,330 - exp_torch_topics_d128_margin_i2000_b20_q100_up512_2 - INFO - query idx: [76153 60798 97391 85332 20127  6268 63999 49430 52530 82308 64664 63421
 49194 81387 55930 60253 71355  6559 14927 83566]
2020-03-29 17:51:52,540 - exp_torch_topics_d128_margin_i2000_b20_q100_up512_2 - INFO - finish step #0 for 42.40404295921326 sec
2020-03-29 17:51:52,543 - exp_torch_topics_d128_margin_i2000_b20_q100_up512_2 - INFO - current val_accuracy: 0.44485651214128036
2020-03-29 17:51:52,544 - exp_torch_topics_d128_margin_i2000_b20_q100_up512_2 - INFO - start step #1
2020-03-29 17:52:21,613 - exp_torch_topics_d128_margin_i2000_b20_q100_up512_2 - INFO - query idx: [97702 53983 29947 68069 56618  2021 27985 89935 34811 70146  5635 25587
 70639 82785 63895 74817  9817 37367 20095 23232]
2020-03-29 17:52:43,189 - exp_torch_topics_d128_margin_i2000_b20_q100_up512_2 - INFO - finish step #1 for 50.644262075424194 sec
2020-03-29 17:52:43,192 - exp_torch_topics_d128_margin_i2000_b20_q100_up512_2 - INFO - current val_accuracy: 0.44303164091243563
2020-03-29 17:52:43,194 - exp_torch_topics_d128_margin_i2000_b20_q100_up512_2 - INFO - start step #2
2020-03-29 17:53:03,023 - exp_torch_topics_d128_margin_i2000_b20_q100_up512_2 - INFO - query idx: [51096 30876  7298 86132  1054 21777 56792 16944 95346 88389 42170 23901
 40434 40977 40074 12619 47277 35076 27244 53510]
2020-03-29 17:53:09,652 - exp_torch_topics_d128_margin_i2000_b20_q100_up512_2 - INFO - finish step #2 for 26.457759857177734 sec
2020-03-29 17:53:09,652 - exp_torch_topics_d128_margin_i2000_b20_q100_up512_2 - INFO - current val_accuracy: 0.446887417218543
2020-03-29 17:53:09,653 - exp_torch_topics_d128_margin_i2000_b20_q100_up512_2 - INFO - start step #3
2020-03-29 17:53:19,528 - exp_torch_topics_d128_margin_i2000_b20_q100_up512_2 - INFO - query idx: [ 8466 51443 42890 69231 68653 12971  6730 38158 18615 63490 77415 90671
 87781 92110 97386 54403 17818  3494 66115  7461]
2020-03-29 17:53:29,601 - exp_torch_topics_d128_margin_i2000_b20_q100_up512_2 - INFO - finish step #3 for 19.9476261138916 sec
2020-03-29 17:53:29,601 - exp_torch_topics_d128_margin_i2000_b20_q100_up512_2 - INFO - current val_accuracy: 0.44556291390728475
2020-03-29 17:53:29,601 - exp_torch_topics_d128_margin_i2000_b20_q100_up512_2 - INFO - start step #4
2020-03-29 17:53:46,241 - exp_torch_topics_d128_margin_i2000_b20_q100_up512_2 - INFO - query idx: [ 5010 98490 17007 50291 30383 92900 80145 99339 26619 93301 48288 33769
 10861 15611 48726 36981 64737 14910 34788 15270]
2020-03-29 17:53:51,239 - exp_torch_topics_d128_margin_i2000_b20_q100_up512_2 - INFO - finish step #4 for 21.637473821640015 sec
2020-03-29 17:53:51,239 - exp_torch_topics_d128_margin_i2000_b20_q100_up512_2 - INFO - current val_accuracy: 0.44594554819720383
2020-03-29 17:53:51,240 - exp_torch_topics_d128_margin_i2000_b20_q100_up512_2 - INFO - start step #5
2020-03-29 17:53:58,644 - exp_torch_topics_d128_margin_i2000_b20_q100_up512_2 - INFO - query idx: [19582 69075 61970 21626 37262  6428 94033  8179 45455 32605 85878 27094
 66886 32850 78595 57375 60454 86502 26828 60732]
2020-03-29 17:54:02,695 - exp_torch_topics_d128_margin_i2000_b20_q100_up512_2 - INFO - finish step #5 for 11.455487966537476 sec
2020-03-29 17:54:02,695 - exp_torch_topics_d128_margin_i2000_b20_q100_up512_2 - INFO - current val_accuracy: 0.4488888888888889
2020-03-29 17:54:02,696 - exp_torch_topics_d128_margin_i2000_b20_q100_up512_2 - INFO - start step #6
2020-03-29 17:54:10,571 - exp_torch_topics_d128_margin_i2000_b20_q100_up512_2 - INFO - query idx: [91795 14840 83251 59823 12137 18534 14946 91569 65838 80173 38671 30584
 15732 17711 34334 22679 42947 27227 93042 26958]
2020-03-29 17:54:15,659 - exp_torch_topics_d128_margin_i2000_b20_q100_up512_2 - INFO - finish step #6 for 12.962416887283325 sec
2020-03-29 17:54:15,659 - exp_torch_topics_d128_margin_i2000_b20_q100_up512_2 - INFO - current val_accuracy: 0.45403973509933776
2020-03-29 17:54:15,659 - exp_torch_topics_d128_margin_i2000_b20_q100_up512_2 - INFO - start step #7
2020-03-29 17:54:27,629 - exp_torch_topics_d128_margin_i2000_b20_q100_up512_2 - INFO - query idx: [ 3046 88758 88386 57257 52890 88430 35103 43429 55573 94186 57677 76941
 36309 23405 34144 96926 10751 70346 16981 26158]
2020-03-29 17:54:39,290 - exp_torch_topics_d128_margin_i2000_b20_q100_up512_2 - INFO - finish step #7 for 23.63097596168518 sec
2020-03-29 17:54:39,294 - exp_torch_topics_d128_margin_i2000_b20_q100_up512_2 - INFO - current val_accuracy: 0.4540103016924209
2020-03-29 17:54:39,294 - exp_torch_topics_d128_margin_i2000_b20_q100_up512_2 - INFO - start step #8
2020-03-29 17:55:02,007 - exp_torch_topics_d128_margin_i2000_b20_q100_up512_2 - INFO - query idx: [89545 35096  2775 27430 37002 26703 18798 82869 59784 34861 17616 13567
  7922 42316 64277 49360 17897 31716 17988 19751]
2020-03-29 17:55:13,681 - exp_torch_topics_d128_margin_i2000_b20_q100_up512_2 - INFO - finish step #8 for 34.386638879776 sec
2020-03-29 17:55:13,684 - exp_torch_topics_d128_margin_i2000_b20_q100_up512_2 - INFO - current val_accuracy: 0.45280353200883
2020-03-29 17:55:13,684 - exp_torch_topics_d128_margin_i2000_b20_q100_up512_2 - INFO - start step #9
2020-03-29 17:55:37,246 - exp_torch_topics_d128_margin_i2000_b20_q100_up512_2 - INFO - query idx: [91547 37737 68443 67368 67490 32508 85221 57039 50106 57518 70405 94049
 10765 88116  4715 36240  9555 17258 22944  3370]
2020-03-29 17:55:52,010 - exp_torch_topics_d128_margin_i2000_b20_q100_up512_2 - INFO - finish step #9 for 38.326265811920166 sec
2020-03-29 17:55:52,013 - exp_torch_topics_d128_margin_i2000_b20_q100_up512_2 - INFO - current val_accuracy: 0.4541280353200883
2020-03-29 17:55:52,014 - exp_torch_topics_d128_margin_i2000_b20_q100_up512_2 - INFO - start step #10
2020-03-29 17:56:18,148 - exp_torch_topics_d128_margin_i2000_b20_q100_up512_2 - INFO - query idx: [ 4012 84414 39148 46544 23421 70332 86369 29346 42014  3558 15058 87303
 30162 15242  3092  9966 11101 51107 19600 98264]
2020-03-29 17:56:30,557 - exp_torch_topics_d128_margin_i2000_b20_q100_up512_2 - INFO - finish step #10 for 38.543087005615234 sec
2020-03-29 17:56:30,557 - exp_torch_topics_d128_margin_i2000_b20_q100_up512_2 - INFO - current val_accuracy: 0.45212656364974246
2020-03-29 17:56:30,557 - exp_torch_topics_d128_margin_i2000_b20_q100_up512_2 - INFO - start step #11
2020-03-29 17:56:47,934 - exp_torch_topics_d128_margin_i2000_b20_q100_up512_2 - INFO - query idx: [22610 54336 13867 77655 67018 63679 11597 85325 28214  8009 65573 76108
 70400 16376 67860 35573 19495 70882 81579 53726]
2020-03-29 17:57:02,643 - exp_torch_topics_d128_margin_i2000_b20_q100_up512_2 - INFO - finish step #11 for 32.08519721031189 sec
2020-03-29 17:57:02,645 - exp_torch_topics_d128_margin_i2000_b20_q100_up512_2 - INFO - current val_accuracy: 0.454186902133922
2020-03-29 17:57:02,646 - exp_torch_topics_d128_margin_i2000_b20_q100_up512_2 - INFO - start step #12
2020-03-29 17:57:27,487 - exp_torch_topics_d128_margin_i2000_b20_q100_up512_2 - INFO - query idx: [28230 90166 75239 21489 23673 92675 29313 81455 87492 71358 71620 36123
 61905 92131 99333 70453 46531 55264 78626 23955]
2020-03-29 17:57:38,245 - exp_torch_topics_d128_margin_i2000_b20_q100_up512_2 - INFO - finish step #12 for 35.598459005355835 sec
2020-03-29 17:57:38,247 - exp_torch_topics_d128_margin_i2000_b20_q100_up512_2 - INFO - current val_accuracy: 0.45274466519499634
2020-03-29 17:57:38,247 - exp_torch_topics_d128_margin_i2000_b20_q100_up512_2 - INFO - start step #13
2020-03-29 17:57:45,595 - exp_torch_topics_d128_margin_i2000_b20_q100_up512_2 - INFO - query idx: [89869 38732 20176 97967 34117 82878 58208 88433 72685 75428 67390  6928
 40070 81158 12742  9840 86572 42342 38089 22701]
2020-03-29 17:57:48,506 - exp_torch_topics_d128_margin_i2000_b20_q100_up512_2 - INFO - finish step #13 for 10.258814096450806 sec
2020-03-29 17:57:48,507 - exp_torch_topics_d128_margin_i2000_b20_q100_up512_2 - INFO - current val_accuracy: 0.4546578366445916
2020-03-29 17:57:48,507 - exp_torch_topics_d128_margin_i2000_b20_q100_up512_2 - INFO - start step #14
2020-03-29 17:57:54,880 - exp_torch_topics_d128_margin_i2000_b20_q100_up512_2 - INFO - query idx: [ 5041 56747  9169 41515 58821 96739 51573  4013 67812 75499 14660 17926
 30251 10610 78267 63563 55257 94425 22887 68837]
2020-03-29 17:57:57,869 - exp_torch_topics_d128_margin_i2000_b20_q100_up512_2 - INFO - finish step #14 for 9.362212896347046 sec
2020-03-29 17:57:57,870 - exp_torch_topics_d128_margin_i2000_b20_q100_up512_2 - INFO - current val_accuracy: 0.4606033848417954
2020-03-29 17:57:57,871 - exp_torch_topics_d128_margin_i2000_b20_q100_up512_2 - INFO - start step #15
2020-03-29 17:58:04,173 - exp_torch_topics_d128_margin_i2000_b20_q100_up512_2 - INFO - query idx: [21651 94174 13746 80597 93007 95983 51101 88187 55262 59797 62271 73363
  2063 16898 44935 75099 42142 20758 26539 27332]
2020-03-29 17:58:07,150 - exp_torch_topics_d128_margin_i2000_b20_q100_up512_2 - INFO - finish step #15 for 9.278882026672363 sec
2020-03-29 17:58:07,150 - exp_torch_topics_d128_margin_i2000_b20_q100_up512_2 - INFO - current val_accuracy: 0.4600735835172921
2020-03-29 17:58:07,150 - exp_torch_topics_d128_margin_i2000_b20_q100_up512_2 - INFO - start step #16
2020-03-29 17:58:13,598 - exp_torch_topics_d128_margin_i2000_b20_q100_up512_2 - INFO - query idx: [30116 96560 74134 44635 99066 81890 19629 70508 32279 13944 59725 43959
 60328 62440 42377 13258 72734 13880 63121  3168]
2020-03-29 17:58:20,492 - exp_torch_topics_d128_margin_i2000_b20_q100_up512_2 - INFO - finish step #16 for 13.342290878295898 sec
2020-03-29 17:58:20,493 - exp_torch_topics_d128_margin_i2000_b20_q100_up512_2 - INFO - current val_accuracy: 0.4619278881530537
2020-03-29 17:58:20,493 - exp_torch_topics_d128_margin_i2000_b20_q100_up512_2 - INFO - start step #17
2020-03-29 17:58:46,184 - exp_torch_topics_d128_margin_i2000_b20_q100_up512_2 - INFO - query idx: [74269 84791 85502  7119 45283 43969 46036 76273 62476 75107 85259 93830
 77168 19164 20903 86414 88703 68426 80476 25094]
2020-03-29 17:58:58,782 - exp_torch_topics_d128_margin_i2000_b20_q100_up512_2 - INFO - finish step #17 for 38.28866791725159 sec
2020-03-29 17:58:58,785 - exp_torch_topics_d128_margin_i2000_b20_q100_up512_2 - INFO - current val_accuracy: 0.45927888153053714
2020-03-29 17:58:58,787 - exp_torch_topics_d128_margin_i2000_b20_q100_up512_2 - INFO - start step #18
2020-03-29 17:59:18,399 - exp_torch_topics_d128_margin_i2000_b20_q100_up512_2 - INFO - query idx: [51150 20955 17388 29120 81754 33230 80014 51724  7789 90157 98447 85087
 43947 52895 92730 84009 30087 98197  3566 88425]
2020-03-29 17:59:26,647 - exp_torch_topics_d128_margin_i2000_b20_q100_up512_2 - INFO - finish step #18 for 27.860054969787598 sec
2020-03-29 17:59:26,662 - exp_torch_topics_d128_margin_i2000_b20_q100_up512_2 - INFO - current val_accuracy: 0.4631935246504783
2020-03-29 17:59:26,662 - exp_torch_topics_d128_margin_i2000_b20_q100_up512_2 - INFO - start step #19
2020-03-29 17:59:35,811 - exp_torch_topics_d128_margin_i2000_b20_q100_up512_2 - INFO - query idx: [80606 88334 32500 91046 15443 78561 59599 50931  8775 69651 69619 82787
 15027 82229 50501 58476 79739 73370 81804 60848]
2020-03-29 17:59:44,166 - exp_torch_topics_d128_margin_i2000_b20_q100_up512_2 - INFO - finish step #19 for 17.50320529937744 sec
2020-03-29 17:59:44,168 - exp_torch_topics_d128_margin_i2000_b20_q100_up512_2 - INFO - current val_accuracy: 0.4649006622516556
2020-03-29 17:59:44,169 - exp_torch_topics_d128_margin_i2000_b20_q100_up512_2 - INFO - start step #20
2020-03-29 17:59:52,975 - exp_torch_topics_d128_margin_i2000_b20_q100_up512_2 - INFO - query idx: [69580 72457 21406 30101  8099 63105 27607 92437 40640 73375 60747  5459
 89037 10814 95353 25907 22345 95631 42304 18814]
2020-03-29 17:59:56,026 - exp_torch_topics_d128_margin_i2000_b20_q100_up512_2 - INFO - finish step #20 for 11.857544183731079 sec
2020-03-29 17:59:56,027 - exp_torch_topics_d128_margin_i2000_b20_q100_up512_2 - INFO - current val_accuracy: 0.46890360559234734
2020-03-29 17:59:56,027 - exp_torch_topics_d128_margin_i2000_b20_q100_up512_2 - INFO - start step #21
2020-03-29 18:00:16,177 - exp_torch_topics_d128_margin_i2000_b20_q100_up512_2 - INFO - query idx: [58331  3430 61101 27670 74255 57998 97663 82407 29163 82601 24329 46945
 85500 54601  1320 56458 77742 84206 12381 62293]
2020-03-29 18:00:25,957 - exp_torch_topics_d128_margin_i2000_b20_q100_up512_2 - INFO - finish step #21 for 29.92939805984497 sec
2020-03-29 18:00:25,957 - exp_torch_topics_d128_margin_i2000_b20_q100_up512_2 - INFO - current val_accuracy: 0.4673436350257542
2020-03-29 18:00:25,965 - exp_torch_topics_d128_margin_i2000_b20_q100_up512_2 - INFO - start step #22
2020-03-29 18:00:37,588 - exp_torch_topics_d128_margin_i2000_b20_q100_up512_2 - INFO - query idx: [35772 25115 64430 21393 26083 87938 44581 48803 23932 58654 44558 47301
 98601 68635 92406 30345 40486 41106 88364 92586]
2020-03-29 18:00:44,697 - exp_torch_topics_d128_margin_i2000_b20_q100_up512_2 - INFO - finish step #22 for 18.732149124145508 sec
2020-03-29 18:00:44,698 - exp_torch_topics_d128_margin_i2000_b20_q100_up512_2 - INFO - current val_accuracy: 0.4661074319352465
2020-03-29 18:00:44,698 - exp_torch_topics_d128_margin_i2000_b20_q100_up512_2 - INFO - start step #23
2020-03-29 18:01:11,420 - exp_torch_topics_d128_margin_i2000_b20_q100_up512_2 - INFO - query idx: [78818   294 19092 21491 51731 87502 83973 38647 65575 98058 15720 51949
 52074 46859 75808 11448 88396  5175 77467  2098]
2020-03-29 18:01:24,075 - exp_torch_topics_d128_margin_i2000_b20_q100_up512_2 - INFO - finish step #23 for 39.37633395195007 sec
2020-03-29 18:01:24,126 - exp_torch_topics_d128_margin_i2000_b20_q100_up512_2 - INFO - current val_accuracy: 0.4647240618101545
2020-03-29 18:01:24,168 - exp_torch_topics_d128_margin_i2000_b20_q100_up512_2 - INFO - start step #24
2020-03-29 18:01:49,015 - exp_torch_topics_d128_margin_i2000_b20_q100_up512_2 - INFO - query idx: [44069 39988 95675   967 14316 61835 89097 90942 73871 61402 60870 53765
 37127 91064 75495 60230 44741 13722 45048 79739]
2020-03-29 18:02:00,714 - exp_torch_topics_d128_margin_i2000_b20_q100_up512_2 - INFO - finish step #24 for 36.54526090621948 sec
2020-03-29 18:02:00,714 - exp_torch_topics_d128_margin_i2000_b20_q100_up512_2 - INFO - current val_accuracy: 0.463252391464312
2020-03-29 18:02:00,715 - exp_torch_topics_d128_margin_i2000_b20_q100_up512_2 - INFO - start step #25
2020-03-29 18:02:12,938 - exp_torch_topics_d128_margin_i2000_b20_q100_up512_2 - INFO - query idx: [73446 97981 69452 70977 29862 25813 45308 95497 29951 84662 71836 59317
 30686 54959 72954 83193 96392 97212 76168 34178]
2020-03-29 18:02:22,969 - exp_torch_topics_d128_margin_i2000_b20_q100_up512_2 - INFO - finish step #25 for 22.25406002998352 sec
2020-03-29 18:02:22,970 - exp_torch_topics_d128_margin_i2000_b20_q100_up512_2 - INFO - current val_accuracy: 0.45916114790286977
2020-03-29 18:02:22,970 - exp_torch_topics_d128_margin_i2000_b20_q100_up512_2 - INFO - start step #26
2020-03-29 18:02:41,721 - exp_torch_topics_d128_margin_i2000_b20_q100_up512_2 - INFO - query idx: [91835 11937 66096 82160 79204 34086 96432 84360 49539 24713 56314 39987
 24478 64566 83757 95486 57788 47336 67540 55736]
2020-03-29 18:02:48,184 - exp_torch_topics_d128_margin_i2000_b20_q100_up512_2 - INFO - finish step #26 for 25.21365785598755 sec
2020-03-29 18:02:48,184 - exp_torch_topics_d128_margin_i2000_b20_q100_up512_2 - INFO - current val_accuracy: 0.4681972038263429
2020-03-29 18:02:48,184 - exp_torch_topics_d128_margin_i2000_b20_q100_up512_2 - INFO - start step #27
2020-03-29 18:03:02,490 - exp_torch_topics_d128_margin_i2000_b20_q100_up512_2 - INFO - query idx: [72442 71655 56878 39841 39906 43803 23748 20653  9928 97947  1821 14054
 85500 79982 23658 32727 55261 29495 29351 47993]
2020-03-29 18:03:15,489 - exp_torch_topics_d128_margin_i2000_b20_q100_up512_2 - INFO - finish step #27 for 27.305131912231445 sec
2020-03-29 18:03:15,490 - exp_torch_topics_d128_margin_i2000_b20_q100_up512_2 - INFO - current val_accuracy: 0.4677262693156733
2020-03-29 18:03:15,490 - exp_torch_topics_d128_margin_i2000_b20_q100_up512_2 - INFO - start step #28
2020-03-29 18:03:33,945 - exp_torch_topics_d128_margin_i2000_b20_q100_up512_2 - INFO - query idx: [ 5823 18291 18719 68091 83861 88228 88794 81460 55513 10410 55589 55622
 11111  1289 25907 78633 12069 78019  3200 92078]
2020-03-29 18:03:41,530 - exp_torch_topics_d128_margin_i2000_b20_q100_up512_2 - INFO - finish step #28 for 26.039833784103394 sec
2020-03-29 18:03:41,531 - exp_torch_topics_d128_margin_i2000_b20_q100_up512_2 - INFO - current val_accuracy: 0.46816777041942603
2020-03-29 18:03:41,531 - exp_torch_topics_d128_margin_i2000_b20_q100_up512_2 - INFO - start step #29
2020-03-29 18:04:09,311 - exp_torch_topics_d128_margin_i2000_b20_q100_up512_2 - INFO - query idx: [15444 84425 73621 22177 55506 90402 33720 44882 40737 15100  1167 87129
 89634 38528 77790 74717 52654 18019 55162  9243]
2020-03-29 18:04:22,141 - exp_torch_topics_d128_margin_i2000_b20_q100_up512_2 - INFO - finish step #29 for 40.610230922698975 sec
2020-03-29 18:04:22,142 - exp_torch_topics_d128_margin_i2000_b20_q100_up512_2 - INFO - current val_accuracy: 0.46852097130242826
2020-03-29 18:04:22,142 - exp_torch_topics_d128_margin_i2000_b20_q100_up512_2 - INFO - start step #30
2020-03-29 18:04:40,793 - exp_torch_topics_d128_margin_i2000_b20_q100_up512_2 - INFO - query idx: [62083 86406 55007 27367 24272 10146  1585 57518 45524 72105 58705 19743
 42723 88135 57826 85976 28868 16622  5769 10490]
2020-03-29 18:04:45,128 - exp_torch_topics_d128_margin_i2000_b20_q100_up512_2 - INFO - finish step #30 for 22.986073970794678 sec
2020-03-29 18:04:45,128 - exp_torch_topics_d128_margin_i2000_b20_q100_up512_2 - INFO - current val_accuracy: 0.46816777041942603
2020-03-29 18:04:45,129 - exp_torch_topics_d128_margin_i2000_b20_q100_up512_2 - INFO - start step #31
2020-03-29 18:04:53,114 - exp_torch_topics_d128_margin_i2000_b20_q100_up512_2 - INFO - query idx: [96189 43253 66350 54343 24092 87920 34037 44812 61157 85204 56848 27258
  9157 94386 30054 30079 42573 44221 46615 47244]
2020-03-29 18:04:56,373 - exp_torch_topics_d128_margin_i2000_b20_q100_up512_2 - INFO - finish step #31 for 11.243729829788208 sec
2020-03-29 18:04:56,373 - exp_torch_topics_d128_margin_i2000_b20_q100_up512_2 - INFO - current val_accuracy: 0.4705813097866078
2020-03-29 18:04:56,373 - exp_torch_topics_d128_margin_i2000_b20_q100_up512_2 - INFO - start step #32
2020-03-29 18:05:07,299 - exp_torch_topics_d128_margin_i2000_b20_q100_up512_2 - INFO - query idx: [35693 48025   575 37477 53899  1910 13774 80724 42459 95434 66569 80798
 74636 62070 73143 20895 93726 50772 47749 30684]
2020-03-29 18:05:11,978 - exp_torch_topics_d128_margin_i2000_b20_q100_up512_2 - INFO - finish step #32 for 15.605119228363037 sec
2020-03-29 18:05:11,978 - exp_torch_topics_d128_margin_i2000_b20_q100_up512_2 - INFO - current val_accuracy: 0.46966887417218545
2020-03-29 18:05:11,978 - exp_torch_topics_d128_margin_i2000_b20_q100_up512_2 - INFO - start step #33
2020-03-29 18:05:19,345 - exp_torch_topics_d128_margin_i2000_b20_q100_up512_2 - INFO - query idx: [66915 53867 48404 96019 55470 26108 31213 35406 30792 26576 17520   296
 26656 57945 42092  3172  8510 11378 32613 43261]
2020-03-29 18:05:23,890 - exp_torch_topics_d128_margin_i2000_b20_q100_up512_2 - INFO - finish step #33 for 11.91157579421997 sec
2020-03-29 18:05:23,890 - exp_torch_topics_d128_margin_i2000_b20_q100_up512_2 - INFO - current val_accuracy: 0.46752023546725535
2020-03-29 18:05:23,890 - exp_torch_topics_d128_margin_i2000_b20_q100_up512_2 - INFO - start step #34
2020-03-29 18:05:34,515 - exp_torch_topics_d128_margin_i2000_b20_q100_up512_2 - INFO - query idx: [92857 90267 39348 36258 10691 81277 40177 49697 24532 77760 49412 49284
  9640 33042  9750 27863 57195 82108 21512 48783]
2020-03-29 18:05:38,452 - exp_torch_topics_d128_margin_i2000_b20_q100_up512_2 - INFO - finish step #34 for 14.561217069625854 sec
2020-03-29 18:05:38,452 - exp_torch_topics_d128_margin_i2000_b20_q100_up512_2 - INFO - current val_accuracy: 0.46846210448859454
2020-03-29 18:05:38,452 - exp_torch_topics_d128_margin_i2000_b20_q100_up512_2 - INFO - start step #35
2020-03-29 18:05:51,824 - exp_torch_topics_d128_margin_i2000_b20_q100_up512_2 - INFO - query idx: [62053 42410 13717 86375 51652 32259 12970 88698 98687 84731 58714 24993
 10050 89560 77088 15317 75807 27909 26879 44315]
2020-03-29 18:05:59,343 - exp_torch_topics_d128_margin_i2000_b20_q100_up512_2 - INFO - finish step #35 for 20.890532970428467 sec
2020-03-29 18:05:59,343 - exp_torch_topics_d128_margin_i2000_b20_q100_up512_2 - INFO - current val_accuracy: 0.4747608535688006
2020-03-29 18:05:59,343 - exp_torch_topics_d128_margin_i2000_b20_q100_up512_2 - INFO - start step #36
2020-03-29 18:06:15,564 - exp_torch_topics_d128_margin_i2000_b20_q100_up512_2 - INFO - query idx: [37870 78605 82504 88285 84687 42276 61229 33124 80566 32290 67172 83930
 95424 78026 96278 91494 34391 51748 46830  8002]
2020-03-29 18:06:18,671 - exp_torch_topics_d128_margin_i2000_b20_q100_up512_2 - INFO - finish step #36 for 19.327945947647095 sec
2020-03-29 18:06:18,672 - exp_torch_topics_d128_margin_i2000_b20_q100_up512_2 - INFO - current val_accuracy: 0.47220014716703457
2020-03-29 18:06:18,673 - exp_torch_topics_d128_margin_i2000_b20_q100_up512_2 - INFO - start step #37
2020-03-29 18:06:25,380 - exp_torch_topics_d128_margin_i2000_b20_q100_up512_2 - INFO - query idx: [ 6827 65036 82728 91475 17789 81427 18638 38163 83061 51592 22965 29753
 62864 17861 65085 28586 65097 81080 80249 94656]
2020-03-29 18:06:29,110 - exp_torch_topics_d128_margin_i2000_b20_q100_up512_2 - INFO - finish step #37 for 10.436741828918457 sec
2020-03-29 18:06:29,110 - exp_torch_topics_d128_margin_i2000_b20_q100_up512_2 - INFO - current val_accuracy: 0.4719352465047829
2020-03-29 18:06:29,110 - exp_torch_topics_d128_margin_i2000_b20_q100_up512_2 - INFO - start step #38
2020-03-29 18:06:38,309 - exp_torch_topics_d128_margin_i2000_b20_q100_up512_2 - INFO - query idx: [18255 32497 35265 72598 21093 91520 58044 39609 91455 32123 74038 40223
 63623 24695 23756 31235 96025 90064 10604 24761]
2020-03-29 18:06:42,619 - exp_torch_topics_d128_margin_i2000_b20_q100_up512_2 - INFO - finish step #38 for 13.508944988250732 sec
2020-03-29 18:06:42,619 - exp_torch_topics_d128_margin_i2000_b20_q100_up512_2 - INFO - current val_accuracy: 0.4712288447387785
2020-03-29 18:06:42,619 - exp_torch_topics_d128_margin_i2000_b20_q100_up512_2 - INFO - start step #39
2020-03-29 18:06:50,954 - exp_torch_topics_d128_margin_i2000_b20_q100_up512_2 - INFO - query idx: [77617  2624 71480 28746 95590 68324 37557 89551  2374 98170 95414 14370
 10679 57754 52163 94697 69220 84978 41147 52987]
2020-03-29 18:06:56,397 - exp_torch_topics_d128_margin_i2000_b20_q100_up512_2 - INFO - finish step #39 for 13.777629852294922 sec
2020-03-29 18:06:56,397 - exp_torch_topics_d128_margin_i2000_b20_q100_up512_2 - INFO - current val_accuracy: 0.4729359823399559
2020-03-29 18:06:56,398 - exp_torch_topics_d128_margin_i2000_b20_q100_up512_2 - INFO - start step #40
2020-03-29 18:07:06,536 - exp_torch_topics_d128_margin_i2000_b20_q100_up512_2 - INFO - query idx: [24391 10713 59263 73455 28405 46169 53928  4908 96547 77343 94170 60238
  3488 52392 71584 99174 90783 18952 68066 94241]
2020-03-29 18:07:11,913 - exp_torch_topics_d128_margin_i2000_b20_q100_up512_2 - INFO - finish step #40 for 15.515367031097412 sec
2020-03-29 18:07:11,913 - exp_torch_topics_d128_margin_i2000_b20_q100_up512_2 - INFO - current val_accuracy: 0.4789109639440765
2020-03-29 18:07:11,914 - exp_torch_topics_d128_margin_i2000_b20_q100_up512_2 - INFO - start step #41
2020-03-29 18:07:24,505 - exp_torch_topics_d128_margin_i2000_b20_q100_up512_2 - INFO - query idx: [92495 31205 39493 25686 61185 57993 77683 92571 48403 11693  4011 27650
 12333  4329  3653 80870 68382 72781 13201 58033]
2020-03-29 18:07:28,372 - exp_torch_topics_d128_margin_i2000_b20_q100_up512_2 - INFO - finish step #41 for 16.458508014678955 sec
2020-03-29 18:07:28,373 - exp_torch_topics_d128_margin_i2000_b20_q100_up512_2 - INFO - current val_accuracy: 0.48153053715967625
2020-03-29 18:07:28,373 - exp_torch_topics_d128_margin_i2000_b20_q100_up512_2 - INFO - start step #42
2020-03-29 18:07:50,910 - exp_torch_topics_d128_margin_i2000_b20_q100_up512_2 - INFO - query idx: [91359 87332 32007 56232   283 83888 41703 93150 69266 11826 56793 25834
 94514  9924 70518 24165  2766 78804 54819 70521]
2020-03-29 18:08:02,749 - exp_torch_topics_d128_margin_i2000_b20_q100_up512_2 - INFO - finish step #42 for 34.37540602684021 sec
2020-03-29 18:08:02,750 - exp_torch_topics_d128_margin_i2000_b20_q100_up512_2 - INFO - current val_accuracy: 0.4785871964679912
2020-03-29 18:08:02,751 - exp_torch_topics_d128_margin_i2000_b20_q100_up512_2 - INFO - start step #43
2020-03-29 18:08:53,791 - exp_torch_topics_d128_margin_i2000_b20_q100_up512_2 - INFO - query idx: [22431 16255 46894 69419 86094 72118 75888 54984 26370 33289  1992 74170
 13192 81963 51320 59030 97804 76642 86990 89291]
2020-03-29 18:09:14,268 - exp_torch_topics_d128_margin_i2000_b20_q100_up512_2 - INFO - finish step #43 for 71.51708602905273 sec
2020-03-29 18:09:14,269 - exp_torch_topics_d128_margin_i2000_b20_q100_up512_2 - INFO - current val_accuracy: 0.4780868285504047
2020-03-29 18:09:14,272 - exp_torch_topics_d128_margin_i2000_b20_q100_up512_2 - INFO - start step #44
2020-03-29 18:09:25,675 - exp_torch_topics_d128_margin_i2000_b20_q100_up512_2 - INFO - query idx: [55876 43363 83924 30205 86367 12632 20786 17857 77905 37081 94075 60378
 98717 69663  2145 65123 92780 50379  7003 57994]
2020-03-29 18:09:29,035 - exp_torch_topics_d128_margin_i2000_b20_q100_up512_2 - INFO - finish step #44 for 14.762722969055176 sec
2020-03-29 18:09:29,035 - exp_torch_topics_d128_margin_i2000_b20_q100_up512_2 - INFO - current val_accuracy: 0.47879323031640914
2020-03-29 18:09:29,037 - exp_torch_topics_d128_margin_i2000_b20_q100_up512_2 - INFO - start step #45
2020-03-29 18:09:42,152 - exp_torch_topics_d128_margin_i2000_b20_q100_up512_2 - INFO - query idx: [28857 64995 79175 95497 72996 50651 37577 94822 28571 91810  7496 52595
 13360 58872 14962  2980 54351 15074 63806 18834]
2020-03-29 18:09:58,373 - exp_torch_topics_d128_margin_i2000_b20_q100_up512_2 - INFO - finish step #45 for 29.335880994796753 sec
2020-03-29 18:09:58,374 - exp_torch_topics_d128_margin_i2000_b20_q100_up512_2 - INFO - current val_accuracy: 0.47855776306107434
2020-03-29 18:09:58,375 - exp_torch_topics_d128_margin_i2000_b20_q100_up512_2 - INFO - start step #46
2020-03-29 18:10:43,120 - exp_torch_topics_d128_margin_i2000_b20_q100_up512_2 - INFO - query idx: [11980  1293 94373 94860 11609 10086 52081  4374 44208  2847 68286  7136
 45058 62090 85793   439 57531 53708 44774 38360]
2020-03-29 18:10:56,694 - exp_torch_topics_d128_margin_i2000_b20_q100_up512_2 - INFO - finish step #46 for 58.31830596923828 sec
2020-03-29 18:10:56,697 - exp_torch_topics_d128_margin_i2000_b20_q100_up512_2 - INFO - current val_accuracy: 0.4757027225901398
2020-03-29 18:10:56,698 - exp_torch_topics_d128_margin_i2000_b20_q100_up512_2 - INFO - start step #47
2020-03-29 18:11:17,957 - exp_torch_topics_d128_margin_i2000_b20_q100_up512_2 - INFO - query idx: [ 5296 27659 92190 36578 23491 57988 93562 16367 95424 49349 32973 21680
 76642 41883 67056 22637 41365 61277 98304 89940]
2020-03-29 18:11:26,479 - exp_torch_topics_d128_margin_i2000_b20_q100_up512_2 - INFO - finish step #47 for 29.781677961349487 sec
2020-03-29 18:11:26,480 - exp_torch_topics_d128_margin_i2000_b20_q100_up512_2 - INFO - current val_accuracy: 0.4807652685798381
2020-03-29 18:11:26,480 - exp_torch_topics_d128_margin_i2000_b20_q100_up512_2 - INFO - start step #48
2020-03-29 18:11:43,912 - exp_torch_topics_d128_margin_i2000_b20_q100_up512_2 - INFO - query idx: [54622 21099 74505 67821 42549  2113 58558  7433 36365 62292 92557 21347
  1725 17704  3487 30526 15620 30318 43478 28879]
2020-03-29 18:11:52,374 - exp_torch_topics_d128_margin_i2000_b20_q100_up512_2 - INFO - finish step #48 for 25.894192934036255 sec
2020-03-29 18:11:52,377 - exp_torch_topics_d128_margin_i2000_b20_q100_up512_2 - INFO - current val_accuracy: 0.4772921265636497
2020-03-29 18:11:52,377 - exp_torch_topics_d128_margin_i2000_b20_q100_up512_2 - INFO - start step #49
2020-03-29 18:12:12,881 - exp_torch_topics_d128_margin_i2000_b20_q100_up512_2 - INFO - query idx: [77287 48766 29943 25410 16018 26850 66682 79659 93301 30332 44877 16129
 92098 84752 18611 94565 41750 80771 17694 98419]
2020-03-29 18:12:26,662 - exp_torch_topics_d128_margin_i2000_b20_q100_up512_2 - INFO - finish step #49 for 34.285013914108276 sec
2020-03-29 18:12:26,666 - exp_torch_topics_d128_margin_i2000_b20_q100_up512_2 - INFO - current val_accuracy: 0.47938189845474616
2020-03-29 18:12:26,666 - exp_torch_topics_d128_margin_i2000_b20_q100_up512_2 - INFO - start step #50
2020-03-29 18:12:46,499 - exp_torch_topics_d128_margin_i2000_b20_q100_up512_2 - INFO - query idx: [66031 72556 13122 31960 95406 31763 62132 98724  2230 95778  4550 35606
 69346 14355 75926 97568 43534 51570 54865 88619]
2020-03-29 18:12:54,890 - exp_torch_topics_d128_margin_i2000_b20_q100_up512_2 - INFO - finish step #50 for 28.22377920150757 sec
2020-03-29 18:12:54,890 - exp_torch_topics_d128_margin_i2000_b20_q100_up512_2 - INFO - current val_accuracy: 0.47985283296541575
2020-03-29 18:12:54,891 - exp_torch_topics_d128_margin_i2000_b20_q100_up512_2 - INFO - start step #51
2020-03-29 18:13:02,667 - exp_torch_topics_d128_margin_i2000_b20_q100_up512_2 - INFO - query idx: [33621 88333 82436  3649 35312 71601 55634 63429  7877 10131 58316  2688
 10829 60172 40720  7060 14624 42123 12307 66710]
2020-03-29 18:13:19,532 - exp_torch_topics_d128_margin_i2000_b20_q100_up512_2 - INFO - finish step #51 for 24.64020824432373 sec
2020-03-29 18:13:19,533 - exp_torch_topics_d128_margin_i2000_b20_q100_up512_2 - INFO - current val_accuracy: 0.47917586460632816
2020-03-29 18:13:19,533 - exp_torch_topics_d128_margin_i2000_b20_q100_up512_2 - INFO - start step #52
2020-03-29 18:13:45,533 - exp_torch_topics_d128_margin_i2000_b20_q100_up512_2 - INFO - query idx: [10183 10783 30558 15238 88619 98334 49008 92510 57414 23477 62540  3960
 47613 86665 42829 61327 58802 83678  9747 49691]
2020-03-29 18:13:59,784 - exp_torch_topics_d128_margin_i2000_b20_q100_up512_2 - INFO - finish step #52 for 40.2506308555603 sec
2020-03-29 18:13:59,788 - exp_torch_topics_d128_margin_i2000_b20_q100_up512_2 - INFO - current val_accuracy: 0.4793524650478293
2020-03-29 18:13:59,794 - exp_torch_topics_d128_margin_i2000_b20_q100_up512_2 - INFO - start step #53
2020-03-29 18:14:16,672 - exp_torch_topics_d128_margin_i2000_b20_q100_up512_2 - INFO - query idx: [93259  7214 22550 82114 11987 31755 96717  7452  8789 10368 65078 44511
 93843  7046 22947 51404 95672 40177 61799 69103]
2020-03-29 18:14:24,151 - exp_torch_topics_d128_margin_i2000_b20_q100_up512_2 - INFO - finish step #53 for 24.357311248779297 sec
2020-03-29 18:14:24,246 - exp_torch_topics_d128_margin_i2000_b20_q100_up512_2 - INFO - current val_accuracy: 0.480206033848418
2020-03-29 18:14:24,247 - exp_torch_topics_d128_margin_i2000_b20_q100_up512_2 - INFO - start step #54
2020-03-29 18:14:32,771 - exp_torch_topics_d128_margin_i2000_b20_q100_up512_2 - INFO - query idx: [66273 53342 45848 26045 81508 48023 59807 13199 11361 30802 15256 53370
 63194 66991 84627 33789 75885 51753 92661  8907]
2020-03-29 18:14:41,123 - exp_torch_topics_d128_margin_i2000_b20_q100_up512_2 - INFO - finish step #54 for 16.87665891647339 sec
2020-03-29 18:14:41,124 - exp_torch_topics_d128_margin_i2000_b20_q100_up512_2 - INFO - current val_accuracy: 0.4806475349521707
2020-03-29 18:14:41,124 - exp_torch_topics_d128_margin_i2000_b20_q100_up512_2 - INFO - start step #55
2020-03-29 18:14:53,464 - exp_torch_topics_d128_margin_i2000_b20_q100_up512_2 - INFO - query idx: [76566 63415 59789  2384 54012 83068 84334 53620 45957 44133 71539 59064
 77727 37458 40846 14250 47914 52179 69513 68299]
2020-03-29 18:14:57,694 - exp_torch_topics_d128_margin_i2000_b20_q100_up512_2 - INFO - finish step #55 for 16.56929302215576 sec
2020-03-29 18:14:57,694 - exp_torch_topics_d128_margin_i2000_b20_q100_up512_2 - INFO - current val_accuracy: 0.48170713760117734
2020-03-29 18:14:57,694 - exp_torch_topics_d128_margin_i2000_b20_q100_up512_2 - INFO - start step #56
2020-03-29 18:15:13,963 - exp_torch_topics_d128_margin_i2000_b20_q100_up512_2 - INFO - query idx: [35630 46984 23355 32864 90434 51542 61345  2583 93976 17586 35686 69596
   254 22774 49676 49007 67139 40374 89078 78061]
2020-03-29 18:15:29,951 - exp_torch_topics_d128_margin_i2000_b20_q100_up512_2 - INFO - finish step #56 for 32.25609874725342 sec
2020-03-29 18:15:29,952 - exp_torch_topics_d128_margin_i2000_b20_q100_up512_2 - INFO - current val_accuracy: 0.4789698307579102
2020-03-29 18:15:29,953 - exp_torch_topics_d128_margin_i2000_b20_q100_up512_2 - INFO - start step #57
2020-03-29 18:15:55,858 - exp_torch_topics_d128_margin_i2000_b20_q100_up512_2 - INFO - query idx: [22036 78081 68548 11825 94765 68204 90158 51046 16655 31060 18747 25522
 63731 65608 14218 11030 52151 77052 32313 91978]
2020-03-29 18:16:10,484 - exp_torch_topics_d128_margin_i2000_b20_q100_up512_2 - INFO - finish step #57 for 40.530757188797 sec
2020-03-29 18:16:10,486 - exp_torch_topics_d128_margin_i2000_b20_q100_up512_2 - INFO - current val_accuracy: 0.4829139072847682
2020-03-29 18:16:10,487 - exp_torch_topics_d128_margin_i2000_b20_q100_up512_2 - INFO - start step #58
2020-03-29 18:16:31,237 - exp_torch_topics_d128_margin_i2000_b20_q100_up512_2 - INFO - query idx: [65945 11527 75628 45409 94952 76970 73906 60817 21297 57104 34920 39428
 57199 36160 43531 51389 35124 93284 83544 70564]
2020-03-29 18:16:40,933 - exp_torch_topics_d128_margin_i2000_b20_q100_up512_2 - INFO - finish step #58 for 30.44556999206543 sec
2020-03-29 18:16:40,933 - exp_torch_topics_d128_margin_i2000_b20_q100_up512_2 - INFO - current val_accuracy: 0.4868579838116262
2020-03-29 18:16:40,934 - exp_torch_topics_d128_margin_i2000_b20_q100_up512_2 - INFO - start step #59
2020-03-29 18:17:12,861 - exp_torch_topics_d128_margin_i2000_b20_q100_up512_2 - INFO - query idx: [90971  6221 38981 11769 61882 46606 11700 53354 47505 68455 53289 24501
 93214 84292 89027 96723 52385 69251  7128 49225]
2020-03-29 18:17:36,640 - exp_torch_topics_d128_margin_i2000_b20_q100_up512_2 - INFO - finish step #59 for 55.70504713058472 sec
2020-03-29 18:17:37,765 - exp_torch_topics_d128_margin_i2000_b20_q100_up512_2 - INFO - current val_accuracy: 0.48991905813097864
2020-03-29 18:17:37,767 - exp_torch_topics_d128_margin_i2000_b20_q100_up512_2 - INFO - start step #60
2020-03-29 18:18:05,666 - exp_torch_topics_d128_margin_i2000_b20_q100_up512_2 - INFO - query idx: [91955 35601  6868  8496 56848 32045 14590 54822 63225 46053 13217 23717
 18781 66771 44439    92 17595 66050 75703  1106]
2020-03-29 18:18:26,067 - exp_torch_topics_d128_margin_i2000_b20_q100_up512_2 - INFO - finish step #60 for 48.29979205131531 sec
2020-03-29 18:18:26,069 - exp_torch_topics_d128_margin_i2000_b20_q100_up512_2 - INFO - current val_accuracy: 0.48538631346578365
2020-03-29 18:18:26,070 - exp_torch_topics_d128_margin_i2000_b20_q100_up512_2 - INFO - start step #61
2020-03-29 18:19:59,938 - exp_torch_topics_d128_margin_i2000_b20_q100_up512_2 - INFO - query idx: [38529 29317 24293 90089  3569 47803 86323 11689 18058  4980  6465 86166
 32048 90475 32227 82965 48443 22930 41313 60439]
2020-03-29 18:20:28,883 - exp_torch_topics_d128_margin_i2000_b20_q100_up512_2 - INFO - finish step #61 for 122.81169104576111 sec
2020-03-29 18:20:28,886 - exp_torch_topics_d128_margin_i2000_b20_q100_up512_2 - INFO - current val_accuracy: 0.4880058866813834
2020-03-29 18:20:28,889 - exp_torch_topics_d128_margin_i2000_b20_q100_up512_2 - INFO - start step #62
2020-03-29 18:20:52,232 - exp_torch_topics_d128_margin_i2000_b20_q100_up512_2 - INFO - query idx: [ 3250 13638  8054 46958 33610 14684 52718 83335 14144  2658 41250 73407
  1631 74437 29909 67396 53695   239 65126 60731]
2020-03-29 18:21:03,573 - exp_torch_topics_d128_margin_i2000_b20_q100_up512_2 - INFO - finish step #62 for 34.68337893486023 sec
2020-03-29 18:21:03,573 - exp_torch_topics_d128_margin_i2000_b20_q100_up512_2 - INFO - current val_accuracy: 0.4848270787343635
2020-03-29 18:21:03,573 - exp_torch_topics_d128_margin_i2000_b20_q100_up512_2 - INFO - start step #63
2020-03-29 18:21:17,756 - exp_torch_topics_d128_margin_i2000_b20_q100_up512_2 - INFO - query idx: [45041 34584 48469 50976 69506 46048 64794 59739 41607 63754 16332 74333
 85053 61661  2832 57184 84234   422 70606  1968]
2020-03-29 18:21:30,346 - exp_torch_topics_d128_margin_i2000_b20_q100_up512_2 - INFO - finish step #63 for 26.77217411994934 sec
2020-03-29 18:21:30,348 - exp_torch_topics_d128_margin_i2000_b20_q100_up512_2 - INFO - current val_accuracy: 0.4880941869021339
2020-03-29 18:21:30,349 - exp_torch_topics_d128_margin_i2000_b20_q100_up512_2 - INFO - start step #64
2020-03-29 18:21:55,785 - exp_torch_topics_d128_margin_i2000_b20_q100_up512_2 - INFO - query idx: [30494   465 49860 94276 83585 13635 82970 22382  8715  8765 53721   484
 62665 36229 76192 66023 60884 59788 46630 49469]
2020-03-29 18:22:09,458 - exp_torch_topics_d128_margin_i2000_b20_q100_up512_2 - INFO - finish step #64 for 39.10943794250488 sec
2020-03-29 18:22:09,461 - exp_torch_topics_d128_margin_i2000_b20_q100_up512_2 - INFO - current val_accuracy: 0.48635761589403975
2020-03-29 18:22:09,461 - exp_torch_topics_d128_margin_i2000_b20_q100_up512_2 - INFO - start step #65
2020-03-29 18:22:30,898 - exp_torch_topics_d128_margin_i2000_b20_q100_up512_2 - INFO - query idx: [ 7048 71688 60256   885 40961 33681 86518 69581 65563 34589 76595 20258
 45290 89763 71476 33051 53273 93797 89817 87941]
2020-03-29 18:22:36,880 - exp_torch_topics_d128_margin_i2000_b20_q100_up512_2 - INFO - finish step #65 for 27.41916584968567 sec
2020-03-29 18:22:36,881 - exp_torch_topics_d128_margin_i2000_b20_q100_up512_2 - INFO - current val_accuracy: 0.4907726269315673
2020-03-29 18:22:36,882 - exp_torch_topics_d128_margin_i2000_b20_q100_up512_2 - INFO - start step #66
2020-03-29 18:22:51,372 - exp_torch_topics_d128_margin_i2000_b20_q100_up512_2 - INFO - query idx: [14495 59086 40758 85019  8036 66630 71205 88803 85179 93421 30373 95531
 54647 31245 55728 47182 45326 50559 28891 51749]
2020-03-29 18:22:57,717 - exp_torch_topics_d128_margin_i2000_b20_q100_up512_2 - INFO - finish step #66 for 20.833869695663452 sec
2020-03-29 18:22:57,717 - exp_torch_topics_d128_margin_i2000_b20_q100_up512_2 - INFO - current val_accuracy: 0.48844738778513613
2020-03-29 18:22:57,717 - exp_torch_topics_d128_margin_i2000_b20_q100_up512_2 - INFO - start step #67
2020-03-29 18:23:14,238 - exp_torch_topics_d128_margin_i2000_b20_q100_up512_2 - INFO - query idx: [96898 62838 39751 30013 28560 62386 57215  5513 14352 27409 23973 22346
 71817 82367 93403 50028 86630 60879 81277 16622]
2020-03-29 18:23:35,339 - exp_torch_topics_d128_margin_i2000_b20_q100_up512_2 - INFO - finish step #67 for 37.62096095085144 sec
2020-03-29 18:23:35,348 - exp_torch_topics_d128_margin_i2000_b20_q100_up512_2 - INFO - current val_accuracy: 0.48706401766004415
2020-03-29 18:23:35,349 - exp_torch_topics_d128_margin_i2000_b20_q100_up512_2 - INFO - start step #68
2020-03-29 18:24:34,392 - exp_torch_topics_d128_margin_i2000_b20_q100_up512_2 - INFO - query idx: [56742 95306 15549 56314 94709 61744 18540  5595 20689 68929 54823 69884
 57536 18961 50766 96681 96780 20027 19453 19624]
2020-03-29 18:24:56,072 - exp_torch_topics_d128_margin_i2000_b20_q100_up512_2 - INFO - finish step #68 for 80.72247815132141 sec
2020-03-29 18:24:56,073 - exp_torch_topics_d128_margin_i2000_b20_q100_up512_2 - INFO - current val_accuracy: 0.4895952906548933
2020-03-29 18:24:56,073 - exp_torch_topics_d128_margin_i2000_b20_q100_up512_2 - INFO - start step #69
2020-03-29 18:25:18,114 - exp_torch_topics_d128_margin_i2000_b20_q100_up512_2 - INFO - query idx: [17422 95247  8002  3759 62822 48364 67210 69133 57870 40157 70235 91193
 80470 93122  4378  5760  4873 36706 46043  1106]
2020-03-29 18:25:29,169 - exp_torch_topics_d128_margin_i2000_b20_q100_up512_2 - INFO - finish step #69 for 33.09508395195007 sec
2020-03-29 18:25:29,171 - exp_torch_topics_d128_margin_i2000_b20_q100_up512_2 - INFO - current val_accuracy: 0.4910963944076527
2020-03-29 18:25:29,171 - exp_torch_topics_d128_margin_i2000_b20_q100_up512_2 - INFO - start step #70
2020-03-29 18:25:57,225 - exp_torch_topics_d128_margin_i2000_b20_q100_up512_2 - INFO - query idx: [77212 34643 73254 58598 34236 42500 30627  3874 81945 77140 12910 46710
 36100 31419 53269 68796 62697 65492  3224 13189]
2020-03-29 18:26:20,453 - exp_torch_topics_d128_margin_i2000_b20_q100_up512_2 - INFO - finish step #70 for 51.28050184249878 sec
2020-03-29 18:26:20,460 - exp_torch_topics_d128_margin_i2000_b20_q100_up512_2 - INFO - current val_accuracy: 0.4869757174392936
2020-03-29 18:26:20,461 - exp_torch_topics_d128_margin_i2000_b20_q100_up512_2 - INFO - start step #71
2020-03-29 18:26:51,418 - exp_torch_topics_d128_margin_i2000_b20_q100_up512_2 - INFO - query idx: [88370 13840 21635 39434 41312 49144 89913  3208 21115 43632 15142 31981
 81517 15117 57680 38853 36853 53204 45142 55529]
2020-03-29 18:27:05,192 - exp_torch_topics_d128_margin_i2000_b20_q100_up512_2 - INFO - finish step #71 for 44.729573011398315 sec
2020-03-29 18:27:05,199 - exp_torch_topics_d128_margin_i2000_b20_q100_up512_2 - INFO - current val_accuracy: 0.4907726269315673
2020-03-29 18:27:05,199 - exp_torch_topics_d128_margin_i2000_b20_q100_up512_2 - INFO - start step #72
2020-03-29 18:27:20,644 - exp_torch_topics_d128_margin_i2000_b20_q100_up512_2 - INFO - query idx: [ 4658 71269 32036 10823 26793 61174 90962 63174 79983 68699 43746 74532
 55214 27213 82839 44920 14775 15223 37613 26933]
2020-03-29 18:27:28,495 - exp_torch_topics_d128_margin_i2000_b20_q100_up512_2 - INFO - finish step #72 for 23.295183181762695 sec
2020-03-29 18:27:28,497 - exp_torch_topics_d128_margin_i2000_b20_q100_up512_2 - INFO - current val_accuracy: 0.49159676232523913
2020-03-29 18:27:28,497 - exp_torch_topics_d128_margin_i2000_b20_q100_up512_2 - INFO - start step #73
2020-03-29 18:27:47,343 - exp_torch_topics_d128_margin_i2000_b20_q100_up512_2 - INFO - query idx: [85905 23669 57485 91660 82046 71538 17360 17331 37546 71161 39951 31139
 80281 10537 15339 10746 23589 75305 29442 93530]
2020-03-29 18:27:57,079 - exp_torch_topics_d128_margin_i2000_b20_q100_up512_2 - INFO - finish step #73 for 28.581497192382812 sec
2020-03-29 18:27:57,082 - exp_torch_topics_d128_margin_i2000_b20_q100_up512_2 - INFO - current val_accuracy: 0.4910963944076527
2020-03-29 18:27:57,083 - exp_torch_topics_d128_margin_i2000_b20_q100_up512_2 - INFO - start step #74
2020-03-29 18:28:13,748 - exp_torch_topics_d128_margin_i2000_b20_q100_up512_2 - INFO - query idx: [63726 74367 73551 47114 38083  9235  6094 80016 61665 51713 18113 56173
 80593  5708 13706 55726 65792 89874 16127 35576]
2020-03-29 18:28:22,597 - exp_torch_topics_d128_margin_i2000_b20_q100_up512_2 - INFO - finish step #74 for 25.512920141220093 sec
2020-03-29 18:28:22,598 - exp_torch_topics_d128_margin_i2000_b20_q100_up512_2 - INFO - current val_accuracy: 0.49050772626931566
2020-03-29 18:28:22,599 - exp_torch_topics_d128_margin_i2000_b20_q100_up512_2 - INFO - start step #75
2020-03-29 18:28:39,859 - exp_torch_topics_d128_margin_i2000_b20_q100_up512_2 - INFO - query idx: [10240 63912 67131 94262 28220  1629 37872 90165 35384 56745 22097   107
 50805 59087 19255 46696 83493  7298 27216 49538]
2020-03-29 18:28:49,065 - exp_torch_topics_d128_margin_i2000_b20_q100_up512_2 - INFO - finish step #75 for 26.465478897094727 sec
2020-03-29 18:28:49,068 - exp_torch_topics_d128_margin_i2000_b20_q100_up512_2 - INFO - current val_accuracy: 0.49677704194260486
2020-03-29 18:28:49,069 - exp_torch_topics_d128_margin_i2000_b20_q100_up512_2 - INFO - start step #76
2020-03-29 18:29:06,085 - exp_torch_topics_d128_margin_i2000_b20_q100_up512_2 - INFO - query idx: [27595 86392 22503 85409 44419 13374 71954 43894 64081 61676 65511 43371
 43947 75545 46951 43949 76878  5073 67115 42409]
2020-03-29 18:29:15,868 - exp_torch_topics_d128_margin_i2000_b20_q100_up512_2 - INFO - finish step #76 for 26.79827117919922 sec
2020-03-29 18:29:15,871 - exp_torch_topics_d128_margin_i2000_b20_q100_up512_2 - INFO - current val_accuracy: 0.49533480500367916
2020-03-29 18:29:15,877 - exp_torch_topics_d128_margin_i2000_b20_q100_up512_2 - INFO - start step #77
2020-03-29 18:29:36,032 - exp_torch_topics_d128_margin_i2000_b20_q100_up512_2 - INFO - query idx: [66080 70604 48214  8408 80640 78574 36023  1557 45015 54751  8570 34378
 23508  6506 49349 23586 75226 64208 83582 66702]
2020-03-29 18:29:46,972 - exp_torch_topics_d128_margin_i2000_b20_q100_up512_2 - INFO - finish step #77 for 31.094134092330933 sec
2020-03-29 18:29:46,974 - exp_torch_topics_d128_margin_i2000_b20_q100_up512_2 - INFO - current val_accuracy: 0.4996026490066225
2020-03-29 18:29:46,974 - exp_torch_topics_d128_margin_i2000_b20_q100_up512_2 - INFO - start step #78
2020-03-29 18:30:02,590 - exp_torch_topics_d128_margin_i2000_b20_q100_up512_2 - INFO - query idx: [ 1668 14189 88374 14003 16865 19098 35497 62341 54096 89688 84749 70609
 40810 95983 22393 31506 42496 27981 65560 75755]
2020-03-29 18:30:13,477 - exp_torch_topics_d128_margin_i2000_b20_q100_up512_2 - INFO - finish step #78 for 26.50279402732849 sec
2020-03-29 18:30:13,482 - exp_torch_topics_d128_margin_i2000_b20_q100_up512_2 - INFO - current val_accuracy: 0.4948933038999264
2020-03-29 18:30:13,482 - exp_torch_topics_d128_margin_i2000_b20_q100_up512_2 - INFO - start step #79
2020-03-29 18:30:30,663 - exp_torch_topics_d128_margin_i2000_b20_q100_up512_2 - INFO - query idx: [65307 15639 96908 57815 75570 54929 44030 56113 60543 49760 53958 40434
 37415 37152 40771 40139 73777 65668  2762  4451]
2020-03-29 18:30:41,863 - exp_torch_topics_d128_margin_i2000_b20_q100_up512_2 - INFO - finish step #79 for 28.38011598587036 sec
2020-03-29 18:30:41,867 - exp_torch_topics_d128_margin_i2000_b20_q100_up512_2 - INFO - current val_accuracy: 0.4929212656364974
2020-03-29 18:30:41,868 - exp_torch_topics_d128_margin_i2000_b20_q100_up512_2 - INFO - start step #80
2020-03-29 18:31:00,549 - exp_torch_topics_d128_margin_i2000_b20_q100_up512_2 - INFO - query idx: [61040  8108 26221 49992  3301 40762 16114 30402 28755 89854 31705 39658
 71488 29076 30556 22223 89674  9273 87204 29267]
2020-03-29 18:31:14,717 - exp_torch_topics_d128_margin_i2000_b20_q100_up512_2 - INFO - finish step #80 for 32.84811496734619 sec
2020-03-29 18:31:14,720 - exp_torch_topics_d128_margin_i2000_b20_q100_up512_2 - INFO - current val_accuracy: 0.4934510669610007
2020-03-29 18:31:14,720 - exp_torch_topics_d128_margin_i2000_b20_q100_up512_2 - INFO - start step #81
2020-03-29 18:31:28,417 - exp_torch_topics_d128_margin_i2000_b20_q100_up512_2 - INFO - query idx: [71799 68830 56035 43231 46228 14546 13122 98029  2391 80464 62583 30485
 13293 49282 55774 18456  1139  6189  2143   623]
2020-03-29 18:31:36,897 - exp_torch_topics_d128_margin_i2000_b20_q100_up512_2 - INFO - finish step #81 for 22.175687074661255 sec
2020-03-29 18:31:36,901 - exp_torch_topics_d128_margin_i2000_b20_q100_up512_2 - INFO - current val_accuracy: 0.4955997056659308
2020-03-29 18:31:36,901 - exp_torch_topics_d128_margin_i2000_b20_q100_up512_2 - INFO - start step #82
2020-03-29 18:31:51,089 - exp_torch_topics_d128_margin_i2000_b20_q100_up512_2 - INFO - query idx: [12920 86648 78751 24750 69592 69543 49745 73956 55748 92468 60559 12581
 70051 68667 60682 88672 40200 77052 60026 78416]
2020-03-29 18:31:59,761 - exp_torch_topics_d128_margin_i2000_b20_q100_up512_2 - INFO - finish step #82 for 22.859607934951782 sec
2020-03-29 18:31:59,764 - exp_torch_topics_d128_margin_i2000_b20_q100_up512_2 - INFO - current val_accuracy: 0.49724797645327445
2020-03-29 18:31:59,766 - exp_torch_topics_d128_margin_i2000_b20_q100_up512_2 - INFO - start step #83
2020-03-29 18:32:16,701 - exp_torch_topics_d128_margin_i2000_b20_q100_up512_2 - INFO - query idx: [18549 84792  1148 71855 61045 33414 27303 72916 85862 63861 10186 16003
 63978 87358 50373 45829 61245 17485 21400 22350]
2020-03-29 18:32:34,953 - exp_torch_topics_d128_margin_i2000_b20_q100_up512_2 - INFO - finish step #83 for 35.185863971710205 sec
2020-03-29 18:32:34,955 - exp_torch_topics_d128_margin_i2000_b20_q100_up512_2 - INFO - current val_accuracy: 0.49486387049300956
2020-03-29 18:32:34,958 - exp_torch_topics_d128_margin_i2000_b20_q100_up512_2 - INFO - start step #84
2020-03-29 18:32:55,204 - exp_torch_topics_d128_margin_i2000_b20_q100_up512_2 - INFO - query idx: [90378 46389  6975  3876 62258 28379 23078 12868 20554 68190 32535 16822
 47370 65483  1655  9157  6109  5487 32687 77078]
2020-03-29 18:33:09,292 - exp_torch_topics_d128_margin_i2000_b20_q100_up512_2 - INFO - finish step #84 for 34.333142042160034 sec
2020-03-29 18:33:09,295 - exp_torch_topics_d128_margin_i2000_b20_q100_up512_2 - INFO - current val_accuracy: 0.4925091979396615
2020-03-29 18:33:09,296 - exp_torch_topics_d128_margin_i2000_b20_q100_up512_2 - INFO - start step #85
2020-03-29 18:33:20,094 - exp_torch_topics_d128_margin_i2000_b20_q100_up512_2 - INFO - query idx: [ 3806 95752 19526 34825 29466 11233 96426 29904 56682 38516 97158 72505
 83534 47001 59732 81531 47260 96537 89177 38778]
2020-03-29 18:33:27,901 - exp_torch_topics_d128_margin_i2000_b20_q100_up512_2 - INFO - finish step #85 for 18.605031967163086 sec
2020-03-29 18:33:27,904 - exp_torch_topics_d128_margin_i2000_b20_q100_up512_2 - INFO - current val_accuracy: 0.49504047093451065
2020-03-29 18:33:27,911 - exp_torch_topics_d128_margin_i2000_b20_q100_up512_2 - INFO - start step #86
2020-03-29 18:33:46,950 - exp_torch_topics_d128_margin_i2000_b20_q100_up512_2 - INFO - query idx: [18548 90095 46926 16205 35033 91228 29623 22256 86260  3853 83913 88179
 97431 37967 68274 20641 91379 91203 88652 95636]
2020-03-29 18:34:00,643 - exp_torch_topics_d128_margin_i2000_b20_q100_up512_2 - INFO - finish step #86 for 32.731207847595215 sec
2020-03-29 18:34:00,645 - exp_torch_topics_d128_margin_i2000_b20_q100_up512_2 - INFO - current val_accuracy: 0.49495217071376013
2020-03-29 18:34:00,646 - exp_torch_topics_d128_margin_i2000_b20_q100_up512_2 - INFO - start step #87
2020-03-29 18:34:22,632 - exp_torch_topics_d128_margin_i2000_b20_q100_up512_2 - INFO - query idx: [82381  3310 27589  1199 85711 18677 75882 65206 77620 19735 77873 49880
  2001 69357 51409 84341  5754 62289  9393 74684]
2020-03-29 18:34:37,996 - exp_torch_topics_d128_margin_i2000_b20_q100_up512_2 - INFO - finish step #87 for 37.348483085632324 sec
2020-03-29 18:34:37,997 - exp_torch_topics_d128_margin_i2000_b20_q100_up512_2 - INFO - current val_accuracy: 0.4946578366445916
2020-03-29 18:34:37,998 - exp_torch_topics_d128_margin_i2000_b20_q100_up512_2 - INFO - start step #88
2020-03-29 18:34:52,886 - exp_torch_topics_d128_margin_i2000_b20_q100_up512_2 - INFO - query idx: [22632 61265 44585 58838 59163  2571 88155 97533  9072 38302 17479 56420
 56389 57492 31447 19443 45686 41044 95353 79726]
2020-03-29 18:34:59,005 - exp_torch_topics_d128_margin_i2000_b20_q100_up512_2 - INFO - finish step #88 for 21.00676202774048 sec
2020-03-29 18:34:59,005 - exp_torch_topics_d128_margin_i2000_b20_q100_up512_2 - INFO - current val_accuracy: 0.4979543782192789
2020-03-29 18:34:59,005 - exp_torch_topics_d128_margin_i2000_b20_q100_up512_2 - INFO - start step #89
2020-03-29 18:35:05,415 - exp_torch_topics_d128_margin_i2000_b20_q100_up512_2 - INFO - query idx: [48357 74029 97231 86950 92040  6591 16451 29055 14435  3147 94620 24914
 19160 46279  1694 65184 86887 85822 68092 70226]
2020-03-29 18:35:08,446 - exp_torch_topics_d128_margin_i2000_b20_q100_up512_2 - INFO - finish step #89 for 9.440824031829834 sec
2020-03-29 18:35:08,446 - exp_torch_topics_d128_margin_i2000_b20_q100_up512_2 - INFO - current val_accuracy: 0.4951287711552612
2020-03-29 18:35:08,446 - exp_torch_topics_d128_margin_i2000_b20_q100_up512_2 - INFO - start step #90
2020-03-29 18:35:15,572 - exp_torch_topics_d128_margin_i2000_b20_q100_up512_2 - INFO - query idx: [ 3344 24416 41050 41858  6353 21477 51480 53783   713 31199  3063  8832
 91971 74270 47802 13294 31996 89168 36655 77895]
2020-03-29 18:35:22,656 - exp_torch_topics_d128_margin_i2000_b20_q100_up512_2 - INFO - finish step #90 for 14.20956015586853 sec
2020-03-29 18:35:22,656 - exp_torch_topics_d128_margin_i2000_b20_q100_up512_2 - INFO - current val_accuracy: 0.4978366445916115
2020-03-29 18:35:22,660 - exp_torch_topics_d128_margin_i2000_b20_q100_up512_2 - INFO - start step #91
2020-03-29 18:35:32,143 - exp_torch_topics_d128_margin_i2000_b20_q100_up512_2 - INFO - query idx: [55335 16943 40495 41907 38833 63679 73835  1013 22316 37595 66345 56213
 46848 75854 31481 30321 51552  6236 49791 41593]
2020-03-29 18:35:34,933 - exp_torch_topics_d128_margin_i2000_b20_q100_up512_2 - INFO - finish step #91 for 12.272317886352539 sec
2020-03-29 18:35:34,933 - exp_torch_topics_d128_margin_i2000_b20_q100_up512_2 - INFO - current val_accuracy: 0.49777777777777776
2020-03-29 18:35:34,933 - exp_torch_topics_d128_margin_i2000_b20_q100_up512_2 - INFO - start step #92
2020-03-29 18:35:48,518 - exp_torch_topics_d128_margin_i2000_b20_q100_up512_2 - INFO - query idx: [10550  7343 37396 41132 70462 43393 15114 33414 28557 36120 37504 22311
 73949  4772 42245 29591  3577 78678 37793 54999]
2020-03-29 18:35:58,150 - exp_torch_topics_d128_margin_i2000_b20_q100_up512_2 - INFO - finish step #92 for 23.217035055160522 sec
2020-03-29 18:35:58,151 - exp_torch_topics_d128_margin_i2000_b20_q100_up512_2 - INFO - current val_accuracy: 0.500868285504047
2020-03-29 18:35:58,151 - exp_torch_topics_d128_margin_i2000_b20_q100_up512_2 - INFO - start step #93
2020-03-29 18:36:05,306 - exp_torch_topics_d128_margin_i2000_b20_q100_up512_2 - INFO - query idx: [40459 75287 24279 26920 32969 10625 22201 24947 90242 44529 22834 76781
 63803 42367 25011 13825 35769 93285 51240 73429]
2020-03-29 18:36:09,355 - exp_torch_topics_d128_margin_i2000_b20_q100_up512_2 - INFO - finish step #93 for 11.203038930892944 sec
2020-03-29 18:36:09,355 - exp_torch_topics_d128_margin_i2000_b20_q100_up512_2 - INFO - current val_accuracy: 0.5033112582781457
2020-03-29 18:36:09,355 - exp_torch_topics_d128_margin_i2000_b20_q100_up512_2 - INFO - start step #94
2020-03-29 18:36:22,511 - exp_torch_topics_d128_margin_i2000_b20_q100_up512_2 - INFO - query idx: [42809 32924 79615 49701 97255 93364 72723 36019 94205 11071 32096 73411
 54094 35947 94313 21311 52044 32556 49911 31986]
2020-03-29 18:36:27,684 - exp_torch_topics_d128_margin_i2000_b20_q100_up512_2 - INFO - finish step #94 for 18.32890486717224 sec
2020-03-29 18:36:27,684 - exp_torch_topics_d128_margin_i2000_b20_q100_up512_2 - INFO - current val_accuracy: 0.49730684326710817
2020-03-29 18:36:27,685 - exp_torch_topics_d128_margin_i2000_b20_q100_up512_2 - INFO - start step #95
2020-03-29 18:36:33,349 - exp_torch_topics_d128_margin_i2000_b20_q100_up512_2 - INFO - query idx: [54724 16627  9712 96642 53392 53406 16084 58563 12970 65992 65833 62424
 57699 21088 88301 35041 82135 83626 97420 20516]
2020-03-29 18:36:36,319 - exp_torch_topics_d128_margin_i2000_b20_q100_up512_2 - INFO - finish step #95 for 8.634246826171875 sec
2020-03-29 18:36:36,319 - exp_torch_topics_d128_margin_i2000_b20_q100_up512_2 - INFO - current val_accuracy: 0.49933774834437084
2020-03-29 18:36:36,319 - exp_torch_topics_d128_margin_i2000_b20_q100_up512_2 - INFO - start step #96
2020-03-29 18:36:42,195 - exp_torch_topics_d128_margin_i2000_b20_q100_up512_2 - INFO - query idx: [80180 67108 94308 84003 19327 91760 36732 64632 39537 31834 18418 47663
 40333 86906  8581 77156 18279  4348 45272 41831]
2020-03-29 18:36:44,973 - exp_torch_topics_d128_margin_i2000_b20_q100_up512_2 - INFO - finish step #96 for 8.653512954711914 sec
2020-03-29 18:36:44,973 - exp_torch_topics_d128_margin_i2000_b20_q100_up512_2 - INFO - current val_accuracy: 0.5003679175864606
2020-03-29 18:36:44,973 - exp_torch_topics_d128_margin_i2000_b20_q100_up512_2 - INFO - start step #97
2020-03-29 18:36:50,620 - exp_torch_topics_d128_margin_i2000_b20_q100_up512_2 - INFO - query idx: [65514 18680  1544 91713 91437 32831 78012 76189 13269 38664 63392 24030
 29709 83860    44 87821 17449 54525 81261 37094]
2020-03-29 18:36:53,358 - exp_torch_topics_d128_margin_i2000_b20_q100_up512_2 - INFO - finish step #97 for 8.385225057601929 sec
2020-03-29 18:36:53,359 - exp_torch_topics_d128_margin_i2000_b20_q100_up512_2 - INFO - current val_accuracy: 0.5005739514348786
2020-03-29 18:36:53,359 - exp_torch_topics_d128_margin_i2000_b20_q100_up512_2 - INFO - start step #98
2020-03-29 18:36:58,942 - exp_torch_topics_d128_margin_i2000_b20_q100_up512_2 - INFO - query idx: [18483 12048   796 13007 94416 56299 89578 18503   665 89500 52153  8819
 83823  4938 92579 74897 14603 71617 60413 46746]
2020-03-29 18:37:01,850 - exp_torch_topics_d128_margin_i2000_b20_q100_up512_2 - INFO - finish step #98 for 8.49069595336914 sec
2020-03-29 18:37:01,850 - exp_torch_topics_d128_margin_i2000_b20_q100_up512_2 - INFO - current val_accuracy: 0.5019573215599705
2020-03-29 18:37:01,850 - exp_torch_topics_d128_margin_i2000_b20_q100_up512_2 - INFO - start step #99
2020-03-29 18:37:09,445 - exp_torch_topics_d128_margin_i2000_b20_q100_up512_2 - INFO - query idx: [56177  3789 39374 61547 34249 80546 46259 97250 14479 64461 28765 20364
 92830 42566 78922 28360 67733 94178 73766 14996]
2020-03-29 18:37:14,868 - exp_torch_topics_d128_margin_i2000_b20_q100_up512_2 - INFO - finish step #99 for 13.01825499534607 sec
2020-03-29 18:37:14,869 - exp_torch_topics_d128_margin_i2000_b20_q100_up512_2 - INFO - current val_accuracy: 0.4991317144959529
2020-03-29 18:37:14,869 - exp_torch_topics_d128_margin_i2000_b20_q100_up512_2 - INFO - finish experiment process for 2776.914512872696 sec
