2020-03-26 14:44:50,414 - exp_torch_topics_d128_margin_i2000_b20_q100_f512_2 - INFO - start experiment process
2020-03-26 14:44:55,997 - exp_torch_topics_d128_margin_i2000_b20_q100_f512_2 - INFO - initial val_accuracy: 0.43596762325239147
2020-03-26 14:44:56,010 - exp_torch_topics_d128_margin_i2000_b20_q100_f512_2 - INFO - start step #0
2020-03-26 14:45:10,290 - exp_torch_topics_d128_margin_i2000_b20_q100_f512_2 - INFO - query idx: [87461 88396 46854 69026 64097 44746 73385 67662 60867 67977 66817 55658
  1481 95868 42954 95620 10642 18753  1329 45182]
2020-03-26 14:45:16,840 - exp_torch_topics_d128_margin_i2000_b20_q100_f512_2 - INFO - finish step #0 for 20.830482006072998 sec
2020-03-26 14:45:16,841 - exp_torch_topics_d128_margin_i2000_b20_q100_f512_2 - INFO - current val_accuracy: 0.4352317880794702
2020-03-26 14:45:16,841 - exp_torch_topics_d128_margin_i2000_b20_q100_f512_2 - INFO - start step #1
2020-03-26 14:45:29,556 - exp_torch_topics_d128_margin_i2000_b20_q100_f512_2 - INFO - query idx: [22009 29519 58716 32383 41702 73125  8492 44671 15277 72878 10383  1277
 34182 38522 23683 55659 28543   346 28985  8041]
2020-03-26 14:45:32,592 - exp_torch_topics_d128_margin_i2000_b20_q100_f512_2 - INFO - finish step #1 for 15.751201152801514 sec
2020-03-26 14:45:32,593 - exp_torch_topics_d128_margin_i2000_b20_q100_f512_2 - INFO - current val_accuracy: 0.43735099337748345
2020-03-26 14:45:32,593 - exp_torch_topics_d128_margin_i2000_b20_q100_f512_2 - INFO - start step #2
2020-03-26 14:45:50,381 - exp_torch_topics_d128_margin_i2000_b20_q100_f512_2 - INFO - query idx: [80189 24053 84752 34420 87967  3269  1397 40159  4823 84967 69835 78025
 72397 16759 27492 58803 32429  4804 91877 66708]
2020-03-26 14:46:03,841 - exp_torch_topics_d128_margin_i2000_b20_q100_f512_2 - INFO - finish step #2 for 31.247873067855835 sec
2020-03-26 14:46:03,844 - exp_torch_topics_d128_margin_i2000_b20_q100_f512_2 - INFO - current val_accuracy: 0.43882266372332596
2020-03-26 14:46:03,844 - exp_torch_topics_d128_margin_i2000_b20_q100_f512_2 - INFO - start step #3
2020-03-26 14:46:12,199 - exp_torch_topics_d128_margin_i2000_b20_q100_f512_2 - INFO - query idx: [33703 22411 33483 40620 16279 35400 49990 20541 47381 64490 61242 31468
 18539 46575 36912 47121 10764 19556 63582 56440]
2020-03-26 14:46:15,602 - exp_torch_topics_d128_margin_i2000_b20_q100_f512_2 - INFO - finish step #3 for 11.757670164108276 sec
2020-03-26 14:46:15,602 - exp_torch_topics_d128_margin_i2000_b20_q100_f512_2 - INFO - current val_accuracy: 0.43864606328182487
2020-03-26 14:46:15,603 - exp_torch_topics_d128_margin_i2000_b20_q100_f512_2 - INFO - start step #4
2020-03-26 14:46:23,225 - exp_torch_topics_d128_margin_i2000_b20_q100_f512_2 - INFO - query idx: [89995 45343 41052 93504 70263 70591 51562 72375 64669 90511  5220  4964
 48796 18919 69198 18716 79170 82209 39073 32836]
2020-03-26 14:46:26,170 - exp_torch_topics_d128_margin_i2000_b20_q100_f512_2 - INFO - finish step #4 for 10.566938877105713 sec
2020-03-26 14:46:26,171 - exp_torch_topics_d128_margin_i2000_b20_q100_f512_2 - INFO - current val_accuracy: 0.4367034584253127
2020-03-26 14:46:26,171 - exp_torch_topics_d128_margin_i2000_b20_q100_f512_2 - INFO - start step #5
2020-03-26 14:46:32,930 - exp_torch_topics_d128_margin_i2000_b20_q100_f512_2 - INFO - query idx: [52730 88278 32574 42514 59173 68598 53284 69914 84395 49276 21292 11585
 52956  6945 60923  9028 53979 14304 41138 60275]
2020-03-26 14:46:35,917 - exp_torch_topics_d128_margin_i2000_b20_q100_f512_2 - INFO - finish step #5 for 9.746429204940796 sec
2020-03-26 14:46:35,918 - exp_torch_topics_d128_margin_i2000_b20_q100_f512_2 - INFO - current val_accuracy: 0.4382634289919058
2020-03-26 14:46:35,918 - exp_torch_topics_d128_margin_i2000_b20_q100_f512_2 - INFO - start step #6
2020-03-26 14:46:42,615 - exp_torch_topics_d128_margin_i2000_b20_q100_f512_2 - INFO - query idx: [35416  8088 51097 56812 15350  8717 58483 45062 68372 27146 43672 26611
 33237 48835 20668 12225 13933 32404 80754 83414]
2020-03-26 14:46:45,514 - exp_torch_topics_d128_margin_i2000_b20_q100_f512_2 - INFO - finish step #6 for 9.596354007720947 sec
2020-03-26 14:46:45,515 - exp_torch_topics_d128_margin_i2000_b20_q100_f512_2 - INFO - current val_accuracy: 0.4452391464311994
2020-03-26 14:46:45,515 - exp_torch_topics_d128_margin_i2000_b20_q100_f512_2 - INFO - start step #7
2020-03-26 14:46:55,523 - exp_torch_topics_d128_margin_i2000_b20_q100_f512_2 - INFO - query idx: [18823  1181 59781 77491 45621 45616 38385 13893 87740 43481 12369 34658
 56051  8742 57169 56333 76067 83678 56066 57726]
2020-03-26 14:47:00,911 - exp_torch_topics_d128_margin_i2000_b20_q100_f512_2 - INFO - finish step #7 for 15.396224975585938 sec
2020-03-26 14:47:00,911 - exp_torch_topics_d128_margin_i2000_b20_q100_f512_2 - INFO - current val_accuracy: 0.44623988226637235
2020-03-26 14:47:00,911 - exp_torch_topics_d128_margin_i2000_b20_q100_f512_2 - INFO - start step #8
2020-03-26 14:47:11,680 - exp_torch_topics_d128_margin_i2000_b20_q100_f512_2 - INFO - query idx: [73384 47781 73366 37823 14646  2382 60666 89875 13942 55003 87689 83701
 16568 59285  2299 76443 65506  8245 35274 56285]
2020-03-26 14:47:16,677 - exp_torch_topics_d128_margin_i2000_b20_q100_f512_2 - INFO - finish step #8 for 15.76522707939148 sec
2020-03-26 14:47:16,677 - exp_torch_topics_d128_margin_i2000_b20_q100_f512_2 - INFO - current val_accuracy: 0.44126563649742456
2020-03-26 14:47:16,677 - exp_torch_topics_d128_margin_i2000_b20_q100_f512_2 - INFO - start step #9
2020-03-26 14:47:23,228 - exp_torch_topics_d128_margin_i2000_b20_q100_f512_2 - INFO - query idx: [70624 37327 60969 91482 79896 64996 85620  8041 70555 62217 43513 36954
 30800  9541  5445 83164  5045 97201 74983 48264]
2020-03-26 14:47:26,184 - exp_torch_topics_d128_margin_i2000_b20_q100_f512_2 - INFO - finish step #9 for 9.506875991821289 sec
2020-03-26 14:47:26,184 - exp_torch_topics_d128_margin_i2000_b20_q100_f512_2 - INFO - current val_accuracy: 0.44729948491537896
2020-03-26 14:47:26,185 - exp_torch_topics_d128_margin_i2000_b20_q100_f512_2 - INFO - start step #10
2020-03-26 14:47:32,984 - exp_torch_topics_d128_margin_i2000_b20_q100_f512_2 - INFO - query idx: [91743 50056 68811 27107 41836 59232  6524 53060   794 89861 70008 99106
 76185 26404  6353  9012 77541  8723 30962 18691]
2020-03-26 14:47:36,139 - exp_torch_topics_d128_margin_i2000_b20_q100_f512_2 - INFO - finish step #10 for 9.953918933868408 sec
2020-03-26 14:47:36,139 - exp_torch_topics_d128_margin_i2000_b20_q100_f512_2 - INFO - current val_accuracy: 0.4498307579102281
2020-03-26 14:47:36,139 - exp_torch_topics_d128_margin_i2000_b20_q100_f512_2 - INFO - start step #11
2020-03-26 14:47:42,505 - exp_torch_topics_d128_margin_i2000_b20_q100_f512_2 - INFO - query idx: [37962 90154 95437  6717 41840 90570   919 50830 90597 26651  4608 88368
 93506 80427 23852 64448 15490 95341 89828 81375]
2020-03-26 14:47:45,366 - exp_torch_topics_d128_margin_i2000_b20_q100_f512_2 - INFO - finish step #11 for 9.226737260818481 sec
2020-03-26 14:47:45,366 - exp_torch_topics_d128_margin_i2000_b20_q100_f512_2 - INFO - current val_accuracy: 0.44862398822663724
2020-03-26 14:47:45,366 - exp_torch_topics_d128_margin_i2000_b20_q100_f512_2 - INFO - start step #12
2020-03-26 14:47:54,672 - exp_torch_topics_d128_margin_i2000_b20_q100_f512_2 - INFO - query idx: [ 4245 85505 58528 82526 63517 26903 51296 99629 39249 83547 94645 35082
 97747 21731 41935 55325 47420 43193 11784 61839]
2020-03-26 14:48:01,684 - exp_torch_topics_d128_margin_i2000_b20_q100_f512_2 - INFO - finish step #12 for 16.317530155181885 sec
2020-03-26 14:48:01,688 - exp_torch_topics_d128_margin_i2000_b20_q100_f512_2 - INFO - current val_accuracy: 0.45280353200883
2020-03-26 14:48:01,689 - exp_torch_topics_d128_margin_i2000_b20_q100_f512_2 - INFO - start step #13
2020-03-26 14:48:08,614 - exp_torch_topics_d128_margin_i2000_b20_q100_f512_2 - INFO - query idx: [47439 71815 24127  8493 68812 72492 77874 42399 59940 79795 90208 46327
 52902 78330 44388 89847 47142 58807 13995 85930]
2020-03-26 14:48:12,349 - exp_torch_topics_d128_margin_i2000_b20_q100_f512_2 - INFO - finish step #13 for 10.659428119659424 sec
2020-03-26 14:48:12,350 - exp_torch_topics_d128_margin_i2000_b20_q100_f512_2 - INFO - current val_accuracy: 0.45068432671081676
2020-03-26 14:48:12,351 - exp_torch_topics_d128_margin_i2000_b20_q100_f512_2 - INFO - start step #14
2020-03-26 14:48:19,239 - exp_torch_topics_d128_margin_i2000_b20_q100_f512_2 - INFO - query idx: [71850 29278 48716 39993 11549 47066 17139 28083 13625 14403 70624 44385
 69109 40066 90632 15774 38326 76569 81581 73423]
2020-03-26 14:48:22,042 - exp_torch_topics_d128_margin_i2000_b20_q100_f512_2 - INFO - finish step #14 for 9.69127082824707 sec
2020-03-26 14:48:22,042 - exp_torch_topics_d128_margin_i2000_b20_q100_f512_2 - INFO - current val_accuracy: 0.45571743929359826
2020-03-26 14:48:22,042 - exp_torch_topics_d128_margin_i2000_b20_q100_f512_2 - INFO - start step #15
2020-03-26 14:48:28,442 - exp_torch_topics_d128_margin_i2000_b20_q100_f512_2 - INFO - query idx: [19891 20860 63294 92044 48170 74312 95622 66694 45541 13171  9854 24934
 86680 59992 38313 92843 72287  8177  2551 44583]
2020-03-26 14:48:31,209 - exp_torch_topics_d128_margin_i2000_b20_q100_f512_2 - INFO - finish step #15 for 9.166108131408691 sec
2020-03-26 14:48:31,209 - exp_torch_topics_d128_margin_i2000_b20_q100_f512_2 - INFO - current val_accuracy: 0.455570272259014
2020-03-26 14:48:31,209 - exp_torch_topics_d128_margin_i2000_b20_q100_f512_2 - INFO - start step #16
2020-03-26 14:48:37,787 - exp_torch_topics_d128_margin_i2000_b20_q100_f512_2 - INFO - query idx: [58944 44888 32303 31247 17960 24483 16197 43223 34913 79842 82187 79508
 54177 92493 32843 16544 35573 70280 86221 66630]
2020-03-26 14:48:40,615 - exp_torch_topics_d128_margin_i2000_b20_q100_f512_2 - INFO - finish step #16 for 9.406429052352905 sec
2020-03-26 14:48:40,616 - exp_torch_topics_d128_margin_i2000_b20_q100_f512_2 - INFO - current val_accuracy: 0.4533038999264165
2020-03-26 14:48:40,616 - exp_torch_topics_d128_margin_i2000_b20_q100_f512_2 - INFO - start step #17
2020-03-26 14:48:47,026 - exp_torch_topics_d128_margin_i2000_b20_q100_f512_2 - INFO - query idx: [64531  4134 44931 81891 36566 66049 73568 61737 96671 91281 72809 50572
 86343 98487 52584 42279 86392 98762 40385 22268]
2020-03-26 14:48:49,864 - exp_torch_topics_d128_margin_i2000_b20_q100_f512_2 - INFO - finish step #17 for 9.24800181388855 sec
2020-03-26 14:48:49,864 - exp_torch_topics_d128_margin_i2000_b20_q100_f512_2 - INFO - current val_accuracy: 0.45456953642384107
2020-03-26 14:48:49,864 - exp_torch_topics_d128_margin_i2000_b20_q100_f512_2 - INFO - start step #18
2020-03-26 14:48:56,410 - exp_torch_topics_d128_margin_i2000_b20_q100_f512_2 - INFO - query idx: [24702 62267 55049 81261 31311 54848  2783  8082 19247 17922  8284 90571
 77114 42216 65272 37703 20287 90354 75594 81832]
2020-03-26 14:48:59,259 - exp_torch_topics_d128_margin_i2000_b20_q100_f512_2 - INFO - finish step #18 for 9.394183158874512 sec
2020-03-26 14:48:59,259 - exp_torch_topics_d128_margin_i2000_b20_q100_f512_2 - INFO - current val_accuracy: 0.4573951434878587
2020-03-26 14:48:59,259 - exp_torch_topics_d128_margin_i2000_b20_q100_f512_2 - INFO - start step #19
2020-03-26 14:49:05,760 - exp_torch_topics_d128_margin_i2000_b20_q100_f512_2 - INFO - query idx: [84265 10197 93461 68619 81884 86626 69944 96714 53594 72874 94587 16731
 62144 82756 35071 20512 42188 34566 68432 29270]
2020-03-26 14:49:08,566 - exp_torch_topics_d128_margin_i2000_b20_q100_f512_2 - INFO - finish step #19 for 9.30718183517456 sec
2020-03-26 14:49:08,566 - exp_torch_topics_d128_margin_i2000_b20_q100_f512_2 - INFO - current val_accuracy: 0.45607064017660043
2020-03-26 14:49:08,567 - exp_torch_topics_d128_margin_i2000_b20_q100_f512_2 - INFO - start step #20
2020-03-26 14:49:15,042 - exp_torch_topics_d128_margin_i2000_b20_q100_f512_2 - INFO - query idx: [71301 83065 65841  1836 91900   156 69492 11020 78075 81269 76504 25895
 36760 73489 85253  6178 32766 55221 69894 16471]
2020-03-26 14:49:17,770 - exp_torch_topics_d128_margin_i2000_b20_q100_f512_2 - INFO - finish step #20 for 9.203191041946411 sec
2020-03-26 14:49:17,770 - exp_torch_topics_d128_margin_i2000_b20_q100_f512_2 - INFO - current val_accuracy: 0.45789551140544515
2020-03-26 14:49:17,770 - exp_torch_topics_d128_margin_i2000_b20_q100_f512_2 - INFO - start step #21
2020-03-26 14:49:24,291 - exp_torch_topics_d128_margin_i2000_b20_q100_f512_2 - INFO - query idx: [90159 47616 56318 45358 81945 75290 49103  2279 35474 89358 11333 50154
 27155 31945 63018  5971 74350 45134 53027 72309]
2020-03-26 14:49:27,272 - exp_torch_topics_d128_margin_i2000_b20_q100_f512_2 - INFO - finish step #21 for 9.50101089477539 sec
2020-03-26 14:49:27,272 - exp_torch_topics_d128_margin_i2000_b20_q100_f512_2 - INFO - current val_accuracy: 0.4576011773362767
2020-03-26 14:49:27,272 - exp_torch_topics_d128_margin_i2000_b20_q100_f512_2 - INFO - start step #22
2020-03-26 14:49:33,579 - exp_torch_topics_d128_margin_i2000_b20_q100_f512_2 - INFO - query idx: [76610 21435 59496 78688 49477 47090   405 68098 68040  7360 73943 65065
 69970 86115 32451 94364 56289 63686 75224 62688]
2020-03-26 14:49:36,462 - exp_torch_topics_d128_margin_i2000_b20_q100_f512_2 - INFO - finish step #22 for 9.189666032791138 sec
2020-03-26 14:49:36,462 - exp_torch_topics_d128_margin_i2000_b20_q100_f512_2 - INFO - current val_accuracy: 0.45818984547461367
2020-03-26 14:49:36,462 - exp_torch_topics_d128_margin_i2000_b20_q100_f512_2 - INFO - start step #23
2020-03-26 14:49:43,201 - exp_torch_topics_d128_margin_i2000_b20_q100_f512_2 - INFO - query idx: [34370 29173 11972 99387 99228 78334 46720 52977  8747 15595 49574 62687
 68281 86284 23883 62805  1375 65621 69902 59352]
2020-03-26 14:49:46,262 - exp_torch_topics_d128_margin_i2000_b20_q100_f512_2 - INFO - finish step #23 for 9.799753904342651 sec
2020-03-26 14:49:46,262 - exp_torch_topics_d128_margin_i2000_b20_q100_f512_2 - INFO - current val_accuracy: 0.459896983075791
2020-03-26 14:49:46,262 - exp_torch_topics_d128_margin_i2000_b20_q100_f512_2 - INFO - start step #24
2020-03-26 14:49:56,392 - exp_torch_topics_d128_margin_i2000_b20_q100_f512_2 - INFO - query idx: [59558 45430 34533 57490 76894 31855 18596 67186 50102 29111 89569 89779
 99331 91088 74464 17655 61603 74789 86845  3693]
2020-03-26 14:50:02,792 - exp_torch_topics_d128_margin_i2000_b20_q100_f512_2 - INFO - finish step #24 for 16.529284954071045 sec
2020-03-26 14:50:02,793 - exp_torch_topics_d128_margin_i2000_b20_q100_f512_2 - INFO - current val_accuracy: 0.4583075791022811
2020-03-26 14:50:02,793 - exp_torch_topics_d128_margin_i2000_b20_q100_f512_2 - INFO - start step #25
2020-03-26 14:50:11,430 - exp_torch_topics_d128_margin_i2000_b20_q100_f512_2 - INFO - query idx: [82127 52671 47340 97741 63949 35065 16489 95287 91080  6313 54845 97634
 93827 97597  5848 43612 86464 82014 68730 78035]
2020-03-26 14:50:14,369 - exp_torch_topics_d128_margin_i2000_b20_q100_f512_2 - INFO - finish step #25 for 11.576037883758545 sec
2020-03-26 14:50:14,370 - exp_torch_topics_d128_margin_i2000_b20_q100_f512_2 - INFO - current val_accuracy: 0.45833701250919795
2020-03-26 14:50:14,370 - exp_torch_topics_d128_margin_i2000_b20_q100_f512_2 - INFO - start step #26
2020-03-26 14:50:20,632 - exp_torch_topics_d128_margin_i2000_b20_q100_f512_2 - INFO - query idx: [ 5624 75233 50180 14071 17523 69380 49020 26728 55084 21272 48149 28157
 29710 31068  9208 57498 13344 81387 71823 45965]
2020-03-26 14:50:23,481 - exp_torch_topics_d128_margin_i2000_b20_q100_f512_2 - INFO - finish step #26 for 9.111384153366089 sec
2020-03-26 14:50:23,481 - exp_torch_topics_d128_margin_i2000_b20_q100_f512_2 - INFO - current val_accuracy: 0.46178072111846946
2020-03-26 14:50:23,482 - exp_torch_topics_d128_margin_i2000_b20_q100_f512_2 - INFO - start step #27
2020-03-26 14:50:29,847 - exp_torch_topics_d128_margin_i2000_b20_q100_f512_2 - INFO - query idx: [32752 30359 94116 44134 11255 69602 27662  2788 89883 85258 20437 56054
 54475 69170 68184  4599 44215 38470 62344 32617]
2020-03-26 14:50:32,542 - exp_torch_topics_d128_margin_i2000_b20_q100_f512_2 - INFO - finish step #27 for 9.059745073318481 sec
2020-03-26 14:50:32,542 - exp_torch_topics_d128_margin_i2000_b20_q100_f512_2 - INFO - current val_accuracy: 0.4633701250919794
2020-03-26 14:50:32,542 - exp_torch_topics_d128_margin_i2000_b20_q100_f512_2 - INFO - start step #28
2020-03-26 14:50:38,847 - exp_torch_topics_d128_margin_i2000_b20_q100_f512_2 - INFO - query idx: [73974 70636 21671 43454 14992 19775 56287 23037 91948 15332 21942 83264
  5324 74885 80567 77020 68301  5606 59434 15379]
2020-03-26 14:50:42,806 - exp_torch_topics_d128_margin_i2000_b20_q100_f512_2 - INFO - finish step #28 for 10.263968706130981 sec
2020-03-26 14:50:42,807 - exp_torch_topics_d128_margin_i2000_b20_q100_f512_2 - INFO - current val_accuracy: 0.46301692420897717
2020-03-26 14:50:42,807 - exp_torch_topics_d128_margin_i2000_b20_q100_f512_2 - INFO - start step #29
2020-03-26 14:50:49,780 - exp_torch_topics_d128_margin_i2000_b20_q100_f512_2 - INFO - query idx: [74888 91646 64126 53823  7603 67504 18648 87167 50981 98313 46974 46534
 73277 96005 45021 24746 76671 36177  3944  5415]
2020-03-26 14:50:52,578 - exp_torch_topics_d128_margin_i2000_b20_q100_f512_2 - INFO - finish step #29 for 9.771048784255981 sec
2020-03-26 14:50:52,578 - exp_torch_topics_d128_margin_i2000_b20_q100_f512_2 - INFO - current val_accuracy: 0.4616924208977189
2020-03-26 14:50:52,579 - exp_torch_topics_d128_margin_i2000_b20_q100_f512_2 - INFO - start step #30
2020-03-26 14:51:02,115 - exp_torch_topics_d128_margin_i2000_b20_q100_f512_2 - INFO - query idx: [51025 80346 43772 46356 65660 72429 43758 52600 57599 28797 85883 73574
 86660 97032 86444 31668 46208 12226 21156 86676]
2020-03-26 14:51:05,040 - exp_torch_topics_d128_margin_i2000_b20_q100_f512_2 - INFO - finish step #30 for 12.460939884185791 sec
2020-03-26 14:51:05,040 - exp_torch_topics_d128_margin_i2000_b20_q100_f512_2 - INFO - current val_accuracy: 0.46316409124356145
2020-03-26 14:51:05,040 - exp_torch_topics_d128_margin_i2000_b20_q100_f512_2 - INFO - start step #31
2020-03-26 14:51:14,884 - exp_torch_topics_d128_margin_i2000_b20_q100_f512_2 - INFO - query idx: [55229 51217 35535  1446 50846 34223 23303  8584 20149 88968 90457 44242
 66936 12363 53336 14815 42047 52833 15789 86158]
2020-03-26 14:51:19,258 - exp_torch_topics_d128_margin_i2000_b20_q100_f512_2 - INFO - finish step #31 for 14.217647075653076 sec
2020-03-26 14:51:19,258 - exp_torch_topics_d128_margin_i2000_b20_q100_f512_2 - INFO - current val_accuracy: 0.4655187637969095
2020-03-26 14:51:19,258 - exp_torch_topics_d128_margin_i2000_b20_q100_f512_2 - INFO - start step #32
2020-03-26 14:51:28,803 - exp_torch_topics_d128_margin_i2000_b20_q100_f512_2 - INFO - query idx: [37937 58006  2078 40635 51347 90384 13086 35621 89524 79800 67894 52503
 40530 45248 95985 11705 37000 69714 61933 65606]
2020-03-26 14:51:31,880 - exp_torch_topics_d128_margin_i2000_b20_q100_f512_2 - INFO - finish step #32 for 12.621649026870728 sec
2020-03-26 14:51:31,880 - exp_torch_topics_d128_margin_i2000_b20_q100_f512_2 - INFO - current val_accuracy: 0.4691979396615158
2020-03-26 14:51:31,880 - exp_torch_topics_d128_margin_i2000_b20_q100_f512_2 - INFO - start step #33
2020-03-26 14:51:38,322 - exp_torch_topics_d128_margin_i2000_b20_q100_f512_2 - INFO - query idx: [31864 53951 46947 68708 18991 10305  7034 24265 28329 41646 64518 57107
 47826 11056 64107 66268 47814 49905 59079 54473]
2020-03-26 14:51:41,241 - exp_torch_topics_d128_margin_i2000_b20_q100_f512_2 - INFO - finish step #33 for 9.360644102096558 sec
2020-03-26 14:51:41,241 - exp_torch_topics_d128_margin_i2000_b20_q100_f512_2 - INFO - current val_accuracy: 0.4679028697571744
2020-03-26 14:51:41,242 - exp_torch_topics_d128_margin_i2000_b20_q100_f512_2 - INFO - start step #34
2020-03-26 14:51:47,881 - exp_torch_topics_d128_margin_i2000_b20_q100_f512_2 - INFO - query idx: [75719  2716  2312 10842 56260 95322  5632 30673 95749 54539 76145 51746
 28832 71146 39695 92999  8545 16677 82200 49275]
2020-03-26 14:51:50,795 - exp_torch_topics_d128_margin_i2000_b20_q100_f512_2 - INFO - finish step #34 for 9.553307056427002 sec
2020-03-26 14:51:50,795 - exp_torch_topics_d128_margin_i2000_b20_q100_f512_2 - INFO - current val_accuracy: 0.4692568064753495
2020-03-26 14:51:50,795 - exp_torch_topics_d128_margin_i2000_b20_q100_f512_2 - INFO - start step #35
2020-03-26 14:51:57,378 - exp_torch_topics_d128_margin_i2000_b20_q100_f512_2 - INFO - query idx: [ 7376 98328 74570 63720 26111 30889  5480 30003 88084 77346 96938 80349
   365 60975 40671 54715 20703 56908 75142 93497]
2020-03-26 14:52:00,205 - exp_torch_topics_d128_margin_i2000_b20_q100_f512_2 - INFO - finish step #35 for 9.409744024276733 sec
2020-03-26 14:52:00,205 - exp_torch_topics_d128_margin_i2000_b20_q100_f512_2 - INFO - current val_accuracy: 0.47364238410596027
2020-03-26 14:52:00,206 - exp_torch_topics_d128_margin_i2000_b20_q100_f512_2 - INFO - start step #36
2020-03-26 14:52:06,861 - exp_torch_topics_d128_margin_i2000_b20_q100_f512_2 - INFO - query idx: [88786 90727 45091 12725 59228 48288 24136 23139 95441 96517 49646 57397
 13379 48017 34595 16335 90977 16889 21228 73813]
2020-03-26 14:52:09,718 - exp_torch_topics_d128_margin_i2000_b20_q100_f512_2 - INFO - finish step #36 for 9.512367010116577 sec
2020-03-26 14:52:09,719 - exp_torch_topics_d128_margin_i2000_b20_q100_f512_2 - INFO - current val_accuracy: 0.47049300956585727
2020-03-26 14:52:09,719 - exp_torch_topics_d128_margin_i2000_b20_q100_f512_2 - INFO - start step #37
2020-03-26 14:52:16,125 - exp_torch_topics_d128_margin_i2000_b20_q100_f512_2 - INFO - query idx: [27002  4582 35240 49342 68763 58456 34365 20816 26320 72879  9268 49632
 56026 86213 46854 85289 64454 46131 66467 32096]
2020-03-26 14:52:19,002 - exp_torch_topics_d128_margin_i2000_b20_q100_f512_2 - INFO - finish step #37 for 9.282929182052612 sec
2020-03-26 14:52:19,002 - exp_torch_topics_d128_margin_i2000_b20_q100_f512_2 - INFO - current val_accuracy: 0.472317880794702
2020-03-26 14:52:19,002 - exp_torch_topics_d128_margin_i2000_b20_q100_f512_2 - INFO - start step #38
2020-03-26 14:52:25,148 - exp_torch_topics_d128_margin_i2000_b20_q100_f512_2 - INFO - query idx: [72781 84851 31421 38117 49867 97448 83503 12026 12351  9671 85349 57280
  1096 45771 94436 91672  6282 30417 96808  9706]
2020-03-26 14:52:28,112 - exp_torch_topics_d128_margin_i2000_b20_q100_f512_2 - INFO - finish step #38 for 9.10961103439331 sec
2020-03-26 14:52:28,112 - exp_torch_topics_d128_margin_i2000_b20_q100_f512_2 - INFO - current val_accuracy: 0.4751434878587196
2020-03-26 14:52:28,112 - exp_torch_topics_d128_margin_i2000_b20_q100_f512_2 - INFO - start step #39
2020-03-26 14:52:34,419 - exp_torch_topics_d128_margin_i2000_b20_q100_f512_2 - INFO - query idx: [80325 80132 97581  6212 24234 30656  2098 72078 28052 30310 38193 74995
 51883 57713 54795 39927  7695 29445 18120 74245]
2020-03-26 14:52:37,242 - exp_torch_topics_d128_margin_i2000_b20_q100_f512_2 - INFO - finish step #39 for 9.1300687789917 sec
2020-03-26 14:52:37,243 - exp_torch_topics_d128_margin_i2000_b20_q100_f512_2 - INFO - current val_accuracy: 0.47240618101545256
2020-03-26 14:52:37,243 - exp_torch_topics_d128_margin_i2000_b20_q100_f512_2 - INFO - start step #40
2020-03-26 14:52:43,698 - exp_torch_topics_d128_margin_i2000_b20_q100_f512_2 - INFO - query idx: [93583  1860 47160 41105  3831 38017 35405 19498 80971 37110 54802 24477
 59527 62128 75733 85145 37597 48345 42616 94453]
2020-03-26 14:52:46,561 - exp_torch_topics_d128_margin_i2000_b20_q100_f512_2 - INFO - finish step #40 for 9.318336009979248 sec
2020-03-26 14:52:46,561 - exp_torch_topics_d128_margin_i2000_b20_q100_f512_2 - INFO - current val_accuracy: 0.4739955849889625
2020-03-26 14:52:46,562 - exp_torch_topics_d128_margin_i2000_b20_q100_f512_2 - INFO - start step #41
2020-03-26 14:52:52,976 - exp_torch_topics_d128_margin_i2000_b20_q100_f512_2 - INFO - query idx: [ 7275 72091 95235 66618 36103 92520 59285 62363 35456 22002 57740 39500
 36967 82507 23152 66745 24136 69169 95285 84616]
2020-03-26 14:52:55,959 - exp_torch_topics_d128_margin_i2000_b20_q100_f512_2 - INFO - finish step #41 for 9.397228956222534 sec
2020-03-26 14:52:55,959 - exp_torch_topics_d128_margin_i2000_b20_q100_f512_2 - INFO - current val_accuracy: 0.4747608535688006
2020-03-26 14:52:55,959 - exp_torch_topics_d128_margin_i2000_b20_q100_f512_2 - INFO - start step #42
2020-03-26 14:53:02,515 - exp_torch_topics_d128_margin_i2000_b20_q100_f512_2 - INFO - query idx: [71960 29383 29224 41101 39152 80327 59025 22444 27914 82768 32147 76133
  3780 62213 76324 91495 23085 39930 74091 44796]
2020-03-26 14:53:05,414 - exp_torch_topics_d128_margin_i2000_b20_q100_f512_2 - INFO - finish step #42 for 9.454711675643921 sec
2020-03-26 14:53:05,414 - exp_torch_topics_d128_margin_i2000_b20_q100_f512_2 - INFO - current val_accuracy: 0.4723767476085357
2020-03-26 14:53:05,415 - exp_torch_topics_d128_margin_i2000_b20_q100_f512_2 - INFO - start step #43
2020-03-26 14:53:11,652 - exp_torch_topics_d128_margin_i2000_b20_q100_f512_2 - INFO - query idx: [ 4410  7361 41013 61017 95162 18259 67883 15712 63298 11116 68178 90341
 77110 26864 80088 35516 47329 77474 48124 74302]
2020-03-26 14:53:14,874 - exp_torch_topics_d128_margin_i2000_b20_q100_f512_2 - INFO - finish step #43 for 9.459656238555908 sec
2020-03-26 14:53:14,875 - exp_torch_topics_d128_margin_i2000_b20_q100_f512_2 - INFO - current val_accuracy: 0.47358351729212655
2020-03-26 14:53:14,875 - exp_torch_topics_d128_margin_i2000_b20_q100_f512_2 - INFO - start step #44
2020-03-26 14:53:21,131 - exp_torch_topics_d128_margin_i2000_b20_q100_f512_2 - INFO - query idx: [70852 45197 35790 46817 87831 71025 90076 32908 41348 29454 11114 59101
 86715 31148  9416 37638 95609 65960 69745 77614]
2020-03-26 14:53:24,023 - exp_torch_topics_d128_margin_i2000_b20_q100_f512_2 - INFO - finish step #44 for 9.147669076919556 sec
2020-03-26 14:53:24,023 - exp_torch_topics_d128_margin_i2000_b20_q100_f512_2 - INFO - current val_accuracy: 0.4722590139808683
2020-03-26 14:53:24,023 - exp_torch_topics_d128_margin_i2000_b20_q100_f512_2 - INFO - start step #45
2020-03-26 14:53:32,250 - exp_torch_topics_d128_margin_i2000_b20_q100_f512_2 - INFO - query idx: [ 2412 24905 10850 14334 31157 15964 57480 52630 98784 41238 76431  3876
 59185 34141 45590  9369 17314 74089 92627  6017]
2020-03-26 14:53:35,119 - exp_torch_topics_d128_margin_i2000_b20_q100_f512_2 - INFO - finish step #45 for 11.095335245132446 sec
2020-03-26 14:53:35,119 - exp_torch_topics_d128_margin_i2000_b20_q100_f512_2 - INFO - current val_accuracy: 0.47449595290654895
2020-03-26 14:53:35,119 - exp_torch_topics_d128_margin_i2000_b20_q100_f512_2 - INFO - start step #46
2020-03-26 14:53:44,127 - exp_torch_topics_d128_margin_i2000_b20_q100_f512_2 - INFO - query idx: [36627 70231 44075 82954 91542 25485 60936 89575 63583 98440 41318 69563
  3749 57576 63475  1064 48857  3164  2592 60615]
2020-03-26 14:53:47,212 - exp_torch_topics_d128_margin_i2000_b20_q100_f512_2 - INFO - finish step #46 for 12.091007947921753 sec
2020-03-26 14:53:47,215 - exp_torch_topics_d128_margin_i2000_b20_q100_f512_2 - INFO - current val_accuracy: 0.4760853568800589
2020-03-26 14:53:47,216 - exp_torch_topics_d128_margin_i2000_b20_q100_f512_2 - INFO - start step #47
2020-03-26 14:53:56,337 - exp_torch_topics_d128_margin_i2000_b20_q100_f512_2 - INFO - query idx: [33757 75783 52531 49042  6059 78399 18010 84001 24822 43044 72283 65815
 91167 38453 91470 15672 80048 42950 61109 16299]
2020-03-26 14:54:01,050 - exp_torch_topics_d128_margin_i2000_b20_q100_f512_2 - INFO - finish step #47 for 13.83444881439209 sec
2020-03-26 14:54:01,051 - exp_torch_topics_d128_margin_i2000_b20_q100_f512_2 - INFO - current val_accuracy: 0.4784988962472406
2020-03-26 14:54:01,051 - exp_torch_topics_d128_margin_i2000_b20_q100_f512_2 - INFO - start step #48
2020-03-26 14:54:10,346 - exp_torch_topics_d128_margin_i2000_b20_q100_f512_2 - INFO - query idx: [53175 77143 91569 40624 43505 39453 49274 88199 52948 43257  1469 68137
 20993 40326 47621 60296 60686 11540 73078 24287]
2020-03-26 14:54:14,362 - exp_torch_topics_d128_margin_i2000_b20_q100_f512_2 - INFO - finish step #48 for 13.311602115631104 sec
2020-03-26 14:54:14,363 - exp_torch_topics_d128_margin_i2000_b20_q100_f512_2 - INFO - current val_accuracy: 0.4777336276674025
2020-03-26 14:54:14,363 - exp_torch_topics_d128_margin_i2000_b20_q100_f512_2 - INFO - start step #49
2020-03-26 14:54:22,174 - exp_torch_topics_d128_margin_i2000_b20_q100_f512_2 - INFO - query idx: [45565 32840 63349 57422 91967 18854 57228 61261 30546 56016 13088 89094
  9986 38836 77994 67847 26799 12020 47750 65330]
2020-03-26 14:54:25,321 - exp_torch_topics_d128_margin_i2000_b20_q100_f512_2 - INFO - finish step #49 for 10.95804500579834 sec
2020-03-26 14:54:25,321 - exp_torch_topics_d128_margin_i2000_b20_q100_f512_2 - INFO - current val_accuracy: 0.472700515084621
2020-03-26 14:54:25,321 - exp_torch_topics_d128_margin_i2000_b20_q100_f512_2 - INFO - start step #50
2020-03-26 14:54:37,794 - exp_torch_topics_d128_margin_i2000_b20_q100_f512_2 - INFO - query idx: [18520 88294 85307 65823 84072 64439 20814 42913 79925 50423 96971 60267
 76498 89014 14702  8808 74013 89266 30456 10919]
2020-03-26 14:54:48,256 - exp_torch_topics_d128_margin_i2000_b20_q100_f512_2 - INFO - finish step #50 for 22.934546947479248 sec
2020-03-26 14:54:48,257 - exp_torch_topics_d128_margin_i2000_b20_q100_f512_2 - INFO - current val_accuracy: 0.4748197203826343
2020-03-26 14:54:48,258 - exp_torch_topics_d128_margin_i2000_b20_q100_f512_2 - INFO - start step #51
2020-03-26 14:55:09,990 - exp_torch_topics_d128_margin_i2000_b20_q100_f512_2 - INFO - query idx: [30445 73680 49748 55202 47446 74011  2914 46301 49963 26403 15692 67784
 63395 57014 22653 28099 54025 94600 12152 44489]
2020-03-26 14:55:14,385 - exp_torch_topics_d128_margin_i2000_b20_q100_f512_2 - INFO - finish step #51 for 26.12742304801941 sec
2020-03-26 14:55:14,385 - exp_torch_topics_d128_margin_i2000_b20_q100_f512_2 - INFO - current val_accuracy: 0.47817512877115526
2020-03-26 14:55:14,386 - exp_torch_topics_d128_margin_i2000_b20_q100_f512_2 - INFO - start step #52
2020-03-26 14:55:22,343 - exp_torch_topics_d128_margin_i2000_b20_q100_f512_2 - INFO - query idx: [85305 43616 69710 71010 44745 38312 20529 16013 38677 32027 30551 35238
 93830 24305 47705 43020 61774 17950 43433 76170]
2020-03-26 14:55:25,231 - exp_torch_topics_d128_margin_i2000_b20_q100_f512_2 - INFO - finish step #52 for 10.844881772994995 sec
2020-03-26 14:55:25,231 - exp_torch_topics_d128_margin_i2000_b20_q100_f512_2 - INFO - current val_accuracy: 0.4798822663723326
2020-03-26 14:55:25,231 - exp_torch_topics_d128_margin_i2000_b20_q100_f512_2 - INFO - start step #53
2020-03-26 14:55:31,387 - exp_torch_topics_d128_margin_i2000_b20_q100_f512_2 - INFO - query idx: [94612 86762 70049 19126 64505 98696 22713 27747 92736 88733 13387 18151
 67265 43492 47659 48847 40019 77060 24039 51062]
2020-03-26 14:55:38,559 - exp_torch_topics_d128_margin_i2000_b20_q100_f512_2 - INFO - finish step #53 for 13.327796936035156 sec
2020-03-26 14:55:38,561 - exp_torch_topics_d128_margin_i2000_b20_q100_f512_2 - INFO - current val_accuracy: 0.476055923473142
2020-03-26 14:55:38,561 - exp_torch_topics_d128_margin_i2000_b20_q100_f512_2 - INFO - start step #54
2020-03-26 14:55:56,658 - exp_torch_topics_d128_margin_i2000_b20_q100_f512_2 - INFO - query idx: [24457 11392 64757 10993 67333 73924 16134 27730 27052 47565 68059 47505
 87490 16881 36861 16162 31547 66809  6876 40180]
2020-03-26 14:56:02,695 - exp_torch_topics_d128_margin_i2000_b20_q100_f512_2 - INFO - finish step #54 for 24.133788108825684 sec
2020-03-26 14:56:02,695 - exp_torch_topics_d128_margin_i2000_b20_q100_f512_2 - INFO - current val_accuracy: 0.48261957321559973
2020-03-26 14:56:02,696 - exp_torch_topics_d128_margin_i2000_b20_q100_f512_2 - INFO - start step #55
2020-03-26 14:56:13,444 - exp_torch_topics_d128_margin_i2000_b20_q100_f512_2 - INFO - query idx: [87381 79930 44263 44624 74963 64826 90206 12807 35445  2547 88856 29946
  1063 68016 50069 82379  3738 82546 86826 67256]
2020-03-26 14:56:16,999 - exp_torch_topics_d128_margin_i2000_b20_q100_f512_2 - INFO - finish step #55 for 14.303019046783447 sec
2020-03-26 14:56:16,999 - exp_torch_topics_d128_margin_i2000_b20_q100_f512_2 - INFO - current val_accuracy: 0.4794407652685798
2020-03-26 14:56:16,999 - exp_torch_topics_d128_margin_i2000_b20_q100_f512_2 - INFO - start step #56
2020-03-26 14:56:26,662 - exp_torch_topics_d128_margin_i2000_b20_q100_f512_2 - INFO - query idx: [27397 85613 77128 78469 45113 57600   472 23427 34633 69298 69767 60828
 64762 88770 79889 24067 14242 35410 66201 49459]
2020-03-26 14:56:33,007 - exp_torch_topics_d128_margin_i2000_b20_q100_f512_2 - INFO - finish step #56 for 16.00801110267639 sec
2020-03-26 14:56:33,007 - exp_torch_topics_d128_margin_i2000_b20_q100_f512_2 - INFO - current val_accuracy: 0.4799411331861663
2020-03-26 14:56:33,007 - exp_torch_topics_d128_margin_i2000_b20_q100_f512_2 - INFO - start step #57
2020-03-26 14:56:43,731 - exp_torch_topics_d128_margin_i2000_b20_q100_f512_2 - INFO - query idx: [25204 51708 91860 85869 74405 61794  3985 49311 43360 77932 32600 66496
  6070 98388 61089 19901 44108  5391 47912 63492]
2020-03-26 14:56:47,013 - exp_torch_topics_d128_margin_i2000_b20_q100_f512_2 - INFO - finish step #57 for 14.00532579421997 sec
2020-03-26 14:56:47,013 - exp_torch_topics_d128_margin_i2000_b20_q100_f512_2 - INFO - current val_accuracy: 0.4794407652685798
2020-03-26 14:56:47,013 - exp_torch_topics_d128_margin_i2000_b20_q100_f512_2 - INFO - start step #58
2020-03-26 14:56:53,285 - exp_torch_topics_d128_margin_i2000_b20_q100_f512_2 - INFO - query idx: [ 9917  2692 97279 97712 51439 44963 14716 20652 11055 32559 50644 26635
 97550 47961 87618 38407 21796 44639  6003  6876]
2020-03-26 14:56:56,486 - exp_torch_topics_d128_margin_i2000_b20_q100_f512_2 - INFO - finish step #58 for 9.472737073898315 sec
2020-03-26 14:56:56,486 - exp_torch_topics_d128_margin_i2000_b20_q100_f512_2 - INFO - current val_accuracy: 0.4812067696835909
2020-03-26 14:56:56,486 - exp_torch_topics_d128_margin_i2000_b20_q100_f512_2 - INFO - start step #59
2020-03-26 14:57:02,349 - exp_torch_topics_d128_margin_i2000_b20_q100_f512_2 - INFO - query idx: [48487 66662 81158 20517 47177 24295 58335 53464 89664  6140   669 84406
 94822   742 64309 45276 74458 54834  7336 73367]
2020-03-26 14:57:05,148 - exp_torch_topics_d128_margin_i2000_b20_q100_f512_2 - INFO - finish step #59 for 8.661630153656006 sec
2020-03-26 14:57:05,148 - exp_torch_topics_d128_margin_i2000_b20_q100_f512_2 - INFO - current val_accuracy: 0.4813539367181751
2020-03-26 14:57:05,148 - exp_torch_topics_d128_margin_i2000_b20_q100_f512_2 - INFO - start step #60
2020-03-26 14:57:11,115 - exp_torch_topics_d128_margin_i2000_b20_q100_f512_2 - INFO - query idx: [84920 18951 63704 17022 56804 25223 54454 26493 84981 81419  5280 48027
 45571 12206 26917  3270 90490 34710 83663  2017]
2020-03-26 14:57:14,101 - exp_torch_topics_d128_margin_i2000_b20_q100_f512_2 - INFO - finish step #60 for 8.952193975448608 sec
2020-03-26 14:57:14,101 - exp_torch_topics_d128_margin_i2000_b20_q100_f512_2 - INFO - current val_accuracy: 0.4792347314201619
2020-03-26 14:57:14,101 - exp_torch_topics_d128_margin_i2000_b20_q100_f512_2 - INFO - start step #61
2020-03-26 14:57:24,101 - exp_torch_topics_d128_margin_i2000_b20_q100_f512_2 - INFO - query idx: [22769 68393 79122  8603 39466 51321 74588 16500 73806 62147 69885 75396
 63039 63444 94422 24792 52632 75339 78268 26157]
2020-03-26 14:57:27,048 - exp_torch_topics_d128_margin_i2000_b20_q100_f512_2 - INFO - finish step #61 for 12.94652795791626 sec
2020-03-26 14:57:27,048 - exp_torch_topics_d128_margin_i2000_b20_q100_f512_2 - INFO - current val_accuracy: 0.4847682119205298
2020-03-26 14:57:27,048 - exp_torch_topics_d128_margin_i2000_b20_q100_f512_2 - INFO - start step #62
2020-03-26 14:57:32,798 - exp_torch_topics_d128_margin_i2000_b20_q100_f512_2 - INFO - query idx: [18628 68233 47674 88648 42537 23495 96863 50099 38267 63703 85455 80917
 81156 21821 81653 23919 46845  2328 41330  6153]
2020-03-26 14:57:35,484 - exp_torch_topics_d128_margin_i2000_b20_q100_f512_2 - INFO - finish step #62 for 8.435284852981567 sec
2020-03-26 14:57:35,484 - exp_torch_topics_d128_margin_i2000_b20_q100_f512_2 - INFO - current val_accuracy: 0.4830316409124356
2020-03-26 14:57:35,484 - exp_torch_topics_d128_margin_i2000_b20_q100_f512_2 - INFO - start step #63
2020-03-26 14:57:42,126 - exp_torch_topics_d128_margin_i2000_b20_q100_f512_2 - INFO - query idx: [28472 82100 38169 77387 49148 82474 66137 51528  2828 14118 56493 81581
 88382 87079 33477 83022 45346 52686 54452 90186]
2020-03-26 14:57:45,119 - exp_torch_topics_d128_margin_i2000_b20_q100_f512_2 - INFO - finish step #63 for 9.634400129318237 sec
2020-03-26 14:57:45,119 - exp_torch_topics_d128_margin_i2000_b20_q100_f512_2 - INFO - current val_accuracy: 0.48653421633554084
2020-03-26 14:57:45,119 - exp_torch_topics_d128_margin_i2000_b20_q100_f512_2 - INFO - start step #64
2020-03-26 14:57:55,317 - exp_torch_topics_d128_margin_i2000_b20_q100_f512_2 - INFO - query idx: [80741 72767 52281  9380 43672 33812 57722 97941 12468 95736 86649 85827
 57618 36344 77244 71603 39076 72618 79578  7381]
2020-03-26 14:57:59,151 - exp_torch_topics_d128_margin_i2000_b20_q100_f512_2 - INFO - finish step #64 for 14.03222107887268 sec
2020-03-26 14:57:59,152 - exp_torch_topics_d128_margin_i2000_b20_q100_f512_2 - INFO - current val_accuracy: 0.4875055187637969
2020-03-26 14:57:59,152 - exp_torch_topics_d128_margin_i2000_b20_q100_f512_2 - INFO - start step #65
2020-03-26 14:58:05,151 - exp_torch_topics_d128_margin_i2000_b20_q100_f512_2 - INFO - query idx: [92777 28071 13745 31862 23461 70668 95345 65696 42430 64425 46157 71188
 22360 63490 42345 43212 52803 56807 49067 74869]
2020-03-26 14:58:07,913 - exp_torch_topics_d128_margin_i2000_b20_q100_f512_2 - INFO - finish step #65 for 8.761058807373047 sec
2020-03-26 14:58:07,913 - exp_torch_topics_d128_margin_i2000_b20_q100_f512_2 - INFO - current val_accuracy: 0.4873289183222958
2020-03-26 14:58:07,913 - exp_torch_topics_d128_margin_i2000_b20_q100_f512_2 - INFO - start step #66
2020-03-26 14:58:13,847 - exp_torch_topics_d128_margin_i2000_b20_q100_f512_2 - INFO - query idx: [  281 64811 33266 13848 91663  9100 91973 42179 74516 50111 92356 63370
 50418 62375 46329 67359 62887 40097   562 90144]
2020-03-26 14:58:16,645 - exp_torch_topics_d128_margin_i2000_b20_q100_f512_2 - INFO - finish step #66 for 8.731546878814697 sec
2020-03-26 14:58:16,645 - exp_torch_topics_d128_margin_i2000_b20_q100_f512_2 - INFO - current val_accuracy: 0.48420897718910966
2020-03-26 14:58:16,645 - exp_torch_topics_d128_margin_i2000_b20_q100_f512_2 - INFO - start step #67
2020-03-26 14:58:22,818 - exp_torch_topics_d128_margin_i2000_b20_q100_f512_2 - INFO - query idx: [88104 70947 44799 11014   111  7918 58006 34768 87129 92649  6946 47487
 67775 53102 52860 26375 80292 36268 30118 75746]
2020-03-26 14:58:25,504 - exp_torch_topics_d128_margin_i2000_b20_q100_f512_2 - INFO - finish step #67 for 8.858410120010376 sec
2020-03-26 14:58:25,504 - exp_torch_topics_d128_margin_i2000_b20_q100_f512_2 - INFO - current val_accuracy: 0.48676968359087563
2020-03-26 14:58:25,504 - exp_torch_topics_d128_margin_i2000_b20_q100_f512_2 - INFO - start step #68
2020-03-26 14:58:32,387 - exp_torch_topics_d128_margin_i2000_b20_q100_f512_2 - INFO - query idx: [56728 10626 77669 22870 59958 83933 80070 11130 42675 23937 62289 18495
 57293 82799 33665 49345 52279 95769 92241 13046]
2020-03-26 14:58:35,136 - exp_torch_topics_d128_margin_i2000_b20_q100_f512_2 - INFO - finish step #68 for 9.631107091903687 sec
2020-03-26 14:58:35,136 - exp_torch_topics_d128_margin_i2000_b20_q100_f512_2 - INFO - current val_accuracy: 0.4915673289183223
2020-03-26 14:58:35,136 - exp_torch_topics_d128_margin_i2000_b20_q100_f512_2 - INFO - start step #69
2020-03-26 14:58:41,051 - exp_torch_topics_d128_margin_i2000_b20_q100_f512_2 - INFO - query idx: [12021 70641 66840 62058 37336 91517 34484 96232 48416 56927 63303 50575
 80137 37274 94145 40385 84356 88703 68458   599]
2020-03-26 14:58:43,760 - exp_torch_topics_d128_margin_i2000_b20_q100_f512_2 - INFO - finish step #69 for 8.62440299987793 sec
2020-03-26 14:58:43,761 - exp_torch_topics_d128_margin_i2000_b20_q100_f512_2 - INFO - current val_accuracy: 0.49103752759381897
2020-03-26 14:58:43,761 - exp_torch_topics_d128_margin_i2000_b20_q100_f512_2 - INFO - start step #70
2020-03-26 14:58:57,296 - exp_torch_topics_d128_margin_i2000_b20_q100_f512_2 - INFO - query idx: [54183 72847 40259 46472 77531 37878 47897 28454 48793  2864  5458 49255
 88559 63452 22116 60702 68417 41570  9644 45284]
2020-03-26 14:59:04,125 - exp_torch_topics_d128_margin_i2000_b20_q100_f512_2 - INFO - finish step #70 for 20.364327907562256 sec
2020-03-26 14:59:04,126 - exp_torch_topics_d128_margin_i2000_b20_q100_f512_2 - INFO - current val_accuracy: 0.48741721854304637
2020-03-26 14:59:04,126 - exp_torch_topics_d128_margin_i2000_b20_q100_f512_2 - INFO - start step #71
2020-03-26 14:59:10,332 - exp_torch_topics_d128_margin_i2000_b20_q100_f512_2 - INFO - query idx: [19868  7050 22942 47912 24096 84242 81752 29940 13224 46014 39034 26947
 74446 63980  9440 30091 84971 69581 62270 30683]
2020-03-26 14:59:13,266 - exp_torch_topics_d128_margin_i2000_b20_q100_f512_2 - INFO - finish step #71 for 9.140432834625244 sec
2020-03-26 14:59:13,267 - exp_torch_topics_d128_margin_i2000_b20_q100_f512_2 - INFO - current val_accuracy: 0.4908609271523179
2020-03-26 14:59:13,267 - exp_torch_topics_d128_margin_i2000_b20_q100_f512_2 - INFO - start step #72
2020-03-26 14:59:19,211 - exp_torch_topics_d128_margin_i2000_b20_q100_f512_2 - INFO - query idx: [16350 12255  6394 98290 93750 29181 83507 11937 30622 56863  8590 47218
 47498 94321 71931 64796 50356 41085 62552 93294]
2020-03-26 14:59:21,907 - exp_torch_topics_d128_margin_i2000_b20_q100_f512_2 - INFO - finish step #72 for 8.639704942703247 sec
2020-03-26 14:59:21,907 - exp_torch_topics_d128_margin_i2000_b20_q100_f512_2 - INFO - current val_accuracy: 0.48906548933039
2020-03-26 14:59:21,907 - exp_torch_topics_d128_margin_i2000_b20_q100_f512_2 - INFO - start step #73
2020-03-26 14:59:28,079 - exp_torch_topics_d128_margin_i2000_b20_q100_f512_2 - INFO - query idx: [44304 71747 88295 72533 97532 31702 17511  2902   508 82457 53733 57803
 54152 16845 45095 40271 63762 33115 87098 17494]
2020-03-26 14:59:30,737 - exp_torch_topics_d128_margin_i2000_b20_q100_f512_2 - INFO - finish step #73 for 8.830053091049194 sec
2020-03-26 14:59:30,737 - exp_torch_topics_d128_margin_i2000_b20_q100_f512_2 - INFO - current val_accuracy: 0.4903311258278146
2020-03-26 14:59:30,737 - exp_torch_topics_d128_margin_i2000_b20_q100_f512_2 - INFO - start step #74
2020-03-26 14:59:39,147 - exp_torch_topics_d128_margin_i2000_b20_q100_f512_2 - INFO - query idx: [52937 51398 66885 48576 55021  4602 43872 71029 75326 77632 78545 12891
 52992  2268 70473 24095 55752 97602  4446 59948]
2020-03-26 14:59:42,715 - exp_torch_topics_d128_margin_i2000_b20_q100_f512_2 - INFO - finish step #74 for 11.977839231491089 sec
2020-03-26 14:59:42,716 - exp_torch_topics_d128_margin_i2000_b20_q100_f512_2 - INFO - current val_accuracy: 0.4881530537159676
2020-03-26 14:59:42,716 - exp_torch_topics_d128_margin_i2000_b20_q100_f512_2 - INFO - start step #75
2020-03-26 14:59:48,398 - exp_torch_topics_d128_margin_i2000_b20_q100_f512_2 - INFO - query idx: [61890  7914 31087 24697  2738 90177 29515 71385 66636 67225 46365 63755
 67590 29507 67239 43555 79114 16924 17363 36466]
2020-03-26 14:59:51,142 - exp_torch_topics_d128_margin_i2000_b20_q100_f512_2 - INFO - finish step #75 for 8.426480293273926 sec
2020-03-26 14:59:51,143 - exp_torch_topics_d128_margin_i2000_b20_q100_f512_2 - INFO - current val_accuracy: 0.49142016188373805
2020-03-26 14:59:51,143 - exp_torch_topics_d128_margin_i2000_b20_q100_f512_2 - INFO - start step #76
2020-03-26 14:59:57,322 - exp_torch_topics_d128_margin_i2000_b20_q100_f512_2 - INFO - query idx: [75209 63066 59482 48204  6225 66086 31990 90893 28205 16037 94394 76236
 88647 12147 10046 73609 37801 94961 48051 80309]
2020-03-26 15:00:00,182 - exp_torch_topics_d128_margin_i2000_b20_q100_f512_2 - INFO - finish step #76 for 9.038783073425293 sec
2020-03-26 15:00:00,182 - exp_torch_topics_d128_margin_i2000_b20_q100_f512_2 - INFO - current val_accuracy: 0.4880058866813834
2020-03-26 15:00:00,182 - exp_torch_topics_d128_margin_i2000_b20_q100_f512_2 - INFO - start step #77
2020-03-26 15:00:12,334 - exp_torch_topics_d128_margin_i2000_b20_q100_f512_2 - INFO - query idx: [65080 18124  8381 94772 80483 77111 82546 29279 36927 84413 87825  9000
 27472   480 50782  9811 54159 56337 34840 58279]
2020-03-26 15:00:17,128 - exp_torch_topics_d128_margin_i2000_b20_q100_f512_2 - INFO - finish step #77 for 16.945457696914673 sec
2020-03-26 15:00:17,130 - exp_torch_topics_d128_margin_i2000_b20_q100_f512_2 - INFO - current val_accuracy: 0.49112582781456954
2020-03-26 15:00:17,131 - exp_torch_topics_d128_margin_i2000_b20_q100_f512_2 - INFO - start step #78
2020-03-26 15:00:23,944 - exp_torch_topics_d128_margin_i2000_b20_q100_f512_2 - INFO - query idx: [ 1194 25021 50342 62491 66955 73627 62856 23455 56093 40319 38976 28014
 88423 16942 39372 63853 53332 21902 10850 79560]
2020-03-26 15:00:26,805 - exp_torch_topics_d128_margin_i2000_b20_q100_f512_2 - INFO - finish step #78 for 9.673345804214478 sec
2020-03-26 15:00:26,805 - exp_torch_topics_d128_margin_i2000_b20_q100_f512_2 - INFO - current val_accuracy: 0.4928329654157469
2020-03-26 15:00:26,805 - exp_torch_topics_d128_margin_i2000_b20_q100_f512_2 - INFO - start step #79
2020-03-26 15:00:32,583 - exp_torch_topics_d128_margin_i2000_b20_q100_f512_2 - INFO - query idx: [21022 97700 66293 37489 91776 97545 61974 74127 27512 24178 61746 59156
 13257 35208 76214 90856 41693 82065 78277  8377]
2020-03-26 15:00:35,321 - exp_torch_topics_d128_margin_i2000_b20_q100_f512_2 - INFO - finish step #79 for 8.516091108322144 sec
2020-03-26 15:00:35,321 - exp_torch_topics_d128_margin_i2000_b20_q100_f512_2 - INFO - current val_accuracy: 0.49118469462840325
2020-03-26 15:00:35,322 - exp_torch_topics_d128_margin_i2000_b20_q100_f512_2 - INFO - start step #80
2020-03-26 15:00:41,664 - exp_torch_topics_d128_margin_i2000_b20_q100_f512_2 - INFO - query idx: [ 1090  9836  9700 75243 67709 64737 91517 76332 27869 31425 31416 65180
 34107 41116  1834 11780  9416 67784  8914 34026]
2020-03-26 15:00:44,460 - exp_torch_topics_d128_margin_i2000_b20_q100_f512_2 - INFO - finish step #80 for 9.138581991195679 sec
2020-03-26 15:00:44,460 - exp_torch_topics_d128_margin_i2000_b20_q100_f512_2 - INFO - current val_accuracy: 0.49127299484915377
2020-03-26 15:00:44,461 - exp_torch_topics_d128_margin_i2000_b20_q100_f512_2 - INFO - start step #81
2020-03-26 15:00:50,539 - exp_torch_topics_d128_margin_i2000_b20_q100_f512_2 - INFO - query idx: [63435 16943 95473 35297 17438 78506 12588 68061 42721  4365 76828 78170
 22203 94077 94220 77555 40833  9532 80090 85916]
2020-03-26 15:00:53,640 - exp_torch_topics_d128_margin_i2000_b20_q100_f512_2 - INFO - finish step #81 for 9.179465055465698 sec
2020-03-26 15:00:53,640 - exp_torch_topics_d128_margin_i2000_b20_q100_f512_2 - INFO - current val_accuracy: 0.49333333333333335
2020-03-26 15:00:53,641 - exp_torch_topics_d128_margin_i2000_b20_q100_f512_2 - INFO - start step #82
2020-03-26 15:01:00,058 - exp_torch_topics_d128_margin_i2000_b20_q100_f512_2 - INFO - query idx: [76124 48589  8268 27567 37068 17594 19207 90470 18695 25049 91545 96682
 85892 22664 42220  2599 62334 55393 45097 94120]
2020-03-26 15:01:02,953 - exp_torch_topics_d128_margin_i2000_b20_q100_f512_2 - INFO - finish step #82 for 9.31281304359436 sec
2020-03-26 15:01:02,954 - exp_torch_topics_d128_margin_i2000_b20_q100_f512_2 - INFO - current val_accuracy: 0.49342163355408386
2020-03-26 15:01:02,954 - exp_torch_topics_d128_margin_i2000_b20_q100_f512_2 - INFO - start step #83
2020-03-26 15:01:09,155 - exp_torch_topics_d128_margin_i2000_b20_q100_f512_2 - INFO - query idx: [63358  9624 42254 26601 50997 98109 24251 21422 81109 24965 39009 14887
 89204  8883 57572  9028 19077 93293 92090 32810]
2020-03-26 15:01:11,892 - exp_torch_topics_d128_margin_i2000_b20_q100_f512_2 - INFO - finish step #83 for 8.938268899917603 sec
2020-03-26 15:01:11,892 - exp_torch_topics_d128_margin_i2000_b20_q100_f512_2 - INFO - current val_accuracy: 0.49112582781456954
2020-03-26 15:01:11,893 - exp_torch_topics_d128_margin_i2000_b20_q100_f512_2 - INFO - start step #84
2020-03-26 15:01:17,846 - exp_torch_topics_d128_margin_i2000_b20_q100_f512_2 - INFO - query idx: [ 2870 10565 31535 51814 12317 62901 14953 13619 33720 55485 46981 13371
 46163 70115  5131 80929  2624 64716 48127 11021]
2020-03-26 15:01:20,604 - exp_torch_topics_d128_margin_i2000_b20_q100_f512_2 - INFO - finish step #84 for 8.711573123931885 sec
2020-03-26 15:01:20,604 - exp_torch_topics_d128_margin_i2000_b20_q100_f512_2 - INFO - current val_accuracy: 0.4946578366445916
2020-03-26 15:01:20,605 - exp_torch_topics_d128_margin_i2000_b20_q100_f512_2 - INFO - start step #85
2020-03-26 15:01:26,613 - exp_torch_topics_d128_margin_i2000_b20_q100_f512_2 - INFO - query idx: [65662 57742 42308 41530  5106 62015 52545 86521   164 44906 82009 58404
 85128 55435 58308 38515 62627 95074  6299  7239]
2020-03-26 15:01:30,175 - exp_torch_topics_d128_margin_i2000_b20_q100_f512_2 - INFO - finish step #85 for 9.570000886917114 sec
2020-03-26 15:01:30,176 - exp_torch_topics_d128_margin_i2000_b20_q100_f512_2 - INFO - current val_accuracy: 0.4946578366445916
2020-03-26 15:01:30,176 - exp_torch_topics_d128_margin_i2000_b20_q100_f512_2 - INFO - start step #86
2020-03-26 15:01:36,733 - exp_torch_topics_d128_margin_i2000_b20_q100_f512_2 - INFO - query idx: [11970 52502 19132 51594 92506  3870 41540 19012 64883 68780 25401 80302
 41362 50337 80947 90386 14376 33704 45054 41928]
2020-03-26 15:01:40,108 - exp_torch_topics_d128_margin_i2000_b20_q100_f512_2 - INFO - finish step #86 for 9.932327032089233 sec
2020-03-26 15:01:40,109 - exp_torch_topics_d128_margin_i2000_b20_q100_f512_2 - INFO - current val_accuracy: 0.49518763796909493
2020-03-26 15:01:40,109 - exp_torch_topics_d128_margin_i2000_b20_q100_f512_2 - INFO - start step #87
2020-03-26 15:01:46,436 - exp_torch_topics_d128_margin_i2000_b20_q100_f512_2 - INFO - query idx: [69115 76383 64895 80924 95868 85633 57936  8578 34855 41231 38821 38900
 88636 61834 79229 52124 30640 13611 20785 30141]
2020-03-26 15:01:49,255 - exp_torch_topics_d128_margin_i2000_b20_q100_f512_2 - INFO - finish step #87 for 9.145612001419067 sec
2020-03-26 15:01:49,255 - exp_torch_topics_d128_margin_i2000_b20_q100_f512_2 - INFO - current val_accuracy: 0.49356880058866814
2020-03-26 15:01:49,255 - exp_torch_topics_d128_margin_i2000_b20_q100_f512_2 - INFO - start step #88
2020-03-26 15:02:09,007 - exp_torch_topics_d128_margin_i2000_b20_q100_f512_2 - INFO - query idx: [17203 53705 96708 58505  9047 62585 46954 14645 13420 84657  2452 47668
 61693 42432 51587 90889 55403 14171  2755 29751]
2020-03-26 15:02:20,774 - exp_torch_topics_d128_margin_i2000_b20_q100_f512_2 - INFO - finish step #88 for 31.519036293029785 sec
2020-03-26 15:02:20,774 - exp_torch_topics_d128_margin_i2000_b20_q100_f512_2 - INFO - current val_accuracy: 0.4925386313465784
2020-03-26 15:02:20,775 - exp_torch_topics_d128_margin_i2000_b20_q100_f512_2 - INFO - start step #89
2020-03-26 15:02:26,585 - exp_torch_topics_d128_margin_i2000_b20_q100_f512_2 - INFO - query idx: [74352  2461 35595 65251 89258 87565 43792 11927 35991 29449 67749 29866
 74783 76526 40432 48435  2766 52632 48724 55575]
2020-03-26 15:02:29,339 - exp_torch_topics_d128_margin_i2000_b20_q100_f512_2 - INFO - finish step #89 for 8.564481735229492 sec
2020-03-26 15:02:29,339 - exp_torch_topics_d128_margin_i2000_b20_q100_f512_2 - INFO - current val_accuracy: 0.49350993377483443
2020-03-26 15:02:29,340 - exp_torch_topics_d128_margin_i2000_b20_q100_f512_2 - INFO - start step #90
2020-03-26 15:02:35,102 - exp_torch_topics_d128_margin_i2000_b20_q100_f512_2 - INFO - query idx: [  792 14145 94786 75854 76729 83925 50590 89193 68514 83852 33247 30463
 70596 11869 56001 54430 13658 87021 67656 82357]
2020-03-26 15:02:37,976 - exp_torch_topics_d128_margin_i2000_b20_q100_f512_2 - INFO - finish step #90 for 8.636529922485352 sec
2020-03-26 15:02:37,976 - exp_torch_topics_d128_margin_i2000_b20_q100_f512_2 - INFO - current val_accuracy: 0.49630610743193526
2020-03-26 15:02:37,977 - exp_torch_topics_d128_margin_i2000_b20_q100_f512_2 - INFO - start step #91
2020-03-26 15:02:43,772 - exp_torch_topics_d128_margin_i2000_b20_q100_f512_2 - INFO - query idx: [ 4595 39416 34536 80257   773 50166 70796 55352 81326 82939 20364 89776
 64968 44924 57233  4294 92827 87838 16982 54259]
2020-03-26 15:02:46,696 - exp_torch_topics_d128_margin_i2000_b20_q100_f512_2 - INFO - finish step #91 for 8.7190842628479 sec
2020-03-26 15:02:46,696 - exp_torch_topics_d128_margin_i2000_b20_q100_f512_2 - INFO - current val_accuracy: 0.4955114054451803
2020-03-26 15:02:46,696 - exp_torch_topics_d128_margin_i2000_b20_q100_f512_2 - INFO - start step #92
2020-03-26 15:02:52,742 - exp_torch_topics_d128_margin_i2000_b20_q100_f512_2 - INFO - query idx: [12949 39974  4522 96746  3716  5857 18968 72354 33509 71358 34971 84594
 97125 43816 21143 67375  9257 36736 51787 23060]
2020-03-26 15:02:55,590 - exp_torch_topics_d128_margin_i2000_b20_q100_f512_2 - INFO - finish step #92 for 8.893531084060669 sec
2020-03-26 15:02:55,590 - exp_torch_topics_d128_margin_i2000_b20_q100_f512_2 - INFO - current val_accuracy: 0.496158940397351
2020-03-26 15:02:55,590 - exp_torch_topics_d128_margin_i2000_b20_q100_f512_2 - INFO - start step #93
2020-03-26 15:03:01,483 - exp_torch_topics_d128_margin_i2000_b20_q100_f512_2 - INFO - query idx: [ 7578 63963 38898  5342 41473 36319 24968 59384 34370 59814 12937 65338
 25211 68910 79623 61999 70824 45586 34007 77667]
2020-03-26 15:03:04,358 - exp_torch_topics_d128_margin_i2000_b20_q100_f512_2 - INFO - finish step #93 for 8.767328023910522 sec
2020-03-26 15:03:04,358 - exp_torch_topics_d128_margin_i2000_b20_q100_f512_2 - INFO - current val_accuracy: 0.49851361295069907
2020-03-26 15:03:04,358 - exp_torch_topics_d128_margin_i2000_b20_q100_f512_2 - INFO - start step #94
2020-03-26 15:03:12,228 - exp_torch_topics_d128_margin_i2000_b20_q100_f512_2 - INFO - query idx: [ 4002 10291 69782  5760 11417 45555  6804 81085 46398 56626 55974 58243
 34071 96833 24333 47845 63651 14203 18251 97356]
2020-03-26 15:03:16,928 - exp_torch_topics_d128_margin_i2000_b20_q100_f512_2 - INFO - finish step #94 for 12.570143222808838 sec
2020-03-26 15:03:16,932 - exp_torch_topics_d128_margin_i2000_b20_q100_f512_2 - INFO - current val_accuracy: 0.49533480500367916
2020-03-26 15:03:16,932 - exp_torch_topics_d128_margin_i2000_b20_q100_f512_2 - INFO - start step #95
2020-03-26 15:03:23,230 - exp_torch_topics_d128_margin_i2000_b20_q100_f512_2 - INFO - query idx: [63756 19769 14013 21421 40496  4508 22461 86960 10682 41592 42142 78235
 26347 97179 20151 18929 78597 70899 40554 91733]
2020-03-26 15:03:26,017 - exp_torch_topics_d128_margin_i2000_b20_q100_f512_2 - INFO - finish step #95 for 9.084179878234863 sec
2020-03-26 15:03:26,017 - exp_torch_topics_d128_margin_i2000_b20_q100_f512_2 - INFO - current val_accuracy: 0.49371596762325237
2020-03-26 15:03:26,017 - exp_torch_topics_d128_margin_i2000_b20_q100_f512_2 - INFO - start step #96
2020-03-26 15:03:31,935 - exp_torch_topics_d128_margin_i2000_b20_q100_f512_2 - INFO - query idx: [ 8313 69579 41051 72053 29586 90233 18462 77528 23993 63782  7305 15931
 93168 74022 71504 18039 84719 29991 89623 11453]
2020-03-26 15:03:35,032 - exp_torch_topics_d128_margin_i2000_b20_q100_f512_2 - INFO - finish step #96 for 9.01427674293518 sec
2020-03-26 15:03:35,032 - exp_torch_topics_d128_margin_i2000_b20_q100_f512_2 - INFO - current val_accuracy: 0.49610007358351726
2020-03-26 15:03:35,032 - exp_torch_topics_d128_margin_i2000_b20_q100_f512_2 - INFO - start step #97
2020-03-26 15:03:40,665 - exp_torch_topics_d128_margin_i2000_b20_q100_f512_2 - INFO - query idx: [79003 90651    29 77300 67880 30815 59108 22802 89720 31964 62587 76433
 69720 61209 93235 73572 66314 47514 57365 67671]
2020-03-26 15:03:43,591 - exp_torch_topics_d128_margin_i2000_b20_q100_f512_2 - INFO - finish step #97 for 8.559131145477295 sec
2020-03-26 15:03:43,591 - exp_torch_topics_d128_margin_i2000_b20_q100_f512_2 - INFO - current val_accuracy: 0.49256806475349524
2020-03-26 15:03:43,591 - exp_torch_topics_d128_margin_i2000_b20_q100_f512_2 - INFO - start step #98
2020-03-26 15:03:49,690 - exp_torch_topics_d128_margin_i2000_b20_q100_f512_2 - INFO - query idx: [ 6960  5463  5626 74222 27450 12278 10775 48071 81819 77684 39634 53413
 81465 33835 26843 46612 49089 10968 14435   290]
2020-03-26 15:03:52,569 - exp_torch_topics_d128_margin_i2000_b20_q100_f512_2 - INFO - finish step #98 for 8.977402687072754 sec
2020-03-26 15:03:52,569 - exp_torch_topics_d128_margin_i2000_b20_q100_f512_2 - INFO - current val_accuracy: 0.49601177336276675
2020-03-26 15:03:52,569 - exp_torch_topics_d128_margin_i2000_b20_q100_f512_2 - INFO - start step #99
2020-03-26 15:03:58,370 - exp_torch_topics_d128_margin_i2000_b20_q100_f512_2 - INFO - query idx: [42452  4662 56733 97812 65138 63783 83052 12743 16537 90531 79772 73666
 19789 89007 87491 39386 25471 42382 78595 94423]
2020-03-26 15:04:01,207 - exp_torch_topics_d128_margin_i2000_b20_q100_f512_2 - INFO - finish step #99 for 8.637168169021606 sec
2020-03-26 15:04:01,207 - exp_torch_topics_d128_margin_i2000_b20_q100_f512_2 - INFO - current val_accuracy: 0.4960412067696836
2020-03-26 15:04:01,207 - exp_torch_topics_d128_margin_i2000_b20_q100_f512_2 - INFO - finish experiment process for 1150.6984119415283 sec
