2020-03-27 04:48:08,848 - exp_torch_topics_d128_bald_entropy3_i2000_b20_q100_sf512_1 - INFO - start experiment process
2020-03-27 04:48:13,504 - exp_torch_topics_d128_bald_entropy3_i2000_b20_q100_sf512_1 - INFO - initial val_accuracy: 0.45359823399558497
2020-03-27 04:48:13,505 - exp_torch_topics_d128_bald_entropy3_i2000_b20_q100_sf512_1 - INFO - start step #0
2020-03-27 04:48:50,583 - exp_torch_topics_d128_bald_entropy3_i2000_b20_q100_sf512_1 - INFO - query idx: [22799 16065 62255 68387 51982  7951 84470 25703 22247 88446 91698 54136
 12921 52800 68800 98094 20013 72590 61246 42440]
2020-03-27 04:48:55,223 - exp_torch_topics_d128_bald_entropy3_i2000_b20_q100_sf512_1 - INFO - finish step #0 for 41.718169927597046 sec
2020-03-27 04:48:55,224 - exp_torch_topics_d128_bald_entropy3_i2000_b20_q100_sf512_1 - INFO - current val_accuracy: 0.451626195732156
2020-03-27 04:48:55,224 - exp_torch_topics_d128_bald_entropy3_i2000_b20_q100_sf512_1 - INFO - start step #1
2020-03-27 04:49:19,836 - exp_torch_topics_d128_bald_entropy3_i2000_b20_q100_sf512_1 - INFO - query idx: [84129 67030 75813  3412  6262 12692  2332 45288 55294 97432  8709  4488
 71012 76795 33051 16284 46501 95957 72871 45743]
2020-03-27 04:49:22,240 - exp_torch_topics_d128_bald_entropy3_i2000_b20_q100_sf512_1 - INFO - finish step #1 for 27.016472101211548 sec
2020-03-27 04:49:22,241 - exp_torch_topics_d128_bald_entropy3_i2000_b20_q100_sf512_1 - INFO - current val_accuracy: 0.4500073583517292
2020-03-27 04:49:22,241 - exp_torch_topics_d128_bald_entropy3_i2000_b20_q100_sf512_1 - INFO - start step #2
2020-03-27 04:49:46,627 - exp_torch_topics_d128_bald_entropy3_i2000_b20_q100_sf512_1 - INFO - query idx: [ 9122 89919 95435  3086 74886 44196 12994 46084 84209 54757 18198  4163
 27636 81815 59421 36080 26732 18281 35728 25699]
2020-03-27 04:49:49,000 - exp_torch_topics_d128_bald_entropy3_i2000_b20_q100_sf512_1 - INFO - finish step #2 for 26.7588050365448 sec
2020-03-27 04:49:49,000 - exp_torch_topics_d128_bald_entropy3_i2000_b20_q100_sf512_1 - INFO - current val_accuracy: 0.4538631346578366
2020-03-27 04:49:49,000 - exp_torch_topics_d128_bald_entropy3_i2000_b20_q100_sf512_1 - INFO - start step #3
2020-03-27 04:50:13,968 - exp_torch_topics_d128_bald_entropy3_i2000_b20_q100_sf512_1 - INFO - query idx: [ 9082 45599 45006 55866 89143 53941 21351 47977  3379 61340  7050 49999
  5500  7679 40947 12885 38075 85060 58076 40254]
2020-03-27 04:50:16,291 - exp_torch_topics_d128_bald_entropy3_i2000_b20_q100_sf512_1 - INFO - finish step #3 for 27.290874004364014 sec
2020-03-27 04:50:16,291 - exp_torch_topics_d128_bald_entropy3_i2000_b20_q100_sf512_1 - INFO - current val_accuracy: 0.45689477557027225
2020-03-27 04:50:16,291 - exp_torch_topics_d128_bald_entropy3_i2000_b20_q100_sf512_1 - INFO - start step #4
2020-03-27 04:50:40,805 - exp_torch_topics_d128_bald_entropy3_i2000_b20_q100_sf512_1 - INFO - query idx: [16261 98242 50978 35539 13757  2628 68957 41183 10699 95130 28045 10502
 57792 39863 54017 91967 50021 54202 56707 34185]
2020-03-27 04:50:44,089 - exp_torch_topics_d128_bald_entropy3_i2000_b20_q100_sf512_1 - INFO - finish step #4 for 27.79762101173401 sec
2020-03-27 04:50:44,089 - exp_torch_topics_d128_bald_entropy3_i2000_b20_q100_sf512_1 - INFO - current val_accuracy: 0.4601618837380427
2020-03-27 04:50:44,089 - exp_torch_topics_d128_bald_entropy3_i2000_b20_q100_sf512_1 - INFO - start step #5
2020-03-27 04:51:15,518 - exp_torch_topics_d128_bald_entropy3_i2000_b20_q100_sf512_1 - INFO - query idx: [ 4581 46824 21408 70367 43009 12672 29895 55699 39064 79906 89949 12155
 35606 99361 69530 88423 19635 14477 48359  7869]
2020-03-27 04:51:20,194 - exp_torch_topics_d128_bald_entropy3_i2000_b20_q100_sf512_1 - INFO - finish step #5 for 36.10427212715149 sec
2020-03-27 04:51:20,194 - exp_torch_topics_d128_bald_entropy3_i2000_b20_q100_sf512_1 - INFO - current val_accuracy: 0.4568653421633554
2020-03-27 04:51:20,194 - exp_torch_topics_d128_bald_entropy3_i2000_b20_q100_sf512_1 - INFO - start step #6
2020-03-27 04:51:45,093 - exp_torch_topics_d128_bald_entropy3_i2000_b20_q100_sf512_1 - INFO - query idx: [98327 12295 68943 50459 56636 42049 75011 82347  1142 13517 38636 76014
 12274 23634 21881 37061 96015 45517 37865 54618]
2020-03-27 04:51:47,661 - exp_torch_topics_d128_bald_entropy3_i2000_b20_q100_sf512_1 - INFO - finish step #6 for 27.46633505821228 sec
2020-03-27 04:51:47,661 - exp_torch_topics_d128_bald_entropy3_i2000_b20_q100_sf512_1 - INFO - current val_accuracy: 0.4563355408388521
2020-03-27 04:51:47,661 - exp_torch_topics_d128_bald_entropy3_i2000_b20_q100_sf512_1 - INFO - start step #7
2020-03-27 04:52:12,648 - exp_torch_topics_d128_bald_entropy3_i2000_b20_q100_sf512_1 - INFO - query idx: [62604 27978 80525 11677 84500 92829 12114 20128 74466 70440  6751 59978
 11766 18809 67261 16406 74007 10667 80779 83532]
2020-03-27 04:52:15,180 - exp_torch_topics_d128_bald_entropy3_i2000_b20_q100_sf512_1 - INFO - finish step #7 for 27.51936626434326 sec
2020-03-27 04:52:15,181 - exp_torch_topics_d128_bald_entropy3_i2000_b20_q100_sf512_1 - INFO - current val_accuracy: 0.4609860191317145
2020-03-27 04:52:15,181 - exp_torch_topics_d128_bald_entropy3_i2000_b20_q100_sf512_1 - INFO - start step #8
2020-03-27 04:52:39,671 - exp_torch_topics_d128_bald_entropy3_i2000_b20_q100_sf512_1 - INFO - query idx: [58634 16592 80124 30242 55349  2982 60850 39457 29182 74443 10997 20841
 59480 22889 62091 61891 64942 81820 48804 90393]
2020-03-27 04:52:42,011 - exp_torch_topics_d128_bald_entropy3_i2000_b20_q100_sf512_1 - INFO - finish step #8 for 26.830015897750854 sec
2020-03-27 04:52:42,011 - exp_torch_topics_d128_bald_entropy3_i2000_b20_q100_sf512_1 - INFO - current val_accuracy: 0.4586607799852833
2020-03-27 04:52:42,011 - exp_torch_topics_d128_bald_entropy3_i2000_b20_q100_sf512_1 - INFO - start step #9
2020-03-27 04:53:06,718 - exp_torch_topics_d128_bald_entropy3_i2000_b20_q100_sf512_1 - INFO - query idx: [93195 55574 64009 41602 57680 17143 84833  8901 19421 18196 16492 52319
 37629  8311 36893 46123 67940 66041 57721 76453]
2020-03-27 04:53:09,090 - exp_torch_topics_d128_bald_entropy3_i2000_b20_q100_sf512_1 - INFO - finish step #9 for 27.078423023223877 sec
2020-03-27 04:53:09,090 - exp_torch_topics_d128_bald_entropy3_i2000_b20_q100_sf512_1 - INFO - current val_accuracy: 0.45813097866078
2020-03-27 04:53:09,090 - exp_torch_topics_d128_bald_entropy3_i2000_b20_q100_sf512_1 - INFO - start step #10
2020-03-27 04:53:33,647 - exp_torch_topics_d128_bald_entropy3_i2000_b20_q100_sf512_1 - INFO - query idx: [88922 24566 76122 79064 87829 84496 29473 94103 97447 68834  6712  1161
 74139 23295 77704 87256 92699 70673 10979 55317]
2020-03-27 04:53:36,048 - exp_torch_topics_d128_bald_entropy3_i2000_b20_q100_sf512_1 - INFO - finish step #10 for 26.957725048065186 sec
2020-03-27 04:53:36,048 - exp_torch_topics_d128_bald_entropy3_i2000_b20_q100_sf512_1 - INFO - current val_accuracy: 0.4608977189109639
2020-03-27 04:53:36,048 - exp_torch_topics_d128_bald_entropy3_i2000_b20_q100_sf512_1 - INFO - start step #11
2020-03-27 04:54:00,420 - exp_torch_topics_d128_bald_entropy3_i2000_b20_q100_sf512_1 - INFO - query idx: [66651 62809 25935  1206 74139 48928 15479 33307 20532 38172 94160 18453
 37586 21526 47929 22215 93125 78356 60626 49350]
2020-03-27 04:54:02,798 - exp_torch_topics_d128_bald_entropy3_i2000_b20_q100_sf512_1 - INFO - finish step #11 for 26.74899697303772 sec
2020-03-27 04:54:02,798 - exp_torch_topics_d128_bald_entropy3_i2000_b20_q100_sf512_1 - INFO - current val_accuracy: 0.4602796173657101
2020-03-27 04:54:02,798 - exp_torch_topics_d128_bald_entropy3_i2000_b20_q100_sf512_1 - INFO - start step #12
2020-03-27 04:54:27,225 - exp_torch_topics_d128_bald_entropy3_i2000_b20_q100_sf512_1 - INFO - query idx: [72491 58883  8663 11202 24689 85936 74425 14891 89971 99321 63804 24118
 33087 19095 61906  9177 64084 68282 26069 46151]
2020-03-27 04:54:29,667 - exp_torch_topics_d128_bald_entropy3_i2000_b20_q100_sf512_1 - INFO - finish step #12 for 26.86876893043518 sec
2020-03-27 04:54:29,667 - exp_torch_topics_d128_bald_entropy3_i2000_b20_q100_sf512_1 - INFO - current val_accuracy: 0.4599852832965416
2020-03-27 04:54:29,667 - exp_torch_topics_d128_bald_entropy3_i2000_b20_q100_sf512_1 - INFO - start step #13
2020-03-27 04:54:54,081 - exp_torch_topics_d128_bald_entropy3_i2000_b20_q100_sf512_1 - INFO - query idx: [41065 14419 74641 73507 45385  5014 78524 39033 58397 16194 66585  5160
 13406 51452 10103 86698 28141 83784 44406 44126]
2020-03-27 04:54:56,400 - exp_torch_topics_d128_bald_entropy3_i2000_b20_q100_sf512_1 - INFO - finish step #13 for 26.73297691345215 sec
2020-03-27 04:54:56,400 - exp_torch_topics_d128_bald_entropy3_i2000_b20_q100_sf512_1 - INFO - current val_accuracy: 0.46363502575423104
2020-03-27 04:54:56,401 - exp_torch_topics_d128_bald_entropy3_i2000_b20_q100_sf512_1 - INFO - start step #14
2020-03-27 04:55:20,990 - exp_torch_topics_d128_bald_entropy3_i2000_b20_q100_sf512_1 - INFO - query idx: [  547 51928 68015 76546 54360 81912 18798 90592 57542 66608 10050 47860
 78235 13795 77922 28997 78958 31052 86134 32007]
2020-03-27 04:55:23,361 - exp_torch_topics_d128_bald_entropy3_i2000_b20_q100_sf512_1 - INFO - finish step #14 for 26.96059012413025 sec
2020-03-27 04:55:23,361 - exp_torch_topics_d128_bald_entropy3_i2000_b20_q100_sf512_1 - INFO - current val_accuracy: 0.46569536423841057
2020-03-27 04:55:23,362 - exp_torch_topics_d128_bald_entropy3_i2000_b20_q100_sf512_1 - INFO - start step #15
2020-03-27 04:55:48,200 - exp_torch_topics_d128_bald_entropy3_i2000_b20_q100_sf512_1 - INFO - query idx: [71774 40467 60470 66254  3725  1899  9956 59596 48126  1326 76258 75588
 55209 50705 82391 28682 94241 59901 63511  7139]
2020-03-27 04:55:50,585 - exp_torch_topics_d128_bald_entropy3_i2000_b20_q100_sf512_1 - INFO - finish step #15 for 27.222842931747437 sec
2020-03-27 04:55:50,585 - exp_torch_topics_d128_bald_entropy3_i2000_b20_q100_sf512_1 - INFO - current val_accuracy: 0.4667255334805004
2020-03-27 04:55:50,585 - exp_torch_topics_d128_bald_entropy3_i2000_b20_q100_sf512_1 - INFO - start step #16
2020-03-27 04:56:14,874 - exp_torch_topics_d128_bald_entropy3_i2000_b20_q100_sf512_1 - INFO - query idx: [78908 49639 14763 17308 84615 47146 81235 16213 75998 76497 85805 34130
 93695 15163 58525 16410 36209 97301 22758 34454]
2020-03-27 04:56:17,196 - exp_torch_topics_d128_bald_entropy3_i2000_b20_q100_sf512_1 - INFO - finish step #16 for 26.611072063446045 sec
2020-03-27 04:56:17,196 - exp_torch_topics_d128_bald_entropy3_i2000_b20_q100_sf512_1 - INFO - current val_accuracy: 0.4661074319352465
2020-03-27 04:56:17,196 - exp_torch_topics_d128_bald_entropy3_i2000_b20_q100_sf512_1 - INFO - start step #17
2020-03-27 04:56:41,557 - exp_torch_topics_d128_bald_entropy3_i2000_b20_q100_sf512_1 - INFO - query idx: [22675 98400 10109 45742 57412 84456 10147 72303 52228 21192 78235 72584
 78287 25120 89417 69475  5783 57418 70328 61581]
2020-03-27 04:56:43,897 - exp_torch_topics_d128_bald_entropy3_i2000_b20_q100_sf512_1 - INFO - finish step #17 for 26.70056986808777 sec
2020-03-27 04:56:43,898 - exp_torch_topics_d128_bald_entropy3_i2000_b20_q100_sf512_1 - INFO - current val_accuracy: 0.47158204562178074
2020-03-27 04:56:43,899 - exp_torch_topics_d128_bald_entropy3_i2000_b20_q100_sf512_1 - INFO - start step #18
2020-03-27 04:57:08,440 - exp_torch_topics_d128_bald_entropy3_i2000_b20_q100_sf512_1 - INFO - query idx: [74808 39747 63829 92426 84574 79802  7675 95657 95205  7105 20892 97043
 37043 23355 74375 62379 80177 78672 61311 46253]
2020-03-27 04:57:10,777 - exp_torch_topics_d128_bald_entropy3_i2000_b20_q100_sf512_1 - INFO - finish step #18 for 26.878541946411133 sec
2020-03-27 04:57:10,777 - exp_torch_topics_d128_bald_entropy3_i2000_b20_q100_sf512_1 - INFO - current val_accuracy: 0.47114054451802795
2020-03-27 04:57:10,778 - exp_torch_topics_d128_bald_entropy3_i2000_b20_q100_sf512_1 - INFO - start step #19
2020-03-27 04:57:34,868 - exp_torch_topics_d128_bald_entropy3_i2000_b20_q100_sf512_1 - INFO - query idx: [47808 23539 83749 13456 75621 33268 51794 68958 56322 58136 81924  8134
 44212 57308 80860 79636 11547 48217  6127 29295]
2020-03-27 04:57:37,294 - exp_torch_topics_d128_bald_entropy3_i2000_b20_q100_sf512_1 - INFO - finish step #19 for 26.516260862350464 sec
2020-03-27 04:57:37,294 - exp_torch_topics_d128_bald_entropy3_i2000_b20_q100_sf512_1 - INFO - current val_accuracy: 0.47084621044885944
2020-03-27 04:57:37,294 - exp_torch_topics_d128_bald_entropy3_i2000_b20_q100_sf512_1 - INFO - start step #20
2020-03-27 04:58:01,630 - exp_torch_topics_d128_bald_entropy3_i2000_b20_q100_sf512_1 - INFO - query idx: [ 2693 61324 91365 32516 14974 74313 39019 88807 25154 12467 10756 65138
  2912 80007 72863 48537 39336 10457 69299 19819]
2020-03-27 04:58:04,034 - exp_torch_topics_d128_bald_entropy3_i2000_b20_q100_sf512_1 - INFO - finish step #20 for 26.739459991455078 sec
2020-03-27 04:58:04,034 - exp_torch_topics_d128_bald_entropy3_i2000_b20_q100_sf512_1 - INFO - current val_accuracy: 0.4668138337012509
2020-03-27 04:58:04,034 - exp_torch_topics_d128_bald_entropy3_i2000_b20_q100_sf512_1 - INFO - start step #21
2020-03-27 04:58:28,268 - exp_torch_topics_d128_bald_entropy3_i2000_b20_q100_sf512_1 - INFO - query idx: [60537 43141 97432 60041 54587 46382 16731 59249 90948 19760 79839 10502
 12338 17473 65756 96530 34638 19110 82183 57242]
2020-03-27 04:58:30,643 - exp_torch_topics_d128_bald_entropy3_i2000_b20_q100_sf512_1 - INFO - finish step #21 for 26.608482122421265 sec
2020-03-27 04:58:30,643 - exp_torch_topics_d128_bald_entropy3_i2000_b20_q100_sf512_1 - INFO - current val_accuracy: 0.472906548933039
2020-03-27 04:58:30,643 - exp_torch_topics_d128_bald_entropy3_i2000_b20_q100_sf512_1 - INFO - start step #22
2020-03-27 04:58:55,034 - exp_torch_topics_d128_bald_entropy3_i2000_b20_q100_sf512_1 - INFO - query idx: [66375 45289 97339 46529 77617 98893  4527 93021 59682 64505 66489 55462
 84521  6383 51920 79637 51119 52854  2332 25098]
2020-03-27 04:58:57,400 - exp_torch_topics_d128_bald_entropy3_i2000_b20_q100_sf512_1 - INFO - finish step #22 for 26.756366729736328 sec
2020-03-27 04:58:57,400 - exp_torch_topics_d128_bald_entropy3_i2000_b20_q100_sf512_1 - INFO - current val_accuracy: 0.47670345842531275
2020-03-27 04:58:57,400 - exp_torch_topics_d128_bald_entropy3_i2000_b20_q100_sf512_1 - INFO - start step #23
2020-03-27 04:59:22,088 - exp_torch_topics_d128_bald_entropy3_i2000_b20_q100_sf512_1 - INFO - query idx: [58437 87904 42490 79247 46698 39731 35262 60184 92291  6815 48954 47804
 92432 41268 88067 49092 26605 24029 19925 10775]
2020-03-27 04:59:24,441 - exp_torch_topics_d128_bald_entropy3_i2000_b20_q100_sf512_1 - INFO - finish step #23 for 27.040934085845947 sec
2020-03-27 04:59:24,441 - exp_torch_topics_d128_bald_entropy3_i2000_b20_q100_sf512_1 - INFO - current val_accuracy: 0.4744076526857984
2020-03-27 04:59:24,441 - exp_torch_topics_d128_bald_entropy3_i2000_b20_q100_sf512_1 - INFO - start step #24
2020-03-27 04:59:48,845 - exp_torch_topics_d128_bald_entropy3_i2000_b20_q100_sf512_1 - INFO - query idx: [69609 46069 94409 28893 47433 29264  5469 98233  9144 95092 34127 61324
 84401 37943 51321 32891 78795 50839 12459 59343]
2020-03-27 04:59:51,317 - exp_torch_topics_d128_bald_entropy3_i2000_b20_q100_sf512_1 - INFO - finish step #24 for 26.875520706176758 sec
2020-03-27 04:59:51,317 - exp_torch_topics_d128_bald_entropy3_i2000_b20_q100_sf512_1 - INFO - current val_accuracy: 0.47158204562178074
2020-03-27 04:59:51,318 - exp_torch_topics_d128_bald_entropy3_i2000_b20_q100_sf512_1 - INFO - start step #25
2020-03-27 05:00:18,557 - exp_torch_topics_d128_bald_entropy3_i2000_b20_q100_sf512_1 - INFO - query idx: [88498  6195 38247 89619 31276 43750 98815 22104 65229 65707 55721 17623
 64799 56352 75253 77779 56930 66096 97377 43057]
2020-03-27 05:00:21,530 - exp_torch_topics_d128_bald_entropy3_i2000_b20_q100_sf512_1 - INFO - finish step #25 for 30.212711095809937 sec
2020-03-27 05:00:21,531 - exp_torch_topics_d128_bald_entropy3_i2000_b20_q100_sf512_1 - INFO - current val_accuracy: 0.4735540838852097
2020-03-27 05:00:21,531 - exp_torch_topics_d128_bald_entropy3_i2000_b20_q100_sf512_1 - INFO - start step #26
2020-03-27 05:00:47,344 - exp_torch_topics_d128_bald_entropy3_i2000_b20_q100_sf512_1 - INFO - query idx: [55984  7770 18512 92016 66443  5508 56566 34027 69887 70906 84383 69935
 99017 78999 19285 50305 18088 66784 76267 12320]
2020-03-27 05:00:50,082 - exp_torch_topics_d128_bald_entropy3_i2000_b20_q100_sf512_1 - INFO - finish step #26 for 28.55086898803711 sec
2020-03-27 05:00:50,082 - exp_torch_topics_d128_bald_entropy3_i2000_b20_q100_sf512_1 - INFO - current val_accuracy: 0.4726710816777042
2020-03-27 05:00:50,082 - exp_torch_topics_d128_bald_entropy3_i2000_b20_q100_sf512_1 - INFO - start step #27
2020-03-27 05:01:14,760 - exp_torch_topics_d128_bald_entropy3_i2000_b20_q100_sf512_1 - INFO - query idx: [38815 18120 43212  5608 42579 60610  3241 45182 96011 22088 45387 86146
 94026 26436 64820 48292  6213 55616 37915 36094]
2020-03-27 05:01:17,223 - exp_torch_topics_d128_bald_entropy3_i2000_b20_q100_sf512_1 - INFO - finish step #27 for 27.141053199768066 sec
2020-03-27 05:01:17,223 - exp_torch_topics_d128_bald_entropy3_i2000_b20_q100_sf512_1 - INFO - current val_accuracy: 0.477439293598234
2020-03-27 05:01:17,224 - exp_torch_topics_d128_bald_entropy3_i2000_b20_q100_sf512_1 - INFO - start step #28
2020-03-27 05:01:41,646 - exp_torch_topics_d128_bald_entropy3_i2000_b20_q100_sf512_1 - INFO - query idx: [ 6119 52386 78053 25642 10612 98510 52706 48573 16310 98993 25133 31255
 90913 88349 38373  4614 34149 78381 59622 23535]
2020-03-27 05:01:44,052 - exp_torch_topics_d128_bald_entropy3_i2000_b20_q100_sf512_1 - INFO - finish step #28 for 26.82841181755066 sec
2020-03-27 05:01:44,052 - exp_torch_topics_d128_bald_entropy3_i2000_b20_q100_sf512_1 - INFO - current val_accuracy: 0.4779690949227373
2020-03-27 05:01:44,053 - exp_torch_topics_d128_bald_entropy3_i2000_b20_q100_sf512_1 - INFO - start step #29
2020-03-27 05:02:08,346 - exp_torch_topics_d128_bald_entropy3_i2000_b20_q100_sf512_1 - INFO - query idx: [26525 12898 26830 60113 42826  2028 22551  6694 60979 96098 67733 54302
 40130 60604 50402 98403 11178 93865 50616 13117]
2020-03-27 05:02:10,814 - exp_torch_topics_d128_bald_entropy3_i2000_b20_q100_sf512_1 - INFO - finish step #29 for 26.761387825012207 sec
2020-03-27 05:02:10,814 - exp_torch_topics_d128_bald_entropy3_i2000_b20_q100_sf512_1 - INFO - current val_accuracy: 0.47664459161147904
2020-03-27 05:02:10,814 - exp_torch_topics_d128_bald_entropy3_i2000_b20_q100_sf512_1 - INFO - start step #30
2020-03-27 05:02:34,869 - exp_torch_topics_d128_bald_entropy3_i2000_b20_q100_sf512_1 - INFO - query idx: [10623 40977 46139 36793 94805  3578 12800 42953 19911 31965 43837 39408
 87163 40513 82060 49848 28140 19796 51868 80671]
2020-03-27 05:02:37,379 - exp_torch_topics_d128_bald_entropy3_i2000_b20_q100_sf512_1 - INFO - finish step #30 for 26.565006017684937 sec
2020-03-27 05:02:37,380 - exp_torch_topics_d128_bald_entropy3_i2000_b20_q100_sf512_1 - INFO - current val_accuracy: 0.4754083885209713
2020-03-27 05:02:37,380 - exp_torch_topics_d128_bald_entropy3_i2000_b20_q100_sf512_1 - INFO - start step #31
2020-03-27 05:03:01,594 - exp_torch_topics_d128_bald_entropy3_i2000_b20_q100_sf512_1 - INFO - query idx: [63118 29325 18087 35546 64754 95599 96089 81431 31172 35351 79165 16973
 61088 85039 77175    58 79628 94296 53373 48046]
2020-03-27 05:03:04,079 - exp_torch_topics_d128_bald_entropy3_i2000_b20_q100_sf512_1 - INFO - finish step #31 for 26.699201107025146 sec
2020-03-27 05:03:04,079 - exp_torch_topics_d128_bald_entropy3_i2000_b20_q100_sf512_1 - INFO - current val_accuracy: 0.4768211920529801
2020-03-27 05:03:04,079 - exp_torch_topics_d128_bald_entropy3_i2000_b20_q100_sf512_1 - INFO - start step #32
2020-03-27 05:03:29,521 - exp_torch_topics_d128_bald_entropy3_i2000_b20_q100_sf512_1 - INFO - query idx: [94130 21003 68962 58868 80458  4823 67845 45387 31789 66799 56706 86148
 12446 64401 24214 53431 43250 43848  5546  3803]
2020-03-27 05:03:32,033 - exp_torch_topics_d128_bald_entropy3_i2000_b20_q100_sf512_1 - INFO - finish step #32 for 27.95350193977356 sec
2020-03-27 05:03:32,033 - exp_torch_topics_d128_bald_entropy3_i2000_b20_q100_sf512_1 - INFO - current val_accuracy: 0.4784400294334069
2020-03-27 05:03:32,033 - exp_torch_topics_d128_bald_entropy3_i2000_b20_q100_sf512_1 - INFO - start step #33
2020-03-27 05:03:56,162 - exp_torch_topics_d128_bald_entropy3_i2000_b20_q100_sf512_1 - INFO - query idx: [11333 14356 58439 73689 81501 51413 51493 98516 64866 92365  6776 23091
 41933   975 41802 74443 98071 29882 93652 14387]
2020-03-27 05:03:58,567 - exp_torch_topics_d128_bald_entropy3_i2000_b20_q100_sf512_1 - INFO - finish step #33 for 26.53315830230713 sec
2020-03-27 05:03:58,567 - exp_torch_topics_d128_bald_entropy3_i2000_b20_q100_sf512_1 - INFO - current val_accuracy: 0.4789698307579102
2020-03-27 05:03:58,567 - exp_torch_topics_d128_bald_entropy3_i2000_b20_q100_sf512_1 - INFO - start step #34
2020-03-27 05:04:22,627 - exp_torch_topics_d128_bald_entropy3_i2000_b20_q100_sf512_1 - INFO - query idx: [67146 30999 44942 59843 77417 87734 25918 50745 34165 37539  5201 65156
 80090 22187 80961 74806  5723 90387 27020 82326]
2020-03-27 05:04:25,131 - exp_torch_topics_d128_bald_entropy3_i2000_b20_q100_sf512_1 - INFO - finish step #34 for 26.564128875732422 sec
2020-03-27 05:04:25,131 - exp_torch_topics_d128_bald_entropy3_i2000_b20_q100_sf512_1 - INFO - current val_accuracy: 0.4779690949227373
2020-03-27 05:04:25,132 - exp_torch_topics_d128_bald_entropy3_i2000_b20_q100_sf512_1 - INFO - start step #35
2020-03-27 05:04:49,400 - exp_torch_topics_d128_bald_entropy3_i2000_b20_q100_sf512_1 - INFO - query idx: [42823 36470 75954 88561 65079  1753 12687   265 45677 51773 82286 71607
  3275 74653 14193 54936 90124 27156 21160 48671]
2020-03-27 05:04:51,912 - exp_torch_topics_d128_bald_entropy3_i2000_b20_q100_sf512_1 - INFO - finish step #35 for 26.780224800109863 sec
2020-03-27 05:04:51,912 - exp_torch_topics_d128_bald_entropy3_i2000_b20_q100_sf512_1 - INFO - current val_accuracy: 0.47979396615158204
2020-03-27 05:04:51,912 - exp_torch_topics_d128_bald_entropy3_i2000_b20_q100_sf512_1 - INFO - start step #36
2020-03-27 05:05:18,306 - exp_torch_topics_d128_bald_entropy3_i2000_b20_q100_sf512_1 - INFO - query idx: [78819 41624 79823 76231 42608 52242 44203 10810 89153 28215  6184 92021
  2080 87751 70574 50496   345 29628 52136 74300]
2020-03-27 05:05:21,448 - exp_torch_topics_d128_bald_entropy3_i2000_b20_q100_sf512_1 - INFO - finish step #36 for 29.535785913467407 sec
2020-03-27 05:05:21,448 - exp_torch_topics_d128_bald_entropy3_i2000_b20_q100_sf512_1 - INFO - current val_accuracy: 0.4814128035320088
2020-03-27 05:05:21,448 - exp_torch_topics_d128_bald_entropy3_i2000_b20_q100_sf512_1 - INFO - start step #37
2020-03-27 05:05:46,422 - exp_torch_topics_d128_bald_entropy3_i2000_b20_q100_sf512_1 - INFO - query idx: [13949  2296 78700 97515  8149 76664  7801 25613  9245 66267 50232 75926
 97927 64145 28367 48389 83698 44531  2520 28301]
2020-03-27 05:05:48,954 - exp_torch_topics_d128_bald_entropy3_i2000_b20_q100_sf512_1 - INFO - finish step #37 for 27.505019903182983 sec
2020-03-27 05:05:48,954 - exp_torch_topics_d128_bald_entropy3_i2000_b20_q100_sf512_1 - INFO - current val_accuracy: 0.4791169977924945
2020-03-27 05:05:48,954 - exp_torch_topics_d128_bald_entropy3_i2000_b20_q100_sf512_1 - INFO - start step #38
2020-03-27 05:06:13,178 - exp_torch_topics_d128_bald_entropy3_i2000_b20_q100_sf512_1 - INFO - query idx: [50411 82732   486 28743  6053 59095 24469  5624 93708 12715 76090 52970
 50254  8574 33442 31713 75754 86073  2824    49]
2020-03-27 05:06:15,677 - exp_torch_topics_d128_bald_entropy3_i2000_b20_q100_sf512_1 - INFO - finish step #38 for 26.723148822784424 sec
2020-03-27 05:06:15,677 - exp_torch_topics_d128_bald_entropy3_i2000_b20_q100_sf512_1 - INFO - current val_accuracy: 0.4777630610743194
2020-03-27 05:06:15,677 - exp_torch_topics_d128_bald_entropy3_i2000_b20_q100_sf512_1 - INFO - start step #39
2020-03-27 05:06:39,593 - exp_torch_topics_d128_bald_entropy3_i2000_b20_q100_sf512_1 - INFO - query idx: [33010 29769 76044 33435 84618 52839 31680 22767 35991 83468 66181 40114
 46077 27785 49322 16148 19531 72053 55553 18261]
2020-03-27 05:06:42,040 - exp_torch_topics_d128_bald_entropy3_i2000_b20_q100_sf512_1 - INFO - finish step #39 for 26.362054109573364 sec
2020-03-27 05:06:42,040 - exp_torch_topics_d128_bald_entropy3_i2000_b20_q100_sf512_1 - INFO - current val_accuracy: 0.4811184694628403
2020-03-27 05:06:42,040 - exp_torch_topics_d128_bald_entropy3_i2000_b20_q100_sf512_1 - INFO - start step #40
2020-03-27 05:07:06,065 - exp_torch_topics_d128_bald_entropy3_i2000_b20_q100_sf512_1 - INFO - query idx: [ 8417 38076 68228 41154 83794 78820 46986 47563 55765 62700  3507 32439
 87580 10357 46372 37002  9771 64727 70359 56193]
2020-03-27 05:07:08,510 - exp_torch_topics_d128_bald_entropy3_i2000_b20_q100_sf512_1 - INFO - finish step #40 for 26.46995782852173 sec
2020-03-27 05:07:08,510 - exp_torch_topics_d128_bald_entropy3_i2000_b20_q100_sf512_1 - INFO - current val_accuracy: 0.48182487122884476
2020-03-27 05:07:08,510 - exp_torch_topics_d128_bald_entropy3_i2000_b20_q100_sf512_1 - INFO - start step #41
2020-03-27 05:07:32,411 - exp_torch_topics_d128_bald_entropy3_i2000_b20_q100_sf512_1 - INFO - query idx: [52079 47693 54712 14719 43928 60908 31643 24109 18118 21886 44619 16603
 74674 72043 42288 28388 32053 17660 89878 63953]
2020-03-27 05:07:34,799 - exp_torch_topics_d128_bald_entropy3_i2000_b20_q100_sf512_1 - INFO - finish step #41 for 26.288715839385986 sec
2020-03-27 05:07:34,799 - exp_torch_topics_d128_bald_entropy3_i2000_b20_q100_sf512_1 - INFO - current val_accuracy: 0.48055923473142015
2020-03-27 05:07:34,800 - exp_torch_topics_d128_bald_entropy3_i2000_b20_q100_sf512_1 - INFO - start step #42
2020-03-27 05:07:58,911 - exp_torch_topics_d128_bald_entropy3_i2000_b20_q100_sf512_1 - INFO - query idx: [49831 78531 71053 46973 72929 49677 63304 50693 50904 67843  1721 14812
 43305 14613 60816 62291  7509 49492 18227 50557]
2020-03-27 05:08:01,400 - exp_torch_topics_d128_bald_entropy3_i2000_b20_q100_sf512_1 - INFO - finish step #42 for 26.60037398338318 sec
2020-03-27 05:08:01,400 - exp_torch_topics_d128_bald_entropy3_i2000_b20_q100_sf512_1 - INFO - current val_accuracy: 0.48070640176600443
2020-03-27 05:08:01,400 - exp_torch_topics_d128_bald_entropy3_i2000_b20_q100_sf512_1 - INFO - start step #43
2020-03-27 05:08:25,311 - exp_torch_topics_d128_bald_entropy3_i2000_b20_q100_sf512_1 - INFO - query idx: [47659 13377 64844 46995 57501 69497 63286 60203 59012 57287 27706 61799
 47413 45013 41649 72872 44460 34308 53447 23414]
2020-03-27 05:08:27,762 - exp_torch_topics_d128_bald_entropy3_i2000_b20_q100_sf512_1 - INFO - finish step #43 for 26.361109018325806 sec
2020-03-27 05:08:27,762 - exp_torch_topics_d128_bald_entropy3_i2000_b20_q100_sf512_1 - INFO - current val_accuracy: 0.47938189845474616
2020-03-27 05:08:27,762 - exp_torch_topics_d128_bald_entropy3_i2000_b20_q100_sf512_1 - INFO - start step #44
2020-03-27 05:08:51,788 - exp_torch_topics_d128_bald_entropy3_i2000_b20_q100_sf512_1 - INFO - query idx: [14936 24947 98044 67045 93123 61834 20249 44147   281  3107 76871 11853
 24686  9885 12162 76740 92149 68075 72555 94931]
2020-03-27 05:08:54,221 - exp_torch_topics_d128_bald_entropy3_i2000_b20_q100_sf512_1 - INFO - finish step #44 for 26.459062099456787 sec
2020-03-27 05:08:54,221 - exp_torch_topics_d128_bald_entropy3_i2000_b20_q100_sf512_1 - INFO - current val_accuracy: 0.48108903605592346
2020-03-27 05:08:54,222 - exp_torch_topics_d128_bald_entropy3_i2000_b20_q100_sf512_1 - INFO - start step #45
2020-03-27 05:09:18,773 - exp_torch_topics_d128_bald_entropy3_i2000_b20_q100_sf512_1 - INFO - query idx: [57454 38193 36037 10813 59014 87618  7077 92777  7836 44053 26732 44418
 38173 51276 37595 95051 10176 36138 41518 59851]
2020-03-27 05:09:21,153 - exp_torch_topics_d128_bald_entropy3_i2000_b20_q100_sf512_1 - INFO - finish step #45 for 26.930893182754517 sec
2020-03-27 05:09:21,153 - exp_torch_topics_d128_bald_entropy3_i2000_b20_q100_sf512_1 - INFO - current val_accuracy: 0.48367917586460635
2020-03-27 05:09:21,153 - exp_torch_topics_d128_bald_entropy3_i2000_b20_q100_sf512_1 - INFO - start step #46
2020-03-27 05:09:45,240 - exp_torch_topics_d128_bald_entropy3_i2000_b20_q100_sf512_1 - INFO - query idx: [57588 18789 73036 11873 90951 38352 92620 61653 96737 64381 49325 84253
 46924 70958 79975 88152 93818 93475 56332  2983]
2020-03-27 05:09:47,646 - exp_torch_topics_d128_bald_entropy3_i2000_b20_q100_sf512_1 - INFO - finish step #46 for 26.49275279045105 sec
2020-03-27 05:09:47,646 - exp_torch_topics_d128_bald_entropy3_i2000_b20_q100_sf512_1 - INFO - current val_accuracy: 0.4798822663723326
2020-03-27 05:09:47,646 - exp_torch_topics_d128_bald_entropy3_i2000_b20_q100_sf512_1 - INFO - start step #47
2020-03-27 05:10:12,288 - exp_torch_topics_d128_bald_entropy3_i2000_b20_q100_sf512_1 - INFO - query idx: [ 7313 83886 13964 32010  3268 73390 44459 57357 21717  1826 39698 58039
 26323 72053 88939 32663 92898 95302  5465 61363]
2020-03-27 05:10:15,150 - exp_torch_topics_d128_bald_entropy3_i2000_b20_q100_sf512_1 - INFO - finish step #47 for 27.503236770629883 sec
2020-03-27 05:10:15,151 - exp_torch_topics_d128_bald_entropy3_i2000_b20_q100_sf512_1 - INFO - current val_accuracy: 0.48347314201618835
2020-03-27 05:10:15,151 - exp_torch_topics_d128_bald_entropy3_i2000_b20_q100_sf512_1 - INFO - start step #48
2020-03-27 05:10:49,426 - exp_torch_topics_d128_bald_entropy3_i2000_b20_q100_sf512_1 - INFO - query idx: [65085  6256 47990 30849 82653 53523 68767 88727 68317 11274 62017  2035
 81250  8191 14981 62136 12651 66007 43609 92517]
2020-03-27 05:10:52,434 - exp_torch_topics_d128_bald_entropy3_i2000_b20_q100_sf512_1 - INFO - finish step #48 for 37.28305101394653 sec
2020-03-27 05:10:52,434 - exp_torch_topics_d128_bald_entropy3_i2000_b20_q100_sf512_1 - INFO - current val_accuracy: 0.4848859455481972
2020-03-27 05:10:52,435 - exp_torch_topics_d128_bald_entropy3_i2000_b20_q100_sf512_1 - INFO - start step #49
2020-03-27 05:11:17,004 - exp_torch_topics_d128_bald_entropy3_i2000_b20_q100_sf512_1 - INFO - query idx: [83316 33671 43346 14412 80875 24469 69378 39953 86120 86612 49280 42086
 70653 63081  5112 47715  5239 66856 32234 41293]
2020-03-27 05:11:19,649 - exp_torch_topics_d128_bald_entropy3_i2000_b20_q100_sf512_1 - INFO - finish step #49 for 27.21398091316223 sec
2020-03-27 05:11:19,649 - exp_torch_topics_d128_bald_entropy3_i2000_b20_q100_sf512_1 - INFO - current val_accuracy: 0.48444444444444446
2020-03-27 05:11:19,649 - exp_torch_topics_d128_bald_entropy3_i2000_b20_q100_sf512_1 - INFO - start step #50
2020-03-27 05:11:43,475 - exp_torch_topics_d128_bald_entropy3_i2000_b20_q100_sf512_1 - INFO - query idx: [62113 51044 18229 49812 54469 76524 84294 17787 21642  7418 42273 23186
 62507 64443 93279 79411 20667 75176 44663 18485]
2020-03-27 05:11:45,974 - exp_torch_topics_d128_bald_entropy3_i2000_b20_q100_sf512_1 - INFO - finish step #50 for 26.324320077896118 sec
2020-03-27 05:11:45,974 - exp_torch_topics_d128_bald_entropy3_i2000_b20_q100_sf512_1 - INFO - current val_accuracy: 0.48206033848417956
2020-03-27 05:11:45,974 - exp_torch_topics_d128_bald_entropy3_i2000_b20_q100_sf512_1 - INFO - start step #51
2020-03-27 05:12:10,525 - exp_torch_topics_d128_bald_entropy3_i2000_b20_q100_sf512_1 - INFO - query idx: [61296 84379 75840 58604 12586 96288 90613 71047 88698 54459 41386 67178
 41097 43135 10920 14222  7207 93000 38032 59313]
2020-03-27 05:12:13,034 - exp_torch_topics_d128_bald_entropy3_i2000_b20_q100_sf512_1 - INFO - finish step #51 for 27.060276985168457 sec
2020-03-27 05:12:13,036 - exp_torch_topics_d128_bald_entropy3_i2000_b20_q100_sf512_1 - INFO - current val_accuracy: 0.48294334069168504
2020-03-27 05:12:13,036 - exp_torch_topics_d128_bald_entropy3_i2000_b20_q100_sf512_1 - INFO - start step #52
2020-03-27 05:12:37,349 - exp_torch_topics_d128_bald_entropy3_i2000_b20_q100_sf512_1 - INFO - query idx: [78125 60369 18614 39792 34671 39441 50256 86331 91908 47964 21861 45937
 95871  2894 60976 89699 68143 22192 79067 90201]
2020-03-27 05:12:39,802 - exp_torch_topics_d128_bald_entropy3_i2000_b20_q100_sf512_1 - INFO - finish step #52 for 26.766054153442383 sec
2020-03-27 05:12:39,802 - exp_torch_topics_d128_bald_entropy3_i2000_b20_q100_sf512_1 - INFO - current val_accuracy: 0.48353200883002206
2020-03-27 05:12:39,802 - exp_torch_topics_d128_bald_entropy3_i2000_b20_q100_sf512_1 - INFO - start step #53
2020-03-27 05:13:04,410 - exp_torch_topics_d128_bald_entropy3_i2000_b20_q100_sf512_1 - INFO - query idx: [65617 93464 41530 67373 25148 34353  1634 91627 94605 41604 44578  2079
 23426 78438 60439  3677 48107 41197 92444 26544]
2020-03-27 05:13:06,829 - exp_torch_topics_d128_bald_entropy3_i2000_b20_q100_sf512_1 - INFO - finish step #53 for 27.026740074157715 sec
2020-03-27 05:13:06,829 - exp_torch_topics_d128_bald_entropy3_i2000_b20_q100_sf512_1 - INFO - current val_accuracy: 0.48644591611479027
2020-03-27 05:13:06,830 - exp_torch_topics_d128_bald_entropy3_i2000_b20_q100_sf512_1 - INFO - start step #54
2020-03-27 05:13:32,140 - exp_torch_topics_d128_bald_entropy3_i2000_b20_q100_sf512_1 - INFO - query idx: [59135 75586 59935 90162 87853 50464 17889 64208 20554 68274 73868 83781
 81166 33829 59173 66139 46680 26246 55651 39535]
2020-03-27 05:13:34,760 - exp_torch_topics_d128_bald_entropy3_i2000_b20_q100_sf512_1 - INFO - finish step #54 for 27.929980039596558 sec
2020-03-27 05:13:34,760 - exp_torch_topics_d128_bald_entropy3_i2000_b20_q100_sf512_1 - INFO - current val_accuracy: 0.4864753495217071
2020-03-27 05:13:34,760 - exp_torch_topics_d128_bald_entropy3_i2000_b20_q100_sf512_1 - INFO - start step #55
2020-03-27 05:13:58,566 - exp_torch_topics_d128_bald_entropy3_i2000_b20_q100_sf512_1 - INFO - query idx: [68741 71218 29972  9623 31665 25317 59358 53988 36596 10086 50429 96000
 68543 76660 50711 39224 45987 33916 46813 52223]
2020-03-27 05:14:01,034 - exp_torch_topics_d128_bald_entropy3_i2000_b20_q100_sf512_1 - INFO - finish step #55 for 26.273964166641235 sec
2020-03-27 05:14:01,034 - exp_torch_topics_d128_bald_entropy3_i2000_b20_q100_sf512_1 - INFO - current val_accuracy: 0.48420897718910966
2020-03-27 05:14:01,034 - exp_torch_topics_d128_bald_entropy3_i2000_b20_q100_sf512_1 - INFO - start step #56
2020-03-27 05:14:25,082 - exp_torch_topics_d128_bald_entropy3_i2000_b20_q100_sf512_1 - INFO - query idx: [ 7898 30233 98503 95080 55265 21552 91590 20556 94010 92577 14186 51698
  5424 43918 47373 53175 90239 60932 94664 48728]
2020-03-27 05:14:27,520 - exp_torch_topics_d128_bald_entropy3_i2000_b20_q100_sf512_1 - INFO - finish step #56 for 26.485483169555664 sec
2020-03-27 05:14:27,520 - exp_torch_topics_d128_bald_entropy3_i2000_b20_q100_sf512_1 - INFO - current val_accuracy: 0.4867402501839588
2020-03-27 05:14:27,520 - exp_torch_topics_d128_bald_entropy3_i2000_b20_q100_sf512_1 - INFO - start step #57
2020-03-27 05:14:51,438 - exp_torch_topics_d128_bald_entropy3_i2000_b20_q100_sf512_1 - INFO - query idx: [57179 29370 20712 27743 42680 51440 86636 80743 87990 26470 14746  5744
 11182 22691 36463  4697 31507 72467  1610 41334]
2020-03-27 05:14:53,884 - exp_torch_topics_d128_bald_entropy3_i2000_b20_q100_sf512_1 - INFO - finish step #57 for 26.363826274871826 sec
2020-03-27 05:14:53,884 - exp_torch_topics_d128_bald_entropy3_i2000_b20_q100_sf512_1 - INFO - current val_accuracy: 0.4879175864606328
2020-03-27 05:14:53,885 - exp_torch_topics_d128_bald_entropy3_i2000_b20_q100_sf512_1 - INFO - start step #58
2020-03-27 05:15:18,116 - exp_torch_topics_d128_bald_entropy3_i2000_b20_q100_sf512_1 - INFO - query idx: [36260 55865 70942 19640 25439 49950 49834 76121 42827 98128 97657 75597
 19729 56777 54200 36958 87347 82882  6116 41012]
2020-03-27 05:15:20,666 - exp_torch_topics_d128_bald_entropy3_i2000_b20_q100_sf512_1 - INFO - finish step #58 for 26.78159475326538 sec
2020-03-27 05:15:20,666 - exp_torch_topics_d128_bald_entropy3_i2000_b20_q100_sf512_1 - INFO - current val_accuracy: 0.4872700515084621
2020-03-27 05:15:20,667 - exp_torch_topics_d128_bald_entropy3_i2000_b20_q100_sf512_1 - INFO - start step #59
2020-03-27 05:15:45,173 - exp_torch_topics_d128_bald_entropy3_i2000_b20_q100_sf512_1 - INFO - query idx: [76994 31119 56705 88250 57214 18942 29905 43895 85580 16435 14524  5946
 54447 62192 51438 87992 15944 86640 50064 78435]
2020-03-27 05:15:47,771 - exp_torch_topics_d128_bald_entropy3_i2000_b20_q100_sf512_1 - INFO - finish step #59 for 27.1045560836792 sec
2020-03-27 05:15:47,771 - exp_torch_topics_d128_bald_entropy3_i2000_b20_q100_sf512_1 - INFO - current val_accuracy: 0.48688741721854306
2020-03-27 05:15:47,772 - exp_torch_topics_d128_bald_entropy3_i2000_b20_q100_sf512_1 - INFO - start step #60
2020-03-27 05:16:12,021 - exp_torch_topics_d128_bald_entropy3_i2000_b20_q100_sf512_1 - INFO - query idx: [95266 92482 26974  9636 28949  6903 80819 41257 39631 27630 12250 23902
   947 82779 76370 59843 16078 33839 71550 72543]
2020-03-27 05:16:14,614 - exp_torch_topics_d128_bald_entropy3_i2000_b20_q100_sf512_1 - INFO - finish step #60 for 26.842068910598755 sec
2020-03-27 05:16:14,614 - exp_torch_topics_d128_bald_entropy3_i2000_b20_q100_sf512_1 - INFO - current val_accuracy: 0.4903311258278146
2020-03-27 05:16:14,614 - exp_torch_topics_d128_bald_entropy3_i2000_b20_q100_sf512_1 - INFO - start step #61
2020-03-27 05:16:40,423 - exp_torch_topics_d128_bald_entropy3_i2000_b20_q100_sf512_1 - INFO - query idx: [81704 90744 85290 51809 16034 38102 40908 80457  2713 44622 49699 38728
 21506 42817 33024 52102 78703 77253  3833   653]
2020-03-27 05:16:43,386 - exp_torch_topics_d128_bald_entropy3_i2000_b20_q100_sf512_1 - INFO - finish step #61 for 28.77224898338318 sec
2020-03-27 05:16:43,388 - exp_torch_topics_d128_bald_entropy3_i2000_b20_q100_sf512_1 - INFO - current val_accuracy: 0.48891832229580573
2020-03-27 05:16:43,388 - exp_torch_topics_d128_bald_entropy3_i2000_b20_q100_sf512_1 - INFO - start step #62
2020-03-27 05:17:07,340 - exp_torch_topics_d128_bald_entropy3_i2000_b20_q100_sf512_1 - INFO - query idx: [77012 94894 27676  8427 24387 73411 17909 23041 61137 64394 84912 95358
 29742 20140 12008 18834 87477  9041 11382 88678]
2020-03-27 05:17:09,740 - exp_torch_topics_d128_bald_entropy3_i2000_b20_q100_sf512_1 - INFO - finish step #62 for 26.351770877838135 sec
2020-03-27 05:17:09,740 - exp_torch_topics_d128_bald_entropy3_i2000_b20_q100_sf512_1 - INFO - current val_accuracy: 0.49327446651949963
2020-03-27 05:17:09,740 - exp_torch_topics_d128_bald_entropy3_i2000_b20_q100_sf512_1 - INFO - start step #63
2020-03-27 05:17:33,412 - exp_torch_topics_d128_bald_entropy3_i2000_b20_q100_sf512_1 - INFO - query idx: [93263 92652  9596 94265 73544  6905 11921 90132 70439 80598 90333 75798
  6586  1279  2601 72927 77790 77356 93527 29011]
2020-03-27 05:17:35,837 - exp_torch_topics_d128_bald_entropy3_i2000_b20_q100_sf512_1 - INFO - finish step #63 for 26.096375226974487 sec
2020-03-27 05:17:35,837 - exp_torch_topics_d128_bald_entropy3_i2000_b20_q100_sf512_1 - INFO - current val_accuracy: 0.49200883002207507
2020-03-27 05:17:35,837 - exp_torch_topics_d128_bald_entropy3_i2000_b20_q100_sf512_1 - INFO - start step #64
2020-03-27 05:17:59,773 - exp_torch_topics_d128_bald_entropy3_i2000_b20_q100_sf512_1 - INFO - query idx: [  116 33831 39502  8474 14383 14432 61231 57806 57625 63872 12146 34273
 72629 58479 37076 66802 84411 67235 92889 91954]
2020-03-27 05:18:02,272 - exp_torch_topics_d128_bald_entropy3_i2000_b20_q100_sf512_1 - INFO - finish step #64 for 26.435203075408936 sec
2020-03-27 05:18:02,272 - exp_torch_topics_d128_bald_entropy3_i2000_b20_q100_sf512_1 - INFO - current val_accuracy: 0.48968359087564384
2020-03-27 05:18:02,273 - exp_torch_topics_d128_bald_entropy3_i2000_b20_q100_sf512_1 - INFO - start step #65
2020-03-27 05:18:25,862 - exp_torch_topics_d128_bald_entropy3_i2000_b20_q100_sf512_1 - INFO - query idx: [ 1937 68220 17395 95432  4827 22634 28407 43969 60016 84358 38746 38037
  1339 58127 57851 61873 76685 75773 93098 14271]
2020-03-27 05:18:28,339 - exp_torch_topics_d128_bald_entropy3_i2000_b20_q100_sf512_1 - INFO - finish step #65 for 26.065954208374023 sec
2020-03-27 05:18:28,339 - exp_torch_topics_d128_bald_entropy3_i2000_b20_q100_sf512_1 - INFO - current val_accuracy: 0.489654157468727
2020-03-27 05:18:28,339 - exp_torch_topics_d128_bald_entropy3_i2000_b20_q100_sf512_1 - INFO - start step #66
2020-03-27 05:18:52,236 - exp_torch_topics_d128_bald_entropy3_i2000_b20_q100_sf512_1 - INFO - query idx: [98079 15454  5671 72422 32515 13927 44222 44357  6966 23593 52625 43678
 67137 77182 83301  8928 16689 69725 47956 93113]
2020-03-27 05:18:54,726 - exp_torch_topics_d128_bald_entropy3_i2000_b20_q100_sf512_1 - INFO - finish step #66 for 26.386422157287598 sec
2020-03-27 05:18:54,726 - exp_torch_topics_d128_bald_entropy3_i2000_b20_q100_sf512_1 - INFO - current val_accuracy: 0.48991905813097864
2020-03-27 05:18:54,726 - exp_torch_topics_d128_bald_entropy3_i2000_b20_q100_sf512_1 - INFO - start step #67
2020-03-27 05:19:18,550 - exp_torch_topics_d128_bald_entropy3_i2000_b20_q100_sf512_1 - INFO - query idx: [27803 73819 89318 44864 54641  6548 66577 73109  3711 62272 55357 15916
 93278 71603 47517 22626  5460 97771  3157 36666]
2020-03-27 05:19:20,964 - exp_torch_topics_d128_bald_entropy3_i2000_b20_q100_sf512_1 - INFO - finish step #67 for 26.238032817840576 sec
2020-03-27 05:19:20,964 - exp_torch_topics_d128_bald_entropy3_i2000_b20_q100_sf512_1 - INFO - current val_accuracy: 0.49036055923473143
2020-03-27 05:19:20,964 - exp_torch_topics_d128_bald_entropy3_i2000_b20_q100_sf512_1 - INFO - start step #68
2020-03-27 05:19:44,720 - exp_torch_topics_d128_bald_entropy3_i2000_b20_q100_sf512_1 - INFO - query idx: [16158 66129 42361 72350 29638 68207 46078 79068 87282 66252 31533 19653
 98612 51035 81462 87341 47597 56646 36799 36065]
2020-03-27 05:19:47,243 - exp_torch_topics_d128_bald_entropy3_i2000_b20_q100_sf512_1 - INFO - finish step #68 for 26.27835202217102 sec
2020-03-27 05:19:47,243 - exp_torch_topics_d128_bald_entropy3_i2000_b20_q100_sf512_1 - INFO - current val_accuracy: 0.4926857983811626
2020-03-27 05:19:47,243 - exp_torch_topics_d128_bald_entropy3_i2000_b20_q100_sf512_1 - INFO - start step #69
2020-03-27 05:20:11,649 - exp_torch_topics_d128_bald_entropy3_i2000_b20_q100_sf512_1 - INFO - query idx: [90870 73574 72958 56421 75299 35534 40225 30072 60778 72375 64495 39039
  9379 86243  5580 31525 91216 23677 47950 81200]
2020-03-27 05:20:14,222 - exp_torch_topics_d128_bald_entropy3_i2000_b20_q100_sf512_1 - INFO - finish step #69 for 26.978809118270874 sec
2020-03-27 05:20:14,223 - exp_torch_topics_d128_bald_entropy3_i2000_b20_q100_sf512_1 - INFO - current val_accuracy: 0.49200883002207507
2020-03-27 05:20:14,224 - exp_torch_topics_d128_bald_entropy3_i2000_b20_q100_sf512_1 - INFO - start step #70
2020-03-27 05:20:38,149 - exp_torch_topics_d128_bald_entropy3_i2000_b20_q100_sf512_1 - INFO - query idx: [75016 69138 69560 74386 14175 25735 15413  1743 25046 61004 38329 12829
 38635 34021 38903 21179 38926 54681 12429  6560]
2020-03-27 05:20:40,556 - exp_torch_topics_d128_bald_entropy3_i2000_b20_q100_sf512_1 - INFO - finish step #70 for 26.33245587348938 sec
2020-03-27 05:20:40,556 - exp_torch_topics_d128_bald_entropy3_i2000_b20_q100_sf512_1 - INFO - current val_accuracy: 0.48927152317880795
2020-03-27 05:20:40,557 - exp_torch_topics_d128_bald_entropy3_i2000_b20_q100_sf512_1 - INFO - start step #71
2020-03-27 05:21:06,288 - exp_torch_topics_d128_bald_entropy3_i2000_b20_q100_sf512_1 - INFO - query idx: [22652 32286 90539 33520  7824   248  8922 59436  9246 66535  4660 47169
 74279 53989 75399 37164 75363  3549 64010 55507]
2020-03-27 05:21:09,010 - exp_torch_topics_d128_bald_entropy3_i2000_b20_q100_sf512_1 - INFO - finish step #71 for 28.45320415496826 sec
2020-03-27 05:21:09,010 - exp_torch_topics_d128_bald_entropy3_i2000_b20_q100_sf512_1 - INFO - current val_accuracy: 0.48997792494481235
2020-03-27 05:21:09,010 - exp_torch_topics_d128_bald_entropy3_i2000_b20_q100_sf512_1 - INFO - start step #72
2020-03-27 05:21:33,013 - exp_torch_topics_d128_bald_entropy3_i2000_b20_q100_sf512_1 - INFO - query idx: [79269 36420 45263 94072 47342 58879 61380 12945 76757 95431 28629 57874
 73472 90552 23526 38909 88388 87425 80367 48859]
2020-03-27 05:21:35,570 - exp_torch_topics_d128_bald_entropy3_i2000_b20_q100_sf512_1 - INFO - finish step #72 for 26.559547185897827 sec
2020-03-27 05:21:35,570 - exp_torch_topics_d128_bald_entropy3_i2000_b20_q100_sf512_1 - INFO - current val_accuracy: 0.4919205298013245
2020-03-27 05:21:35,570 - exp_torch_topics_d128_bald_entropy3_i2000_b20_q100_sf512_1 - INFO - start step #73
2020-03-27 05:21:59,569 - exp_torch_topics_d128_bald_entropy3_i2000_b20_q100_sf512_1 - INFO - query idx: [ 4238 39084 70394 25108 14602 83559 63776 40261 88984  8133 91364 74545
 44178 72137 20885 64261 65377  5187 75031 73913]
2020-03-27 05:22:02,249 - exp_torch_topics_d128_bald_entropy3_i2000_b20_q100_sf512_1 - INFO - finish step #73 for 26.678966999053955 sec
2020-03-27 05:22:02,249 - exp_torch_topics_d128_bald_entropy3_i2000_b20_q100_sf512_1 - INFO - current val_accuracy: 0.4923914643119941
2020-03-27 05:22:02,250 - exp_torch_topics_d128_bald_entropy3_i2000_b20_q100_sf512_1 - INFO - start step #74
2020-03-27 05:22:26,335 - exp_torch_topics_d128_bald_entropy3_i2000_b20_q100_sf512_1 - INFO - query idx: [15948 29614 94710 34604 55836 20996 23273 36493 97803  3220 45855 78565
 19479 96308 68807 25012 39434 59181 63422  9434]
2020-03-27 05:22:28,838 - exp_torch_topics_d128_bald_entropy3_i2000_b20_q100_sf512_1 - INFO - finish step #74 for 26.58824872970581 sec
2020-03-27 05:22:28,838 - exp_torch_topics_d128_bald_entropy3_i2000_b20_q100_sf512_1 - INFO - current val_accuracy: 0.49480500367917585
2020-03-27 05:22:28,838 - exp_torch_topics_d128_bald_entropy3_i2000_b20_q100_sf512_1 - INFO - start step #75
2020-03-27 05:22:53,278 - exp_torch_topics_d128_bald_entropy3_i2000_b20_q100_sf512_1 - INFO - query idx: [59080 64534 39828    86 71749 94901  6282 25652 86800 76967  9146 55750
 35042 14427 13253 51619 72537 84403 36448 14175]
2020-03-27 05:22:55,821 - exp_torch_topics_d128_bald_entropy3_i2000_b20_q100_sf512_1 - INFO - finish step #75 for 26.982959985733032 sec
2020-03-27 05:22:55,821 - exp_torch_topics_d128_bald_entropy3_i2000_b20_q100_sf512_1 - INFO - current val_accuracy: 0.4942163355408388
2020-03-27 05:22:55,822 - exp_torch_topics_d128_bald_entropy3_i2000_b20_q100_sf512_1 - INFO - start step #76
2020-03-27 05:23:19,825 - exp_torch_topics_d128_bald_entropy3_i2000_b20_q100_sf512_1 - INFO - query idx: [70290 90923 86511  3184 54032 76087 93776 94524 68904 36650 78438 35133
 72315 76525 25713 33783 40782 63197 65453  9029]
2020-03-27 05:23:22,433 - exp_torch_topics_d128_bald_entropy3_i2000_b20_q100_sf512_1 - INFO - finish step #76 for 26.611467123031616 sec
2020-03-27 05:23:22,434 - exp_torch_topics_d128_bald_entropy3_i2000_b20_q100_sf512_1 - INFO - current val_accuracy: 0.4948344370860927
2020-03-27 05:23:22,434 - exp_torch_topics_d128_bald_entropy3_i2000_b20_q100_sf512_1 - INFO - start step #77
2020-03-27 05:23:46,804 - exp_torch_topics_d128_bald_entropy3_i2000_b20_q100_sf512_1 - INFO - query idx: [63196 43672 63750 18244 86629 36806 25614 82164 92085 92820 44007 75519
 28060 29683 31226 51429 10107 43284 16836 64375]
2020-03-27 05:23:49,458 - exp_torch_topics_d128_bald_entropy3_i2000_b20_q100_sf512_1 - INFO - finish step #77 for 27.024286031723022 sec
2020-03-27 05:23:49,458 - exp_torch_topics_d128_bald_entropy3_i2000_b20_q100_sf512_1 - INFO - current val_accuracy: 0.49601177336276675
2020-03-27 05:23:49,458 - exp_torch_topics_d128_bald_entropy3_i2000_b20_q100_sf512_1 - INFO - start step #78
2020-03-27 05:24:13,208 - exp_torch_topics_d128_bald_entropy3_i2000_b20_q100_sf512_1 - INFO - query idx: [94912 42036 84896 54375 83257 61281 64970 53536 27086  4855 92236 38302
 40543 53534  3541 26791 94703  2113 15715 36961]
2020-03-27 05:24:15,789 - exp_torch_topics_d128_bald_entropy3_i2000_b20_q100_sf512_1 - INFO - finish step #78 for 26.330179691314697 sec
2020-03-27 05:24:15,789 - exp_torch_topics_d128_bald_entropy3_i2000_b20_q100_sf512_1 - INFO - current val_accuracy: 0.49562913907284767
2020-03-27 05:24:15,789 - exp_torch_topics_d128_bald_entropy3_i2000_b20_q100_sf512_1 - INFO - start step #79
2020-03-27 05:24:39,930 - exp_torch_topics_d128_bald_entropy3_i2000_b20_q100_sf512_1 - INFO - query idx: [82503 16802 48307 35452 80736 14631  6498 81498 75241 83761  5205 74609
 41511 55525 42492 26710 15872 77685 67781 19353]
2020-03-27 05:24:42,469 - exp_torch_topics_d128_bald_entropy3_i2000_b20_q100_sf512_1 - INFO - finish step #79 for 26.679671049118042 sec
2020-03-27 05:24:42,507 - exp_torch_topics_d128_bald_entropy3_i2000_b20_q100_sf512_1 - INFO - current val_accuracy: 0.49448123620309054
2020-03-27 05:24:42,508 - exp_torch_topics_d128_bald_entropy3_i2000_b20_q100_sf512_1 - INFO - start step #80
2020-03-27 05:25:06,339 - exp_torch_topics_d128_bald_entropy3_i2000_b20_q100_sf512_1 - INFO - query idx: [92106 22815 93873 95008 92735 52131 21857 34294 15498 72467 19848 54739
 17065 97809 37054 20424 66746 26212 35344 62810]
2020-03-27 05:25:08,879 - exp_torch_topics_d128_bald_entropy3_i2000_b20_q100_sf512_1 - INFO - finish step #80 for 26.369942903518677 sec
2020-03-27 05:25:08,879 - exp_torch_topics_d128_bald_entropy3_i2000_b20_q100_sf512_1 - INFO - current val_accuracy: 0.4915673289183223
2020-03-27 05:25:08,879 - exp_torch_topics_d128_bald_entropy3_i2000_b20_q100_sf512_1 - INFO - start step #81
2020-03-27 05:25:32,875 - exp_torch_topics_d128_bald_entropy3_i2000_b20_q100_sf512_1 - INFO - query idx: [65080 10329 26967  6560  7139 48226 56296 43423 71672  3769 63629 91348
 76151  4620 57080  6794 45083 94416 62553 16134]
2020-03-27 05:25:35,501 - exp_torch_topics_d128_bald_entropy3_i2000_b20_q100_sf512_1 - INFO - finish step #81 for 26.62131404876709 sec
2020-03-27 05:25:35,501 - exp_torch_topics_d128_bald_entropy3_i2000_b20_q100_sf512_1 - INFO - current val_accuracy: 0.4956585724797645
2020-03-27 05:25:35,501 - exp_torch_topics_d128_bald_entropy3_i2000_b20_q100_sf512_1 - INFO - start step #82
2020-03-27 05:25:59,936 - exp_torch_topics_d128_bald_entropy3_i2000_b20_q100_sf512_1 - INFO - query idx: [10154 34061 60819 21195 27065 51877 63345 58820 36221 36303 69448 83759
 15081 59627  1100 26306 80966 10236   906 89312]
2020-03-27 05:26:02,580 - exp_torch_topics_d128_bald_entropy3_i2000_b20_q100_sf512_1 - INFO - finish step #82 for 27.078820943832397 sec
2020-03-27 05:26:02,580 - exp_torch_topics_d128_bald_entropy3_i2000_b20_q100_sf512_1 - INFO - current val_accuracy: 0.4973657100809419
2020-03-27 05:26:02,580 - exp_torch_topics_d128_bald_entropy3_i2000_b20_q100_sf512_1 - INFO - start step #83
2020-03-27 05:26:27,096 - exp_torch_topics_d128_bald_entropy3_i2000_b20_q100_sf512_1 - INFO - query idx: [68621 62238 32754 85754  7761 63524 22707 84675 52150 39699 37247  8817
 32232 26949 17961 15070 57081 54263 14097 37574]
2020-03-27 05:26:29,977 - exp_torch_topics_d128_bald_entropy3_i2000_b20_q100_sf512_1 - INFO - finish step #83 for 27.39632511138916 sec
2020-03-27 05:26:29,977 - exp_torch_topics_d128_bald_entropy3_i2000_b20_q100_sf512_1 - INFO - current val_accuracy: 0.4977483443708609
2020-03-27 05:26:29,977 - exp_torch_topics_d128_bald_entropy3_i2000_b20_q100_sf512_1 - INFO - start step #84
2020-03-27 05:26:55,081 - exp_torch_topics_d128_bald_entropy3_i2000_b20_q100_sf512_1 - INFO - query idx: [64406 66409 56059   446 87381 50998 11060 71700  2699 14523 16012 24619
 30542 19511 62537 19288 21523  2381 38528 41256]
2020-03-27 05:26:57,908 - exp_torch_topics_d128_bald_entropy3_i2000_b20_q100_sf512_1 - INFO - finish step #84 for 27.931252002716064 sec
2020-03-27 05:26:57,908 - exp_torch_topics_d128_bald_entropy3_i2000_b20_q100_sf512_1 - INFO - current val_accuracy: 0.49945548197203826
2020-03-27 05:26:57,909 - exp_torch_topics_d128_bald_entropy3_i2000_b20_q100_sf512_1 - INFO - start step #85
2020-03-27 05:27:21,811 - exp_torch_topics_d128_bald_entropy3_i2000_b20_q100_sf512_1 - INFO - query idx: [ 2473 97203 76464 59568 45450 14913 14889 38406 33652 76805 23441 57938
 22539 18855 35196 82352  2074 22736 25777 89299]
2020-03-27 05:27:24,494 - exp_torch_topics_d128_bald_entropy3_i2000_b20_q100_sf512_1 - INFO - finish step #85 for 26.584837675094604 sec
2020-03-27 05:27:24,494 - exp_torch_topics_d128_bald_entropy3_i2000_b20_q100_sf512_1 - INFO - current val_accuracy: 0.49922001471670346
2020-03-27 05:27:24,494 - exp_torch_topics_d128_bald_entropy3_i2000_b20_q100_sf512_1 - INFO - start step #86
2020-03-27 05:27:48,321 - exp_torch_topics_d128_bald_entropy3_i2000_b20_q100_sf512_1 - INFO - query idx: [40280 25820 32147 73966 57106 26188 54272 37508 97156 23368 73848   894
 63176 65895 65384 52498 66643 51635 53459 67316]
2020-03-27 05:27:50,963 - exp_torch_topics_d128_bald_entropy3_i2000_b20_q100_sf512_1 - INFO - finish step #86 for 26.468607902526855 sec
2020-03-27 05:27:50,963 - exp_torch_topics_d128_bald_entropy3_i2000_b20_q100_sf512_1 - INFO - current val_accuracy: 0.494186902133922
2020-03-27 05:27:50,963 - exp_torch_topics_d128_bald_entropy3_i2000_b20_q100_sf512_1 - INFO - start step #87
2020-03-27 05:28:14,342 - exp_torch_topics_d128_bald_entropy3_i2000_b20_q100_sf512_1 - INFO - query idx: [16562 42374 61021 47592 66997 85687 22848  8005  2050 35645 82802 72530
 49454 69976 84436  3233 73992 58993 65265 52434]
2020-03-27 05:28:17,002 - exp_torch_topics_d128_bald_entropy3_i2000_b20_q100_sf512_1 - INFO - finish step #87 for 26.038777112960815 sec
2020-03-27 05:28:17,002 - exp_torch_topics_d128_bald_entropy3_i2000_b20_q100_sf512_1 - INFO - current val_accuracy: 0.49892568064753495
2020-03-27 05:28:17,002 - exp_torch_topics_d128_bald_entropy3_i2000_b20_q100_sf512_1 - INFO - start step #88
2020-03-27 05:28:40,815 - exp_torch_topics_d128_bald_entropy3_i2000_b20_q100_sf512_1 - INFO - query idx: [40312 36354 55547 34239 57910 80562 78320 55082 73825 81933 51116 64897
 21176 66775 63890 76530 14757 10294 14644 49516]
2020-03-27 05:28:43,485 - exp_torch_topics_d128_bald_entropy3_i2000_b20_q100_sf512_1 - INFO - finish step #88 for 26.482321739196777 sec
2020-03-27 05:28:43,485 - exp_torch_topics_d128_bald_entropy3_i2000_b20_q100_sf512_1 - INFO - current val_accuracy: 0.5031346578366446
2020-03-27 05:28:43,485 - exp_torch_topics_d128_bald_entropy3_i2000_b20_q100_sf512_1 - INFO - start step #89
2020-03-27 05:29:06,903 - exp_torch_topics_d128_bald_entropy3_i2000_b20_q100_sf512_1 - INFO - query idx: [46459 36035 57805 51821  9617 22420 75710 37375  2180 59667  5364 30683
 60337 68891 73702 90582 91258 49557 61599 16024]
2020-03-27 05:29:09,564 - exp_torch_topics_d128_bald_entropy3_i2000_b20_q100_sf512_1 - INFO - finish step #89 for 26.079185962677002 sec
2020-03-27 05:29:09,564 - exp_torch_topics_d128_bald_entropy3_i2000_b20_q100_sf512_1 - INFO - current val_accuracy: 0.5014275202354672
2020-03-27 05:29:09,565 - exp_torch_topics_d128_bald_entropy3_i2000_b20_q100_sf512_1 - INFO - start step #90
2020-03-27 05:29:33,102 - exp_torch_topics_d128_bald_entropy3_i2000_b20_q100_sf512_1 - INFO - query idx: [57798 94151 93945 62861 55251 75290 76304 14659 79703 54189 29575 87476
 19992 35522 11068 79110 81893 47009 53647  6881]
2020-03-27 05:29:35,702 - exp_torch_topics_d128_bald_entropy3_i2000_b20_q100_sf512_1 - INFO - finish step #90 for 26.13768219947815 sec
2020-03-27 05:29:35,703 - exp_torch_topics_d128_bald_entropy3_i2000_b20_q100_sf512_1 - INFO - current val_accuracy: 0.49854304635761587
2020-03-27 05:29:35,703 - exp_torch_topics_d128_bald_entropy3_i2000_b20_q100_sf512_1 - INFO - start step #91
2020-03-27 05:29:59,841 - exp_torch_topics_d128_bald_entropy3_i2000_b20_q100_sf512_1 - INFO - query idx: [87842 98120  9515 18237 36788  5235 35338 46672 86051 87338 76056 40835
 39605 29522 45665 51061 14541 59426 13330 66483]
2020-03-27 05:30:02,551 - exp_torch_topics_d128_bald_entropy3_i2000_b20_q100_sf512_1 - INFO - finish step #91 for 26.84866499900818 sec
2020-03-27 05:30:02,552 - exp_torch_topics_d128_bald_entropy3_i2000_b20_q100_sf512_1 - INFO - current val_accuracy: 0.4979838116261957
2020-03-27 05:30:02,552 - exp_torch_topics_d128_bald_entropy3_i2000_b20_q100_sf512_1 - INFO - start step #92
2020-03-27 05:30:26,056 - exp_torch_topics_d128_bald_entropy3_i2000_b20_q100_sf512_1 - INFO - query idx: [77469 93848 81344 76265 92689 82187 57064 19924 28846 59454 14687 72900
 56677 67784 87815 58542 56496 82364 56025 83771]
2020-03-27 05:30:28,720 - exp_torch_topics_d128_bald_entropy3_i2000_b20_q100_sf512_1 - INFO - finish step #92 for 26.16769289970398 sec
2020-03-27 05:30:28,720 - exp_torch_topics_d128_bald_entropy3_i2000_b20_q100_sf512_1 - INFO - current val_accuracy: 0.5014275202354672
2020-03-27 05:30:28,720 - exp_torch_topics_d128_bald_entropy3_i2000_b20_q100_sf512_1 - INFO - start step #93
2020-03-27 05:30:53,179 - exp_torch_topics_d128_bald_entropy3_i2000_b20_q100_sf512_1 - INFO - query idx: [56651 73904 27930 36151 43608 21206 25243 24777 30580 67069 40826  2140
 85017 79944 45274 57695 19652 94604 63564 88827]
2020-03-27 05:30:55,937 - exp_torch_topics_d128_bald_entropy3_i2000_b20_q100_sf512_1 - INFO - finish step #93 for 27.216751098632812 sec
2020-03-27 05:30:55,937 - exp_torch_topics_d128_bald_entropy3_i2000_b20_q100_sf512_1 - INFO - current val_accuracy: 0.5006328182487123
2020-03-27 05:30:55,937 - exp_torch_topics_d128_bald_entropy3_i2000_b20_q100_sf512_1 - INFO - start step #94
2020-03-27 05:31:19,992 - exp_torch_topics_d128_bald_entropy3_i2000_b20_q100_sf512_1 - INFO - query idx: [73414 77395 83681 64663 11987 28641 23137 62094 47280 13533 76663 18905
 13074 97048 67968 13592 11771 23308 43166 80104]
2020-03-27 05:31:22,632 - exp_torch_topics_d128_bald_entropy3_i2000_b20_q100_sf512_1 - INFO - finish step #94 for 26.69482684135437 sec
2020-03-27 05:31:22,632 - exp_torch_topics_d128_bald_entropy3_i2000_b20_q100_sf512_1 - INFO - current val_accuracy: 0.5028108903605593
2020-03-27 05:31:22,632 - exp_torch_topics_d128_bald_entropy3_i2000_b20_q100_sf512_1 - INFO - start step #95
2020-03-27 05:31:46,214 - exp_torch_topics_d128_bald_entropy3_i2000_b20_q100_sf512_1 - INFO - query idx: [46412 16594 49369 19451 70270 75631 18061 83591 39333 44691  6659 45363
 61465 86161 37867 24876 67454 40907 55797 30196]
2020-03-27 05:31:48,910 - exp_torch_topics_d128_bald_entropy3_i2000_b20_q100_sf512_1 - INFO - finish step #95 for 26.27754020690918 sec
2020-03-27 05:31:48,910 - exp_torch_topics_d128_bald_entropy3_i2000_b20_q100_sf512_1 - INFO - current val_accuracy: 0.5025754231052244
2020-03-27 05:31:48,910 - exp_torch_topics_d128_bald_entropy3_i2000_b20_q100_sf512_1 - INFO - start step #96
2020-03-27 05:32:13,018 - exp_torch_topics_d128_bald_entropy3_i2000_b20_q100_sf512_1 - INFO - query idx: [21499 85329 68820 79855 91903 23103  1112 45775 78203 30105 62338 64983
 62265 17564 48550 71632 50786 19205  7149 59205]
2020-03-27 05:32:16,212 - exp_torch_topics_d128_bald_entropy3_i2000_b20_q100_sf512_1 - INFO - finish step #96 for 27.30196189880371 sec
2020-03-27 05:32:16,213 - exp_torch_topics_d128_bald_entropy3_i2000_b20_q100_sf512_1 - INFO - current val_accuracy: 0.5031346578366446
2020-03-27 05:32:16,213 - exp_torch_topics_d128_bald_entropy3_i2000_b20_q100_sf512_1 - INFO - start step #97
2020-03-27 05:32:41,899 - exp_torch_topics_d128_bald_entropy3_i2000_b20_q100_sf512_1 - INFO - query idx: [28375 68186 75247 45015 46086  9619 50972 17258 77505 61011  4590 10914
 42411 51353 94656 73448 30800 24793 97637 60708]
2020-03-27 05:32:44,741 - exp_torch_topics_d128_bald_entropy3_i2000_b20_q100_sf512_1 - INFO - finish step #97 for 28.527912855148315 sec
2020-03-27 05:32:44,742 - exp_torch_topics_d128_bald_entropy3_i2000_b20_q100_sf512_1 - INFO - current val_accuracy: 0.5008094186902133
2020-03-27 05:32:44,742 - exp_torch_topics_d128_bald_entropy3_i2000_b20_q100_sf512_1 - INFO - start step #98
2020-03-27 05:33:08,293 - exp_torch_topics_d128_bald_entropy3_i2000_b20_q100_sf512_1 - INFO - query idx: [40768 74688 40466 86823 38349 61440 28415 90874 17581 15856 45556 65861
 61252 17997 46940 81714 49864 79587 22390 45205]
2020-03-27 05:33:10,922 - exp_torch_topics_d128_bald_entropy3_i2000_b20_q100_sf512_1 - INFO - finish step #98 for 26.180106163024902 sec
2020-03-27 05:33:10,923 - exp_torch_topics_d128_bald_entropy3_i2000_b20_q100_sf512_1 - INFO - current val_accuracy: 0.499514348785872
2020-03-27 05:33:10,923 - exp_torch_topics_d128_bald_entropy3_i2000_b20_q100_sf512_1 - INFO - start step #99
2020-03-27 05:33:34,659 - exp_torch_topics_d128_bald_entropy3_i2000_b20_q100_sf512_1 - INFO - query idx: [62933 39894 25469 95482 81652 71897 34917 69141  1687 66650 25605 72506
 16155 51783 60711 48522 23417 22773 97624 37658]
2020-03-27 05:33:37,220 - exp_torch_topics_d128_bald_entropy3_i2000_b20_q100_sf512_1 - INFO - finish step #99 for 26.296812057495117 sec
2020-03-27 05:33:37,220 - exp_torch_topics_d128_bald_entropy3_i2000_b20_q100_sf512_1 - INFO - current val_accuracy: 0.5064606328182487
2020-03-27 05:33:37,220 - exp_torch_topics_d128_bald_entropy3_i2000_b20_q100_sf512_1 - INFO - finish experiment process for 2728.368694782257 sec
