2020-03-25 17:16:26,498 - exp_torch_topics_d128_passive_i2000_b20_q100_sf512_2 - INFO - start experiment process
2020-03-25 17:16:32,719 - exp_torch_topics_d128_passive_i2000_b20_q100_sf512_2 - INFO - initial val_accuracy: 0.4507137601177336
2020-03-25 17:16:32,844 - exp_torch_topics_d128_passive_i2000_b20_q100_sf512_2 - INFO - start step #0
2020-03-25 17:16:32,869 - exp_torch_topics_d128_passive_i2000_b20_q100_sf512_2 - INFO - query idx: [77494 40793 82148 47917 79068 29031 38708 41852 27360 33855 45160 22243
 12529 62739 82343 10759  7812 33873 60552 97811]
2020-03-25 17:16:42,085 - exp_torch_topics_d128_passive_i2000_b20_q100_sf512_2 - INFO - finish step #0 for 9.23612117767334 sec
2020-03-25 17:16:42,088 - exp_torch_topics_d128_passive_i2000_b20_q100_sf512_2 - INFO - current val_accuracy: 0.4423841059602649
2020-03-25 17:16:42,088 - exp_torch_topics_d128_passive_i2000_b20_q100_sf512_2 - INFO - start step #1
2020-03-25 17:16:42,089 - exp_torch_topics_d128_passive_i2000_b20_q100_sf512_2 - INFO - query idx: [75080 38167 49594 81423 94518 41419    51 76181 25263 36025 56201 46164
 97590 50515 21931 66777 35059 57948 58040 74586]
2020-03-25 17:16:46,876 - exp_torch_topics_d128_passive_i2000_b20_q100_sf512_2 - INFO - finish step #1 for 4.787213087081909 sec
2020-03-25 17:16:46,876 - exp_torch_topics_d128_passive_i2000_b20_q100_sf512_2 - INFO - current val_accuracy: 0.4477998528329654
2020-03-25 17:16:46,876 - exp_torch_topics_d128_passive_i2000_b20_q100_sf512_2 - INFO - start step #2
2020-03-25 17:16:46,876 - exp_torch_topics_d128_passive_i2000_b20_q100_sf512_2 - INFO - query idx: [27473 27503 34621 92300 97624 93719  4537 21418 59944 26954 18192 47811
 47453 99856 70218 34047  4379 70733 83852 61814]
2020-03-25 17:16:49,488 - exp_torch_topics_d128_passive_i2000_b20_q100_sf512_2 - INFO - finish step #2 for 2.6123709678649902 sec
2020-03-25 17:16:49,488 - exp_torch_topics_d128_passive_i2000_b20_q100_sf512_2 - INFO - current val_accuracy: 0.44623988226637235
2020-03-25 17:16:49,489 - exp_torch_topics_d128_passive_i2000_b20_q100_sf512_2 - INFO - start step #3
2020-03-25 17:16:49,489 - exp_torch_topics_d128_passive_i2000_b20_q100_sf512_2 - INFO - query idx: [20933  5797 84854 39918 73216  3776 54593 32474 97050 73382 64294 26361
 23948 83746 60568 52035 36507 23271 92033 39304]
2020-03-25 17:16:52,670 - exp_torch_topics_d128_passive_i2000_b20_q100_sf512_2 - INFO - finish step #3 for 3.1814589500427246 sec
2020-03-25 17:16:52,670 - exp_torch_topics_d128_passive_i2000_b20_q100_sf512_2 - INFO - current val_accuracy: 0.4488888888888889
2020-03-25 17:16:52,670 - exp_torch_topics_d128_passive_i2000_b20_q100_sf512_2 - INFO - start step #4
2020-03-25 17:16:52,671 - exp_torch_topics_d128_passive_i2000_b20_q100_sf512_2 - INFO - query idx: [62733 35440 32516  2548 77028 68867  6652 30607 44644 24900 84758 21715
 97110 41695 41785 60684 59048 87272 11886 17994]
2020-03-25 17:16:55,358 - exp_torch_topics_d128_passive_i2000_b20_q100_sf512_2 - INFO - finish step #4 for 2.687453031539917 sec
2020-03-25 17:16:55,358 - exp_torch_topics_d128_passive_i2000_b20_q100_sf512_2 - INFO - current val_accuracy: 0.45445180279617364
2020-03-25 17:16:55,359 - exp_torch_topics_d128_passive_i2000_b20_q100_sf512_2 - INFO - start step #5
2020-03-25 17:16:55,359 - exp_torch_topics_d128_passive_i2000_b20_q100_sf512_2 - INFO - query idx: [53753 93450 72041 39421 87308 91729 51457  8376 74870 40313 95382 57107
 37755 30044  6159 36731 72883 84331 61482 14070]
2020-03-25 17:16:57,971 - exp_torch_topics_d128_passive_i2000_b20_q100_sf512_2 - INFO - finish step #5 for 2.6126790046691895 sec
2020-03-25 17:16:57,971 - exp_torch_topics_d128_passive_i2000_b20_q100_sf512_2 - INFO - current val_accuracy: 0.45159676232523915
2020-03-25 17:16:57,972 - exp_torch_topics_d128_passive_i2000_b20_q100_sf512_2 - INFO - start step #6
2020-03-25 17:16:57,972 - exp_torch_topics_d128_passive_i2000_b20_q100_sf512_2 - INFO - query idx: [15223 22540 19624 12973 35825 67770 88753 18944 11594 92982 10945 69788
 28769 59079 92852  5074 59598 29481 57415 87319]
2020-03-25 17:17:00,446 - exp_torch_topics_d128_passive_i2000_b20_q100_sf512_2 - INFO - finish step #6 for 2.474522829055786 sec
2020-03-25 17:17:00,446 - exp_torch_topics_d128_passive_i2000_b20_q100_sf512_2 - INFO - current val_accuracy: 0.4531861662987491
2020-03-25 17:17:00,447 - exp_torch_topics_d128_passive_i2000_b20_q100_sf512_2 - INFO - start step #7
2020-03-25 17:17:00,447 - exp_torch_topics_d128_passive_i2000_b20_q100_sf512_2 - INFO - query idx: [92614 97883 35964 48436 12754 97798 49830 90020 70458 55397 70952  2813
 22444 61651 81197 98225 46073 78309 87287 57544]
2020-03-25 17:17:03,029 - exp_torch_topics_d128_passive_i2000_b20_q100_sf512_2 - INFO - finish step #7 for 2.5825819969177246 sec
2020-03-25 17:17:03,029 - exp_torch_topics_d128_passive_i2000_b20_q100_sf512_2 - INFO - current val_accuracy: 0.4523325974981604
2020-03-25 17:17:03,030 - exp_torch_topics_d128_passive_i2000_b20_q100_sf512_2 - INFO - start step #8
2020-03-25 17:17:03,030 - exp_torch_topics_d128_passive_i2000_b20_q100_sf512_2 - INFO - query idx: [77240 59032 61662 50408 66070 12819 75284  5131 83935 18512 36940 58960
 15683 92680  4146 89880 56856 56829 88436 13089]
2020-03-25 17:17:05,540 - exp_torch_topics_d128_passive_i2000_b20_q100_sf512_2 - INFO - finish step #8 for 2.5105152130126953 sec
2020-03-25 17:17:05,540 - exp_torch_topics_d128_passive_i2000_b20_q100_sf512_2 - INFO - current val_accuracy: 0.4507431935246505
2020-03-25 17:17:05,541 - exp_torch_topics_d128_passive_i2000_b20_q100_sf512_2 - INFO - start step #9
2020-03-25 17:17:05,541 - exp_torch_topics_d128_passive_i2000_b20_q100_sf512_2 - INFO - query idx: [ 8984 10095  9866 78539 17751 79471 43128 48742 46682 36229 12492 61771
 90855 96955 47899 99372 72633 28172 79462 95412]
2020-03-25 17:17:08,067 - exp_torch_topics_d128_passive_i2000_b20_q100_sf512_2 - INFO - finish step #9 for 2.5259177684783936 sec
2020-03-25 17:17:08,067 - exp_torch_topics_d128_passive_i2000_b20_q100_sf512_2 - INFO - current val_accuracy: 0.45380426784400296
2020-03-25 17:17:08,067 - exp_torch_topics_d128_passive_i2000_b20_q100_sf512_2 - INFO - start step #10
2020-03-25 17:17:08,067 - exp_torch_topics_d128_passive_i2000_b20_q100_sf512_2 - INFO - query idx: [77350 26809 69780 14791 23477 75553 45020 89188 20959 60637 69613 67084
  7947 77172 58989 90978 28169 90667 89712 40432]
2020-03-25 17:17:10,583 - exp_torch_topics_d128_passive_i2000_b20_q100_sf512_2 - INFO - finish step #10 for 2.5155651569366455 sec
2020-03-25 17:17:10,583 - exp_torch_topics_d128_passive_i2000_b20_q100_sf512_2 - INFO - current val_accuracy: 0.45350993377483445
2020-03-25 17:17:10,583 - exp_torch_topics_d128_passive_i2000_b20_q100_sf512_2 - INFO - start step #11
2020-03-25 17:17:10,583 - exp_torch_topics_d128_passive_i2000_b20_q100_sf512_2 - INFO - query idx: [23186 46856 46776 73061  7984 14443 23135  5261 70275 34568 19669 81806
 85963 87589 37523 82915 66406 20652 94600 42237]
2020-03-25 17:17:13,123 - exp_torch_topics_d128_passive_i2000_b20_q100_sf512_2 - INFO - finish step #11 for 2.5400941371917725 sec
2020-03-25 17:17:13,123 - exp_torch_topics_d128_passive_i2000_b20_q100_sf512_2 - INFO - current val_accuracy: 0.4554819720382634
2020-03-25 17:17:13,124 - exp_torch_topics_d128_passive_i2000_b20_q100_sf512_2 - INFO - start step #12
2020-03-25 17:17:13,124 - exp_torch_topics_d128_passive_i2000_b20_q100_sf512_2 - INFO - query idx: [85652 75461 76396 68914 65616 75934 20103 93172 49967  9899 78935  3692
 56876 28889 81312 72800 78611 85298  5934 45405]
2020-03-25 17:17:15,730 - exp_torch_topics_d128_passive_i2000_b20_q100_sf512_2 - INFO - finish step #12 for 2.606031894683838 sec
2020-03-25 17:17:15,730 - exp_torch_topics_d128_passive_i2000_b20_q100_sf512_2 - INFO - current val_accuracy: 0.45221486387049303
2020-03-25 17:17:15,730 - exp_torch_topics_d128_passive_i2000_b20_q100_sf512_2 - INFO - start step #13
2020-03-25 17:17:15,730 - exp_torch_topics_d128_passive_i2000_b20_q100_sf512_2 - INFO - query idx: [97831  6081  7733 31204 53235  5325 80217 62968 81257 72235 69094   790
 47854 45808 92787 30745 18378 13569 43369 39921]
2020-03-25 17:17:18,300 - exp_torch_topics_d128_passive_i2000_b20_q100_sf512_2 - INFO - finish step #13 for 2.5694808959960938 sec
2020-03-25 17:17:18,300 - exp_torch_topics_d128_passive_i2000_b20_q100_sf512_2 - INFO - current val_accuracy: 0.4528623988226637
2020-03-25 17:17:18,300 - exp_torch_topics_d128_passive_i2000_b20_q100_sf512_2 - INFO - start step #14
2020-03-25 17:17:18,300 - exp_torch_topics_d128_passive_i2000_b20_q100_sf512_2 - INFO - query idx: [66280   629 97674 63608 60256 55399 57049 10703   658  1660 46287  9901
 41017 96098 45885 63914 69551 59872 23018 44585]
2020-03-25 17:17:20,844 - exp_torch_topics_d128_passive_i2000_b20_q100_sf512_2 - INFO - finish step #14 for 2.5438106060028076 sec
2020-03-25 17:17:20,844 - exp_torch_topics_d128_passive_i2000_b20_q100_sf512_2 - INFO - current val_accuracy: 0.45427520235467256
2020-03-25 17:17:20,844 - exp_torch_topics_d128_passive_i2000_b20_q100_sf512_2 - INFO - start step #15
2020-03-25 17:17:20,845 - exp_torch_topics_d128_passive_i2000_b20_q100_sf512_2 - INFO - query idx: [49998 84799 29805 33749 47403 87817 32617 31075 97848 84235 49996 56464
  2089 34865 85989 28149 37197 51790 75848 24493]
2020-03-25 17:17:23,416 - exp_torch_topics_d128_passive_i2000_b20_q100_sf512_2 - INFO - finish step #15 for 2.5714688301086426 sec
2020-03-25 17:17:23,416 - exp_torch_topics_d128_passive_i2000_b20_q100_sf512_2 - INFO - current val_accuracy: 0.4540691685062546
2020-03-25 17:17:23,416 - exp_torch_topics_d128_passive_i2000_b20_q100_sf512_2 - INFO - start step #16
2020-03-25 17:17:23,417 - exp_torch_topics_d128_passive_i2000_b20_q100_sf512_2 - INFO - query idx: [54654 33533 77078 98633 32646 11793 16348 79888 55547 20681 55333  9163
 43813 61894 82936 14672 98294 91201 74150 90086]
2020-03-25 17:17:26,001 - exp_torch_topics_d128_passive_i2000_b20_q100_sf512_2 - INFO - finish step #16 for 2.584792137145996 sec
2020-03-25 17:17:26,002 - exp_torch_topics_d128_passive_i2000_b20_q100_sf512_2 - INFO - current val_accuracy: 0.4537159676232524
2020-03-25 17:17:26,003 - exp_torch_topics_d128_passive_i2000_b20_q100_sf512_2 - INFO - start step #17
2020-03-25 17:17:26,003 - exp_torch_topics_d128_passive_i2000_b20_q100_sf512_2 - INFO - query idx: [92250 94967 10866 98959 55510 41759 89965 43535 82184 88785  3646 74970
 36038 93393 36776 30108 83393 57236 29369 30775]
2020-03-25 17:17:28,607 - exp_torch_topics_d128_passive_i2000_b20_q100_sf512_2 - INFO - finish step #17 for 2.6042709350585938 sec
2020-03-25 17:17:28,607 - exp_torch_topics_d128_passive_i2000_b20_q100_sf512_2 - INFO - current val_accuracy: 0.45718910963944076
2020-03-25 17:17:28,607 - exp_torch_topics_d128_passive_i2000_b20_q100_sf512_2 - INFO - start step #18
2020-03-25 17:17:28,608 - exp_torch_topics_d128_passive_i2000_b20_q100_sf512_2 - INFO - query idx: [83326 55135 17362 11863 96287 43294 54337 72576 12564 40028 82219 13423
 46510 73711 39258 59866  5207 37949 34102 15547]
2020-03-25 17:17:31,292 - exp_torch_topics_d128_passive_i2000_b20_q100_sf512_2 - INFO - finish step #18 for 2.684321880340576 sec
2020-03-25 17:17:31,292 - exp_torch_topics_d128_passive_i2000_b20_q100_sf512_2 - INFO - current val_accuracy: 0.45595290654893306
2020-03-25 17:17:31,292 - exp_torch_topics_d128_passive_i2000_b20_q100_sf512_2 - INFO - start step #19
2020-03-25 17:17:31,292 - exp_torch_topics_d128_passive_i2000_b20_q100_sf512_2 - INFO - query idx: [26617 26263 96680 10850 16343 36841 10213 26725 41590 27622 56409 15106
 62436 97815 25223 27418 83005 40887 30400 85833]
2020-03-25 17:17:33,924 - exp_torch_topics_d128_passive_i2000_b20_q100_sf512_2 - INFO - finish step #19 for 2.6317052841186523 sec
2020-03-25 17:17:33,924 - exp_torch_topics_d128_passive_i2000_b20_q100_sf512_2 - INFO - current val_accuracy: 0.4573068432671082
2020-03-25 17:17:33,924 - exp_torch_topics_d128_passive_i2000_b20_q100_sf512_2 - INFO - start step #20
2020-03-25 17:17:33,925 - exp_torch_topics_d128_passive_i2000_b20_q100_sf512_2 - INFO - query idx: [58997 24588 18538 25020 52571 88326  9192 93254 30271 35118 17090 39501
 28843 46322  2419  4523 98314 55361 38910 45048]
2020-03-25 17:17:36,605 - exp_torch_topics_d128_passive_i2000_b20_q100_sf512_2 - INFO - finish step #20 for 2.6802241802215576 sec
2020-03-25 17:17:36,605 - exp_torch_topics_d128_passive_i2000_b20_q100_sf512_2 - INFO - current val_accuracy: 0.46410596026490064
2020-03-25 17:17:36,605 - exp_torch_topics_d128_passive_i2000_b20_q100_sf512_2 - INFO - start step #21
2020-03-25 17:17:36,605 - exp_torch_topics_d128_passive_i2000_b20_q100_sf512_2 - INFO - query idx: [29501 47611 49572  3589 90415 18019 15646 55215 43776 32950 92771 16446
 99292 50052 78562 70085 93647 88047 93271 59032]
2020-03-25 17:17:39,215 - exp_torch_topics_d128_passive_i2000_b20_q100_sf512_2 - INFO - finish step #21 for 2.610323905944824 sec
2020-03-25 17:17:39,216 - exp_torch_topics_d128_passive_i2000_b20_q100_sf512_2 - INFO - current val_accuracy: 0.46130978660779987
2020-03-25 17:17:39,216 - exp_torch_topics_d128_passive_i2000_b20_q100_sf512_2 - INFO - start step #22
2020-03-25 17:17:39,216 - exp_torch_topics_d128_passive_i2000_b20_q100_sf512_2 - INFO - query idx: [60866 40033 94748 19220 67676 59323 68393  8368 79181   389 22890 28761
 73026 57734 98355 84440 95172 30807 47733 89271]
2020-03-25 17:17:41,837 - exp_torch_topics_d128_passive_i2000_b20_q100_sf512_2 - INFO - finish step #22 for 2.6214420795440674 sec
2020-03-25 17:17:41,838 - exp_torch_topics_d128_passive_i2000_b20_q100_sf512_2 - INFO - current val_accuracy: 0.46263428991905814
2020-03-25 17:17:41,839 - exp_torch_topics_d128_passive_i2000_b20_q100_sf512_2 - INFO - start step #23
2020-03-25 17:17:41,839 - exp_torch_topics_d128_passive_i2000_b20_q100_sf512_2 - INFO - query idx: [90313 51650 18354 26661 43822 73384 28882 61186 70131 46373 71114 94857
 86516 35742 75481 88051 88700 98227 36650 59099]
2020-03-25 17:17:44,583 - exp_torch_topics_d128_passive_i2000_b20_q100_sf512_2 - INFO - finish step #23 for 2.74408221244812 sec
2020-03-25 17:17:44,583 - exp_torch_topics_d128_passive_i2000_b20_q100_sf512_2 - INFO - current val_accuracy: 0.4661662987490802
2020-03-25 17:17:44,583 - exp_torch_topics_d128_passive_i2000_b20_q100_sf512_2 - INFO - start step #24
2020-03-25 17:17:44,584 - exp_torch_topics_d128_passive_i2000_b20_q100_sf512_2 - INFO - query idx: [ 7817 72962 37726  2989 83022  6054 74680 45096 29292  5224 35826 79735
 10923 93469 91581 75260 95311 94585 34080 98509]
2020-03-25 17:17:47,228 - exp_torch_topics_d128_passive_i2000_b20_q100_sf512_2 - INFO - finish step #24 for 2.644644021987915 sec
2020-03-25 17:17:47,228 - exp_torch_topics_d128_passive_i2000_b20_q100_sf512_2 - INFO - current val_accuracy: 0.4629580573951435
2020-03-25 17:17:47,228 - exp_torch_topics_d128_passive_i2000_b20_q100_sf512_2 - INFO - start step #25
2020-03-25 17:17:47,229 - exp_torch_topics_d128_passive_i2000_b20_q100_sf512_2 - INFO - query idx: [41395 89261 24899 65704   865 66473 71556 20568 63238 33624 24342 20447
 22145  1074 35727 40259 96021 85555 17563 18346]
2020-03-25 17:17:49,827 - exp_torch_topics_d128_passive_i2000_b20_q100_sf512_2 - INFO - finish step #25 for 2.5989861488342285 sec
2020-03-25 17:17:49,828 - exp_torch_topics_d128_passive_i2000_b20_q100_sf512_2 - INFO - current val_accuracy: 0.46545989698307577
2020-03-25 17:17:49,828 - exp_torch_topics_d128_passive_i2000_b20_q100_sf512_2 - INFO - start step #26
2020-03-25 17:17:49,828 - exp_torch_topics_d128_passive_i2000_b20_q100_sf512_2 - INFO - query idx: [87027 95343 79417  7919  8965 23527 56855 59140 92203 62221 63432 26915
 33487 73189 18548 55838 46664 70418  3088 11872]
2020-03-25 17:17:52,393 - exp_torch_topics_d128_passive_i2000_b20_q100_sf512_2 - INFO - finish step #26 for 2.565187692642212 sec
2020-03-25 17:17:52,393 - exp_torch_topics_d128_passive_i2000_b20_q100_sf512_2 - INFO - current val_accuracy: 0.4671670345842531
2020-03-25 17:17:52,393 - exp_torch_topics_d128_passive_i2000_b20_q100_sf512_2 - INFO - start step #27
2020-03-25 17:17:52,394 - exp_torch_topics_d128_passive_i2000_b20_q100_sf512_2 - INFO - query idx: [74372 20173 53556 69300 70014 43930 33863 57788 96629 27787 31728 70911
 90122 98665 49880 22830 98052 63729 79633 44622]
2020-03-25 17:17:55,111 - exp_torch_topics_d128_passive_i2000_b20_q100_sf512_2 - INFO - finish step #27 for 2.7173962593078613 sec
2020-03-25 17:17:55,111 - exp_torch_topics_d128_passive_i2000_b20_q100_sf512_2 - INFO - current val_accuracy: 0.46440029433406915
2020-03-25 17:17:55,112 - exp_torch_topics_d128_passive_i2000_b20_q100_sf512_2 - INFO - start step #28
2020-03-25 17:17:55,112 - exp_torch_topics_d128_passive_i2000_b20_q100_sf512_2 - INFO - query idx: [58571 52532 78033 48406  2935 96516 91169 33175 16829 28062 40407 87971
 86990 42151  8938 59177 92407 47435 19801 78595]
2020-03-25 17:17:57,937 - exp_torch_topics_d128_passive_i2000_b20_q100_sf512_2 - INFO - finish step #28 for 2.825789213180542 sec
2020-03-25 17:17:57,938 - exp_torch_topics_d128_passive_i2000_b20_q100_sf512_2 - INFO - current val_accuracy: 0.4650478292862399
2020-03-25 17:17:57,938 - exp_torch_topics_d128_passive_i2000_b20_q100_sf512_2 - INFO - start step #29
2020-03-25 17:17:57,939 - exp_torch_topics_d128_passive_i2000_b20_q100_sf512_2 - INFO - query idx: [92744 38149 16912  1751 86687 37249 99276 39298 82742 23853 98791 53751
 74924 41765 30644 40740 42135 70374   258 84461]
2020-03-25 17:18:00,512 - exp_torch_topics_d128_passive_i2000_b20_q100_sf512_2 - INFO - finish step #29 for 2.5736818313598633 sec
2020-03-25 17:18:00,512 - exp_torch_topics_d128_passive_i2000_b20_q100_sf512_2 - INFO - current val_accuracy: 0.46569536423841057
2020-03-25 17:18:00,512 - exp_torch_topics_d128_passive_i2000_b20_q100_sf512_2 - INFO - start step #30
2020-03-25 17:18:00,513 - exp_torch_topics_d128_passive_i2000_b20_q100_sf512_2 - INFO - query idx: [24405 89301 12562 21844 77169 91541 50562 38570 70851 94108 77094 88807
 19776 16004 37734 18559 28493 57834 15829 53655]
2020-03-25 17:18:03,151 - exp_torch_topics_d128_passive_i2000_b20_q100_sf512_2 - INFO - finish step #30 for 2.63847017288208 sec
2020-03-25 17:18:03,151 - exp_torch_topics_d128_passive_i2000_b20_q100_sf512_2 - INFO - current val_accuracy: 0.46086828550404707
2020-03-25 17:18:03,151 - exp_torch_topics_d128_passive_i2000_b20_q100_sf512_2 - INFO - start step #31
2020-03-25 17:18:03,152 - exp_torch_topics_d128_passive_i2000_b20_q100_sf512_2 - INFO - query idx: [70885 85364 66180 19287 83352 16035 37724 44262 19792 73915 52311 21138
  4391  6826 60401 43040 51082  5776 49565  2904]
2020-03-25 17:18:05,743 - exp_torch_topics_d128_passive_i2000_b20_q100_sf512_2 - INFO - finish step #31 for 2.5917890071868896 sec
2020-03-25 17:18:05,743 - exp_torch_topics_d128_passive_i2000_b20_q100_sf512_2 - INFO - current val_accuracy: 0.46210448859455483
2020-03-25 17:18:05,743 - exp_torch_topics_d128_passive_i2000_b20_q100_sf512_2 - INFO - start step #32
2020-03-25 17:18:05,744 - exp_torch_topics_d128_passive_i2000_b20_q100_sf512_2 - INFO - query idx: [47256 22875 77607 90195  9438 49167 91339 24144 79420  5479 92944 76404
 81124 75504   213 15536 88554 96598 34778 17645]
2020-03-25 17:18:08,418 - exp_torch_topics_d128_passive_i2000_b20_q100_sf512_2 - INFO - finish step #32 for 2.6748428344726562 sec
2020-03-25 17:18:08,418 - exp_torch_topics_d128_passive_i2000_b20_q100_sf512_2 - INFO - current val_accuracy: 0.460691685062546
2020-03-25 17:18:08,419 - exp_torch_topics_d128_passive_i2000_b20_q100_sf512_2 - INFO - start step #33
2020-03-25 17:18:08,419 - exp_torch_topics_d128_passive_i2000_b20_q100_sf512_2 - INFO - query idx: [36462 35153 34392 23543 31597 69286 31878  6296 78153 64523 39303 98743
 69227 18017 35966 58197 91031 25586 16273 34587]
2020-03-25 17:18:10,974 - exp_torch_topics_d128_passive_i2000_b20_q100_sf512_2 - INFO - finish step #33 for 2.5550270080566406 sec
2020-03-25 17:18:10,974 - exp_torch_topics_d128_passive_i2000_b20_q100_sf512_2 - INFO - current val_accuracy: 0.4680206033848418
2020-03-25 17:18:10,974 - exp_torch_topics_d128_passive_i2000_b20_q100_sf512_2 - INFO - start step #34
2020-03-25 17:18:10,974 - exp_torch_topics_d128_passive_i2000_b20_q100_sf512_2 - INFO - query idx: [28196 86044 27321 91221 15980 26147 74331 45185 99226  2129 15899 36118
 38260 93109 68022 97603   569 13350 71946 63369]
2020-03-25 17:18:13,732 - exp_torch_topics_d128_passive_i2000_b20_q100_sf512_2 - INFO - finish step #34 for 2.7579569816589355 sec
2020-03-25 17:18:13,732 - exp_torch_topics_d128_passive_i2000_b20_q100_sf512_2 - INFO - current val_accuracy: 0.46613686534216336
2020-03-25 17:18:13,732 - exp_torch_topics_d128_passive_i2000_b20_q100_sf512_2 - INFO - start step #35
2020-03-25 17:18:13,733 - exp_torch_topics_d128_passive_i2000_b20_q100_sf512_2 - INFO - query idx: [97638 27588 26025 90888 22548 30902 53209 95094  7724 75105 54052 77065
  6275 64325 16250 88558 92589 36907 21426 60476]
2020-03-25 17:18:16,323 - exp_torch_topics_d128_passive_i2000_b20_q100_sf512_2 - INFO - finish step #35 for 2.590895891189575 sec
2020-03-25 17:18:16,323 - exp_torch_topics_d128_passive_i2000_b20_q100_sf512_2 - INFO - current val_accuracy: 0.4686681383370125
2020-03-25 17:18:16,324 - exp_torch_topics_d128_passive_i2000_b20_q100_sf512_2 - INFO - start step #36
2020-03-25 17:18:16,324 - exp_torch_topics_d128_passive_i2000_b20_q100_sf512_2 - INFO - query idx: [67391 10024 34277  7712 98308 16536 30479 22697 28500 36367 38691 17600
 69805 16876 57156 65106  8862 89856 52748 45138]
2020-03-25 17:18:19,035 - exp_torch_topics_d128_passive_i2000_b20_q100_sf512_2 - INFO - finish step #36 for 2.711625099182129 sec
2020-03-25 17:18:19,036 - exp_torch_topics_d128_passive_i2000_b20_q100_sf512_2 - INFO - current val_accuracy: 0.46675496688741724
2020-03-25 17:18:19,037 - exp_torch_topics_d128_passive_i2000_b20_q100_sf512_2 - INFO - start step #37
2020-03-25 17:18:19,037 - exp_torch_topics_d128_passive_i2000_b20_q100_sf512_2 - INFO - query idx: [11677  2442 20120 87942 21730 51278  4737 38613 12305 40066 85721 56540
 77621 79759 88880 16002 59865 43783 51298 56219]
2020-03-25 17:18:21,751 - exp_torch_topics_d128_passive_i2000_b20_q100_sf512_2 - INFO - finish step #37 for 2.7143781185150146 sec
2020-03-25 17:18:21,751 - exp_torch_topics_d128_passive_i2000_b20_q100_sf512_2 - INFO - current val_accuracy: 0.4696983075791023
2020-03-25 17:18:21,751 - exp_torch_topics_d128_passive_i2000_b20_q100_sf512_2 - INFO - start step #38
2020-03-25 17:18:21,752 - exp_torch_topics_d128_passive_i2000_b20_q100_sf512_2 - INFO - query idx: [82841 93882 30950 40798 19173 53530 62041 64870 94619 20251 58521 78741
 10939 10899 47430 76186 84183 26992 97981 86784]
2020-03-25 17:18:24,438 - exp_torch_topics_d128_passive_i2000_b20_q100_sf512_2 - INFO - finish step #38 for 2.6865687370300293 sec
2020-03-25 17:18:24,438 - exp_torch_topics_d128_passive_i2000_b20_q100_sf512_2 - INFO - current val_accuracy: 0.47025754231052247
2020-03-25 17:18:24,438 - exp_torch_topics_d128_passive_i2000_b20_q100_sf512_2 - INFO - start step #39
2020-03-25 17:18:24,439 - exp_torch_topics_d128_passive_i2000_b20_q100_sf512_2 - INFO - query idx: [75779 57846 48059  6882 77520 82869 19745 19208 93642 12471 95608 34008
  2782  7563 70063 17807 76300 93876 14174 11399]
2020-03-25 17:18:27,092 - exp_torch_topics_d128_passive_i2000_b20_q100_sf512_2 - INFO - finish step #39 for 2.653095006942749 sec
2020-03-25 17:18:27,092 - exp_torch_topics_d128_passive_i2000_b20_q100_sf512_2 - INFO - current val_accuracy: 0.46607799852832965
2020-03-25 17:18:27,092 - exp_torch_topics_d128_passive_i2000_b20_q100_sf512_2 - INFO - start step #40
2020-03-25 17:18:27,092 - exp_torch_topics_d128_passive_i2000_b20_q100_sf512_2 - INFO - query idx: [89766 27691 11168 20161 76696 84842 31304 73694 94870 97071 49261  7603
  5677 21349 21418 31518 76563 28484 31356 91795]
2020-03-25 17:18:29,737 - exp_torch_topics_d128_passive_i2000_b20_q100_sf512_2 - INFO - finish step #40 for 2.644810914993286 sec
2020-03-25 17:18:29,737 - exp_torch_topics_d128_passive_i2000_b20_q100_sf512_2 - INFO - current val_accuracy: 0.4698749080206034
2020-03-25 17:18:29,737 - exp_torch_topics_d128_passive_i2000_b20_q100_sf512_2 - INFO - start step #41
2020-03-25 17:18:29,737 - exp_torch_topics_d128_passive_i2000_b20_q100_sf512_2 - INFO - query idx: [39574 25799 52339 68109 79349 96066 97677 90399 47067 80720  4376 30177
 86065 29564 84758  1675 34796 90972 74024  5889]
2020-03-25 17:18:32,359 - exp_torch_topics_d128_passive_i2000_b20_q100_sf512_2 - INFO - finish step #41 for 2.6221299171447754 sec
2020-03-25 17:18:32,360 - exp_torch_topics_d128_passive_i2000_b20_q100_sf512_2 - INFO - current val_accuracy: 0.47025754231052247
2020-03-25 17:18:32,360 - exp_torch_topics_d128_passive_i2000_b20_q100_sf512_2 - INFO - start step #42
2020-03-25 17:18:32,360 - exp_torch_topics_d128_passive_i2000_b20_q100_sf512_2 - INFO - query idx: [78756 20953 53807 52375 57466 62037 23567 11233 89626 32071 53895 88131
 38354  8168 80704 44080 35386 82947 95766 50914]
2020-03-25 17:18:35,018 - exp_torch_topics_d128_passive_i2000_b20_q100_sf512_2 - INFO - finish step #42 for 2.6584579944610596 sec
2020-03-25 17:18:35,019 - exp_torch_topics_d128_passive_i2000_b20_q100_sf512_2 - INFO - current val_accuracy: 0.46840323767476083
2020-03-25 17:18:35,019 - exp_torch_topics_d128_passive_i2000_b20_q100_sf512_2 - INFO - start step #43
2020-03-25 17:18:35,020 - exp_torch_topics_d128_passive_i2000_b20_q100_sf512_2 - INFO - query idx: [49668 33740 78406 14492 10093 48563 89339 23976 63744 38787 71157 57370
 21823 95495 65305 44477 80619 58140   947 50330]
2020-03-25 17:18:37,590 - exp_torch_topics_d128_passive_i2000_b20_q100_sf512_2 - INFO - finish step #43 for 2.5704236030578613 sec
2020-03-25 17:18:37,590 - exp_torch_topics_d128_passive_i2000_b20_q100_sf512_2 - INFO - current val_accuracy: 0.469551140544518
2020-03-25 17:18:37,590 - exp_torch_topics_d128_passive_i2000_b20_q100_sf512_2 - INFO - start step #44
2020-03-25 17:18:37,591 - exp_torch_topics_d128_passive_i2000_b20_q100_sf512_2 - INFO - query idx: [49075 88289 86257 61138 25968 52481 16578  5195 63390 83859 31344  2379
 52653 49542   328 78015 32012 75458 23046  5100]
2020-03-25 17:18:40,263 - exp_torch_topics_d128_passive_i2000_b20_q100_sf512_2 - INFO - finish step #44 for 2.6727049350738525 sec
2020-03-25 17:18:40,263 - exp_torch_topics_d128_passive_i2000_b20_q100_sf512_2 - INFO - current val_accuracy: 0.4723767476085357
2020-03-25 17:18:40,263 - exp_torch_topics_d128_passive_i2000_b20_q100_sf512_2 - INFO - start step #45
2020-03-25 17:18:40,264 - exp_torch_topics_d128_passive_i2000_b20_q100_sf512_2 - INFO - query idx: [26983 69752 27940 88895 67683 93134 56146 41549 53831 17890 56805 53111
  9860 97947 54151 25034 59818 48709   352 25561]
2020-03-25 17:18:42,940 - exp_torch_topics_d128_passive_i2000_b20_q100_sf512_2 - INFO - finish step #45 for 2.6765708923339844 sec
2020-03-25 17:18:42,940 - exp_torch_topics_d128_passive_i2000_b20_q100_sf512_2 - INFO - current val_accuracy: 0.4712582781456954
2020-03-25 17:18:42,940 - exp_torch_topics_d128_passive_i2000_b20_q100_sf512_2 - INFO - start step #46
2020-03-25 17:18:42,941 - exp_torch_topics_d128_passive_i2000_b20_q100_sf512_2 - INFO - query idx: [40143  4587 96856 87189 93965 50392 39714 43862  6196  7482 71584 32620
 67289 74672 68508  2693 83929 10385  3676 18567]
2020-03-25 17:18:45,586 - exp_torch_topics_d128_passive_i2000_b20_q100_sf512_2 - INFO - finish step #46 for 2.6451079845428467 sec
2020-03-25 17:18:45,586 - exp_torch_topics_d128_passive_i2000_b20_q100_sf512_2 - INFO - current val_accuracy: 0.4719941133186166
2020-03-25 17:18:45,586 - exp_torch_topics_d128_passive_i2000_b20_q100_sf512_2 - INFO - start step #47
2020-03-25 17:18:45,586 - exp_torch_topics_d128_passive_i2000_b20_q100_sf512_2 - INFO - query idx: [78315 83624 10994 92679 86072 84703 63342 60404   561 91364 76196  2157
 33599 74973 12343 69754  8047 48938  5563 49769]
2020-03-25 17:18:48,176 - exp_torch_topics_d128_passive_i2000_b20_q100_sf512_2 - INFO - finish step #47 for 2.5899441242218018 sec
2020-03-25 17:18:48,176 - exp_torch_topics_d128_passive_i2000_b20_q100_sf512_2 - INFO - current val_accuracy: 0.47455481972038266
2020-03-25 17:18:48,176 - exp_torch_topics_d128_passive_i2000_b20_q100_sf512_2 - INFO - start step #48
2020-03-25 17:18:48,177 - exp_torch_topics_d128_passive_i2000_b20_q100_sf512_2 - INFO - query idx: [53965 86204  8210 93029 29785 85923  2173 57578 72623 65819 49166 68950
 22122 68981 44464 55038 94163 45064 85710 84984]
2020-03-25 17:18:50,792 - exp_torch_topics_d128_passive_i2000_b20_q100_sf512_2 - INFO - finish step #48 for 2.6151180267333984 sec
2020-03-25 17:18:50,792 - exp_torch_topics_d128_passive_i2000_b20_q100_sf512_2 - INFO - current val_accuracy: 0.4776158940397351
2020-03-25 17:18:50,792 - exp_torch_topics_d128_passive_i2000_b20_q100_sf512_2 - INFO - start step #49
2020-03-25 17:18:50,792 - exp_torch_topics_d128_passive_i2000_b20_q100_sf512_2 - INFO - query idx: [ 3676 85328 53524 49311 50053 82730 81656 72673 14427 15048 82560 64738
 74395 35105 21947 66726 38407 26310 74982 70044]
2020-03-25 17:18:53,500 - exp_torch_topics_d128_passive_i2000_b20_q100_sf512_2 - INFO - finish step #49 for 2.707778215408325 sec
2020-03-25 17:18:53,500 - exp_torch_topics_d128_passive_i2000_b20_q100_sf512_2 - INFO - current val_accuracy: 0.4790581309786608
2020-03-25 17:18:53,500 - exp_torch_topics_d128_passive_i2000_b20_q100_sf512_2 - INFO - start step #50
2020-03-25 17:18:53,500 - exp_torch_topics_d128_passive_i2000_b20_q100_sf512_2 - INFO - query idx: [40380 63786 10566 11942 19406  7524 40123 67865 69779 36022 47074 14744
 32469 19901 85541 72141 98085 73547 19527 52214]
2020-03-25 17:18:56,113 - exp_torch_topics_d128_passive_i2000_b20_q100_sf512_2 - INFO - finish step #50 for 2.6129631996154785 sec
2020-03-25 17:18:56,114 - exp_torch_topics_d128_passive_i2000_b20_q100_sf512_2 - INFO - current val_accuracy: 0.4765857247976453
2020-03-25 17:18:56,114 - exp_torch_topics_d128_passive_i2000_b20_q100_sf512_2 - INFO - start step #51
2020-03-25 17:18:56,115 - exp_torch_topics_d128_passive_i2000_b20_q100_sf512_2 - INFO - query idx: [ 5594 81437 89711 61573 14410  2188 89930 93625 17454  9330 30355 70854
 98911 94163 12514 80127 81875 66887 41596 15312]
2020-03-25 17:18:58,751 - exp_torch_topics_d128_passive_i2000_b20_q100_sf512_2 - INFO - finish step #51 for 2.636594295501709 sec
2020-03-25 17:18:58,751 - exp_torch_topics_d128_passive_i2000_b20_q100_sf512_2 - INFO - current val_accuracy: 0.4764385577630611
2020-03-25 17:18:58,752 - exp_torch_topics_d128_passive_i2000_b20_q100_sf512_2 - INFO - start step #52
2020-03-25 17:18:58,752 - exp_torch_topics_d128_passive_i2000_b20_q100_sf512_2 - INFO - query idx: [ 7665 62225 83068 51578 60914 76180 51234 32936 54948 26502 90274 52042
 28996 10635 91106 64347 81881 43001 87012 90232]
2020-03-25 17:19:01,408 - exp_torch_topics_d128_passive_i2000_b20_q100_sf512_2 - INFO - finish step #52 for 2.656709909439087 sec
2020-03-25 17:19:01,408 - exp_torch_topics_d128_passive_i2000_b20_q100_sf512_2 - INFO - current val_accuracy: 0.4794701986754967
2020-03-25 17:19:01,409 - exp_torch_topics_d128_passive_i2000_b20_q100_sf512_2 - INFO - start step #53
2020-03-25 17:19:01,409 - exp_torch_topics_d128_passive_i2000_b20_q100_sf512_2 - INFO - query idx: [61676 70986  4472 38260 86810 15808 46120  3737 95489 45841 82277 48175
 80566 72917 91410 91007 89047 79101 50269 71581]
2020-03-25 17:19:04,082 - exp_torch_topics_d128_passive_i2000_b20_q100_sf512_2 - INFO - finish step #53 for 2.673692226409912 sec
2020-03-25 17:19:04,084 - exp_torch_topics_d128_passive_i2000_b20_q100_sf512_2 - INFO - current val_accuracy: 0.4720824135393672
2020-03-25 17:19:04,084 - exp_torch_topics_d128_passive_i2000_b20_q100_sf512_2 - INFO - start step #54
2020-03-25 17:19:04,084 - exp_torch_topics_d128_passive_i2000_b20_q100_sf512_2 - INFO - query idx: [  759 44081 36480 10961 28140  2689 45645 59479 60981 14804 61602 65408
 44272 67745 55259 90705 84949 49825 67238 92177]
2020-03-25 17:19:06,721 - exp_torch_topics_d128_passive_i2000_b20_q100_sf512_2 - INFO - finish step #54 for 2.636918067932129 sec
2020-03-25 17:19:06,721 - exp_torch_topics_d128_passive_i2000_b20_q100_sf512_2 - INFO - current val_accuracy: 0.47702722590139807
2020-03-25 17:19:06,721 - exp_torch_topics_d128_passive_i2000_b20_q100_sf512_2 - INFO - start step #55
2020-03-25 17:19:06,721 - exp_torch_topics_d128_passive_i2000_b20_q100_sf512_2 - INFO - query idx: [79534  1309 85028 86525 60860 34219 77359 11950 51607 67618 37185 20345
 30933 58390 70030 96656 20727 29584 44825 32268]
2020-03-25 17:19:09,282 - exp_torch_topics_d128_passive_i2000_b20_q100_sf512_2 - INFO - finish step #55 for 2.561020851135254 sec
2020-03-25 17:19:09,282 - exp_torch_topics_d128_passive_i2000_b20_q100_sf512_2 - INFO - current val_accuracy: 0.47458425312729946
2020-03-25 17:19:09,282 - exp_torch_topics_d128_passive_i2000_b20_q100_sf512_2 - INFO - start step #56
2020-03-25 17:19:09,283 - exp_torch_topics_d128_passive_i2000_b20_q100_sf512_2 - INFO - query idx: [64506 18944  1262 74545 24984 18813 16305 72975 65603 80871 10102 57173
 86512 88343 51616 52445 83478 20635 66870  9333]
2020-03-25 17:19:11,982 - exp_torch_topics_d128_passive_i2000_b20_q100_sf512_2 - INFO - finish step #56 for 2.6993539333343506 sec
2020-03-25 17:19:11,990 - exp_torch_topics_d128_passive_i2000_b20_q100_sf512_2 - INFO - current val_accuracy: 0.48085356880058866
2020-03-25 17:19:11,991 - exp_torch_topics_d128_passive_i2000_b20_q100_sf512_2 - INFO - start step #57
2020-03-25 17:19:11,991 - exp_torch_topics_d128_passive_i2000_b20_q100_sf512_2 - INFO - query idx: [68440 50382 75333 92389 44114 64835 91969 21184 80063 56037 10936 88333
 51331 82994 59035 12410 51673 34494 86191 84174]
2020-03-25 17:19:14,741 - exp_torch_topics_d128_passive_i2000_b20_q100_sf512_2 - INFO - finish step #57 for 2.7502269744873047 sec
2020-03-25 17:19:14,741 - exp_torch_topics_d128_passive_i2000_b20_q100_sf512_2 - INFO - current val_accuracy: 0.47967623252391467
2020-03-25 17:19:14,741 - exp_torch_topics_d128_passive_i2000_b20_q100_sf512_2 - INFO - start step #58
2020-03-25 17:19:14,742 - exp_torch_topics_d128_passive_i2000_b20_q100_sf512_2 - INFO - query idx: [40099  3679 94051 68619 84194 66136  2832 44428 53724 61542  3749  2197
 46156 71818 47012 72563 80548 79145 22235 17980]
2020-03-25 17:19:17,385 - exp_torch_topics_d128_passive_i2000_b20_q100_sf512_2 - INFO - finish step #58 for 2.6437060832977295 sec
2020-03-25 17:19:17,385 - exp_torch_topics_d128_passive_i2000_b20_q100_sf512_2 - INFO - current val_accuracy: 0.4758498896247241
2020-03-25 17:19:17,385 - exp_torch_topics_d128_passive_i2000_b20_q100_sf512_2 - INFO - start step #59
2020-03-25 17:19:17,386 - exp_torch_topics_d128_passive_i2000_b20_q100_sf512_2 - INFO - query idx: [41058 24959   586 89966 23955 88363 94574 36899 37123 88524  8237 71847
 33785 43666 30320 48156 18976 87568 80651 47887]
2020-03-25 17:19:19,996 - exp_torch_topics_d128_passive_i2000_b20_q100_sf512_2 - INFO - finish step #59 for 2.6104180812835693 sec
2020-03-25 17:19:19,996 - exp_torch_topics_d128_passive_i2000_b20_q100_sf512_2 - INFO - current val_accuracy: 0.47664459161147904
2020-03-25 17:19:19,997 - exp_torch_topics_d128_passive_i2000_b20_q100_sf512_2 - INFO - start step #60
2020-03-25 17:19:19,997 - exp_torch_topics_d128_passive_i2000_b20_q100_sf512_2 - INFO - query idx: [ 4176 77412 80408 33982 13237  6701  6081 43929 95279 90687 49720 72810
  2389 96455   668 93718 20854 39514 55553 15783]
2020-03-25 17:19:22,668 - exp_torch_topics_d128_passive_i2000_b20_q100_sf512_2 - INFO - finish step #60 for 2.671388864517212 sec
2020-03-25 17:19:22,668 - exp_torch_topics_d128_passive_i2000_b20_q100_sf512_2 - INFO - current val_accuracy: 0.47894039735099336
2020-03-25 17:19:22,668 - exp_torch_topics_d128_passive_i2000_b20_q100_sf512_2 - INFO - start step #61
2020-03-25 17:19:22,669 - exp_torch_topics_d128_passive_i2000_b20_q100_sf512_2 - INFO - query idx: [78825 33199 16088 46551 67761 35375 51445 11511 13735 69194 25082 77540
 57212 13807  9995 39206 92155 42322 88073 77483]
2020-03-25 17:19:25,341 - exp_torch_topics_d128_passive_i2000_b20_q100_sf512_2 - INFO - finish step #61 for 2.6725471019744873 sec
2020-03-25 17:19:25,341 - exp_torch_topics_d128_passive_i2000_b20_q100_sf512_2 - INFO - current val_accuracy: 0.48170713760117734
2020-03-25 17:19:25,341 - exp_torch_topics_d128_passive_i2000_b20_q100_sf512_2 - INFO - start step #62
2020-03-25 17:19:25,342 - exp_torch_topics_d128_passive_i2000_b20_q100_sf512_2 - INFO - query idx: [79874 83106 73426 58621 33057 63769  3270 86058 98347 81116 37503 84218
 14742 77584 11770 84837 85767 39951 80158 22952]
2020-03-25 17:19:28,074 - exp_torch_topics_d128_passive_i2000_b20_q100_sf512_2 - INFO - finish step #62 for 2.7323191165924072 sec
2020-03-25 17:19:28,075 - exp_torch_topics_d128_passive_i2000_b20_q100_sf512_2 - INFO - current val_accuracy: 0.48014716703458427
2020-03-25 17:19:28,075 - exp_torch_topics_d128_passive_i2000_b20_q100_sf512_2 - INFO - start step #63
2020-03-25 17:19:28,075 - exp_torch_topics_d128_passive_i2000_b20_q100_sf512_2 - INFO - query idx: [24855 95811 29349 24439 26326 23328 95730 96963 78243 54673  5435 72891
 24804 52366 28010 21281 82030 95859 37609 72278]
2020-03-25 17:19:30,732 - exp_torch_topics_d128_passive_i2000_b20_q100_sf512_2 - INFO - finish step #63 for 2.656886100769043 sec
2020-03-25 17:19:30,732 - exp_torch_topics_d128_passive_i2000_b20_q100_sf512_2 - INFO - current val_accuracy: 0.4850036791758646
2020-03-25 17:19:30,732 - exp_torch_topics_d128_passive_i2000_b20_q100_sf512_2 - INFO - start step #64
2020-03-25 17:19:30,733 - exp_torch_topics_d128_passive_i2000_b20_q100_sf512_2 - INFO - query idx: [62238 59619 95686 73816 70149 71382 78397 56581 75880 28513 16158  7161
 11176 11777 65555 79682  6116 21484 93531 21933]
2020-03-25 17:19:33,401 - exp_torch_topics_d128_passive_i2000_b20_q100_sf512_2 - INFO - finish step #64 for 2.668673038482666 sec
2020-03-25 17:19:33,401 - exp_torch_topics_d128_passive_i2000_b20_q100_sf512_2 - INFO - current val_accuracy: 0.4833259749816041
2020-03-25 17:19:33,401 - exp_torch_topics_d128_passive_i2000_b20_q100_sf512_2 - INFO - start step #65
2020-03-25 17:19:33,402 - exp_torch_topics_d128_passive_i2000_b20_q100_sf512_2 - INFO - query idx: [90515 31850  4952 86388 33451 65087 57153 50764 50014 70658 25151 72991
 84057 20382 21251 34310  1224 22170 67746 75385]
2020-03-25 17:19:36,094 - exp_torch_topics_d128_passive_i2000_b20_q100_sf512_2 - INFO - finish step #65 for 2.6923372745513916 sec
2020-03-25 17:19:36,094 - exp_torch_topics_d128_passive_i2000_b20_q100_sf512_2 - INFO - current val_accuracy: 0.4798822663723326
2020-03-25 17:19:36,094 - exp_torch_topics_d128_passive_i2000_b20_q100_sf512_2 - INFO - start step #66
2020-03-25 17:19:36,095 - exp_torch_topics_d128_passive_i2000_b20_q100_sf512_2 - INFO - query idx: [56765 59007 59349 26960 13114 97350 86011  7590 91784   824 40745 83278
 28435 10829 92776 85337 12344 53567 98252 25978]
2020-03-25 17:19:38,791 - exp_torch_topics_d128_passive_i2000_b20_q100_sf512_2 - INFO - finish step #66 for 2.6967501640319824 sec
2020-03-25 17:19:38,791 - exp_torch_topics_d128_passive_i2000_b20_q100_sf512_2 - INFO - current val_accuracy: 0.4858866813833701
2020-03-25 17:19:38,792 - exp_torch_topics_d128_passive_i2000_b20_q100_sf512_2 - INFO - start step #67
2020-03-25 17:19:38,792 - exp_torch_topics_d128_passive_i2000_b20_q100_sf512_2 - INFO - query idx: [ 8728 11355  9039 94795 17217  8451 15333 48355 66573  4151 14034 89880
 81964 19283 49736 72846 57488  5583 40039 94498]
2020-03-25 17:19:41,493 - exp_torch_topics_d128_passive_i2000_b20_q100_sf512_2 - INFO - finish step #67 for 2.700997829437256 sec
2020-03-25 17:19:41,493 - exp_torch_topics_d128_passive_i2000_b20_q100_sf512_2 - INFO - current val_accuracy: 0.4789698307579102
2020-03-25 17:19:41,493 - exp_torch_topics_d128_passive_i2000_b20_q100_sf512_2 - INFO - start step #68
2020-03-25 17:19:41,493 - exp_torch_topics_d128_passive_i2000_b20_q100_sf512_2 - INFO - query idx: [10455 71343 25293 50501 50870 26587 92241 91659 47496 12594 48637 70247
 64340 92943 53109 19378  3366 18951  5143 13406]
2020-03-25 17:19:44,162 - exp_torch_topics_d128_passive_i2000_b20_q100_sf512_2 - INFO - finish step #68 for 2.669067144393921 sec
2020-03-25 17:19:44,162 - exp_torch_topics_d128_passive_i2000_b20_q100_sf512_2 - INFO - current val_accuracy: 0.48108903605592346
2020-03-25 17:19:44,162 - exp_torch_topics_d128_passive_i2000_b20_q100_sf512_2 - INFO - start step #69
2020-03-25 17:19:44,163 - exp_torch_topics_d128_passive_i2000_b20_q100_sf512_2 - INFO - query idx: [60136 52699 93817 26552 16536 63266 47818 72884 71246 91916 55762  3383
 49492  2708 13482 57650 83978 49720 64114 33486]
2020-03-25 17:19:46,914 - exp_torch_topics_d128_passive_i2000_b20_q100_sf512_2 - INFO - finish step #69 for 2.751885175704956 sec
2020-03-25 17:19:46,915 - exp_torch_topics_d128_passive_i2000_b20_q100_sf512_2 - INFO - current val_accuracy: 0.4786754966887417
2020-03-25 17:19:46,915 - exp_torch_topics_d128_passive_i2000_b20_q100_sf512_2 - INFO - start step #70
2020-03-25 17:19:46,916 - exp_torch_topics_d128_passive_i2000_b20_q100_sf512_2 - INFO - query idx: [38744 52073 77868 27311 62594 54313 69003 41470 41363 31462 57971 30225
 34242 96970 55772  9706 58899 39692 76338 93055]
2020-03-25 17:19:49,625 - exp_torch_topics_d128_passive_i2000_b20_q100_sf512_2 - INFO - finish step #70 for 2.7096798419952393 sec
2020-03-25 17:19:49,625 - exp_torch_topics_d128_passive_i2000_b20_q100_sf512_2 - INFO - current val_accuracy: 0.4816777041942605
2020-03-25 17:19:49,625 - exp_torch_topics_d128_passive_i2000_b20_q100_sf512_2 - INFO - start step #71
2020-03-25 17:19:49,626 - exp_torch_topics_d128_passive_i2000_b20_q100_sf512_2 - INFO - query idx: [34783 20911 44102 96940 86341 85889 65584 67409 16953 50114 79979 40763
   696 58068 80452 41237 23073 67967 58351 23016]
2020-03-25 17:19:52,367 - exp_torch_topics_d128_passive_i2000_b20_q100_sf512_2 - INFO - finish step #71 for 2.741117000579834 sec
2020-03-25 17:19:52,367 - exp_torch_topics_d128_passive_i2000_b20_q100_sf512_2 - INFO - current val_accuracy: 0.48353200883002206
2020-03-25 17:19:52,367 - exp_torch_topics_d128_passive_i2000_b20_q100_sf512_2 - INFO - start step #72
2020-03-25 17:19:52,367 - exp_torch_topics_d128_passive_i2000_b20_q100_sf512_2 - INFO - query idx: [83158 40341 40497 16208 82770 57857 70663 42551 86781 44001 56203 28834
 54157 54168 24399 62082 58109 36357 52783 20906]
2020-03-25 17:19:55,146 - exp_torch_topics_d128_passive_i2000_b20_q100_sf512_2 - INFO - finish step #72 for 2.779407262802124 sec
2020-03-25 17:19:55,147 - exp_torch_topics_d128_passive_i2000_b20_q100_sf512_2 - INFO - current val_accuracy: 0.48453274466519497
2020-03-25 17:19:55,147 - exp_torch_topics_d128_passive_i2000_b20_q100_sf512_2 - INFO - start step #73
2020-03-25 17:19:55,148 - exp_torch_topics_d128_passive_i2000_b20_q100_sf512_2 - INFO - query idx: [56334 87440 73105  1003 10555 42289 32807 48249 87772 93261 77277  2226
 35109 89720 67538  4242 83352 33444   920 41540]
2020-03-25 17:19:58,148 - exp_torch_topics_d128_passive_i2000_b20_q100_sf512_2 - INFO - finish step #73 for 3.0006179809570312 sec
2020-03-25 17:19:58,148 - exp_torch_topics_d128_passive_i2000_b20_q100_sf512_2 - INFO - current val_accuracy: 0.4881530537159676
2020-03-25 17:19:58,148 - exp_torch_topics_d128_passive_i2000_b20_q100_sf512_2 - INFO - start step #74
2020-03-25 17:19:58,148 - exp_torch_topics_d128_passive_i2000_b20_q100_sf512_2 - INFO - query idx: [92923 47694 64187 88366 93437 49673 16048 59525 31353  2142 67729 89582
 21020  2397 53566 75325 22649  7054 95645  7534]
2020-03-25 17:20:00,921 - exp_torch_topics_d128_passive_i2000_b20_q100_sf512_2 - INFO - finish step #74 for 2.772878885269165 sec
2020-03-25 17:20:00,921 - exp_torch_topics_d128_passive_i2000_b20_q100_sf512_2 - INFO - current val_accuracy: 0.48597498160412067
2020-03-25 17:20:00,921 - exp_torch_topics_d128_passive_i2000_b20_q100_sf512_2 - INFO - start step #75
2020-03-25 17:20:00,922 - exp_torch_topics_d128_passive_i2000_b20_q100_sf512_2 - INFO - query idx: [86978 32562 45344  2192 87666 44103 98454 15998 35538 26584 46440 51610
 48866  9761 19322  7835 81316 56824 22362 33050]
2020-03-25 17:20:03,697 - exp_torch_topics_d128_passive_i2000_b20_q100_sf512_2 - INFO - finish step #75 for 2.775820016860962 sec
2020-03-25 17:20:03,698 - exp_torch_topics_d128_passive_i2000_b20_q100_sf512_2 - INFO - current val_accuracy: 0.4847093451066961
2020-03-25 17:20:03,698 - exp_torch_topics_d128_passive_i2000_b20_q100_sf512_2 - INFO - start step #76
2020-03-25 17:20:03,699 - exp_torch_topics_d128_passive_i2000_b20_q100_sf512_2 - INFO - query idx: [67151 42725 11191 34615 93740 18271  1244 53128 44771 47337 57720  3142
 42457 75439  2078 92718 91249 71820 50980 70281]
2020-03-25 17:20:06,776 - exp_torch_topics_d128_passive_i2000_b20_q100_sf512_2 - INFO - finish step #76 for 3.0772757530212402 sec
2020-03-25 17:20:06,776 - exp_torch_topics_d128_passive_i2000_b20_q100_sf512_2 - INFO - current val_accuracy: 0.4880058866813834
2020-03-25 17:20:06,776 - exp_torch_topics_d128_passive_i2000_b20_q100_sf512_2 - INFO - start step #77
2020-03-25 17:20:06,776 - exp_torch_topics_d128_passive_i2000_b20_q100_sf512_2 - INFO - query idx: [34081 21861 32858 51231  3256 49036 39098 81932 39143 76242 24158 71208
 47083 38927 41277  3405  6862 84221  8424 52365]
2020-03-25 17:20:09,613 - exp_torch_topics_d128_passive_i2000_b20_q100_sf512_2 - INFO - finish step #77 for 2.8373429775238037 sec
2020-03-25 17:20:09,614 - exp_torch_topics_d128_passive_i2000_b20_q100_sf512_2 - INFO - current val_accuracy: 0.4867991169977925
2020-03-25 17:20:09,614 - exp_torch_topics_d128_passive_i2000_b20_q100_sf512_2 - INFO - start step #78
2020-03-25 17:20:09,614 - exp_torch_topics_d128_passive_i2000_b20_q100_sf512_2 - INFO - query idx: [50308 35270 16454 44918 65984 89722 21473 58209 80195 33101 92774 21364
 43530 16120 90729 54979 18270 30930 93561 54745]
2020-03-25 17:20:12,349 - exp_torch_topics_d128_passive_i2000_b20_q100_sf512_2 - INFO - finish step #78 for 2.7354512214660645 sec
2020-03-25 17:20:12,350 - exp_torch_topics_d128_passive_i2000_b20_q100_sf512_2 - INFO - current val_accuracy: 0.48635761589403975
2020-03-25 17:20:12,350 - exp_torch_topics_d128_passive_i2000_b20_q100_sf512_2 - INFO - start step #79
2020-03-25 17:20:12,350 - exp_torch_topics_d128_passive_i2000_b20_q100_sf512_2 - INFO - query idx: [23104 25214 27175 19106 92669 25826 34901 65773 41575 85124 34699 24051
 64768 57838 74220 51877 87267 56237 57698 63082]
2020-03-25 17:20:15,101 - exp_torch_topics_d128_passive_i2000_b20_q100_sf512_2 - INFO - finish step #79 for 2.750620126724243 sec
2020-03-25 17:20:15,101 - exp_torch_topics_d128_passive_i2000_b20_q100_sf512_2 - INFO - current val_accuracy: 0.4887711552612215
2020-03-25 17:20:15,101 - exp_torch_topics_d128_passive_i2000_b20_q100_sf512_2 - INFO - start step #80
2020-03-25 17:20:15,101 - exp_torch_topics_d128_passive_i2000_b20_q100_sf512_2 - INFO - query idx: [ 8200 30804 42729  1645 89526 47708 26434 53170  7390 62228 16236 74945
 81914  3263 10371 20267 87217 58752 26276 94422]
2020-03-25 17:20:17,884 - exp_torch_topics_d128_passive_i2000_b20_q100_sf512_2 - INFO - finish step #80 for 2.7830810546875 sec
2020-03-25 17:20:17,884 - exp_torch_topics_d128_passive_i2000_b20_q100_sf512_2 - INFO - current val_accuracy: 0.4906843267108168
2020-03-25 17:20:17,885 - exp_torch_topics_d128_passive_i2000_b20_q100_sf512_2 - INFO - start step #81
2020-03-25 17:20:17,885 - exp_torch_topics_d128_passive_i2000_b20_q100_sf512_2 - INFO - query idx: [12247 83787 44548 87046 69720 46571 31771 97161  2395 41901 81802 17686
 23975 44021 23165 92892 69311 39316 82294 50705]
2020-03-25 17:20:20,564 - exp_torch_topics_d128_passive_i2000_b20_q100_sf512_2 - INFO - finish step #81 for 2.679414749145508 sec
2020-03-25 17:20:20,564 - exp_torch_topics_d128_passive_i2000_b20_q100_sf512_2 - INFO - current val_accuracy: 0.487682119205298
2020-03-25 17:20:20,564 - exp_torch_topics_d128_passive_i2000_b20_q100_sf512_2 - INFO - start step #82
2020-03-25 17:20:20,565 - exp_torch_topics_d128_passive_i2000_b20_q100_sf512_2 - INFO - query idx: [22898 32676 14651 19388 11854 69246  4636 77293 35295  4643 22768 43224
 87611 48650 73678 57550 19094  8580  6589 28788]
2020-03-25 17:20:23,366 - exp_torch_topics_d128_passive_i2000_b20_q100_sf512_2 - INFO - finish step #82 for 2.801738977432251 sec
2020-03-25 17:20:23,366 - exp_torch_topics_d128_passive_i2000_b20_q100_sf512_2 - INFO - current val_accuracy: 0.49380426784400294
2020-03-25 17:20:23,367 - exp_torch_topics_d128_passive_i2000_b20_q100_sf512_2 - INFO - start step #83
2020-03-25 17:20:23,367 - exp_torch_topics_d128_passive_i2000_b20_q100_sf512_2 - INFO - query idx: [57788 18130 73503 26292 72028  3982 63430 29697 67586 84574 96077 33769
 26790 85441 82246 28178 41728  5043 40237 85652]
2020-03-25 17:20:26,076 - exp_torch_topics_d128_passive_i2000_b20_q100_sf512_2 - INFO - finish step #83 for 2.709501266479492 sec
2020-03-25 17:20:26,076 - exp_torch_topics_d128_passive_i2000_b20_q100_sf512_2 - INFO - current val_accuracy: 0.49200883002207507
2020-03-25 17:20:26,077 - exp_torch_topics_d128_passive_i2000_b20_q100_sf512_2 - INFO - start step #84
2020-03-25 17:20:26,077 - exp_torch_topics_d128_passive_i2000_b20_q100_sf512_2 - INFO - query idx: [88968  9339 19637 17583 93135  8346 83213 20156 59513  3976 19720 15846
 60968 52303  1854 11690 62428 81306 22965 90638]
2020-03-25 17:20:28,820 - exp_torch_topics_d128_passive_i2000_b20_q100_sf512_2 - INFO - finish step #84 for 2.743096113204956 sec
2020-03-25 17:20:28,820 - exp_torch_topics_d128_passive_i2000_b20_q100_sf512_2 - INFO - current val_accuracy: 0.493598233995585
2020-03-25 17:20:28,820 - exp_torch_topics_d128_passive_i2000_b20_q100_sf512_2 - INFO - start step #85
2020-03-25 17:20:28,820 - exp_torch_topics_d128_passive_i2000_b20_q100_sf512_2 - INFO - query idx: [ 4717 48424 40449 59139  4905 73157 36249 23579 89436 75304 27436 35394
 66190 10288 28892 12576 97063 11628 61278 88513]
2020-03-25 17:20:31,548 - exp_torch_topics_d128_passive_i2000_b20_q100_sf512_2 - INFO - finish step #85 for 2.7281317710876465 sec
2020-03-25 17:20:31,548 - exp_torch_topics_d128_passive_i2000_b20_q100_sf512_2 - INFO - current val_accuracy: 0.4934805003679176
2020-03-25 17:20:31,549 - exp_torch_topics_d128_passive_i2000_b20_q100_sf512_2 - INFO - start step #86
2020-03-25 17:20:31,549 - exp_torch_topics_d128_passive_i2000_b20_q100_sf512_2 - INFO - query idx: [82574 94760 41406 14842 71913 79359 58885  7109 86408 75780 17627 38157
 85123 39774   276 81552 86670 17264 88738 15961]
2020-03-25 17:20:34,313 - exp_torch_topics_d128_passive_i2000_b20_q100_sf512_2 - INFO - finish step #86 for 2.7643320560455322 sec
2020-03-25 17:20:34,314 - exp_torch_topics_d128_passive_i2000_b20_q100_sf512_2 - INFO - current val_accuracy: 0.4904782928623988
2020-03-25 17:20:34,314 - exp_torch_topics_d128_passive_i2000_b20_q100_sf512_2 - INFO - start step #87
2020-03-25 17:20:34,315 - exp_torch_topics_d128_passive_i2000_b20_q100_sf512_2 - INFO - query idx: [49737 70827 15630 21024 19438 36564  2006 24038 61419 32677 17797 32061
 33008 28522 21255 67325 53565 69919 65612 63940]
2020-03-25 17:20:37,286 - exp_torch_topics_d128_passive_i2000_b20_q100_sf512_2 - INFO - finish step #87 for 2.971778154373169 sec
2020-03-25 17:20:37,286 - exp_torch_topics_d128_passive_i2000_b20_q100_sf512_2 - INFO - current val_accuracy: 0.49471670345842533
2020-03-25 17:20:37,287 - exp_torch_topics_d128_passive_i2000_b20_q100_sf512_2 - INFO - start step #88
2020-03-25 17:20:37,287 - exp_torch_topics_d128_passive_i2000_b20_q100_sf512_2 - INFO - query idx: [70023 88746 66506 46101 83010 79595 28285 85610 10128  5601 42534 57487
 83917 37396 30763 11762 12611  9109  6868 94890]
2020-03-25 17:20:40,577 - exp_torch_topics_d128_passive_i2000_b20_q100_sf512_2 - INFO - finish step #88 for 3.2901628017425537 sec
2020-03-25 17:20:40,578 - exp_torch_topics_d128_passive_i2000_b20_q100_sf512_2 - INFO - current val_accuracy: 0.4892420897718911
2020-03-25 17:20:40,578 - exp_torch_topics_d128_passive_i2000_b20_q100_sf512_2 - INFO - start step #89
2020-03-25 17:20:40,579 - exp_torch_topics_d128_passive_i2000_b20_q100_sf512_2 - INFO - query idx: [31711 68408 80977 94282 64555 32853  8387 20734 82511 26291 50775  5323
  4807  3553 78831 37346 16629 84921 94413 13403]
2020-03-25 17:20:44,114 - exp_torch_topics_d128_passive_i2000_b20_q100_sf512_2 - INFO - finish step #89 for 3.535159111022949 sec
2020-03-25 17:20:44,114 - exp_torch_topics_d128_passive_i2000_b20_q100_sf512_2 - INFO - current val_accuracy: 0.4910963944076527
2020-03-25 17:20:44,114 - exp_torch_topics_d128_passive_i2000_b20_q100_sf512_2 - INFO - start step #90
2020-03-25 17:20:44,115 - exp_torch_topics_d128_passive_i2000_b20_q100_sf512_2 - INFO - query idx: [29055 80128 13012 25192 53040  8759 69554 80657 34863 48125 89853 53418
 39911 56295 75487 49476 42321 10607 98158 94933]
2020-03-25 17:20:46,901 - exp_torch_topics_d128_passive_i2000_b20_q100_sf512_2 - INFO - finish step #90 for 2.786355972290039 sec
2020-03-25 17:20:46,901 - exp_torch_topics_d128_passive_i2000_b20_q100_sf512_2 - INFO - current val_accuracy: 0.49350993377483443
2020-03-25 17:20:46,901 - exp_torch_topics_d128_passive_i2000_b20_q100_sf512_2 - INFO - start step #91
2020-03-25 17:20:46,902 - exp_torch_topics_d128_passive_i2000_b20_q100_sf512_2 - INFO - query idx: [23931 85300  2273 93939 34952 22940  8745 50007 90316  6887 37547 72499
  4147 82443 30116 66822 10196 61906 50277 66192]
2020-03-25 17:20:50,119 - exp_torch_topics_d128_passive_i2000_b20_q100_sf512_2 - INFO - finish step #91 for 3.217315196990967 sec
2020-03-25 17:20:50,119 - exp_torch_topics_d128_passive_i2000_b20_q100_sf512_2 - INFO - current val_accuracy: 0.49194996320824136
2020-03-25 17:20:50,119 - exp_torch_topics_d128_passive_i2000_b20_q100_sf512_2 - INFO - start step #92
2020-03-25 17:20:50,119 - exp_torch_topics_d128_passive_i2000_b20_q100_sf512_2 - INFO - query idx: [39389 21990 12082 90104 70144 83463 29195 41543 60671 78381 34212  3024
 71276 23594 78409 40604 17098 41821  8584 65886]
2020-03-25 17:20:52,915 - exp_torch_topics_d128_passive_i2000_b20_q100_sf512_2 - INFO - finish step #92 for 2.795776844024658 sec
2020-03-25 17:20:52,916 - exp_torch_topics_d128_passive_i2000_b20_q100_sf512_2 - INFO - current val_accuracy: 0.48868285504047093
2020-03-25 17:20:52,916 - exp_torch_topics_d128_passive_i2000_b20_q100_sf512_2 - INFO - start step #93
2020-03-25 17:20:52,917 - exp_torch_topics_d128_passive_i2000_b20_q100_sf512_2 - INFO - query idx: [97644 29412 97717 48142 53360 36590 64721 36289 55217 43651 88281 33331
 46411 90222 14139 87367 45281 84287  1989 20833]
2020-03-25 17:20:55,754 - exp_torch_topics_d128_passive_i2000_b20_q100_sf512_2 - INFO - finish step #93 for 2.8381240367889404 sec
2020-03-25 17:20:55,755 - exp_torch_topics_d128_passive_i2000_b20_q100_sf512_2 - INFO - current val_accuracy: 0.48991905813097864
2020-03-25 17:20:55,755 - exp_torch_topics_d128_passive_i2000_b20_q100_sf512_2 - INFO - start step #94
2020-03-25 17:20:55,755 - exp_torch_topics_d128_passive_i2000_b20_q100_sf512_2 - INFO - query idx: [57840 13703 58623 65854 19089  4244 79765 13631 35260 25830 59931 22633
 80290 95089  9411 72885  1890 31003 32647 57280]
2020-03-25 17:20:58,625 - exp_torch_topics_d128_passive_i2000_b20_q100_sf512_2 - INFO - finish step #94 for 2.8700292110443115 sec
2020-03-25 17:20:58,625 - exp_torch_topics_d128_passive_i2000_b20_q100_sf512_2 - INFO - current val_accuracy: 0.49356880058866814
2020-03-25 17:20:58,625 - exp_torch_topics_d128_passive_i2000_b20_q100_sf512_2 - INFO - start step #95
2020-03-25 17:20:58,626 - exp_torch_topics_d128_passive_i2000_b20_q100_sf512_2 - INFO - query idx: [48740 12726 16692  7743 50580 31412 40253 75857 46646  5397 45111 34899
 96691 92162 74669 51002 93785 66663 24839 50108]
2020-03-25 17:21:01,448 - exp_torch_topics_d128_passive_i2000_b20_q100_sf512_2 - INFO - finish step #95 for 2.8224291801452637 sec
2020-03-25 17:21:01,448 - exp_torch_topics_d128_passive_i2000_b20_q100_sf512_2 - INFO - current val_accuracy: 0.4956880058866814
2020-03-25 17:21:01,448 - exp_torch_topics_d128_passive_i2000_b20_q100_sf512_2 - INFO - start step #96
2020-03-25 17:21:01,449 - exp_torch_topics_d128_passive_i2000_b20_q100_sf512_2 - INFO - query idx: [25271 13938 71620 10938 74782 39335 55966 54774 45799 23290 19300 15946
  4656 90769 87685 67889 31269 27073 11444  3053]
2020-03-25 17:21:04,181 - exp_torch_topics_d128_passive_i2000_b20_q100_sf512_2 - INFO - finish step #96 for 2.733036756515503 sec
2020-03-25 17:21:04,181 - exp_torch_topics_d128_passive_i2000_b20_q100_sf512_2 - INFO - current val_accuracy: 0.49916114790286975
2020-03-25 17:21:04,182 - exp_torch_topics_d128_passive_i2000_b20_q100_sf512_2 - INFO - start step #97
2020-03-25 17:21:04,182 - exp_torch_topics_d128_passive_i2000_b20_q100_sf512_2 - INFO - query idx: [42723 88523 85361 35862 63393 36563 49476 84596 30135 50754  4047 62203
 73326 31356  6611 41846 73887 52359 36581 34012]
2020-03-25 17:21:06,975 - exp_torch_topics_d128_passive_i2000_b20_q100_sf512_2 - INFO - finish step #97 for 2.793672800064087 sec
2020-03-25 17:21:06,976 - exp_torch_topics_d128_passive_i2000_b20_q100_sf512_2 - INFO - current val_accuracy: 0.49342163355408386
2020-03-25 17:21:06,976 - exp_torch_topics_d128_passive_i2000_b20_q100_sf512_2 - INFO - start step #98
2020-03-25 17:21:06,976 - exp_torch_topics_d128_passive_i2000_b20_q100_sf512_2 - INFO - query idx: [ 8426 81993 26181 88240 81278  2877 16999 26334  4498 14229 26705 44403
 19065 64905 13382 29016 24035 42106 58786 55228]
2020-03-25 17:21:09,826 - exp_torch_topics_d128_passive_i2000_b20_q100_sf512_2 - INFO - finish step #98 for 2.850618839263916 sec
2020-03-25 17:21:09,827 - exp_torch_topics_d128_passive_i2000_b20_q100_sf512_2 - INFO - current val_accuracy: 0.4929212656364974
2020-03-25 17:21:09,827 - exp_torch_topics_d128_passive_i2000_b20_q100_sf512_2 - INFO - start step #99
2020-03-25 17:21:09,827 - exp_torch_topics_d128_passive_i2000_b20_q100_sf512_2 - INFO - query idx: [82538 57840 48345 53194 89170 51461 38587 11558 45781 11304 27814 50989
 48895 63916  1445 39703 12829 37783 76605 90802]
2020-03-25 17:21:12,575 - exp_torch_topics_d128_passive_i2000_b20_q100_sf512_2 - INFO - finish step #99 for 2.7483432292938232 sec
2020-03-25 17:21:12,575 - exp_torch_topics_d128_passive_i2000_b20_q100_sf512_2 - INFO - current val_accuracy: 0.49286239882266375
2020-03-25 17:21:12,575 - exp_torch_topics_d128_passive_i2000_b20_q100_sf512_2 - INFO - finish experiment process for 286.0699918270111 sec
