2020-03-13 01:09:20,359 - exp_topics_entropy_top_3_i2000_b20_1 - INFO - start experiment process
2020-03-13 01:09:26,374 - exp_topics_entropy_top_3_i2000_b20_1 - INFO - initial val_accuracy: 0.49571744
2020-03-13 01:09:26,382 - exp_topics_entropy_top_3_i2000_b20_1 - INFO - start step #0
2020-03-13 01:09:34,765 - exp_topics_entropy_top_3_i2000_b20_1 - INFO - finish step #0 for 8.380050897598267 sec
2020-03-13 01:09:34,772 - exp_topics_entropy_top_3_i2000_b20_1 - INFO - current val_accuracy: 0.49810153
2020-03-13 01:09:34,775 - exp_topics_entropy_top_3_i2000_b20_1 - INFO - start step #1
2020-03-13 01:09:40,553 - exp_topics_entropy_top_3_i2000_b20_1 - INFO - finish step #1 for 5.77759313583374 sec
2020-03-13 01:09:40,555 - exp_topics_entropy_top_3_i2000_b20_1 - INFO - current val_accuracy: 0.49327448
2020-03-13 01:09:40,557 - exp_topics_entropy_top_3_i2000_b20_1 - INFO - start step #2
2020-03-13 01:09:46,919 - exp_topics_entropy_top_3_i2000_b20_1 - INFO - finish step #2 for 6.361106872558594 sec
2020-03-13 01:09:46,920 - exp_topics_entropy_top_3_i2000_b20_1 - INFO - current val_accuracy: 0.50080943
2020-03-13 01:09:46,920 - exp_topics_entropy_top_3_i2000_b20_1 - INFO - start step #3
2020-03-13 01:09:57,118 - exp_topics_entropy_top_3_i2000_b20_1 - INFO - finish step #3 for 10.197885990142822 sec
2020-03-13 01:09:57,119 - exp_topics_entropy_top_3_i2000_b20_1 - INFO - current val_accuracy: 0.49439293
2020-03-13 01:09:57,120 - exp_topics_entropy_top_3_i2000_b20_1 - INFO - start step #4
2020-03-13 01:10:03,596 - exp_topics_entropy_top_3_i2000_b20_1 - INFO - finish step #4 for 6.475929021835327 sec
2020-03-13 01:10:03,598 - exp_topics_entropy_top_3_i2000_b20_1 - INFO - current val_accuracy: 0.49660045
2020-03-13 01:10:03,600 - exp_topics_entropy_top_3_i2000_b20_1 - INFO - start step #5
2020-03-13 01:10:09,382 - exp_topics_entropy_top_3_i2000_b20_1 - INFO - finish step #5 for 5.781147241592407 sec
2020-03-13 01:10:09,384 - exp_topics_entropy_top_3_i2000_b20_1 - INFO - current val_accuracy: 0.49871963
2020-03-13 01:10:09,385 - exp_topics_entropy_top_3_i2000_b20_1 - INFO - start step #6
2020-03-13 01:10:17,968 - exp_topics_entropy_top_3_i2000_b20_1 - INFO - finish step #6 for 8.582674264907837 sec
2020-03-13 01:10:17,975 - exp_topics_entropy_top_3_i2000_b20_1 - INFO - current val_accuracy: 0.5017513
2020-03-13 01:10:17,975 - exp_topics_entropy_top_3_i2000_b20_1 - INFO - start step #7
2020-03-13 01:10:24,767 - exp_topics_entropy_top_3_i2000_b20_1 - INFO - finish step #7 for 6.792118072509766 sec
2020-03-13 01:10:24,773 - exp_topics_entropy_top_3_i2000_b20_1 - INFO - current val_accuracy: 0.5018396
2020-03-13 01:10:24,781 - exp_topics_entropy_top_3_i2000_b20_1 - INFO - start step #8
2020-03-13 01:10:30,633 - exp_topics_entropy_top_3_i2000_b20_1 - INFO - finish step #8 for 5.852142095565796 sec
2020-03-13 01:10:30,637 - exp_topics_entropy_top_3_i2000_b20_1 - INFO - current val_accuracy: 0.49539366
2020-03-13 01:10:30,641 - exp_topics_entropy_top_3_i2000_b20_1 - INFO - start step #9
2020-03-13 01:10:37,691 - exp_topics_entropy_top_3_i2000_b20_1 - INFO - finish step #9 for 7.049376964569092 sec
2020-03-13 01:10:37,691 - exp_topics_entropy_top_3_i2000_b20_1 - INFO - current val_accuracy: 0.5030758
2020-03-13 01:10:37,692 - exp_topics_entropy_top_3_i2000_b20_1 - INFO - start step #10
2020-03-13 01:10:43,385 - exp_topics_entropy_top_3_i2000_b20_1 - INFO - finish step #10 for 5.693053960800171 sec
2020-03-13 01:10:43,387 - exp_topics_entropy_top_3_i2000_b20_1 - INFO - current val_accuracy: 0.5010154
2020-03-13 01:10:43,389 - exp_topics_entropy_top_3_i2000_b20_1 - INFO - start step #11
2020-03-13 01:10:51,130 - exp_topics_entropy_top_3_i2000_b20_1 - INFO - finish step #11 for 7.740513801574707 sec
2020-03-13 01:10:51,132 - exp_topics_entropy_top_3_i2000_b20_1 - INFO - current val_accuracy: 0.49751288
2020-03-13 01:10:51,132 - exp_topics_entropy_top_3_i2000_b20_1 - INFO - start step #12
2020-03-13 01:10:56,182 - exp_topics_entropy_top_3_i2000_b20_1 - INFO - finish step #12 for 5.049987077713013 sec
2020-03-13 01:10:56,182 - exp_topics_entropy_top_3_i2000_b20_1 - INFO - current val_accuracy: 0.4966593
2020-03-13 01:10:56,183 - exp_topics_entropy_top_3_i2000_b20_1 - INFO - start step #13
2020-03-13 01:11:01,428 - exp_topics_entropy_top_3_i2000_b20_1 - INFO - finish step #13 for 5.24571967124939 sec
2020-03-13 01:11:01,431 - exp_topics_entropy_top_3_i2000_b20_1 - INFO - current val_accuracy: 0.49795437
2020-03-13 01:11:01,431 - exp_topics_entropy_top_3_i2000_b20_1 - INFO - start step #14
2020-03-13 01:11:07,677 - exp_topics_entropy_top_3_i2000_b20_1 - INFO - finish step #14 for 6.245159149169922 sec
2020-03-13 01:11:07,678 - exp_topics_entropy_top_3_i2000_b20_1 - INFO - current val_accuracy: 0.5007211
2020-03-13 01:11:07,678 - exp_topics_entropy_top_3_i2000_b20_1 - INFO - start step #15
2020-03-13 01:11:13,896 - exp_topics_entropy_top_3_i2000_b20_1 - INFO - finish step #15 for 6.217493057250977 sec
2020-03-13 01:11:13,904 - exp_topics_entropy_top_3_i2000_b20_1 - INFO - current val_accuracy: 0.50637233
2020-03-13 01:11:13,906 - exp_topics_entropy_top_3_i2000_b20_1 - INFO - start step #16
2020-03-13 01:11:21,243 - exp_topics_entropy_top_3_i2000_b20_1 - INFO - finish step #16 for 7.335399866104126 sec
2020-03-13 01:11:21,248 - exp_topics_entropy_top_3_i2000_b20_1 - INFO - current val_accuracy: 0.5039882
2020-03-13 01:11:21,249 - exp_topics_entropy_top_3_i2000_b20_1 - INFO - start step #17
2020-03-13 01:11:26,824 - exp_topics_entropy_top_3_i2000_b20_1 - INFO - finish step #17 for 5.5742058753967285 sec
2020-03-13 01:11:26,826 - exp_topics_entropy_top_3_i2000_b20_1 - INFO - current val_accuracy: 0.5024871
2020-03-13 01:11:26,826 - exp_topics_entropy_top_3_i2000_b20_1 - INFO - start step #18
2020-03-13 01:11:33,015 - exp_topics_entropy_top_3_i2000_b20_1 - INFO - finish step #18 for 6.186432123184204 sec
2020-03-13 01:11:33,025 - exp_topics_entropy_top_3_i2000_b20_1 - INFO - current val_accuracy: 0.5001619
2020-03-13 01:11:33,026 - exp_topics_entropy_top_3_i2000_b20_1 - INFO - start step #19
2020-03-13 01:11:38,909 - exp_topics_entropy_top_3_i2000_b20_1 - INFO - finish step #19 for 5.882386922836304 sec
2020-03-13 01:11:38,910 - exp_topics_entropy_top_3_i2000_b20_1 - INFO - current val_accuracy: 0.50551873
2020-03-13 01:11:38,910 - exp_topics_entropy_top_3_i2000_b20_1 - INFO - start step #20
2020-03-13 01:11:45,614 - exp_topics_entropy_top_3_i2000_b20_1 - INFO - finish step #20 for 6.703036069869995 sec
2020-03-13 01:11:45,620 - exp_topics_entropy_top_3_i2000_b20_1 - INFO - current val_accuracy: 0.506961
2020-03-13 01:11:45,621 - exp_topics_entropy_top_3_i2000_b20_1 - INFO - start step #21
2020-03-13 01:11:53,540 - exp_topics_entropy_top_3_i2000_b20_1 - INFO - finish step #21 for 7.917906045913696 sec
2020-03-13 01:11:53,541 - exp_topics_entropy_top_3_i2000_b20_1 - INFO - current val_accuracy: 0.50716704
2020-03-13 01:11:53,542 - exp_topics_entropy_top_3_i2000_b20_1 - INFO - start step #22
2020-03-13 01:11:59,566 - exp_topics_entropy_top_3_i2000_b20_1 - INFO - finish step #22 for 6.023641109466553 sec
2020-03-13 01:11:59,567 - exp_topics_entropy_top_3_i2000_b20_1 - INFO - current val_accuracy: 0.50752026
2020-03-13 01:11:59,567 - exp_topics_entropy_top_3_i2000_b20_1 - INFO - start step #23
2020-03-13 01:12:05,203 - exp_topics_entropy_top_3_i2000_b20_1 - INFO - finish step #23 for 5.6349499225616455 sec
2020-03-13 01:12:05,203 - exp_topics_entropy_top_3_i2000_b20_1 - INFO - current val_accuracy: 0.5133186
2020-03-13 01:12:05,204 - exp_topics_entropy_top_3_i2000_b20_1 - INFO - start step #24
2020-03-13 01:12:10,247 - exp_topics_entropy_top_3_i2000_b20_1 - INFO - finish step #24 for 5.043675184249878 sec
2020-03-13 01:12:10,248 - exp_topics_entropy_top_3_i2000_b20_1 - INFO - current val_accuracy: 0.5085504
2020-03-13 01:12:10,248 - exp_topics_entropy_top_3_i2000_b20_1 - INFO - start step #25
2020-03-13 01:12:16,196 - exp_topics_entropy_top_3_i2000_b20_1 - INFO - finish step #25 for 5.947539329528809 sec
2020-03-13 01:12:16,196 - exp_topics_entropy_top_3_i2000_b20_1 - INFO - current val_accuracy: 0.50778514
2020-03-13 01:12:16,197 - exp_topics_entropy_top_3_i2000_b20_1 - INFO - start step #26
2020-03-13 01:12:21,332 - exp_topics_entropy_top_3_i2000_b20_1 - INFO - finish step #26 for 5.135450124740601 sec
2020-03-13 01:12:21,333 - exp_topics_entropy_top_3_i2000_b20_1 - INFO - current val_accuracy: 0.5098749
2020-03-13 01:12:21,333 - exp_topics_entropy_top_3_i2000_b20_1 - INFO - start step #27
2020-03-13 01:12:27,761 - exp_topics_entropy_top_3_i2000_b20_1 - INFO - finish step #27 for 6.427935838699341 sec
2020-03-13 01:12:27,762 - exp_topics_entropy_top_3_i2000_b20_1 - INFO - current val_accuracy: 0.51055187
2020-03-13 01:12:27,762 - exp_topics_entropy_top_3_i2000_b20_1 - INFO - start step #28
2020-03-13 01:12:33,394 - exp_topics_entropy_top_3_i2000_b20_1 - INFO - finish step #28 for 5.632259845733643 sec
2020-03-13 01:12:33,394 - exp_topics_entropy_top_3_i2000_b20_1 - INFO - current val_accuracy: 0.51290655
2020-03-13 01:12:33,395 - exp_topics_entropy_top_3_i2000_b20_1 - INFO - start step #29
2020-03-13 01:12:38,734 - exp_topics_entropy_top_3_i2000_b20_1 - INFO - finish step #29 for 5.33971905708313 sec
2020-03-13 01:12:38,735 - exp_topics_entropy_top_3_i2000_b20_1 - INFO - current val_accuracy: 0.5086093
2020-03-13 01:12:38,735 - exp_topics_entropy_top_3_i2000_b20_1 - INFO - finish experiment process for 198.3585240840912 sec
