2020-03-25 02:51:18,490 - exp_torch_topics_d128_least_confident_i2000_b20_q100_shuffled_flexbatch2 - INFO - start experiment process
2020-03-25 02:51:19,938 - exp_torch_topics_d128_least_confident_i2000_b20_q100_shuffled_flexbatch2 - INFO - initial val_accuracy: 0.4213980868285504
2020-03-25 02:51:19,939 - exp_torch_topics_d128_least_confident_i2000_b20_q100_shuffled_flexbatch2 - INFO - start step #0
2020-03-25 02:51:25,336 - exp_torch_topics_d128_least_confident_i2000_b20_q100_shuffled_flexbatch2 - INFO - query idx: [77537 82474 24458 71413 10304 95882 79884 49191 56041 62585 80606 21823
 31644 50018 75061 74981 99332 17660 71496 67973]
2020-03-25 02:51:27,739 - exp_torch_topics_d128_least_confident_i2000_b20_q100_shuffled_flexbatch2 - INFO - finish step #0 for 7.800718784332275 sec
2020-03-25 02:51:27,740 - exp_torch_topics_d128_least_confident_i2000_b20_q100_shuffled_flexbatch2 - INFO - current val_accuracy: 0.42281089036055924
2020-03-25 02:51:27,740 - exp_torch_topics_d128_least_confident_i2000_b20_q100_shuffled_flexbatch2 - INFO - start step #1
2020-03-25 02:51:32,522 - exp_torch_topics_d128_least_confident_i2000_b20_q100_shuffled_flexbatch2 - INFO - query idx: [13035 23064 92793 81525 92223 46128 76415 10053 77824 89207 87999 97070
  6208  1570 47307  6300 38598 18496 75589 27046]
2020-03-25 02:51:34,865 - exp_torch_topics_d128_least_confident_i2000_b20_q100_shuffled_flexbatch2 - INFO - finish step #1 for 7.125389814376831 sec
2020-03-25 02:51:34,865 - exp_torch_topics_d128_least_confident_i2000_b20_q100_shuffled_flexbatch2 - INFO - current val_accuracy: 0.42534216335540836
2020-03-25 02:51:34,866 - exp_torch_topics_d128_least_confident_i2000_b20_q100_shuffled_flexbatch2 - INFO - start step #2
2020-03-25 02:51:39,646 - exp_torch_topics_d128_least_confident_i2000_b20_q100_shuffled_flexbatch2 - INFO - query idx: [25749 21748  1085 70958 83793 48512 63245 24340 58014  8466 18688 22504
 41754 93357 86608 53446 86955 39023 71143 55496]
2020-03-25 02:51:42,025 - exp_torch_topics_d128_least_confident_i2000_b20_q100_shuffled_flexbatch2 - INFO - finish step #2 for 7.159158945083618 sec
2020-03-25 02:51:42,026 - exp_torch_topics_d128_least_confident_i2000_b20_q100_shuffled_flexbatch2 - INFO - current val_accuracy: 0.4306401766004415
2020-03-25 02:51:42,027 - exp_torch_topics_d128_least_confident_i2000_b20_q100_shuffled_flexbatch2 - INFO - start step #3
2020-03-25 02:51:46,867 - exp_torch_topics_d128_least_confident_i2000_b20_q100_shuffled_flexbatch2 - INFO - query idx: [72047 81371 74951 15561  1862 44313 67583 27416 48247  8105 38066 22153
 63985 92087  4675 47293 24717 83291 48501 62914]
2020-03-25 02:51:49,194 - exp_torch_topics_d128_least_confident_i2000_b20_q100_shuffled_flexbatch2 - INFO - finish step #3 for 7.167509078979492 sec
2020-03-25 02:51:49,194 - exp_torch_topics_d128_least_confident_i2000_b20_q100_shuffled_flexbatch2 - INFO - current val_accuracy: 0.433112582781457
2020-03-25 02:51:49,194 - exp_torch_topics_d128_least_confident_i2000_b20_q100_shuffled_flexbatch2 - INFO - start step #4
2020-03-25 02:51:54,011 - exp_torch_topics_d128_least_confident_i2000_b20_q100_shuffled_flexbatch2 - INFO - query idx: [ 9319 89749 97965 21632 80524 90232 45193 32030 74238 76154 56548 93351
 19143 78017 19099 78144 97289  7196 24081 73846]
2020-03-25 02:51:56,332 - exp_torch_topics_d128_least_confident_i2000_b20_q100_shuffled_flexbatch2 - INFO - finish step #4 for 7.13759183883667 sec
2020-03-25 02:51:56,332 - exp_torch_topics_d128_least_confident_i2000_b20_q100_shuffled_flexbatch2 - INFO - current val_accuracy: 0.43305371596762327
2020-03-25 02:51:56,332 - exp_torch_topics_d128_least_confident_i2000_b20_q100_shuffled_flexbatch2 - INFO - start step #5
2020-03-25 02:52:01,115 - exp_torch_topics_d128_least_confident_i2000_b20_q100_shuffled_flexbatch2 - INFO - query idx: [67541 94060  2086 84030 40184 71756 82467 67921 66138  6296 37728 70989
 23022 86182 70476 23462  3135 44275 59710  2617]
2020-03-25 02:52:03,453 - exp_torch_topics_d128_least_confident_i2000_b20_q100_shuffled_flexbatch2 - INFO - finish step #5 for 7.120167970657349 sec
2020-03-25 02:52:03,453 - exp_torch_topics_d128_least_confident_i2000_b20_q100_shuffled_flexbatch2 - INFO - current val_accuracy: 0.43549668874172187
2020-03-25 02:52:03,453 - exp_torch_topics_d128_least_confident_i2000_b20_q100_shuffled_flexbatch2 - INFO - start step #6
2020-03-25 02:52:08,272 - exp_torch_topics_d128_least_confident_i2000_b20_q100_shuffled_flexbatch2 - INFO - query idx: [15632 54963 96676 77004 35496 76141 89803 49824 43844 35758 59057 58769
 58426 53496 93121 65522 81567 53996 97356 55201]
2020-03-25 02:52:10,594 - exp_torch_topics_d128_least_confident_i2000_b20_q100_shuffled_flexbatch2 - INFO - finish step #6 for 7.140483140945435 sec
2020-03-25 02:52:10,594 - exp_torch_topics_d128_least_confident_i2000_b20_q100_shuffled_flexbatch2 - INFO - current val_accuracy: 0.4352317880794702
2020-03-25 02:52:10,594 - exp_torch_topics_d128_least_confident_i2000_b20_q100_shuffled_flexbatch2 - INFO - start step #7
2020-03-25 02:52:15,449 - exp_torch_topics_d128_least_confident_i2000_b20_q100_shuffled_flexbatch2 - INFO - query idx: [78367 39404 98226 75270 27256  4489 88106 36179  1624 17523 37740 58153
 54926  8183 41996  8275 84528 21854 51092 19269]
2020-03-25 02:52:17,773 - exp_torch_topics_d128_least_confident_i2000_b20_q100_shuffled_flexbatch2 - INFO - finish step #7 for 7.178642272949219 sec
2020-03-25 02:52:17,773 - exp_torch_topics_d128_least_confident_i2000_b20_q100_shuffled_flexbatch2 - INFO - current val_accuracy: 0.4409418690213392
2020-03-25 02:52:17,773 - exp_torch_topics_d128_least_confident_i2000_b20_q100_shuffled_flexbatch2 - INFO - start step #8
2020-03-25 02:52:22,565 - exp_torch_topics_d128_least_confident_i2000_b20_q100_shuffled_flexbatch2 - INFO - query idx: [19629 55901 15452 76776 52711 25626 45625 65712 96630 45683 17033 47905
 80710 56328 82237 72710 88714 25617 62065 28136]
2020-03-25 02:52:24,930 - exp_torch_topics_d128_least_confident_i2000_b20_q100_shuffled_flexbatch2 - INFO - finish step #8 for 7.157303810119629 sec
2020-03-25 02:52:24,931 - exp_torch_topics_d128_least_confident_i2000_b20_q100_shuffled_flexbatch2 - INFO - current val_accuracy: 0.44179543782192787
2020-03-25 02:52:24,931 - exp_torch_topics_d128_least_confident_i2000_b20_q100_shuffled_flexbatch2 - INFO - start step #9
2020-03-25 02:52:29,758 - exp_torch_topics_d128_least_confident_i2000_b20_q100_shuffled_flexbatch2 - INFO - query idx: [72785 62492 90539 48697 69800 24906 98294 81467 14674 99423 52182 81205
 75658 72955 15397 10897 87573 47997 67903 77490]
2020-03-25 02:52:32,106 - exp_torch_topics_d128_least_confident_i2000_b20_q100_shuffled_flexbatch2 - INFO - finish step #9 for 7.174745082855225 sec
2020-03-25 02:52:32,106 - exp_torch_topics_d128_least_confident_i2000_b20_q100_shuffled_flexbatch2 - INFO - current val_accuracy: 0.4407652685798381
2020-03-25 02:52:32,106 - exp_torch_topics_d128_least_confident_i2000_b20_q100_shuffled_flexbatch2 - INFO - start step #10
2020-03-25 02:52:36,954 - exp_torch_topics_d128_least_confident_i2000_b20_q100_shuffled_flexbatch2 - INFO - query idx: [16765 74362 87252 75221 97564  9431 18099 61686 15748 12302 78420 65698
 99692 29111 28012 53924 22367 50432 92802 49613]
2020-03-25 02:52:39,313 - exp_torch_topics_d128_least_confident_i2000_b20_q100_shuffled_flexbatch2 - INFO - finish step #10 for 7.206532955169678 sec
2020-03-25 02:52:39,313 - exp_torch_topics_d128_least_confident_i2000_b20_q100_shuffled_flexbatch2 - INFO - current val_accuracy: 0.4415305371596762
2020-03-25 02:52:39,313 - exp_torch_topics_d128_least_confident_i2000_b20_q100_shuffled_flexbatch2 - INFO - start step #11
2020-03-25 02:52:44,153 - exp_torch_topics_d128_least_confident_i2000_b20_q100_shuffled_flexbatch2 - INFO - query idx: [73002 99039 77557 69032 26476 76785 38349 72142 34736 34945 94288 77780
 99264 19256 41262 11133 91298 56352 38345 43364]
2020-03-25 02:52:46,527 - exp_torch_topics_d128_least_confident_i2000_b20_q100_shuffled_flexbatch2 - INFO - finish step #11 for 7.213491916656494 sec
2020-03-25 02:52:46,527 - exp_torch_topics_d128_least_confident_i2000_b20_q100_shuffled_flexbatch2 - INFO - current val_accuracy: 0.44741721854304634
2020-03-25 02:52:46,527 - exp_torch_topics_d128_least_confident_i2000_b20_q100_shuffled_flexbatch2 - INFO - start step #12
2020-03-25 02:52:51,370 - exp_torch_topics_d128_least_confident_i2000_b20_q100_shuffled_flexbatch2 - INFO - query idx: [74289 61169  7647 26721 10321 90923 79356 77711 89621 46135 58273 26658
 21361 35915 52433 46594   222 73668 78318 11377]
2020-03-25 02:52:53,792 - exp_torch_topics_d128_least_confident_i2000_b20_q100_shuffled_flexbatch2 - INFO - finish step #12 for 7.2654709815979 sec
2020-03-25 02:52:53,793 - exp_torch_topics_d128_least_confident_i2000_b20_q100_shuffled_flexbatch2 - INFO - current val_accuracy: 0.4475643855776306
2020-03-25 02:52:53,793 - exp_torch_topics_d128_least_confident_i2000_b20_q100_shuffled_flexbatch2 - INFO - start step #13
2020-03-25 02:52:58,646 - exp_torch_topics_d128_least_confident_i2000_b20_q100_shuffled_flexbatch2 - INFO - query idx: [52620 77536 58779 93987 27037 89384 31632 72016   198 18625 90383 16091
 71979  4636 29061 94859 35579 93953 39808 33890]
2020-03-25 02:53:01,045 - exp_torch_topics_d128_least_confident_i2000_b20_q100_shuffled_flexbatch2 - INFO - finish step #13 for 7.2522358894348145 sec
2020-03-25 02:53:01,045 - exp_torch_topics_d128_least_confident_i2000_b20_q100_shuffled_flexbatch2 - INFO - current val_accuracy: 0.44877115526122147
2020-03-25 02:53:01,045 - exp_torch_topics_d128_least_confident_i2000_b20_q100_shuffled_flexbatch2 - INFO - start step #14
2020-03-25 02:53:05,874 - exp_torch_topics_d128_least_confident_i2000_b20_q100_shuffled_flexbatch2 - INFO - query idx: [ 4791 67545 93994 34747 18047 44762  3284 65026 85102  3788 55115 42151
 92245 81406 55177 89645 94718 91505 37805 90438]
2020-03-25 02:53:08,268 - exp_torch_topics_d128_least_confident_i2000_b20_q100_shuffled_flexbatch2 - INFO - finish step #14 for 7.222292184829712 sec
2020-03-25 02:53:08,268 - exp_torch_topics_d128_least_confident_i2000_b20_q100_shuffled_flexbatch2 - INFO - current val_accuracy: 0.449271523178808
2020-03-25 02:53:08,268 - exp_torch_topics_d128_least_confident_i2000_b20_q100_shuffled_flexbatch2 - INFO - start step #15
2020-03-25 02:53:13,157 - exp_torch_topics_d128_least_confident_i2000_b20_q100_shuffled_flexbatch2 - INFO - query idx: [99363 50357 73695  3502 18751 40435 64731 18828 59257 91622 51319 98760
 59150 91206 65897 74176  5856 48942 39050 28969]
2020-03-25 02:53:15,532 - exp_torch_topics_d128_least_confident_i2000_b20_q100_shuffled_flexbatch2 - INFO - finish step #15 for 7.264249086380005 sec
2020-03-25 02:53:15,533 - exp_torch_topics_d128_least_confident_i2000_b20_q100_shuffled_flexbatch2 - INFO - current val_accuracy: 0.44885945548197204
2020-03-25 02:53:15,533 - exp_torch_topics_d128_least_confident_i2000_b20_q100_shuffled_flexbatch2 - INFO - start step #16
2020-03-25 02:53:20,370 - exp_torch_topics_d128_least_confident_i2000_b20_q100_shuffled_flexbatch2 - INFO - query idx: [87950 16687 14090 29162 11230 11286 12454 57674 27903 30421 19886 77863
 29880 41424 36314 53868 30207 80517 74791 45519]
2020-03-25 02:53:22,734 - exp_torch_topics_d128_least_confident_i2000_b20_q100_shuffled_flexbatch2 - INFO - finish step #16 for 7.200682163238525 sec
2020-03-25 02:53:22,734 - exp_torch_topics_d128_least_confident_i2000_b20_q100_shuffled_flexbatch2 - INFO - current val_accuracy: 0.4491243561442237
2020-03-25 02:53:22,734 - exp_torch_topics_d128_least_confident_i2000_b20_q100_shuffled_flexbatch2 - INFO - start step #17
2020-03-25 02:53:27,589 - exp_torch_topics_d128_least_confident_i2000_b20_q100_shuffled_flexbatch2 - INFO - query idx: [67990 64058 36974 70670 62671 10062 39807   789 34139 83504 65612 68289
 56336 81449 84865 20835 48156 43843 38850 30055]
2020-03-25 02:53:29,970 - exp_torch_topics_d128_least_confident_i2000_b20_q100_shuffled_flexbatch2 - INFO - finish step #17 for 7.235857963562012 sec
2020-03-25 02:53:29,970 - exp_torch_topics_d128_least_confident_i2000_b20_q100_shuffled_flexbatch2 - INFO - current val_accuracy: 0.44806475349521707
2020-03-25 02:53:29,970 - exp_torch_topics_d128_least_confident_i2000_b20_q100_shuffled_flexbatch2 - INFO - start step #18
2020-03-25 02:53:34,811 - exp_torch_topics_d128_least_confident_i2000_b20_q100_shuffled_flexbatch2 - INFO - query idx: [61288 82568 17978 54913 70873 23974 99421 57429 40845 34854  2732 83605
 25396 35489 86729 98415 93351 34622 98588 67817]
2020-03-25 02:53:37,276 - exp_torch_topics_d128_least_confident_i2000_b20_q100_shuffled_flexbatch2 - INFO - finish step #18 for 7.30516505241394 sec
2020-03-25 02:53:37,276 - exp_torch_topics_d128_least_confident_i2000_b20_q100_shuffled_flexbatch2 - INFO - current val_accuracy: 0.4488005886681383
2020-03-25 02:53:37,277 - exp_torch_topics_d128_least_confident_i2000_b20_q100_shuffled_flexbatch2 - INFO - start step #19
2020-03-25 02:53:42,084 - exp_torch_topics_d128_least_confident_i2000_b20_q100_shuffled_flexbatch2 - INFO - query idx: [ 9505 72899 25077 13677 64154 28498 16411 41905 93899 55989 50040 46563
 48867 87241 93725 81361 50436 68360 64655 46703]
2020-03-25 02:53:44,459 - exp_torch_topics_d128_least_confident_i2000_b20_q100_shuffled_flexbatch2 - INFO - finish step #19 for 7.182075023651123 sec
2020-03-25 02:53:44,459 - exp_torch_topics_d128_least_confident_i2000_b20_q100_shuffled_flexbatch2 - INFO - current val_accuracy: 0.4519793966151582
2020-03-25 02:53:44,459 - exp_torch_topics_d128_least_confident_i2000_b20_q100_shuffled_flexbatch2 - INFO - start step #20
2020-03-25 02:53:49,374 - exp_torch_topics_d128_least_confident_i2000_b20_q100_shuffled_flexbatch2 - INFO - query idx: [20430 56457 11234 77423 51716 22319 46122 68877 97590 92791 16211 18179
 19958 65007 62923 90804 82021 84256 64483 20642]
2020-03-25 02:53:51,791 - exp_torch_topics_d128_least_confident_i2000_b20_q100_shuffled_flexbatch2 - INFO - finish step #20 for 7.331408977508545 sec
2020-03-25 02:53:51,791 - exp_torch_topics_d128_least_confident_i2000_b20_q100_shuffled_flexbatch2 - INFO - current val_accuracy: 0.45059602649006625
2020-03-25 02:53:51,791 - exp_torch_topics_d128_least_confident_i2000_b20_q100_shuffled_flexbatch2 - INFO - start step #21
2020-03-25 02:53:56,626 - exp_torch_topics_d128_least_confident_i2000_b20_q100_shuffled_flexbatch2 - INFO - query idx: [49850 46793  9670 59661 76067 74467  5256 35393 55779 57659 75698 76034
 18469 34365 94771 90442 17824 56939 31500 45066]
2020-03-25 02:53:59,025 - exp_torch_topics_d128_least_confident_i2000_b20_q100_shuffled_flexbatch2 - INFO - finish step #21 for 7.2342259883880615 sec
2020-03-25 02:53:59,026 - exp_torch_topics_d128_least_confident_i2000_b20_q100_shuffled_flexbatch2 - INFO - current val_accuracy: 0.4520382634289919
2020-03-25 02:53:59,026 - exp_torch_topics_d128_least_confident_i2000_b20_q100_shuffled_flexbatch2 - INFO - start step #22
2020-03-25 02:54:03,834 - exp_torch_topics_d128_least_confident_i2000_b20_q100_shuffled_flexbatch2 - INFO - query idx: [97529 41368 53555 43689 72108 35679 12972  7226 37621 27079 95653 21739
 51558 35497 23695 35075 26878 81778 90470 36614]
2020-03-25 02:54:06,266 - exp_torch_topics_d128_least_confident_i2000_b20_q100_shuffled_flexbatch2 - INFO - finish step #22 for 7.240556955337524 sec
2020-03-25 02:54:06,266 - exp_torch_topics_d128_least_confident_i2000_b20_q100_shuffled_flexbatch2 - INFO - current val_accuracy: 0.4544812362030905
2020-03-25 02:54:06,267 - exp_torch_topics_d128_least_confident_i2000_b20_q100_shuffled_flexbatch2 - INFO - start step #23
2020-03-25 02:54:11,103 - exp_torch_topics_d128_least_confident_i2000_b20_q100_shuffled_flexbatch2 - INFO - query idx: [35319  6537 47217 61398 46373 55298 91683  8714 18378 72145  3493 68880
 22265 98913 97934 29593 87604 12574 96246 49962]
2020-03-25 02:54:13,542 - exp_torch_topics_d128_least_confident_i2000_b20_q100_shuffled_flexbatch2 - INFO - finish step #23 for 7.274991989135742 sec
2020-03-25 02:54:13,542 - exp_torch_topics_d128_least_confident_i2000_b20_q100_shuffled_flexbatch2 - INFO - current val_accuracy: 0.45350993377483445
2020-03-25 02:54:13,542 - exp_torch_topics_d128_least_confident_i2000_b20_q100_shuffled_flexbatch2 - INFO - start step #24
2020-03-25 02:54:18,402 - exp_torch_topics_d128_least_confident_i2000_b20_q100_shuffled_flexbatch2 - INFO - query idx: [95908 11058 37289 49991 64298 23364 91253    30 92978 12125 30664 64286
 19961 57539 99467 39776 33109 29418 37133 79243]
2020-03-25 02:54:20,802 - exp_torch_topics_d128_least_confident_i2000_b20_q100_shuffled_flexbatch2 - INFO - finish step #24 for 7.260197877883911 sec
2020-03-25 02:54:20,802 - exp_torch_topics_d128_least_confident_i2000_b20_q100_shuffled_flexbatch2 - INFO - current val_accuracy: 0.4530978660779985
2020-03-25 02:54:20,803 - exp_torch_topics_d128_least_confident_i2000_b20_q100_shuffled_flexbatch2 - INFO - start step #25
2020-03-25 02:54:25,599 - exp_torch_topics_d128_least_confident_i2000_b20_q100_shuffled_flexbatch2 - INFO - query idx: [36680 21302 57835 49477 73227 22136 18198 13745 45385 86794 71672 21518
 60516 43064 58199 54359 33151 91756 31020 87735]
2020-03-25 02:54:27,994 - exp_torch_topics_d128_least_confident_i2000_b20_q100_shuffled_flexbatch2 - INFO - finish step #25 for 7.191589832305908 sec
2020-03-25 02:54:27,994 - exp_torch_topics_d128_least_confident_i2000_b20_q100_shuffled_flexbatch2 - INFO - current val_accuracy: 0.4549521707137601
2020-03-25 02:54:27,995 - exp_torch_topics_d128_least_confident_i2000_b20_q100_shuffled_flexbatch2 - INFO - start step #26
2020-03-25 02:54:32,840 - exp_torch_topics_d128_least_confident_i2000_b20_q100_shuffled_flexbatch2 - INFO - query idx: [79604 45071 43503 31654  1601 14018 12350 40059 15680 21990 17501 58721
  3709 16468 69063 81187 68807 27121 98623 89160]
2020-03-25 02:54:35,248 - exp_torch_topics_d128_least_confident_i2000_b20_q100_shuffled_flexbatch2 - INFO - finish step #26 for 7.253598928451538 sec
2020-03-25 02:54:35,249 - exp_torch_topics_d128_least_confident_i2000_b20_q100_shuffled_flexbatch2 - INFO - current val_accuracy: 0.4574540103016924
2020-03-25 02:54:35,249 - exp_torch_topics_d128_least_confident_i2000_b20_q100_shuffled_flexbatch2 - INFO - start step #27
2020-03-25 02:54:40,095 - exp_torch_topics_d128_least_confident_i2000_b20_q100_shuffled_flexbatch2 - INFO - query idx: [ 7208 18211  4630 43737 92348 65082 15629 61913 44795 27493  1335 38389
 42665  3314 43676 62387 51715 68772 52366 59014]
2020-03-25 02:54:42,495 - exp_torch_topics_d128_least_confident_i2000_b20_q100_shuffled_flexbatch2 - INFO - finish step #27 for 7.246633052825928 sec
2020-03-25 02:54:42,497 - exp_torch_topics_d128_least_confident_i2000_b20_q100_shuffled_flexbatch2 - INFO - current val_accuracy: 0.45713024282560705
2020-03-25 02:54:42,497 - exp_torch_topics_d128_least_confident_i2000_b20_q100_shuffled_flexbatch2 - INFO - start step #28
2020-03-25 02:54:47,349 - exp_torch_topics_d128_least_confident_i2000_b20_q100_shuffled_flexbatch2 - INFO - query idx: [ 2699 98457 18731 43990 21043 55764 59540 40060  1758  4630 22036 82625
 72510 48818 27861 80161 65932 56051 76061 59753]
2020-03-25 02:54:49,758 - exp_torch_topics_d128_least_confident_i2000_b20_q100_shuffled_flexbatch2 - INFO - finish step #28 for 7.2608208656311035 sec
2020-03-25 02:54:49,758 - exp_torch_topics_d128_least_confident_i2000_b20_q100_shuffled_flexbatch2 - INFO - current val_accuracy: 0.4561000735835173
2020-03-25 02:54:49,759 - exp_torch_topics_d128_least_confident_i2000_b20_q100_shuffled_flexbatch2 - INFO - start step #29
2020-03-25 02:54:54,593 - exp_torch_topics_d128_least_confident_i2000_b20_q100_shuffled_flexbatch2 - INFO - query idx: [30709 15792 46345 36210 97948 71085 74633 95143 13982 28060 44902 18053
 81666 73013  9556 55975 91093 27219 70219 93599]
2020-03-25 02:54:57,041 - exp_torch_topics_d128_least_confident_i2000_b20_q100_shuffled_flexbatch2 - INFO - finish step #29 for 7.282001972198486 sec
2020-03-25 02:54:57,041 - exp_torch_topics_d128_least_confident_i2000_b20_q100_shuffled_flexbatch2 - INFO - current val_accuracy: 0.4566298749080206
2020-03-25 02:54:57,041 - exp_torch_topics_d128_least_confident_i2000_b20_q100_shuffled_flexbatch2 - INFO - start step #30
2020-03-25 02:55:01,880 - exp_torch_topics_d128_least_confident_i2000_b20_q100_shuffled_flexbatch2 - INFO - query idx: [42155 91470 24835 35099  8061 74180 40985 54953 20433  3743  1298 25907
 49804 84459 52626 52143 46822 89174 43134 72819]
2020-03-25 02:55:04,279 - exp_torch_topics_d128_least_confident_i2000_b20_q100_shuffled_flexbatch2 - INFO - finish step #30 for 7.237843036651611 sec
2020-03-25 02:55:04,279 - exp_torch_topics_d128_least_confident_i2000_b20_q100_shuffled_flexbatch2 - INFO - current val_accuracy: 0.45895511405445183
2020-03-25 02:55:04,279 - exp_torch_topics_d128_least_confident_i2000_b20_q100_shuffled_flexbatch2 - INFO - start step #31
2020-03-25 02:55:09,491 - exp_torch_topics_d128_least_confident_i2000_b20_q100_shuffled_flexbatch2 - INFO - query idx: [40459 74861 32499 46083  5692 50214 89119 63784 11340 19832 74451 89041
 45816 58020 50806 37042 74980  1415 84028 56566]
2020-03-25 02:55:11,989 - exp_torch_topics_d128_least_confident_i2000_b20_q100_shuffled_flexbatch2 - INFO - finish step #31 for 7.709947109222412 sec
2020-03-25 02:55:11,990 - exp_torch_topics_d128_least_confident_i2000_b20_q100_shuffled_flexbatch2 - INFO - current val_accuracy: 0.462075055187638
2020-03-25 02:55:11,990 - exp_torch_topics_d128_least_confident_i2000_b20_q100_shuffled_flexbatch2 - INFO - start step #32
2020-03-25 02:55:16,877 - exp_torch_topics_d128_least_confident_i2000_b20_q100_shuffled_flexbatch2 - INFO - query idx: [10066 12207 31867 75313 86662 78877 35503 78010 14734 80050  1754 41623
 64875 34811 63797 14898 54812 77644  9908 44615]
2020-03-25 02:55:19,324 - exp_torch_topics_d128_least_confident_i2000_b20_q100_shuffled_flexbatch2 - INFO - finish step #32 for 7.333048105239868 sec
2020-03-25 02:55:19,324 - exp_torch_topics_d128_least_confident_i2000_b20_q100_shuffled_flexbatch2 - INFO - current val_accuracy: 0.46298749080206036
2020-03-25 02:55:19,324 - exp_torch_topics_d128_least_confident_i2000_b20_q100_shuffled_flexbatch2 - INFO - start step #33
2020-03-25 02:55:24,182 - exp_torch_topics_d128_least_confident_i2000_b20_q100_shuffled_flexbatch2 - INFO - query idx: [59094 85979 52458 20862 49583   891 30204 66131 41356 33073 58781 93970
 58495 83909 23171 53379 61985 55443 11226 30086]
2020-03-25 02:55:26,660 - exp_torch_topics_d128_least_confident_i2000_b20_q100_shuffled_flexbatch2 - INFO - finish step #33 for 7.3358237743377686 sec
2020-03-25 02:55:26,660 - exp_torch_topics_d128_least_confident_i2000_b20_q100_shuffled_flexbatch2 - INFO - current val_accuracy: 0.46066225165562913
2020-03-25 02:55:26,660 - exp_torch_topics_d128_least_confident_i2000_b20_q100_shuffled_flexbatch2 - INFO - start step #34
2020-03-25 02:55:31,462 - exp_torch_topics_d128_least_confident_i2000_b20_q100_shuffled_flexbatch2 - INFO - query idx: [31088 40205 92993 63684 76038 36948 14816 82184 57066 74605 59733 32624
 82688   848 45665 75516 48247  4585 17165 67360]
2020-03-25 02:55:33,892 - exp_torch_topics_d128_least_confident_i2000_b20_q100_shuffled_flexbatch2 - INFO - finish step #34 for 7.231350898742676 sec
2020-03-25 02:55:33,892 - exp_torch_topics_d128_least_confident_i2000_b20_q100_shuffled_flexbatch2 - INFO - current val_accuracy: 0.4611331861662987
2020-03-25 02:55:33,892 - exp_torch_topics_d128_least_confident_i2000_b20_q100_shuffled_flexbatch2 - INFO - start step #35
2020-03-25 02:55:38,797 - exp_torch_topics_d128_least_confident_i2000_b20_q100_shuffled_flexbatch2 - INFO - query idx: [30618 12608 23185 49778 67585 50255 11141 51382 66865 22730  4199 49503
 30700 65846 53763 90671 20957 57426 86592 57483]
2020-03-25 02:55:41,381 - exp_torch_topics_d128_least_confident_i2000_b20_q100_shuffled_flexbatch2 - INFO - finish step #35 for 7.489069938659668 sec
2020-03-25 02:55:41,381 - exp_torch_topics_d128_least_confident_i2000_b20_q100_shuffled_flexbatch2 - INFO - current val_accuracy: 0.46186902133922003
2020-03-25 02:55:41,382 - exp_torch_topics_d128_least_confident_i2000_b20_q100_shuffled_flexbatch2 - INFO - start step #36
2020-03-25 02:55:46,351 - exp_torch_topics_d128_least_confident_i2000_b20_q100_shuffled_flexbatch2 - INFO - query idx: [64871 80422 76677 42830 87525  2390 46469 56901 28266 32488 15764 88988
 96289 57000  6092 63362 21397 88793 96645  3196]
2020-03-25 02:55:48,802 - exp_torch_topics_d128_least_confident_i2000_b20_q100_shuffled_flexbatch2 - INFO - finish step #36 for 7.420007944107056 sec
2020-03-25 02:55:48,802 - exp_torch_topics_d128_least_confident_i2000_b20_q100_shuffled_flexbatch2 - INFO - current val_accuracy: 0.4645180279617366
2020-03-25 02:55:48,802 - exp_torch_topics_d128_least_confident_i2000_b20_q100_shuffled_flexbatch2 - INFO - start step #37
2020-03-25 02:55:54,545 - exp_torch_topics_d128_least_confident_i2000_b20_q100_shuffled_flexbatch2 - INFO - query idx: [72228 66425 19176 89954 41837 89673 13733 82706 19973 39903 28536 46072
 21985 13299 70556 90879 30944 71727 52018 27881]
2020-03-25 02:55:57,025 - exp_torch_topics_d128_least_confident_i2000_b20_q100_shuffled_flexbatch2 - INFO - finish step #37 for 8.222574234008789 sec
2020-03-25 02:55:57,025 - exp_torch_topics_d128_least_confident_i2000_b20_q100_shuffled_flexbatch2 - INFO - current val_accuracy: 0.46684326710816776
2020-03-25 02:55:57,025 - exp_torch_topics_d128_least_confident_i2000_b20_q100_shuffled_flexbatch2 - INFO - start step #38
2020-03-25 02:56:02,425 - exp_torch_topics_d128_least_confident_i2000_b20_q100_shuffled_flexbatch2 - INFO - query idx: [39854 27046 63116 51798 12633 64664 41738 35867 29152 17837 86971 83634
 50730 96202 71735 70582 42436 28557 89352 92938]
2020-03-25 02:56:04,825 - exp_torch_topics_d128_least_confident_i2000_b20_q100_shuffled_flexbatch2 - INFO - finish step #38 for 7.799708843231201 sec
2020-03-25 02:56:04,825 - exp_torch_topics_d128_least_confident_i2000_b20_q100_shuffled_flexbatch2 - INFO - current val_accuracy: 0.46569536423841057
2020-03-25 02:56:04,825 - exp_torch_topics_d128_least_confident_i2000_b20_q100_shuffled_flexbatch2 - INFO - start step #39
2020-03-25 02:56:09,642 - exp_torch_topics_d128_least_confident_i2000_b20_q100_shuffled_flexbatch2 - INFO - query idx: [36673 56904 13335 95834 71836 13945 14788 35258 16404 64120 24584 56533
 31882  7659 59053 79316 43382 50005 14805 65302]
2020-03-25 02:56:12,088 - exp_torch_topics_d128_least_confident_i2000_b20_q100_shuffled_flexbatch2 - INFO - finish step #39 for 7.262868881225586 sec
2020-03-25 02:56:12,089 - exp_torch_topics_d128_least_confident_i2000_b20_q100_shuffled_flexbatch2 - INFO - current val_accuracy: 0.4690213392200147
2020-03-25 02:56:12,089 - exp_torch_topics_d128_least_confident_i2000_b20_q100_shuffled_flexbatch2 - INFO - start step #40
2020-03-25 02:56:16,925 - exp_torch_topics_d128_least_confident_i2000_b20_q100_shuffled_flexbatch2 - INFO - query idx: [36396 66242 50667 68195 80109 61700 30828  8013 93847 15684 86970 95610
 15787 27465 82663 77614 14695  8186  2462 32393]
2020-03-25 02:56:19,370 - exp_torch_topics_d128_least_confident_i2000_b20_q100_shuffled_flexbatch2 - INFO - finish step #40 for 7.281438112258911 sec
2020-03-25 02:56:19,371 - exp_torch_topics_d128_least_confident_i2000_b20_q100_shuffled_flexbatch2 - INFO - current val_accuracy: 0.4693451066961001
2020-03-25 02:56:19,371 - exp_torch_topics_d128_least_confident_i2000_b20_q100_shuffled_flexbatch2 - INFO - start step #41
2020-03-25 02:56:24,157 - exp_torch_topics_d128_least_confident_i2000_b20_q100_shuffled_flexbatch2 - INFO - query idx: [59056 51908 20490 28571   494 70937 62607 58579 35498 10839 46550  4724
 69481 60807 68938 51729 91585 36504 70497 33145]
2020-03-25 02:56:26,656 - exp_torch_topics_d128_least_confident_i2000_b20_q100_shuffled_flexbatch2 - INFO - finish step #41 for 7.285303115844727 sec
2020-03-25 02:56:26,657 - exp_torch_topics_d128_least_confident_i2000_b20_q100_shuffled_flexbatch2 - INFO - current val_accuracy: 0.4691096394407653
2020-03-25 02:56:26,657 - exp_torch_topics_d128_least_confident_i2000_b20_q100_shuffled_flexbatch2 - INFO - start step #42
2020-03-25 02:56:31,662 - exp_torch_topics_d128_least_confident_i2000_b20_q100_shuffled_flexbatch2 - INFO - query idx: [88486 52782 52829  5383 41860 33669   455 57294 51074 50956   384 76447
 19104 87383 85549 49441 99042 54332 63222 55548]
2020-03-25 02:56:34,132 - exp_torch_topics_d128_least_confident_i2000_b20_q100_shuffled_flexbatch2 - INFO - finish step #42 for 7.474638938903809 sec
2020-03-25 02:56:34,132 - exp_torch_topics_d128_least_confident_i2000_b20_q100_shuffled_flexbatch2 - INFO - current val_accuracy: 0.46828550404709346
2020-03-25 02:56:34,133 - exp_torch_topics_d128_least_confident_i2000_b20_q100_shuffled_flexbatch2 - INFO - start step #43
2020-03-25 02:56:38,927 - exp_torch_topics_d128_least_confident_i2000_b20_q100_shuffled_flexbatch2 - INFO - query idx: [47828 28527 48103 51045 68671 53211 55153 85891 81978  3993  6074 65292
 11328 84448  2458 63469 69528 14517 93246  3164]
2020-03-25 02:56:41,347 - exp_torch_topics_d128_least_confident_i2000_b20_q100_shuffled_flexbatch2 - INFO - finish step #43 for 7.2139341831207275 sec
2020-03-25 02:56:41,347 - exp_torch_topics_d128_least_confident_i2000_b20_q100_shuffled_flexbatch2 - INFO - current val_accuracy: 0.46922737306843265
2020-03-25 02:56:41,347 - exp_torch_topics_d128_least_confident_i2000_b20_q100_shuffled_flexbatch2 - INFO - start step #44
2020-03-25 02:56:46,180 - exp_torch_topics_d128_least_confident_i2000_b20_q100_shuffled_flexbatch2 - INFO - query idx: [26151 31940 20684 63976 86235 49398 98690 42875 44416 51893 98385 40131
 76345  8830 36906 87174 30745 47768   815 65709]
2020-03-25 02:56:48,577 - exp_torch_topics_d128_least_confident_i2000_b20_q100_shuffled_flexbatch2 - INFO - finish step #44 for 7.229604959487915 sec
2020-03-25 02:56:48,577 - exp_torch_topics_d128_least_confident_i2000_b20_q100_shuffled_flexbatch2 - INFO - current val_accuracy: 0.4710228108903606
2020-03-25 02:56:48,577 - exp_torch_topics_d128_least_confident_i2000_b20_q100_shuffled_flexbatch2 - INFO - start step #45
2020-03-25 02:56:53,327 - exp_torch_topics_d128_least_confident_i2000_b20_q100_shuffled_flexbatch2 - INFO - query idx: [30478 47723 94070 30926 76349 45492  8280 88997 47263 64495 93756 87699
 53206 16043 59518  9264 79515 14831 18386 51035]
2020-03-25 02:56:55,803 - exp_torch_topics_d128_least_confident_i2000_b20_q100_shuffled_flexbatch2 - INFO - finish step #45 for 7.226030111312866 sec
2020-03-25 02:56:55,803 - exp_torch_topics_d128_least_confident_i2000_b20_q100_shuffled_flexbatch2 - INFO - current val_accuracy: 0.47187637969094925
2020-03-25 02:56:55,804 - exp_torch_topics_d128_least_confident_i2000_b20_q100_shuffled_flexbatch2 - INFO - start step #46
2020-03-25 02:57:00,624 - exp_torch_topics_d128_least_confident_i2000_b20_q100_shuffled_flexbatch2 - INFO - query idx: [45980 62721 42998 80934 32115 78801 90018 73529 92351 36038 93409 12611
 13127 53385 21135 47560 44694  1011 12120 18716]
2020-03-25 02:57:03,082 - exp_torch_topics_d128_least_confident_i2000_b20_q100_shuffled_flexbatch2 - INFO - finish step #46 for 7.278346061706543 sec
2020-03-25 02:57:03,082 - exp_torch_topics_d128_least_confident_i2000_b20_q100_shuffled_flexbatch2 - INFO - current val_accuracy: 0.47240618101545256
2020-03-25 02:57:03,082 - exp_torch_topics_d128_least_confident_i2000_b20_q100_shuffled_flexbatch2 - INFO - start step #47
2020-03-25 02:57:07,860 - exp_torch_topics_d128_least_confident_i2000_b20_q100_shuffled_flexbatch2 - INFO - query idx: [64329 35774 93909 97063 11548 29836 83226  6126 79497 88279 68805 53920
  4675 19667 83054 76589 37141 72400 80798 36311]
2020-03-25 02:57:10,280 - exp_torch_topics_d128_least_confident_i2000_b20_q100_shuffled_flexbatch2 - INFO - finish step #47 for 7.1979429721832275 sec
2020-03-25 02:57:10,281 - exp_torch_topics_d128_least_confident_i2000_b20_q100_shuffled_flexbatch2 - INFO - current val_accuracy: 0.47128771155261223
2020-03-25 02:57:10,281 - exp_torch_topics_d128_least_confident_i2000_b20_q100_shuffled_flexbatch2 - INFO - start step #48
2020-03-25 02:57:15,095 - exp_torch_topics_d128_least_confident_i2000_b20_q100_shuffled_flexbatch2 - INFO - query idx: [15156 13068 13527 18636 18564 22166 35251 30650 89257 25446 86898 68829
  1574 47973 18775 62884 25163 17909 69319 15403]
2020-03-25 02:57:17,523 - exp_torch_topics_d128_least_confident_i2000_b20_q100_shuffled_flexbatch2 - INFO - finish step #48 for 7.242486000061035 sec
2020-03-25 02:57:17,523 - exp_torch_topics_d128_least_confident_i2000_b20_q100_shuffled_flexbatch2 - INFO - current val_accuracy: 0.4701103752759382
2020-03-25 02:57:17,524 - exp_torch_topics_d128_least_confident_i2000_b20_q100_shuffled_flexbatch2 - INFO - start step #49
2020-03-25 02:57:22,314 - exp_torch_topics_d128_least_confident_i2000_b20_q100_shuffled_flexbatch2 - INFO - query idx: [87417 36067 37647  9435 74567 67971 78149 89061 11565 82823 21270 89611
 10058 17453 35360 88385 79997 26577 98174 97979]
2020-03-25 02:57:24,764 - exp_torch_topics_d128_least_confident_i2000_b20_q100_shuffled_flexbatch2 - INFO - finish step #49 for 7.240535020828247 sec
2020-03-25 02:57:24,764 - exp_torch_topics_d128_least_confident_i2000_b20_q100_shuffled_flexbatch2 - INFO - current val_accuracy: 0.46996320824135396
2020-03-25 02:57:24,765 - exp_torch_topics_d128_least_confident_i2000_b20_q100_shuffled_flexbatch2 - INFO - start step #50
2020-03-25 02:57:29,517 - exp_torch_topics_d128_least_confident_i2000_b20_q100_shuffled_flexbatch2 - INFO - query idx: [60993  1629 88827 47603 36575 28106 79280 48365 81564 77163  1887   244
 57735 25428 61439 75810 85076  8348 25935 89131]
2020-03-25 02:57:31,971 - exp_torch_topics_d128_least_confident_i2000_b20_q100_shuffled_flexbatch2 - INFO - finish step #50 for 7.206566095352173 sec
2020-03-25 02:57:31,971 - exp_torch_topics_d128_least_confident_i2000_b20_q100_shuffled_flexbatch2 - INFO - current val_accuracy: 0.4720824135393672
2020-03-25 02:57:31,972 - exp_torch_topics_d128_least_confident_i2000_b20_q100_shuffled_flexbatch2 - INFO - start step #51
2020-03-25 02:57:36,772 - exp_torch_topics_d128_least_confident_i2000_b20_q100_shuffled_flexbatch2 - INFO - query idx: [93185 12869 14245  7653 45031  3898 20471 55220 59356 33294 92717  2963
 48642 41337 59078 75033  3340 44797 90688 45144]
2020-03-25 02:57:39,277 - exp_torch_topics_d128_least_confident_i2000_b20_q100_shuffled_flexbatch2 - INFO - finish step #51 for 7.305247068405151 sec
2020-03-25 02:57:39,277 - exp_torch_topics_d128_least_confident_i2000_b20_q100_shuffled_flexbatch2 - INFO - current val_accuracy: 0.47258278145695365
2020-03-25 02:57:39,277 - exp_torch_topics_d128_least_confident_i2000_b20_q100_shuffled_flexbatch2 - INFO - start step #52
2020-03-25 02:57:44,074 - exp_torch_topics_d128_least_confident_i2000_b20_q100_shuffled_flexbatch2 - INFO - query idx: [53215 88904 78709 32727 18333 12601 37489 72783 93885 71943 52880 11833
 53307 80350 94458 23170 11567 25982  8456 36115]
2020-03-25 02:57:46,518 - exp_torch_topics_d128_least_confident_i2000_b20_q100_shuffled_flexbatch2 - INFO - finish step #52 for 7.240128993988037 sec
2020-03-25 02:57:46,518 - exp_torch_topics_d128_least_confident_i2000_b20_q100_shuffled_flexbatch2 - INFO - current val_accuracy: 0.47434878587196466
2020-03-25 02:57:46,518 - exp_torch_topics_d128_least_confident_i2000_b20_q100_shuffled_flexbatch2 - INFO - start step #53
2020-03-25 02:57:51,409 - exp_torch_topics_d128_least_confident_i2000_b20_q100_shuffled_flexbatch2 - INFO - query idx: [57736 26160 34257  2984 24655 82487 22237 91518 56631 32896 70283  5702
 88416 28203 66840 37355 34048 81834  7720 67535]
2020-03-25 02:57:53,778 - exp_torch_topics_d128_least_confident_i2000_b20_q100_shuffled_flexbatch2 - INFO - finish step #53 for 7.259577035903931 sec
2020-03-25 02:57:53,778 - exp_torch_topics_d128_least_confident_i2000_b20_q100_shuffled_flexbatch2 - INFO - current val_accuracy: 0.47281824871228845
2020-03-25 02:57:53,778 - exp_torch_topics_d128_least_confident_i2000_b20_q100_shuffled_flexbatch2 - INFO - start step #54
2020-03-25 02:57:58,664 - exp_torch_topics_d128_least_confident_i2000_b20_q100_shuffled_flexbatch2 - INFO - query idx: [40598 20449 94630  4222 43624 72077 85269 67046 14279 11443 69293 34841
 25954  6442 95011 86220 85404 76639 24676 88246]
2020-03-25 02:58:01,070 - exp_torch_topics_d128_least_confident_i2000_b20_q100_shuffled_flexbatch2 - INFO - finish step #54 for 7.29209303855896 sec
2020-03-25 02:58:01,070 - exp_torch_topics_d128_least_confident_i2000_b20_q100_shuffled_flexbatch2 - INFO - current val_accuracy: 0.47364238410596027
2020-03-25 02:58:01,070 - exp_torch_topics_d128_least_confident_i2000_b20_q100_shuffled_flexbatch2 - INFO - start step #55
2020-03-25 02:58:05,966 - exp_torch_topics_d128_least_confident_i2000_b20_q100_shuffled_flexbatch2 - INFO - query idx: [91570 77783 47414 97727 88267 78483  7418 32861 49242 83051 38769 88003
 18506 93882 23461 10984 23444 95335 74259 47617]
2020-03-25 02:58:08,425 - exp_torch_topics_d128_least_confident_i2000_b20_q100_shuffled_flexbatch2 - INFO - finish step #55 for 7.354308843612671 sec
2020-03-25 02:58:08,425 - exp_torch_topics_d128_least_confident_i2000_b20_q100_shuffled_flexbatch2 - INFO - current val_accuracy: 0.4727299484915379
2020-03-25 02:58:08,425 - exp_torch_topics_d128_least_confident_i2000_b20_q100_shuffled_flexbatch2 - INFO - start step #56
2020-03-25 02:58:13,289 - exp_torch_topics_d128_least_confident_i2000_b20_q100_shuffled_flexbatch2 - INFO - query idx: [ 2161 75290 62160 98017 21271 13395 69279 74439 27072  8810 81969 15923
 77772 67092 81635 36643 95355 26875  9788 75894]
2020-03-25 02:58:15,683 - exp_torch_topics_d128_least_confident_i2000_b20_q100_shuffled_flexbatch2 - INFO - finish step #56 for 7.257535934448242 sec
2020-03-25 02:58:15,683 - exp_torch_topics_d128_least_confident_i2000_b20_q100_shuffled_flexbatch2 - INFO - current val_accuracy: 0.4727299484915379
2020-03-25 02:58:15,683 - exp_torch_topics_d128_least_confident_i2000_b20_q100_shuffled_flexbatch2 - INFO - start step #57
2020-03-25 02:58:20,513 - exp_torch_topics_d128_least_confident_i2000_b20_q100_shuffled_flexbatch2 - INFO - query idx: [11292 86893 73181 41462 74614 40398  5970 63155 84757 69359 56816 55909
 87842  8682 48279 98252  4033 49646 40506 61955]
2020-03-25 02:58:22,934 - exp_torch_topics_d128_least_confident_i2000_b20_q100_shuffled_flexbatch2 - INFO - finish step #57 for 7.250962972640991 sec
2020-03-25 02:58:22,934 - exp_torch_topics_d128_least_confident_i2000_b20_q100_shuffled_flexbatch2 - INFO - current val_accuracy: 0.4700220750551876
2020-03-25 02:58:22,934 - exp_torch_topics_d128_least_confident_i2000_b20_q100_shuffled_flexbatch2 - INFO - start step #58
2020-03-25 02:58:27,771 - exp_torch_topics_d128_least_confident_i2000_b20_q100_shuffled_flexbatch2 - INFO - query idx: [69622 61333 59691 63910 28866 44269 78501 55427 26970 52771 67796 84705
 19544 94607 24475 36852 55084 33947  9698 95922]
2020-03-25 02:58:30,282 - exp_torch_topics_d128_least_confident_i2000_b20_q100_shuffled_flexbatch2 - INFO - finish step #58 for 7.347434043884277 sec
2020-03-25 02:58:30,282 - exp_torch_topics_d128_least_confident_i2000_b20_q100_shuffled_flexbatch2 - INFO - current val_accuracy: 0.4748197203826343
2020-03-25 02:58:30,282 - exp_torch_topics_d128_least_confident_i2000_b20_q100_shuffled_flexbatch2 - INFO - start step #59
2020-03-25 02:58:35,140 - exp_torch_topics_d128_least_confident_i2000_b20_q100_shuffled_flexbatch2 - INFO - query idx: [93533  8796 79278 89424 90461 29680 53211 76619 28828 11304  9841 84749
 50454 97975 32699 28227 41841 44708 75424 96035]
2020-03-25 02:58:37,580 - exp_torch_topics_d128_least_confident_i2000_b20_q100_shuffled_flexbatch2 - INFO - finish step #59 for 7.297466039657593 sec
2020-03-25 02:58:37,580 - exp_torch_topics_d128_least_confident_i2000_b20_q100_shuffled_flexbatch2 - INFO - current val_accuracy: 0.47793966151582046
2020-03-25 02:58:37,580 - exp_torch_topics_d128_least_confident_i2000_b20_q100_shuffled_flexbatch2 - INFO - start step #60
2020-03-25 02:58:42,416 - exp_torch_topics_d128_least_confident_i2000_b20_q100_shuffled_flexbatch2 - INFO - query idx: [84929  4175 56182 67928 70693  5538  4615 35501 81027 51286 83381  7990
 73478   815 21815 18696 15109 97193 35323 81021]
2020-03-25 02:58:44,797 - exp_torch_topics_d128_least_confident_i2000_b20_q100_shuffled_flexbatch2 - INFO - finish step #60 for 7.217128038406372 sec
2020-03-25 02:58:44,798 - exp_torch_topics_d128_least_confident_i2000_b20_q100_shuffled_flexbatch2 - INFO - current val_accuracy: 0.47711552612214864
2020-03-25 02:58:44,798 - exp_torch_topics_d128_least_confident_i2000_b20_q100_shuffled_flexbatch2 - INFO - start step #61
2020-03-25 02:58:49,639 - exp_torch_topics_d128_least_confident_i2000_b20_q100_shuffled_flexbatch2 - INFO - query idx: [77974 35358 16920 26430 63445 76081 58535 26153 15341 93695 79156 89184
 26100 94671 10533 62835 18461  3122 65879 94876]
2020-03-25 02:58:52,062 - exp_torch_topics_d128_least_confident_i2000_b20_q100_shuffled_flexbatch2 - INFO - finish step #61 for 7.2641777992248535 sec
2020-03-25 02:58:52,062 - exp_torch_topics_d128_least_confident_i2000_b20_q100_shuffled_flexbatch2 - INFO - current val_accuracy: 0.4737601177336277
2020-03-25 02:58:52,062 - exp_torch_topics_d128_least_confident_i2000_b20_q100_shuffled_flexbatch2 - INFO - start step #62
2020-03-25 02:58:56,905 - exp_torch_topics_d128_least_confident_i2000_b20_q100_shuffled_flexbatch2 - INFO - query idx: [38170  8168 29544 34242 32654 54972 60880 72370 41924 42183 54802 39586
 34472 49593 45995 30428 50804 88453 56238 67808]
2020-03-25 02:58:59,347 - exp_torch_topics_d128_least_confident_i2000_b20_q100_shuffled_flexbatch2 - INFO - finish step #62 for 7.28471302986145 sec
2020-03-25 02:58:59,347 - exp_torch_topics_d128_least_confident_i2000_b20_q100_shuffled_flexbatch2 - INFO - current val_accuracy: 0.47564385577630613
2020-03-25 02:58:59,348 - exp_torch_topics_d128_least_confident_i2000_b20_q100_shuffled_flexbatch2 - INFO - start step #63
2020-03-25 02:59:04,210 - exp_torch_topics_d128_least_confident_i2000_b20_q100_shuffled_flexbatch2 - INFO - query idx: [52355 58305 42525 67901 73282 96012 28471 85957 47405 36009 37071 15952
 24866 14913 69186 61266 60749  1098 13466  4604]
2020-03-25 02:59:06,731 - exp_torch_topics_d128_least_confident_i2000_b20_q100_shuffled_flexbatch2 - INFO - finish step #63 for 7.383893966674805 sec
2020-03-25 02:59:06,732 - exp_torch_topics_d128_least_confident_i2000_b20_q100_shuffled_flexbatch2 - INFO - current val_accuracy: 0.4785283296541575
2020-03-25 02:59:06,732 - exp_torch_topics_d128_least_confident_i2000_b20_q100_shuffled_flexbatch2 - INFO - start step #64
2020-03-25 02:59:11,526 - exp_torch_topics_d128_least_confident_i2000_b20_q100_shuffled_flexbatch2 - INFO - query idx: [24135 97156 55787 27594 73074 27487 53989 49745 96723 76374 79895 56084
 34462 41217 58556 32889 81418 79238 87675  1439]
2020-03-25 02:59:13,966 - exp_torch_topics_d128_least_confident_i2000_b20_q100_shuffled_flexbatch2 - INFO - finish step #64 for 7.23391318321228 sec
2020-03-25 02:59:13,967 - exp_torch_topics_d128_least_confident_i2000_b20_q100_shuffled_flexbatch2 - INFO - current val_accuracy: 0.4801766004415011
2020-03-25 02:59:13,968 - exp_torch_topics_d128_least_confident_i2000_b20_q100_shuffled_flexbatch2 - INFO - start step #65
2020-03-25 02:59:18,791 - exp_torch_topics_d128_least_confident_i2000_b20_q100_shuffled_flexbatch2 - INFO - query idx: [60173 21616 41744  1458 25495 80395 53589 36748 10448 53719 80851 51723
 90732 36522 52219 40254 52919 38740 58901 38256]
2020-03-25 02:59:21,214 - exp_torch_topics_d128_least_confident_i2000_b20_q100_shuffled_flexbatch2 - INFO - finish step #65 for 7.24595832824707 sec
2020-03-25 02:59:21,214 - exp_torch_topics_d128_least_confident_i2000_b20_q100_shuffled_flexbatch2 - INFO - current val_accuracy: 0.4787637969094923
2020-03-25 02:59:21,214 - exp_torch_topics_d128_least_confident_i2000_b20_q100_shuffled_flexbatch2 - INFO - start step #66
2020-03-25 02:59:26,024 - exp_torch_topics_d128_least_confident_i2000_b20_q100_shuffled_flexbatch2 - INFO - query idx: [26148 59874 50203 56196 77670 72752 75905 65666 60464 34511 34466 73207
 15982 37790 94696 97058 36913 78506 76749 87101]
2020-03-25 02:59:28,458 - exp_torch_topics_d128_least_confident_i2000_b20_q100_shuffled_flexbatch2 - INFO - finish step #66 for 7.24419379234314 sec
2020-03-25 02:59:28,458 - exp_torch_topics_d128_least_confident_i2000_b20_q100_shuffled_flexbatch2 - INFO - current val_accuracy: 0.4769094922737307
2020-03-25 02:59:28,459 - exp_torch_topics_d128_least_confident_i2000_b20_q100_shuffled_flexbatch2 - INFO - start step #67
2020-03-25 02:59:33,297 - exp_torch_topics_d128_least_confident_i2000_b20_q100_shuffled_flexbatch2 - INFO - query idx: [66605 58541 81131 85965 43736 39418  1436 66094 42934 26657 26389 86598
 86113 38851 61603 13150 84338 74068 90178 53475]
2020-03-25 02:59:35,720 - exp_torch_topics_d128_least_confident_i2000_b20_q100_shuffled_flexbatch2 - INFO - finish step #67 for 7.261649131774902 sec
2020-03-25 02:59:35,720 - exp_torch_topics_d128_least_confident_i2000_b20_q100_shuffled_flexbatch2 - INFO - current val_accuracy: 0.4760853568800589
2020-03-25 02:59:35,721 - exp_torch_topics_d128_least_confident_i2000_b20_q100_shuffled_flexbatch2 - INFO - start step #68
2020-03-25 02:59:40,531 - exp_torch_topics_d128_least_confident_i2000_b20_q100_shuffled_flexbatch2 - INFO - query idx: [93998 94307 43147 35748 74342  5208 40596 85190 73331 34052 10333 95585
 28345 15426 22569 22795 83536   994 20897 28371]
2020-03-25 02:59:42,965 - exp_torch_topics_d128_least_confident_i2000_b20_q100_shuffled_flexbatch2 - INFO - finish step #68 for 7.24433708190918 sec
2020-03-25 02:59:42,967 - exp_torch_topics_d128_least_confident_i2000_b20_q100_shuffled_flexbatch2 - INFO - current val_accuracy: 0.4758498896247241
2020-03-25 02:59:42,967 - exp_torch_topics_d128_least_confident_i2000_b20_q100_shuffled_flexbatch2 - INFO - start step #69
2020-03-25 02:59:47,809 - exp_torch_topics_d128_least_confident_i2000_b20_q100_shuffled_flexbatch2 - INFO - query idx: [16892  6869 94970 72016  9771 79628 13744 57616  7543 57317 47511  9483
 43838 90445 44247 30423 30770 97721 91132 77910]
2020-03-25 02:59:50,222 - exp_torch_topics_d128_least_confident_i2000_b20_q100_shuffled_flexbatch2 - INFO - finish step #69 for 7.255527973175049 sec
2020-03-25 02:59:50,223 - exp_torch_topics_d128_least_confident_i2000_b20_q100_shuffled_flexbatch2 - INFO - current val_accuracy: 0.4776158940397351
2020-03-25 02:59:50,223 - exp_torch_topics_d128_least_confident_i2000_b20_q100_shuffled_flexbatch2 - INFO - start step #70
2020-03-25 02:59:55,048 - exp_torch_topics_d128_least_confident_i2000_b20_q100_shuffled_flexbatch2 - INFO - query idx: [57948 67332  2739 91367 19192  6972 76324 93190 19551 91722 16150 25310
 61169 87140 42645 82051 28180 61521 33182 70026]
2020-03-25 02:59:57,583 - exp_torch_topics_d128_least_confident_i2000_b20_q100_shuffled_flexbatch2 - INFO - finish step #70 for 7.360118865966797 sec
2020-03-25 02:59:57,583 - exp_torch_topics_d128_least_confident_i2000_b20_q100_shuffled_flexbatch2 - INFO - current val_accuracy: 0.47635025754231053
2020-03-25 02:59:57,583 - exp_torch_topics_d128_least_confident_i2000_b20_q100_shuffled_flexbatch2 - INFO - start step #71
2020-03-25 03:00:02,336 - exp_torch_topics_d128_least_confident_i2000_b20_q100_shuffled_flexbatch2 - INFO - query idx: [89662 45219 27260 42092 92265  6028 33849  6899 97184 11740 35026 15193
 46953 93821 10511 94201 29226 78755 86329 16018]
2020-03-25 03:00:04,757 - exp_torch_topics_d128_least_confident_i2000_b20_q100_shuffled_flexbatch2 - INFO - finish step #71 for 7.17367696762085 sec
2020-03-25 03:00:04,757 - exp_torch_topics_d128_least_confident_i2000_b20_q100_shuffled_flexbatch2 - INFO - current val_accuracy: 0.47649742457689476
2020-03-25 03:00:04,757 - exp_torch_topics_d128_least_confident_i2000_b20_q100_shuffled_flexbatch2 - INFO - start step #72
2020-03-25 03:00:09,604 - exp_torch_topics_d128_least_confident_i2000_b20_q100_shuffled_flexbatch2 - INFO - query idx: [ 4657 30183 75444 14737 81740  5048 67708 81415 26226 38834 35351 88040
 12035 70364 73884 80664 68314 92979 90227 40441]
2020-03-25 03:00:12,053 - exp_torch_topics_d128_least_confident_i2000_b20_q100_shuffled_flexbatch2 - INFO - finish step #72 for 7.2953808307647705 sec
2020-03-25 03:00:12,054 - exp_torch_topics_d128_least_confident_i2000_b20_q100_shuffled_flexbatch2 - INFO - current val_accuracy: 0.4782928623988227
2020-03-25 03:00:12,054 - exp_torch_topics_d128_least_confident_i2000_b20_q100_shuffled_flexbatch2 - INFO - start step #73
2020-03-25 03:00:16,853 - exp_torch_topics_d128_least_confident_i2000_b20_q100_shuffled_flexbatch2 - INFO - query idx: [69025 47410 90268 89460 22881 39232  9954 86051 89726 61807 75053 63311
 79458 83231 38894 94394  4382 86941 28846 92178]
2020-03-25 03:00:19,325 - exp_torch_topics_d128_least_confident_i2000_b20_q100_shuffled_flexbatch2 - INFO - finish step #73 for 7.270816802978516 sec
2020-03-25 03:00:19,326 - exp_torch_topics_d128_least_confident_i2000_b20_q100_shuffled_flexbatch2 - INFO - current val_accuracy: 0.47967623252391467
2020-03-25 03:00:19,326 - exp_torch_topics_d128_least_confident_i2000_b20_q100_shuffled_flexbatch2 - INFO - start step #74
2020-03-25 03:00:24,043 - exp_torch_topics_d128_least_confident_i2000_b20_q100_shuffled_flexbatch2 - INFO - query idx: [39175 71817 87162 64275 78050 60901 88292 97077 58311 38531 58924 89065
 87511 36051 43614 96087 83345  8667  2299 50066]
2020-03-25 03:00:26,570 - exp_torch_topics_d128_least_confident_i2000_b20_q100_shuffled_flexbatch2 - INFO - finish step #74 for 7.24410605430603 sec
2020-03-25 03:00:26,570 - exp_torch_topics_d128_least_confident_i2000_b20_q100_shuffled_flexbatch2 - INFO - current val_accuracy: 0.47985283296541575
2020-03-25 03:00:26,570 - exp_torch_topics_d128_least_confident_i2000_b20_q100_shuffled_flexbatch2 - INFO - start step #75
2020-03-25 03:00:31,269 - exp_torch_topics_d128_least_confident_i2000_b20_q100_shuffled_flexbatch2 - INFO - query idx: [19714 12315 17062 12272 83354 61280 41777 88064 62035  2858  7976 83320
 64479 11913  8924 97031 51148 10960 75057 19395]
2020-03-25 03:00:33,733 - exp_torch_topics_d128_least_confident_i2000_b20_q100_shuffled_flexbatch2 - INFO - finish step #75 for 7.162570953369141 sec
2020-03-25 03:00:33,733 - exp_torch_topics_d128_least_confident_i2000_b20_q100_shuffled_flexbatch2 - INFO - current val_accuracy: 0.48123620309050774
2020-03-25 03:00:33,733 - exp_torch_topics_d128_least_confident_i2000_b20_q100_shuffled_flexbatch2 - INFO - start step #76
2020-03-25 03:00:38,600 - exp_torch_topics_d128_least_confident_i2000_b20_q100_shuffled_flexbatch2 - INFO - query idx: [86714 71834 66083 60233 78460 57018 43375 31142 64680 48731 79135 57955
 80616 21273 22406 13097 34790 10197 58667 25956]
2020-03-25 03:00:41,064 - exp_torch_topics_d128_least_confident_i2000_b20_q100_shuffled_flexbatch2 - INFO - finish step #76 for 7.330502986907959 sec
2020-03-25 03:00:41,064 - exp_torch_topics_d128_least_confident_i2000_b20_q100_shuffled_flexbatch2 - INFO - current val_accuracy: 0.48176600441501105
2020-03-25 03:00:41,064 - exp_torch_topics_d128_least_confident_i2000_b20_q100_shuffled_flexbatch2 - INFO - start step #77
2020-03-25 03:00:46,854 - exp_torch_topics_d128_least_confident_i2000_b20_q100_shuffled_flexbatch2 - INFO - query idx: [70399 97728 41821 83604 27302 40767 75946 35932 14561 80882 13089 14098
 66525 65380 68095 13585 28244 59556 60470 19385]
2020-03-25 03:00:49,324 - exp_torch_topics_d128_least_confident_i2000_b20_q100_shuffled_flexbatch2 - INFO - finish step #77 for 8.259856939315796 sec
2020-03-25 03:00:49,324 - exp_torch_topics_d128_least_confident_i2000_b20_q100_shuffled_flexbatch2 - INFO - current val_accuracy: 0.482560706401766
2020-03-25 03:00:49,324 - exp_torch_topics_d128_least_confident_i2000_b20_q100_shuffled_flexbatch2 - INFO - start step #78
2020-03-25 03:00:54,130 - exp_torch_topics_d128_least_confident_i2000_b20_q100_shuffled_flexbatch2 - INFO - query idx: [56074 89698  6279 92200 83517 80293 62263  8802 12600 33265  9777 94873
 36367 82617 10387 74396 32496 35925 22820    80]
2020-03-25 03:00:56,609 - exp_torch_topics_d128_least_confident_i2000_b20_q100_shuffled_flexbatch2 - INFO - finish step #78 for 7.2849647998809814 sec
2020-03-25 03:00:56,610 - exp_torch_topics_d128_least_confident_i2000_b20_q100_shuffled_flexbatch2 - INFO - current val_accuracy: 0.4837086092715232
2020-03-25 03:00:56,610 - exp_torch_topics_d128_least_confident_i2000_b20_q100_shuffled_flexbatch2 - INFO - start step #79
2020-03-25 03:01:01,403 - exp_torch_topics_d128_least_confident_i2000_b20_q100_shuffled_flexbatch2 - INFO - query idx: [78000 19641 37726   107 57941 57376 54489 33399 44092 42332 38685 82410
 68675 85729 56338 19237 83844 15685 51602 46387]
2020-03-25 03:01:03,903 - exp_torch_topics_d128_least_confident_i2000_b20_q100_shuffled_flexbatch2 - INFO - finish step #79 for 7.293467044830322 sec
2020-03-25 03:01:03,903 - exp_torch_topics_d128_least_confident_i2000_b20_q100_shuffled_flexbatch2 - INFO - current val_accuracy: 0.4808241353936718
2020-03-25 03:01:03,904 - exp_torch_topics_d128_least_confident_i2000_b20_q100_shuffled_flexbatch2 - INFO - start step #80
2020-03-25 03:01:08,709 - exp_torch_topics_d128_least_confident_i2000_b20_q100_shuffled_flexbatch2 - INFO - query idx: [ 9367 10300 14373 46311 87710 94065 86013 20257 93754 17940  8591 81371
 75422 64284 58027 36710 67885 41428 29758 86575]
2020-03-25 03:01:11,202 - exp_torch_topics_d128_least_confident_i2000_b20_q100_shuffled_flexbatch2 - INFO - finish step #80 for 7.298094987869263 sec
2020-03-25 03:01:11,202 - exp_torch_topics_d128_least_confident_i2000_b20_q100_shuffled_flexbatch2 - INFO - current val_accuracy: 0.4792935982339956
2020-03-25 03:01:11,202 - exp_torch_topics_d128_least_confident_i2000_b20_q100_shuffled_flexbatch2 - INFO - start step #81
2020-03-25 03:01:15,998 - exp_torch_topics_d128_least_confident_i2000_b20_q100_shuffled_flexbatch2 - INFO - query idx: [80274 77644 68627 54258 51056 66705 16361 65891 85390 20245 76938 36566
 39903  8208 72253 94489 66229 91474 25437 79628]
2020-03-25 03:01:18,450 - exp_torch_topics_d128_least_confident_i2000_b20_q100_shuffled_flexbatch2 - INFO - finish step #81 for 7.248282194137573 sec
2020-03-25 03:01:18,451 - exp_torch_topics_d128_least_confident_i2000_b20_q100_shuffled_flexbatch2 - INFO - current val_accuracy: 0.48391464311994115
2020-03-25 03:01:18,451 - exp_torch_topics_d128_least_confident_i2000_b20_q100_shuffled_flexbatch2 - INFO - start step #82
2020-03-25 03:01:23,258 - exp_torch_topics_d128_least_confident_i2000_b20_q100_shuffled_flexbatch2 - INFO - query idx: [17093 11414 74734 95133 88321 41253 62661 10131 36406 51312 68785  1528
 94617 17844 92500 80197 35637 22230 97286 40546]
2020-03-25 03:01:25,725 - exp_torch_topics_d128_least_confident_i2000_b20_q100_shuffled_flexbatch2 - INFO - finish step #82 for 7.27365517616272 sec
2020-03-25 03:01:25,725 - exp_torch_topics_d128_least_confident_i2000_b20_q100_shuffled_flexbatch2 - INFO - current val_accuracy: 0.48391464311994115
2020-03-25 03:01:25,725 - exp_torch_topics_d128_least_confident_i2000_b20_q100_shuffled_flexbatch2 - INFO - start step #83
2020-03-25 03:01:30,529 - exp_torch_topics_d128_least_confident_i2000_b20_q100_shuffled_flexbatch2 - INFO - query idx: [96168 20796 69755 68462 93407 49043  9107 46835 75182 88330 33207 20827
 31706 92701 23984 76430 39481 11080 19308 68262]
2020-03-25 03:01:33,003 - exp_torch_topics_d128_least_confident_i2000_b20_q100_shuffled_flexbatch2 - INFO - finish step #83 for 7.278199195861816 sec
2020-03-25 03:01:33,003 - exp_torch_topics_d128_least_confident_i2000_b20_q100_shuffled_flexbatch2 - INFO - current val_accuracy: 0.48432671081677703
2020-03-25 03:01:33,004 - exp_torch_topics_d128_least_confident_i2000_b20_q100_shuffled_flexbatch2 - INFO - start step #84
2020-03-25 03:01:37,845 - exp_torch_topics_d128_least_confident_i2000_b20_q100_shuffled_flexbatch2 - INFO - query idx: [67991 66987 11277 49936 82343 12001  8801 46205 97792 19550 32444  6293
 67577 87656 47812 35449 29136  2732 38798 86789]
2020-03-25 03:01:40,317 - exp_torch_topics_d128_least_confident_i2000_b20_q100_shuffled_flexbatch2 - INFO - finish step #84 for 7.313586950302124 sec
2020-03-25 03:01:40,317 - exp_torch_topics_d128_least_confident_i2000_b20_q100_shuffled_flexbatch2 - INFO - current val_accuracy: 0.4821486387049301
2020-03-25 03:01:40,318 - exp_torch_topics_d128_least_confident_i2000_b20_q100_shuffled_flexbatch2 - INFO - start step #85
2020-03-25 03:01:45,116 - exp_torch_topics_d128_least_confident_i2000_b20_q100_shuffled_flexbatch2 - INFO - query idx: [96370 68589 58773 95566 98235 31000 45558 89622 86212 44424  4110 77853
 30214 73346 41400 14840 86257 51180 35291 37249]
2020-03-25 03:01:47,581 - exp_torch_topics_d128_least_confident_i2000_b20_q100_shuffled_flexbatch2 - INFO - finish step #85 for 7.263337850570679 sec
2020-03-25 03:01:47,581 - exp_torch_topics_d128_least_confident_i2000_b20_q100_shuffled_flexbatch2 - INFO - current val_accuracy: 0.4845916114790287
2020-03-25 03:01:47,581 - exp_torch_topics_d128_least_confident_i2000_b20_q100_shuffled_flexbatch2 - INFO - start step #86
2020-03-25 03:01:52,378 - exp_torch_topics_d128_least_confident_i2000_b20_q100_shuffled_flexbatch2 - INFO - query idx: [56816 91544 30066 81475 87992 46425 57205 36330 66343 61347 54863 54058
 75850 87548 19858 76461 39056 86971 69928 71621]
2020-03-25 03:01:54,853 - exp_torch_topics_d128_least_confident_i2000_b20_q100_shuffled_flexbatch2 - INFO - finish step #86 for 7.271308183670044 sec
2020-03-25 03:01:54,853 - exp_torch_topics_d128_least_confident_i2000_b20_q100_shuffled_flexbatch2 - INFO - current val_accuracy: 0.48688741721854306
2020-03-25 03:01:54,853 - exp_torch_topics_d128_least_confident_i2000_b20_q100_shuffled_flexbatch2 - INFO - start step #87
2020-03-25 03:01:59,647 - exp_torch_topics_d128_least_confident_i2000_b20_q100_shuffled_flexbatch2 - INFO - query idx: [82649 53583 64398  7114 68254 72091 94317 72300 76819 81186  7053 88742
 60626 67201 68285 27646  3981 68464 53413  3363]
2020-03-25 03:02:02,089 - exp_torch_topics_d128_least_confident_i2000_b20_q100_shuffled_flexbatch2 - INFO - finish step #87 for 7.235595941543579 sec
2020-03-25 03:02:02,089 - exp_torch_topics_d128_least_confident_i2000_b20_q100_shuffled_flexbatch2 - INFO - current val_accuracy: 0.48668138337012506
2020-03-25 03:02:02,089 - exp_torch_topics_d128_least_confident_i2000_b20_q100_shuffled_flexbatch2 - INFO - start step #88
2020-03-25 03:02:06,875 - exp_torch_topics_d128_least_confident_i2000_b20_q100_shuffled_flexbatch2 - INFO - query idx: [47416 76387 27376 39951 34541 72765 69246 94713 60141 85419 76596 76611
  8844 47985 97429 88955 76322 24482 16933 34879]
2020-03-25 03:02:09,318 - exp_torch_topics_d128_least_confident_i2000_b20_q100_shuffled_flexbatch2 - INFO - finish step #88 for 7.229295015335083 sec
2020-03-25 03:02:09,319 - exp_torch_topics_d128_least_confident_i2000_b20_q100_shuffled_flexbatch2 - INFO - current val_accuracy: 0.4871523178807947
2020-03-25 03:02:09,319 - exp_torch_topics_d128_least_confident_i2000_b20_q100_shuffled_flexbatch2 - INFO - start step #89
2020-03-25 03:02:14,100 - exp_torch_topics_d128_least_confident_i2000_b20_q100_shuffled_flexbatch2 - INFO - query idx: [ 6290 27606 81219 96750 84801 65169 15572 64923 72629 44964 41942 94337
 89851 92301 46941 68615 29500 36637  5787 45098]
2020-03-25 03:02:16,604 - exp_torch_topics_d128_least_confident_i2000_b20_q100_shuffled_flexbatch2 - INFO - finish step #89 for 7.284692049026489 sec
2020-03-25 03:02:16,604 - exp_torch_topics_d128_least_confident_i2000_b20_q100_shuffled_flexbatch2 - INFO - current val_accuracy: 0.48777041942604854
2020-03-25 03:02:16,604 - exp_torch_topics_d128_least_confident_i2000_b20_q100_shuffled_flexbatch2 - INFO - start step #90
2020-03-25 03:02:21,308 - exp_torch_topics_d128_least_confident_i2000_b20_q100_shuffled_flexbatch2 - INFO - query idx: [58905 31901 90656 82455 14085 17206  1607 39402 44054 79538 36256 46037
 60434 18982 82309 11717 33358  7399 60358 72586]
2020-03-25 03:02:23,810 - exp_torch_topics_d128_least_confident_i2000_b20_q100_shuffled_flexbatch2 - INFO - finish step #90 for 7.2060387134552 sec
2020-03-25 03:02:23,810 - exp_torch_topics_d128_least_confident_i2000_b20_q100_shuffled_flexbatch2 - INFO - current val_accuracy: 0.4856512141280353
2020-03-25 03:02:23,810 - exp_torch_topics_d128_least_confident_i2000_b20_q100_shuffled_flexbatch2 - INFO - start step #91
2020-03-25 03:02:28,585 - exp_torch_topics_d128_least_confident_i2000_b20_q100_shuffled_flexbatch2 - INFO - query idx: [86510 71827 51103   313 14281  1785 36958 36171 65749 92689 91477 43744
 13352 98072  8841 92724 64571 64344 38253  5000]
2020-03-25 03:02:31,030 - exp_torch_topics_d128_least_confident_i2000_b20_q100_shuffled_flexbatch2 - INFO - finish step #91 for 7.219104051589966 sec
2020-03-25 03:02:31,030 - exp_torch_topics_d128_least_confident_i2000_b20_q100_shuffled_flexbatch2 - INFO - current val_accuracy: 0.48362030905077263
2020-03-25 03:02:31,030 - exp_torch_topics_d128_least_confident_i2000_b20_q100_shuffled_flexbatch2 - INFO - start step #92
2020-03-25 03:02:35,806 - exp_torch_topics_d128_least_confident_i2000_b20_q100_shuffled_flexbatch2 - INFO - query idx: [23234  8645 87072 44690 53442 83959 43097 11688  3115 44313 13532 13359
 75534 92833 64842 29648 68280  3466 93804 92355]
2020-03-25 03:02:38,361 - exp_torch_topics_d128_least_confident_i2000_b20_q100_shuffled_flexbatch2 - INFO - finish step #92 for 7.33099102973938 sec
2020-03-25 03:02:38,361 - exp_torch_topics_d128_least_confident_i2000_b20_q100_shuffled_flexbatch2 - INFO - current val_accuracy: 0.4866225165562914
2020-03-25 03:02:38,361 - exp_torch_topics_d128_least_confident_i2000_b20_q100_shuffled_flexbatch2 - INFO - start step #93
2020-03-25 03:02:43,102 - exp_torch_topics_d128_least_confident_i2000_b20_q100_shuffled_flexbatch2 - INFO - query idx: [64238 73211  9796 70948 47289 72331 61176 63899 74532 75628 26378 41459
 83812 27908 30016 76770 17033 58165 52840  1522]
2020-03-25 03:02:45,657 - exp_torch_topics_d128_least_confident_i2000_b20_q100_shuffled_flexbatch2 - INFO - finish step #93 for 7.2953760623931885 sec
2020-03-25 03:02:45,657 - exp_torch_topics_d128_least_confident_i2000_b20_q100_shuffled_flexbatch2 - INFO - current val_accuracy: 0.48880058866813836
2020-03-25 03:02:45,657 - exp_torch_topics_d128_least_confident_i2000_b20_q100_shuffled_flexbatch2 - INFO - start step #94
2020-03-25 03:02:50,333 - exp_torch_topics_d128_least_confident_i2000_b20_q100_shuffled_flexbatch2 - INFO - query idx: [31606 22294 20706 17967 35229 68896 82984 38527 87228 39651 33911 57906
 52412  1581 25340 87804 89809 39166 43173 65639]
2020-03-25 03:02:52,856 - exp_torch_topics_d128_least_confident_i2000_b20_q100_shuffled_flexbatch2 - INFO - finish step #94 for 7.198747873306274 sec
2020-03-25 03:02:52,856 - exp_torch_topics_d128_least_confident_i2000_b20_q100_shuffled_flexbatch2 - INFO - current val_accuracy: 0.4862398822663723
2020-03-25 03:02:52,856 - exp_torch_topics_d128_least_confident_i2000_b20_q100_shuffled_flexbatch2 - INFO - start step #95
2020-03-25 03:02:57,600 - exp_torch_topics_d128_least_confident_i2000_b20_q100_shuffled_flexbatch2 - INFO - query idx: [26056 61592 68755  3051 48433 83651 29759 18847 54241 24967 42145 49332
 44381 12541 52733 23424  2231 53310 47619 94318]
2020-03-25 03:03:00,176 - exp_torch_topics_d128_least_confident_i2000_b20_q100_shuffled_flexbatch2 - INFO - finish step #95 for 7.319424867630005 sec
2020-03-25 03:03:00,176 - exp_torch_topics_d128_least_confident_i2000_b20_q100_shuffled_flexbatch2 - INFO - current val_accuracy: 0.4868579838116262
2020-03-25 03:03:00,176 - exp_torch_topics_d128_least_confident_i2000_b20_q100_shuffled_flexbatch2 - INFO - start step #96
2020-03-25 03:03:04,888 - exp_torch_topics_d128_least_confident_i2000_b20_q100_shuffled_flexbatch2 - INFO - query idx: [14009 20450 60734 18207  4261 84218 55640 79937 71707  2729 65022 27349
  4575 19237 54908 60476 33712  3640 39462 69109]
2020-03-25 03:03:07,446 - exp_torch_topics_d128_least_confident_i2000_b20_q100_shuffled_flexbatch2 - INFO - finish step #96 for 7.269915819168091 sec
2020-03-25 03:03:07,446 - exp_torch_topics_d128_least_confident_i2000_b20_q100_shuffled_flexbatch2 - INFO - current val_accuracy: 0.4864164827078734
2020-03-25 03:03:07,446 - exp_torch_topics_d128_least_confident_i2000_b20_q100_shuffled_flexbatch2 - INFO - start step #97
2020-03-25 03:03:12,183 - exp_torch_topics_d128_least_confident_i2000_b20_q100_shuffled_flexbatch2 - INFO - query idx: [70991 27331 76468 68499 66540  9667 43671 19228 78147 70496 70697 88544
 37093 59423 41876 15458 15645 55750 58498 67115]
2020-03-25 03:03:14,752 - exp_torch_topics_d128_least_confident_i2000_b20_q100_shuffled_flexbatch2 - INFO - finish step #97 for 7.305934906005859 sec
2020-03-25 03:03:14,753 - exp_torch_topics_d128_least_confident_i2000_b20_q100_shuffled_flexbatch2 - INFO - current val_accuracy: 0.48562178072111845
2020-03-25 03:03:14,753 - exp_torch_topics_d128_least_confident_i2000_b20_q100_shuffled_flexbatch2 - INFO - start step #98
2020-03-25 03:03:19,473 - exp_torch_topics_d128_least_confident_i2000_b20_q100_shuffled_flexbatch2 - INFO - query idx: [95834  9386 49982 23739 27618 21419 71955 25756 97817 22522 67040 30510
  4006 50696 65999 49365 36477 11951 58362 94782]
2020-03-25 03:03:21,984 - exp_torch_topics_d128_least_confident_i2000_b20_q100_shuffled_flexbatch2 - INFO - finish step #98 for 7.2312986850738525 sec
2020-03-25 03:03:21,984 - exp_torch_topics_d128_least_confident_i2000_b20_q100_shuffled_flexbatch2 - INFO - current val_accuracy: 0.4866225165562914
2020-03-25 03:03:21,985 - exp_torch_topics_d128_least_confident_i2000_b20_q100_shuffled_flexbatch2 - INFO - start step #99
2020-03-25 03:03:26,694 - exp_torch_topics_d128_least_confident_i2000_b20_q100_shuffled_flexbatch2 - INFO - query idx: [49103 34824  4327 58435 36758 36735 21173 13108 67139 54602 87697 91737
 78218 73644 75829  8316 82545 67444 63242 67471]
2020-03-25 03:03:29,209 - exp_torch_topics_d128_least_confident_i2000_b20_q100_shuffled_flexbatch2 - INFO - finish step #99 for 7.223970890045166 sec
2020-03-25 03:03:29,209 - exp_torch_topics_d128_least_confident_i2000_b20_q100_shuffled_flexbatch2 - INFO - current val_accuracy: 0.4860044150110375
2020-03-25 03:03:29,209 - exp_torch_topics_d128_least_confident_i2000_b20_q100_shuffled_flexbatch2 - INFO - finish experiment process for 730.7191548347473 sec
