2020-03-30 12:51:31,241 - exp_torch_topics_d128_passive_i2000_b20_q100_sf512_e5_5 - INFO - start experiment process
2020-03-30 12:51:39,088 - exp_torch_topics_d128_passive_i2000_b20_q100_sf512_e5_5 - INFO - initial val_accuracy: 0.4581604120676968
2020-03-30 12:51:39,089 - exp_torch_topics_d128_passive_i2000_b20_q100_sf512_e5_5 - INFO - start step #0
2020-03-30 12:51:39,090 - exp_torch_topics_d128_passive_i2000_b20_q100_sf512_e5_5 - INFO - query idx: [44473 97723 39068 24922  4381 42936 70763 62333 31206 41433 49103  1530
 62247  6022 40625 73172 74746 51452 33117 60361]
2020-03-30 12:51:57,635 - exp_torch_topics_d128_passive_i2000_b20_q100_sf512_e5_5 - INFO - finish step #0 for 18.53173017501831 sec
2020-03-30 12:51:57,639 - exp_torch_topics_d128_passive_i2000_b20_q100_sf512_e5_5 - INFO - current val_accuracy: 0.45695364238410596
2020-03-30 12:51:57,639 - exp_torch_topics_d128_passive_i2000_b20_q100_sf512_e5_5 - INFO - start step #1
2020-03-30 12:51:57,642 - exp_torch_topics_d128_passive_i2000_b20_q100_sf512_e5_5 - INFO - query idx: [85609 91504 55900 91568 86738  9997 95900 47339  2545 93604 32063 17472
 42411 40071 34220 87224 97369 75039 72714  5239]
2020-03-30 12:52:07,099 - exp_torch_topics_d128_passive_i2000_b20_q100_sf512_e5_5 - INFO - finish step #1 for 9.459627628326416 sec
2020-03-30 12:52:07,099 - exp_torch_topics_d128_passive_i2000_b20_q100_sf512_e5_5 - INFO - current val_accuracy: 0.4563355408388521
2020-03-30 12:52:07,099 - exp_torch_topics_d128_passive_i2000_b20_q100_sf512_e5_5 - INFO - start step #2
2020-03-30 12:52:07,100 - exp_torch_topics_d128_passive_i2000_b20_q100_sf512_e5_5 - INFO - query idx: [  140 39610 32556 97648 51161 83188  7339 84356 13112 72084 25563 24993
 14337  6039 15244 70180 82012 10590 75779 27802]
2020-03-30 12:52:12,255 - exp_torch_topics_d128_passive_i2000_b20_q100_sf512_e5_5 - INFO - finish step #2 for 5.155574083328247 sec
2020-03-30 12:52:12,255 - exp_torch_topics_d128_passive_i2000_b20_q100_sf512_e5_5 - INFO - current val_accuracy: 0.4592200147167035
2020-03-30 12:52:12,255 - exp_torch_topics_d128_passive_i2000_b20_q100_sf512_e5_5 - INFO - start step #3
2020-03-30 12:52:12,256 - exp_torch_topics_d128_passive_i2000_b20_q100_sf512_e5_5 - INFO - query idx: [43048 75365  1895 33539 94127 20367 73246 50797  6429 33529 54464 69143
 10236  5564 65275 14075 25360 37967 59322 47860]
2020-03-30 12:52:16,754 - exp_torch_topics_d128_passive_i2000_b20_q100_sf512_e5_5 - INFO - finish step #3 for 4.498907804489136 sec
2020-03-30 12:52:16,754 - exp_torch_topics_d128_passive_i2000_b20_q100_sf512_e5_5 - INFO - current val_accuracy: 0.4546578366445916
2020-03-30 12:52:16,754 - exp_torch_topics_d128_passive_i2000_b20_q100_sf512_e5_5 - INFO - start step #4
2020-03-30 12:52:16,755 - exp_torch_topics_d128_passive_i2000_b20_q100_sf512_e5_5 - INFO - query idx: [72794 56878 71471   688 26854 57352 24795  9857 63145  4884  7234 13500
 25954 54191 37445 45760 22433 59152 36907 37731]
2020-03-30 12:52:21,370 - exp_torch_topics_d128_passive_i2000_b20_q100_sf512_e5_5 - INFO - finish step #4 for 4.615277051925659 sec
2020-03-30 12:52:21,370 - exp_torch_topics_d128_passive_i2000_b20_q100_sf512_e5_5 - INFO - current val_accuracy: 0.459896983075791
2020-03-30 12:52:21,370 - exp_torch_topics_d128_passive_i2000_b20_q100_sf512_e5_5 - INFO - start step #5
2020-03-30 12:52:21,371 - exp_torch_topics_d128_passive_i2000_b20_q100_sf512_e5_5 - INFO - query idx: [ 4908 83543 43437 65666 67825 34730 25138 10243 37206 43208 53130 24547
 19625 96932 35772 29800 88579 76206 98953 17856]
2020-03-30 12:52:26,068 - exp_torch_topics_d128_passive_i2000_b20_q100_sf512_e5_5 - INFO - finish step #5 for 4.697731018066406 sec
2020-03-30 12:52:26,068 - exp_torch_topics_d128_passive_i2000_b20_q100_sf512_e5_5 - INFO - current val_accuracy: 0.4614569536423841
2020-03-30 12:52:26,069 - exp_torch_topics_d128_passive_i2000_b20_q100_sf512_e5_5 - INFO - start step #6
2020-03-30 12:52:26,070 - exp_torch_topics_d128_passive_i2000_b20_q100_sf512_e5_5 - INFO - query idx: [24819 25935 33643 50485 64273 54432 42872 74087 94252  8056  5063 51173
 46925 50735 96126  4396 66807 11073 70268 35745]
2020-03-30 12:52:31,286 - exp_torch_topics_d128_passive_i2000_b20_q100_sf512_e5_5 - INFO - finish step #6 for 5.217124938964844 sec
2020-03-30 12:52:31,286 - exp_torch_topics_d128_passive_i2000_b20_q100_sf512_e5_5 - INFO - current val_accuracy: 0.45842531272994846
2020-03-30 12:52:31,286 - exp_torch_topics_d128_passive_i2000_b20_q100_sf512_e5_5 - INFO - start step #7
2020-03-30 12:52:31,287 - exp_torch_topics_d128_passive_i2000_b20_q100_sf512_e5_5 - INFO - query idx: [22253 99197 93360 63458 34941 96660 26303 29770 96621 94400 83686 22992
 17183 52507 62434 97584 52989   509 66426 53591]
2020-03-30 12:52:35,910 - exp_torch_topics_d128_passive_i2000_b20_q100_sf512_e5_5 - INFO - finish step #7 for 4.624017000198364 sec
2020-03-30 12:52:35,911 - exp_torch_topics_d128_passive_i2000_b20_q100_sf512_e5_5 - INFO - current val_accuracy: 0.4633112582781457
2020-03-30 12:52:35,911 - exp_torch_topics_d128_passive_i2000_b20_q100_sf512_e5_5 - INFO - start step #8
2020-03-30 12:52:35,911 - exp_torch_topics_d128_passive_i2000_b20_q100_sf512_e5_5 - INFO - query idx: [14238 82329 66426 88716 65695 79491 98468 81026 72049 34504 24105 98794
  1556  9823 49686 43935 12104 55005 66076 75040]
2020-03-30 12:52:40,133 - exp_torch_topics_d128_passive_i2000_b20_q100_sf512_e5_5 - INFO - finish step #8 for 4.2218592166900635 sec
2020-03-30 12:52:40,133 - exp_torch_topics_d128_passive_i2000_b20_q100_sf512_e5_5 - INFO - current val_accuracy: 0.4628991905813098
2020-03-30 12:52:40,133 - exp_torch_topics_d128_passive_i2000_b20_q100_sf512_e5_5 - INFO - start step #9
2020-03-30 12:52:40,134 - exp_torch_topics_d128_passive_i2000_b20_q100_sf512_e5_5 - INFO - query idx: [98924 32206 99331 90380 97133 64358 70617 87015 38937  7988  8442 40858
 21844 71679 88966 57749 63563 98264 14900 87169]
2020-03-30 12:52:44,260 - exp_torch_topics_d128_passive_i2000_b20_q100_sf512_e5_5 - INFO - finish step #9 for 4.126878976821899 sec
2020-03-30 12:52:44,260 - exp_torch_topics_d128_passive_i2000_b20_q100_sf512_e5_5 - INFO - current val_accuracy: 0.4637233259749816
2020-03-30 12:52:44,261 - exp_torch_topics_d128_passive_i2000_b20_q100_sf512_e5_5 - INFO - start step #10
2020-03-30 12:52:44,261 - exp_torch_topics_d128_passive_i2000_b20_q100_sf512_e5_5 - INFO - query idx: [10199 77890  1998  9264 20654 41264 47827 84091 41844 13293 95379 89014
 31692 38299 52625 57555 10209 36510 61597 86353]
2020-03-30 12:52:48,818 - exp_torch_topics_d128_passive_i2000_b20_q100_sf512_e5_5 - INFO - finish step #10 for 4.557003021240234 sec
2020-03-30 12:52:48,818 - exp_torch_topics_d128_passive_i2000_b20_q100_sf512_e5_5 - INFO - current val_accuracy: 0.4605150846210449
2020-03-30 12:52:48,818 - exp_torch_topics_d128_passive_i2000_b20_q100_sf512_e5_5 - INFO - start step #11
2020-03-30 12:52:48,819 - exp_torch_topics_d128_passive_i2000_b20_q100_sf512_e5_5 - INFO - query idx: [43431 98309 79576 44755 70282 74371 30003 25747 92280 86164 69621 98274
  1459 13751 99631 15299 56654 62815 74535 40673]
2020-03-30 12:52:53,422 - exp_torch_topics_d128_passive_i2000_b20_q100_sf512_e5_5 - INFO - finish step #11 for 4.603983163833618 sec
2020-03-30 12:52:53,422 - exp_torch_topics_d128_passive_i2000_b20_q100_sf512_e5_5 - INFO - current val_accuracy: 0.4621339220014717
2020-03-30 12:52:53,423 - exp_torch_topics_d128_passive_i2000_b20_q100_sf512_e5_5 - INFO - start step #12
2020-03-30 12:52:53,423 - exp_torch_topics_d128_passive_i2000_b20_q100_sf512_e5_5 - INFO - query idx: [ 6541  8256 65958 78493    26 27265 26751 27822  6232 62485 97037   625
 63346 18901 41597 20164 24968 76094 18264 71078]
2020-03-30 12:52:58,098 - exp_torch_topics_d128_passive_i2000_b20_q100_sf512_e5_5 - INFO - finish step #12 for 4.6750969886779785 sec
2020-03-30 12:52:58,099 - exp_torch_topics_d128_passive_i2000_b20_q100_sf512_e5_5 - INFO - current val_accuracy: 0.46178072111846946
2020-03-30 12:52:58,099 - exp_torch_topics_d128_passive_i2000_b20_q100_sf512_e5_5 - INFO - start step #13
2020-03-30 12:52:58,100 - exp_torch_topics_d128_passive_i2000_b20_q100_sf512_e5_5 - INFO - query idx: [42688 47599 23933 22904 47483 54730 22617 18104 49901 95270 21509 20957
 44040 32885 44654 81144 46732 33378 28077 29469]
2020-03-30 12:53:02,614 - exp_torch_topics_d128_passive_i2000_b20_q100_sf512_e5_5 - INFO - finish step #13 for 4.514715909957886 sec
2020-03-30 12:53:02,614 - exp_torch_topics_d128_passive_i2000_b20_q100_sf512_e5_5 - INFO - current val_accuracy: 0.46048565121412804
2020-03-30 12:53:02,615 - exp_torch_topics_d128_passive_i2000_b20_q100_sf512_e5_5 - INFO - start step #14
2020-03-30 12:53:02,615 - exp_torch_topics_d128_passive_i2000_b20_q100_sf512_e5_5 - INFO - query idx: [49582 51603 11192 43846 35251  4258 16989  9104 98996 92788 64534 83019
 80675 39660 92456 85407 47155 63423 48887 11933]
2020-03-30 12:53:07,493 - exp_torch_topics_d128_passive_i2000_b20_q100_sf512_e5_5 - INFO - finish step #14 for 4.878627061843872 sec
2020-03-30 12:53:07,493 - exp_torch_topics_d128_passive_i2000_b20_q100_sf512_e5_5 - INFO - current val_accuracy: 0.4621339220014717
2020-03-30 12:53:07,494 - exp_torch_topics_d128_passive_i2000_b20_q100_sf512_e5_5 - INFO - start step #15
2020-03-30 12:53:07,494 - exp_torch_topics_d128_passive_i2000_b20_q100_sf512_e5_5 - INFO - query idx: [21858 69729 84356 44722 86016 82873 30593 17741 23030 52249 86068 87936
 56465 21882 44969 60554 90292 25367 95675 74826]
2020-03-30 12:53:11,899 - exp_torch_topics_d128_passive_i2000_b20_q100_sf512_e5_5 - INFO - finish step #15 for 4.404653787612915 sec
2020-03-30 12:53:11,899 - exp_torch_topics_d128_passive_i2000_b20_q100_sf512_e5_5 - INFO - current val_accuracy: 0.4608094186902134
2020-03-30 12:53:11,899 - exp_torch_topics_d128_passive_i2000_b20_q100_sf512_e5_5 - INFO - start step #16
2020-03-30 12:53:11,899 - exp_torch_topics_d128_passive_i2000_b20_q100_sf512_e5_5 - INFO - query idx: [37396  2823 83339 68358 93786 71717 82769 92679 61524 94123 58253 58199
 37264 42872 96676 14396 85385 66706 85954 38448]
2020-03-30 12:53:16,509 - exp_torch_topics_d128_passive_i2000_b20_q100_sf512_e5_5 - INFO - finish step #16 for 4.6097331047058105 sec
2020-03-30 12:53:16,509 - exp_torch_topics_d128_passive_i2000_b20_q100_sf512_e5_5 - INFO - current val_accuracy: 0.4654304635761589
2020-03-30 12:53:16,509 - exp_torch_topics_d128_passive_i2000_b20_q100_sf512_e5_5 - INFO - start step #17
2020-03-30 12:53:16,510 - exp_torch_topics_d128_passive_i2000_b20_q100_sf512_e5_5 - INFO - query idx: [65103 75297 25036 30626 41345 67185 79874 99566  8816 88003 59893 44323
 35289 15451 77240 79909  3546 28708 84757 17805]
2020-03-30 12:53:21,031 - exp_torch_topics_d128_passive_i2000_b20_q100_sf512_e5_5 - INFO - finish step #17 for 4.521734714508057 sec
2020-03-30 12:53:21,031 - exp_torch_topics_d128_passive_i2000_b20_q100_sf512_e5_5 - INFO - current val_accuracy: 0.4662840323767476
2020-03-30 12:53:21,032 - exp_torch_topics_d128_passive_i2000_b20_q100_sf512_e5_5 - INFO - start step #18
2020-03-30 12:53:21,032 - exp_torch_topics_d128_passive_i2000_b20_q100_sf512_e5_5 - INFO - query idx: [13225 50109 61958 55984 56378 95990 82621 87687 45945 74377 20666 82874
 63112 70352 11776 19519 61017 49811 43396 26217]
2020-03-30 12:53:25,207 - exp_torch_topics_d128_passive_i2000_b20_q100_sf512_e5_5 - INFO - finish step #18 for 4.175250291824341 sec
2020-03-30 12:53:25,207 - exp_torch_topics_d128_passive_i2000_b20_q100_sf512_e5_5 - INFO - current val_accuracy: 0.47090507726269315
2020-03-30 12:53:25,207 - exp_torch_topics_d128_passive_i2000_b20_q100_sf512_e5_5 - INFO - start step #19
2020-03-30 12:53:25,208 - exp_torch_topics_d128_passive_i2000_b20_q100_sf512_e5_5 - INFO - query idx: [33927 99493 67763 40682 43274 59695 84996 21792 97021 82085 11855 61930
 93732 32076 33144 29142 70089 29749 16020 95564]
2020-03-30 12:53:29,621 - exp_torch_topics_d128_passive_i2000_b20_q100_sf512_e5_5 - INFO - finish step #19 for 4.414151191711426 sec
2020-03-30 12:53:29,622 - exp_torch_topics_d128_passive_i2000_b20_q100_sf512_e5_5 - INFO - current val_accuracy: 0.4699926416482708
2020-03-30 12:53:29,622 - exp_torch_topics_d128_passive_i2000_b20_q100_sf512_e5_5 - INFO - start step #20
2020-03-30 12:53:29,622 - exp_torch_topics_d128_passive_i2000_b20_q100_sf512_e5_5 - INFO - query idx: [ 3338 26911 10124 99250   632 10587 41488 50414 95038 53049 12266 11912
 55588 45651 93745 57990 77602 47183 90051 61134]
2020-03-30 12:53:34,020 - exp_torch_topics_d128_passive_i2000_b20_q100_sf512_e5_5 - INFO - finish step #20 for 4.398443937301636 sec
2020-03-30 12:53:34,021 - exp_torch_topics_d128_passive_i2000_b20_q100_sf512_e5_5 - INFO - current val_accuracy: 0.46713760117733627
2020-03-30 12:53:34,021 - exp_torch_topics_d128_passive_i2000_b20_q100_sf512_e5_5 - INFO - start step #21
2020-03-30 12:53:34,021 - exp_torch_topics_d128_passive_i2000_b20_q100_sf512_e5_5 - INFO - query idx: [68952  6219 84216 76564 53011 78929 93388 94771 80675 98554 16748 53581
  3806  7908 52951 91840 91401 48529 96552 83685]
2020-03-30 12:53:38,237 - exp_torch_topics_d128_passive_i2000_b20_q100_sf512_e5_5 - INFO - finish step #21 for 4.216472864151001 sec
2020-03-30 12:53:38,237 - exp_torch_topics_d128_passive_i2000_b20_q100_sf512_e5_5 - INFO - current val_accuracy: 0.46893303899926414
2020-03-30 12:53:38,238 - exp_torch_topics_d128_passive_i2000_b20_q100_sf512_e5_5 - INFO - start step #22
2020-03-30 12:53:38,238 - exp_torch_topics_d128_passive_i2000_b20_q100_sf512_e5_5 - INFO - query idx: [25266  3004 94671 27973 33259 53077 33739 13753 54410 11793 52656 41588
 42560 95661 92689 69257 19936 32667 35025 86180]
2020-03-30 12:53:42,438 - exp_torch_topics_d128_passive_i2000_b20_q100_sf512_e5_5 - INFO - finish step #22 for 4.200127840042114 sec
2020-03-30 12:53:42,438 - exp_torch_topics_d128_passive_i2000_b20_q100_sf512_e5_5 - INFO - current val_accuracy: 0.4672553348050037
2020-03-30 12:53:42,438 - exp_torch_topics_d128_passive_i2000_b20_q100_sf512_e5_5 - INFO - start step #23
2020-03-30 12:53:42,439 - exp_torch_topics_d128_passive_i2000_b20_q100_sf512_e5_5 - INFO - query idx: [89237 93723 42550 16332 67571 25546 65973 70563 64711  7503 46052 34411
 17630  3260 17137 30814 20403 35905 50910 40829]
2020-03-30 12:53:46,764 - exp_torch_topics_d128_passive_i2000_b20_q100_sf512_e5_5 - INFO - finish step #23 for 4.325354099273682 sec
2020-03-30 12:53:46,764 - exp_torch_topics_d128_passive_i2000_b20_q100_sf512_e5_5 - INFO - current val_accuracy: 0.4721707137601177
2020-03-30 12:53:46,764 - exp_torch_topics_d128_passive_i2000_b20_q100_sf512_e5_5 - INFO - start step #24
2020-03-30 12:53:46,765 - exp_torch_topics_d128_passive_i2000_b20_q100_sf512_e5_5 - INFO - query idx: [53899 57794 82072 22419 75027 78512 85002 27454 37465 62682 67236 20053
 57243 40409 20060 58652 85412 72671 96606 85724]
2020-03-30 12:53:50,752 - exp_torch_topics_d128_passive_i2000_b20_q100_sf512_e5_5 - INFO - finish step #24 for 3.987626075744629 sec
2020-03-30 12:53:50,752 - exp_torch_topics_d128_passive_i2000_b20_q100_sf512_e5_5 - INFO - current val_accuracy: 0.4746136865342163
2020-03-30 12:53:50,753 - exp_torch_topics_d128_passive_i2000_b20_q100_sf512_e5_5 - INFO - start step #25
2020-03-30 12:53:50,753 - exp_torch_topics_d128_passive_i2000_b20_q100_sf512_e5_5 - INFO - query idx: [14481 62106 19440 54290 57763 20833 13541 46448 72437  7169 87000  5221
 39595 52143  8164 29231 60419 38421 22417 23509]
2020-03-30 12:53:55,111 - exp_torch_topics_d128_passive_i2000_b20_q100_sf512_e5_5 - INFO - finish step #25 for 4.358541011810303 sec
2020-03-30 12:53:55,111 - exp_torch_topics_d128_passive_i2000_b20_q100_sf512_e5_5 - INFO - current val_accuracy: 0.4714643119941133
2020-03-30 12:53:55,112 - exp_torch_topics_d128_passive_i2000_b20_q100_sf512_e5_5 - INFO - start step #26
2020-03-30 12:53:55,112 - exp_torch_topics_d128_passive_i2000_b20_q100_sf512_e5_5 - INFO - query idx: [79843 25459 15750 66078 76610 87248 21949 34811 44040 77562 75957 64737
 32266 68475 93601 18240 53656 40027 96008 29005]
2020-03-30 12:53:59,087 - exp_torch_topics_d128_passive_i2000_b20_q100_sf512_e5_5 - INFO - finish step #26 for 3.974815845489502 sec
2020-03-30 12:53:59,087 - exp_torch_topics_d128_passive_i2000_b20_q100_sf512_e5_5 - INFO - current val_accuracy: 0.47158204562178074
2020-03-30 12:53:59,087 - exp_torch_topics_d128_passive_i2000_b20_q100_sf512_e5_5 - INFO - start step #27
2020-03-30 12:53:59,087 - exp_torch_topics_d128_passive_i2000_b20_q100_sf512_e5_5 - INFO - query idx: [69798 72497 41805 98020 66395 88975 60245 17410 91876 76292 10447 66196
 22926 48690 80085 22654 98461 52722 18385 48814]
2020-03-30 12:54:03,933 - exp_torch_topics_d128_passive_i2000_b20_q100_sf512_e5_5 - INFO - finish step #27 for 4.8461058139801025 sec
2020-03-30 12:54:03,933 - exp_torch_topics_d128_passive_i2000_b20_q100_sf512_e5_5 - INFO - current val_accuracy: 0.4705518763796909
2020-03-30 12:54:03,934 - exp_torch_topics_d128_passive_i2000_b20_q100_sf512_e5_5 - INFO - start step #28
2020-03-30 12:54:03,934 - exp_torch_topics_d128_passive_i2000_b20_q100_sf512_e5_5 - INFO - query idx: [19935 32524 15288 14493 39760 90824 77992 81766 53647 87849  4769 30797
  3062 80580 89070 32592 24016 66328 64739  1674]
2020-03-30 12:54:08,320 - exp_torch_topics_d128_passive_i2000_b20_q100_sf512_e5_5 - INFO - finish step #28 for 4.386119842529297 sec
2020-03-30 12:54:08,320 - exp_torch_topics_d128_passive_i2000_b20_q100_sf512_e5_5 - INFO - current val_accuracy: 0.47143487858719646
2020-03-30 12:54:08,320 - exp_torch_topics_d128_passive_i2000_b20_q100_sf512_e5_5 - INFO - start step #29
2020-03-30 12:54:08,321 - exp_torch_topics_d128_passive_i2000_b20_q100_sf512_e5_5 - INFO - query idx: [52346 78839 41852 58935 72589 31144 70895 90705 94832 18501 51160  3921
 78485 72656 39136 69097 28441 74030 60506 31220]
2020-03-30 12:54:12,496 - exp_torch_topics_d128_passive_i2000_b20_q100_sf512_e5_5 - INFO - finish step #29 for 4.17582631111145 sec
2020-03-30 12:54:12,496 - exp_torch_topics_d128_passive_i2000_b20_q100_sf512_e5_5 - INFO - current val_accuracy: 0.47396615158204564
2020-03-30 12:54:12,497 - exp_torch_topics_d128_passive_i2000_b20_q100_sf512_e5_5 - INFO - start step #30
2020-03-30 12:54:12,498 - exp_torch_topics_d128_passive_i2000_b20_q100_sf512_e5_5 - INFO - query idx: [16271  9880 46617 90475 51344 76271 81894 29782 55959 73976  2856 41239
 59969 95006 65936 41660 97087  2344 72522 67428]
2020-03-30 12:54:17,023 - exp_torch_topics_d128_passive_i2000_b20_q100_sf512_e5_5 - INFO - finish step #30 for 4.525360107421875 sec
2020-03-30 12:54:17,024 - exp_torch_topics_d128_passive_i2000_b20_q100_sf512_e5_5 - INFO - current val_accuracy: 0.4711699779249448
2020-03-30 12:54:17,025 - exp_torch_topics_d128_passive_i2000_b20_q100_sf512_e5_5 - INFO - start step #31
2020-03-30 12:54:17,025 - exp_torch_topics_d128_passive_i2000_b20_q100_sf512_e5_5 - INFO - query idx: [ 7317 66699 53984 95266 94791 17482 14316 35797 87378 90026 94011 69015
 37104 29033 11517 86390 65035 12816 78608 67766]
2020-03-30 12:54:21,706 - exp_torch_topics_d128_passive_i2000_b20_q100_sf512_e5_5 - INFO - finish step #31 for 4.681521892547607 sec
2020-03-30 12:54:21,706 - exp_torch_topics_d128_passive_i2000_b20_q100_sf512_e5_5 - INFO - current val_accuracy: 0.47299484915378953
2020-03-30 12:54:21,707 - exp_torch_topics_d128_passive_i2000_b20_q100_sf512_e5_5 - INFO - start step #32
2020-03-30 12:54:21,707 - exp_torch_topics_d128_passive_i2000_b20_q100_sf512_e5_5 - INFO - query idx: [91845 76302 53986 58257  4400 21782  5739 35365 69420 27048 30647 25498
 13076 12750 21062 52020 45795 38304 58808 48081]
2020-03-30 12:54:26,239 - exp_torch_topics_d128_passive_i2000_b20_q100_sf512_e5_5 - INFO - finish step #32 for 4.531911849975586 sec
2020-03-30 12:54:26,239 - exp_torch_topics_d128_passive_i2000_b20_q100_sf512_e5_5 - INFO - current val_accuracy: 0.47455481972038266
2020-03-30 12:54:26,239 - exp_torch_topics_d128_passive_i2000_b20_q100_sf512_e5_5 - INFO - start step #33
2020-03-30 12:54:26,239 - exp_torch_topics_d128_passive_i2000_b20_q100_sf512_e5_5 - INFO - query idx: [16657 85559 20585 21342 69424 46449  8637 82307 84467 87894  7548 85480
 57956 45060 17189  2897 21573 28031 94610 12418]
2020-03-30 12:54:30,544 - exp_torch_topics_d128_passive_i2000_b20_q100_sf512_e5_5 - INFO - finish step #33 for 4.304593801498413 sec
2020-03-30 12:54:30,544 - exp_torch_topics_d128_passive_i2000_b20_q100_sf512_e5_5 - INFO - current val_accuracy: 0.47234731420161885
2020-03-30 12:54:30,544 - exp_torch_topics_d128_passive_i2000_b20_q100_sf512_e5_5 - INFO - start step #34
2020-03-30 12:54:30,544 - exp_torch_topics_d128_passive_i2000_b20_q100_sf512_e5_5 - INFO - query idx: [10473 44175 26755 85449 62315 86586 95445 89827 38568  6723 38359 19417
 79835 32288 87992 93750  5852 94278 24564 10355]
2020-03-30 12:54:34,786 - exp_torch_topics_d128_passive_i2000_b20_q100_sf512_e5_5 - INFO - finish step #34 for 4.242174863815308 sec
2020-03-30 12:54:34,786 - exp_torch_topics_d128_passive_i2000_b20_q100_sf512_e5_5 - INFO - current val_accuracy: 0.47405445180279615
2020-03-30 12:54:34,786 - exp_torch_topics_d128_passive_i2000_b20_q100_sf512_e5_5 - INFO - start step #35
2020-03-30 12:54:34,787 - exp_torch_topics_d128_passive_i2000_b20_q100_sf512_e5_5 - INFO - query idx: [69280 13971  5400 48123 39110 78266 40054 35908 80858 82882 81849 86178
 42076 87392 79641 76631 27689 98134  6038 97699]
2020-03-30 12:54:39,376 - exp_torch_topics_d128_passive_i2000_b20_q100_sf512_e5_5 - INFO - finish step #35 for 4.589754819869995 sec
2020-03-30 12:54:39,376 - exp_torch_topics_d128_passive_i2000_b20_q100_sf512_e5_5 - INFO - current val_accuracy: 0.47090507726269315
2020-03-30 12:54:39,377 - exp_torch_topics_d128_passive_i2000_b20_q100_sf512_e5_5 - INFO - start step #36
2020-03-30 12:54:39,377 - exp_torch_topics_d128_passive_i2000_b20_q100_sf512_e5_5 - INFO - query idx: [46164 10213 47289 62723 83980  6723 36430 75222 15194 80387 38001 78237
 84260 70883 59256 41417 23726 20409 26704 97247]
2020-03-30 12:54:43,990 - exp_torch_topics_d128_passive_i2000_b20_q100_sf512_e5_5 - INFO - finish step #36 for 4.613753080368042 sec
2020-03-30 12:54:43,991 - exp_torch_topics_d128_passive_i2000_b20_q100_sf512_e5_5 - INFO - current val_accuracy: 0.47532008830022077
2020-03-30 12:54:43,991 - exp_torch_topics_d128_passive_i2000_b20_q100_sf512_e5_5 - INFO - start step #37
2020-03-30 12:54:43,991 - exp_torch_topics_d128_passive_i2000_b20_q100_sf512_e5_5 - INFO - query idx: [62021  9329 14854 14549 24404 88100 57205  2964 41436 22675 97179 82307
 74362 85115 40118  6802  3831 22788 96501  1560]
2020-03-30 12:54:48,513 - exp_torch_topics_d128_passive_i2000_b20_q100_sf512_e5_5 - INFO - finish step #37 for 4.522251129150391 sec
2020-03-30 12:54:48,513 - exp_torch_topics_d128_passive_i2000_b20_q100_sf512_e5_5 - INFO - current val_accuracy: 0.4770860927152318
2020-03-30 12:54:48,513 - exp_torch_topics_d128_passive_i2000_b20_q100_sf512_e5_5 - INFO - start step #38
2020-03-30 12:54:48,516 - exp_torch_topics_d128_passive_i2000_b20_q100_sf512_e5_5 - INFO - query idx: [82961 59123 87292  7482 27657 72873 97243 18198 57507  2823 32591 73330
 83784 87410 27475 84477 23617 74691 24540 69812]
2020-03-30 12:54:53,045 - exp_torch_topics_d128_passive_i2000_b20_q100_sf512_e5_5 - INFO - finish step #38 for 4.5298261642456055 sec
2020-03-30 12:54:53,047 - exp_torch_topics_d128_passive_i2000_b20_q100_sf512_e5_5 - INFO - current val_accuracy: 0.47764532744665195
2020-03-30 12:54:53,048 - exp_torch_topics_d128_passive_i2000_b20_q100_sf512_e5_5 - INFO - start step #39
2020-03-30 12:54:53,048 - exp_torch_topics_d128_passive_i2000_b20_q100_sf512_e5_5 - INFO - query idx: [93745 35121 25832 30569 88888 41062 43662 14033 57574 39612 57529 74928
 16293 41078 91255 84669 12203 43240 72104 60620]
2020-03-30 12:54:57,530 - exp_torch_topics_d128_passive_i2000_b20_q100_sf512_e5_5 - INFO - finish step #39 for 4.482479810714722 sec
2020-03-30 12:54:57,531 - exp_torch_topics_d128_passive_i2000_b20_q100_sf512_e5_5 - INFO - current val_accuracy: 0.47782192788815303
2020-03-30 12:54:57,531 - exp_torch_topics_d128_passive_i2000_b20_q100_sf512_e5_5 - INFO - start step #40
2020-03-30 12:54:57,532 - exp_torch_topics_d128_passive_i2000_b20_q100_sf512_e5_5 - INFO - query idx: [20864 65473 85969 93480 26769 91948 56126 57923 80032 19875 83232 44664
 54441 37603 57096 98479 38709  7803 63381 31145]
2020-03-30 12:55:01,799 - exp_torch_topics_d128_passive_i2000_b20_q100_sf512_e5_5 - INFO - finish step #40 for 4.267935037612915 sec
2020-03-30 12:55:01,799 - exp_torch_topics_d128_passive_i2000_b20_q100_sf512_e5_5 - INFO - current val_accuracy: 0.4751729212656365
2020-03-30 12:55:01,800 - exp_torch_topics_d128_passive_i2000_b20_q100_sf512_e5_5 - INFO - start step #41
2020-03-30 12:55:01,800 - exp_torch_topics_d128_passive_i2000_b20_q100_sf512_e5_5 - INFO - query idx: [34191 17022 84994 86011 23089 56260 90053 87394  2947 38312 96754 11205
 24454 84913 24770 40458 23003 65876 10032 75192]
2020-03-30 12:55:06,363 - exp_torch_topics_d128_passive_i2000_b20_q100_sf512_e5_5 - INFO - finish step #41 for 4.563051700592041 sec
2020-03-30 12:55:06,363 - exp_torch_topics_d128_passive_i2000_b20_q100_sf512_e5_5 - INFO - current val_accuracy: 0.480206033848418
2020-03-30 12:55:06,364 - exp_torch_topics_d128_passive_i2000_b20_q100_sf512_e5_5 - INFO - start step #42
2020-03-30 12:55:06,364 - exp_torch_topics_d128_passive_i2000_b20_q100_sf512_e5_5 - INFO - query idx: [88656 52082 64567 13766 59946 41018  5031 83540 10547 43440 88540 13176
 81304 63681 91963 45388 94869 41920 66216 51898]
2020-03-30 12:55:10,637 - exp_torch_topics_d128_passive_i2000_b20_q100_sf512_e5_5 - INFO - finish step #42 for 4.273432731628418 sec
2020-03-30 12:55:10,637 - exp_torch_topics_d128_passive_i2000_b20_q100_sf512_e5_5 - INFO - current val_accuracy: 0.4836497424576895
2020-03-30 12:55:10,638 - exp_torch_topics_d128_passive_i2000_b20_q100_sf512_e5_5 - INFO - start step #43
2020-03-30 12:55:10,638 - exp_torch_topics_d128_passive_i2000_b20_q100_sf512_e5_5 - INFO - query idx: [39979 57874 60443 91709 29945 24793 30302 31030   410 71134  4498 11917
 29681 96005 51265 95491 98187 65597  7012 87777]
2020-03-30 12:55:14,877 - exp_torch_topics_d128_passive_i2000_b20_q100_sf512_e5_5 - INFO - finish step #43 for 4.238940954208374 sec
2020-03-30 12:55:14,877 - exp_torch_topics_d128_passive_i2000_b20_q100_sf512_e5_5 - INFO - current val_accuracy: 0.480206033848418
2020-03-30 12:55:14,877 - exp_torch_topics_d128_passive_i2000_b20_q100_sf512_e5_5 - INFO - start step #44
2020-03-30 12:55:14,877 - exp_torch_topics_d128_passive_i2000_b20_q100_sf512_e5_5 - INFO - query idx: [37670 90825 75858 68145 34448 24524 29575 11648 23954  9328  1838 54973
 42365 51800 13154 74051 28408 43531 24549 42343]
2020-03-30 12:55:19,744 - exp_torch_topics_d128_passive_i2000_b20_q100_sf512_e5_5 - INFO - finish step #44 for 4.867496967315674 sec
2020-03-30 12:55:19,745 - exp_torch_topics_d128_passive_i2000_b20_q100_sf512_e5_5 - INFO - current val_accuracy: 0.48562178072111845
2020-03-30 12:55:19,745 - exp_torch_topics_d128_passive_i2000_b20_q100_sf512_e5_5 - INFO - start step #45
2020-03-30 12:55:19,745 - exp_torch_topics_d128_passive_i2000_b20_q100_sf512_e5_5 - INFO - query idx: [95079 15603 49239 31868 15751 86720 85344     3 67729 65913 35124 85000
 70038 98835 19571 65541  6342 98806 74576 83819]
2020-03-30 12:55:24,089 - exp_torch_topics_d128_passive_i2000_b20_q100_sf512_e5_5 - INFO - finish step #45 for 4.344007968902588 sec
2020-03-30 12:55:24,089 - exp_torch_topics_d128_passive_i2000_b20_q100_sf512_e5_5 - INFO - current val_accuracy: 0.48688741721854306
2020-03-30 12:55:24,089 - exp_torch_topics_d128_passive_i2000_b20_q100_sf512_e5_5 - INFO - start step #46
2020-03-30 12:55:24,090 - exp_torch_topics_d128_passive_i2000_b20_q100_sf512_e5_5 - INFO - query idx: [29133 15053 94334 58979 23615 61883 22190 73995 72388 31776  4905 28931
 39578 86285  4467 33407 51798 81175 44685  9738]
2020-03-30 12:55:28,351 - exp_torch_topics_d128_passive_i2000_b20_q100_sf512_e5_5 - INFO - finish step #46 for 4.2612879276275635 sec
2020-03-30 12:55:28,351 - exp_torch_topics_d128_passive_i2000_b20_q100_sf512_e5_5 - INFO - current val_accuracy: 0.48420897718910966
2020-03-30 12:55:28,351 - exp_torch_topics_d128_passive_i2000_b20_q100_sf512_e5_5 - INFO - start step #47
2020-03-30 12:55:28,351 - exp_torch_topics_d128_passive_i2000_b20_q100_sf512_e5_5 - INFO - query idx: [19334 88642 42260 36106 20613 83909 77385 72815 18084 34711 40224 95762
 55111 81454 74675 74247 68114 79841 20183 89701]
2020-03-30 12:55:32,623 - exp_torch_topics_d128_passive_i2000_b20_q100_sf512_e5_5 - INFO - finish step #47 for 4.272205114364624 sec
2020-03-30 12:55:32,623 - exp_torch_topics_d128_passive_i2000_b20_q100_sf512_e5_5 - INFO - current val_accuracy: 0.4834142752023547
2020-03-30 12:55:32,623 - exp_torch_topics_d128_passive_i2000_b20_q100_sf512_e5_5 - INFO - start step #48
2020-03-30 12:55:32,624 - exp_torch_topics_d128_passive_i2000_b20_q100_sf512_e5_5 - INFO - query idx: [30501  4210 66779 48104 56425 88913  4703 23013  5425   867 39361 20327
 15008 85351 89407 78771 70715 46924 79188 12719]
2020-03-30 12:55:37,189 - exp_torch_topics_d128_passive_i2000_b20_q100_sf512_e5_5 - INFO - finish step #48 for 4.565517902374268 sec
2020-03-30 12:55:37,189 - exp_torch_topics_d128_passive_i2000_b20_q100_sf512_e5_5 - INFO - current val_accuracy: 0.481972038263429
2020-03-30 12:55:37,189 - exp_torch_topics_d128_passive_i2000_b20_q100_sf512_e5_5 - INFO - start step #49
2020-03-30 12:55:37,190 - exp_torch_topics_d128_passive_i2000_b20_q100_sf512_e5_5 - INFO - query idx: [70932 10450 70910 11957 80002 58516 75884 33350 85792 94456 63463  9664
 38791  6774 43350 23402     3 25165 21854 61380]
2020-03-30 12:55:42,013 - exp_torch_topics_d128_passive_i2000_b20_q100_sf512_e5_5 - INFO - finish step #49 for 4.823168039321899 sec
2020-03-30 12:55:42,013 - exp_torch_topics_d128_passive_i2000_b20_q100_sf512_e5_5 - INFO - current val_accuracy: 0.4791464311994113
2020-03-30 12:55:42,013 - exp_torch_topics_d128_passive_i2000_b20_q100_sf512_e5_5 - INFO - start step #50
2020-03-30 12:55:42,013 - exp_torch_topics_d128_passive_i2000_b20_q100_sf512_e5_5 - INFO - query idx: [55922 12450  9242 91973 19317 16275 76669 50980 19207 52094 63033 68270
 30735 51810 86535 94067 58636 63437 36642  5187]
2020-03-30 12:55:49,937 - exp_torch_topics_d128_passive_i2000_b20_q100_sf512_e5_5 - INFO - finish step #50 for 7.924193620681763 sec
2020-03-30 12:55:49,938 - exp_torch_topics_d128_passive_i2000_b20_q100_sf512_e5_5 - INFO - current val_accuracy: 0.4875643855776306
2020-03-30 12:55:49,938 - exp_torch_topics_d128_passive_i2000_b20_q100_sf512_e5_5 - INFO - start step #51
2020-03-30 12:55:49,939 - exp_torch_topics_d128_passive_i2000_b20_q100_sf512_e5_5 - INFO - query idx: [35093 22852 57836 60986 78698 14046 55935 72630 52472 56400 82090 10824
 66656 40789 40450 13896 79501  1239 61828 28159]
2020-03-30 12:55:58,148 - exp_torch_topics_d128_passive_i2000_b20_q100_sf512_e5_5 - INFO - finish step #51 for 8.20788288116455 sec
2020-03-30 12:55:58,148 - exp_torch_topics_d128_passive_i2000_b20_q100_sf512_e5_5 - INFO - current val_accuracy: 0.48415011037527594
2020-03-30 12:55:58,148 - exp_torch_topics_d128_passive_i2000_b20_q100_sf512_e5_5 - INFO - start step #52
2020-03-30 12:55:58,151 - exp_torch_topics_d128_passive_i2000_b20_q100_sf512_e5_5 - INFO - query idx: [37783 86708 41079 86385 46094  4158   849 20771  8839 42323 89561 47101
 24668 22978 80766 23064 65067 59208 44310 11395]
2020-03-30 12:56:02,833 - exp_torch_topics_d128_passive_i2000_b20_q100_sf512_e5_5 - INFO - finish step #52 for 4.684813737869263 sec
2020-03-30 12:56:02,834 - exp_torch_topics_d128_passive_i2000_b20_q100_sf512_e5_5 - INFO - current val_accuracy: 0.48744665194996323
2020-03-30 12:56:02,834 - exp_torch_topics_d128_passive_i2000_b20_q100_sf512_e5_5 - INFO - start step #53
2020-03-30 12:56:02,835 - exp_torch_topics_d128_passive_i2000_b20_q100_sf512_e5_5 - INFO - query idx: [45196 92028 20242 17098 20429 28804 27870 29560 62888 21434 36105 49411
 74367 79067 88947 61311 84303 96159 44877 65704]
2020-03-30 12:56:07,725 - exp_torch_topics_d128_passive_i2000_b20_q100_sf512_e5_5 - INFO - finish step #53 for 4.89059591293335 sec
2020-03-30 12:56:07,725 - exp_torch_topics_d128_passive_i2000_b20_q100_sf512_e5_5 - INFO - current val_accuracy: 0.4830316409124356
2020-03-30 12:56:07,725 - exp_torch_topics_d128_passive_i2000_b20_q100_sf512_e5_5 - INFO - start step #54
2020-03-30 12:56:07,726 - exp_torch_topics_d128_passive_i2000_b20_q100_sf512_e5_5 - INFO - query idx: [22378 18846 73913 31359 46741 26064 29677 20231 22530 92373 21607 90370
 76331 27267 95992 76874 40632 56264 43751 36499]
2020-03-30 12:56:12,966 - exp_torch_topics_d128_passive_i2000_b20_q100_sf512_e5_5 - INFO - finish step #54 for 5.240986108779907 sec
2020-03-30 12:56:12,966 - exp_torch_topics_d128_passive_i2000_b20_q100_sf512_e5_5 - INFO - current val_accuracy: 0.49280353200883004
2020-03-30 12:56:12,966 - exp_torch_topics_d128_passive_i2000_b20_q100_sf512_e5_5 - INFO - start step #55
2020-03-30 12:56:12,967 - exp_torch_topics_d128_passive_i2000_b20_q100_sf512_e5_5 - INFO - query idx: [24222 88311 28473 39971 39234 20842 16390 65773 36145 44783  1208 69841
 40512 33229 80899 47544 54906 98048  5349 97272]
2020-03-30 12:56:18,076 - exp_torch_topics_d128_passive_i2000_b20_q100_sf512_e5_5 - INFO - finish step #55 for 5.109489917755127 sec
2020-03-30 12:56:18,077 - exp_torch_topics_d128_passive_i2000_b20_q100_sf512_e5_5 - INFO - current val_accuracy: 0.48559234731420164
2020-03-30 12:56:18,077 - exp_torch_topics_d128_passive_i2000_b20_q100_sf512_e5_5 - INFO - start step #56
2020-03-30 12:56:18,078 - exp_torch_topics_d128_passive_i2000_b20_q100_sf512_e5_5 - INFO - query idx: [56183 50055 86262 65806  6597  9817 25704  1706 41039 86246 53790 66907
 83620 18253 71476 64314  9846 86661 28794 66608]
2020-03-30 12:56:22,854 - exp_torch_topics_d128_passive_i2000_b20_q100_sf512_e5_5 - INFO - finish step #56 for 4.776954174041748 sec
2020-03-30 12:56:22,855 - exp_torch_topics_d128_passive_i2000_b20_q100_sf512_e5_5 - INFO - current val_accuracy: 0.48700515084621043
2020-03-30 12:56:22,855 - exp_torch_topics_d128_passive_i2000_b20_q100_sf512_e5_5 - INFO - start step #57
2020-03-30 12:56:22,855 - exp_torch_topics_d128_passive_i2000_b20_q100_sf512_e5_5 - INFO - query idx: [29990 55298 41201 89116 91347 63886 66625 81829 68394 18201 52516 90631
 47879 68673 45892 27836 84764   829 84030 79832]
2020-03-30 12:56:27,366 - exp_torch_topics_d128_passive_i2000_b20_q100_sf512_e5_5 - INFO - finish step #57 for 4.5115039348602295 sec
2020-03-30 12:56:27,366 - exp_torch_topics_d128_passive_i2000_b20_q100_sf512_e5_5 - INFO - current val_accuracy: 0.48444444444444446
2020-03-30 12:56:27,367 - exp_torch_topics_d128_passive_i2000_b20_q100_sf512_e5_5 - INFO - start step #58
2020-03-30 12:56:27,367 - exp_torch_topics_d128_passive_i2000_b20_q100_sf512_e5_5 - INFO - query idx: [18321 69996 97601 32904 64646 54533 12904 23278 51751 56220 22066 49632
 27198 34601 68876 39800 44804  4641 75215 21881]
2020-03-30 12:56:32,015 - exp_torch_topics_d128_passive_i2000_b20_q100_sf512_e5_5 - INFO - finish step #58 for 4.6482157707214355 sec
2020-03-30 12:56:32,015 - exp_torch_topics_d128_passive_i2000_b20_q100_sf512_e5_5 - INFO - current val_accuracy: 0.4875055187637969
2020-03-30 12:56:32,015 - exp_torch_topics_d128_passive_i2000_b20_q100_sf512_e5_5 - INFO - start step #59
2020-03-30 12:56:32,016 - exp_torch_topics_d128_passive_i2000_b20_q100_sf512_e5_5 - INFO - query idx: [ 3608 34986 26286 98461 74106  4799 73481 60114  1518 13485 68853 44442
  7493  6335 12722 52575 19811 21192 64596  1619]
2020-03-30 12:56:37,517 - exp_torch_topics_d128_passive_i2000_b20_q100_sf512_e5_5 - INFO - finish step #59 for 5.501471996307373 sec
2020-03-30 12:56:37,518 - exp_torch_topics_d128_passive_i2000_b20_q100_sf512_e5_5 - INFO - current val_accuracy: 0.4840323767476085
2020-03-30 12:56:37,518 - exp_torch_topics_d128_passive_i2000_b20_q100_sf512_e5_5 - INFO - start step #60
2020-03-30 12:56:37,518 - exp_torch_topics_d128_passive_i2000_b20_q100_sf512_e5_5 - INFO - query idx: [86732 93007 80778 45978 89586  3174 52794 47003 28113 59315 43509  4352
 19554 85377 35333 62517 41563 79244 69051 17831]
2020-03-30 12:56:41,842 - exp_torch_topics_d128_passive_i2000_b20_q100_sf512_e5_5 - INFO - finish step #60 for 4.324329137802124 sec
2020-03-30 12:56:41,843 - exp_torch_topics_d128_passive_i2000_b20_q100_sf512_e5_5 - INFO - current val_accuracy: 0.4931272994849154
2020-03-30 12:56:41,843 - exp_torch_topics_d128_passive_i2000_b20_q100_sf512_e5_5 - INFO - start step #61
2020-03-30 12:56:41,843 - exp_torch_topics_d128_passive_i2000_b20_q100_sf512_e5_5 - INFO - query idx: [23488 22675 15644 42604 42617 19860 12014 68482 18042 41301 28827 93378
 10118 62548 56626 53862 47548 62562 19115 31860]
2020-03-30 12:56:46,608 - exp_torch_topics_d128_passive_i2000_b20_q100_sf512_e5_5 - INFO - finish step #61 for 4.764863014221191 sec
2020-03-30 12:56:46,608 - exp_torch_topics_d128_passive_i2000_b20_q100_sf512_e5_5 - INFO - current val_accuracy: 0.49242089771891095
2020-03-30 12:56:46,608 - exp_torch_topics_d128_passive_i2000_b20_q100_sf512_e5_5 - INFO - start step #62
2020-03-30 12:56:46,608 - exp_torch_topics_d128_passive_i2000_b20_q100_sf512_e5_5 - INFO - query idx: [69853 45952 61571 53234 39481 16823 90205 16648 95334 70344 41265 50348
 53522 56606 21151 93949 23058 52436 69557 26485]
2020-03-30 12:56:51,922 - exp_torch_topics_d128_passive_i2000_b20_q100_sf512_e5_5 - INFO - finish step #62 for 5.314150810241699 sec
2020-03-30 12:56:51,922 - exp_torch_topics_d128_passive_i2000_b20_q100_sf512_e5_5 - INFO - current val_accuracy: 0.48950699043414275
2020-03-30 12:56:51,923 - exp_torch_topics_d128_passive_i2000_b20_q100_sf512_e5_5 - INFO - start step #63
2020-03-30 12:56:51,923 - exp_torch_topics_d128_passive_i2000_b20_q100_sf512_e5_5 - INFO - query idx: [18445 68202 56962 65239 72331  8230  3464 13648  3572 62276 23363 28855
 51294 97421 70319 40420 84382 16369 90325 55216]
2020-03-30 12:56:58,208 - exp_torch_topics_d128_passive_i2000_b20_q100_sf512_e5_5 - INFO - finish step #63 for 6.2851738929748535 sec
2020-03-30 12:56:58,208 - exp_torch_topics_d128_passive_i2000_b20_q100_sf512_e5_5 - INFO - current val_accuracy: 0.4918027961736571
2020-03-30 12:56:58,209 - exp_torch_topics_d128_passive_i2000_b20_q100_sf512_e5_5 - INFO - start step #64
2020-03-30 12:56:58,210 - exp_torch_topics_d128_passive_i2000_b20_q100_sf512_e5_5 - INFO - query idx: [23130 10483 72178 24753 62669 28580 28737 30450 26792 94742 63281 94770
  7164 77393 38922 38664 61547 15116 97641 51093]
2020-03-30 12:57:02,841 - exp_torch_topics_d128_passive_i2000_b20_q100_sf512_e5_5 - INFO - finish step #64 for 4.631434917449951 sec
2020-03-30 12:57:02,841 - exp_torch_topics_d128_passive_i2000_b20_q100_sf512_e5_5 - INFO - current val_accuracy: 0.492214863870493
2020-03-30 12:57:02,841 - exp_torch_topics_d128_passive_i2000_b20_q100_sf512_e5_5 - INFO - start step #65
2020-03-30 12:57:02,841 - exp_torch_topics_d128_passive_i2000_b20_q100_sf512_e5_5 - INFO - query idx: [68383 55297 64016 28852 87380 89862 73037 57793 32751 81537 89459 48444
 26046 18566 43446 10563 93393 67002 28124 63491]
2020-03-30 12:57:07,317 - exp_torch_topics_d128_passive_i2000_b20_q100_sf512_e5_5 - INFO - finish step #65 for 4.476002931594849 sec
2020-03-30 12:57:07,317 - exp_torch_topics_d128_passive_i2000_b20_q100_sf512_e5_5 - INFO - current val_accuracy: 0.4915378955114054
2020-03-30 12:57:07,317 - exp_torch_topics_d128_passive_i2000_b20_q100_sf512_e5_5 - INFO - start step #66
2020-03-30 12:57:07,318 - exp_torch_topics_d128_passive_i2000_b20_q100_sf512_e5_5 - INFO - query idx: [80205 19001 81019 28699 32340 29360 20609 49606 86536  7674 34554 11244
 58482  5914 19120 22689 67114 82882  4347 14821]
2020-03-30 12:57:12,433 - exp_torch_topics_d128_passive_i2000_b20_q100_sf512_e5_5 - INFO - finish step #66 for 5.115915060043335 sec
2020-03-30 12:57:12,434 - exp_torch_topics_d128_passive_i2000_b20_q100_sf512_e5_5 - INFO - current val_accuracy: 0.49456953642384105
2020-03-30 12:57:12,434 - exp_torch_topics_d128_passive_i2000_b20_q100_sf512_e5_5 - INFO - start step #67
2020-03-30 12:57:12,434 - exp_torch_topics_d128_passive_i2000_b20_q100_sf512_e5_5 - INFO - query idx: [ 4182 92998 60373 43390 23655 24241 29560 30962 47971 33406 22685 21322
 25012 67865 62686 78709 84732  2257 44225 96720]
2020-03-30 12:57:17,178 - exp_torch_topics_d128_passive_i2000_b20_q100_sf512_e5_5 - INFO - finish step #67 for 4.743880987167358 sec
2020-03-30 12:57:17,198 - exp_torch_topics_d128_passive_i2000_b20_q100_sf512_e5_5 - INFO - current val_accuracy: 0.4926269315673289
2020-03-30 12:57:17,198 - exp_torch_topics_d128_passive_i2000_b20_q100_sf512_e5_5 - INFO - start step #68
2020-03-30 12:57:17,199 - exp_torch_topics_d128_passive_i2000_b20_q100_sf512_e5_5 - INFO - query idx: [62557 44080 16230 87637 11820 84602 10431  1104   827 53589 61364 70443
 13064 60916  7943 74901 63702 16651 28051 97477]
2020-03-30 12:57:21,619 - exp_torch_topics_d128_passive_i2000_b20_q100_sf512_e5_5 - INFO - finish step #68 for 4.420521020889282 sec
2020-03-30 12:57:21,619 - exp_torch_topics_d128_passive_i2000_b20_q100_sf512_e5_5 - INFO - current val_accuracy: 0.4956880058866814
2020-03-30 12:57:21,619 - exp_torch_topics_d128_passive_i2000_b20_q100_sf512_e5_5 - INFO - start step #69
2020-03-30 12:57:21,620 - exp_torch_topics_d128_passive_i2000_b20_q100_sf512_e5_5 - INFO - query idx: [14971 11016 45433 48757 43555 24759 69514 61245 62003 66685 35151 64982
 74836 82385   570 67549 63380 51811 89087 23156]
2020-03-30 12:57:26,082 - exp_torch_topics_d128_passive_i2000_b20_q100_sf512_e5_5 - INFO - finish step #69 for 4.462436199188232 sec
2020-03-30 12:57:26,082 - exp_torch_topics_d128_passive_i2000_b20_q100_sf512_e5_5 - INFO - current val_accuracy: 0.4947461368653422
2020-03-30 12:57:26,082 - exp_torch_topics_d128_passive_i2000_b20_q100_sf512_e5_5 - INFO - start step #70
2020-03-30 12:57:26,083 - exp_torch_topics_d128_passive_i2000_b20_q100_sf512_e5_5 - INFO - query idx: [68400 45572 67520  4791 48264 72751 55694 36288 76420 62311 33718 20045
 85777 68107 84120 84080 59496 84763 91246 39076]
2020-03-30 12:57:30,936 - exp_torch_topics_d128_passive_i2000_b20_q100_sf512_e5_5 - INFO - finish step #70 for 4.85336709022522 sec
2020-03-30 12:57:30,938 - exp_torch_topics_d128_passive_i2000_b20_q100_sf512_e5_5 - INFO - current val_accuracy: 0.4941280353200883
2020-03-30 12:57:30,939 - exp_torch_topics_d128_passive_i2000_b20_q100_sf512_e5_5 - INFO - start step #71
2020-03-30 12:57:30,939 - exp_torch_topics_d128_passive_i2000_b20_q100_sf512_e5_5 - INFO - query idx: [93139 16152  5284 94526 14220 18649 58076  4882 34876 89601 35675 85560
 66537  1583 31180 50599 19242 55104 95634 29814]
2020-03-30 12:57:35,826 - exp_torch_topics_d128_passive_i2000_b20_q100_sf512_e5_5 - INFO - finish step #71 for 4.887351989746094 sec
2020-03-30 12:57:35,826 - exp_torch_topics_d128_passive_i2000_b20_q100_sf512_e5_5 - INFO - current val_accuracy: 0.4961295069904341
2020-03-30 12:57:35,827 - exp_torch_topics_d128_passive_i2000_b20_q100_sf512_e5_5 - INFO - start step #72
2020-03-30 12:57:35,827 - exp_torch_topics_d128_passive_i2000_b20_q100_sf512_e5_5 - INFO - query idx: [44679 61853 44929 76774 62610 32656 10569 48937  8636 30944 24107 93276
 51869 33129 23149 28894 74481 46001 96379 75329]
2020-03-30 12:57:40,252 - exp_torch_topics_d128_passive_i2000_b20_q100_sf512_e5_5 - INFO - finish step #72 for 4.425415992736816 sec
2020-03-30 12:57:40,252 - exp_torch_topics_d128_passive_i2000_b20_q100_sf512_e5_5 - INFO - current val_accuracy: 0.4949227373068433
2020-03-30 12:57:40,252 - exp_torch_topics_d128_passive_i2000_b20_q100_sf512_e5_5 - INFO - start step #73
2020-03-30 12:57:40,253 - exp_torch_topics_d128_passive_i2000_b20_q100_sf512_e5_5 - INFO - query idx: [83522  5652 21350 91096 46524  6960 15333  1805 57807 84284 40218 57725
 60989 43986 14791 77868 56651 13842  2982 10478]
2020-03-30 12:57:44,689 - exp_torch_topics_d128_passive_i2000_b20_q100_sf512_e5_5 - INFO - finish step #73 for 4.436715841293335 sec
2020-03-30 12:57:44,689 - exp_torch_topics_d128_passive_i2000_b20_q100_sf512_e5_5 - INFO - current val_accuracy: 0.49533480500367916
2020-03-30 12:57:44,690 - exp_torch_topics_d128_passive_i2000_b20_q100_sf512_e5_5 - INFO - start step #74
2020-03-30 12:57:44,690 - exp_torch_topics_d128_passive_i2000_b20_q100_sf512_e5_5 - INFO - query idx: [82197 88825 33170 39956 51430 45503 18779 61633 85781 40504  5651  7963
 48399 67691 30529 25075 11148 93202 89033 87206]
2020-03-30 12:57:49,295 - exp_torch_topics_d128_passive_i2000_b20_q100_sf512_e5_5 - INFO - finish step #74 for 4.605299949645996 sec
2020-03-30 12:57:49,295 - exp_torch_topics_d128_passive_i2000_b20_q100_sf512_e5_5 - INFO - current val_accuracy: 0.49286239882266375
2020-03-30 12:57:49,295 - exp_torch_topics_d128_passive_i2000_b20_q100_sf512_e5_5 - INFO - start step #75
2020-03-30 12:57:49,296 - exp_torch_topics_d128_passive_i2000_b20_q100_sf512_e5_5 - INFO - query idx: [45503 23535 47321  7995 51329 83016 77947 44988 56669 18705 94396 12905
 57219 66253 94722 64383 49521  8105 42772 16385]
2020-03-30 12:57:54,420 - exp_torch_topics_d128_passive_i2000_b20_q100_sf512_e5_5 - INFO - finish step #75 for 5.124316930770874 sec
2020-03-30 12:57:54,420 - exp_torch_topics_d128_passive_i2000_b20_q100_sf512_e5_5 - INFO - current val_accuracy: 0.49303899926416483
2020-03-30 12:57:54,426 - exp_torch_topics_d128_passive_i2000_b20_q100_sf512_e5_5 - INFO - start step #76
2020-03-30 12:57:54,426 - exp_torch_topics_d128_passive_i2000_b20_q100_sf512_e5_5 - INFO - query idx: [55052  6577 46899 10130 26389 88727 54721 16663 44464 77281 85083 91178
   855 11362 19351 77770  3968 69458  2550   199]
2020-03-30 12:58:00,204 - exp_torch_topics_d128_passive_i2000_b20_q100_sf512_e5_5 - INFO - finish step #76 for 5.77840518951416 sec
2020-03-30 12:58:00,204 - exp_torch_topics_d128_passive_i2000_b20_q100_sf512_e5_5 - INFO - current val_accuracy: 0.49715967623252394
2020-03-30 12:58:00,205 - exp_torch_topics_d128_passive_i2000_b20_q100_sf512_e5_5 - INFO - start step #77
2020-03-30 12:58:00,205 - exp_torch_topics_d128_passive_i2000_b20_q100_sf512_e5_5 - INFO - query idx: [10444 63741 50733  9715 10310 19443  1114 21878 10260 71530 72560 24523
 22889 44828 59434 32032 92329 15040 94185 41638]
2020-03-30 12:58:05,599 - exp_torch_topics_d128_passive_i2000_b20_q100_sf512_e5_5 - INFO - finish step #77 for 5.394237995147705 sec
2020-03-30 12:58:05,599 - exp_torch_topics_d128_passive_i2000_b20_q100_sf512_e5_5 - INFO - current val_accuracy: 0.4962178072111847
2020-03-30 12:58:05,600 - exp_torch_topics_d128_passive_i2000_b20_q100_sf512_e5_5 - INFO - start step #78
2020-03-30 12:58:05,600 - exp_torch_topics_d128_passive_i2000_b20_q100_sf512_e5_5 - INFO - query idx: [27032 95707  1540 24398 49480 94096 24288 90094 86449 81754 47153 68398
 31978 88042 98252 39737  5126 61332 75426 17354]
2020-03-30 12:58:13,728 - exp_torch_topics_d128_passive_i2000_b20_q100_sf512_e5_5 - INFO - finish step #78 for 8.127870798110962 sec
2020-03-30 12:58:13,729 - exp_torch_topics_d128_passive_i2000_b20_q100_sf512_e5_5 - INFO - current val_accuracy: 0.502075055187638
2020-03-30 12:58:13,729 - exp_torch_topics_d128_passive_i2000_b20_q100_sf512_e5_5 - INFO - start step #79
2020-03-30 12:58:13,729 - exp_torch_topics_d128_passive_i2000_b20_q100_sf512_e5_5 - INFO - query idx: [12784  6864 84324 40240 68648 10458 88283 63252 51659 58016 64698 92454
 81860  6672 84749 75832 42091 39398 78927 44866]
2020-03-30 12:58:18,688 - exp_torch_topics_d128_passive_i2000_b20_q100_sf512_e5_5 - INFO - finish step #79 for 4.958822250366211 sec
2020-03-30 12:58:18,688 - exp_torch_topics_d128_passive_i2000_b20_q100_sf512_e5_5 - INFO - current val_accuracy: 0.4910080941869021
2020-03-30 12:58:18,688 - exp_torch_topics_d128_passive_i2000_b20_q100_sf512_e5_5 - INFO - start step #80
2020-03-30 12:58:18,689 - exp_torch_topics_d128_passive_i2000_b20_q100_sf512_e5_5 - INFO - query idx: [40626 75297 13265 70436 50380 87344 43303 34351 15428 40034 67417 21933
 48202 93645 19131 92933 18586 83442 96208 25004]
2020-03-30 12:58:23,840 - exp_torch_topics_d128_passive_i2000_b20_q100_sf512_e5_5 - INFO - finish step #80 for 5.15225076675415 sec
2020-03-30 12:58:23,841 - exp_torch_topics_d128_passive_i2000_b20_q100_sf512_e5_5 - INFO - current val_accuracy: 0.4986607799852833
2020-03-30 12:58:23,841 - exp_torch_topics_d128_passive_i2000_b20_q100_sf512_e5_5 - INFO - start step #81
2020-03-30 12:58:23,842 - exp_torch_topics_d128_passive_i2000_b20_q100_sf512_e5_5 - INFO - query idx: [29264 93155 75350 69738 79432 56146 87535 28538  5737  1189 87397 68946
 35971 78641 54025 80149 44463 47349 13070 11349]
2020-03-30 12:58:29,187 - exp_torch_topics_d128_passive_i2000_b20_q100_sf512_e5_5 - INFO - finish step #81 for 5.345297813415527 sec
2020-03-30 12:58:29,187 - exp_torch_topics_d128_passive_i2000_b20_q100_sf512_e5_5 - INFO - current val_accuracy: 0.4958351729212656
2020-03-30 12:58:29,187 - exp_torch_topics_d128_passive_i2000_b20_q100_sf512_e5_5 - INFO - start step #82
2020-03-30 12:58:29,188 - exp_torch_topics_d128_passive_i2000_b20_q100_sf512_e5_5 - INFO - query idx: [ 8074 30059 22917 12800 29895 16988 26752 75778 44455 95951 74427 44529
  2619 69396 12515 38559 31384 87681 65801  3146]
2020-03-30 12:58:34,360 - exp_torch_topics_d128_passive_i2000_b20_q100_sf512_e5_5 - INFO - finish step #82 for 5.172991991043091 sec
2020-03-30 12:58:34,360 - exp_torch_topics_d128_passive_i2000_b20_q100_sf512_e5_5 - INFO - current val_accuracy: 0.4965121412803532
2020-03-30 12:58:34,360 - exp_torch_topics_d128_passive_i2000_b20_q100_sf512_e5_5 - INFO - start step #83
2020-03-30 12:58:34,361 - exp_torch_topics_d128_passive_i2000_b20_q100_sf512_e5_5 - INFO - query idx: [87788 18224 73269 89142 94894 60820 57795  2703 79011  2813 89858 73597
 62852 59163 53910 90107 59194 80885 34070 53072]
2020-03-30 12:58:39,004 - exp_torch_topics_d128_passive_i2000_b20_q100_sf512_e5_5 - INFO - finish step #83 for 4.643720388412476 sec
2020-03-30 12:58:39,005 - exp_torch_topics_d128_passive_i2000_b20_q100_sf512_e5_5 - INFO - current val_accuracy: 0.500103016924209
2020-03-30 12:58:39,005 - exp_torch_topics_d128_passive_i2000_b20_q100_sf512_e5_5 - INFO - start step #84
2020-03-30 12:58:39,005 - exp_torch_topics_d128_passive_i2000_b20_q100_sf512_e5_5 - INFO - query idx: [34500 40007 73632 14867 25152 79204  2155 94846 11203 26401 88998 27334
 53216 63253 12198 64452 59581 44478 84862 50129]
2020-03-30 12:58:44,179 - exp_torch_topics_d128_passive_i2000_b20_q100_sf512_e5_5 - INFO - finish step #84 for 5.174376964569092 sec
2020-03-30 12:58:44,179 - exp_torch_topics_d128_passive_i2000_b20_q100_sf512_e5_5 - INFO - current val_accuracy: 0.5007799852832966
2020-03-30 12:58:44,180 - exp_torch_topics_d128_passive_i2000_b20_q100_sf512_e5_5 - INFO - start step #85
2020-03-30 12:58:44,180 - exp_torch_topics_d128_passive_i2000_b20_q100_sf512_e5_5 - INFO - query idx: [61195 64898 35516 54538 93912 19189 61951 80680 93494 75503 24576 22404
 55212 88847 45043 20857 88728 64105  8270 70129]
2020-03-30 12:58:49,411 - exp_torch_topics_d128_passive_i2000_b20_q100_sf512_e5_5 - INFO - finish step #85 for 5.231801271438599 sec
2020-03-30 12:58:49,412 - exp_torch_topics_d128_passive_i2000_b20_q100_sf512_e5_5 - INFO - current val_accuracy: 0.501280353200883
2020-03-30 12:58:49,412 - exp_torch_topics_d128_passive_i2000_b20_q100_sf512_e5_5 - INFO - start step #86
2020-03-30 12:58:49,412 - exp_torch_topics_d128_passive_i2000_b20_q100_sf512_e5_5 - INFO - query idx: [62551 77057 15734 97306 64000 62536 23083 26606 73407 82447 83584 61833
 37634 63695 15767 39851 36926 59020 36421 90112]
2020-03-30 12:58:54,474 - exp_torch_topics_d128_passive_i2000_b20_q100_sf512_e5_5 - INFO - finish step #86 for 5.061570167541504 sec
2020-03-30 12:58:54,474 - exp_torch_topics_d128_passive_i2000_b20_q100_sf512_e5_5 - INFO - current val_accuracy: 0.4996026490066225
2020-03-30 12:58:54,474 - exp_torch_topics_d128_passive_i2000_b20_q100_sf512_e5_5 - INFO - start step #87
2020-03-30 12:58:54,474 - exp_torch_topics_d128_passive_i2000_b20_q100_sf512_e5_5 - INFO - query idx: [42784 51864 84014 19832 49574 95975 96254 97602  2080 93799 90162 60222
 71105 68429 80712 83082 13248 31749 45137 75177]
2020-03-30 12:58:59,855 - exp_torch_topics_d128_passive_i2000_b20_q100_sf512_e5_5 - INFO - finish step #87 for 5.380717039108276 sec
2020-03-30 12:58:59,855 - exp_torch_topics_d128_passive_i2000_b20_q100_sf512_e5_5 - INFO - current val_accuracy: 0.50027961736571
2020-03-30 12:58:59,855 - exp_torch_topics_d128_passive_i2000_b20_q100_sf512_e5_5 - INFO - start step #88
2020-03-30 12:58:59,855 - exp_torch_topics_d128_passive_i2000_b20_q100_sf512_e5_5 - INFO - query idx: [18741 60613  3577 25510 86994 25973 30960 79689 36421 79059   639 64491
 49554 25221 77317 80265  8793 45551 29465 15216]
2020-03-30 12:59:04,617 - exp_torch_topics_d128_passive_i2000_b20_q100_sf512_e5_5 - INFO - finish step #88 for 4.761587858200073 sec
2020-03-30 12:59:04,617 - exp_torch_topics_d128_passive_i2000_b20_q100_sf512_e5_5 - INFO - current val_accuracy: 0.49954378219278883
2020-03-30 12:59:04,617 - exp_torch_topics_d128_passive_i2000_b20_q100_sf512_e5_5 - INFO - start step #89
2020-03-30 12:59:04,617 - exp_torch_topics_d128_passive_i2000_b20_q100_sf512_e5_5 - INFO - query idx: [35850 62586 48570 16810 10535 65559 71987 19107 70343 17796 68614 36515
 46173 31331  3657  3712 30467 49913 71312 55318]
2020-03-30 12:59:09,686 - exp_torch_topics_d128_passive_i2000_b20_q100_sf512_e5_5 - INFO - finish step #89 for 5.068562984466553 sec
2020-03-30 12:59:09,686 - exp_torch_topics_d128_passive_i2000_b20_q100_sf512_e5_5 - INFO - current val_accuracy: 0.5021927888153054
2020-03-30 12:59:09,686 - exp_torch_topics_d128_passive_i2000_b20_q100_sf512_e5_5 - INFO - start step #90
2020-03-30 12:59:09,686 - exp_torch_topics_d128_passive_i2000_b20_q100_sf512_e5_5 - INFO - query idx: [45709 65342 96771 72370 36810 59381  4316 24035 31126  1961 12346 50760
 34389 82415 92284 13899 72688 88421 73959 17211]
2020-03-30 12:59:14,943 - exp_torch_topics_d128_passive_i2000_b20_q100_sf512_e5_5 - INFO - finish step #90 for 5.257385015487671 sec
2020-03-30 12:59:14,944 - exp_torch_topics_d128_passive_i2000_b20_q100_sf512_e5_5 - INFO - current val_accuracy: 0.5022222222222222
2020-03-30 12:59:14,944 - exp_torch_topics_d128_passive_i2000_b20_q100_sf512_e5_5 - INFO - start step #91
2020-03-30 12:59:14,944 - exp_torch_topics_d128_passive_i2000_b20_q100_sf512_e5_5 - INFO - query idx: [35281 71834 73699 94328  7195 63142 57550 49140 47290 41800 80480 25767
 78360 37942 37534 83273 12820 40419 65184 57138]
2020-03-30 12:59:20,394 - exp_torch_topics_d128_passive_i2000_b20_q100_sf512_e5_5 - INFO - finish step #91 for 5.449758052825928 sec
2020-03-30 12:59:20,394 - exp_torch_topics_d128_passive_i2000_b20_q100_sf512_e5_5 - INFO - current val_accuracy: 0.5056659308314937
2020-03-30 12:59:20,394 - exp_torch_topics_d128_passive_i2000_b20_q100_sf512_e5_5 - INFO - start step #92
2020-03-30 12:59:20,394 - exp_torch_topics_d128_passive_i2000_b20_q100_sf512_e5_5 - INFO - query idx: [21315 46615 44865  5988 23784 16657 97726 70971 28625  5520 25779 80116
 29833 48824 60332 22263 14589  4330 82210   543]
2020-03-30 12:59:25,829 - exp_torch_topics_d128_passive_i2000_b20_q100_sf512_e5_5 - INFO - finish step #92 for 5.435117244720459 sec
2020-03-30 12:59:25,829 - exp_torch_topics_d128_passive_i2000_b20_q100_sf512_e5_5 - INFO - current val_accuracy: 0.5028403237674761
2020-03-30 12:59:25,830 - exp_torch_topics_d128_passive_i2000_b20_q100_sf512_e5_5 - INFO - start step #93
2020-03-30 12:59:25,830 - exp_torch_topics_d128_passive_i2000_b20_q100_sf512_e5_5 - INFO - query idx: [87508 78701 91994  6336 78920 62410 18069 14177 43196  2708 88200 90287
 16871 39343 44253 31510 21096 51354 67657 90404]
2020-03-30 12:59:30,834 - exp_torch_topics_d128_passive_i2000_b20_q100_sf512_e5_5 - INFO - finish step #93 for 5.004323959350586 sec
2020-03-30 12:59:30,834 - exp_torch_topics_d128_passive_i2000_b20_q100_sf512_e5_5 - INFO - current val_accuracy: 0.5043414275202355
2020-03-30 12:59:30,835 - exp_torch_topics_d128_passive_i2000_b20_q100_sf512_e5_5 - INFO - start step #94
2020-03-30 12:59:30,835 - exp_torch_topics_d128_passive_i2000_b20_q100_sf512_e5_5 - INFO - query idx: [47514 34787 53676 53425 68548 30816 88444 53720 39878  9966 50028 29953
 30240 25316 40808 68979 51848 81087 28954 39054]
2020-03-30 12:59:36,398 - exp_torch_topics_d128_passive_i2000_b20_q100_sf512_e5_5 - INFO - finish step #94 for 5.5633158683776855 sec
2020-03-30 12:59:36,399 - exp_torch_topics_d128_passive_i2000_b20_q100_sf512_e5_5 - INFO - current val_accuracy: 0.5021044885945548
2020-03-30 12:59:36,399 - exp_torch_topics_d128_passive_i2000_b20_q100_sf512_e5_5 - INFO - start step #95
2020-03-30 12:59:36,399 - exp_torch_topics_d128_passive_i2000_b20_q100_sf512_e5_5 - INFO - query idx: [84759  8875 62980 34291 25295 48963 74245 74070 55306 23420 11834 92049
 83443 38956 61226 88567 74407 69020 56072 32448]
2020-03-30 12:59:42,298 - exp_torch_topics_d128_passive_i2000_b20_q100_sf512_e5_5 - INFO - finish step #95 for 5.898834228515625 sec
2020-03-30 12:59:42,298 - exp_torch_topics_d128_passive_i2000_b20_q100_sf512_e5_5 - INFO - current val_accuracy: 0.503635025754231
2020-03-30 12:59:42,298 - exp_torch_topics_d128_passive_i2000_b20_q100_sf512_e5_5 - INFO - start step #96
2020-03-30 12:59:42,298 - exp_torch_topics_d128_passive_i2000_b20_q100_sf512_e5_5 - INFO - query idx: [79039 91754 12299 29021 87209 62671 17767 30284 38584 40587 18060 14422
 40919 28871 50351 86274 35596 97449 37240 24172]
2020-03-30 12:59:47,392 - exp_torch_topics_d128_passive_i2000_b20_q100_sf512_e5_5 - INFO - finish step #96 for 5.093876123428345 sec
2020-03-30 12:59:47,393 - exp_torch_topics_d128_passive_i2000_b20_q100_sf512_e5_5 - INFO - current val_accuracy: 0.5050772626931568
2020-03-30 12:59:47,394 - exp_torch_topics_d128_passive_i2000_b20_q100_sf512_e5_5 - INFO - start step #97
2020-03-30 12:59:47,394 - exp_torch_topics_d128_passive_i2000_b20_q100_sf512_e5_5 - INFO - query idx: [11651 34207 18502 63085  2335 44257 92821  9797 18592 84483 41062 15528
 12600 37601 43051 10933 97410 47550 23502 31769]
2020-03-30 12:59:53,136 - exp_torch_topics_d128_passive_i2000_b20_q100_sf512_e5_5 - INFO - finish step #97 for 5.74213719367981 sec
2020-03-30 12:59:53,136 - exp_torch_topics_d128_passive_i2000_b20_q100_sf512_e5_5 - INFO - current val_accuracy: 0.50345842531273
2020-03-30 12:59:53,136 - exp_torch_topics_d128_passive_i2000_b20_q100_sf512_e5_5 - INFO - start step #98
2020-03-30 12:59:53,136 - exp_torch_topics_d128_passive_i2000_b20_q100_sf512_e5_5 - INFO - query idx: [18329 42105 43018 75810 19588 93039 19272 94120  2030 97170 28355 68459
 84293 77622 74909 18458 72290 74199 12941 37767]
2020-03-30 12:59:58,419 - exp_torch_topics_d128_passive_i2000_b20_q100_sf512_e5_5 - INFO - finish step #98 for 5.282801151275635 sec
2020-03-30 12:59:58,420 - exp_torch_topics_d128_passive_i2000_b20_q100_sf512_e5_5 - INFO - current val_accuracy: 0.5016629874908021
2020-03-30 12:59:58,420 - exp_torch_topics_d128_passive_i2000_b20_q100_sf512_e5_5 - INFO - start step #99
2020-03-30 12:59:58,420 - exp_torch_topics_d128_passive_i2000_b20_q100_sf512_e5_5 - INFO - query idx: [36799 32443 89303 61317 56346 69510 36359 45589 51994 29049 59955  5076
  1192 49049 12737 26238 21723 11365 72364 86626]
2020-03-30 13:00:03,256 - exp_torch_topics_d128_passive_i2000_b20_q100_sf512_e5_5 - INFO - finish step #99 for 4.8362438678741455 sec
2020-03-30 13:00:03,256 - exp_torch_topics_d128_passive_i2000_b20_q100_sf512_e5_5 - INFO - current val_accuracy: 0.5047240618101545
2020-03-30 13:00:03,256 - exp_torch_topics_d128_passive_i2000_b20_q100_sf512_e5_5 - INFO - finish experiment process for 512.0145511627197 sec
