2020-03-14 13:47:49,181 - exp_torch_topics_passive_i2000_b20_5 - INFO - start experiment process
2020-03-14 13:47:59,203 - exp_torch_topics_passive_i2000_b20_5 - INFO - initial val_accuracy: 0.2540691685062546
2020-03-14 13:47:59,241 - exp_torch_topics_passive_i2000_b20_5 - INFO - start step #0
2020-03-14 13:48:07,437 - exp_torch_topics_passive_i2000_b20_5 - INFO - finish step #0 for 8.195616006851196 sec
2020-03-14 13:48:07,437 - exp_torch_topics_passive_i2000_b20_5 - INFO - current val_accuracy: 0.25624724061810156
2020-03-14 13:48:07,437 - exp_torch_topics_passive_i2000_b20_5 - INFO - start step #1
2020-03-14 13:48:12,801 - exp_torch_topics_passive_i2000_b20_5 - INFO - finish step #1 for 5.363579034805298 sec
2020-03-14 13:48:12,801 - exp_torch_topics_passive_i2000_b20_5 - INFO - current val_accuracy: 0.2591905813097866
2020-03-14 13:48:12,801 - exp_torch_topics_passive_i2000_b20_5 - INFO - start step #2
2020-03-14 13:48:16,781 - exp_torch_topics_passive_i2000_b20_5 - INFO - finish step #2 for 3.9794280529022217 sec
2020-03-14 13:48:16,781 - exp_torch_topics_passive_i2000_b20_5 - INFO - current val_accuracy: 0.2517733627667402
2020-03-14 13:48:16,781 - exp_torch_topics_passive_i2000_b20_5 - INFO - start step #3
2020-03-14 13:48:19,303 - exp_torch_topics_passive_i2000_b20_5 - INFO - finish step #3 for 2.521529197692871 sec
2020-03-14 13:48:19,303 - exp_torch_topics_passive_i2000_b20_5 - INFO - current val_accuracy: 0.24853568800588668
2020-03-14 13:48:19,303 - exp_torch_topics_passive_i2000_b20_5 - INFO - start step #4
2020-03-14 13:48:21,710 - exp_torch_topics_passive_i2000_b20_5 - INFO - finish step #4 for 2.407310724258423 sec
2020-03-14 13:48:21,710 - exp_torch_topics_passive_i2000_b20_5 - INFO - current val_accuracy: 0.25848417954378217
2020-03-14 13:48:21,711 - exp_torch_topics_passive_i2000_b20_5 - INFO - start step #5
2020-03-14 13:48:24,060 - exp_torch_topics_passive_i2000_b20_5 - INFO - finish step #5 for 2.3496460914611816 sec
2020-03-14 13:48:24,061 - exp_torch_topics_passive_i2000_b20_5 - INFO - current val_accuracy: 0.2649300956585725
2020-03-14 13:48:24,061 - exp_torch_topics_passive_i2000_b20_5 - INFO - start step #6
2020-03-14 13:48:26,600 - exp_torch_topics_passive_i2000_b20_5 - INFO - finish step #6 for 2.5392298698425293 sec
2020-03-14 13:48:26,600 - exp_torch_topics_passive_i2000_b20_5 - INFO - current val_accuracy: 0.26245768947755704
2020-03-14 13:48:26,601 - exp_torch_topics_passive_i2000_b20_5 - INFO - start step #7
2020-03-14 13:48:29,080 - exp_torch_topics_passive_i2000_b20_5 - INFO - finish step #7 for 2.47983717918396 sec
2020-03-14 13:48:29,081 - exp_torch_topics_passive_i2000_b20_5 - INFO - current val_accuracy: 0.26905077262693156
2020-03-14 13:48:29,082 - exp_torch_topics_passive_i2000_b20_5 - INFO - start step #8
2020-03-14 13:48:31,483 - exp_torch_topics_passive_i2000_b20_5 - INFO - finish step #8 for 2.399932861328125 sec
2020-03-14 13:48:31,483 - exp_torch_topics_passive_i2000_b20_5 - INFO - current val_accuracy: 0.2731420161883738
2020-03-14 13:48:31,483 - exp_torch_topics_passive_i2000_b20_5 - INFO - start step #9
2020-03-14 13:48:33,893 - exp_torch_topics_passive_i2000_b20_5 - INFO - finish step #9 for 2.409842014312744 sec
2020-03-14 13:48:33,893 - exp_torch_topics_passive_i2000_b20_5 - INFO - current val_accuracy: 0.28138337012509196
2020-03-14 13:48:33,893 - exp_torch_topics_passive_i2000_b20_5 - INFO - start step #10
2020-03-14 13:48:36,339 - exp_torch_topics_passive_i2000_b20_5 - INFO - finish step #10 for 2.445405960083008 sec
2020-03-14 13:48:36,339 - exp_torch_topics_passive_i2000_b20_5 - INFO - current val_accuracy: 0.28223693892568064
2020-03-14 13:48:36,339 - exp_torch_topics_passive_i2000_b20_5 - INFO - start step #11
2020-03-14 13:48:38,725 - exp_torch_topics_passive_i2000_b20_5 - INFO - finish step #11 for 2.3860108852386475 sec
2020-03-14 13:48:38,725 - exp_torch_topics_passive_i2000_b20_5 - INFO - current val_accuracy: 0.28641648270787345
2020-03-14 13:48:38,726 - exp_torch_topics_passive_i2000_b20_5 - INFO - start step #12
2020-03-14 13:48:41,107 - exp_torch_topics_passive_i2000_b20_5 - INFO - finish step #12 for 2.3811450004577637 sec
2020-03-14 13:48:41,107 - exp_torch_topics_passive_i2000_b20_5 - INFO - current val_accuracy: 0.28903605592347315
2020-03-14 13:48:41,107 - exp_torch_topics_passive_i2000_b20_5 - INFO - start step #13
2020-03-14 13:48:43,451 - exp_torch_topics_passive_i2000_b20_5 - INFO - finish step #13 for 2.3435566425323486 sec
2020-03-14 13:48:43,451 - exp_torch_topics_passive_i2000_b20_5 - INFO - current val_accuracy: 0.2883002207505519
2020-03-14 13:48:43,451 - exp_torch_topics_passive_i2000_b20_5 - INFO - start step #14
2020-03-14 13:48:45,927 - exp_torch_topics_passive_i2000_b20_5 - INFO - finish step #14 for 2.4758310317993164 sec
2020-03-14 13:48:45,927 - exp_torch_topics_passive_i2000_b20_5 - INFO - current val_accuracy: 0.2911552612214864
2020-03-14 13:48:45,927 - exp_torch_topics_passive_i2000_b20_5 - INFO - start step #15
2020-03-14 13:48:48,235 - exp_torch_topics_passive_i2000_b20_5 - INFO - finish step #15 for 2.307178020477295 sec
2020-03-14 13:48:48,235 - exp_torch_topics_passive_i2000_b20_5 - INFO - current val_accuracy: 0.29409860191317144
2020-03-14 13:48:48,235 - exp_torch_topics_passive_i2000_b20_5 - INFO - start step #16
2020-03-14 13:48:50,607 - exp_torch_topics_passive_i2000_b20_5 - INFO - finish step #16 for 2.371877670288086 sec
2020-03-14 13:48:50,607 - exp_torch_topics_passive_i2000_b20_5 - INFO - current val_accuracy: 0.29592347314201617
2020-03-14 13:48:50,607 - exp_torch_topics_passive_i2000_b20_5 - INFO - start step #17
2020-03-14 13:48:53,012 - exp_torch_topics_passive_i2000_b20_5 - INFO - finish step #17 for 2.404787302017212 sec
2020-03-14 13:48:53,012 - exp_torch_topics_passive_i2000_b20_5 - INFO - current val_accuracy: 0.29777777777777775
2020-03-14 13:48:53,013 - exp_torch_topics_passive_i2000_b20_5 - INFO - start step #18
2020-03-14 13:48:55,431 - exp_torch_topics_passive_i2000_b20_5 - INFO - finish step #18 for 2.418259859085083 sec
2020-03-14 13:48:55,431 - exp_torch_topics_passive_i2000_b20_5 - INFO - current val_accuracy: 0.2984253127299485
2020-03-14 13:48:55,431 - exp_torch_topics_passive_i2000_b20_5 - INFO - start step #19
2020-03-14 13:48:57,868 - exp_torch_topics_passive_i2000_b20_5 - INFO - finish step #19 for 2.436802864074707 sec
2020-03-14 13:48:57,869 - exp_torch_topics_passive_i2000_b20_5 - INFO - current val_accuracy: 0.29892568064753494
2020-03-14 13:48:57,869 - exp_torch_topics_passive_i2000_b20_5 - INFO - start step #20
2020-03-14 13:49:00,260 - exp_torch_topics_passive_i2000_b20_5 - INFO - finish step #20 for 2.3912389278411865 sec
2020-03-14 13:49:00,260 - exp_torch_topics_passive_i2000_b20_5 - INFO - current val_accuracy: 0.2999558498896247
2020-03-14 13:49:00,260 - exp_torch_topics_passive_i2000_b20_5 - INFO - start step #21
2020-03-14 13:49:02,639 - exp_torch_topics_passive_i2000_b20_5 - INFO - finish step #21 for 2.378499984741211 sec
2020-03-14 13:49:02,639 - exp_torch_topics_passive_i2000_b20_5 - INFO - current val_accuracy: 0.3005739514348786
2020-03-14 13:49:02,639 - exp_torch_topics_passive_i2000_b20_5 - INFO - start step #22
2020-03-14 13:49:05,138 - exp_torch_topics_passive_i2000_b20_5 - INFO - finish step #22 for 2.4983060359954834 sec
2020-03-14 13:49:05,138 - exp_torch_topics_passive_i2000_b20_5 - INFO - current val_accuracy: 0.30281089036055925
2020-03-14 13:49:05,138 - exp_torch_topics_passive_i2000_b20_5 - INFO - start step #23
2020-03-14 13:49:07,595 - exp_torch_topics_passive_i2000_b20_5 - INFO - finish step #23 for 2.45684814453125 sec
2020-03-14 13:49:07,596 - exp_torch_topics_passive_i2000_b20_5 - INFO - current val_accuracy: 0.3073730684326711
2020-03-14 13:49:07,596 - exp_torch_topics_passive_i2000_b20_5 - INFO - start step #24
2020-03-14 13:49:10,090 - exp_torch_topics_passive_i2000_b20_5 - INFO - finish step #24 for 2.4940032958984375 sec
2020-03-14 13:49:10,090 - exp_torch_topics_passive_i2000_b20_5 - INFO - current val_accuracy: 0.3047829286239882
2020-03-14 13:49:10,090 - exp_torch_topics_passive_i2000_b20_5 - INFO - start step #25
2020-03-14 13:49:12,461 - exp_torch_topics_passive_i2000_b20_5 - INFO - finish step #25 for 2.3709158897399902 sec
2020-03-14 13:49:12,461 - exp_torch_topics_passive_i2000_b20_5 - INFO - current val_accuracy: 0.3076674025018396
2020-03-14 13:49:12,462 - exp_torch_topics_passive_i2000_b20_5 - INFO - start step #26
2020-03-14 13:49:14,877 - exp_torch_topics_passive_i2000_b20_5 - INFO - finish step #26 for 2.4157090187072754 sec
2020-03-14 13:49:14,878 - exp_torch_topics_passive_i2000_b20_5 - INFO - current val_accuracy: 0.3091390728476821
2020-03-14 13:49:14,878 - exp_torch_topics_passive_i2000_b20_5 - INFO - start step #27
2020-03-14 13:49:17,300 - exp_torch_topics_passive_i2000_b20_5 - INFO - finish step #27 for 2.421902894973755 sec
2020-03-14 13:49:17,300 - exp_torch_topics_passive_i2000_b20_5 - INFO - current val_accuracy: 0.3072259013980868
2020-03-14 13:49:17,300 - exp_torch_topics_passive_i2000_b20_5 - INFO - start step #28
2020-03-14 13:49:19,753 - exp_torch_topics_passive_i2000_b20_5 - INFO - finish step #28 for 2.453310012817383 sec
2020-03-14 13:49:19,754 - exp_torch_topics_passive_i2000_b20_5 - INFO - current val_accuracy: 0.2907726269315673
2020-03-14 13:49:19,754 - exp_torch_topics_passive_i2000_b20_5 - INFO - start step #29
2020-03-14 13:49:22,161 - exp_torch_topics_passive_i2000_b20_5 - INFO - finish step #29 for 2.407369375228882 sec
2020-03-14 13:49:22,161 - exp_torch_topics_passive_i2000_b20_5 - INFO - current val_accuracy: 0.2802649006622517
2020-03-14 13:49:22,162 - exp_torch_topics_passive_i2000_b20_5 - INFO - finish experiment process for 92.97822690010071 sec
2020-03-18 16:02:00,306 - exp_torch_topics_passive_i2000_b20_5 - INFO - start experiment process
2020-03-18 16:02:11,559 - exp_torch_topics_passive_i2000_b20_5 - INFO - initial val_accuracy: 0.3939661515820456
2020-03-18 16:02:11,577 - exp_torch_topics_passive_i2000_b20_5 - INFO - start step #0
2020-03-18 16:02:20,843 - exp_torch_topics_passive_i2000_b20_5 - INFO - finish step #0 for 8.923778057098389 sec
2020-03-18 16:02:20,848 - exp_torch_topics_passive_i2000_b20_5 - INFO - current val_accuracy: 0.3109050772626932
2020-03-18 16:02:20,848 - exp_torch_topics_passive_i2000_b20_5 - INFO - start step #1
2020-03-18 16:02:25,834 - exp_torch_topics_passive_i2000_b20_5 - INFO - finish step #1 for 4.985369920730591 sec
2020-03-18 16:02:25,834 - exp_torch_topics_passive_i2000_b20_5 - INFO - current val_accuracy: 0.3111111111111111
2020-03-18 16:02:25,834 - exp_torch_topics_passive_i2000_b20_5 - INFO - start step #2
2020-03-18 16:02:30,081 - exp_torch_topics_passive_i2000_b20_5 - INFO - finish step #2 for 4.246485948562622 sec
2020-03-18 16:02:30,082 - exp_torch_topics_passive_i2000_b20_5 - INFO - current val_accuracy: 0.3112288447387785
2020-03-18 16:02:30,083 - exp_torch_topics_passive_i2000_b20_5 - INFO - start step #3
2020-03-18 16:02:34,475 - exp_torch_topics_passive_i2000_b20_5 - INFO - finish step #3 for 4.392071962356567 sec
2020-03-18 16:02:34,475 - exp_torch_topics_passive_i2000_b20_5 - INFO - current val_accuracy: 0.30834437086092714
2020-03-18 16:02:34,476 - exp_torch_topics_passive_i2000_b20_5 - INFO - start step #4
2020-03-18 16:02:39,458 - exp_torch_topics_passive_i2000_b20_5 - INFO - finish step #4 for 4.982336044311523 sec
2020-03-18 16:02:39,459 - exp_torch_topics_passive_i2000_b20_5 - INFO - current val_accuracy: 0.3058425312729948
2020-03-18 16:02:39,459 - exp_torch_topics_passive_i2000_b20_5 - INFO - start step #5
2020-03-18 16:02:43,417 - exp_torch_topics_passive_i2000_b20_5 - INFO - finish step #5 for 3.957321882247925 sec
2020-03-18 16:02:43,419 - exp_torch_topics_passive_i2000_b20_5 - INFO - current val_accuracy: 0.3107579102281089
2020-03-18 16:02:43,419 - exp_torch_topics_passive_i2000_b20_5 - INFO - start step #6
2020-03-18 16:02:47,568 - exp_torch_topics_passive_i2000_b20_5 - INFO - finish step #6 for 4.148792028427124 sec
2020-03-18 16:02:47,569 - exp_torch_topics_passive_i2000_b20_5 - INFO - current val_accuracy: 0.31690949227373066
2020-03-18 16:02:47,569 - exp_torch_topics_passive_i2000_b20_5 - INFO - start step #7
2020-03-18 16:02:52,443 - exp_torch_topics_passive_i2000_b20_5 - INFO - finish step #7 for 4.873800039291382 sec
2020-03-18 16:02:52,444 - exp_torch_topics_passive_i2000_b20_5 - INFO - current val_accuracy: 0.31658572479764535
2020-03-18 16:02:52,444 - exp_torch_topics_passive_i2000_b20_5 - INFO - start step #8
2020-03-18 16:02:56,773 - exp_torch_topics_passive_i2000_b20_5 - INFO - finish step #8 for 4.328691005706787 sec
2020-03-18 16:02:56,773 - exp_torch_topics_passive_i2000_b20_5 - INFO - current val_accuracy: 0.32665194996320823
2020-03-18 16:02:56,773 - exp_torch_topics_passive_i2000_b20_5 - INFO - start step #9
2020-03-18 16:03:01,121 - exp_torch_topics_passive_i2000_b20_5 - INFO - finish step #9 for 4.347577810287476 sec
2020-03-18 16:03:01,121 - exp_torch_topics_passive_i2000_b20_5 - INFO - current val_accuracy: 0.33077262693156734
2020-03-18 16:03:01,121 - exp_torch_topics_passive_i2000_b20_5 - INFO - start step #10
2020-03-18 16:03:04,236 - exp_torch_topics_passive_i2000_b20_5 - INFO - finish step #10 for 3.114133834838867 sec
2020-03-18 16:03:04,237 - exp_torch_topics_passive_i2000_b20_5 - INFO - current val_accuracy: 0.33206769683590875
2020-03-18 16:03:04,237 - exp_torch_topics_passive_i2000_b20_5 - INFO - start step #11
2020-03-18 16:03:08,327 - exp_torch_topics_passive_i2000_b20_5 - INFO - finish step #11 for 4.08953595161438 sec
2020-03-18 16:03:08,327 - exp_torch_topics_passive_i2000_b20_5 - INFO - current val_accuracy: 0.3338925680647535
2020-03-18 16:03:08,327 - exp_torch_topics_passive_i2000_b20_5 - INFO - start step #12
2020-03-18 16:03:12,180 - exp_torch_topics_passive_i2000_b20_5 - INFO - finish step #12 for 3.8523659706115723 sec
2020-03-18 16:03:12,180 - exp_torch_topics_passive_i2000_b20_5 - INFO - current val_accuracy: 0.3344812362030905
2020-03-18 16:03:12,181 - exp_torch_topics_passive_i2000_b20_5 - INFO - start step #13
2020-03-18 16:03:15,322 - exp_torch_topics_passive_i2000_b20_5 - INFO - finish step #13 for 3.1413612365722656 sec
2020-03-18 16:03:15,322 - exp_torch_topics_passive_i2000_b20_5 - INFO - current val_accuracy: 0.3323325974981604
2020-03-18 16:03:15,322 - exp_torch_topics_passive_i2000_b20_5 - INFO - start step #14
2020-03-18 16:03:18,448 - exp_torch_topics_passive_i2000_b20_5 - INFO - finish step #14 for 3.125282049179077 sec
2020-03-18 16:03:18,448 - exp_torch_topics_passive_i2000_b20_5 - INFO - current val_accuracy: 0.3358646063281825
2020-03-18 16:03:18,448 - exp_torch_topics_passive_i2000_b20_5 - INFO - start step #15
2020-03-18 16:03:22,303 - exp_torch_topics_passive_i2000_b20_5 - INFO - finish step #15 for 3.8545072078704834 sec
2020-03-18 16:03:22,303 - exp_torch_topics_passive_i2000_b20_5 - INFO - current val_accuracy: 0.3398381162619573
2020-03-18 16:03:22,303 - exp_torch_topics_passive_i2000_b20_5 - INFO - start step #16
2020-03-18 16:03:25,665 - exp_torch_topics_passive_i2000_b20_5 - INFO - finish step #16 for 3.361726760864258 sec
2020-03-18 16:03:25,665 - exp_torch_topics_passive_i2000_b20_5 - INFO - current val_accuracy: 0.33851361295069904
2020-03-18 16:03:25,666 - exp_torch_topics_passive_i2000_b20_5 - INFO - start step #17
2020-03-18 16:03:29,993 - exp_torch_topics_passive_i2000_b20_5 - INFO - finish step #17 for 4.327004909515381 sec
2020-03-18 16:03:29,994 - exp_torch_topics_passive_i2000_b20_5 - INFO - current val_accuracy: 0.33842531272994847
2020-03-18 16:03:29,994 - exp_torch_topics_passive_i2000_b20_5 - INFO - start step #18
2020-03-18 16:03:33,483 - exp_torch_topics_passive_i2000_b20_5 - INFO - finish step #18 for 3.4891247749328613 sec
2020-03-18 16:03:33,483 - exp_torch_topics_passive_i2000_b20_5 - INFO - current val_accuracy: 0.3383664459161148
2020-03-18 16:03:33,484 - exp_torch_topics_passive_i2000_b20_5 - INFO - start step #19
2020-03-18 16:03:38,932 - exp_torch_topics_passive_i2000_b20_5 - INFO - finish step #19 for 5.448578119277954 sec
2020-03-18 16:03:38,933 - exp_torch_topics_passive_i2000_b20_5 - INFO - current val_accuracy: 0.34136865342163353
2020-03-18 16:03:38,933 - exp_torch_topics_passive_i2000_b20_5 - INFO - start step #20
2020-03-18 16:03:45,289 - exp_torch_topics_passive_i2000_b20_5 - INFO - finish step #20 for 6.3557140827178955 sec
2020-03-18 16:03:45,292 - exp_torch_topics_passive_i2000_b20_5 - INFO - current val_accuracy: 0.3413980868285504
2020-03-18 16:03:45,293 - exp_torch_topics_passive_i2000_b20_5 - INFO - start step #21
2020-03-18 16:03:50,476 - exp_torch_topics_passive_i2000_b20_5 - INFO - finish step #21 for 5.183450937271118 sec
2020-03-18 16:03:50,476 - exp_torch_topics_passive_i2000_b20_5 - INFO - current val_accuracy: 0.34401766004415013
2020-03-18 16:03:50,477 - exp_torch_topics_passive_i2000_b20_5 - INFO - start step #22
2020-03-18 16:03:54,194 - exp_torch_topics_passive_i2000_b20_5 - INFO - finish step #22 for 3.717384099960327 sec
2020-03-18 16:03:54,195 - exp_torch_topics_passive_i2000_b20_5 - INFO - current val_accuracy: 0.34440029433406916
2020-03-18 16:03:54,195 - exp_torch_topics_passive_i2000_b20_5 - INFO - start step #23
2020-03-18 16:04:00,354 - exp_torch_topics_passive_i2000_b20_5 - INFO - finish step #23 for 6.159340143203735 sec
2020-03-18 16:04:00,355 - exp_torch_topics_passive_i2000_b20_5 - INFO - current val_accuracy: 0.34822663723325975
2020-03-18 16:04:00,355 - exp_torch_topics_passive_i2000_b20_5 - INFO - start step #24
2020-03-18 16:04:06,977 - exp_torch_topics_passive_i2000_b20_5 - INFO - finish step #24 for 6.622190713882446 sec
2020-03-18 16:04:06,978 - exp_torch_topics_passive_i2000_b20_5 - INFO - current val_accuracy: 0.34716703458425313
2020-03-18 16:04:06,978 - exp_torch_topics_passive_i2000_b20_5 - INFO - start step #25
2020-03-18 16:04:12,728 - exp_torch_topics_passive_i2000_b20_5 - INFO - finish step #25 for 5.749093770980835 sec
2020-03-18 16:04:12,728 - exp_torch_topics_passive_i2000_b20_5 - INFO - current val_accuracy: 0.3455776306107432
2020-03-18 16:04:12,728 - exp_torch_topics_passive_i2000_b20_5 - INFO - start step #26
2020-03-18 16:04:16,804 - exp_torch_topics_passive_i2000_b20_5 - INFO - finish step #26 for 4.076034069061279 sec
2020-03-18 16:04:16,805 - exp_torch_topics_passive_i2000_b20_5 - INFO - current val_accuracy: 0.35019867549668876
2020-03-18 16:04:16,805 - exp_torch_topics_passive_i2000_b20_5 - INFO - start step #27
2020-03-18 16:04:21,045 - exp_torch_topics_passive_i2000_b20_5 - INFO - finish step #27 for 4.239910840988159 sec
2020-03-18 16:04:21,046 - exp_torch_topics_passive_i2000_b20_5 - INFO - current val_accuracy: 0.3514054451802796
2020-03-18 16:04:21,046 - exp_torch_topics_passive_i2000_b20_5 - INFO - start step #28
2020-03-18 16:04:25,201 - exp_torch_topics_passive_i2000_b20_5 - INFO - finish step #28 for 4.1550133228302 sec
2020-03-18 16:04:25,202 - exp_torch_topics_passive_i2000_b20_5 - INFO - current val_accuracy: 0.35264164827078737
2020-03-18 16:04:25,202 - exp_torch_topics_passive_i2000_b20_5 - INFO - start step #29
2020-03-18 16:04:32,543 - exp_torch_topics_passive_i2000_b20_5 - INFO - finish step #29 for 7.340673923492432 sec
2020-03-18 16:04:32,544 - exp_torch_topics_passive_i2000_b20_5 - INFO - current val_accuracy: 0.34057395143487856
2020-03-18 16:04:32,544 - exp_torch_topics_passive_i2000_b20_5 - INFO - finish experiment process for 152.23424983024597 sec
2020-03-18 21:08:25,792 - exp_torch_topics_passive_i2000_b20_5 - INFO - start experiment process
2020-03-18 21:08:35,420 - exp_torch_topics_passive_i2000_b20_5 - INFO - initial val_accuracy: 0.4013245033112583
2020-03-18 21:08:35,427 - exp_torch_topics_passive_i2000_b20_5 - INFO - start step #0
2020-03-18 21:08:40,121 - exp_torch_topics_passive_i2000_b20_5 - INFO - finish step #0 for 4.69431209564209 sec
2020-03-18 21:08:40,121 - exp_torch_topics_passive_i2000_b20_5 - INFO - current val_accuracy: 0.4041795437821928
2020-03-18 21:08:40,122 - exp_torch_topics_passive_i2000_b20_5 - INFO - start step #1
2020-03-18 21:08:42,512 - exp_torch_topics_passive_i2000_b20_5 - INFO - finish step #1 for 2.3905348777770996 sec
2020-03-18 21:08:42,513 - exp_torch_topics_passive_i2000_b20_5 - INFO - current val_accuracy: 0.40694628403237676
2020-03-18 21:08:42,517 - exp_torch_topics_passive_i2000_b20_5 - INFO - start step #2
2020-03-18 21:08:44,641 - exp_torch_topics_passive_i2000_b20_5 - INFO - finish step #2 for 2.1240930557250977 sec
2020-03-18 21:08:44,644 - exp_torch_topics_passive_i2000_b20_5 - INFO - current val_accuracy: 0.412214863870493
2020-03-18 21:08:44,645 - exp_torch_topics_passive_i2000_b20_5 - INFO - start step #3
2020-03-18 21:08:46,643 - exp_torch_topics_passive_i2000_b20_5 - INFO - finish step #3 for 1.9979729652404785 sec
2020-03-18 21:08:46,643 - exp_torch_topics_passive_i2000_b20_5 - INFO - current val_accuracy: 0.4067402501839588
2020-03-18 21:08:46,643 - exp_torch_topics_passive_i2000_b20_5 - INFO - start step #4
2020-03-18 21:08:51,017 - exp_torch_topics_passive_i2000_b20_5 - INFO - finish step #4 for 4.373430013656616 sec
2020-03-18 21:08:51,019 - exp_torch_topics_passive_i2000_b20_5 - INFO - current val_accuracy: 0.3987932303164091
2020-03-18 21:08:51,020 - exp_torch_topics_passive_i2000_b20_5 - INFO - start step #5
2020-03-18 21:08:55,562 - exp_torch_topics_passive_i2000_b20_5 - INFO - finish step #5 for 4.542217016220093 sec
2020-03-18 21:08:55,672 - exp_torch_topics_passive_i2000_b20_5 - INFO - current val_accuracy: 0.40603384841795437
2020-03-18 21:08:55,673 - exp_torch_topics_passive_i2000_b20_5 - INFO - start step #6
2020-03-18 21:08:59,697 - exp_torch_topics_passive_i2000_b20_5 - INFO - finish step #6 for 4.023768901824951 sec
2020-03-18 21:08:59,697 - exp_torch_topics_passive_i2000_b20_5 - INFO - current val_accuracy: 0.40865342163355406
2020-03-18 21:08:59,698 - exp_torch_topics_passive_i2000_b20_5 - INFO - start step #7
2020-03-18 21:09:04,220 - exp_torch_topics_passive_i2000_b20_5 - INFO - finish step #7 for 4.522519111633301 sec
2020-03-18 21:09:04,221 - exp_torch_topics_passive_i2000_b20_5 - INFO - current val_accuracy: 0.4153348050036792
2020-03-18 21:09:04,221 - exp_torch_topics_passive_i2000_b20_5 - INFO - start step #8
2020-03-18 21:09:06,978 - exp_torch_topics_passive_i2000_b20_5 - INFO - finish step #8 for 2.7567901611328125 sec
2020-03-18 21:09:06,980 - exp_torch_topics_passive_i2000_b20_5 - INFO - current val_accuracy: 0.4148933038999264
2020-03-18 21:09:06,980 - exp_torch_topics_passive_i2000_b20_5 - INFO - start step #9
2020-03-18 21:09:09,696 - exp_torch_topics_passive_i2000_b20_5 - INFO - finish step #9 for 2.714865207672119 sec
2020-03-18 21:09:09,696 - exp_torch_topics_passive_i2000_b20_5 - INFO - current val_accuracy: 0.41836644591611477
2020-03-18 21:09:09,696 - exp_torch_topics_passive_i2000_b20_5 - INFO - start step #10
2020-03-18 21:09:11,406 - exp_torch_topics_passive_i2000_b20_5 - INFO - finish step #10 for 1.7102811336517334 sec
2020-03-18 21:09:11,407 - exp_torch_topics_passive_i2000_b20_5 - INFO - current val_accuracy: 0.4298160412067697
2020-03-18 21:09:11,407 - exp_torch_topics_passive_i2000_b20_5 - INFO - start step #11
2020-03-18 21:09:13,691 - exp_torch_topics_passive_i2000_b20_5 - INFO - finish step #11 for 2.284087896347046 sec
2020-03-18 21:09:13,694 - exp_torch_topics_passive_i2000_b20_5 - INFO - current val_accuracy: 0.43055187637969095
2020-03-18 21:09:13,694 - exp_torch_topics_passive_i2000_b20_5 - INFO - start step #12
2020-03-18 21:09:15,463 - exp_torch_topics_passive_i2000_b20_5 - INFO - finish step #12 for 1.7691290378570557 sec
2020-03-18 21:09:15,463 - exp_torch_topics_passive_i2000_b20_5 - INFO - current val_accuracy: 0.43178807947019865
2020-03-18 21:09:15,463 - exp_torch_topics_passive_i2000_b20_5 - INFO - start step #13
2020-03-18 21:09:17,514 - exp_torch_topics_passive_i2000_b20_5 - INFO - finish step #13 for 2.0508391857147217 sec
2020-03-18 21:09:17,515 - exp_torch_topics_passive_i2000_b20_5 - INFO - current val_accuracy: 0.43169977924944813
2020-03-18 21:09:17,515 - exp_torch_topics_passive_i2000_b20_5 - INFO - start step #14
2020-03-18 21:09:20,306 - exp_torch_topics_passive_i2000_b20_5 - INFO - finish step #14 for 2.7906501293182373 sec
2020-03-18 21:09:20,405 - exp_torch_topics_passive_i2000_b20_5 - INFO - current val_accuracy: 0.4327888153053716
2020-03-18 21:09:20,406 - exp_torch_topics_passive_i2000_b20_5 - INFO - start step #15
2020-03-18 21:09:23,835 - exp_torch_topics_passive_i2000_b20_5 - INFO - finish step #15 for 3.4286551475524902 sec
2020-03-18 21:09:23,835 - exp_torch_topics_passive_i2000_b20_5 - INFO - current val_accuracy: 0.435467255334805
2020-03-18 21:09:23,835 - exp_torch_topics_passive_i2000_b20_5 - INFO - start step #16
2020-03-18 21:09:27,163 - exp_torch_topics_passive_i2000_b20_5 - INFO - finish step #16 for 3.3276872634887695 sec
2020-03-18 21:09:27,166 - exp_torch_topics_passive_i2000_b20_5 - INFO - current val_accuracy: 0.43643855776306106
2020-03-18 21:09:27,167 - exp_torch_topics_passive_i2000_b20_5 - INFO - start step #17
2020-03-18 21:09:29,741 - exp_torch_topics_passive_i2000_b20_5 - INFO - finish step #17 for 2.5740621089935303 sec
2020-03-18 21:09:29,741 - exp_torch_topics_passive_i2000_b20_5 - INFO - current val_accuracy: 0.43740986019131717
2020-03-18 21:09:29,741 - exp_torch_topics_passive_i2000_b20_5 - INFO - start step #18
2020-03-18 21:09:31,482 - exp_torch_topics_passive_i2000_b20_5 - INFO - finish step #18 for 1.7409279346466064 sec
2020-03-18 21:09:31,483 - exp_torch_topics_passive_i2000_b20_5 - INFO - current val_accuracy: 0.4398233995584989
2020-03-18 21:09:31,483 - exp_torch_topics_passive_i2000_b20_5 - INFO - start step #19
2020-03-18 21:09:34,181 - exp_torch_topics_passive_i2000_b20_5 - INFO - finish step #19 for 2.6980509757995605 sec
2020-03-18 21:09:34,183 - exp_torch_topics_passive_i2000_b20_5 - INFO - current val_accuracy: 0.4398822663723326
2020-03-18 21:09:34,183 - exp_torch_topics_passive_i2000_b20_5 - INFO - start step #20
2020-03-18 21:09:36,226 - exp_torch_topics_passive_i2000_b20_5 - INFO - finish step #20 for 2.042531967163086 sec
2020-03-18 21:09:36,226 - exp_torch_topics_passive_i2000_b20_5 - INFO - current val_accuracy: 0.4377336276674025
2020-03-18 21:09:36,226 - exp_torch_topics_passive_i2000_b20_5 - INFO - start step #21
2020-03-18 21:09:38,114 - exp_torch_topics_passive_i2000_b20_5 - INFO - finish step #21 for 1.887375831604004 sec
2020-03-18 21:09:38,114 - exp_torch_topics_passive_i2000_b20_5 - INFO - current val_accuracy: 0.4398233995584989
2020-03-18 21:09:38,114 - exp_torch_topics_passive_i2000_b20_5 - INFO - start step #22
2020-03-18 21:09:39,880 - exp_torch_topics_passive_i2000_b20_5 - INFO - finish step #22 for 1.765631914138794 sec
2020-03-18 21:09:39,880 - exp_torch_topics_passive_i2000_b20_5 - INFO - current val_accuracy: 0.441766004415011
2020-03-18 21:09:39,880 - exp_torch_topics_passive_i2000_b20_5 - INFO - start step #23
2020-03-18 21:09:41,726 - exp_torch_topics_passive_i2000_b20_5 - INFO - finish step #23 for 1.8449902534484863 sec
2020-03-18 21:09:41,726 - exp_torch_topics_passive_i2000_b20_5 - INFO - current val_accuracy: 0.44494481236203093
2020-03-18 21:09:41,727 - exp_torch_topics_passive_i2000_b20_5 - INFO - start step #24
2020-03-18 21:09:44,045 - exp_torch_topics_passive_i2000_b20_5 - INFO - finish step #24 for 2.3186380863189697 sec
2020-03-18 21:09:44,045 - exp_torch_topics_passive_i2000_b20_5 - INFO - current val_accuracy: 0.4420603384841795
2020-03-18 21:09:44,046 - exp_torch_topics_passive_i2000_b20_5 - INFO - start step #25
2020-03-18 21:09:46,078 - exp_torch_topics_passive_i2000_b20_5 - INFO - finish step #25 for 2.0326478481292725 sec
2020-03-18 21:09:46,079 - exp_torch_topics_passive_i2000_b20_5 - INFO - current val_accuracy: 0.4444738778513613
2020-03-18 21:09:46,079 - exp_torch_topics_passive_i2000_b20_5 - INFO - start step #26
2020-03-18 21:09:48,557 - exp_torch_topics_passive_i2000_b20_5 - INFO - finish step #26 for 2.4780218601226807 sec
2020-03-18 21:09:48,558 - exp_torch_topics_passive_i2000_b20_5 - INFO - current val_accuracy: 0.44824135393671816
2020-03-18 21:09:48,558 - exp_torch_topics_passive_i2000_b20_5 - INFO - start step #27
2020-03-18 21:09:50,786 - exp_torch_topics_passive_i2000_b20_5 - INFO - finish step #27 for 2.2275588512420654 sec
2020-03-18 21:09:50,786 - exp_torch_topics_passive_i2000_b20_5 - INFO - current val_accuracy: 0.447093451066961
2020-03-18 21:09:50,787 - exp_torch_topics_passive_i2000_b20_5 - INFO - start step #28
2020-03-18 21:09:53,072 - exp_torch_topics_passive_i2000_b20_5 - INFO - finish step #28 for 2.28267502784729 sec
2020-03-18 21:09:53,076 - exp_torch_topics_passive_i2000_b20_5 - INFO - current val_accuracy: 0.44685798381162617
2020-03-18 21:09:53,076 - exp_torch_topics_passive_i2000_b20_5 - INFO - start step #29
2020-03-18 21:09:55,714 - exp_torch_topics_passive_i2000_b20_5 - INFO - finish step #29 for 2.6381421089172363 sec
2020-03-18 21:09:55,715 - exp_torch_topics_passive_i2000_b20_5 - INFO - current val_accuracy: 0.4398233995584989
2020-03-18 21:09:55,716 - exp_torch_topics_passive_i2000_b20_5 - INFO - finish experiment process for 89.9199788570404 sec
2020-03-19 03:24:38,552 - exp_torch_topics_passive_i2000_b20_5 - INFO - start experiment process
2020-03-19 03:24:44,103 - exp_torch_topics_passive_i2000_b20_5 - INFO - initial val_accuracy: 0.4367328918322296
2020-03-19 03:24:44,106 - exp_torch_topics_passive_i2000_b20_5 - INFO - start step #0
2020-03-19 03:24:47,553 - exp_torch_topics_passive_i2000_b20_5 - INFO - finish step #0 for 3.4468891620635986 sec
2020-03-19 03:24:47,554 - exp_torch_topics_passive_i2000_b20_5 - INFO - current val_accuracy: 0.4347019867549669
2020-03-19 03:24:47,586 - exp_torch_topics_passive_i2000_b20_5 - INFO - start step #1
2020-03-19 03:24:49,600 - exp_torch_topics_passive_i2000_b20_5 - INFO - finish step #1 for 2.013490915298462 sec
2020-03-19 03:24:49,600 - exp_torch_topics_passive_i2000_b20_5 - INFO - current val_accuracy: 0.43905813097866075
2020-03-19 03:24:49,600 - exp_torch_topics_passive_i2000_b20_5 - INFO - start step #2
2020-03-19 03:24:51,396 - exp_torch_topics_passive_i2000_b20_5 - INFO - finish step #2 for 1.7957398891448975 sec
2020-03-19 03:24:51,396 - exp_torch_topics_passive_i2000_b20_5 - INFO - current val_accuracy: 0.44385577630610745
2020-03-19 03:24:51,396 - exp_torch_topics_passive_i2000_b20_5 - INFO - start step #3
2020-03-19 03:24:53,816 - exp_torch_topics_passive_i2000_b20_5 - INFO - finish step #3 for 2.4190640449523926 sec
2020-03-19 03:24:53,816 - exp_torch_topics_passive_i2000_b20_5 - INFO - current val_accuracy: 0.43849889624724064
2020-03-19 03:24:53,816 - exp_torch_topics_passive_i2000_b20_5 - INFO - start step #4
2020-03-19 03:24:55,749 - exp_torch_topics_passive_i2000_b20_5 - INFO - finish step #4 for 1.9326708316802979 sec
2020-03-19 03:24:55,749 - exp_torch_topics_passive_i2000_b20_5 - INFO - current val_accuracy: 0.43428991905813097
2020-03-19 03:24:55,749 - exp_torch_topics_passive_i2000_b20_5 - INFO - start step #5
2020-03-19 03:24:57,628 - exp_torch_topics_passive_i2000_b20_5 - INFO - finish step #5 for 1.8789126873016357 sec
2020-03-19 03:24:57,628 - exp_torch_topics_passive_i2000_b20_5 - INFO - current val_accuracy: 0.42787343635025754
2020-03-19 03:24:57,629 - exp_torch_topics_passive_i2000_b20_5 - INFO - start step #6
2020-03-19 03:24:59,547 - exp_torch_topics_passive_i2000_b20_5 - INFO - finish step #6 for 1.9181370735168457 sec
2020-03-19 03:24:59,547 - exp_torch_topics_passive_i2000_b20_5 - INFO - current val_accuracy: 0.4355849889624724
2020-03-19 03:24:59,547 - exp_torch_topics_passive_i2000_b20_5 - INFO - start step #7
2020-03-19 03:25:01,514 - exp_torch_topics_passive_i2000_b20_5 - INFO - finish step #7 for 1.9666790962219238 sec
2020-03-19 03:25:01,514 - exp_torch_topics_passive_i2000_b20_5 - INFO - current val_accuracy: 0.4422958057395143
2020-03-19 03:25:01,514 - exp_torch_topics_passive_i2000_b20_5 - INFO - start step #8
2020-03-19 03:25:03,389 - exp_torch_topics_passive_i2000_b20_5 - INFO - finish step #8 for 1.874433994293213 sec
2020-03-19 03:25:03,389 - exp_torch_topics_passive_i2000_b20_5 - INFO - current val_accuracy: 0.44364974245768946
2020-03-19 03:25:03,389 - exp_torch_topics_passive_i2000_b20_5 - INFO - start step #9
2020-03-19 03:25:05,282 - exp_torch_topics_passive_i2000_b20_5 - INFO - finish step #9 for 1.8923640251159668 sec
2020-03-19 03:25:05,282 - exp_torch_topics_passive_i2000_b20_5 - INFO - current val_accuracy: 0.44547461368653424
2020-03-19 03:25:05,282 - exp_torch_topics_passive_i2000_b20_5 - INFO - start step #10
2020-03-19 03:25:07,333 - exp_torch_topics_passive_i2000_b20_5 - INFO - finish step #10 for 2.0506601333618164 sec
2020-03-19 03:25:07,333 - exp_torch_topics_passive_i2000_b20_5 - INFO - current val_accuracy: 0.44753495217071376
2020-03-19 03:25:07,333 - exp_torch_topics_passive_i2000_b20_5 - INFO - start step #11
2020-03-19 03:25:09,251 - exp_torch_topics_passive_i2000_b20_5 - INFO - finish step #11 for 1.9170348644256592 sec
2020-03-19 03:25:09,251 - exp_torch_topics_passive_i2000_b20_5 - INFO - current val_accuracy: 0.4495069904341428
2020-03-19 03:25:09,251 - exp_torch_topics_passive_i2000_b20_5 - INFO - start step #12
2020-03-19 03:25:11,198 - exp_torch_topics_passive_i2000_b20_5 - INFO - finish step #12 for 1.9464881420135498 sec
2020-03-19 03:25:11,198 - exp_torch_topics_passive_i2000_b20_5 - INFO - current val_accuracy: 0.45521707137601175
2020-03-19 03:25:11,198 - exp_torch_topics_passive_i2000_b20_5 - INFO - start step #13
2020-03-19 03:25:13,096 - exp_torch_topics_passive_i2000_b20_5 - INFO - finish step #13 for 1.897916316986084 sec
2020-03-19 03:25:13,096 - exp_torch_topics_passive_i2000_b20_5 - INFO - current val_accuracy: 0.45445180279617364
2020-03-19 03:25:13,096 - exp_torch_topics_passive_i2000_b20_5 - INFO - start step #14
2020-03-19 03:25:14,981 - exp_torch_topics_passive_i2000_b20_5 - INFO - finish step #14 for 1.8848488330841064 sec
2020-03-19 03:25:14,982 - exp_torch_topics_passive_i2000_b20_5 - INFO - current val_accuracy: 0.4519793966151582
2020-03-19 03:25:14,982 - exp_torch_topics_passive_i2000_b20_5 - INFO - start step #15
2020-03-19 03:25:16,900 - exp_torch_topics_passive_i2000_b20_5 - INFO - finish step #15 for 1.9184660911560059 sec
2020-03-19 03:25:16,900 - exp_torch_topics_passive_i2000_b20_5 - INFO - current val_accuracy: 0.4549521707137601
2020-03-19 03:25:16,901 - exp_torch_topics_passive_i2000_b20_5 - INFO - start step #16
2020-03-19 03:25:18,887 - exp_torch_topics_passive_i2000_b20_5 - INFO - finish step #16 for 1.9862098693847656 sec
2020-03-19 03:25:18,887 - exp_torch_topics_passive_i2000_b20_5 - INFO - current val_accuracy: 0.4553348050036792
2020-03-19 03:25:18,887 - exp_torch_topics_passive_i2000_b20_5 - INFO - start step #17
2020-03-19 03:25:20,814 - exp_torch_topics_passive_i2000_b20_5 - INFO - finish step #17 for 1.9263200759887695 sec
2020-03-19 03:25:20,814 - exp_torch_topics_passive_i2000_b20_5 - INFO - current val_accuracy: 0.4581604120676968
2020-03-19 03:25:20,814 - exp_torch_topics_passive_i2000_b20_5 - INFO - start step #18
2020-03-19 03:25:22,731 - exp_torch_topics_passive_i2000_b20_5 - INFO - finish step #18 for 1.916496753692627 sec
2020-03-19 03:25:22,731 - exp_torch_topics_passive_i2000_b20_5 - INFO - current val_accuracy: 0.45595290654893306
2020-03-19 03:25:22,731 - exp_torch_topics_passive_i2000_b20_5 - INFO - start step #19
2020-03-19 03:25:24,676 - exp_torch_topics_passive_i2000_b20_5 - INFO - finish step #19 for 1.9448959827423096 sec
2020-03-19 03:25:24,676 - exp_torch_topics_passive_i2000_b20_5 - INFO - current val_accuracy: 0.4566298749080206
2020-03-19 03:25:24,677 - exp_torch_topics_passive_i2000_b20_5 - INFO - start step #20
2020-03-19 03:25:26,658 - exp_torch_topics_passive_i2000_b20_5 - INFO - finish step #20 for 1.9808650016784668 sec
2020-03-19 03:25:26,658 - exp_torch_topics_passive_i2000_b20_5 - INFO - current val_accuracy: 0.4564532744665195
2020-03-19 03:25:26,658 - exp_torch_topics_passive_i2000_b20_5 - INFO - start step #21
2020-03-19 03:25:28,594 - exp_torch_topics_passive_i2000_b20_5 - INFO - finish step #21 for 1.9362208843231201 sec
2020-03-19 03:25:28,594 - exp_torch_topics_passive_i2000_b20_5 - INFO - current val_accuracy: 0.45780721118469464
2020-03-19 03:25:28,595 - exp_torch_topics_passive_i2000_b20_5 - INFO - start step #22
2020-03-19 03:25:30,536 - exp_torch_topics_passive_i2000_b20_5 - INFO - finish step #22 for 1.9411959648132324 sec
2020-03-19 03:25:30,536 - exp_torch_topics_passive_i2000_b20_5 - INFO - current val_accuracy: 0.4598381162619573
2020-03-19 03:25:30,536 - exp_torch_topics_passive_i2000_b20_5 - INFO - start step #23
2020-03-19 03:25:32,484 - exp_torch_topics_passive_i2000_b20_5 - INFO - finish step #23 for 1.9478192329406738 sec
2020-03-19 03:25:32,484 - exp_torch_topics_passive_i2000_b20_5 - INFO - current val_accuracy: 0.4593671817512877
2020-03-19 03:25:32,485 - exp_torch_topics_passive_i2000_b20_5 - INFO - start step #24
2020-03-19 03:25:34,515 - exp_torch_topics_passive_i2000_b20_5 - INFO - finish step #24 for 2.030055046081543 sec
2020-03-19 03:25:34,516 - exp_torch_topics_passive_i2000_b20_5 - INFO - current val_accuracy: 0.4599264164827079
2020-03-19 03:25:34,516 - exp_torch_topics_passive_i2000_b20_5 - INFO - start step #25
2020-03-19 03:25:36,468 - exp_torch_topics_passive_i2000_b20_5 - INFO - finish step #25 for 1.9520118236541748 sec
2020-03-19 03:25:36,469 - exp_torch_topics_passive_i2000_b20_5 - INFO - current val_accuracy: 0.4597792494481236
2020-03-19 03:25:36,469 - exp_torch_topics_passive_i2000_b20_5 - INFO - start step #26
2020-03-19 03:25:38,431 - exp_torch_topics_passive_i2000_b20_5 - INFO - finish step #26 for 1.9621882438659668 sec
2020-03-19 03:25:38,431 - exp_torch_topics_passive_i2000_b20_5 - INFO - current val_accuracy: 0.45842531272994846
2020-03-19 03:25:38,431 - exp_torch_topics_passive_i2000_b20_5 - INFO - start step #27
2020-03-19 03:25:40,380 - exp_torch_topics_passive_i2000_b20_5 - INFO - finish step #27 for 1.9488651752471924 sec
2020-03-19 03:25:40,381 - exp_torch_topics_passive_i2000_b20_5 - INFO - current val_accuracy: 0.4603090507726269
2020-03-19 03:25:40,381 - exp_torch_topics_passive_i2000_b20_5 - INFO - start step #28
2020-03-19 03:25:42,480 - exp_torch_topics_passive_i2000_b20_5 - INFO - finish step #28 for 2.098639965057373 sec
2020-03-19 03:25:42,480 - exp_torch_topics_passive_i2000_b20_5 - INFO - current val_accuracy: 0.4616924208977189
2020-03-19 03:25:42,480 - exp_torch_topics_passive_i2000_b20_5 - INFO - start step #29
2020-03-19 03:25:44,479 - exp_torch_topics_passive_i2000_b20_5 - INFO - finish step #29 for 1.9989137649536133 sec
2020-03-19 03:25:44,479 - exp_torch_topics_passive_i2000_b20_5 - INFO - current val_accuracy: 0.4475938189845475
2020-03-19 03:25:44,479 - exp_torch_topics_passive_i2000_b20_5 - INFO - finish experiment process for 65.9179630279541 sec
