2020-03-27 08:07:15,490 - exp_torch_topics_d128_bald_entropy3_i2000_b20_q100_sf512_3 - INFO - start experiment process
2020-03-27 08:07:18,943 - exp_torch_topics_d128_bald_entropy3_i2000_b20_q100_sf512_3 - INFO - initial val_accuracy: 0.45398086828550405
2020-03-27 08:07:18,943 - exp_torch_topics_d128_bald_entropy3_i2000_b20_q100_sf512_3 - INFO - start step #0
2020-03-27 08:07:53,859 - exp_torch_topics_d128_bald_entropy3_i2000_b20_q100_sf512_3 - INFO - query idx: [88233 21211  9247 79225 92414 27059 51322 85495 66570 95006 71687  5200
 81800 57622 61254 92088 54310 82004 43223 78071]
2020-03-27 08:07:58,484 - exp_torch_topics_d128_bald_entropy3_i2000_b20_q100_sf512_3 - INFO - finish step #0 for 39.391124963760376 sec
2020-03-27 08:07:58,484 - exp_torch_topics_d128_bald_entropy3_i2000_b20_q100_sf512_3 - INFO - current val_accuracy: 0.45015452538631345
2020-03-27 08:07:58,484 - exp_torch_topics_d128_bald_entropy3_i2000_b20_q100_sf512_3 - INFO - start step #1
2020-03-27 08:08:23,716 - exp_torch_topics_d128_bald_entropy3_i2000_b20_q100_sf512_3 - INFO - query idx: [37105 13235 80999 48745 78435 24756 23308 99210 64902 65153 31206 80750
 26875 63153 50544 42808 27993 20052 17755 63517]
2020-03-27 08:08:26,213 - exp_torch_topics_d128_bald_entropy3_i2000_b20_q100_sf512_3 - INFO - finish step #1 for 27.728705167770386 sec
2020-03-27 08:08:26,213 - exp_torch_topics_d128_bald_entropy3_i2000_b20_q100_sf512_3 - INFO - current val_accuracy: 0.4515673289183223
2020-03-27 08:08:26,213 - exp_torch_topics_d128_bald_entropy3_i2000_b20_q100_sf512_3 - INFO - start step #2
2020-03-27 08:08:50,998 - exp_torch_topics_d128_bald_entropy3_i2000_b20_q100_sf512_3 - INFO - query idx: [58736  2710 30746 67437 78107 14159 78100 56840 15065 61653  7902 13715
 66833 11368 46537 41226 17092 70807 43789  4302]
2020-03-27 08:08:53,511 - exp_torch_topics_d128_bald_entropy3_i2000_b20_q100_sf512_3 - INFO - finish step #2 for 27.297567129135132 sec
2020-03-27 08:08:53,511 - exp_torch_topics_d128_bald_entropy3_i2000_b20_q100_sf512_3 - INFO - current val_accuracy: 0.45559970566593083
2020-03-27 08:08:53,511 - exp_torch_topics_d128_bald_entropy3_i2000_b20_q100_sf512_3 - INFO - start step #3
2020-03-27 08:09:18,994 - exp_torch_topics_d128_bald_entropy3_i2000_b20_q100_sf512_3 - INFO - query idx: [80973 85374 60834 50559 24082 11462 70387  6886 86872 18082  8253 15654
 75901 73530 39873 41991 13970 86902 70061 97004]
2020-03-27 08:09:21,371 - exp_torch_topics_d128_bald_entropy3_i2000_b20_q100_sf512_3 - INFO - finish step #3 for 27.86001420021057 sec
2020-03-27 08:09:21,371 - exp_torch_topics_d128_bald_entropy3_i2000_b20_q100_sf512_3 - INFO - current val_accuracy: 0.45350993377483445
2020-03-27 08:09:21,372 - exp_torch_topics_d128_bald_entropy3_i2000_b20_q100_sf512_3 - INFO - start step #4
2020-03-27 08:09:48,544 - exp_torch_topics_d128_bald_entropy3_i2000_b20_q100_sf512_3 - INFO - query idx: [34729 56131 62215 53847 68264 68074 32886 22158  3276 16434 52120 18314
 18741 68219 32529 93318 11178 27988 79893 83501]
2020-03-27 08:09:52,039 - exp_torch_topics_d128_bald_entropy3_i2000_b20_q100_sf512_3 - INFO - finish step #4 for 30.66701316833496 sec
2020-03-27 08:09:52,039 - exp_torch_topics_d128_bald_entropy3_i2000_b20_q100_sf512_3 - INFO - current val_accuracy: 0.45398086828550405
2020-03-27 08:09:52,039 - exp_torch_topics_d128_bald_entropy3_i2000_b20_q100_sf512_3 - INFO - start step #5
2020-03-27 08:10:16,827 - exp_torch_topics_d128_bald_entropy3_i2000_b20_q100_sf512_3 - INFO - query idx: [71128 46340 39564 61110 63358 60366 55413 23107  3088 45018 25321 42160
 96556 80217 92720 12912 86189 14180 81569 18185]
2020-03-27 08:10:19,162 - exp_torch_topics_d128_bald_entropy3_i2000_b20_q100_sf512_3 - INFO - finish step #5 for 27.12289786338806 sec
2020-03-27 08:10:19,162 - exp_torch_topics_d128_bald_entropy3_i2000_b20_q100_sf512_3 - INFO - current val_accuracy: 0.4572479764532745
2020-03-27 08:10:19,162 - exp_torch_topics_d128_bald_entropy3_i2000_b20_q100_sf512_3 - INFO - start step #6
2020-03-27 08:10:46,550 - exp_torch_topics_d128_bald_entropy3_i2000_b20_q100_sf512_3 - INFO - query idx: [37036 88869 77618 54737 71397 28690 59356   491 94433 34011 16980 27366
 90419  8413 68406 39264 94019 11092 50354 44506]
2020-03-27 08:10:50,741 - exp_torch_topics_d128_bald_entropy3_i2000_b20_q100_sf512_3 - INFO - finish step #6 for 31.578935146331787 sec
2020-03-27 08:10:50,741 - exp_torch_topics_d128_bald_entropy3_i2000_b20_q100_sf512_3 - INFO - current val_accuracy: 0.4596909492273731
2020-03-27 08:10:50,742 - exp_torch_topics_d128_bald_entropy3_i2000_b20_q100_sf512_3 - INFO - start step #7
2020-03-27 08:11:15,912 - exp_torch_topics_d128_bald_entropy3_i2000_b20_q100_sf512_3 - INFO - query idx: [30808 88616 45580 39733  2143 25842 93652 89826 91910 67379 27325 84095
 90526  3936 69173 24338 46678  7419 90400 19088]
2020-03-27 08:11:18,407 - exp_torch_topics_d128_bald_entropy3_i2000_b20_q100_sf512_3 - INFO - finish step #7 for 27.665555953979492 sec
2020-03-27 08:11:18,407 - exp_torch_topics_d128_bald_entropy3_i2000_b20_q100_sf512_3 - INFO - current val_accuracy: 0.4616041206769684
2020-03-27 08:11:18,408 - exp_torch_topics_d128_bald_entropy3_i2000_b20_q100_sf512_3 - INFO - start step #8
2020-03-27 08:11:43,717 - exp_torch_topics_d128_bald_entropy3_i2000_b20_q100_sf512_3 - INFO - query idx: [48657 88089 72248 82454 95145 93107 48307 58056  5969 73274 20773  9255
 24212 15135 24696 67591 16123 72517 57589 88601]
2020-03-27 08:11:48,627 - exp_torch_topics_d128_bald_entropy3_i2000_b20_q100_sf512_3 - INFO - finish step #8 for 30.219139099121094 sec
2020-03-27 08:11:48,627 - exp_torch_topics_d128_bald_entropy3_i2000_b20_q100_sf512_3 - INFO - current val_accuracy: 0.46460632818248715
2020-03-27 08:11:48,628 - exp_torch_topics_d128_bald_entropy3_i2000_b20_q100_sf512_3 - INFO - start step #9
2020-03-27 08:12:13,471 - exp_torch_topics_d128_bald_entropy3_i2000_b20_q100_sf512_3 - INFO - query idx: [73758  3991 62473  9284 12112 61678 47218 93496 51723 40192 55475 39248
 26973  6639 38239 17574 44511 93920 30161 64095]
2020-03-27 08:12:15,877 - exp_torch_topics_d128_bald_entropy3_i2000_b20_q100_sf512_3 - INFO - finish step #9 for 27.24929904937744 sec
2020-03-27 08:12:15,877 - exp_torch_topics_d128_bald_entropy3_i2000_b20_q100_sf512_3 - INFO - current val_accuracy: 0.4598381162619573
2020-03-27 08:12:15,878 - exp_torch_topics_d128_bald_entropy3_i2000_b20_q100_sf512_3 - INFO - start step #10
2020-03-27 08:12:43,150 - exp_torch_topics_d128_bald_entropy3_i2000_b20_q100_sf512_3 - INFO - query idx: [57310 70043 27847 46795 82426 38870 92244 87322 79760 50718 81724 81024
 93591 21616 42785 77529 72113 75239 96326 39218]
2020-03-27 08:12:49,554 - exp_torch_topics_d128_bald_entropy3_i2000_b20_q100_sf512_3 - INFO - finish step #10 for 33.67579483985901 sec
2020-03-27 08:12:49,554 - exp_torch_topics_d128_bald_entropy3_i2000_b20_q100_sf512_3 - INFO - current val_accuracy: 0.4605739514348786
2020-03-27 08:12:49,554 - exp_torch_topics_d128_bald_entropy3_i2000_b20_q100_sf512_3 - INFO - start step #11
2020-03-27 08:13:15,346 - exp_torch_topics_d128_bald_entropy3_i2000_b20_q100_sf512_3 - INFO - query idx: [36472 44372 10708   197 14284 64249 46717 39965 48494 92203 31962 73521
   938 13781 65483 83512 19674  8099 25310 23099]
2020-03-27 08:13:18,094 - exp_torch_topics_d128_bald_entropy3_i2000_b20_q100_sf512_3 - INFO - finish step #11 for 28.539879083633423 sec
2020-03-27 08:13:18,094 - exp_torch_topics_d128_bald_entropy3_i2000_b20_q100_sf512_3 - INFO - current val_accuracy: 0.4668727005150846
2020-03-27 08:13:18,094 - exp_torch_topics_d128_bald_entropy3_i2000_b20_q100_sf512_3 - INFO - start step #12
2020-03-27 08:13:42,859 - exp_torch_topics_d128_bald_entropy3_i2000_b20_q100_sf512_3 - INFO - query idx: [19918  1758 38886 46030 54552  9124 73216 26536 75317 68911 19932 65737
 74375 12653 31654 71713 48792 48634 31586 34601]
2020-03-27 08:13:45,253 - exp_torch_topics_d128_bald_entropy3_i2000_b20_q100_sf512_3 - INFO - finish step #12 for 27.15849494934082 sec
2020-03-27 08:13:45,253 - exp_torch_topics_d128_bald_entropy3_i2000_b20_q100_sf512_3 - INFO - current val_accuracy: 0.4636644591611479
2020-03-27 08:13:45,253 - exp_torch_topics_d128_bald_entropy3_i2000_b20_q100_sf512_3 - INFO - start step #13
2020-03-27 08:14:10,345 - exp_torch_topics_d128_bald_entropy3_i2000_b20_q100_sf512_3 - INFO - query idx: [26137 85227  5942 28848 56274 85328 25002 20903 21612 85399 95419 92119
 74576 31668 95557 84595  2000 81378 52981 46260]
2020-03-27 08:14:12,718 - exp_torch_topics_d128_bald_entropy3_i2000_b20_q100_sf512_3 - INFO - finish step #13 for 27.465150833129883 sec
2020-03-27 08:14:12,719 - exp_torch_topics_d128_bald_entropy3_i2000_b20_q100_sf512_3 - INFO - current val_accuracy: 0.4651066961000736
2020-03-27 08:14:12,719 - exp_torch_topics_d128_bald_entropy3_i2000_b20_q100_sf512_3 - INFO - start step #14
2020-03-27 08:14:37,369 - exp_torch_topics_d128_bald_entropy3_i2000_b20_q100_sf512_3 - INFO - query idx: [55541 87905 18450 60421  9299 35293 49630 71443 81327 50778 81483 14768
 25214 12250 98847 54216 71444 19434 58322 70795]
2020-03-27 08:14:39,756 - exp_torch_topics_d128_bald_entropy3_i2000_b20_q100_sf512_3 - INFO - finish step #14 for 27.03726291656494 sec
2020-03-27 08:14:39,756 - exp_torch_topics_d128_bald_entropy3_i2000_b20_q100_sf512_3 - INFO - current val_accuracy: 0.4695805739514349
2020-03-27 08:14:39,757 - exp_torch_topics_d128_bald_entropy3_i2000_b20_q100_sf512_3 - INFO - start step #15
2020-03-27 08:15:04,772 - exp_torch_topics_d128_bald_entropy3_i2000_b20_q100_sf512_3 - INFO - query idx: [46797 99521 87955 12625 62972 68064 46272 13885 17844  7554 22212 59337
 53633  3391  7570 25654 64822 22768 53939 56138]
2020-03-27 08:15:07,178 - exp_torch_topics_d128_bald_entropy3_i2000_b20_q100_sf512_3 - INFO - finish step #15 for 27.42137098312378 sec
2020-03-27 08:15:07,178 - exp_torch_topics_d128_bald_entropy3_i2000_b20_q100_sf512_3 - INFO - current val_accuracy: 0.4699337748344371
2020-03-27 08:15:07,178 - exp_torch_topics_d128_bald_entropy3_i2000_b20_q100_sf512_3 - INFO - start step #16
2020-03-27 08:15:31,936 - exp_torch_topics_d128_bald_entropy3_i2000_b20_q100_sf512_3 - INFO - query idx: [10329 95905 11391 40874 29466 79553   621  1061  3949 98738 21840 53465
 66881 43199 17094 61265 13591 89802   265   495]
2020-03-27 08:15:34,282 - exp_torch_topics_d128_bald_entropy3_i2000_b20_q100_sf512_3 - INFO - finish step #16 for 27.10361385345459 sec
2020-03-27 08:15:34,282 - exp_torch_topics_d128_bald_entropy3_i2000_b20_q100_sf512_3 - INFO - current val_accuracy: 0.4706401766004415
2020-03-27 08:15:34,283 - exp_torch_topics_d128_bald_entropy3_i2000_b20_q100_sf512_3 - INFO - start step #17
2020-03-27 08:15:59,542 - exp_torch_topics_d128_bald_entropy3_i2000_b20_q100_sf512_3 - INFO - query idx: [29500  3490 55675 79191 80795 21500 67509 51822   775 58713 57972 34951
 54242 20710 98999  8019 21903 33012 94040 85542]
2020-03-27 08:16:02,037 - exp_torch_topics_d128_bald_entropy3_i2000_b20_q100_sf512_3 - INFO - finish step #17 for 27.75455093383789 sec
2020-03-27 08:16:02,037 - exp_torch_topics_d128_bald_entropy3_i2000_b20_q100_sf512_3 - INFO - current val_accuracy: 0.4703164091243561
2020-03-27 08:16:02,037 - exp_torch_topics_d128_bald_entropy3_i2000_b20_q100_sf512_3 - INFO - start step #18
2020-03-27 08:16:38,277 - exp_torch_topics_d128_bald_entropy3_i2000_b20_q100_sf512_3 - INFO - query idx: [47783 80562 55550 98799  3674  6691 82101 39136 71232 74013 94002 11164
 40661 70437 39092 66757 84841 12169 82159 97559]
2020-03-27 08:16:42,658 - exp_torch_topics_d128_bald_entropy3_i2000_b20_q100_sf512_3 - INFO - finish step #18 for 40.620763063430786 sec
2020-03-27 08:16:42,659 - exp_torch_topics_d128_bald_entropy3_i2000_b20_q100_sf512_3 - INFO - current val_accuracy: 0.466401766004415
2020-03-27 08:16:42,659 - exp_torch_topics_d128_bald_entropy3_i2000_b20_q100_sf512_3 - INFO - start step #19
2020-03-27 08:17:07,682 - exp_torch_topics_d128_bald_entropy3_i2000_b20_q100_sf512_3 - INFO - query idx: [22597 36224 31428 69926 82324 72518 18576 81302 46736 40611 76664 92663
 27806 84889 62590 52366 70723 74958 22793 52719]
2020-03-27 08:17:10,261 - exp_torch_topics_d128_bald_entropy3_i2000_b20_q100_sf512_3 - INFO - finish step #19 for 27.60205316543579 sec
2020-03-27 08:17:10,261 - exp_torch_topics_d128_bald_entropy3_i2000_b20_q100_sf512_3 - INFO - current val_accuracy: 0.47008094186902133
2020-03-27 08:17:10,261 - exp_torch_topics_d128_bald_entropy3_i2000_b20_q100_sf512_3 - INFO - start step #20
2020-03-27 08:17:36,791 - exp_torch_topics_d128_bald_entropy3_i2000_b20_q100_sf512_3 - INFO - query idx: [50074 77928 98059 78321 14045 45560 18590 46033 59875 73923  9843 20848
 64437   258 12575  4969  8016  9787 86711 80715]
2020-03-27 08:17:39,366 - exp_torch_topics_d128_bald_entropy3_i2000_b20_q100_sf512_3 - INFO - finish step #20 for 29.105105876922607 sec
2020-03-27 08:17:39,367 - exp_torch_topics_d128_bald_entropy3_i2000_b20_q100_sf512_3 - INFO - current val_accuracy: 0.4733186166298749
2020-03-27 08:17:39,367 - exp_torch_topics_d128_bald_entropy3_i2000_b20_q100_sf512_3 - INFO - start step #21
2020-03-27 08:18:04,827 - exp_torch_topics_d128_bald_entropy3_i2000_b20_q100_sf512_3 - INFO - query idx: [ 6592   761 96327 25662 30418 92425 43886 54207 82017  7933 90414 63049
  8951 31205 42582 14433 97608 59312 74170 71263]
2020-03-27 08:18:07,663 - exp_torch_topics_d128_bald_entropy3_i2000_b20_q100_sf512_3 - INFO - finish step #21 for 28.295825958251953 sec
2020-03-27 08:18:07,663 - exp_torch_topics_d128_bald_entropy3_i2000_b20_q100_sf512_3 - INFO - current val_accuracy: 0.4727299484915379
2020-03-27 08:18:07,663 - exp_torch_topics_d128_bald_entropy3_i2000_b20_q100_sf512_3 - INFO - start step #22
2020-03-27 08:18:32,956 - exp_torch_topics_d128_bald_entropy3_i2000_b20_q100_sf512_3 - INFO - query idx: [18790 99421 66755 57718 92139 53416 70287 88414 57112 80806 78274 76091
  9900 42047 43397 70169 51304 78939 31096 56402]
2020-03-27 08:18:35,421 - exp_torch_topics_d128_bald_entropy3_i2000_b20_q100_sf512_3 - INFO - finish step #22 for 27.757502794265747 sec
2020-03-27 08:18:35,421 - exp_torch_topics_d128_bald_entropy3_i2000_b20_q100_sf512_3 - INFO - current val_accuracy: 0.4737601177336277
2020-03-27 08:18:35,421 - exp_torch_topics_d128_bald_entropy3_i2000_b20_q100_sf512_3 - INFO - start step #23
2020-03-27 08:19:00,963 - exp_torch_topics_d128_bald_entropy3_i2000_b20_q100_sf512_3 - INFO - query idx: [48956 85937 20750 57972 96553 96529 23287 51073 66035 29328 67872 30572
 14183 35919 31711 30926 84400 74517 25101 68326]
2020-03-27 08:19:03,468 - exp_torch_topics_d128_bald_entropy3_i2000_b20_q100_sf512_3 - INFO - finish step #23 for 28.046737909317017 sec
2020-03-27 08:19:03,468 - exp_torch_topics_d128_bald_entropy3_i2000_b20_q100_sf512_3 - INFO - current val_accuracy: 0.47502575423105226
2020-03-27 08:19:03,468 - exp_torch_topics_d128_bald_entropy3_i2000_b20_q100_sf512_3 - INFO - start step #24
2020-03-27 08:19:28,508 - exp_torch_topics_d128_bald_entropy3_i2000_b20_q100_sf512_3 - INFO - query idx: [21115 50144 66450 99069 23812 21392 13940 52037 19645 47915 89588 21789
  6448 74405 94312 22101 32724 19163 57733  2236]
2020-03-27 08:19:31,014 - exp_torch_topics_d128_bald_entropy3_i2000_b20_q100_sf512_3 - INFO - finish step #24 for 27.545220851898193 sec
2020-03-27 08:19:31,014 - exp_torch_topics_d128_bald_entropy3_i2000_b20_q100_sf512_3 - INFO - current val_accuracy: 0.47617365710080944
2020-03-27 08:19:31,014 - exp_torch_topics_d128_bald_entropy3_i2000_b20_q100_sf512_3 - INFO - start step #25
2020-03-27 08:19:56,285 - exp_torch_topics_d128_bald_entropy3_i2000_b20_q100_sf512_3 - INFO - query idx: [55581 88623 33774 59412 50605   147 91193 51420 63479 84722 54867 38566
 52063 16846 55754 77554 72048 10190 66675  9215]
2020-03-27 08:19:58,780 - exp_torch_topics_d128_bald_entropy3_i2000_b20_q100_sf512_3 - INFO - finish step #25 for 27.765677213668823 sec
2020-03-27 08:19:58,780 - exp_torch_topics_d128_bald_entropy3_i2000_b20_q100_sf512_3 - INFO - current val_accuracy: 0.476055923473142
2020-03-27 08:19:58,780 - exp_torch_topics_d128_bald_entropy3_i2000_b20_q100_sf512_3 - INFO - start step #26
2020-03-27 08:20:23,910 - exp_torch_topics_d128_bald_entropy3_i2000_b20_q100_sf512_3 - INFO - query idx: [61648 64306 71885 23046 19007 61530 84630 79719 17068 64705 82211 85488
 11969 56874 29813 97098 85036 68403    30 77878]
2020-03-27 08:20:26,504 - exp_torch_topics_d128_bald_entropy3_i2000_b20_q100_sf512_3 - INFO - finish step #26 for 27.724236011505127 sec
2020-03-27 08:20:26,505 - exp_torch_topics_d128_bald_entropy3_i2000_b20_q100_sf512_3 - INFO - current val_accuracy: 0.4753789551140544
2020-03-27 08:20:26,505 - exp_torch_topics_d128_bald_entropy3_i2000_b20_q100_sf512_3 - INFO - start step #27
2020-03-27 08:20:53,506 - exp_torch_topics_d128_bald_entropy3_i2000_b20_q100_sf512_3 - INFO - query idx: [ 5259 23958 46381 83403 37932 45982  4026 32444 89538  9810 47436 34312
 15805 88846 55104 89051 54968 41091 93331 11285]
2020-03-27 08:20:56,312 - exp_torch_topics_d128_bald_entropy3_i2000_b20_q100_sf512_3 - INFO - finish step #27 for 29.806970834732056 sec
2020-03-27 08:20:56,312 - exp_torch_topics_d128_bald_entropy3_i2000_b20_q100_sf512_3 - INFO - current val_accuracy: 0.4766151582045622
2020-03-27 08:20:56,312 - exp_torch_topics_d128_bald_entropy3_i2000_b20_q100_sf512_3 - INFO - start step #28
2020-03-27 08:21:21,585 - exp_torch_topics_d128_bald_entropy3_i2000_b20_q100_sf512_3 - INFO - query idx: [ 4177  7378  4303 98420 59881 12493  6003 93247 13566  7504  9947 77311
 98660 46643 77774 83928 21061 87762 89312 24488]
2020-03-27 08:21:24,204 - exp_torch_topics_d128_bald_entropy3_i2000_b20_q100_sf512_3 - INFO - finish step #28 for 27.891736030578613 sec
2020-03-27 08:21:24,204 - exp_torch_topics_d128_bald_entropy3_i2000_b20_q100_sf512_3 - INFO - current val_accuracy: 0.4791169977924945
2020-03-27 08:21:24,204 - exp_torch_topics_d128_bald_entropy3_i2000_b20_q100_sf512_3 - INFO - start step #29
2020-03-27 08:21:49,216 - exp_torch_topics_d128_bald_entropy3_i2000_b20_q100_sf512_3 - INFO - query idx: [14383 89388 26317 44827 28427 44051   467 43718 77041 22647 66570 86674
 39628 61129 23902 25138 20638 79095 37122 83527]
2020-03-27 08:21:51,890 - exp_torch_topics_d128_bald_entropy3_i2000_b20_q100_sf512_3 - INFO - finish step #29 for 27.68593120574951 sec
2020-03-27 08:21:51,891 - exp_torch_topics_d128_bald_entropy3_i2000_b20_q100_sf512_3 - INFO - current val_accuracy: 0.4785283296541575
2020-03-27 08:21:51,891 - exp_torch_topics_d128_bald_entropy3_i2000_b20_q100_sf512_3 - INFO - start step #30
2020-03-27 08:22:16,732 - exp_torch_topics_d128_bald_entropy3_i2000_b20_q100_sf512_3 - INFO - query idx: [73570 59163 62637 83423 72741 46993 66412  8357 33765 96400 52229 74621
 82147 93172 79853 17348 91141 30846 11872 49244]
2020-03-27 08:22:19,448 - exp_torch_topics_d128_bald_entropy3_i2000_b20_q100_sf512_3 - INFO - finish step #30 for 27.556759119033813 sec
2020-03-27 08:22:19,448 - exp_torch_topics_d128_bald_entropy3_i2000_b20_q100_sf512_3 - INFO - current val_accuracy: 0.47564385577630613
2020-03-27 08:22:19,449 - exp_torch_topics_d128_bald_entropy3_i2000_b20_q100_sf512_3 - INFO - start step #31
2020-03-27 08:22:48,358 - exp_torch_topics_d128_bald_entropy3_i2000_b20_q100_sf512_3 - INFO - query idx: [48859 63030 89121 51270 77754 28752 39388 35675 89809 61356 67069 15574
 39096 88146 96477 71999 85777 34778 58351 41016]
2020-03-27 08:22:52,912 - exp_torch_topics_d128_bald_entropy3_i2000_b20_q100_sf512_3 - INFO - finish step #31 for 33.46282601356506 sec
2020-03-27 08:22:52,912 - exp_torch_topics_d128_bald_entropy3_i2000_b20_q100_sf512_3 - INFO - current val_accuracy: 0.47793966151582046
2020-03-27 08:22:52,912 - exp_torch_topics_d128_bald_entropy3_i2000_b20_q100_sf512_3 - INFO - start step #32
2020-03-27 08:23:25,124 - exp_torch_topics_d128_bald_entropy3_i2000_b20_q100_sf512_3 - INFO - query idx: [35473 30429 55695 76828 18230 97096 71851 61426 64796 66331 93069 90331
 36020 20437 58868 50385 82524 27480 81884 47201]
2020-03-27 08:23:27,791 - exp_torch_topics_d128_bald_entropy3_i2000_b20_q100_sf512_3 - INFO - finish step #32 for 34.87900900840759 sec
2020-03-27 08:23:27,791 - exp_torch_topics_d128_bald_entropy3_i2000_b20_q100_sf512_3 - INFO - current val_accuracy: 0.48200147167034585
2020-03-27 08:23:27,792 - exp_torch_topics_d128_bald_entropy3_i2000_b20_q100_sf512_3 - INFO - start step #33
2020-03-27 08:23:52,838 - exp_torch_topics_d128_bald_entropy3_i2000_b20_q100_sf512_3 - INFO - query idx: [82127 18078 36729 96111 36614 65605 74205 65790 93122 15374 58218 98538
 16405 38898 97953 72342 88469 42110 80896 53042]
2020-03-27 08:23:55,306 - exp_torch_topics_d128_bald_entropy3_i2000_b20_q100_sf512_3 - INFO - finish step #33 for 27.514431953430176 sec
2020-03-27 08:23:55,306 - exp_torch_topics_d128_bald_entropy3_i2000_b20_q100_sf512_3 - INFO - current val_accuracy: 0.4779690949227373
2020-03-27 08:23:55,306 - exp_torch_topics_d128_bald_entropy3_i2000_b20_q100_sf512_3 - INFO - start step #34
2020-03-27 08:24:20,413 - exp_torch_topics_d128_bald_entropy3_i2000_b20_q100_sf512_3 - INFO - query idx: [12620 16130 31497 93661  5036 91172 56950 43539 81729 46150 49213 33277
 54223 38971 69225 48871 13963 39507 26401 52102]
2020-03-27 08:24:24,060 - exp_torch_topics_d128_bald_entropy3_i2000_b20_q100_sf512_3 - INFO - finish step #34 for 28.753616094589233 sec
2020-03-27 08:24:24,060 - exp_torch_topics_d128_bald_entropy3_i2000_b20_q100_sf512_3 - INFO - current val_accuracy: 0.47823399558498897
2020-03-27 08:24:24,061 - exp_torch_topics_d128_bald_entropy3_i2000_b20_q100_sf512_3 - INFO - start step #35
2020-03-27 08:24:48,552 - exp_torch_topics_d128_bald_entropy3_i2000_b20_q100_sf512_3 - INFO - query idx: [49157 32748 53477 96543 71958 52917  1237 22998 92849 50438 29003 68903
 72678 63667  6083 88824 51698 90618 35968 78279]
2020-03-27 08:24:51,077 - exp_torch_topics_d128_bald_entropy3_i2000_b20_q100_sf512_3 - INFO - finish step #35 for 27.016059160232544 sec
2020-03-27 08:24:51,077 - exp_torch_topics_d128_bald_entropy3_i2000_b20_q100_sf512_3 - INFO - current val_accuracy: 0.48253127299484916
2020-03-27 08:24:51,078 - exp_torch_topics_d128_bald_entropy3_i2000_b20_q100_sf512_3 - INFO - start step #36
2020-03-27 08:25:15,801 - exp_torch_topics_d128_bald_entropy3_i2000_b20_q100_sf512_3 - INFO - query idx: [61139 91012 48235 35770 71514 39107 93141  9683 54238 96002 34928 62632
  3393 44546  1594 22508 18480 38463 38317 75293]
2020-03-27 08:25:18,351 - exp_torch_topics_d128_bald_entropy3_i2000_b20_q100_sf512_3 - INFO - finish step #36 for 27.272444009780884 sec
2020-03-27 08:25:18,351 - exp_torch_topics_d128_bald_entropy3_i2000_b20_q100_sf512_3 - INFO - current val_accuracy: 0.47970566593083147
2020-03-27 08:25:18,351 - exp_torch_topics_d128_bald_entropy3_i2000_b20_q100_sf512_3 - INFO - start step #37
2020-03-27 08:25:48,455 - exp_torch_topics_d128_bald_entropy3_i2000_b20_q100_sf512_3 - INFO - query idx: [27938 49816 59170 25672  4810 41252 54674 28966 62490 59054 71396 87317
 52412 46520 29040 73557 31302 45710 66739 46041]
2020-03-27 08:25:53,145 - exp_torch_topics_d128_bald_entropy3_i2000_b20_q100_sf512_3 - INFO - finish step #37 for 34.79367923736572 sec
2020-03-27 08:25:53,145 - exp_torch_topics_d128_bald_entropy3_i2000_b20_q100_sf512_3 - INFO - current val_accuracy: 0.4807358351729213
2020-03-27 08:25:53,145 - exp_torch_topics_d128_bald_entropy3_i2000_b20_q100_sf512_3 - INFO - start step #38
2020-03-27 08:26:17,786 - exp_torch_topics_d128_bald_entropy3_i2000_b20_q100_sf512_3 - INFO - query idx: [97878  4804 53658 45962 59312 78300  5661 24492 31968 37811 78183 38972
 86306  5942 76648 26299 37006 80485 68750 40812]
2020-03-27 08:26:20,403 - exp_torch_topics_d128_bald_entropy3_i2000_b20_q100_sf512_3 - INFO - finish step #38 for 27.25718092918396 sec
2020-03-27 08:26:20,403 - exp_torch_topics_d128_bald_entropy3_i2000_b20_q100_sf512_3 - INFO - current val_accuracy: 0.48094186902133923
2020-03-27 08:26:20,403 - exp_torch_topics_d128_bald_entropy3_i2000_b20_q100_sf512_3 - INFO - start step #39
2020-03-27 08:26:45,082 - exp_torch_topics_d128_bald_entropy3_i2000_b20_q100_sf512_3 - INFO - query idx: [97767  8936 27217 86039 77549 46589 10818 62967 28303 93950 56443 58052
 46841 11965 17507 41184 63244 96497 43966 46703]
2020-03-27 08:26:47,670 - exp_torch_topics_d128_bald_entropy3_i2000_b20_q100_sf512_3 - INFO - finish step #39 for 27.266613006591797 sec
2020-03-27 08:26:47,670 - exp_torch_topics_d128_bald_entropy3_i2000_b20_q100_sf512_3 - INFO - current val_accuracy: 0.4792347314201619
2020-03-27 08:26:47,670 - exp_torch_topics_d128_bald_entropy3_i2000_b20_q100_sf512_3 - INFO - start step #40
2020-03-27 08:27:13,014 - exp_torch_topics_d128_bald_entropy3_i2000_b20_q100_sf512_3 - INFO - query idx: [94758 12047 51881 54320 64816 35265 98122 30031 72634 70382 90844  5213
 77982 34060 65686 51012 56591 67787 60347 58529]
2020-03-27 08:27:16,462 - exp_torch_topics_d128_bald_entropy3_i2000_b20_q100_sf512_3 - INFO - finish step #40 for 28.79166007041931 sec
2020-03-27 08:27:16,462 - exp_torch_topics_d128_bald_entropy3_i2000_b20_q100_sf512_3 - INFO - current val_accuracy: 0.4869462840323768
2020-03-27 08:27:16,462 - exp_torch_topics_d128_bald_entropy3_i2000_b20_q100_sf512_3 - INFO - start step #41
2020-03-27 08:27:41,351 - exp_torch_topics_d128_bald_entropy3_i2000_b20_q100_sf512_3 - INFO - query idx: [13093 28565 98437  8783 30288 67079 99095 81613 57787 24522 13241 88490
 70500 85612 22018 36353 85185 88432 85787 13811]
2020-03-27 08:27:44,116 - exp_torch_topics_d128_bald_entropy3_i2000_b20_q100_sf512_3 - INFO - finish step #41 for 27.65344476699829 sec
2020-03-27 08:27:44,116 - exp_torch_topics_d128_bald_entropy3_i2000_b20_q100_sf512_3 - INFO - current val_accuracy: 0.4869168506254599
2020-03-27 08:27:44,116 - exp_torch_topics_d128_bald_entropy3_i2000_b20_q100_sf512_3 - INFO - start step #42
2020-03-27 08:28:09,386 - exp_torch_topics_d128_bald_entropy3_i2000_b20_q100_sf512_3 - INFO - query idx: [80875 95043 68516 96313 97476 93060 57609 35122 81956  7777 68275 32443
 62422 20368 16297  6707 42223 91556 97000 81462]
2020-03-27 08:28:12,162 - exp_torch_topics_d128_bald_entropy3_i2000_b20_q100_sf512_3 - INFO - finish step #42 for 28.045499086380005 sec
2020-03-27 08:28:12,162 - exp_torch_topics_d128_bald_entropy3_i2000_b20_q100_sf512_3 - INFO - current val_accuracy: 0.48553348050036793
2020-03-27 08:28:12,162 - exp_torch_topics_d128_bald_entropy3_i2000_b20_q100_sf512_3 - INFO - start step #43
2020-03-27 08:28:36,908 - exp_torch_topics_d128_bald_entropy3_i2000_b20_q100_sf512_3 - INFO - query idx: [77669 37572 43481 82008 56851 30298 28852 25557 41965  4614 75436 70768
 77898 74742 41439 69494 39186 87129 46438 87848]
2020-03-27 08:28:39,447 - exp_torch_topics_d128_bald_entropy3_i2000_b20_q100_sf512_3 - INFO - finish step #43 for 27.28503108024597 sec
2020-03-27 08:28:39,447 - exp_torch_topics_d128_bald_entropy3_i2000_b20_q100_sf512_3 - INFO - current val_accuracy: 0.48420897718910966
2020-03-27 08:28:39,447 - exp_torch_topics_d128_bald_entropy3_i2000_b20_q100_sf512_3 - INFO - start step #44
2020-03-27 08:29:04,368 - exp_torch_topics_d128_bald_entropy3_i2000_b20_q100_sf512_3 - INFO - query idx: [19175 32260 27869 91228 16330 37666 45088 28653 48094 65584 57547 84398
 58657  7201 49688 67218 52669 86427 47503 74979]
2020-03-27 08:29:06,912 - exp_torch_topics_d128_bald_entropy3_i2000_b20_q100_sf512_3 - INFO - finish step #44 for 27.46396803855896 sec
2020-03-27 08:29:06,912 - exp_torch_topics_d128_bald_entropy3_i2000_b20_q100_sf512_3 - INFO - current val_accuracy: 0.4874760853568801
2020-03-27 08:29:06,912 - exp_torch_topics_d128_bald_entropy3_i2000_b20_q100_sf512_3 - INFO - start step #45
2020-03-27 08:29:31,928 - exp_torch_topics_d128_bald_entropy3_i2000_b20_q100_sf512_3 - INFO - query idx: [62802 39608 53354 13084 55113 27261 91162 17556 70130 47873 48840 26961
 76052 67530 78005  3825 30644  2229 26517 44341]
2020-03-27 08:29:34,513 - exp_torch_topics_d128_bald_entropy3_i2000_b20_q100_sf512_3 - INFO - finish step #45 for 27.60145592689514 sec
2020-03-27 08:29:34,514 - exp_torch_topics_d128_bald_entropy3_i2000_b20_q100_sf512_3 - INFO - current val_accuracy: 0.4884179543782193
2020-03-27 08:29:34,514 - exp_torch_topics_d128_bald_entropy3_i2000_b20_q100_sf512_3 - INFO - start step #46
2020-03-27 08:30:00,488 - exp_torch_topics_d128_bald_entropy3_i2000_b20_q100_sf512_3 - INFO - query idx: [85249 54683 48056 34596 31107 67815 77566 56757 71878  7983 81591 83418
 39028 94384 98907 92249 38474 85467 21310 73370]
2020-03-27 08:30:05,704 - exp_torch_topics_d128_bald_entropy3_i2000_b20_q100_sf512_3 - INFO - finish step #46 for 31.19003987312317 sec
2020-03-27 08:30:05,704 - exp_torch_topics_d128_bald_entropy3_i2000_b20_q100_sf512_3 - INFO - current val_accuracy: 0.4890066225165563
2020-03-27 08:30:05,704 - exp_torch_topics_d128_bald_entropy3_i2000_b20_q100_sf512_3 - INFO - start step #47
2020-03-27 08:30:31,889 - exp_torch_topics_d128_bald_entropy3_i2000_b20_q100_sf512_3 - INFO - query idx: [72238 55119 25024 90326 13047 51802 12274 93769 67458 34143 98375 49221
 11932 70494 35854 76840 59029  2546 75288 47339]
2020-03-27 08:30:34,428 - exp_torch_topics_d128_bald_entropy3_i2000_b20_q100_sf512_3 - INFO - finish step #47 for 28.723386764526367 sec
2020-03-27 08:30:34,428 - exp_torch_topics_d128_bald_entropy3_i2000_b20_q100_sf512_3 - INFO - current val_accuracy: 0.4863870493009566
2020-03-27 08:30:34,428 - exp_torch_topics_d128_bald_entropy3_i2000_b20_q100_sf512_3 - INFO - start step #48
2020-03-27 08:31:01,246 - exp_torch_topics_d128_bald_entropy3_i2000_b20_q100_sf512_3 - INFO - query idx: [17963 23924 97341 53253 67722 29622 53492 82086 68994 12907 12196 59577
 96969 66655 84342 51010 59201 37863 30525 18923]
2020-03-27 08:31:04,120 - exp_torch_topics_d128_bald_entropy3_i2000_b20_q100_sf512_3 - INFO - finish step #48 for 29.691301107406616 sec
2020-03-27 08:31:04,120 - exp_torch_topics_d128_bald_entropy3_i2000_b20_q100_sf512_3 - INFO - current val_accuracy: 0.48759381898454746
2020-03-27 08:31:04,120 - exp_torch_topics_d128_bald_entropy3_i2000_b20_q100_sf512_3 - INFO - start step #49
2020-03-27 08:31:28,954 - exp_torch_topics_d128_bald_entropy3_i2000_b20_q100_sf512_3 - INFO - query idx: [39873  3226 54579 15469 14274 82211  6966 43523 18908 91477 97859 49951
 74044 60758 66005 41177 58405 19199 58325 81132]
2020-03-27 08:31:31,347 - exp_torch_topics_d128_bald_entropy3_i2000_b20_q100_sf512_3 - INFO - finish step #49 for 27.226650953292847 sec
2020-03-27 08:31:31,347 - exp_torch_topics_d128_bald_entropy3_i2000_b20_q100_sf512_3 - INFO - current val_accuracy: 0.49027225901398086
2020-03-27 08:31:31,347 - exp_torch_topics_d128_bald_entropy3_i2000_b20_q100_sf512_3 - INFO - start step #50
2020-03-27 08:31:56,419 - exp_torch_topics_d128_bald_entropy3_i2000_b20_q100_sf512_3 - INFO - query idx: [44162  5578 71406 94804 34814 32848 92858 76925 39512 52895 76340 80257
 96274 87429  3454 45803 64662 37676 67828 62473]
2020-03-27 08:31:58,953 - exp_torch_topics_d128_bald_entropy3_i2000_b20_q100_sf512_3 - INFO - finish step #50 for 27.60535502433777 sec
2020-03-27 08:31:58,953 - exp_torch_topics_d128_bald_entropy3_i2000_b20_q100_sf512_3 - INFO - current val_accuracy: 0.4910669610007358
2020-03-27 08:31:58,953 - exp_torch_topics_d128_bald_entropy3_i2000_b20_q100_sf512_3 - INFO - start step #51
2020-03-27 08:32:23,778 - exp_torch_topics_d128_bald_entropy3_i2000_b20_q100_sf512_3 - INFO - query idx: [62690 77901  7434 46135 98188 72664 80028 98670  9859 25755 69816 26781
 42231 43741 18366 28117 53486 94781  3433 48223]
2020-03-27 08:32:26,233 - exp_torch_topics_d128_bald_entropy3_i2000_b20_q100_sf512_3 - INFO - finish step #51 for 27.28037714958191 sec
2020-03-27 08:32:26,234 - exp_torch_topics_d128_bald_entropy3_i2000_b20_q100_sf512_3 - INFO - current val_accuracy: 0.4886534216335541
2020-03-27 08:32:26,235 - exp_torch_topics_d128_bald_entropy3_i2000_b20_q100_sf512_3 - INFO - start step #52
2020-03-27 08:32:51,080 - exp_torch_topics_d128_bald_entropy3_i2000_b20_q100_sf512_3 - INFO - query idx: [85423 20032 60743 79252 49869 42636 54017 57358 78680 80942 64359 49344
 35269 27106 38788 31150 22922  7814 50577  9651]
2020-03-27 08:32:53,515 - exp_torch_topics_d128_bald_entropy3_i2000_b20_q100_sf512_3 - INFO - finish step #52 for 27.279451847076416 sec
2020-03-27 08:32:53,515 - exp_torch_topics_d128_bald_entropy3_i2000_b20_q100_sf512_3 - INFO - current val_accuracy: 0.48933038999264167
2020-03-27 08:32:53,515 - exp_torch_topics_d128_bald_entropy3_i2000_b20_q100_sf512_3 - INFO - start step #53
2020-03-27 08:33:18,671 - exp_torch_topics_d128_bald_entropy3_i2000_b20_q100_sf512_3 - INFO - query idx: [81713 86440 89518 39643 73477 84076  5239 67202 89801 71283 96553 19495
 57644 35047 30478 33290 50827 90348 56764 25862]
2020-03-27 08:33:21,254 - exp_torch_topics_d128_bald_entropy3_i2000_b20_q100_sf512_3 - INFO - finish step #53 for 27.739176034927368 sec
2020-03-27 08:33:21,254 - exp_torch_topics_d128_bald_entropy3_i2000_b20_q100_sf512_3 - INFO - current val_accuracy: 0.49189109639440765
2020-03-27 08:33:21,255 - exp_torch_topics_d128_bald_entropy3_i2000_b20_q100_sf512_3 - INFO - start step #54
2020-03-27 08:33:46,048 - exp_torch_topics_d128_bald_entropy3_i2000_b20_q100_sf512_3 - INFO - query idx: [17912 93601 11371  1446 91656 50707 55436 84482 83567 19335 82852 22390
 69198 98673 44476 18074 49160  4377 58072 94506]
2020-03-27 08:33:48,616 - exp_torch_topics_d128_bald_entropy3_i2000_b20_q100_sf512_3 - INFO - finish step #54 for 27.361295223236084 sec
2020-03-27 08:33:48,616 - exp_torch_topics_d128_bald_entropy3_i2000_b20_q100_sf512_3 - INFO - current val_accuracy: 0.489654157468727
2020-03-27 08:33:48,616 - exp_torch_topics_d128_bald_entropy3_i2000_b20_q100_sf512_3 - INFO - start step #55
2020-03-27 08:34:13,562 - exp_torch_topics_d128_bald_entropy3_i2000_b20_q100_sf512_3 - INFO - query idx: [59629 90057  2945 58692 81374 52317 83560 81932 54922 78416 62443 39949
 80322 12620 73001 53374 97909 68623 77405 97904]
2020-03-27 08:34:16,173 - exp_torch_topics_d128_bald_entropy3_i2000_b20_q100_sf512_3 - INFO - finish step #55 for 27.556218147277832 sec
2020-03-27 08:34:16,173 - exp_torch_topics_d128_bald_entropy3_i2000_b20_q100_sf512_3 - INFO - current val_accuracy: 0.4923031640912436
2020-03-27 08:34:16,173 - exp_torch_topics_d128_bald_entropy3_i2000_b20_q100_sf512_3 - INFO - start step #56
2020-03-27 08:34:41,418 - exp_torch_topics_d128_bald_entropy3_i2000_b20_q100_sf512_3 - INFO - query idx: [43095 58922 80377 54820 35818 46856 58473 67556 80012  9579 52066 32605
 10065 18899 25213  9745 55448 39247 85002 65646]
2020-03-27 08:34:45,873 - exp_torch_topics_d128_bald_entropy3_i2000_b20_q100_sf512_3 - INFO - finish step #56 for 29.70000910758972 sec
2020-03-27 08:34:45,873 - exp_torch_topics_d128_bald_entropy3_i2000_b20_q100_sf512_3 - INFO - current val_accuracy: 0.49374540103016923
2020-03-27 08:34:45,874 - exp_torch_topics_d128_bald_entropy3_i2000_b20_q100_sf512_3 - INFO - start step #57
2020-03-27 08:35:11,034 - exp_torch_topics_d128_bald_entropy3_i2000_b20_q100_sf512_3 - INFO - query idx: [62679 82972 12374  6713 43742 17275 76006 71642 33338 88188 67422 85511
 33613 78832 39546 20346 13325 83500 90151  5426]
2020-03-27 08:35:13,833 - exp_torch_topics_d128_bald_entropy3_i2000_b20_q100_sf512_3 - INFO - finish step #57 for 27.959800958633423 sec
2020-03-27 08:35:13,834 - exp_torch_topics_d128_bald_entropy3_i2000_b20_q100_sf512_3 - INFO - current val_accuracy: 0.49271523178807947
2020-03-27 08:35:13,834 - exp_torch_topics_d128_bald_entropy3_i2000_b20_q100_sf512_3 - INFO - start step #58
2020-03-27 08:35:39,038 - exp_torch_topics_d128_bald_entropy3_i2000_b20_q100_sf512_3 - INFO - query idx: [78227 81428 16773 35798  3277 35767  3947 57476 19033 62564 34480  2846
 41962 69594 21319 22350  9023 62177 58197 34214]
2020-03-27 08:35:42,004 - exp_torch_topics_d128_bald_entropy3_i2000_b20_q100_sf512_3 - INFO - finish step #58 for 28.170095920562744 sec
2020-03-27 08:35:42,004 - exp_torch_topics_d128_bald_entropy3_i2000_b20_q100_sf512_3 - INFO - current val_accuracy: 0.49118469462840325
2020-03-27 08:35:42,004 - exp_torch_topics_d128_bald_entropy3_i2000_b20_q100_sf512_3 - INFO - start step #59
2020-03-27 08:36:07,662 - exp_torch_topics_d128_bald_entropy3_i2000_b20_q100_sf512_3 - INFO - query idx: [10192 93796 59788  8395 83293 77331 87550 48440 67987 89195 43406 83322
 56752  7403 57263 50238 93047 45803 16261 24635]
2020-03-27 08:36:10,516 - exp_torch_topics_d128_bald_entropy3_i2000_b20_q100_sf512_3 - INFO - finish step #59 for 28.51140809059143 sec
2020-03-27 08:36:10,516 - exp_torch_topics_d128_bald_entropy3_i2000_b20_q100_sf512_3 - INFO - current val_accuracy: 0.4951287711552612
2020-03-27 08:36:10,516 - exp_torch_topics_d128_bald_entropy3_i2000_b20_q100_sf512_3 - INFO - start step #60
2020-03-27 08:36:35,378 - exp_torch_topics_d128_bald_entropy3_i2000_b20_q100_sf512_3 - INFO - query idx: [ 4299 70445 36130 95424 34550 30086 45968 45994 45808 55459 14326 80016
  3244 61731 56483 66570 57638 55207 69585  7567]
2020-03-27 08:36:37,945 - exp_torch_topics_d128_bald_entropy3_i2000_b20_q100_sf512_3 - INFO - finish step #60 for 27.42851996421814 sec
2020-03-27 08:36:37,945 - exp_torch_topics_d128_bald_entropy3_i2000_b20_q100_sf512_3 - INFO - current val_accuracy: 0.4936571008094187
2020-03-27 08:36:37,945 - exp_torch_topics_d128_bald_entropy3_i2000_b20_q100_sf512_3 - INFO - start step #61
2020-03-27 08:37:02,741 - exp_torch_topics_d128_bald_entropy3_i2000_b20_q100_sf512_3 - INFO - query idx: [31018 47551 67843 48212 96980 70338 21216 56998 40946 73155 64041 17387
 65444 88305 47271 51618 96654 25526 32089 22590]
2020-03-27 08:37:05,250 - exp_torch_topics_d128_bald_entropy3_i2000_b20_q100_sf512_3 - INFO - finish step #61 for 27.30429220199585 sec
2020-03-27 08:37:05,250 - exp_torch_topics_d128_bald_entropy3_i2000_b20_q100_sf512_3 - INFO - current val_accuracy: 0.4946578366445916
2020-03-27 08:37:05,250 - exp_torch_topics_d128_bald_entropy3_i2000_b20_q100_sf512_3 - INFO - start step #62
2020-03-27 08:37:30,270 - exp_torch_topics_d128_bald_entropy3_i2000_b20_q100_sf512_3 - INFO - query idx: [62071 83430  5830 57304 21719  4446 53386 15484 11624 34770 52716  1271
 37098 11952 13657 33483 17049 14689 31269 61801]
2020-03-27 08:37:32,950 - exp_torch_topics_d128_bald_entropy3_i2000_b20_q100_sf512_3 - INFO - finish step #62 for 27.699982166290283 sec
2020-03-27 08:37:32,950 - exp_torch_topics_d128_bald_entropy3_i2000_b20_q100_sf512_3 - INFO - current val_accuracy: 0.49701250919793966
2020-03-27 08:37:32,950 - exp_torch_topics_d128_bald_entropy3_i2000_b20_q100_sf512_3 - INFO - start step #63
2020-03-27 08:37:57,756 - exp_torch_topics_d128_bald_entropy3_i2000_b20_q100_sf512_3 - INFO - query idx: [74169 58414 69101 23346 32611 91372 86566 48608 89298 91148 79483  1902
 19496 15037 25267 47735 15533 22901 66481 22554]
2020-03-27 08:38:00,355 - exp_torch_topics_d128_bald_entropy3_i2000_b20_q100_sf512_3 - INFO - finish step #63 for 27.40479302406311 sec
2020-03-27 08:38:00,355 - exp_torch_topics_d128_bald_entropy3_i2000_b20_q100_sf512_3 - INFO - current val_accuracy: 0.4979838116261957
2020-03-27 08:38:00,356 - exp_torch_topics_d128_bald_entropy3_i2000_b20_q100_sf512_3 - INFO - start step #64
2020-03-27 08:38:25,224 - exp_torch_topics_d128_bald_entropy3_i2000_b20_q100_sf512_3 - INFO - query idx: [64845 20815  4473 93107 17085 52060 34181 68821 15644 30989 86718 67136
 52741 10821 46553 20478 63008 27228 18570 52824]
2020-03-27 08:38:27,808 - exp_torch_topics_d128_bald_entropy3_i2000_b20_q100_sf512_3 - INFO - finish step #64 for 27.452320098876953 sec
2020-03-27 08:38:27,808 - exp_torch_topics_d128_bald_entropy3_i2000_b20_q100_sf512_3 - INFO - current val_accuracy: 0.49886681383370124
2020-03-27 08:38:27,808 - exp_torch_topics_d128_bald_entropy3_i2000_b20_q100_sf512_3 - INFO - start step #65
2020-03-27 08:38:53,037 - exp_torch_topics_d128_bald_entropy3_i2000_b20_q100_sf512_3 - INFO - query idx: [50651 16231 74826 14032 71740 45836 30120 11494 94593 77965  9353 49508
 42246 41296 77074  1641 73979 71885 41133 15693]
2020-03-27 08:38:58,064 - exp_torch_topics_d128_bald_entropy3_i2000_b20_q100_sf512_3 - INFO - finish step #65 for 30.25538992881775 sec
2020-03-27 08:38:58,064 - exp_torch_topics_d128_bald_entropy3_i2000_b20_q100_sf512_3 - INFO - current val_accuracy: 0.4962766740250184
2020-03-27 08:38:58,064 - exp_torch_topics_d128_bald_entropy3_i2000_b20_q100_sf512_3 - INFO - start step #66
2020-03-27 08:39:22,764 - exp_torch_topics_d128_bald_entropy3_i2000_b20_q100_sf512_3 - INFO - query idx: [32550 83160  8633 53379 15974  6329 75194 13984 66220 17175 75549 15076
 33156 11619  3712 79889  8838 40129 30200 64525]
2020-03-27 08:39:25,418 - exp_torch_topics_d128_bald_entropy3_i2000_b20_q100_sf512_3 - INFO - finish step #66 for 27.35395097732544 sec
2020-03-27 08:39:25,418 - exp_torch_topics_d128_bald_entropy3_i2000_b20_q100_sf512_3 - INFO - current val_accuracy: 0.4975128771155261
2020-03-27 08:39:25,419 - exp_torch_topics_d128_bald_entropy3_i2000_b20_q100_sf512_3 - INFO - start step #67
2020-03-27 08:39:50,400 - exp_torch_topics_d128_bald_entropy3_i2000_b20_q100_sf512_3 - INFO - query idx: [ 5462 60231  7699     0 23289  3682 20828 22108 52374 28778 83372 94277
 54477 64786 43224 74671 71964 20432 49862 78656]
2020-03-27 08:39:52,953 - exp_torch_topics_d128_bald_entropy3_i2000_b20_q100_sf512_3 - INFO - finish step #67 for 27.53403115272522 sec
2020-03-27 08:39:52,953 - exp_torch_topics_d128_bald_entropy3_i2000_b20_q100_sf512_3 - INFO - current val_accuracy: 0.5005445180279617
2020-03-27 08:39:52,953 - exp_torch_topics_d128_bald_entropy3_i2000_b20_q100_sf512_3 - INFO - start step #68
2020-03-27 08:40:17,973 - exp_torch_topics_d128_bald_entropy3_i2000_b20_q100_sf512_3 - INFO - query idx: [ 6274 91642 71224 56756 30478  5722 27109 50173 55138 27908 89563  3837
 26789 18473 31198 87926 26599 41476 29495   615]
2020-03-27 08:40:20,865 - exp_torch_topics_d128_bald_entropy3_i2000_b20_q100_sf512_3 - INFO - finish step #68 for 27.911892890930176 sec
2020-03-27 08:40:20,865 - exp_torch_topics_d128_bald_entropy3_i2000_b20_q100_sf512_3 - INFO - current val_accuracy: 0.4966004415011038
2020-03-27 08:40:20,865 - exp_torch_topics_d128_bald_entropy3_i2000_b20_q100_sf512_3 - INFO - start step #69
2020-03-27 08:40:47,347 - exp_torch_topics_d128_bald_entropy3_i2000_b20_q100_sf512_3 - INFO - query idx: [48648 35738 12614 86365 92678 71806  7429 81065 14008 79933 75273 55975
 36423  6540  4706 57001 66501 31545 57626 59768]
2020-03-27 08:40:51,246 - exp_torch_topics_d128_bald_entropy3_i2000_b20_q100_sf512_3 - INFO - finish step #69 for 30.380690097808838 sec
2020-03-27 08:40:51,246 - exp_torch_topics_d128_bald_entropy3_i2000_b20_q100_sf512_3 - INFO - current val_accuracy: 0.49854304635761587
2020-03-27 08:40:51,247 - exp_torch_topics_d128_bald_entropy3_i2000_b20_q100_sf512_3 - INFO - start step #70
2020-03-27 08:41:16,193 - exp_torch_topics_d128_bald_entropy3_i2000_b20_q100_sf512_3 - INFO - query idx: [54630 86217 48202 51100 52776 36729 89516 75543 66519 39480 70560 59794
 48963 54557 80882 10765  8852 44366 69322 37714]
2020-03-27 08:41:18,915 - exp_torch_topics_d128_bald_entropy3_i2000_b20_q100_sf512_3 - INFO - finish step #70 for 27.668121099472046 sec
2020-03-27 08:41:18,915 - exp_torch_topics_d128_bald_entropy3_i2000_b20_q100_sf512_3 - INFO - current val_accuracy: 0.4996026490066225
2020-03-27 08:41:18,915 - exp_torch_topics_d128_bald_entropy3_i2000_b20_q100_sf512_3 - INFO - start step #71
2020-03-27 08:41:44,094 - exp_torch_topics_d128_bald_entropy3_i2000_b20_q100_sf512_3 - INFO - query idx: [75527  1810 73012 41380 38746 35410 96269 48335 89573 82335 20263 55190
 15781  7623 53331 30170  7585 73824 13088 79495]
2020-03-27 08:41:47,066 - exp_torch_topics_d128_bald_entropy3_i2000_b20_q100_sf512_3 - INFO - finish step #71 for 28.15046501159668 sec
2020-03-27 08:41:47,066 - exp_torch_topics_d128_bald_entropy3_i2000_b20_q100_sf512_3 - INFO - current val_accuracy: 0.49624724061810155
2020-03-27 08:41:47,066 - exp_torch_topics_d128_bald_entropy3_i2000_b20_q100_sf512_3 - INFO - start step #72
2020-03-27 08:42:11,893 - exp_torch_topics_d128_bald_entropy3_i2000_b20_q100_sf512_3 - INFO - query idx: [43432 27641 33410 92959 95809 58931 13157 51948 58437 73348 40514 98467
 36803 14459 54163 46787  8611 93978 36414 50686]
2020-03-27 08:42:14,661 - exp_torch_topics_d128_bald_entropy3_i2000_b20_q100_sf512_3 - INFO - finish step #72 for 27.594737768173218 sec
2020-03-27 08:42:14,661 - exp_torch_topics_d128_bald_entropy3_i2000_b20_q100_sf512_3 - INFO - current val_accuracy: 0.49677704194260486
2020-03-27 08:42:14,661 - exp_torch_topics_d128_bald_entropy3_i2000_b20_q100_sf512_3 - INFO - start step #73
2020-03-27 08:42:39,752 - exp_torch_topics_d128_bald_entropy3_i2000_b20_q100_sf512_3 - INFO - query idx: [65036  2285 39442 28751 11072 77151 47701  7334 36830 84623 40008 51223
 93705  7002 81347 12680 96958 25038 75852 55567]
2020-03-27 08:42:42,508 - exp_torch_topics_d128_bald_entropy3_i2000_b20_q100_sf512_3 - INFO - finish step #73 for 27.846446990966797 sec
2020-03-27 08:42:42,508 - exp_torch_topics_d128_bald_entropy3_i2000_b20_q100_sf512_3 - INFO - current val_accuracy: 0.5024871228844738
2020-03-27 08:42:42,508 - exp_torch_topics_d128_bald_entropy3_i2000_b20_q100_sf512_3 - INFO - start step #74
2020-03-27 08:43:07,798 - exp_torch_topics_d128_bald_entropy3_i2000_b20_q100_sf512_3 - INFO - query idx: [31023 70001 65816 71281 86826 35682 15700 85980 97175 87010 44352 57186
 84955  8276 50835  2902 45676 17253 91190 46307]
2020-03-27 08:43:10,343 - exp_torch_topics_d128_bald_entropy3_i2000_b20_q100_sf512_3 - INFO - finish step #74 for 27.834734678268433 sec
2020-03-27 08:43:10,343 - exp_torch_topics_d128_bald_entropy3_i2000_b20_q100_sf512_3 - INFO - current val_accuracy: 0.4990434142752024
2020-03-27 08:43:10,344 - exp_torch_topics_d128_bald_entropy3_i2000_b20_q100_sf512_3 - INFO - start step #75
2020-03-27 08:43:37,088 - exp_torch_topics_d128_bald_entropy3_i2000_b20_q100_sf512_3 - INFO - query idx: [ 1669 88038 27056 10808 67009 90163  9553 19078 25905 14555 74945 87744
 19004 22695 34147 14920 18404 78736 52837 47518]
2020-03-27 08:43:39,839 - exp_torch_topics_d128_bald_entropy3_i2000_b20_q100_sf512_3 - INFO - finish step #75 for 29.495503664016724 sec
2020-03-27 08:43:39,839 - exp_torch_topics_d128_bald_entropy3_i2000_b20_q100_sf512_3 - INFO - current val_accuracy: 0.49930831493745403
2020-03-27 08:43:39,840 - exp_torch_topics_d128_bald_entropy3_i2000_b20_q100_sf512_3 - INFO - start step #76
2020-03-27 08:44:04,619 - exp_torch_topics_d128_bald_entropy3_i2000_b20_q100_sf512_3 - INFO - query idx: [58279 71096 45294 54705 39264 65928  9337 79905 18985 47640 76598 46005
 62053 55224 87740 69156 98444 80109 91427 45661]
2020-03-27 08:44:07,216 - exp_torch_topics_d128_bald_entropy3_i2000_b20_q100_sf512_3 - INFO - finish step #76 for 27.376041889190674 sec
2020-03-27 08:44:07,216 - exp_torch_topics_d128_bald_entropy3_i2000_b20_q100_sf512_3 - INFO - current val_accuracy: 0.4994260485651214
2020-03-27 08:44:07,216 - exp_torch_topics_d128_bald_entropy3_i2000_b20_q100_sf512_3 - INFO - start step #77
2020-03-27 08:44:31,883 - exp_torch_topics_d128_bald_entropy3_i2000_b20_q100_sf512_3 - INFO - query idx: [94137 95130 26423 50369 57113 57129 78305  5895  1555  8263 65949 29294
 76808 96029 43690 85800 49617 72318 49817 25512]
2020-03-27 08:44:34,539 - exp_torch_topics_d128_bald_entropy3_i2000_b20_q100_sf512_3 - INFO - finish step #77 for 27.322865962982178 sec
2020-03-27 08:44:34,539 - exp_torch_topics_d128_bald_entropy3_i2000_b20_q100_sf512_3 - INFO - current val_accuracy: 0.500485651214128
2020-03-27 08:44:34,539 - exp_torch_topics_d128_bald_entropy3_i2000_b20_q100_sf512_3 - INFO - start step #78
2020-03-27 08:44:59,193 - exp_torch_topics_d128_bald_entropy3_i2000_b20_q100_sf512_3 - INFO - query idx: [79128 75617 89518 82290 64776 19497 80212 59607 71667  2129 69173 17647
 20132 55827 53023  3910 68172 45754  3073 94740]
2020-03-27 08:45:01,781 - exp_torch_topics_d128_bald_entropy3_i2000_b20_q100_sf512_3 - INFO - finish step #78 for 27.241801023483276 sec
2020-03-27 08:45:01,781 - exp_torch_topics_d128_bald_entropy3_i2000_b20_q100_sf512_3 - INFO - current val_accuracy: 0.4971302428256071
2020-03-27 08:45:01,782 - exp_torch_topics_d128_bald_entropy3_i2000_b20_q100_sf512_3 - INFO - start step #79
2020-03-27 08:45:26,556 - exp_torch_topics_d128_bald_entropy3_i2000_b20_q100_sf512_3 - INFO - query idx: [94336 76424 96098 95431 23535  5919 58259 33233 41817 53416 20159 38047
 86689 65211 13651 53523 73698 68041 37306 37458]
2020-03-27 08:45:29,117 - exp_torch_topics_d128_bald_entropy3_i2000_b20_q100_sf512_3 - INFO - finish step #79 for 27.335351943969727 sec
2020-03-27 08:45:29,117 - exp_torch_topics_d128_bald_entropy3_i2000_b20_q100_sf512_3 - INFO - current val_accuracy: 0.5000147167034584
2020-03-27 08:45:29,117 - exp_torch_topics_d128_bald_entropy3_i2000_b20_q100_sf512_3 - INFO - start step #80
2020-03-27 08:45:54,604 - exp_torch_topics_d128_bald_entropy3_i2000_b20_q100_sf512_3 - INFO - query idx: [98330 47702 73803 96591 14402 63387 25154 74798 46197 35702 78273  3828
 65654 81142 37219 67858  5581 78666 22184  7740]
2020-03-27 08:45:57,605 - exp_torch_topics_d128_bald_entropy3_i2000_b20_q100_sf512_3 - INFO - finish step #80 for 28.487654209136963 sec
2020-03-27 08:45:57,605 - exp_torch_topics_d128_bald_entropy3_i2000_b20_q100_sf512_3 - INFO - current val_accuracy: 0.5031935246504783
2020-03-27 08:45:57,605 - exp_torch_topics_d128_bald_entropy3_i2000_b20_q100_sf512_3 - INFO - start step #81
2020-03-27 08:46:22,227 - exp_torch_topics_d128_bald_entropy3_i2000_b20_q100_sf512_3 - INFO - query idx: [76039 92313 32191 63936 61021 56859 92666 39402 97200 18110 71313 22026
 85672 89978  2084 75003 80157 51484 66908  4698]
2020-03-27 08:46:24,771 - exp_torch_topics_d128_bald_entropy3_i2000_b20_q100_sf512_3 - INFO - finish step #81 for 27.165711879730225 sec
2020-03-27 08:46:24,771 - exp_torch_topics_d128_bald_entropy3_i2000_b20_q100_sf512_3 - INFO - current val_accuracy: 0.5015452538631346
2020-03-27 08:46:24,772 - exp_torch_topics_d128_bald_entropy3_i2000_b20_q100_sf512_3 - INFO - start step #82
2020-03-27 08:46:49,240 - exp_torch_topics_d128_bald_entropy3_i2000_b20_q100_sf512_3 - INFO - query idx: [78058 75039 34221 67174  4096 96755 80210 71684 74097 75512   349    87
 67737 32306 65488 95179 73705 46869 59204 88689]
2020-03-27 08:46:51,848 - exp_torch_topics_d128_bald_entropy3_i2000_b20_q100_sf512_3 - INFO - finish step #82 for 27.07600712776184 sec
2020-03-27 08:46:51,848 - exp_torch_topics_d128_bald_entropy3_i2000_b20_q100_sf512_3 - INFO - current val_accuracy: 0.5048417954378219
2020-03-27 08:46:51,848 - exp_torch_topics_d128_bald_entropy3_i2000_b20_q100_sf512_3 - INFO - start step #83
2020-03-27 08:47:16,558 - exp_torch_topics_d128_bald_entropy3_i2000_b20_q100_sf512_3 - INFO - query idx: [67999 61187 89087 30301 18921 49444 58562 19126 69381 41964 37812 13899
 95455 13923 12339 54779 22229 28978 80171 45974]
2020-03-27 08:47:19,361 - exp_torch_topics_d128_bald_entropy3_i2000_b20_q100_sf512_3 - INFO - finish step #83 for 27.512598991394043 sec
2020-03-27 08:47:19,361 - exp_torch_topics_d128_bald_entropy3_i2000_b20_q100_sf512_3 - INFO - current val_accuracy: 0.5021044885945548
2020-03-27 08:47:19,361 - exp_torch_topics_d128_bald_entropy3_i2000_b20_q100_sf512_3 - INFO - start step #84
2020-03-27 08:47:44,378 - exp_torch_topics_d128_bald_entropy3_i2000_b20_q100_sf512_3 - INFO - query idx: [ 8278 78026 50798 89783 23811 81197  6226 80535 80430 60972 14686 86227
 32269  6579 78557 26103 20046 53102 71761 25304]
2020-03-27 08:47:47,153 - exp_torch_topics_d128_bald_entropy3_i2000_b20_q100_sf512_3 - INFO - finish step #84 for 27.7913761138916 sec
2020-03-27 08:47:47,153 - exp_torch_topics_d128_bald_entropy3_i2000_b20_q100_sf512_3 - INFO - current val_accuracy: 0.5033406916850626
2020-03-27 08:47:47,153 - exp_torch_topics_d128_bald_entropy3_i2000_b20_q100_sf512_3 - INFO - start step #85
2020-03-27 08:48:11,927 - exp_torch_topics_d128_bald_entropy3_i2000_b20_q100_sf512_3 - INFO - query idx: [13127 77598 12908 10965 76456 44397 40178 80726 68824 13988 83149 39848
  8454  4766 78682 58360 39160 77591 96752 49110]
2020-03-27 08:48:15,041 - exp_torch_topics_d128_bald_entropy3_i2000_b20_q100_sf512_3 - INFO - finish step #85 for 27.887601852416992 sec
2020-03-27 08:48:15,041 - exp_torch_topics_d128_bald_entropy3_i2000_b20_q100_sf512_3 - INFO - current val_accuracy: 0.5023399558498897
2020-03-27 08:48:15,041 - exp_torch_topics_d128_bald_entropy3_i2000_b20_q100_sf512_3 - INFO - start step #86
2020-03-27 08:48:39,079 - exp_torch_topics_d128_bald_entropy3_i2000_b20_q100_sf512_3 - INFO - query idx: [52085 94802 10856 70233 69992 75421 86219 95246 95510 26282 58087 34465
 84353 90006 55193 57245   319 84233 95543 38371]
2020-03-27 08:48:41,892 - exp_torch_topics_d128_bald_entropy3_i2000_b20_q100_sf512_3 - INFO - finish step #86 for 26.851091861724854 sec
2020-03-27 08:48:41,892 - exp_torch_topics_d128_bald_entropy3_i2000_b20_q100_sf512_3 - INFO - current val_accuracy: 0.5037821927888153
2020-03-27 08:48:41,892 - exp_torch_topics_d128_bald_entropy3_i2000_b20_q100_sf512_3 - INFO - start step #87
2020-03-27 08:49:06,573 - exp_torch_topics_d128_bald_entropy3_i2000_b20_q100_sf512_3 - INFO - query idx: [77431 92298  9506  3445 91917 37233 57779 51073 48977 78827 89665 49946
 23605 68468 44357  5637 40167 25581 95760 21563]
2020-03-27 08:49:09,447 - exp_torch_topics_d128_bald_entropy3_i2000_b20_q100_sf512_3 - INFO - finish step #87 for 27.554870128631592 sec
2020-03-27 08:49:09,448 - exp_torch_topics_d128_bald_entropy3_i2000_b20_q100_sf512_3 - INFO - current val_accuracy: 0.5043414275202355
2020-03-27 08:49:09,448 - exp_torch_topics_d128_bald_entropy3_i2000_b20_q100_sf512_3 - INFO - start step #88
2020-03-27 08:49:46,319 - exp_torch_topics_d128_bald_entropy3_i2000_b20_q100_sf512_3 - INFO - query idx: [ 5660 65371 87003 63131 24296 56964 45288 20549 37915 48032  3025 57634
 64371 59461   379 89891 70709  1305 69535 42391]
2020-03-27 08:49:51,292 - exp_torch_topics_d128_bald_entropy3_i2000_b20_q100_sf512_3 - INFO - finish step #88 for 41.844253063201904 sec
2020-03-27 08:49:51,292 - exp_torch_topics_d128_bald_entropy3_i2000_b20_q100_sf512_3 - INFO - current val_accuracy: 0.5044002943340692
2020-03-27 08:49:51,293 - exp_torch_topics_d128_bald_entropy3_i2000_b20_q100_sf512_3 - INFO - start step #89
2020-03-27 08:50:17,599 - exp_torch_topics_d128_bald_entropy3_i2000_b20_q100_sf512_3 - INFO - query idx: [64500 55610 92942 24594 52457 18011 20682 77591 91057 88011 52097 89200
 21487 40820 62130  2378 52283 60319 27273  4685]
2020-03-27 08:50:20,875 - exp_torch_topics_d128_bald_entropy3_i2000_b20_q100_sf512_3 - INFO - finish step #89 for 29.58206605911255 sec
2020-03-27 08:50:20,875 - exp_torch_topics_d128_bald_entropy3_i2000_b20_q100_sf512_3 - INFO - current val_accuracy: 0.504223693892568
2020-03-27 08:50:20,875 - exp_torch_topics_d128_bald_entropy3_i2000_b20_q100_sf512_3 - INFO - start step #90
2020-03-27 08:50:48,147 - exp_torch_topics_d128_bald_entropy3_i2000_b20_q100_sf512_3 - INFO - query idx: [55449 91230 94166 36279 93217 74560 21816  9129 23748  1449 13682 28183
 33431 11706 49028 48236 68534 71937 24140  3196]
2020-03-27 08:50:51,079 - exp_torch_topics_d128_bald_entropy3_i2000_b20_q100_sf512_3 - INFO - finish step #90 for 30.204129934310913 sec
2020-03-27 08:50:51,079 - exp_torch_topics_d128_bald_entropy3_i2000_b20_q100_sf512_3 - INFO - current val_accuracy: 0.5056659308314937
2020-03-27 08:50:51,080 - exp_torch_topics_d128_bald_entropy3_i2000_b20_q100_sf512_3 - INFO - start step #91
2020-03-27 08:51:16,941 - exp_torch_topics_d128_bald_entropy3_i2000_b20_q100_sf512_3 - INFO - query idx: [ 8578 57952 80565 66673 94784  7791 97029 16068 37313 12903 84512 71529
 64891 49259 78034 88993 38067 24746 77132 48863]
2020-03-27 08:51:19,832 - exp_torch_topics_d128_bald_entropy3_i2000_b20_q100_sf512_3 - INFO - finish step #91 for 28.752295970916748 sec
2020-03-27 08:51:19,832 - exp_torch_topics_d128_bald_entropy3_i2000_b20_q100_sf512_3 - INFO - current val_accuracy: 0.5070787343635026
2020-03-27 08:51:19,833 - exp_torch_topics_d128_bald_entropy3_i2000_b20_q100_sf512_3 - INFO - start step #92
2020-03-27 08:51:44,373 - exp_torch_topics_d128_bald_entropy3_i2000_b20_q100_sf512_3 - INFO - query idx: [63772 69511 38302 57013 81960 39012 66631 34116 83215 83295 75352 65877
  7298 55902 78192 47884 89069 35992 44624 91888]
2020-03-27 08:51:47,378 - exp_torch_topics_d128_bald_entropy3_i2000_b20_q100_sf512_3 - INFO - finish step #92 for 27.545560121536255 sec
2020-03-27 08:51:47,378 - exp_torch_topics_d128_bald_entropy3_i2000_b20_q100_sf512_3 - INFO - current val_accuracy: 0.5074908020603385
2020-03-27 08:51:47,379 - exp_torch_topics_d128_bald_entropy3_i2000_b20_q100_sf512_3 - INFO - start step #93
2020-03-27 08:52:12,496 - exp_torch_topics_d128_bald_entropy3_i2000_b20_q100_sf512_3 - INFO - query idx: [18915 19729 29695 37416 23664 21979 28985 82577 16578 82620 89537 56890
 12819 39680 43280 19714 76124 61503 43147  1546]
2020-03-27 08:52:15,688 - exp_torch_topics_d128_bald_entropy3_i2000_b20_q100_sf512_3 - INFO - finish step #93 for 28.308924913406372 sec
2020-03-27 08:52:15,688 - exp_torch_topics_d128_bald_entropy3_i2000_b20_q100_sf512_3 - INFO - current val_accuracy: 0.5045768947755702
2020-03-27 08:52:15,688 - exp_torch_topics_d128_bald_entropy3_i2000_b20_q100_sf512_3 - INFO - start step #94
2020-03-27 08:52:40,277 - exp_torch_topics_d128_bald_entropy3_i2000_b20_q100_sf512_3 - INFO - query idx: [22808 87596 87840 48110 40961 83599 76959 47888 73275 32417 78695 24091
  3045 13448 73103 90280 81977 50798 39926 56733]
2020-03-27 08:52:43,356 - exp_torch_topics_d128_bald_entropy3_i2000_b20_q100_sf512_3 - INFO - finish step #94 for 27.66812491416931 sec
2020-03-27 08:52:43,357 - exp_torch_topics_d128_bald_entropy3_i2000_b20_q100_sf512_3 - INFO - current val_accuracy: 0.5048417954378219
2020-03-27 08:52:43,357 - exp_torch_topics_d128_bald_entropy3_i2000_b20_q100_sf512_3 - INFO - start step #95
2020-03-27 08:53:07,535 - exp_torch_topics_d128_bald_entropy3_i2000_b20_q100_sf512_3 - INFO - query idx: [30905 25204  5260 30110 78519 62221 45819 10337 93990  4757 52043 57715
 63775 65415 41474 56986 93383 62050 20970 38054]
2020-03-27 08:53:10,389 - exp_torch_topics_d128_bald_entropy3_i2000_b20_q100_sf512_3 - INFO - finish step #95 for 27.03196430206299 sec
2020-03-27 08:53:10,390 - exp_torch_topics_d128_bald_entropy3_i2000_b20_q100_sf512_3 - INFO - current val_accuracy: 0.5057542310522443
2020-03-27 08:53:10,390 - exp_torch_topics_d128_bald_entropy3_i2000_b20_q100_sf512_3 - INFO - start step #96
2020-03-27 08:53:35,687 - exp_torch_topics_d128_bald_entropy3_i2000_b20_q100_sf512_3 - INFO - query idx: [27509 21460  6997 22864 71879 53501 90284 79042  7249 97479 10353 38041
 72460  3418  1548 91864 93843 77764  9546 79340]
2020-03-27 08:53:39,224 - exp_torch_topics_d128_bald_entropy3_i2000_b20_q100_sf512_3 - INFO - finish step #96 for 28.833926916122437 sec
2020-03-27 08:53:39,224 - exp_torch_topics_d128_bald_entropy3_i2000_b20_q100_sf512_3 - INFO - current val_accuracy: 0.5072259013980869
2020-03-27 08:53:39,224 - exp_torch_topics_d128_bald_entropy3_i2000_b20_q100_sf512_3 - INFO - start step #97
2020-03-27 08:54:03,904 - exp_torch_topics_d128_bald_entropy3_i2000_b20_q100_sf512_3 - INFO - query idx: [ 3459 57050 66794 64087 76695 50005 48906 65111 78947 92486 64784 94874
 14419 29582 91346 88374 63223 87351 84416 28444]
2020-03-27 08:54:06,740 - exp_torch_topics_d128_bald_entropy3_i2000_b20_q100_sf512_3 - INFO - finish step #97 for 27.516058921813965 sec
2020-03-27 08:54:06,741 - exp_torch_topics_d128_bald_entropy3_i2000_b20_q100_sf512_3 - INFO - current val_accuracy: 0.508579838116262
2020-03-27 08:54:06,741 - exp_torch_topics_d128_bald_entropy3_i2000_b20_q100_sf512_3 - INFO - start step #98
2020-03-27 08:54:31,538 - exp_torch_topics_d128_bald_entropy3_i2000_b20_q100_sf512_3 - INFO - query idx: [41209 42530  9798  1567 54240 42478 56783 32578 46512 83742 74882  9130
 46554 88347 46557 30549 42228 16635 13690 47179]
2020-03-27 08:54:34,271 - exp_torch_topics_d128_bald_entropy3_i2000_b20_q100_sf512_3 - INFO - finish step #98 for 27.530547857284546 sec
2020-03-27 08:54:34,272 - exp_torch_topics_d128_bald_entropy3_i2000_b20_q100_sf512_3 - INFO - current val_accuracy: 0.5084915378955114
2020-03-27 08:54:34,272 - exp_torch_topics_d128_bald_entropy3_i2000_b20_q100_sf512_3 - INFO - start step #99
2020-03-27 08:54:58,997 - exp_torch_topics_d128_bald_entropy3_i2000_b20_q100_sf512_3 - INFO - query idx: [15108 53193 40417 37717 35197 91045 62036 62197 50895  7460 63882  8083
 66728 67726 26538 45446 28164 50559 27738 62897]
2020-03-27 08:55:01,659 - exp_torch_topics_d128_bald_entropy3_i2000_b20_q100_sf512_3 - INFO - finish step #99 for 27.386791944503784 sec
2020-03-27 08:55:01,659 - exp_torch_topics_d128_bald_entropy3_i2000_b20_q100_sf512_3 - INFO - current val_accuracy: 0.5051361295069904
2020-03-27 08:55:01,660 - exp_torch_topics_d128_bald_entropy3_i2000_b20_q100_sf512_3 - INFO - finish experiment process for 2866.1693301200867 sec
