2020-03-24 15:17:50,630 - exp_torch_topics_d128_passive_i2000_b20_q100_shuffled_fit_2 - INFO - start experiment process
2020-03-24 15:17:56,617 - exp_torch_topics_d128_passive_i2000_b20_q100_shuffled_fit_2 - INFO - initial val_accuracy: 0.4461515820456218
2020-03-24 15:17:56,618 - exp_torch_topics_d128_passive_i2000_b20_q100_shuffled_fit_2 - INFO - start step #0
2020-03-24 15:17:56,626 - exp_torch_topics_d128_passive_i2000_b20_q100_shuffled_fit_2 - INFO - query idx: [77494 40793 82148 47917 79068 29031 38708 41852 27360 33855 45160 22243
 12529 62739 82343 10759  7812 33873 60552 97811]
2020-03-24 15:18:06,195 - exp_torch_topics_d128_passive_i2000_b20_q100_shuffled_fit_2 - INFO - finish step #0 for 9.577381134033203 sec
2020-03-24 15:18:06,197 - exp_torch_topics_d128_passive_i2000_b20_q100_shuffled_fit_2 - INFO - current val_accuracy: 0.4463870493009566
2020-03-24 15:18:06,197 - exp_torch_topics_d128_passive_i2000_b20_q100_shuffled_fit_2 - INFO - start step #1
2020-03-24 15:18:06,199 - exp_torch_topics_d128_passive_i2000_b20_q100_shuffled_fit_2 - INFO - query idx: [75080 38167 49594 81423 94518 41419    51 76181 25263 36025 56201 46164
 97590 50515 21931 66777 35059 57948 58040 74586]
2020-03-24 15:18:11,557 - exp_torch_topics_d128_passive_i2000_b20_q100_shuffled_fit_2 - INFO - finish step #1 for 5.360424995422363 sec
2020-03-24 15:18:11,558 - exp_torch_topics_d128_passive_i2000_b20_q100_shuffled_fit_2 - INFO - current val_accuracy: 0.4528623988226637
2020-03-24 15:18:11,558 - exp_torch_topics_d128_passive_i2000_b20_q100_shuffled_fit_2 - INFO - start step #2
2020-03-24 15:18:11,558 - exp_torch_topics_d128_passive_i2000_b20_q100_shuffled_fit_2 - INFO - query idx: [27473 27503 34621 92300 97624 93719  4537 21418 59944 26954 18192 47811
 47453 99856 70218 34047  4379 70733 83852 61814]
2020-03-24 15:18:16,050 - exp_torch_topics_d128_passive_i2000_b20_q100_shuffled_fit_2 - INFO - finish step #2 for 4.491873025894165 sec
2020-03-24 15:18:16,051 - exp_torch_topics_d128_passive_i2000_b20_q100_shuffled_fit_2 - INFO - current val_accuracy: 0.44956585724797643
2020-03-24 15:18:16,051 - exp_torch_topics_d128_passive_i2000_b20_q100_shuffled_fit_2 - INFO - start step #3
2020-03-24 15:18:16,052 - exp_torch_topics_d128_passive_i2000_b20_q100_shuffled_fit_2 - INFO - query idx: [20933  5797 84854 39918 73216  3776 54593 32474 97050 73382 64294 26361
 23948 83746 60568 52035 36507 23271 92033 39304]
2020-03-24 15:18:20,421 - exp_torch_topics_d128_passive_i2000_b20_q100_shuffled_fit_2 - INFO - finish step #3 for 4.369231939315796 sec
2020-03-24 15:18:20,421 - exp_torch_topics_d128_passive_i2000_b20_q100_shuffled_fit_2 - INFO - current val_accuracy: 0.4404120676968359
2020-03-24 15:18:20,421 - exp_torch_topics_d128_passive_i2000_b20_q100_shuffled_fit_2 - INFO - start step #4
2020-03-24 15:18:20,421 - exp_torch_topics_d128_passive_i2000_b20_q100_shuffled_fit_2 - INFO - query idx: [62733 35440 32516  2548 77028 68867  6652 30607 44644 24900 84758 21715
 97110 41695 41785 60684 59048 87272 11886 17994]
2020-03-24 15:18:23,676 - exp_torch_topics_d128_passive_i2000_b20_q100_shuffled_fit_2 - INFO - finish step #4 for 3.254673719406128 sec
2020-03-24 15:18:23,676 - exp_torch_topics_d128_passive_i2000_b20_q100_shuffled_fit_2 - INFO - current val_accuracy: 0.44259013980868284
2020-03-24 15:18:23,677 - exp_torch_topics_d128_passive_i2000_b20_q100_shuffled_fit_2 - INFO - start step #5
2020-03-24 15:18:23,677 - exp_torch_topics_d128_passive_i2000_b20_q100_shuffled_fit_2 - INFO - query idx: [53753 93450 72041 39421 87308 91729 51457  8376 74870 40313 95382 57107
 37755 30044  6159 36731 72883 84331 61482 14070]
2020-03-24 15:18:26,242 - exp_torch_topics_d128_passive_i2000_b20_q100_shuffled_fit_2 - INFO - finish step #5 for 2.5655617713928223 sec
2020-03-24 15:18:26,242 - exp_torch_topics_d128_passive_i2000_b20_q100_shuffled_fit_2 - INFO - current val_accuracy: 0.44694628403237674
2020-03-24 15:18:26,243 - exp_torch_topics_d128_passive_i2000_b20_q100_shuffled_fit_2 - INFO - start step #6
2020-03-24 15:18:26,243 - exp_torch_topics_d128_passive_i2000_b20_q100_shuffled_fit_2 - INFO - query idx: [15223 22540 19624 12973 35825 67770 88753 18944 11594 92982 10945 69788
 28769 59079 92852  5074 59598 29481 57415 87319]
2020-03-24 15:18:28,800 - exp_torch_topics_d128_passive_i2000_b20_q100_shuffled_fit_2 - INFO - finish step #6 for 2.557284116744995 sec
2020-03-24 15:18:28,800 - exp_torch_topics_d128_passive_i2000_b20_q100_shuffled_fit_2 - INFO - current val_accuracy: 0.44777041942604856
2020-03-24 15:18:28,800 - exp_torch_topics_d128_passive_i2000_b20_q100_shuffled_fit_2 - INFO - start step #7
2020-03-24 15:18:28,801 - exp_torch_topics_d128_passive_i2000_b20_q100_shuffled_fit_2 - INFO - query idx: [92614 97883 35964 48436 12754 97798 49830 90020 70458 55397 70952  2813
 22444 61651 81197 98225 46073 78309 87287 57544]
2020-03-24 15:18:31,319 - exp_torch_topics_d128_passive_i2000_b20_q100_shuffled_fit_2 - INFO - finish step #7 for 2.5186681747436523 sec
2020-03-24 15:18:31,319 - exp_torch_topics_d128_passive_i2000_b20_q100_shuffled_fit_2 - INFO - current val_accuracy: 0.4410890360559235
2020-03-24 15:18:31,320 - exp_torch_topics_d128_passive_i2000_b20_q100_shuffled_fit_2 - INFO - start step #8
2020-03-24 15:18:31,320 - exp_torch_topics_d128_passive_i2000_b20_q100_shuffled_fit_2 - INFO - query idx: [77240 59032 61662 50408 66070 12819 75284  5131 83935 18512 36940 58960
 15683 92680  4146 89880 56856 56829 88436 13089]
2020-03-24 15:18:33,826 - exp_torch_topics_d128_passive_i2000_b20_q100_shuffled_fit_2 - INFO - finish step #8 for 2.5067367553710938 sec
2020-03-24 15:18:33,827 - exp_torch_topics_d128_passive_i2000_b20_q100_shuffled_fit_2 - INFO - current val_accuracy: 0.45068432671081676
2020-03-24 15:18:33,827 - exp_torch_topics_d128_passive_i2000_b20_q100_shuffled_fit_2 - INFO - start step #9
2020-03-24 15:18:33,827 - exp_torch_topics_d128_passive_i2000_b20_q100_shuffled_fit_2 - INFO - query idx: [ 8984 10095  9866 78539 17751 79471 43128 48742 46682 36229 12492 61771
 90855 96955 47899 99372 72633 28172 79462 95412]
2020-03-24 15:18:36,368 - exp_torch_topics_d128_passive_i2000_b20_q100_shuffled_fit_2 - INFO - finish step #9 for 2.540966272354126 sec
2020-03-24 15:18:36,368 - exp_torch_topics_d128_passive_i2000_b20_q100_shuffled_fit_2 - INFO - current val_accuracy: 0.45398086828550405
2020-03-24 15:18:36,368 - exp_torch_topics_d128_passive_i2000_b20_q100_shuffled_fit_2 - INFO - start step #10
2020-03-24 15:18:36,369 - exp_torch_topics_d128_passive_i2000_b20_q100_shuffled_fit_2 - INFO - query idx: [77350 26809 69780 14791 23477 75553 45020 89188 20959 60637 69613 67084
  7947 77172 58989 90978 28169 90667 89712 40432]
2020-03-24 15:18:38,938 - exp_torch_topics_d128_passive_i2000_b20_q100_shuffled_fit_2 - INFO - finish step #10 for 2.5700039863586426 sec
2020-03-24 15:18:38,939 - exp_torch_topics_d128_passive_i2000_b20_q100_shuffled_fit_2 - INFO - current val_accuracy: 0.45818984547461367
2020-03-24 15:18:38,939 - exp_torch_topics_d128_passive_i2000_b20_q100_shuffled_fit_2 - INFO - start step #11
2020-03-24 15:18:38,940 - exp_torch_topics_d128_passive_i2000_b20_q100_shuffled_fit_2 - INFO - query idx: [23186 46856 46776 73061  7984 14443 23135  5261 70275 34568 19669 81806
 85963 87589 37523 82915 66406 20652 94600 42237]
2020-03-24 15:18:41,457 - exp_torch_topics_d128_passive_i2000_b20_q100_shuffled_fit_2 - INFO - finish step #11 for 2.5179829597473145 sec
2020-03-24 15:18:41,459 - exp_torch_topics_d128_passive_i2000_b20_q100_shuffled_fit_2 - INFO - current val_accuracy: 0.45948491537895514
2020-03-24 15:18:41,459 - exp_torch_topics_d128_passive_i2000_b20_q100_shuffled_fit_2 - INFO - start step #12
2020-03-24 15:18:41,460 - exp_torch_topics_d128_passive_i2000_b20_q100_shuffled_fit_2 - INFO - query idx: [85652 75461 76396 68914 65616 75934 20103 93172 49967  9899 78935  3692
 56876 28889 81312 72800 78611 85298  5934 45405]
2020-03-24 15:18:43,967 - exp_torch_topics_d128_passive_i2000_b20_q100_shuffled_fit_2 - INFO - finish step #12 for 2.5076489448547363 sec
2020-03-24 15:18:43,967 - exp_torch_topics_d128_passive_i2000_b20_q100_shuffled_fit_2 - INFO - current val_accuracy: 0.4585430463576159
2020-03-24 15:18:43,967 - exp_torch_topics_d128_passive_i2000_b20_q100_shuffled_fit_2 - INFO - start step #13
2020-03-24 15:18:43,968 - exp_torch_topics_d128_passive_i2000_b20_q100_shuffled_fit_2 - INFO - query idx: [97831  6081  7733 31204 53235  5325 80217 62968 81257 72235 69094   790
 47854 45808 92787 30745 18378 13569 43369 39921]
2020-03-24 15:18:46,489 - exp_torch_topics_d128_passive_i2000_b20_q100_shuffled_fit_2 - INFO - finish step #13 for 2.5221428871154785 sec
2020-03-24 15:18:46,490 - exp_torch_topics_d128_passive_i2000_b20_q100_shuffled_fit_2 - INFO - current val_accuracy: 0.4628108903605592
2020-03-24 15:18:46,490 - exp_torch_topics_d128_passive_i2000_b20_q100_shuffled_fit_2 - INFO - start step #14
2020-03-24 15:18:46,491 - exp_torch_topics_d128_passive_i2000_b20_q100_shuffled_fit_2 - INFO - query idx: [66280   629 97674 63608 60256 55399 57049 10703   658  1660 46287  9901
 41017 96098 45885 63914 69551 59872 23018 44585]
2020-03-24 15:18:48,983 - exp_torch_topics_d128_passive_i2000_b20_q100_shuffled_fit_2 - INFO - finish step #14 for 2.4930169582366943 sec
2020-03-24 15:18:48,984 - exp_torch_topics_d128_passive_i2000_b20_q100_shuffled_fit_2 - INFO - current val_accuracy: 0.46286975717439294
2020-03-24 15:18:48,984 - exp_torch_topics_d128_passive_i2000_b20_q100_shuffled_fit_2 - INFO - start step #15
2020-03-24 15:18:48,984 - exp_torch_topics_d128_passive_i2000_b20_q100_shuffled_fit_2 - INFO - query idx: [49998 84799 29805 33749 47403 87817 32617 31075 97848 84235 49996 56464
  2089 34865 85989 28149 37197 51790 75848 24493]
2020-03-24 15:18:51,512 - exp_torch_topics_d128_passive_i2000_b20_q100_shuffled_fit_2 - INFO - finish step #15 for 2.528083086013794 sec
2020-03-24 15:18:51,512 - exp_torch_topics_d128_passive_i2000_b20_q100_shuffled_fit_2 - INFO - current val_accuracy: 0.46363502575423104
2020-03-24 15:18:51,512 - exp_torch_topics_d128_passive_i2000_b20_q100_shuffled_fit_2 - INFO - start step #16
2020-03-24 15:18:51,513 - exp_torch_topics_d128_passive_i2000_b20_q100_shuffled_fit_2 - INFO - query idx: [54654 33533 77078 98633 32646 11793 16348 79888 55547 20681 55333  9163
 43813 61894 82936 14672 98294 91201 74150 90086]
2020-03-24 15:18:54,187 - exp_torch_topics_d128_passive_i2000_b20_q100_shuffled_fit_2 - INFO - finish step #16 for 2.675123929977417 sec
2020-03-24 15:18:54,188 - exp_torch_topics_d128_passive_i2000_b20_q100_shuffled_fit_2 - INFO - current val_accuracy: 0.46493009565857246
2020-03-24 15:18:54,188 - exp_torch_topics_d128_passive_i2000_b20_q100_shuffled_fit_2 - INFO - start step #17
2020-03-24 15:18:54,189 - exp_torch_topics_d128_passive_i2000_b20_q100_shuffled_fit_2 - INFO - query idx: [92250 94967 10866 98959 55510 41759 89965 43535 82184 88785  3646 74970
 36038 93393 36776 30108 83393 57236 29369 30775]
2020-03-24 15:18:56,764 - exp_torch_topics_d128_passive_i2000_b20_q100_shuffled_fit_2 - INFO - finish step #17 for 2.5753238201141357 sec
2020-03-24 15:18:56,764 - exp_torch_topics_d128_passive_i2000_b20_q100_shuffled_fit_2 - INFO - current val_accuracy: 0.46286975717439294
2020-03-24 15:18:56,764 - exp_torch_topics_d128_passive_i2000_b20_q100_shuffled_fit_2 - INFO - start step #18
2020-03-24 15:18:56,765 - exp_torch_topics_d128_passive_i2000_b20_q100_shuffled_fit_2 - INFO - query idx: [83326 55135 17362 11863 96287 43294 54337 72576 12564 40028 82219 13423
 46510 73711 39258 59866  5207 37949 34102 15547]
2020-03-24 15:18:59,287 - exp_torch_topics_d128_passive_i2000_b20_q100_shuffled_fit_2 - INFO - finish step #18 for 2.523014783859253 sec
2020-03-24 15:18:59,287 - exp_torch_topics_d128_passive_i2000_b20_q100_shuffled_fit_2 - INFO - current val_accuracy: 0.4628403237674761
2020-03-24 15:18:59,288 - exp_torch_topics_d128_passive_i2000_b20_q100_shuffled_fit_2 - INFO - start step #19
2020-03-24 15:18:59,288 - exp_torch_topics_d128_passive_i2000_b20_q100_shuffled_fit_2 - INFO - query idx: [26617 26263 96680 10850 16343 36841 10213 26725 41590 27622 56409 15106
 62436 97815 25223 27418 83005 40887 30400 85833]
2020-03-24 15:19:02,262 - exp_torch_topics_d128_passive_i2000_b20_q100_shuffled_fit_2 - INFO - finish step #19 for 2.9748029708862305 sec
2020-03-24 15:19:02,263 - exp_torch_topics_d128_passive_i2000_b20_q100_shuffled_fit_2 - INFO - current val_accuracy: 0.46339955849889625
2020-03-24 15:19:02,263 - exp_torch_topics_d128_passive_i2000_b20_q100_shuffled_fit_2 - INFO - start step #20
2020-03-24 15:19:02,264 - exp_torch_topics_d128_passive_i2000_b20_q100_shuffled_fit_2 - INFO - query idx: [58997 24588 18538 25020 52571 88326  9192 93254 30271 35118 17090 39501
 28843 46322  2419  4523 98314 55361 38910 45048]
2020-03-24 15:19:05,358 - exp_torch_topics_d128_passive_i2000_b20_q100_shuffled_fit_2 - INFO - finish step #20 for 3.0949859619140625 sec
2020-03-24 15:19:05,359 - exp_torch_topics_d128_passive_i2000_b20_q100_shuffled_fit_2 - INFO - current val_accuracy: 0.4688447387785136
2020-03-24 15:19:05,359 - exp_torch_topics_d128_passive_i2000_b20_q100_shuffled_fit_2 - INFO - start step #21
2020-03-24 15:19:05,359 - exp_torch_topics_d128_passive_i2000_b20_q100_shuffled_fit_2 - INFO - query idx: [29501 47611 49572  3589 90415 18019 15646 55215 43776 32950 92771 16446
 99292 50052 78562 70085 93647 88047 93271 59032]
2020-03-24 15:19:08,127 - exp_torch_topics_d128_passive_i2000_b20_q100_shuffled_fit_2 - INFO - finish step #21 for 2.768249034881592 sec
2020-03-24 15:19:08,127 - exp_torch_topics_d128_passive_i2000_b20_q100_shuffled_fit_2 - INFO - current val_accuracy: 0.4688447387785136
2020-03-24 15:19:08,127 - exp_torch_topics_d128_passive_i2000_b20_q100_shuffled_fit_2 - INFO - start step #22
2020-03-24 15:19:08,128 - exp_torch_topics_d128_passive_i2000_b20_q100_shuffled_fit_2 - INFO - query idx: [60866 40033 94748 19220 67676 59323 68393  8368 79181   389 22890 28761
 73026 57734 98355 84440 95172 30807 47733 89271]
2020-03-24 15:19:11,195 - exp_torch_topics_d128_passive_i2000_b20_q100_shuffled_fit_2 - INFO - finish step #22 for 3.0672619342803955 sec
2020-03-24 15:19:11,196 - exp_torch_topics_d128_passive_i2000_b20_q100_shuffled_fit_2 - INFO - current val_accuracy: 0.466401766004415
2020-03-24 15:19:11,196 - exp_torch_topics_d128_passive_i2000_b20_q100_shuffled_fit_2 - INFO - start step #23
2020-03-24 15:19:11,196 - exp_torch_topics_d128_passive_i2000_b20_q100_shuffled_fit_2 - INFO - query idx: [90313 51650 18354 26661 43822 73384 28882 61186 70131 46373 71114 94857
 86516 35742 75481 88051 88700 98227 36650 59099]
2020-03-24 15:19:13,860 - exp_torch_topics_d128_passive_i2000_b20_q100_shuffled_fit_2 - INFO - finish step #23 for 2.6641030311584473 sec
2020-03-24 15:19:13,860 - exp_torch_topics_d128_passive_i2000_b20_q100_shuffled_fit_2 - INFO - current val_accuracy: 0.46731420161883735
2020-03-24 15:19:13,860 - exp_torch_topics_d128_passive_i2000_b20_q100_shuffled_fit_2 - INFO - start step #24
2020-03-24 15:19:13,861 - exp_torch_topics_d128_passive_i2000_b20_q100_shuffled_fit_2 - INFO - query idx: [ 7817 72962 37726  2989 83022  6054 74680 45096 29292  5224 35826 79735
 10923 93469 91581 75260 95311 94585 34080 98509]
2020-03-24 15:19:17,266 - exp_torch_topics_d128_passive_i2000_b20_q100_shuffled_fit_2 - INFO - finish step #24 for 3.4059131145477295 sec
2020-03-24 15:19:17,266 - exp_torch_topics_d128_passive_i2000_b20_q100_shuffled_fit_2 - INFO - current val_accuracy: 0.4712582781456954
2020-03-24 15:19:17,267 - exp_torch_topics_d128_passive_i2000_b20_q100_shuffled_fit_2 - INFO - start step #25
2020-03-24 15:19:17,267 - exp_torch_topics_d128_passive_i2000_b20_q100_shuffled_fit_2 - INFO - query idx: [41395 89261 24899 65704   865 66473 71556 20568 63238 33624 24342 20447
 22145  1074 35727 40259 96021 85555 17563 18346]
2020-03-24 15:19:20,515 - exp_torch_topics_d128_passive_i2000_b20_q100_shuffled_fit_2 - INFO - finish step #25 for 3.2480602264404297 sec
2020-03-24 15:19:20,516 - exp_torch_topics_d128_passive_i2000_b20_q100_shuffled_fit_2 - INFO - current val_accuracy: 0.47066961000735835
2020-03-24 15:19:20,516 - exp_torch_topics_d128_passive_i2000_b20_q100_shuffled_fit_2 - INFO - start step #26
2020-03-24 15:19:20,516 - exp_torch_topics_d128_passive_i2000_b20_q100_shuffled_fit_2 - INFO - query idx: [87027 95343 79417  7919  8965 23527 56855 59140 92203 62221 63432 26915
 33487 73189 18548 55838 46664 70418  3088 11872]
2020-03-24 15:19:23,229 - exp_torch_topics_d128_passive_i2000_b20_q100_shuffled_fit_2 - INFO - finish step #26 for 2.712630033493042 sec
2020-03-24 15:19:23,229 - exp_torch_topics_d128_passive_i2000_b20_q100_shuffled_fit_2 - INFO - current val_accuracy: 0.4693451066961001
2020-03-24 15:19:23,229 - exp_torch_topics_d128_passive_i2000_b20_q100_shuffled_fit_2 - INFO - start step #27
2020-03-24 15:19:23,229 - exp_torch_topics_d128_passive_i2000_b20_q100_shuffled_fit_2 - INFO - query idx: [74372 20173 53556 69300 70014 43930 33863 57788 96629 27787 31728 70911
 90122 98665 49880 22830 98052 63729 79633 44622]
2020-03-24 15:19:25,855 - exp_torch_topics_d128_passive_i2000_b20_q100_shuffled_fit_2 - INFO - finish step #27 for 2.625971794128418 sec
2020-03-24 15:19:25,855 - exp_torch_topics_d128_passive_i2000_b20_q100_shuffled_fit_2 - INFO - current val_accuracy: 0.4675496688741722
2020-03-24 15:19:25,855 - exp_torch_topics_d128_passive_i2000_b20_q100_shuffled_fit_2 - INFO - start step #28
2020-03-24 15:19:25,856 - exp_torch_topics_d128_passive_i2000_b20_q100_shuffled_fit_2 - INFO - query idx: [58571 52532 78033 48406  2935 96516 91169 33175 16829 28062 40407 87971
 86990 42151  8938 59177 92407 47435 19801 78595]
2020-03-24 15:19:28,394 - exp_torch_topics_d128_passive_i2000_b20_q100_shuffled_fit_2 - INFO - finish step #28 for 2.5383028984069824 sec
2020-03-24 15:19:28,394 - exp_torch_topics_d128_passive_i2000_b20_q100_shuffled_fit_2 - INFO - current val_accuracy: 0.46816777041942603
2020-03-24 15:19:28,394 - exp_torch_topics_d128_passive_i2000_b20_q100_shuffled_fit_2 - INFO - start step #29
2020-03-24 15:19:28,394 - exp_torch_topics_d128_passive_i2000_b20_q100_shuffled_fit_2 - INFO - query idx: [92744 38149 16912  1751 86687 37249 99276 39298 82742 23853 98791 53751
 74924 41765 30644 40740 42135 70374   258 84461]
2020-03-24 15:19:30,987 - exp_torch_topics_d128_passive_i2000_b20_q100_shuffled_fit_2 - INFO - finish step #29 for 2.5933351516723633 sec
2020-03-24 15:19:30,988 - exp_torch_topics_d128_passive_i2000_b20_q100_shuffled_fit_2 - INFO - current val_accuracy: 0.46083885209713027
2020-03-24 15:19:30,988 - exp_torch_topics_d128_passive_i2000_b20_q100_shuffled_fit_2 - INFO - start step #30
2020-03-24 15:19:30,988 - exp_torch_topics_d128_passive_i2000_b20_q100_shuffled_fit_2 - INFO - query idx: [24405 89301 12562 21844 77169 91541 50562 38570 70851 94108 77094 88807
 19776 16004 37734 18559 28493 57834 15829 53655]
2020-03-24 15:19:33,653 - exp_torch_topics_d128_passive_i2000_b20_q100_shuffled_fit_2 - INFO - finish step #30 for 2.665224313735962 sec
2020-03-24 15:19:33,653 - exp_torch_topics_d128_passive_i2000_b20_q100_shuffled_fit_2 - INFO - current val_accuracy: 0.45277409860191314
2020-03-24 15:19:33,653 - exp_torch_topics_d128_passive_i2000_b20_q100_shuffled_fit_2 - INFO - start step #31
2020-03-24 15:19:33,654 - exp_torch_topics_d128_passive_i2000_b20_q100_shuffled_fit_2 - INFO - query idx: [70885 85364 66180 19287 83352 16035 37724 44262 19792 73915 52311 21138
  4391  6826 60401 43040 51082  5776 49565  2904]
2020-03-24 15:19:36,347 - exp_torch_topics_d128_passive_i2000_b20_q100_shuffled_fit_2 - INFO - finish step #31 for 2.6936678886413574 sec
2020-03-24 15:19:36,347 - exp_torch_topics_d128_passive_i2000_b20_q100_shuffled_fit_2 - INFO - current val_accuracy: 0.4615746872700515
2020-03-24 15:19:36,347 - exp_torch_topics_d128_passive_i2000_b20_q100_shuffled_fit_2 - INFO - start step #32
2020-03-24 15:19:36,348 - exp_torch_topics_d128_passive_i2000_b20_q100_shuffled_fit_2 - INFO - query idx: [47256 22875 77607 90195  9438 49167 91339 24144 79420  5479 92944 76404
 81124 75504   213 15536 88554 96598 34778 17645]
2020-03-24 15:19:38,988 - exp_torch_topics_d128_passive_i2000_b20_q100_shuffled_fit_2 - INFO - finish step #32 for 2.639981269836426 sec
2020-03-24 15:19:38,988 - exp_torch_topics_d128_passive_i2000_b20_q100_shuffled_fit_2 - INFO - current val_accuracy: 0.46805003679175866
2020-03-24 15:19:38,988 - exp_torch_topics_d128_passive_i2000_b20_q100_shuffled_fit_2 - INFO - start step #33
2020-03-24 15:19:38,988 - exp_torch_topics_d128_passive_i2000_b20_q100_shuffled_fit_2 - INFO - query idx: [36462 35153 34392 23543 31597 69286 31878  6296 78153 64523 39303 98743
 69227 18017 35966 58197 91031 25586 16273 34587]
2020-03-24 15:19:41,673 - exp_torch_topics_d128_passive_i2000_b20_q100_shuffled_fit_2 - INFO - finish step #33 for 2.685446262359619 sec
2020-03-24 15:19:41,676 - exp_torch_topics_d128_passive_i2000_b20_q100_shuffled_fit_2 - INFO - current val_accuracy: 0.47096394407652686
2020-03-24 15:19:41,676 - exp_torch_topics_d128_passive_i2000_b20_q100_shuffled_fit_2 - INFO - start step #34
2020-03-24 15:19:41,677 - exp_torch_topics_d128_passive_i2000_b20_q100_shuffled_fit_2 - INFO - query idx: [28196 86044 27321 91221 15980 26147 74331 45185 99226  2129 15899 36118
 38260 93109 68022 97603   569 13350 71946 63369]
2020-03-24 15:19:44,332 - exp_torch_topics_d128_passive_i2000_b20_q100_shuffled_fit_2 - INFO - finish step #34 for 2.655993700027466 sec
2020-03-24 15:19:44,332 - exp_torch_topics_d128_passive_i2000_b20_q100_shuffled_fit_2 - INFO - current val_accuracy: 0.46822663723325975
2020-03-24 15:19:44,333 - exp_torch_topics_d128_passive_i2000_b20_q100_shuffled_fit_2 - INFO - start step #35
2020-03-24 15:19:44,333 - exp_torch_topics_d128_passive_i2000_b20_q100_shuffled_fit_2 - INFO - query idx: [97638 27588 26025 90888 22548 30902 53209 95094  7724 75105 54052 77065
  6275 64325 16250 88558 92589 36907 21426 60476]
2020-03-24 15:19:46,881 - exp_torch_topics_d128_passive_i2000_b20_q100_shuffled_fit_2 - INFO - finish step #35 for 2.5488150119781494 sec
2020-03-24 15:19:46,882 - exp_torch_topics_d128_passive_i2000_b20_q100_shuffled_fit_2 - INFO - current val_accuracy: 0.46937454010301694
2020-03-24 15:19:46,882 - exp_torch_topics_d128_passive_i2000_b20_q100_shuffled_fit_2 - INFO - start step #36
2020-03-24 15:19:46,882 - exp_torch_topics_d128_passive_i2000_b20_q100_shuffled_fit_2 - INFO - query idx: [67391 10024 34277  7712 98308 16536 30479 22697 28500 36367 38691 17600
 69805 16876 57156 65106  8862 89856 52748 45138]
2020-03-24 15:19:49,516 - exp_torch_topics_d128_passive_i2000_b20_q100_shuffled_fit_2 - INFO - finish step #36 for 2.63393497467041 sec
2020-03-24 15:19:49,516 - exp_torch_topics_d128_passive_i2000_b20_q100_shuffled_fit_2 - INFO - current val_accuracy: 0.47211184694628405
2020-03-24 15:19:49,516 - exp_torch_topics_d128_passive_i2000_b20_q100_shuffled_fit_2 - INFO - start step #37
2020-03-24 15:19:49,517 - exp_torch_topics_d128_passive_i2000_b20_q100_shuffled_fit_2 - INFO - query idx: [11677  2442 20120 87942 21730 51278  4737 38613 12305 40066 85721 56540
 77621 79759 88880 16002 59865 43783 51298 56219]
2020-03-24 15:19:52,150 - exp_torch_topics_d128_passive_i2000_b20_q100_shuffled_fit_2 - INFO - finish step #37 for 2.6334800720214844 sec
2020-03-24 15:19:52,150 - exp_torch_topics_d128_passive_i2000_b20_q100_shuffled_fit_2 - INFO - current val_accuracy: 0.47013980868285504
2020-03-24 15:19:52,150 - exp_torch_topics_d128_passive_i2000_b20_q100_shuffled_fit_2 - INFO - start step #38
2020-03-24 15:19:52,151 - exp_torch_topics_d128_passive_i2000_b20_q100_shuffled_fit_2 - INFO - query idx: [82841 93882 30950 40798 19173 53530 62041 64870 94619 20251 58521 78741
 10939 10899 47430 76186 84183 26992 97981 86784]
2020-03-24 15:19:54,860 - exp_torch_topics_d128_passive_i2000_b20_q100_shuffled_fit_2 - INFO - finish step #38 for 2.709575891494751 sec
2020-03-24 15:19:54,860 - exp_torch_topics_d128_passive_i2000_b20_q100_shuffled_fit_2 - INFO - current val_accuracy: 0.47152317880794703
2020-03-24 15:19:54,860 - exp_torch_topics_d128_passive_i2000_b20_q100_shuffled_fit_2 - INFO - start step #39
2020-03-24 15:19:54,861 - exp_torch_topics_d128_passive_i2000_b20_q100_shuffled_fit_2 - INFO - query idx: [75779 57846 48059  6882 77520 82869 19745 19208 93642 12471 95608 34008
  2782  7563 70063 17807 76300 93876 14174 11399]
2020-03-24 15:19:57,484 - exp_torch_topics_d128_passive_i2000_b20_q100_shuffled_fit_2 - INFO - finish step #39 for 2.6233370304107666 sec
2020-03-24 15:19:57,484 - exp_torch_topics_d128_passive_i2000_b20_q100_shuffled_fit_2 - INFO - current val_accuracy: 0.47196467991169977
2020-03-24 15:19:57,484 - exp_torch_topics_d128_passive_i2000_b20_q100_shuffled_fit_2 - INFO - start step #40
2020-03-24 15:19:57,485 - exp_torch_topics_d128_passive_i2000_b20_q100_shuffled_fit_2 - INFO - query idx: [89766 27691 11168 20161 76696 84842 31304 73694 94870 97071 49261  7603
  5677 21349 21418 31518 76563 28484 31356 91795]
2020-03-24 15:20:00,018 - exp_torch_topics_d128_passive_i2000_b20_q100_shuffled_fit_2 - INFO - finish step #40 for 2.5336899757385254 sec
2020-03-24 15:20:00,018 - exp_torch_topics_d128_passive_i2000_b20_q100_shuffled_fit_2 - INFO - current val_accuracy: 0.47396615158204564
2020-03-24 15:20:00,018 - exp_torch_topics_d128_passive_i2000_b20_q100_shuffled_fit_2 - INFO - start step #41
2020-03-24 15:20:00,019 - exp_torch_topics_d128_passive_i2000_b20_q100_shuffled_fit_2 - INFO - query idx: [39574 25799 52339 68109 79349 96066 97677 90399 47067 80720  4376 30177
 86065 29564 84758  1675 34796 90972 74024  5889]
2020-03-24 15:20:02,651 - exp_torch_topics_d128_passive_i2000_b20_q100_shuffled_fit_2 - INFO - finish step #41 for 2.6325953006744385 sec
2020-03-24 15:20:02,651 - exp_torch_topics_d128_passive_i2000_b20_q100_shuffled_fit_2 - INFO - current val_accuracy: 0.4746431199411332
2020-03-24 15:20:02,651 - exp_torch_topics_d128_passive_i2000_b20_q100_shuffled_fit_2 - INFO - start step #42
2020-03-24 15:20:02,652 - exp_torch_topics_d128_passive_i2000_b20_q100_shuffled_fit_2 - INFO - query idx: [78756 20953 53807 52375 57466 62037 23567 11233 89626 32071 53895 88131
 38354  8168 80704 44080 35386 82947 95766 50914]
2020-03-24 15:20:05,800 - exp_torch_topics_d128_passive_i2000_b20_q100_shuffled_fit_2 - INFO - finish step #42 for 3.148458957672119 sec
2020-03-24 15:20:05,801 - exp_torch_topics_d128_passive_i2000_b20_q100_shuffled_fit_2 - INFO - current val_accuracy: 0.4714937454010302
2020-03-24 15:20:05,801 - exp_torch_topics_d128_passive_i2000_b20_q100_shuffled_fit_2 - INFO - start step #43
2020-03-24 15:20:05,802 - exp_torch_topics_d128_passive_i2000_b20_q100_shuffled_fit_2 - INFO - query idx: [49668 33740 78406 14492 10093 48563 89339 23976 63744 38787 71157 57370
 21823 95495 65305 44477 80619 58140   947 50330]
2020-03-24 15:20:08,706 - exp_torch_topics_d128_passive_i2000_b20_q100_shuffled_fit_2 - INFO - finish step #43 for 2.9050240516662598 sec
2020-03-24 15:20:08,707 - exp_torch_topics_d128_passive_i2000_b20_q100_shuffled_fit_2 - INFO - current val_accuracy: 0.47967623252391467
2020-03-24 15:20:08,707 - exp_torch_topics_d128_passive_i2000_b20_q100_shuffled_fit_2 - INFO - start step #44
2020-03-24 15:20:08,707 - exp_torch_topics_d128_passive_i2000_b20_q100_shuffled_fit_2 - INFO - query idx: [49075 88289 86257 61138 25968 52481 16578  5195 63390 83859 31344  2379
 52653 49542   328 78015 32012 75458 23046  5100]
2020-03-24 15:20:11,224 - exp_torch_topics_d128_passive_i2000_b20_q100_shuffled_fit_2 - INFO - finish step #44 for 2.517329216003418 sec
2020-03-24 15:20:11,224 - exp_torch_topics_d128_passive_i2000_b20_q100_shuffled_fit_2 - INFO - current val_accuracy: 0.4801177336276674
2020-03-24 15:20:11,225 - exp_torch_topics_d128_passive_i2000_b20_q100_shuffled_fit_2 - INFO - start step #45
2020-03-24 15:20:11,225 - exp_torch_topics_d128_passive_i2000_b20_q100_shuffled_fit_2 - INFO - query idx: [26983 69752 27940 88895 67683 93134 56146 41549 53831 17890 56805 53111
  9860 97947 54151 25034 59818 48709   352 25561]
2020-03-24 15:20:13,827 - exp_torch_topics_d128_passive_i2000_b20_q100_shuffled_fit_2 - INFO - finish step #45 for 2.6020779609680176 sec
2020-03-24 15:20:13,827 - exp_torch_topics_d128_passive_i2000_b20_q100_shuffled_fit_2 - INFO - current val_accuracy: 0.47364238410596027
2020-03-24 15:20:13,827 - exp_torch_topics_d128_passive_i2000_b20_q100_shuffled_fit_2 - INFO - start step #46
2020-03-24 15:20:13,828 - exp_torch_topics_d128_passive_i2000_b20_q100_shuffled_fit_2 - INFO - query idx: [40143  4587 96856 87189 93965 50392 39714 43862  6196  7482 71584 32620
 67289 74672 68508  2693 83929 10385  3676 18567]
2020-03-24 15:20:16,407 - exp_torch_topics_d128_passive_i2000_b20_q100_shuffled_fit_2 - INFO - finish step #46 for 2.5800161361694336 sec
2020-03-24 15:20:16,407 - exp_torch_topics_d128_passive_i2000_b20_q100_shuffled_fit_2 - INFO - current val_accuracy: 0.4787343635025754
2020-03-24 15:20:16,408 - exp_torch_topics_d128_passive_i2000_b20_q100_shuffled_fit_2 - INFO - start step #47
2020-03-24 15:20:16,408 - exp_torch_topics_d128_passive_i2000_b20_q100_shuffled_fit_2 - INFO - query idx: [78315 83624 10994 92679 86072 84703 63342 60404   561 91364 76196  2157
 33599 74973 12343 69754  8047 48938  5563 49769]
2020-03-24 15:20:19,023 - exp_torch_topics_d128_passive_i2000_b20_q100_shuffled_fit_2 - INFO - finish step #47 for 2.6152498722076416 sec
2020-03-24 15:20:19,023 - exp_torch_topics_d128_passive_i2000_b20_q100_shuffled_fit_2 - INFO - current val_accuracy: 0.4805298013245033
2020-03-24 15:20:19,023 - exp_torch_topics_d128_passive_i2000_b20_q100_shuffled_fit_2 - INFO - start step #48
2020-03-24 15:20:19,024 - exp_torch_topics_d128_passive_i2000_b20_q100_shuffled_fit_2 - INFO - query idx: [53965 86204  8210 93029 29785 85923  2173 57578 72623 65819 49166 68950
 22122 68981 44464 55038 94163 45064 85710 84984]
2020-03-24 15:20:21,594 - exp_torch_topics_d128_passive_i2000_b20_q100_shuffled_fit_2 - INFO - finish step #48 for 2.5702199935913086 sec
2020-03-24 15:20:21,594 - exp_torch_topics_d128_passive_i2000_b20_q100_shuffled_fit_2 - INFO - current val_accuracy: 0.481972038263429
2020-03-24 15:20:21,594 - exp_torch_topics_d128_passive_i2000_b20_q100_shuffled_fit_2 - INFO - start step #49
2020-03-24 15:20:21,595 - exp_torch_topics_d128_passive_i2000_b20_q100_shuffled_fit_2 - INFO - query idx: [ 3676 85328 53524 49311 50053 82730 81656 72673 14427 15048 82560 64738
 74395 35105 21947 66726 38407 26310 74982 70044]
2020-03-24 15:20:24,205 - exp_torch_topics_d128_passive_i2000_b20_q100_shuffled_fit_2 - INFO - finish step #49 for 2.6112020015716553 sec
2020-03-24 15:20:24,206 - exp_torch_topics_d128_passive_i2000_b20_q100_shuffled_fit_2 - INFO - current val_accuracy: 0.48079470198675495
2020-03-24 15:20:24,206 - exp_torch_topics_d128_passive_i2000_b20_q100_shuffled_fit_2 - INFO - start step #50
2020-03-24 15:20:24,206 - exp_torch_topics_d128_passive_i2000_b20_q100_shuffled_fit_2 - INFO - query idx: [40380 63786 10566 11942 19406  7524 40123 67865 69779 36022 47074 14744
 32469 19901 85541 72141 98085 73547 19527 52214]
2020-03-24 15:20:26,792 - exp_torch_topics_d128_passive_i2000_b20_q100_shuffled_fit_2 - INFO - finish step #50 for 2.5865848064422607 sec
2020-03-24 15:20:26,793 - exp_torch_topics_d128_passive_i2000_b20_q100_shuffled_fit_2 - INFO - current val_accuracy: 0.48100073583517294
2020-03-24 15:20:26,793 - exp_torch_topics_d128_passive_i2000_b20_q100_shuffled_fit_2 - INFO - start step #51
2020-03-24 15:20:26,793 - exp_torch_topics_d128_passive_i2000_b20_q100_shuffled_fit_2 - INFO - query idx: [ 5594 81437 89711 61573 14410  2188 89930 93625 17454  9330 30355 70854
 98911 94163 12514 80127 81875 66887 41596 15312]
2020-03-24 15:20:29,423 - exp_torch_topics_d128_passive_i2000_b20_q100_shuffled_fit_2 - INFO - finish step #51 for 2.6303160190582275 sec
2020-03-24 15:20:29,423 - exp_torch_topics_d128_passive_i2000_b20_q100_shuffled_fit_2 - INFO - current val_accuracy: 0.4814422369389257
2020-03-24 15:20:29,424 - exp_torch_topics_d128_passive_i2000_b20_q100_shuffled_fit_2 - INFO - start step #52
2020-03-24 15:20:29,424 - exp_torch_topics_d128_passive_i2000_b20_q100_shuffled_fit_2 - INFO - query idx: [ 7665 62225 83068 51578 60914 76180 51234 32936 54948 26502 90274 52042
 28996 10635 91106 64347 81881 43001 87012 90232]
2020-03-24 15:20:31,981 - exp_torch_topics_d128_passive_i2000_b20_q100_shuffled_fit_2 - INFO - finish step #52 for 2.556908130645752 sec
2020-03-24 15:20:31,981 - exp_torch_topics_d128_passive_i2000_b20_q100_shuffled_fit_2 - INFO - current val_accuracy: 0.48282560706401767
2020-03-24 15:20:31,981 - exp_torch_topics_d128_passive_i2000_b20_q100_shuffled_fit_2 - INFO - start step #53
2020-03-24 15:20:31,981 - exp_torch_topics_d128_passive_i2000_b20_q100_shuffled_fit_2 - INFO - query idx: [61676 70986  4472 38260 86810 15808 46120  3737 95489 45841 82277 48175
 80566 72917 91410 91007 89047 79101 50269 71581]
2020-03-24 15:20:35,919 - exp_torch_topics_d128_passive_i2000_b20_q100_shuffled_fit_2 - INFO - finish step #53 for 3.937894105911255 sec
2020-03-24 15:20:35,920 - exp_torch_topics_d128_passive_i2000_b20_q100_shuffled_fit_2 - INFO - current val_accuracy: 0.4789992641648271
2020-03-24 15:20:35,920 - exp_torch_topics_d128_passive_i2000_b20_q100_shuffled_fit_2 - INFO - start step #54
2020-03-24 15:20:35,921 - exp_torch_topics_d128_passive_i2000_b20_q100_shuffled_fit_2 - INFO - query idx: [  759 44081 36480 10961 28140  2689 45645 59479 60981 14804 61602 65408
 44272 67745 55259 90705 84949 49825 67238 92177]
2020-03-24 15:20:39,574 - exp_torch_topics_d128_passive_i2000_b20_q100_shuffled_fit_2 - INFO - finish step #54 for 3.6535658836364746 sec
2020-03-24 15:20:39,574 - exp_torch_topics_d128_passive_i2000_b20_q100_shuffled_fit_2 - INFO - current val_accuracy: 0.47640912435614424
2020-03-24 15:20:39,574 - exp_torch_topics_d128_passive_i2000_b20_q100_shuffled_fit_2 - INFO - start step #55
2020-03-24 15:20:39,575 - exp_torch_topics_d128_passive_i2000_b20_q100_shuffled_fit_2 - INFO - query idx: [79534  1309 85028 86525 60860 34219 77359 11950 51607 67618 37185 20345
 30933 58390 70030 96656 20727 29584 44825 32268]
2020-03-24 15:20:42,726 - exp_torch_topics_d128_passive_i2000_b20_q100_shuffled_fit_2 - INFO - finish step #55 for 3.151444911956787 sec
2020-03-24 15:20:42,726 - exp_torch_topics_d128_passive_i2000_b20_q100_shuffled_fit_2 - INFO - current val_accuracy: 0.473495217071376
2020-03-24 15:20:42,726 - exp_torch_topics_d128_passive_i2000_b20_q100_shuffled_fit_2 - INFO - start step #56
2020-03-24 15:20:42,727 - exp_torch_topics_d128_passive_i2000_b20_q100_shuffled_fit_2 - INFO - query idx: [64506 18944  1262 74545 24984 18813 16305 72975 65603 80871 10102 57173
 86512 88343 51616 52445 83478 20635 66870  9333]
2020-03-24 15:20:45,678 - exp_torch_topics_d128_passive_i2000_b20_q100_shuffled_fit_2 - INFO - finish step #56 for 2.9514291286468506 sec
2020-03-24 15:20:45,678 - exp_torch_topics_d128_passive_i2000_b20_q100_shuffled_fit_2 - INFO - current val_accuracy: 0.4822663723325975
2020-03-24 15:20:45,678 - exp_torch_topics_d128_passive_i2000_b20_q100_shuffled_fit_2 - INFO - start step #57
2020-03-24 15:20:45,679 - exp_torch_topics_d128_passive_i2000_b20_q100_shuffled_fit_2 - INFO - query idx: [68440 50382 75333 92389 44114 64835 91969 21184 80063 56037 10936 88333
 51331 82994 59035 12410 51673 34494 86191 84174]
2020-03-24 15:20:48,543 - exp_torch_topics_d128_passive_i2000_b20_q100_shuffled_fit_2 - INFO - finish step #57 for 2.8646090030670166 sec
2020-03-24 15:20:48,544 - exp_torch_topics_d128_passive_i2000_b20_q100_shuffled_fit_2 - INFO - current val_accuracy: 0.47855776306107434
2020-03-24 15:20:48,544 - exp_torch_topics_d128_passive_i2000_b20_q100_shuffled_fit_2 - INFO - start step #58
2020-03-24 15:20:48,545 - exp_torch_topics_d128_passive_i2000_b20_q100_shuffled_fit_2 - INFO - query idx: [40099  3679 94051 68619 84194 66136  2832 44428 53724 61542  3749  2197
 46156 71818 47012 72563 80548 79145 22235 17980]
2020-03-24 15:20:51,156 - exp_torch_topics_d128_passive_i2000_b20_q100_shuffled_fit_2 - INFO - finish step #58 for 2.6112658977508545 sec
2020-03-24 15:20:51,156 - exp_torch_topics_d128_passive_i2000_b20_q100_shuffled_fit_2 - INFO - current val_accuracy: 0.4799705665930831
2020-03-24 15:20:51,156 - exp_torch_topics_d128_passive_i2000_b20_q100_shuffled_fit_2 - INFO - start step #59
2020-03-24 15:20:51,156 - exp_torch_topics_d128_passive_i2000_b20_q100_shuffled_fit_2 - INFO - query idx: [41058 24959   586 89966 23955 88363 94574 36899 37123 88524  8237 71847
 33785 43666 30320 48156 18976 87568 80651 47887]
2020-03-24 15:20:53,822 - exp_torch_topics_d128_passive_i2000_b20_q100_shuffled_fit_2 - INFO - finish step #59 for 2.665822982788086 sec
2020-03-24 15:20:53,822 - exp_torch_topics_d128_passive_i2000_b20_q100_shuffled_fit_2 - INFO - current val_accuracy: 0.4850036791758646
2020-03-24 15:20:53,822 - exp_torch_topics_d128_passive_i2000_b20_q100_shuffled_fit_2 - INFO - start step #60
2020-03-24 15:20:53,823 - exp_torch_topics_d128_passive_i2000_b20_q100_shuffled_fit_2 - INFO - query idx: [ 4176 77412 80408 33982 13237  6701  6081 43929 95279 90687 49720 72810
  2389 96455   668 93718 20854 39514 55553 15783]
2020-03-24 15:20:56,480 - exp_torch_topics_d128_passive_i2000_b20_q100_shuffled_fit_2 - INFO - finish step #60 for 2.657471179962158 sec
2020-03-24 15:20:56,480 - exp_torch_topics_d128_passive_i2000_b20_q100_shuffled_fit_2 - INFO - current val_accuracy: 0.4844738778513613
2020-03-24 15:20:56,480 - exp_torch_topics_d128_passive_i2000_b20_q100_shuffled_fit_2 - INFO - start step #61
2020-03-24 15:20:56,481 - exp_torch_topics_d128_passive_i2000_b20_q100_shuffled_fit_2 - INFO - query idx: [78825 33199 16088 46551 67761 35375 51445 11511 13735 69194 25082 77540
 57212 13807  9995 39206 92155 42322 88073 77483]
2020-03-24 15:20:59,458 - exp_torch_topics_d128_passive_i2000_b20_q100_shuffled_fit_2 - INFO - finish step #61 for 2.9778969287872314 sec
2020-03-24 15:20:59,458 - exp_torch_topics_d128_passive_i2000_b20_q100_shuffled_fit_2 - INFO - current val_accuracy: 0.48300220750551875
2020-03-24 15:20:59,459 - exp_torch_topics_d128_passive_i2000_b20_q100_shuffled_fit_2 - INFO - start step #62
2020-03-24 15:20:59,459 - exp_torch_topics_d128_passive_i2000_b20_q100_shuffled_fit_2 - INFO - query idx: [79874 83106 73426 58621 33057 63769  3270 86058 98347 81116 37503 84218
 14742 77584 11770 84837 85767 39951 80158 22952]
2020-03-24 15:21:02,376 - exp_torch_topics_d128_passive_i2000_b20_q100_shuffled_fit_2 - INFO - finish step #62 for 2.9174699783325195 sec
2020-03-24 15:21:02,376 - exp_torch_topics_d128_passive_i2000_b20_q100_shuffled_fit_2 - INFO - current val_accuracy: 0.4867402501839588
2020-03-24 15:21:02,376 - exp_torch_topics_d128_passive_i2000_b20_q100_shuffled_fit_2 - INFO - start step #63
2020-03-24 15:21:02,377 - exp_torch_topics_d128_passive_i2000_b20_q100_shuffled_fit_2 - INFO - query idx: [24855 95811 29349 24439 26326 23328 95730 96963 78243 54673  5435 72891
 24804 52366 28010 21281 82030 95859 37609 72278]
2020-03-24 15:21:05,173 - exp_torch_topics_d128_passive_i2000_b20_q100_shuffled_fit_2 - INFO - finish step #63 for 2.796376943588257 sec
2020-03-24 15:21:05,174 - exp_torch_topics_d128_passive_i2000_b20_q100_shuffled_fit_2 - INFO - current val_accuracy: 0.48868285504047093
2020-03-24 15:21:05,174 - exp_torch_topics_d128_passive_i2000_b20_q100_shuffled_fit_2 - INFO - start step #64
2020-03-24 15:21:05,174 - exp_torch_topics_d128_passive_i2000_b20_q100_shuffled_fit_2 - INFO - query idx: [62238 59619 95686 73816 70149 71382 78397 56581 75880 28513 16158  7161
 11176 11777 65555 79682  6116 21484 93531 21933]
2020-03-24 15:21:08,400 - exp_torch_topics_d128_passive_i2000_b20_q100_shuffled_fit_2 - INFO - finish step #64 for 3.226510763168335 sec
2020-03-24 15:21:08,401 - exp_torch_topics_d128_passive_i2000_b20_q100_shuffled_fit_2 - INFO - current val_accuracy: 0.48562178072111845
2020-03-24 15:21:08,401 - exp_torch_topics_d128_passive_i2000_b20_q100_shuffled_fit_2 - INFO - start step #65
2020-03-24 15:21:08,401 - exp_torch_topics_d128_passive_i2000_b20_q100_shuffled_fit_2 - INFO - query idx: [90515 31850  4952 86388 33451 65087 57153 50764 50014 70658 25151 72991
 84057 20382 21251 34310  1224 22170 67746 75385]
2020-03-24 15:21:14,467 - exp_torch_topics_d128_passive_i2000_b20_q100_shuffled_fit_2 - INFO - finish step #65 for 6.0652899742126465 sec
2020-03-24 15:21:14,468 - exp_torch_topics_d128_passive_i2000_b20_q100_shuffled_fit_2 - INFO - current val_accuracy: 0.4894775570272259
2020-03-24 15:21:14,469 - exp_torch_topics_d128_passive_i2000_b20_q100_shuffled_fit_2 - INFO - start step #66
2020-03-24 15:21:14,470 - exp_torch_topics_d128_passive_i2000_b20_q100_shuffled_fit_2 - INFO - query idx: [56765 59007 59349 26960 13114 97350 86011  7590 91784   824 40745 83278
 28435 10829 92776 85337 12344 53567 98252 25978]
2020-03-24 15:21:17,788 - exp_torch_topics_d128_passive_i2000_b20_q100_shuffled_fit_2 - INFO - finish step #66 for 3.3194470405578613 sec
2020-03-24 15:21:17,789 - exp_torch_topics_d128_passive_i2000_b20_q100_shuffled_fit_2 - INFO - current val_accuracy: 0.487682119205298
2020-03-24 15:21:17,789 - exp_torch_topics_d128_passive_i2000_b20_q100_shuffled_fit_2 - INFO - start step #67
2020-03-24 15:21:17,789 - exp_torch_topics_d128_passive_i2000_b20_q100_shuffled_fit_2 - INFO - query idx: [ 8728 11355  9039 94795 17217  8451 15333 48355 66573  4151 14034 89880
 81964 19283 49736 72846 57488  5583 40039 94498]
2020-03-24 15:21:20,702 - exp_torch_topics_d128_passive_i2000_b20_q100_shuffled_fit_2 - INFO - finish step #67 for 2.9135940074920654 sec
2020-03-24 15:21:20,703 - exp_torch_topics_d128_passive_i2000_b20_q100_shuffled_fit_2 - INFO - current val_accuracy: 0.48712288447387786
2020-03-24 15:21:20,703 - exp_torch_topics_d128_passive_i2000_b20_q100_shuffled_fit_2 - INFO - start step #68
2020-03-24 15:21:20,703 - exp_torch_topics_d128_passive_i2000_b20_q100_shuffled_fit_2 - INFO - query idx: [10455 71343 25293 50501 50870 26587 92241 91659 47496 12594 48637 70247
 64340 92943 53109 19378  3366 18951  5143 13406]
2020-03-24 15:21:23,698 - exp_torch_topics_d128_passive_i2000_b20_q100_shuffled_fit_2 - INFO - finish step #68 for 2.9956648349761963 sec
2020-03-24 15:21:23,699 - exp_torch_topics_d128_passive_i2000_b20_q100_shuffled_fit_2 - INFO - current val_accuracy: 0.48827078734363505
2020-03-24 15:21:23,699 - exp_torch_topics_d128_passive_i2000_b20_q100_shuffled_fit_2 - INFO - start step #69
2020-03-24 15:21:23,700 - exp_torch_topics_d128_passive_i2000_b20_q100_shuffled_fit_2 - INFO - query idx: [60136 52699 93817 26552 16536 63266 47818 72884 71246 91916 55762  3383
 49492  2708 13482 57650 83978 49720 64114 33486]
2020-03-24 15:21:26,337 - exp_torch_topics_d128_passive_i2000_b20_q100_shuffled_fit_2 - INFO - finish step #69 for 2.6376149654388428 sec
2020-03-24 15:21:26,337 - exp_torch_topics_d128_passive_i2000_b20_q100_shuffled_fit_2 - INFO - current val_accuracy: 0.4915084621044886
2020-03-24 15:21:26,337 - exp_torch_topics_d128_passive_i2000_b20_q100_shuffled_fit_2 - INFO - start step #70
2020-03-24 15:21:26,338 - exp_torch_topics_d128_passive_i2000_b20_q100_shuffled_fit_2 - INFO - query idx: [38744 52073 77868 27311 62594 54313 69003 41470 41363 31462 57971 30225
 34242 96970 55772  9706 58899 39692 76338 93055]
2020-03-24 15:21:28,973 - exp_torch_topics_d128_passive_i2000_b20_q100_shuffled_fit_2 - INFO - finish step #70 for 2.636016845703125 sec
2020-03-24 15:21:28,974 - exp_torch_topics_d128_passive_i2000_b20_q100_shuffled_fit_2 - INFO - current val_accuracy: 0.4910669610007358
2020-03-24 15:21:28,974 - exp_torch_topics_d128_passive_i2000_b20_q100_shuffled_fit_2 - INFO - start step #71
2020-03-24 15:21:28,974 - exp_torch_topics_d128_passive_i2000_b20_q100_shuffled_fit_2 - INFO - query idx: [34783 20911 44102 96940 86341 85889 65584 67409 16953 50114 79979 40763
   696 58068 80452 41237 23073 67967 58351 23016]
2020-03-24 15:21:31,599 - exp_torch_topics_d128_passive_i2000_b20_q100_shuffled_fit_2 - INFO - finish step #71 for 2.6246559619903564 sec
2020-03-24 15:21:31,599 - exp_torch_topics_d128_passive_i2000_b20_q100_shuffled_fit_2 - INFO - current val_accuracy: 0.491626195732156
2020-03-24 15:21:31,599 - exp_torch_topics_d128_passive_i2000_b20_q100_shuffled_fit_2 - INFO - start step #72
2020-03-24 15:21:31,599 - exp_torch_topics_d128_passive_i2000_b20_q100_shuffled_fit_2 - INFO - query idx: [83158 40341 40497 16208 82770 57857 70663 42551 86781 44001 56203 28834
 54157 54168 24399 62082 58109 36357 52783 20906]
2020-03-24 15:21:34,324 - exp_torch_topics_d128_passive_i2000_b20_q100_shuffled_fit_2 - INFO - finish step #72 for 2.7254018783569336 sec
2020-03-24 15:21:34,325 - exp_torch_topics_d128_passive_i2000_b20_q100_shuffled_fit_2 - INFO - current val_accuracy: 0.4906843267108168
2020-03-24 15:21:34,325 - exp_torch_topics_d128_passive_i2000_b20_q100_shuffled_fit_2 - INFO - start step #73
2020-03-24 15:21:34,326 - exp_torch_topics_d128_passive_i2000_b20_q100_shuffled_fit_2 - INFO - query idx: [56334 87440 73105  1003 10555 42289 32807 48249 87772 93261 77277  2226
 35109 89720 67538  4242 83352 33444   920 41540]
2020-03-24 15:21:37,061 - exp_torch_topics_d128_passive_i2000_b20_q100_shuffled_fit_2 - INFO - finish step #73 for 2.735110282897949 sec
2020-03-24 15:21:37,061 - exp_torch_topics_d128_passive_i2000_b20_q100_shuffled_fit_2 - INFO - current val_accuracy: 0.4919205298013245
2020-03-24 15:21:37,061 - exp_torch_topics_d128_passive_i2000_b20_q100_shuffled_fit_2 - INFO - start step #74
2020-03-24 15:21:37,062 - exp_torch_topics_d128_passive_i2000_b20_q100_shuffled_fit_2 - INFO - query idx: [92923 47694 64187 88366 93437 49673 16048 59525 31353  2142 67729 89582
 21020  2397 53566 75325 22649  7054 95645  7534]
2020-03-24 15:21:39,728 - exp_torch_topics_d128_passive_i2000_b20_q100_shuffled_fit_2 - INFO - finish step #74 for 2.6667840480804443 sec
2020-03-24 15:21:39,728 - exp_torch_topics_d128_passive_i2000_b20_q100_shuffled_fit_2 - INFO - current val_accuracy: 0.4900956585724798
2020-03-24 15:21:39,728 - exp_torch_topics_d128_passive_i2000_b20_q100_shuffled_fit_2 - INFO - start step #75
2020-03-24 15:21:39,729 - exp_torch_topics_d128_passive_i2000_b20_q100_shuffled_fit_2 - INFO - query idx: [86978 32562 45344  2192 87666 44103 98454 15998 35538 26584 46440 51610
 48866  9761 19322  7835 81316 56824 22362 33050]
2020-03-24 15:21:42,556 - exp_torch_topics_d128_passive_i2000_b20_q100_shuffled_fit_2 - INFO - finish step #75 for 2.82755184173584 sec
2020-03-24 15:21:42,557 - exp_torch_topics_d128_passive_i2000_b20_q100_shuffled_fit_2 - INFO - current val_accuracy: 0.4898307579102281
2020-03-24 15:21:42,557 - exp_torch_topics_d128_passive_i2000_b20_q100_shuffled_fit_2 - INFO - start step #76
2020-03-24 15:21:42,558 - exp_torch_topics_d128_passive_i2000_b20_q100_shuffled_fit_2 - INFO - query idx: [67151 42725 11191 34615 93740 18271  1244 53128 44771 47337 57720  3142
 42457 75439  2078 92718 91249 71820 50980 70281]
2020-03-24 15:21:45,763 - exp_torch_topics_d128_passive_i2000_b20_q100_shuffled_fit_2 - INFO - finish step #76 for 3.205411195755005 sec
2020-03-24 15:21:45,763 - exp_torch_topics_d128_passive_i2000_b20_q100_shuffled_fit_2 - INFO - current val_accuracy: 0.48933038999264167
2020-03-24 15:21:45,763 - exp_torch_topics_d128_passive_i2000_b20_q100_shuffled_fit_2 - INFO - start step #77
2020-03-24 15:21:45,764 - exp_torch_topics_d128_passive_i2000_b20_q100_shuffled_fit_2 - INFO - query idx: [34081 21861 32858 51231  3256 49036 39098 81932 39143 76242 24158 71208
 47083 38927 41277  3405  6862 84221  8424 52365]
2020-03-24 15:21:48,429 - exp_torch_topics_d128_passive_i2000_b20_q100_shuffled_fit_2 - INFO - finish step #77 for 2.665673017501831 sec
2020-03-24 15:21:48,429 - exp_torch_topics_d128_passive_i2000_b20_q100_shuffled_fit_2 - INFO - current val_accuracy: 0.4904782928623988
2020-03-24 15:21:48,429 - exp_torch_topics_d128_passive_i2000_b20_q100_shuffled_fit_2 - INFO - start step #78
2020-03-24 15:21:48,430 - exp_torch_topics_d128_passive_i2000_b20_q100_shuffled_fit_2 - INFO - query idx: [50308 35270 16454 44918 65984 89722 21473 58209 80195 33101 92774 21364
 43530 16120 90729 54979 18270 30930 93561 54745]
2020-03-24 15:21:51,079 - exp_torch_topics_d128_passive_i2000_b20_q100_shuffled_fit_2 - INFO - finish step #78 for 2.649569034576416 sec
2020-03-24 15:21:51,079 - exp_torch_topics_d128_passive_i2000_b20_q100_shuffled_fit_2 - INFO - current val_accuracy: 0.48997792494481235
2020-03-24 15:21:51,079 - exp_torch_topics_d128_passive_i2000_b20_q100_shuffled_fit_2 - INFO - start step #79
2020-03-24 15:21:51,080 - exp_torch_topics_d128_passive_i2000_b20_q100_shuffled_fit_2 - INFO - query idx: [23104 25214 27175 19106 92669 25826 34901 65773 41575 85124 34699 24051
 64768 57838 74220 51877 87267 56237 57698 63082]
2020-03-24 15:21:53,733 - exp_torch_topics_d128_passive_i2000_b20_q100_shuffled_fit_2 - INFO - finish step #79 for 2.6535820960998535 sec
2020-03-24 15:21:53,733 - exp_torch_topics_d128_passive_i2000_b20_q100_shuffled_fit_2 - INFO - current val_accuracy: 0.4922737306843267
2020-03-24 15:21:53,733 - exp_torch_topics_d128_passive_i2000_b20_q100_shuffled_fit_2 - INFO - start step #80
2020-03-24 15:21:53,734 - exp_torch_topics_d128_passive_i2000_b20_q100_shuffled_fit_2 - INFO - query idx: [ 8200 30804 42729  1645 89526 47708 26434 53170  7390 62228 16236 74945
 81914  3263 10371 20267 87217 58752 26276 94422]
2020-03-24 15:21:56,402 - exp_torch_topics_d128_passive_i2000_b20_q100_shuffled_fit_2 - INFO - finish step #80 for 2.668132781982422 sec
2020-03-24 15:21:56,402 - exp_torch_topics_d128_passive_i2000_b20_q100_shuffled_fit_2 - INFO - current val_accuracy: 0.4858572479764533
2020-03-24 15:21:56,402 - exp_torch_topics_d128_passive_i2000_b20_q100_shuffled_fit_2 - INFO - start step #81
2020-03-24 15:21:56,402 - exp_torch_topics_d128_passive_i2000_b20_q100_shuffled_fit_2 - INFO - query idx: [12247 83787 44548 87046 69720 46571 31771 97161  2395 41901 81802 17686
 23975 44021 23165 92892 69311 39316 82294 50705]
2020-03-24 15:21:59,314 - exp_torch_topics_d128_passive_i2000_b20_q100_shuffled_fit_2 - INFO - finish step #81 for 2.9122841358184814 sec
2020-03-24 15:21:59,314 - exp_torch_topics_d128_passive_i2000_b20_q100_shuffled_fit_2 - INFO - current val_accuracy: 0.4882413539367182
2020-03-24 15:21:59,315 - exp_torch_topics_d128_passive_i2000_b20_q100_shuffled_fit_2 - INFO - start step #82
2020-03-24 15:21:59,315 - exp_torch_topics_d128_passive_i2000_b20_q100_shuffled_fit_2 - INFO - query idx: [22898 32676 14651 19388 11854 69246  4636 77293 35295  4643 22768 43224
 87611 48650 73678 57550 19094  8580  6589 28788]
2020-03-24 15:22:02,585 - exp_torch_topics_d128_passive_i2000_b20_q100_shuffled_fit_2 - INFO - finish step #82 for 3.2698118686676025 sec
2020-03-24 15:22:02,585 - exp_torch_topics_d128_passive_i2000_b20_q100_shuffled_fit_2 - INFO - current val_accuracy: 0.4868579838116262
2020-03-24 15:22:02,585 - exp_torch_topics_d128_passive_i2000_b20_q100_shuffled_fit_2 - INFO - start step #83
2020-03-24 15:22:02,585 - exp_torch_topics_d128_passive_i2000_b20_q100_shuffled_fit_2 - INFO - query idx: [57788 18130 73503 26292 72028  3982 63430 29697 67586 84574 96077 33769
 26790 85441 82246 28178 41728  5043 40237 85652]
2020-03-24 15:22:06,314 - exp_torch_topics_d128_passive_i2000_b20_q100_shuffled_fit_2 - INFO - finish step #83 for 3.7285687923431396 sec
2020-03-24 15:22:06,314 - exp_torch_topics_d128_passive_i2000_b20_q100_shuffled_fit_2 - INFO - current val_accuracy: 0.493598233995585
2020-03-24 15:22:06,314 - exp_torch_topics_d128_passive_i2000_b20_q100_shuffled_fit_2 - INFO - start step #84
2020-03-24 15:22:06,314 - exp_torch_topics_d128_passive_i2000_b20_q100_shuffled_fit_2 - INFO - query idx: [88968  9339 19637 17583 93135  8346 83213 20156 59513  3976 19720 15846
 60968 52303  1854 11690 62428 81306 22965 90638]
2020-03-24 15:22:09,773 - exp_torch_topics_d128_passive_i2000_b20_q100_shuffled_fit_2 - INFO - finish step #84 for 3.458510637283325 sec
2020-03-24 15:22:09,773 - exp_torch_topics_d128_passive_i2000_b20_q100_shuffled_fit_2 - INFO - current val_accuracy: 0.49362766740250186
2020-03-24 15:22:09,773 - exp_torch_topics_d128_passive_i2000_b20_q100_shuffled_fit_2 - INFO - start step #85
2020-03-24 15:22:09,773 - exp_torch_topics_d128_passive_i2000_b20_q100_shuffled_fit_2 - INFO - query idx: [ 4717 48424 40449 59139  4905 73157 36249 23579 89436 75304 27436 35394
 66190 10288 28892 12576 97063 11628 61278 88513]
2020-03-24 15:22:12,563 - exp_torch_topics_d128_passive_i2000_b20_q100_shuffled_fit_2 - INFO - finish step #85 for 2.789977788925171 sec
2020-03-24 15:22:12,563 - exp_torch_topics_d128_passive_i2000_b20_q100_shuffled_fit_2 - INFO - current val_accuracy: 0.49362766740250186
2020-03-24 15:22:12,563 - exp_torch_topics_d128_passive_i2000_b20_q100_shuffled_fit_2 - INFO - start step #86
2020-03-24 15:22:12,564 - exp_torch_topics_d128_passive_i2000_b20_q100_shuffled_fit_2 - INFO - query idx: [82574 94760 41406 14842 71913 79359 58885  7109 86408 75780 17627 38157
 85123 39774   276 81552 86670 17264 88738 15961]
2020-03-24 15:22:16,267 - exp_torch_topics_d128_passive_i2000_b20_q100_shuffled_fit_2 - INFO - finish step #86 for 3.7031428813934326 sec
2020-03-24 15:22:16,267 - exp_torch_topics_d128_passive_i2000_b20_q100_shuffled_fit_2 - INFO - current val_accuracy: 0.49136129506990434
2020-03-24 15:22:16,267 - exp_torch_topics_d128_passive_i2000_b20_q100_shuffled_fit_2 - INFO - start step #87
2020-03-24 15:22:16,268 - exp_torch_topics_d128_passive_i2000_b20_q100_shuffled_fit_2 - INFO - query idx: [49737 70827 15630 21024 19438 36564  2006 24038 61419 32677 17797 32061
 33008 28522 21255 67325 53565 69919 65612 63940]
2020-03-24 15:22:21,443 - exp_torch_topics_d128_passive_i2000_b20_q100_shuffled_fit_2 - INFO - finish step #87 for 5.175673246383667 sec
2020-03-24 15:22:21,444 - exp_torch_topics_d128_passive_i2000_b20_q100_shuffled_fit_2 - INFO - current val_accuracy: 0.49648270787343635
2020-03-24 15:22:21,444 - exp_torch_topics_d128_passive_i2000_b20_q100_shuffled_fit_2 - INFO - start step #88
2020-03-24 15:22:21,444 - exp_torch_topics_d128_passive_i2000_b20_q100_shuffled_fit_2 - INFO - query idx: [70023 88746 66506 46101 83010 79595 28285 85610 10128  5601 42534 57487
 83917 37396 30763 11762 12611  9109  6868 94890]
2020-03-24 15:22:24,702 - exp_torch_topics_d128_passive_i2000_b20_q100_shuffled_fit_2 - INFO - finish step #88 for 3.258242130279541 sec
2020-03-24 15:22:24,703 - exp_torch_topics_d128_passive_i2000_b20_q100_shuffled_fit_2 - INFO - current val_accuracy: 0.4924503311258278
2020-03-24 15:22:24,703 - exp_torch_topics_d128_passive_i2000_b20_q100_shuffled_fit_2 - INFO - start step #89
2020-03-24 15:22:24,703 - exp_torch_topics_d128_passive_i2000_b20_q100_shuffled_fit_2 - INFO - query idx: [31711 68408 80977 94282 64555 32853  8387 20734 82511 26291 50775  5323
  4807  3553 78831 37346 16629 84921 94413 13403]
2020-03-24 15:22:28,212 - exp_torch_topics_d128_passive_i2000_b20_q100_shuffled_fit_2 - INFO - finish step #89 for 3.508869171142578 sec
2020-03-24 15:22:28,212 - exp_torch_topics_d128_passive_i2000_b20_q100_shuffled_fit_2 - INFO - current val_accuracy: 0.497336276674025
2020-03-24 15:22:28,212 - exp_torch_topics_d128_passive_i2000_b20_q100_shuffled_fit_2 - INFO - start step #90
2020-03-24 15:22:28,213 - exp_torch_topics_d128_passive_i2000_b20_q100_shuffled_fit_2 - INFO - query idx: [29055 80128 13012 25192 53040  8759 69554 80657 34863 48125 89853 53418
 39911 56295 75487 49476 42321 10607 98158 94933]
2020-03-24 15:22:31,614 - exp_torch_topics_d128_passive_i2000_b20_q100_shuffled_fit_2 - INFO - finish step #90 for 3.401724100112915 sec
2020-03-24 15:22:31,615 - exp_torch_topics_d128_passive_i2000_b20_q100_shuffled_fit_2 - INFO - current val_accuracy: 0.49548197203826344
2020-03-24 15:22:31,615 - exp_torch_topics_d128_passive_i2000_b20_q100_shuffled_fit_2 - INFO - start step #91
2020-03-24 15:22:31,616 - exp_torch_topics_d128_passive_i2000_b20_q100_shuffled_fit_2 - INFO - query idx: [23931 85300  2273 93939 34952 22940  8745 50007 90316  6887 37547 72499
  4147 82443 30116 66822 10196 61906 50277 66192]
2020-03-24 15:22:34,740 - exp_torch_topics_d128_passive_i2000_b20_q100_shuffled_fit_2 - INFO - finish step #91 for 3.124737024307251 sec
2020-03-24 15:22:34,740 - exp_torch_topics_d128_passive_i2000_b20_q100_shuffled_fit_2 - INFO - current val_accuracy: 0.49642384105960263
2020-03-24 15:22:34,740 - exp_torch_topics_d128_passive_i2000_b20_q100_shuffled_fit_2 - INFO - start step #92
2020-03-24 15:22:34,741 - exp_torch_topics_d128_passive_i2000_b20_q100_shuffled_fit_2 - INFO - query idx: [39389 21990 12082 90104 70144 83463 29195 41543 60671 78381 34212  3024
 71276 23594 78409 40604 17098 41821  8584 65886]
2020-03-24 15:22:38,523 - exp_torch_topics_d128_passive_i2000_b20_q100_shuffled_fit_2 - INFO - finish step #92 for 3.782255172729492 sec
2020-03-24 15:22:38,523 - exp_torch_topics_d128_passive_i2000_b20_q100_shuffled_fit_2 - INFO - current val_accuracy: 0.4944223693892568
2020-03-24 15:22:38,523 - exp_torch_topics_d128_passive_i2000_b20_q100_shuffled_fit_2 - INFO - start step #93
2020-03-24 15:22:38,524 - exp_torch_topics_d128_passive_i2000_b20_q100_shuffled_fit_2 - INFO - query idx: [97644 29412 97717 48142 53360 36590 64721 36289 55217 43651 88281 33331
 46411 90222 14139 87367 45281 84287  1989 20833]
2020-03-24 15:22:42,091 - exp_torch_topics_d128_passive_i2000_b20_q100_shuffled_fit_2 - INFO - finish step #93 for 3.5679891109466553 sec
2020-03-24 15:22:42,092 - exp_torch_topics_d128_passive_i2000_b20_q100_shuffled_fit_2 - INFO - current val_accuracy: 0.4960412067696836
2020-03-24 15:22:42,092 - exp_torch_topics_d128_passive_i2000_b20_q100_shuffled_fit_2 - INFO - start step #94
2020-03-24 15:22:42,093 - exp_torch_topics_d128_passive_i2000_b20_q100_shuffled_fit_2 - INFO - query idx: [57840 13703 58623 65854 19089  4244 79765 13631 35260 25830 59931 22633
 80290 95089  9411 72885  1890 31003 32647 57280]
2020-03-24 15:22:45,814 - exp_torch_topics_d128_passive_i2000_b20_q100_shuffled_fit_2 - INFO - finish step #94 for 3.721834182739258 sec
2020-03-24 15:22:45,814 - exp_torch_topics_d128_passive_i2000_b20_q100_shuffled_fit_2 - INFO - current val_accuracy: 0.49518763796909493
2020-03-24 15:22:45,814 - exp_torch_topics_d128_passive_i2000_b20_q100_shuffled_fit_2 - INFO - start step #95
2020-03-24 15:22:45,815 - exp_torch_topics_d128_passive_i2000_b20_q100_shuffled_fit_2 - INFO - query idx: [48740 12726 16692  7743 50580 31412 40253 75857 46646  5397 45111 34899
 96691 92162 74669 51002 93785 66663 24839 50108]
2020-03-24 15:22:49,140 - exp_torch_topics_d128_passive_i2000_b20_q100_shuffled_fit_2 - INFO - finish step #95 for 3.3251149654388428 sec
2020-03-24 15:22:49,140 - exp_torch_topics_d128_passive_i2000_b20_q100_shuffled_fit_2 - INFO - current val_accuracy: 0.49748344370860925
2020-03-24 15:22:49,140 - exp_torch_topics_d128_passive_i2000_b20_q100_shuffled_fit_2 - INFO - start step #96
2020-03-24 15:22:49,140 - exp_torch_topics_d128_passive_i2000_b20_q100_shuffled_fit_2 - INFO - query idx: [25271 13938 71620 10938 74782 39335 55966 54774 45799 23290 19300 15946
  4656 90769 87685 67889 31269 27073 11444  3053]
2020-03-24 15:22:52,432 - exp_torch_topics_d128_passive_i2000_b20_q100_shuffled_fit_2 - INFO - finish step #96 for 3.2921550273895264 sec
2020-03-24 15:22:52,432 - exp_torch_topics_d128_passive_i2000_b20_q100_shuffled_fit_2 - INFO - current val_accuracy: 0.4958351729212656
2020-03-24 15:22:52,433 - exp_torch_topics_d128_passive_i2000_b20_q100_shuffled_fit_2 - INFO - start step #97
2020-03-24 15:22:52,433 - exp_torch_topics_d128_passive_i2000_b20_q100_shuffled_fit_2 - INFO - query idx: [42723 88523 85361 35862 63393 36563 49476 84596 30135 50754  4047 62203
 73326 31356  6611 41846 73887 52359 36581 34012]
2020-03-24 15:22:56,421 - exp_torch_topics_d128_passive_i2000_b20_q100_shuffled_fit_2 - INFO - finish step #97 for 3.988687038421631 sec
2020-03-24 15:22:56,422 - exp_torch_topics_d128_passive_i2000_b20_q100_shuffled_fit_2 - INFO - current val_accuracy: 0.49963208241353935
2020-03-24 15:22:56,422 - exp_torch_topics_d128_passive_i2000_b20_q100_shuffled_fit_2 - INFO - start step #98
2020-03-24 15:22:56,422 - exp_torch_topics_d128_passive_i2000_b20_q100_shuffled_fit_2 - INFO - query idx: [ 8426 81993 26181 88240 81278  2877 16999 26334  4498 14229 26705 44403
 19065 64905 13382 29016 24035 42106 58786 55228]
2020-03-24 15:22:59,903 - exp_torch_topics_d128_passive_i2000_b20_q100_shuffled_fit_2 - INFO - finish step #98 for 3.48130464553833 sec
2020-03-24 15:22:59,903 - exp_torch_topics_d128_passive_i2000_b20_q100_shuffled_fit_2 - INFO - current val_accuracy: 0.4963944076526858
2020-03-24 15:22:59,904 - exp_torch_topics_d128_passive_i2000_b20_q100_shuffled_fit_2 - INFO - start step #99
2020-03-24 15:22:59,904 - exp_torch_topics_d128_passive_i2000_b20_q100_shuffled_fit_2 - INFO - query idx: [82538 57840 48345 53194 89170 51461 38587 11558 45781 11304 27814 50989
 48895 63916  1445 39703 12829 37783 76605 90802]
2020-03-24 15:23:02,716 - exp_torch_topics_d128_passive_i2000_b20_q100_shuffled_fit_2 - INFO - finish step #99 for 2.811889171600342 sec
2020-03-24 15:23:02,716 - exp_torch_topics_d128_passive_i2000_b20_q100_shuffled_fit_2 - INFO - current val_accuracy: 0.4979543782192789
2020-03-24 15:23:02,717 - exp_torch_topics_d128_passive_i2000_b20_q100_shuffled_fit_2 - INFO - finish experiment process for 312.0849401950836 sec
