2020-04-02 18:11:28,180 - exp_torch_topics_d128_bald_trident_i2000_b20_q100_sf512_5 - INFO - start experiment process
2020-04-02 18:11:38,517 - exp_torch_topics_d128_bald_trident_i2000_b20_q100_sf512_5 - INFO - initial val_accuracy: 0.48553348050036793
2020-04-02 18:11:38,520 - exp_torch_topics_d128_bald_trident_i2000_b20_q100_sf512_5 - INFO - start step #0
2020-04-02 18:12:15,710 - exp_torch_topics_d128_bald_trident_i2000_b20_q100_sf512_5 - INFO - query idx: [67825 84729 45096 85336 78144 79790 15307 44366 72685 66492 66628 55458
 87485 10347 67398 74264   910 57379 75375 57248]
2020-04-02 18:12:28,661 - exp_torch_topics_d128_bald_trident_i2000_b20_q100_sf512_5 - INFO - finish step #0 for 50.14143204689026 sec
2020-04-02 18:12:28,663 - exp_torch_topics_d128_bald_trident_i2000_b20_q100_sf512_5 - INFO - current val_accuracy: 0.48659308314937455
2020-04-02 18:12:28,664 - exp_torch_topics_d128_bald_trident_i2000_b20_q100_sf512_5 - INFO - start step #1
2020-04-02 18:12:50,819 - exp_torch_topics_d128_bald_trident_i2000_b20_q100_sf512_5 - INFO - query idx: [96434 52079 31081 56329 53754 35212 51160 93433 36707 36570 54058 21201
 74877 27290 99721  1607 32361 77968 56044 16408]
2020-04-02 18:12:54,430 - exp_torch_topics_d128_bald_trident_i2000_b20_q100_sf512_5 - INFO - finish step #1 for 25.765331983566284 sec
2020-04-02 18:12:54,430 - exp_torch_topics_d128_bald_trident_i2000_b20_q100_sf512_5 - INFO - current val_accuracy: 0.48850625459896985
2020-04-02 18:12:54,432 - exp_torch_topics_d128_bald_trident_i2000_b20_q100_sf512_5 - INFO - start step #2
2020-04-02 18:13:11,004 - exp_torch_topics_d128_bald_trident_i2000_b20_q100_sf512_5 - INFO - query idx: [33885 61898 21647 17859 97428 30604 55271 15671 24770 90925 34421 48724
 45968 21297 40107 97898 55863 23632 13844 77492]
2020-04-02 18:13:14,322 - exp_torch_topics_d128_bald_trident_i2000_b20_q100_sf512_5 - INFO - finish step #2 for 19.890380859375 sec
2020-04-02 18:13:14,323 - exp_torch_topics_d128_bald_trident_i2000_b20_q100_sf512_5 - INFO - current val_accuracy: 0.489654157468727
2020-04-02 18:13:14,324 - exp_torch_topics_d128_bald_trident_i2000_b20_q100_sf512_5 - INFO - start step #3
2020-04-02 18:13:30,502 - exp_torch_topics_d128_bald_trident_i2000_b20_q100_sf512_5 - INFO - query idx: [29253 64433 47225  7250 85495 56745 78793 99086 70946 48888 85279 25758
 61011 56001 93472 83622 62090 46768 29186 44150]
2020-04-02 18:13:33,777 - exp_torch_topics_d128_bald_trident_i2000_b20_q100_sf512_5 - INFO - finish step #3 for 19.452695846557617 sec
2020-04-02 18:13:33,777 - exp_torch_topics_d128_bald_trident_i2000_b20_q100_sf512_5 - INFO - current val_accuracy: 0.48850625459896985
2020-04-02 18:13:33,778 - exp_torch_topics_d128_bald_trident_i2000_b20_q100_sf512_5 - INFO - start step #4
2020-04-02 18:13:49,629 - exp_torch_topics_d128_bald_trident_i2000_b20_q100_sf512_5 - INFO - query idx: [18517 52224 20670  2304 64278 85013 31160 65819 78610  5425 71330 43069
 37604 55405 33473 83683 55533 91958 14317 77692]
2020-04-02 18:13:52,583 - exp_torch_topics_d128_bald_trident_i2000_b20_q100_sf512_5 - INFO - finish step #4 for 18.80525779724121 sec
2020-04-02 18:13:52,583 - exp_torch_topics_d128_bald_trident_i2000_b20_q100_sf512_5 - INFO - current val_accuracy: 0.4903311258278146
2020-04-02 18:13:52,585 - exp_torch_topics_d128_bald_trident_i2000_b20_q100_sf512_5 - INFO - start step #5
2020-04-02 18:14:21,525 - exp_torch_topics_d128_bald_trident_i2000_b20_q100_sf512_5 - INFO - query idx: [17205 62882 32158 80833 19772 89289 19135 91922 73197 44503 59613 24967
 65385 66263 79202 46611 48254 54923 46600 62674]
2020-04-02 18:14:36,756 - exp_torch_topics_d128_bald_trident_i2000_b20_q100_sf512_5 - INFO - finish step #5 for 44.171525955200195 sec
2020-04-02 18:14:36,764 - exp_torch_topics_d128_bald_trident_i2000_b20_q100_sf512_5 - INFO - current val_accuracy: 0.490242825607064
2020-04-02 18:14:36,774 - exp_torch_topics_d128_bald_trident_i2000_b20_q100_sf512_5 - INFO - start step #6
2020-04-02 18:15:11,775 - exp_torch_topics_d128_bald_trident_i2000_b20_q100_sf512_5 - INFO - query idx: [39806 97717 14546 20488 59407 17618 38218 25753 33969 74002 11193 37595
 91477 58945 20253 37017 27785 37369 52114 53682]
2020-04-02 18:15:19,468 - exp_torch_topics_d128_bald_trident_i2000_b20_q100_sf512_5 - INFO - finish step #6 for 42.693862199783325 sec
2020-04-02 18:15:19,468 - exp_torch_topics_d128_bald_trident_i2000_b20_q100_sf512_5 - INFO - current val_accuracy: 0.4932450331125828
2020-04-02 18:15:19,470 - exp_torch_topics_d128_bald_trident_i2000_b20_q100_sf512_5 - INFO - start step #7
2020-04-02 18:15:52,281 - exp_torch_topics_d128_bald_trident_i2000_b20_q100_sf512_5 - INFO - query idx: [ 3776 89298 17638 65010   261 53104 80521 32198 62993 41204 22328 83351
 41579 81907 46620 30155  9283 38578 57090 72503]
2020-04-02 18:16:01,124 - exp_torch_topics_d128_bald_trident_i2000_b20_q100_sf512_5 - INFO - finish step #7 for 41.65404200553894 sec
2020-04-02 18:16:01,124 - exp_torch_topics_d128_bald_trident_i2000_b20_q100_sf512_5 - INFO - current val_accuracy: 0.49707137601177337
2020-04-02 18:16:01,126 - exp_torch_topics_d128_bald_trident_i2000_b20_q100_sf512_5 - INFO - start step #8
2020-04-02 18:16:21,783 - exp_torch_topics_d128_bald_trident_i2000_b20_q100_sf512_5 - INFO - query idx: [ 5449 24680 98961 87489  2475 65396 38319 74242 89707 25617 22717 92319
 84442 12605 95114 40484 48302 45843 68414 22082]
2020-04-02 18:16:25,711 - exp_torch_topics_d128_bald_trident_i2000_b20_q100_sf512_5 - INFO - finish step #8 for 24.584633827209473 sec
2020-04-02 18:16:25,711 - exp_torch_topics_d128_bald_trident_i2000_b20_q100_sf512_5 - INFO - current val_accuracy: 0.49495217071376013
2020-04-02 18:16:25,712 - exp_torch_topics_d128_bald_trident_i2000_b20_q100_sf512_5 - INFO - start step #9
2020-04-02 18:16:46,431 - exp_torch_topics_d128_bald_trident_i2000_b20_q100_sf512_5 - INFO - query idx: [57337 31473 68212 10583 33061 10217  2092 73065 98406  6395 86641 48931
 34686 53217  4556 55414  1254 72082 75971  4010]
2020-04-02 18:16:50,703 - exp_torch_topics_d128_bald_trident_i2000_b20_q100_sf512_5 - INFO - finish step #9 for 24.99083399772644 sec
2020-04-02 18:16:50,704 - exp_torch_topics_d128_bald_trident_i2000_b20_q100_sf512_5 - INFO - current val_accuracy: 0.49992641648270786
2020-04-02 18:16:50,706 - exp_torch_topics_d128_bald_trident_i2000_b20_q100_sf512_5 - INFO - start step #10
2020-04-02 18:17:11,140 - exp_torch_topics_d128_bald_trident_i2000_b20_q100_sf512_5 - INFO - query idx: [28595 49958 78166 79582 84898 60205 58520 47662  7648 49530 21369 94291
 97838  2611 47909 12570  1340  1390 98036 94854]
2020-04-02 18:17:14,794 - exp_torch_topics_d128_bald_trident_i2000_b20_q100_sf512_5 - INFO - finish step #10 for 24.087685108184814 sec
2020-04-02 18:17:14,794 - exp_torch_topics_d128_bald_trident_i2000_b20_q100_sf512_5 - INFO - current val_accuracy: 0.5001913171449596
2020-04-02 18:17:14,796 - exp_torch_topics_d128_bald_trident_i2000_b20_q100_sf512_5 - INFO - start step #11
2020-04-02 18:17:36,764 - exp_torch_topics_d128_bald_trident_i2000_b20_q100_sf512_5 - INFO - query idx: [38481 59741 54268 16521 55893 16262 53481  1490 52088 54580 15934 10292
 66151 42353  8197 90810 76984 24037 47910 84633]
2020-04-02 18:17:41,734 - exp_torch_topics_d128_bald_trident_i2000_b20_q100_sf512_5 - INFO - finish step #11 for 26.93840503692627 sec
2020-04-02 18:17:41,734 - exp_torch_topics_d128_bald_trident_i2000_b20_q100_sf512_5 - INFO - current val_accuracy: 0.49983811626195734
2020-04-02 18:17:41,736 - exp_torch_topics_d128_bald_trident_i2000_b20_q100_sf512_5 - INFO - start step #12
2020-04-02 18:18:00,460 - exp_torch_topics_d128_bald_trident_i2000_b20_q100_sf512_5 - INFO - query idx: [27064 82691 87529  6356 14471 49630 54620 95001 67713 56393 52849 82319
  7758  7963 86995 90835 68917 27219 87101 65856]
2020-04-02 18:18:04,235 - exp_torch_topics_d128_bald_trident_i2000_b20_q100_sf512_5 - INFO - finish step #12 for 22.498966217041016 sec
2020-04-02 18:18:04,235 - exp_torch_topics_d128_bald_trident_i2000_b20_q100_sf512_5 - INFO - current val_accuracy: 0.49601177336276675
2020-04-02 18:18:04,237 - exp_torch_topics_d128_bald_trident_i2000_b20_q100_sf512_5 - INFO - start step #13
2020-04-02 18:18:23,425 - exp_torch_topics_d128_bald_trident_i2000_b20_q100_sf512_5 - INFO - query idx: [32353 43652 53066 43898 97484 34493 23335 11640 66779 33873 98301 72725
  6678 10447 46233    63 30380 16655 25909 99416]
2020-04-02 18:18:27,082 - exp_torch_topics_d128_bald_trident_i2000_b20_q100_sf512_5 - INFO - finish step #13 for 22.845289945602417 sec
2020-04-02 18:18:27,082 - exp_torch_topics_d128_bald_trident_i2000_b20_q100_sf512_5 - INFO - current val_accuracy: 0.49851361295069907
2020-04-02 18:18:27,084 - exp_torch_topics_d128_bald_trident_i2000_b20_q100_sf512_5 - INFO - start step #14
2020-04-02 18:18:52,709 - exp_torch_topics_d128_bald_trident_i2000_b20_q100_sf512_5 - INFO - query idx: [36527 52408 43528 94702  8625 15451 76746 62071 87756 92930 84604 80291
 77984 18209 25481 43859 94130 19541  5763 37008]
2020-04-02 18:19:00,057 - exp_torch_topics_d128_bald_trident_i2000_b20_q100_sf512_5 - INFO - finish step #14 for 32.97367811203003 sec
2020-04-02 18:19:00,058 - exp_torch_topics_d128_bald_trident_i2000_b20_q100_sf512_5 - INFO - current val_accuracy: 0.4995732155997057
2020-04-02 18:19:00,061 - exp_torch_topics_d128_bald_trident_i2000_b20_q100_sf512_5 - INFO - start step #15
2020-04-02 18:19:30,818 - exp_torch_topics_d128_bald_trident_i2000_b20_q100_sf512_5 - INFO - query idx: [96235 50131  6421 42489 18267 66923 11252 21506 24653 87262  7153 37257
 47892 59859  1680 38676 61713 13988 19191 63837]
2020-04-02 18:19:45,861 - exp_torch_topics_d128_bald_trident_i2000_b20_q100_sf512_5 - INFO - finish step #15 for 45.79902219772339 sec
2020-04-02 18:19:45,867 - exp_torch_topics_d128_bald_trident_i2000_b20_q100_sf512_5 - INFO - current val_accuracy: 0.49977924944812363
2020-04-02 18:19:45,873 - exp_torch_topics_d128_bald_trident_i2000_b20_q100_sf512_5 - INFO - start step #16
2020-04-02 18:20:12,626 - exp_torch_topics_d128_bald_trident_i2000_b20_q100_sf512_5 - INFO - query idx: [11429 94839 50074 74748 78317 65556 24977 53455 69827 43291 37964 79031
 16326 13317 19652 12408 98957 53111 78672  1277]
2020-04-02 18:20:19,491 - exp_torch_topics_d128_bald_trident_i2000_b20_q100_sf512_5 - INFO - finish step #16 for 33.6185359954834 sec
2020-04-02 18:20:19,491 - exp_torch_topics_d128_bald_trident_i2000_b20_q100_sf512_5 - INFO - current val_accuracy: 0.5020456217807211
2020-04-02 18:20:19,493 - exp_torch_topics_d128_bald_trident_i2000_b20_q100_sf512_5 - INFO - start step #17
2020-04-02 18:20:40,962 - exp_torch_topics_d128_bald_trident_i2000_b20_q100_sf512_5 - INFO - query idx: [ 7932 92960  5029 21697  4347 42059  1473 60749 16044 37631 44378  1403
 61832  2545 45411 85709 18285 71897 51297 67352]
2020-04-02 18:20:50,005 - exp_torch_topics_d128_bald_trident_i2000_b20_q100_sf512_5 - INFO - finish step #17 for 30.511914014816284 sec
2020-04-02 18:20:50,006 - exp_torch_topics_d128_bald_trident_i2000_b20_q100_sf512_5 - INFO - current val_accuracy: 0.5072553348050037
2020-04-02 18:20:50,007 - exp_torch_topics_d128_bald_trident_i2000_b20_q100_sf512_5 - INFO - start step #18
2020-04-02 18:21:13,227 - exp_torch_topics_d128_bald_trident_i2000_b20_q100_sf512_5 - INFO - query idx: [35884 47831   157 96088 61305 98776 92656 20369 76056 98315  8443 57630
 25613 44903 70401 63150 23949 16506 45236  5219]
2020-04-02 18:21:26,429 - exp_torch_topics_d128_bald_trident_i2000_b20_q100_sf512_5 - INFO - finish step #18 for 36.42124915122986 sec
2020-04-02 18:21:26,431 - exp_torch_topics_d128_bald_trident_i2000_b20_q100_sf512_5 - INFO - current val_accuracy: 0.506990434142752
2020-04-02 18:21:26,433 - exp_torch_topics_d128_bald_trident_i2000_b20_q100_sf512_5 - INFO - start step #19
2020-04-02 18:21:52,254 - exp_torch_topics_d128_bald_trident_i2000_b20_q100_sf512_5 - INFO - query idx: [77772 19574 36952 49414 98656 26345 71203 83554 32611 22082 47702 46143
 65517 89134 36903 36879 86090 78205 37289 12160]
2020-04-02 18:21:59,594 - exp_torch_topics_d128_bald_trident_i2000_b20_q100_sf512_5 - INFO - finish step #19 for 33.16042113304138 sec
2020-04-02 18:21:59,594 - exp_torch_topics_d128_bald_trident_i2000_b20_q100_sf512_5 - INFO - current val_accuracy: 0.5031640912435614
2020-04-02 18:21:59,595 - exp_torch_topics_d128_bald_trident_i2000_b20_q100_sf512_5 - INFO - start step #20
2020-04-02 18:22:26,293 - exp_torch_topics_d128_bald_trident_i2000_b20_q100_sf512_5 - INFO - query idx: [26435  4360 87539 73917 83736 56274 73225 50981 48719 63437 44975 33024
 61851 26765 25515 64356 51310 12808 46273 11909]
2020-04-02 18:22:35,502 - exp_torch_topics_d128_bald_trident_i2000_b20_q100_sf512_5 - INFO - finish step #20 for 35.90637493133545 sec
2020-04-02 18:22:35,502 - exp_torch_topics_d128_bald_trident_i2000_b20_q100_sf512_5 - INFO - current val_accuracy: 0.5084326710816777
2020-04-02 18:22:35,504 - exp_torch_topics_d128_bald_trident_i2000_b20_q100_sf512_5 - INFO - start step #21
2020-04-02 18:22:52,565 - exp_torch_topics_d128_bald_trident_i2000_b20_q100_sf512_5 - INFO - query idx: [22030 69376 93569 80570 39977 95965 49487 43966 53155 83893 22102 73742
 61906  8211 46373 31332 70803 69480 56354  7096]
2020-04-02 18:22:57,750 - exp_torch_topics_d128_bald_trident_i2000_b20_q100_sf512_5 - INFO - finish step #21 for 22.24612784385681 sec
2020-04-02 18:22:57,750 - exp_torch_topics_d128_bald_trident_i2000_b20_q100_sf512_5 - INFO - current val_accuracy: 0.5086092715231788
2020-04-02 18:22:57,752 - exp_torch_topics_d128_bald_trident_i2000_b20_q100_sf512_5 - INFO - start step #22
2020-04-02 18:23:14,521 - exp_torch_topics_d128_bald_trident_i2000_b20_q100_sf512_5 - INFO - query idx: [14270 42215 66416 44236 49002 68748   726 28605 19023 67656 34559 56745
 44119 98829 43918 56921 42840 40555 17953 49900]
2020-04-02 18:23:20,562 - exp_torch_topics_d128_bald_trident_i2000_b20_q100_sf512_5 - INFO - finish step #22 for 22.809978008270264 sec
2020-04-02 18:23:20,562 - exp_torch_topics_d128_bald_trident_i2000_b20_q100_sf512_5 - INFO - current val_accuracy: 0.5049595290654894
2020-04-02 18:23:20,563 - exp_torch_topics_d128_bald_trident_i2000_b20_q100_sf512_5 - INFO - start step #23
2020-04-02 18:23:40,680 - exp_torch_topics_d128_bald_trident_i2000_b20_q100_sf512_5 - INFO - query idx: [72930 33467 83970 95397 93578 76248 69431 18132 20021 51544 34198  5475
 65617 68210  1422 81794 82719  1122 44484 62600]
2020-04-02 18:23:49,457 - exp_torch_topics_d128_bald_trident_i2000_b20_q100_sf512_5 - INFO - finish step #23 for 28.893510818481445 sec
2020-04-02 18:23:49,458 - exp_torch_topics_d128_bald_trident_i2000_b20_q100_sf512_5 - INFO - current val_accuracy: 0.5067255334805004
2020-04-02 18:23:49,460 - exp_torch_topics_d128_bald_trident_i2000_b20_q100_sf512_5 - INFO - start step #24
2020-04-02 18:24:49,556 - exp_torch_topics_d128_bald_trident_i2000_b20_q100_sf512_5 - INFO - query idx: [81693 96649 44957 35877 56821 53908 17777 58079 88404 13098 49274 72508
 73033 73523 52840 19565 74183 43022   345 92391]
2020-04-02 18:25:11,990 - exp_torch_topics_d128_bald_trident_i2000_b20_q100_sf512_5 - INFO - finish step #24 for 82.52868223190308 sec
2020-04-02 18:25:11,992 - exp_torch_topics_d128_bald_trident_i2000_b20_q100_sf512_5 - INFO - current val_accuracy: 0.5103164091243562
2020-04-02 18:25:11,998 - exp_torch_topics_d128_bald_trident_i2000_b20_q100_sf512_5 - INFO - start step #25
2020-04-02 18:25:59,829 - exp_torch_topics_d128_bald_trident_i2000_b20_q100_sf512_5 - INFO - query idx: [71565  9679 48787 65565 87433 75148 29265 37629 88553 78942 45653 44159
 87645 21750  9126 52568 41903 16075 81411 60717]
2020-04-02 18:26:12,571 - exp_torch_topics_d128_bald_trident_i2000_b20_q100_sf512_5 - INFO - finish step #25 for 60.56873106956482 sec
2020-04-02 18:26:12,572 - exp_torch_topics_d128_bald_trident_i2000_b20_q100_sf512_5 - INFO - current val_accuracy: 0.510345842531273
2020-04-02 18:26:12,573 - exp_torch_topics_d128_bald_trident_i2000_b20_q100_sf512_5 - INFO - start step #26
2020-04-02 18:27:02,810 - exp_torch_topics_d128_bald_trident_i2000_b20_q100_sf512_5 - INFO - query idx: [59486 57539 56936 39695 82270 56265 90435  8815 62381 46755 79069 20237
 12422 78652 21724 41335 66648 87678 76363 24003]
2020-04-02 18:27:15,786 - exp_torch_topics_d128_bald_trident_i2000_b20_q100_sf512_5 - INFO - finish step #26 for 63.21270680427551 sec
2020-04-02 18:27:15,787 - exp_torch_topics_d128_bald_trident_i2000_b20_q100_sf512_5 - INFO - current val_accuracy: 0.5095805739514349
2020-04-02 18:27:15,789 - exp_torch_topics_d128_bald_trident_i2000_b20_q100_sf512_5 - INFO - start step #27
2020-04-02 18:27:57,917 - exp_torch_topics_d128_bald_trident_i2000_b20_q100_sf512_5 - INFO - query idx: [70355 73065  3327  6546 52191 19507 34193   559  8548  8785 63247 35635
 38720  9422 91420 98995 45896 12817 12160 15926]
2020-04-02 18:28:12,258 - exp_torch_topics_d128_bald_trident_i2000_b20_q100_sf512_5 - INFO - finish step #27 for 56.46802592277527 sec
2020-04-02 18:28:12,260 - exp_torch_topics_d128_bald_trident_i2000_b20_q100_sf512_5 - INFO - current val_accuracy: 0.5074613686534216
2020-04-02 18:28:12,261 - exp_torch_topics_d128_bald_trident_i2000_b20_q100_sf512_5 - INFO - start step #28
2020-04-02 18:28:58,874 - exp_torch_topics_d128_bald_trident_i2000_b20_q100_sf512_5 - INFO - query idx: [48310 84097 96069 32786 50905 77576 50300 37017 70877  3076 57045  2147
 68900 41920 53456 87244 21603  7456 88801 14189]
2020-04-02 18:29:19,117 - exp_torch_topics_d128_bald_trident_i2000_b20_q100_sf512_5 - INFO - finish step #28 for 66.85637617111206 sec
2020-04-02 18:29:19,121 - exp_torch_topics_d128_bald_trident_i2000_b20_q100_sf512_5 - INFO - current val_accuracy: 0.5105518763796909
2020-04-02 18:29:19,129 - exp_torch_topics_d128_bald_trident_i2000_b20_q100_sf512_5 - INFO - start step #29
2020-04-02 18:30:12,707 - exp_torch_topics_d128_bald_trident_i2000_b20_q100_sf512_5 - INFO - query idx: [52473 77405 19148 19277 91982 11354 49644 93249  1857 89244 93310 31146
 16756 18779 35277 11003 48897 87632 22807 82823]
2020-04-02 18:30:30,679 - exp_torch_topics_d128_bald_trident_i2000_b20_q100_sf512_5 - INFO - finish step #29 for 71.5473153591156 sec
2020-04-02 18:30:30,688 - exp_torch_topics_d128_bald_trident_i2000_b20_q100_sf512_5 - INFO - current val_accuracy: 0.5066666666666667
2020-04-02 18:30:30,691 - exp_torch_topics_d128_bald_trident_i2000_b20_q100_sf512_5 - INFO - start step #30
2020-04-02 18:31:17,522 - exp_torch_topics_d128_bald_trident_i2000_b20_q100_sf512_5 - INFO - query idx: [ 2651 20319 79629 64471 15618 31706 86672 31083  7788 67719 84519 10820
 20554  4502 52554 95211 44013 71868 45462 61899]
2020-04-02 18:31:34,744 - exp_torch_topics_d128_bald_trident_i2000_b20_q100_sf512_5 - INFO - finish step #30 for 64.0525450706482 sec
2020-04-02 18:31:34,747 - exp_torch_topics_d128_bald_trident_i2000_b20_q100_sf512_5 - INFO - current val_accuracy: 0.5111699779249448
2020-04-02 18:31:34,749 - exp_torch_topics_d128_bald_trident_i2000_b20_q100_sf512_5 - INFO - start step #31
2020-04-02 18:31:58,319 - exp_torch_topics_d128_bald_trident_i2000_b20_q100_sf512_5 - INFO - query idx: [69704  9093 56125   312 69313 49641 70255 82749    55 10227 26925 93949
 77715 49073 57256 61739 24466 89383 94931 34646]
2020-04-02 18:32:03,625 - exp_torch_topics_d128_bald_trident_i2000_b20_q100_sf512_5 - INFO - finish step #31 for 28.87614607810974 sec
2020-04-02 18:32:03,626 - exp_torch_topics_d128_bald_trident_i2000_b20_q100_sf512_5 - INFO - current val_accuracy: 0.5056070640176601
2020-04-02 18:32:03,627 - exp_torch_topics_d128_bald_trident_i2000_b20_q100_sf512_5 - INFO - start step #32
2020-04-02 18:32:33,919 - exp_torch_topics_d128_bald_trident_i2000_b20_q100_sf512_5 - INFO - query idx: [66454 61923  8442 76696 52149 84896  5836 18001 73434 95344 27533  3773
 97298 57588 41106 43133  2826 75146  1905 97820]
2020-04-02 18:32:52,580 - exp_torch_topics_d128_bald_trident_i2000_b20_q100_sf512_5 - INFO - finish step #32 for 48.9529070854187 sec
2020-04-02 18:32:52,581 - exp_torch_topics_d128_bald_trident_i2000_b20_q100_sf512_5 - INFO - current val_accuracy: 0.5072847682119205
2020-04-02 18:32:52,585 - exp_torch_topics_d128_bald_trident_i2000_b20_q100_sf512_5 - INFO - start step #33
2020-04-02 18:33:46,825 - exp_torch_topics_d128_bald_trident_i2000_b20_q100_sf512_5 - INFO - query idx: [86262 38894 29368 90995  3518 79617 35459 54586 34981 24944 20089 45133
 69152 43790 79241 94904 71527  5735 85330 50725]
2020-04-02 18:34:00,180 - exp_torch_topics_d128_bald_trident_i2000_b20_q100_sf512_5 - INFO - finish step #33 for 67.59522914886475 sec
2020-04-02 18:34:00,184 - exp_torch_topics_d128_bald_trident_i2000_b20_q100_sf512_5 - INFO - current val_accuracy: 0.5116114790286975
2020-04-02 18:34:00,187 - exp_torch_topics_d128_bald_trident_i2000_b20_q100_sf512_5 - INFO - start step #34
2020-04-02 18:34:31,400 - exp_torch_topics_d128_bald_trident_i2000_b20_q100_sf512_5 - INFO - query idx: [59643 66840 93213 65343 94650 72056  3861 11138 84301 39018 10966 11804
 21566 95401 79928  1840 92033 86680 14138 40204]
2020-04-02 18:34:40,039 - exp_torch_topics_d128_bald_trident_i2000_b20_q100_sf512_5 - INFO - finish step #34 for 39.85179591178894 sec
2020-04-02 18:34:40,039 - exp_torch_topics_d128_bald_trident_i2000_b20_q100_sf512_5 - INFO - current val_accuracy: 0.5087564385577631
2020-04-02 18:34:40,042 - exp_torch_topics_d128_bald_trident_i2000_b20_q100_sf512_5 - INFO - start step #35
2020-04-02 18:35:06,638 - exp_torch_topics_d128_bald_trident_i2000_b20_q100_sf512_5 - INFO - query idx: [82232  1535 35736 41973 61094 70612 91598 60521 86083 48249 45129 44804
 99247 92242 54568 90185 93163 79175 38566 50281]
2020-04-02 18:35:11,913 - exp_torch_topics_d128_bald_trident_i2000_b20_q100_sf512_5 - INFO - finish step #35 for 31.871312856674194 sec
2020-04-02 18:35:11,914 - exp_torch_topics_d128_bald_trident_i2000_b20_q100_sf512_5 - INFO - current val_accuracy: 0.5106696100073583
2020-04-02 18:35:11,915 - exp_torch_topics_d128_bald_trident_i2000_b20_q100_sf512_5 - INFO - start step #36
2020-04-02 18:35:30,934 - exp_torch_topics_d128_bald_trident_i2000_b20_q100_sf512_5 - INFO - query idx: [74920 22961 64792 17304  8823 32481 42131 16016 26329 60978 62792 33224
 73496 55596 24056 39208  8981 29120 57694 32566]
2020-04-02 18:35:37,314 - exp_torch_topics_d128_bald_trident_i2000_b20_q100_sf512_5 - INFO - finish step #36 for 25.399055242538452 sec
2020-04-02 18:35:37,316 - exp_torch_topics_d128_bald_trident_i2000_b20_q100_sf512_5 - INFO - current val_accuracy: 0.5114937454010302
2020-04-02 18:35:37,318 - exp_torch_topics_d128_bald_trident_i2000_b20_q100_sf512_5 - INFO - start step #37
2020-04-02 18:35:57,361 - exp_torch_topics_d128_bald_trident_i2000_b20_q100_sf512_5 - INFO - query idx: [19833 20001 70128 49619 85568 87156 33985 93451 98493 64255 66630 50379
 47708 17478  4346 44315 36259 20859 94780 96930]
2020-04-02 18:36:02,487 - exp_torch_topics_d128_bald_trident_i2000_b20_q100_sf512_5 - INFO - finish step #37 for 25.168623208999634 sec
2020-04-02 18:36:02,488 - exp_torch_topics_d128_bald_trident_i2000_b20_q100_sf512_5 - INFO - current val_accuracy: 0.509757174392936
2020-04-02 18:36:02,491 - exp_torch_topics_d128_bald_trident_i2000_b20_q100_sf512_5 - INFO - start step #38
2020-04-02 18:36:27,587 - exp_torch_topics_d128_bald_trident_i2000_b20_q100_sf512_5 - INFO - query idx: [13077 70656 75542 27551 42039 96209 29976 43938 86519 65420 73119 23025
 46560 31075 23467 49947 65903 54140 71903 44599]
2020-04-02 18:36:39,462 - exp_torch_topics_d128_bald_trident_i2000_b20_q100_sf512_5 - INFO - finish step #38 for 36.97109603881836 sec
2020-04-02 18:36:39,465 - exp_torch_topics_d128_bald_trident_i2000_b20_q100_sf512_5 - INFO - current val_accuracy: 0.5079617365710081
2020-04-02 18:36:39,467 - exp_torch_topics_d128_bald_trident_i2000_b20_q100_sf512_5 - INFO - start step #39
2020-04-02 18:37:06,062 - exp_torch_topics_d128_bald_trident_i2000_b20_q100_sf512_5 - INFO - query idx: [83207 79174 13665 87297 98387 34431 26015 44138 38230 42303 37949 26463
 48392 20021 23662 59903 33850 47412 19810 31211]
2020-04-02 18:37:18,602 - exp_torch_topics_d128_bald_trident_i2000_b20_q100_sf512_5 - INFO - finish step #39 for 39.134533166885376 sec
2020-04-02 18:37:18,603 - exp_torch_topics_d128_bald_trident_i2000_b20_q100_sf512_5 - INFO - current val_accuracy: 0.5128182487122884
2020-04-02 18:37:18,606 - exp_torch_topics_d128_bald_trident_i2000_b20_q100_sf512_5 - INFO - start step #40
2020-04-02 18:38:02,661 - exp_torch_topics_d128_bald_trident_i2000_b20_q100_sf512_5 - INFO - query idx: [18129 64708 66253 17085 60426 57825 70562  7221 43716 17901 58254   991
 62433 66464 82007 63443 85504 49438 98016 84212]
2020-04-02 18:38:12,706 - exp_torch_topics_d128_bald_trident_i2000_b20_q100_sf512_5 - INFO - finish step #40 for 54.100265979766846 sec
2020-04-02 18:38:12,707 - exp_torch_topics_d128_bald_trident_i2000_b20_q100_sf512_5 - INFO - current val_accuracy: 0.512317880794702
2020-04-02 18:38:12,708 - exp_torch_topics_d128_bald_trident_i2000_b20_q100_sf512_5 - INFO - start step #41
2020-04-02 18:38:35,868 - exp_torch_topics_d128_bald_trident_i2000_b20_q100_sf512_5 - INFO - query idx: [96133 18798  8175 89056 45842 20633 99167 79459 62887 21431 91910 91956
  7585  2970 55663 95357 28338 18625 66681  1631]
2020-04-02 18:38:40,716 - exp_torch_topics_d128_bald_trident_i2000_b20_q100_sf512_5 - INFO - finish step #41 for 28.007663011550903 sec
2020-04-02 18:38:40,716 - exp_torch_topics_d128_bald_trident_i2000_b20_q100_sf512_5 - INFO - current val_accuracy: 0.5137306843267108
2020-04-02 18:38:40,717 - exp_torch_topics_d128_bald_trident_i2000_b20_q100_sf512_5 - INFO - start step #42
2020-04-02 18:39:22,818 - exp_torch_topics_d128_bald_trident_i2000_b20_q100_sf512_5 - INFO - query idx: [15969 75539 13370 13708 99141  6949 69307 71306 43628 55679 88640 13908
 14118 54172  5832 24977 51427  6728 42571 83212]
2020-04-02 18:39:34,449 - exp_torch_topics_d128_bald_trident_i2000_b20_q100_sf512_5 - INFO - finish step #42 for 53.73213315010071 sec
2020-04-02 18:39:34,451 - exp_torch_topics_d128_bald_trident_i2000_b20_q100_sf512_5 - INFO - current val_accuracy: 0.5139367181751288
2020-04-02 18:39:34,455 - exp_torch_topics_d128_bald_trident_i2000_b20_q100_sf512_5 - INFO - start step #43
2020-04-02 18:40:00,622 - exp_torch_topics_d128_bald_trident_i2000_b20_q100_sf512_5 - INFO - query idx: [ 2471 54153 61171  9483 94024 58820 44409 96989 26111 37200 59222 86079
 76239  6255 74857 29026 83191 63395 98760 31976]
2020-04-02 18:40:08,572 - exp_torch_topics_d128_bald_trident_i2000_b20_q100_sf512_5 - INFO - finish step #43 for 34.11736178398132 sec
2020-04-02 18:40:08,572 - exp_torch_topics_d128_bald_trident_i2000_b20_q100_sf512_5 - INFO - current val_accuracy: 0.5147314201618838
2020-04-02 18:40:08,574 - exp_torch_topics_d128_bald_trident_i2000_b20_q100_sf512_5 - INFO - start step #44
2020-04-02 18:40:48,121 - exp_torch_topics_d128_bald_trident_i2000_b20_q100_sf512_5 - INFO - query idx: [56297 77214 53433 79398  2706 34195  1199 87895 77073 29399 79815 83484
 12282  7154 65128 41979  2567 27488 77267 95547]
2020-04-02 18:41:05,795 - exp_torch_topics_d128_bald_trident_i2000_b20_q100_sf512_5 - INFO - finish step #44 for 57.22088885307312 sec
2020-04-02 18:41:05,845 - exp_torch_topics_d128_bald_trident_i2000_b20_q100_sf512_5 - INFO - current val_accuracy: 0.5116114790286975
2020-04-02 18:41:05,847 - exp_torch_topics_d128_bald_trident_i2000_b20_q100_sf512_5 - INFO - start step #45
2020-04-02 18:41:31,280 - exp_torch_topics_d128_bald_trident_i2000_b20_q100_sf512_5 - INFO - query idx: [81760 12683 39918 54434 18395 53501 46856 85978 71826 55263 81357  8834
  8531   355 89136 59425 15615 40521 80422 28499]
2020-04-02 18:41:36,982 - exp_torch_topics_d128_bald_trident_i2000_b20_q100_sf512_5 - INFO - finish step #45 for 31.1344051361084 sec
2020-04-02 18:41:36,982 - exp_torch_topics_d128_bald_trident_i2000_b20_q100_sf512_5 - INFO - current val_accuracy: 0.509374540103017
2020-04-02 18:41:36,984 - exp_torch_topics_d128_bald_trident_i2000_b20_q100_sf512_5 - INFO - start step #46
2020-04-02 18:42:08,499 - exp_torch_topics_d128_bald_trident_i2000_b20_q100_sf512_5 - INFO - query idx: [  741 98294 13357 89382 54659 20555 22468 71520 42580 61572 45861 50808
 11929 41168 56228 84651 54704 69153 30335 59316]
2020-04-02 18:42:22,021 - exp_torch_topics_d128_bald_trident_i2000_b20_q100_sf512_5 - INFO - finish step #46 for 45.03596210479736 sec
2020-04-02 18:42:22,024 - exp_torch_topics_d128_bald_trident_i2000_b20_q100_sf512_5 - INFO - current val_accuracy: 0.5109933774834438
2020-04-02 18:42:22,029 - exp_torch_topics_d128_bald_trident_i2000_b20_q100_sf512_5 - INFO - start step #47
2020-04-02 18:42:48,597 - exp_torch_topics_d128_bald_trident_i2000_b20_q100_sf512_5 - INFO - query idx: [28200   973 58709 14988 24439 12811 68428 70795  4157 77089 95836 68422
 64964  4771 58991 73159 67874 62797  6997 35928]
2020-04-02 18:42:59,830 - exp_torch_topics_d128_bald_trident_i2000_b20_q100_sf512_5 - INFO - finish step #47 for 37.80056715011597 sec
2020-04-02 18:42:59,830 - exp_torch_topics_d128_bald_trident_i2000_b20_q100_sf512_5 - INFO - current val_accuracy: 0.5090507726269315
2020-04-02 18:42:59,832 - exp_torch_topics_d128_bald_trident_i2000_b20_q100_sf512_5 - INFO - start step #48
2020-04-02 18:43:42,434 - exp_torch_topics_d128_bald_trident_i2000_b20_q100_sf512_5 - INFO - query idx: [64905 47284 93383 70756 28699 86331 65851 21416 18805 43934 19674 28241
 57753 86825 10769 86816 23904 36743  5763  5828]
2020-04-02 18:44:06,227 - exp_torch_topics_d128_bald_trident_i2000_b20_q100_sf512_5 - INFO - finish step #48 for 66.38524866104126 sec
2020-04-02 18:44:06,363 - exp_torch_topics_d128_bald_trident_i2000_b20_q100_sf512_5 - INFO - current val_accuracy: 0.509757174392936
2020-04-02 18:44:06,430 - exp_torch_topics_d128_bald_trident_i2000_b20_q100_sf512_5 - INFO - start step #49
2020-04-02 18:44:36,952 - exp_torch_topics_d128_bald_trident_i2000_b20_q100_sf512_5 - INFO - query idx: [87226 39850 66030 70137 58840 89896   761 94969 94487 61835 14069 25299
 81716 30466 26263 69307 86795  4145  7770 80722]
2020-04-02 18:44:50,962 - exp_torch_topics_d128_bald_trident_i2000_b20_q100_sf512_5 - INFO - finish step #49 for 44.53081202507019 sec
2020-04-02 18:44:50,964 - exp_torch_topics_d128_bald_trident_i2000_b20_q100_sf512_5 - INFO - current val_accuracy: 0.5137601177336276
2020-04-02 18:44:50,966 - exp_torch_topics_d128_bald_trident_i2000_b20_q100_sf512_5 - INFO - start step #50
2020-04-02 18:45:31,604 - exp_torch_topics_d128_bald_trident_i2000_b20_q100_sf512_5 - INFO - query idx: [11492 54790  6160 71442 27139 66940 55280 97400 67494 77561 91222 74403
  6152 58478 21781 35981 47085 27511 77023 60827]
2020-04-02 18:45:43,313 - exp_torch_topics_d128_bald_trident_i2000_b20_q100_sf512_5 - INFO - finish step #50 for 52.34663915634155 sec
2020-04-02 18:45:43,315 - exp_torch_topics_d128_bald_trident_i2000_b20_q100_sf512_5 - INFO - current val_accuracy: 0.512700515084621
2020-04-02 18:45:43,319 - exp_torch_topics_d128_bald_trident_i2000_b20_q100_sf512_5 - INFO - start step #51
2020-04-02 18:46:16,392 - exp_torch_topics_d128_bald_trident_i2000_b20_q100_sf512_5 - INFO - query idx: [54647 49055 68074 54043 12583 57389    59 53534 13495 58045 46951  8959
 60879 95624  6268 54952 87814 29337 85652  5373]
2020-04-02 18:46:30,864 - exp_torch_topics_d128_bald_trident_i2000_b20_q100_sf512_5 - INFO - finish step #51 for 47.54471206665039 sec
2020-04-02 18:46:30,864 - exp_torch_topics_d128_bald_trident_i2000_b20_q100_sf512_5 - INFO - current val_accuracy: 0.5136129506990434
2020-04-02 18:46:30,867 - exp_torch_topics_d128_bald_trident_i2000_b20_q100_sf512_5 - INFO - start step #52
2020-04-02 18:47:01,298 - exp_torch_topics_d128_bald_trident_i2000_b20_q100_sf512_5 - INFO - query idx: [13367 20308 69841 97419 35847 15118 93877 74190 30259    11 75791  5573
 79575 70894 97865 74807  3313 59866 64784 50706]
2020-04-02 18:47:08,475 - exp_torch_topics_d128_bald_trident_i2000_b20_q100_sf512_5 - INFO - finish step #52 for 37.606837034225464 sec
2020-04-02 18:47:08,475 - exp_torch_topics_d128_bald_trident_i2000_b20_q100_sf512_5 - INFO - current val_accuracy: 0.5138189845474613
2020-04-02 18:47:08,477 - exp_torch_topics_d128_bald_trident_i2000_b20_q100_sf512_5 - INFO - start step #53
2020-04-02 18:47:45,141 - exp_torch_topics_d128_bald_trident_i2000_b20_q100_sf512_5 - INFO - query idx: [46180 85069 42785 81415 88991 60910 79194  7445 80463 55411 12784 94383
 29338 65568 51597 50594 52421  4327 12148  2406]
2020-04-02 18:47:58,781 - exp_torch_topics_d128_bald_trident_i2000_b20_q100_sf512_5 - INFO - finish step #53 for 50.30379104614258 sec
2020-04-02 18:47:58,785 - exp_torch_topics_d128_bald_trident_i2000_b20_q100_sf512_5 - INFO - current val_accuracy: 0.5177336276674025
2020-04-02 18:47:58,786 - exp_torch_topics_d128_bald_trident_i2000_b20_q100_sf512_5 - INFO - start step #54
2020-04-02 18:48:33,271 - exp_torch_topics_d128_bald_trident_i2000_b20_q100_sf512_5 - INFO - query idx: [32244 20759 36467 84908 87318 60691  2862 71179 73318 20210  9077 95337
 34899 35054 29856 37378 36987 43407 87144 11348]
2020-04-02 18:48:43,263 - exp_torch_topics_d128_bald_trident_i2000_b20_q100_sf512_5 - INFO - finish step #54 for 44.476967096328735 sec
2020-04-02 18:48:43,263 - exp_torch_topics_d128_bald_trident_i2000_b20_q100_sf512_5 - INFO - current val_accuracy: 0.5171155261221486
2020-04-02 18:48:43,265 - exp_torch_topics_d128_bald_trident_i2000_b20_q100_sf512_5 - INFO - start step #55
2020-04-02 18:49:17,257 - exp_torch_topics_d128_bald_trident_i2000_b20_q100_sf512_5 - INFO - query idx: [48737 56652 89119 13476 35464 26458 43517 17887 15481 11669 92830 28081
 19768 58047 16894 80451 31729  2452  2430 68388]
2020-04-02 18:49:27,149 - exp_torch_topics_d128_bald_trident_i2000_b20_q100_sf512_5 - INFO - finish step #55 for 43.88452506065369 sec
2020-04-02 18:49:27,150 - exp_torch_topics_d128_bald_trident_i2000_b20_q100_sf512_5 - INFO - current val_accuracy: 0.5166151582045622
2020-04-02 18:49:27,153 - exp_torch_topics_d128_bald_trident_i2000_b20_q100_sf512_5 - INFO - start step #56
2020-04-02 18:50:13,104 - exp_torch_topics_d128_bald_trident_i2000_b20_q100_sf512_5 - INFO - query idx: [  633 69693  6611 92843 41150 83587  5820 73876 65637 64672 21898 68670
 27846 92885 60076 46009 40287 11066 65898 16774]
2020-04-02 18:50:29,384 - exp_torch_topics_d128_bald_trident_i2000_b20_q100_sf512_5 - INFO - finish step #56 for 62.23074674606323 sec
2020-04-02 18:50:29,385 - exp_torch_topics_d128_bald_trident_i2000_b20_q100_sf512_5 - INFO - current val_accuracy: 0.5148197203826342
2020-04-02 18:50:29,388 - exp_torch_topics_d128_bald_trident_i2000_b20_q100_sf512_5 - INFO - start step #57
2020-04-02 18:51:03,654 - exp_torch_topics_d128_bald_trident_i2000_b20_q100_sf512_5 - INFO - query idx: [81499 50366  4157 94900 35711 10271 11732 41527 70126 51499 11937 12952
 29021 74980 96549 32681 13608 84124 71643 33997]
2020-04-02 18:51:11,258 - exp_torch_topics_d128_bald_trident_i2000_b20_q100_sf512_5 - INFO - finish step #57 for 41.870575189590454 sec
2020-04-02 18:51:11,259 - exp_torch_topics_d128_bald_trident_i2000_b20_q100_sf512_5 - INFO - current val_accuracy: 0.5173215599705666
2020-04-02 18:51:11,260 - exp_torch_topics_d128_bald_trident_i2000_b20_q100_sf512_5 - INFO - start step #58
2020-04-02 18:51:54,590 - exp_torch_topics_d128_bald_trident_i2000_b20_q100_sf512_5 - INFO - query idx: [52892 77330 41748 24310 48871  9154 41221 56939 73800 95219  3648 97059
 79384  9399 43622 78950 22852 67210 64611 97998]
2020-04-02 18:52:15,716 - exp_torch_topics_d128_bald_trident_i2000_b20_q100_sf512_5 - INFO - finish step #58 for 64.45548391342163 sec
2020-04-02 18:52:15,719 - exp_torch_topics_d128_bald_trident_i2000_b20_q100_sf512_5 - INFO - current val_accuracy: 0.5157615894039735
2020-04-02 18:52:15,721 - exp_torch_topics_d128_bald_trident_i2000_b20_q100_sf512_5 - INFO - start step #59
2020-04-02 18:52:45,807 - exp_torch_topics_d128_bald_trident_i2000_b20_q100_sf512_5 - INFO - query idx: [76534 22633 21696 83629 27520 59977 51200 75370 31598 50388 16161 14105
 67968 61903 62166 81875 35229 28617 37857 81568]
2020-04-02 18:52:55,842 - exp_torch_topics_d128_bald_trident_i2000_b20_q100_sf512_5 - INFO - finish step #59 for 40.12066197395325 sec
2020-04-02 18:52:55,842 - exp_torch_topics_d128_bald_trident_i2000_b20_q100_sf512_5 - INFO - current val_accuracy: 0.5184694628403238
2020-04-02 18:52:55,843 - exp_torch_topics_d128_bald_trident_i2000_b20_q100_sf512_5 - INFO - start step #60
2020-04-02 18:53:12,005 - exp_torch_topics_d128_bald_trident_i2000_b20_q100_sf512_5 - INFO - query idx: [71177 67694  2024 15368 60819 49308 74375 26963 38835 20744 88400 15545
 85715 87544 80495 23504 59393 54700 12223  1362]
2020-04-02 18:53:15,141 - exp_torch_topics_d128_bald_trident_i2000_b20_q100_sf512_5 - INFO - finish step #60 for 19.29812502861023 sec
2020-04-02 18:53:15,142 - exp_torch_topics_d128_bald_trident_i2000_b20_q100_sf512_5 - INFO - current val_accuracy: 0.514878587196468
2020-04-02 18:53:15,143 - exp_torch_topics_d128_bald_trident_i2000_b20_q100_sf512_5 - INFO - start step #61
2020-04-02 18:53:31,861 - exp_torch_topics_d128_bald_trident_i2000_b20_q100_sf512_5 - INFO - query idx: [33913 34670 32073 71592 39129  2304 32584 60826 39736 79684 84082 37479
 21668 73934 43585  4127 60178 12245 45958 22059]
2020-04-02 18:53:35,219 - exp_torch_topics_d128_bald_trident_i2000_b20_q100_sf512_5 - INFO - finish step #61 for 20.076267957687378 sec
2020-04-02 18:53:35,219 - exp_torch_topics_d128_bald_trident_i2000_b20_q100_sf512_5 - INFO - current val_accuracy: 0.515467255334805
2020-04-02 18:53:35,220 - exp_torch_topics_d128_bald_trident_i2000_b20_q100_sf512_5 - INFO - start step #62
2020-04-02 18:53:51,255 - exp_torch_topics_d128_bald_trident_i2000_b20_q100_sf512_5 - INFO - query idx: [44731 72080 16093 63160 82217 82955 58137 90042 89529  9809  7548 45442
 71592 51267 58490 32045 35158 82461 34198 68493]
2020-04-02 18:53:54,588 - exp_torch_topics_d128_bald_trident_i2000_b20_q100_sf512_5 - INFO - finish step #62 for 19.36789298057556 sec
2020-04-02 18:53:54,589 - exp_torch_topics_d128_bald_trident_i2000_b20_q100_sf512_5 - INFO - current val_accuracy: 0.5143193524650478
2020-04-02 18:53:54,590 - exp_torch_topics_d128_bald_trident_i2000_b20_q100_sf512_5 - INFO - start step #63
2020-04-02 18:54:10,907 - exp_torch_topics_d128_bald_trident_i2000_b20_q100_sf512_5 - INFO - query idx: [ 4614 53149 41611 17920 10924 92801 68085 31701 40888 66921 89914 21917
 50454 40383 72822 36309 98131 10921 71728 58517]
2020-04-02 18:54:14,074 - exp_torch_topics_d128_bald_trident_i2000_b20_q100_sf512_5 - INFO - finish step #63 for 19.48373794555664 sec
2020-04-02 18:54:14,074 - exp_torch_topics_d128_bald_trident_i2000_b20_q100_sf512_5 - INFO - current val_accuracy: 0.5219131714495953
2020-04-02 18:54:14,075 - exp_torch_topics_d128_bald_trident_i2000_b20_q100_sf512_5 - INFO - start step #64
2020-04-02 18:54:29,712 - exp_torch_topics_d128_bald_trident_i2000_b20_q100_sf512_5 - INFO - query idx: [25650 83324 18693 62416 19008 50608 12549 92653 98099 60925 22794 10464
 46685 36059 16794 46749 17839 96031 43950 71228]
2020-04-02 18:54:32,859 - exp_torch_topics_d128_bald_trident_i2000_b20_q100_sf512_5 - INFO - finish step #64 for 18.783999919891357 sec
2020-04-02 18:54:32,859 - exp_torch_topics_d128_bald_trident_i2000_b20_q100_sf512_5 - INFO - current val_accuracy: 0.5164091243561443
2020-04-02 18:54:32,860 - exp_torch_topics_d128_bald_trident_i2000_b20_q100_sf512_5 - INFO - start step #65
2020-04-02 18:54:48,867 - exp_torch_topics_d128_bald_trident_i2000_b20_q100_sf512_5 - INFO - query idx: [87669 27006 80401 19744 72208 51122 58300 79909 59126 74593  3788 59567
 29915 32985 67127 49620 63421 71414 27178 71941]
2020-04-02 18:54:51,829 - exp_torch_topics_d128_bald_trident_i2000_b20_q100_sf512_5 - INFO - finish step #65 for 18.968819856643677 sec
2020-04-02 18:54:51,829 - exp_torch_topics_d128_bald_trident_i2000_b20_q100_sf512_5 - INFO - current val_accuracy: 0.5175275938189845
2020-04-02 18:54:51,830 - exp_torch_topics_d128_bald_trident_i2000_b20_q100_sf512_5 - INFO - start step #66
2020-04-02 18:55:06,776 - exp_torch_topics_d128_bald_trident_i2000_b20_q100_sf512_5 - INFO - query idx: [21311 31633 71392 90280 98074 90880  4239  6069 21693 88765 13480 46655
 24634 44771 79394 26555 56306 81941 85928 14126]
2020-04-02 18:55:09,941 - exp_torch_topics_d128_bald_trident_i2000_b20_q100_sf512_5 - INFO - finish step #66 for 18.11149787902832 sec
2020-04-02 18:55:09,942 - exp_torch_topics_d128_bald_trident_i2000_b20_q100_sf512_5 - INFO - current val_accuracy: 0.516644591611479
2020-04-02 18:55:09,943 - exp_torch_topics_d128_bald_trident_i2000_b20_q100_sf512_5 - INFO - start step #67
2020-04-02 18:55:29,501 - exp_torch_topics_d128_bald_trident_i2000_b20_q100_sf512_5 - INFO - query idx: [ 6616  4576 15140  7515 95665 90160 57934 73921 68162 59656 10454 12125
 43685 38046 31556 78488 58130 31318 49667 42001]
2020-04-02 18:55:33,880 - exp_torch_topics_d128_bald_trident_i2000_b20_q100_sf512_5 - INFO - finish step #67 for 23.936794996261597 sec
2020-04-02 18:55:33,881 - exp_torch_topics_d128_bald_trident_i2000_b20_q100_sf512_5 - INFO - current val_accuracy: 0.5176158940397351
2020-04-02 18:55:33,882 - exp_torch_topics_d128_bald_trident_i2000_b20_q100_sf512_5 - INFO - start step #68
2020-04-02 18:55:53,558 - exp_torch_topics_d128_bald_trident_i2000_b20_q100_sf512_5 - INFO - query idx: [50149 56658 51157 32361 18460 50016 70035 52835 93199  7249 23410 50722
 25634 14209 81817 55365 24182 44042 37100 96414]
2020-04-02 18:55:58,314 - exp_torch_topics_d128_bald_trident_i2000_b20_q100_sf512_5 - INFO - finish step #68 for 24.43197226524353 sec
2020-04-02 18:55:58,315 - exp_torch_topics_d128_bald_trident_i2000_b20_q100_sf512_5 - INFO - current val_accuracy: 0.5174981604120676
2020-04-02 18:55:58,316 - exp_torch_topics_d128_bald_trident_i2000_b20_q100_sf512_5 - INFO - start step #69
2020-04-02 18:56:14,297 - exp_torch_topics_d128_bald_trident_i2000_b20_q100_sf512_5 - INFO - query idx: [60537 33713 81205 31625 55581 23187 54241 97092 64627 81213 82777  4427
 69803 48066  8419 55005 57805 43110 13670 64057]
2020-04-02 18:56:17,269 - exp_torch_topics_d128_bald_trident_i2000_b20_q100_sf512_5 - INFO - finish step #69 for 18.953200817108154 sec
2020-04-02 18:56:17,269 - exp_torch_topics_d128_bald_trident_i2000_b20_q100_sf512_5 - INFO - current val_accuracy: 0.5139367181751288
2020-04-02 18:56:17,270 - exp_torch_topics_d128_bald_trident_i2000_b20_q100_sf512_5 - INFO - start step #70
2020-04-02 18:56:31,967 - exp_torch_topics_d128_bald_trident_i2000_b20_q100_sf512_5 - INFO - query idx: [90016 67926 25893 21363 28480  2771 74062 88415 70144 72961 83769 25176
 88337 25481 13756 53828 85509 45034 25894 17550]
2020-04-02 18:56:34,809 - exp_torch_topics_d128_bald_trident_i2000_b20_q100_sf512_5 - INFO - finish step #70 for 17.538761854171753 sec
2020-04-02 18:56:34,809 - exp_torch_topics_d128_bald_trident_i2000_b20_q100_sf512_5 - INFO - current val_accuracy: 0.5154378219278881
2020-04-02 18:56:34,810 - exp_torch_topics_d128_bald_trident_i2000_b20_q100_sf512_5 - INFO - start step #71
2020-04-02 18:56:49,326 - exp_torch_topics_d128_bald_trident_i2000_b20_q100_sf512_5 - INFO - query idx: [88743 94481 76844 97290 19821 57880 25111 88783 44305 51658 63363 80313
 59615 20288 27424 74146 29054 18749 27800 15473]
2020-04-02 18:56:52,290 - exp_torch_topics_d128_bald_trident_i2000_b20_q100_sf512_5 - INFO - finish step #71 for 17.47952890396118 sec
2020-04-02 18:56:52,290 - exp_torch_topics_d128_bald_trident_i2000_b20_q100_sf512_5 - INFO - current val_accuracy: 0.5210890360559235
2020-04-02 18:56:52,291 - exp_torch_topics_d128_bald_trident_i2000_b20_q100_sf512_5 - INFO - start step #72
2020-04-02 18:57:07,553 - exp_torch_topics_d128_bald_trident_i2000_b20_q100_sf512_5 - INFO - query idx: [71373 50999  6424 53530 28954 75376  8646 62640 57448 33883 21728 21814
 24257 43595 15991 21193 50558 55086 89235  5728]
2020-04-02 18:57:10,385 - exp_torch_topics_d128_bald_trident_i2000_b20_q100_sf512_5 - INFO - finish step #72 for 18.094542980194092 sec
2020-04-02 18:57:10,386 - exp_torch_topics_d128_bald_trident_i2000_b20_q100_sf512_5 - INFO - current val_accuracy: 0.5187049300956585
2020-04-02 18:57:10,386 - exp_torch_topics_d128_bald_trident_i2000_b20_q100_sf512_5 - INFO - start step #73
2020-04-02 18:57:25,410 - exp_torch_topics_d128_bald_trident_i2000_b20_q100_sf512_5 - INFO - query idx: [37312 36953 93284 50258 62261  7483 58062 92605 95283 14885 78456  4290
 72035 27749 62953 66083 93846 97954 42687 17350]
2020-04-02 18:57:28,256 - exp_torch_topics_d128_bald_trident_i2000_b20_q100_sf512_5 - INFO - finish step #73 for 17.86952495574951 sec
2020-04-02 18:57:28,256 - exp_torch_topics_d128_bald_trident_i2000_b20_q100_sf512_5 - INFO - current val_accuracy: 0.5129948491537896
2020-04-02 18:57:28,257 - exp_torch_topics_d128_bald_trident_i2000_b20_q100_sf512_5 - INFO - start step #74
2020-04-02 18:57:42,865 - exp_torch_topics_d128_bald_trident_i2000_b20_q100_sf512_5 - INFO - query idx: [43703 54513 71746 82396 36924 48625 38829 54173 45969 51252 67325 81192
 71388 33013 50412 53579  3064 98275 89987 26130]
2020-04-02 18:57:45,696 - exp_torch_topics_d128_bald_trident_i2000_b20_q100_sf512_5 - INFO - finish step #74 for 17.438663959503174 sec
2020-04-02 18:57:45,696 - exp_torch_topics_d128_bald_trident_i2000_b20_q100_sf512_5 - INFO - current val_accuracy: 0.5164091243561443
2020-04-02 18:57:45,697 - exp_torch_topics_d128_bald_trident_i2000_b20_q100_sf512_5 - INFO - start step #75
2020-04-02 18:58:00,228 - exp_torch_topics_d128_bald_trident_i2000_b20_q100_sf512_5 - INFO - query idx: [96054 62073 34203 56093 86257 78331 96947 22818 87229  5270   997 28147
 73116 15396 49596  5370 12349 87125 59555 74846]
2020-04-02 18:58:03,052 - exp_torch_topics_d128_bald_trident_i2000_b20_q100_sf512_5 - INFO - finish step #75 for 17.35447072982788 sec
2020-04-02 18:58:03,052 - exp_torch_topics_d128_bald_trident_i2000_b20_q100_sf512_5 - INFO - current val_accuracy: 0.5134657836644592
2020-04-02 18:58:03,053 - exp_torch_topics_d128_bald_trident_i2000_b20_q100_sf512_5 - INFO - start step #76
2020-04-02 18:58:18,178 - exp_torch_topics_d128_bald_trident_i2000_b20_q100_sf512_5 - INFO - query idx: [51864  4021 38487  5778 63035 30272 92746 41483 47947 26237  2542 77768
 76805 35921 94693 88274 50158 19028 88499 51707]
2020-04-02 18:58:21,001 - exp_torch_topics_d128_bald_trident_i2000_b20_q100_sf512_5 - INFO - finish step #76 for 17.948559045791626 sec
2020-04-02 18:58:21,001 - exp_torch_topics_d128_bald_trident_i2000_b20_q100_sf512_5 - INFO - current val_accuracy: 0.5208241353936718
2020-04-02 18:58:21,002 - exp_torch_topics_d128_bald_trident_i2000_b20_q100_sf512_5 - INFO - start step #77
2020-04-02 18:58:35,678 - exp_torch_topics_d128_bald_trident_i2000_b20_q100_sf512_5 - INFO - query idx: [93234 27476 24007 87674 16370 27553 90359 25421 34348 49090 24183  2634
  7092 85538 16061 54223 84275 22835 57960 88506]
2020-04-02 18:58:38,523 - exp_torch_topics_d128_bald_trident_i2000_b20_q100_sf512_5 - INFO - finish step #77 for 17.520572900772095 sec
2020-04-02 18:58:38,523 - exp_torch_topics_d128_bald_trident_i2000_b20_q100_sf512_5 - INFO - current val_accuracy: 0.5191758646063281
2020-04-02 18:58:38,524 - exp_torch_topics_d128_bald_trident_i2000_b20_q100_sf512_5 - INFO - start step #78
2020-04-02 18:58:53,114 - exp_torch_topics_d128_bald_trident_i2000_b20_q100_sf512_5 - INFO - query idx: [76533 76480  4473 44218 74266 27902 88236 73529 18402 56714 92950 63293
 22292 49373 38965 56081 10303 72520 69004 97461]
2020-04-02 18:58:55,974 - exp_torch_topics_d128_bald_trident_i2000_b20_q100_sf512_5 - INFO - finish step #78 for 17.4495906829834 sec
2020-04-02 18:58:55,974 - exp_torch_topics_d128_bald_trident_i2000_b20_q100_sf512_5 - INFO - current val_accuracy: 0.5206769683590876
2020-04-02 18:58:55,975 - exp_torch_topics_d128_bald_trident_i2000_b20_q100_sf512_5 - INFO - start step #79
2020-04-02 18:59:10,387 - exp_torch_topics_d128_bald_trident_i2000_b20_q100_sf512_5 - INFO - query idx: [59432 74144 40442 43475 49446 50825 89676  7900 54150 54767 87044 76579
 26810 56840 65976 70315 65732 96368 65656 64710]
2020-04-02 18:59:13,213 - exp_torch_topics_d128_bald_trident_i2000_b20_q100_sf512_5 - INFO - finish step #79 for 17.238100051879883 sec
2020-04-02 18:59:13,213 - exp_torch_topics_d128_bald_trident_i2000_b20_q100_sf512_5 - INFO - current val_accuracy: 0.5212362030905078
2020-04-02 18:59:13,214 - exp_torch_topics_d128_bald_trident_i2000_b20_q100_sf512_5 - INFO - start step #80
2020-04-02 18:59:27,966 - exp_torch_topics_d128_bald_trident_i2000_b20_q100_sf512_5 - INFO - query idx: [67309 95161 42073 68024 12621 85995 42678 95811 96176 32687  3966  2553
 41237 15845 25793 74613 46342 96234 55811 27606]
2020-04-02 18:59:30,797 - exp_torch_topics_d128_bald_trident_i2000_b20_q100_sf512_5 - INFO - finish step #80 for 17.582741022109985 sec
2020-04-02 18:59:30,797 - exp_torch_topics_d128_bald_trident_i2000_b20_q100_sf512_5 - INFO - current val_accuracy: 0.5180868285504047
2020-04-02 18:59:30,798 - exp_torch_topics_d128_bald_trident_i2000_b20_q100_sf512_5 - INFO - start step #81
2020-04-02 18:59:45,568 - exp_torch_topics_d128_bald_trident_i2000_b20_q100_sf512_5 - INFO - query idx: [11373 94546 56490 27009 10485 95229 87629  2745  4797 55088 32394 29474
 75553 52848 57887 44576 51097 75551 98187 66218]
2020-04-02 18:59:48,365 - exp_torch_topics_d128_bald_trident_i2000_b20_q100_sf512_5 - INFO - finish step #81 for 17.56631588935852 sec
2020-04-02 18:59:48,365 - exp_torch_topics_d128_bald_trident_i2000_b20_q100_sf512_5 - INFO - current val_accuracy: 0.5184988962472407
2020-04-02 18:59:48,366 - exp_torch_topics_d128_bald_trident_i2000_b20_q100_sf512_5 - INFO - start step #82
2020-04-02 19:00:03,017 - exp_torch_topics_d128_bald_trident_i2000_b20_q100_sf512_5 - INFO - query idx: [76257 90361 49843 88890 92314 41395 44596  1352 23343 37902  2168  3925
 58200 76801 14638 77418 58078 44559 77838 21921]
2020-04-02 19:00:05,900 - exp_torch_topics_d128_bald_trident_i2000_b20_q100_sf512_5 - INFO - finish step #82 for 17.53392004966736 sec
2020-04-02 19:00:05,900 - exp_torch_topics_d128_bald_trident_i2000_b20_q100_sf512_5 - INFO - current val_accuracy: 0.5162913907284769
2020-04-02 19:00:05,901 - exp_torch_topics_d128_bald_trident_i2000_b20_q100_sf512_5 - INFO - start step #83
2020-04-02 19:00:20,251 - exp_torch_topics_d128_bald_trident_i2000_b20_q100_sf512_5 - INFO - query idx: [  452 49120  6584 80217 95032 46163 95652 63604 50542 12212 44049 42095
 21425 35547 65813 43117 18509 39736  9801 66873]
2020-04-02 19:00:23,110 - exp_torch_topics_d128_bald_trident_i2000_b20_q100_sf512_5 - INFO - finish step #83 for 17.20822811126709 sec
2020-04-02 19:00:23,110 - exp_torch_topics_d128_bald_trident_i2000_b20_q100_sf512_5 - INFO - current val_accuracy: 0.5198528329654157
2020-04-02 19:00:23,111 - exp_torch_topics_d128_bald_trident_i2000_b20_q100_sf512_5 - INFO - start step #84
2020-04-02 19:00:37,608 - exp_torch_topics_d128_bald_trident_i2000_b20_q100_sf512_5 - INFO - query idx: [56133 11154 75482 69990 28941 65394 17058  6503 92747 76169 51019  5166
 35221 80340 63719 63385 46270 88353 73966 22365]
2020-04-02 19:00:40,476 - exp_torch_topics_d128_bald_trident_i2000_b20_q100_sf512_5 - INFO - finish step #84 for 17.364705085754395 sec
2020-04-02 19:00:40,476 - exp_torch_topics_d128_bald_trident_i2000_b20_q100_sf512_5 - INFO - current val_accuracy: 0.5134363502575423
2020-04-02 19:00:40,477 - exp_torch_topics_d128_bald_trident_i2000_b20_q100_sf512_5 - INFO - start step #85
2020-04-02 19:00:55,687 - exp_torch_topics_d128_bald_trident_i2000_b20_q100_sf512_5 - INFO - query idx: [ 7121 39706 57340 11788 22759 52459 73016  4197 39406 89588 60650 94584
 92576 81024 40589 67770 34312 88031 30288 30000]
2020-04-02 19:00:58,544 - exp_torch_topics_d128_bald_trident_i2000_b20_q100_sf512_5 - INFO - finish step #85 for 18.067731857299805 sec
2020-04-02 19:00:58,545 - exp_torch_topics_d128_bald_trident_i2000_b20_q100_sf512_5 - INFO - current val_accuracy: 0.5179985283296542
2020-04-02 19:00:58,545 - exp_torch_topics_d128_bald_trident_i2000_b20_q100_sf512_5 - INFO - start step #86
2020-04-02 19:01:13,292 - exp_torch_topics_d128_bald_trident_i2000_b20_q100_sf512_5 - INFO - query idx: [67032 58926 76787 33748 46460 90669 90454  2751 12599 81865 56362 93478
 50230 53426  3970 18230 14010 31182 23559 83071]
2020-04-02 19:01:16,187 - exp_torch_topics_d128_bald_trident_i2000_b20_q100_sf512_5 - INFO - finish step #86 for 17.64099931716919 sec
2020-04-02 19:01:16,187 - exp_torch_topics_d128_bald_trident_i2000_b20_q100_sf512_5 - INFO - current val_accuracy: 0.5167034584253127
2020-04-02 19:01:16,188 - exp_torch_topics_d128_bald_trident_i2000_b20_q100_sf512_5 - INFO - start step #87
2020-04-02 19:01:30,691 - exp_torch_topics_d128_bald_trident_i2000_b20_q100_sf512_5 - INFO - query idx: [66204 76041 38131 70688 70244 21120  8173 28058 56302 65763  5019  8637
  7314 44976 48824 72140 68144 31953 21273 85243]
2020-04-02 19:01:33,546 - exp_torch_topics_d128_bald_trident_i2000_b20_q100_sf512_5 - INFO - finish step #87 for 17.35775923728943 sec
2020-04-02 19:01:33,546 - exp_torch_topics_d128_bald_trident_i2000_b20_q100_sf512_5 - INFO - current val_accuracy: 0.5185577630610744
2020-04-02 19:01:33,547 - exp_torch_topics_d128_bald_trident_i2000_b20_q100_sf512_5 - INFO - start step #88
2020-04-02 19:01:48,285 - exp_torch_topics_d128_bald_trident_i2000_b20_q100_sf512_5 - INFO - query idx: [98009 16587 56821 68186 41289 29926 40834 68018 22760 91475 64719   771
 32527 75869 55993 20607 18080 89357 31308 40089]
2020-04-02 19:01:51,211 - exp_torch_topics_d128_bald_trident_i2000_b20_q100_sf512_5 - INFO - finish step #88 for 17.664188146591187 sec
2020-04-02 19:01:51,211 - exp_torch_topics_d128_bald_trident_i2000_b20_q100_sf512_5 - INFO - current val_accuracy: 0.5162325239146431
2020-04-02 19:01:51,212 - exp_torch_topics_d128_bald_trident_i2000_b20_q100_sf512_5 - INFO - start step #89
2020-04-02 19:02:05,639 - exp_torch_topics_d128_bald_trident_i2000_b20_q100_sf512_5 - INFO - query idx: [33068 78670 37854 72408 14138 57040 26708 59615 29650  1896 17227 21357
 67806 38928 21081 67947 88259 28694  2432 44942]
2020-04-02 19:02:08,478 - exp_torch_topics_d128_bald_trident_i2000_b20_q100_sf512_5 - INFO - finish step #89 for 17.265639066696167 sec
2020-04-02 19:02:08,478 - exp_torch_topics_d128_bald_trident_i2000_b20_q100_sf512_5 - INFO - current val_accuracy: 0.5211184694628404
2020-04-02 19:02:08,479 - exp_torch_topics_d128_bald_trident_i2000_b20_q100_sf512_5 - INFO - start step #90
2020-04-02 19:02:23,239 - exp_torch_topics_d128_bald_trident_i2000_b20_q100_sf512_5 - INFO - query idx: [97954 69322 45879 39392 69461 44008 62120 90084 56368 79837 76408 52582
 63665 54800 83604 53863 32793 47937 48786 61386]
2020-04-02 19:02:26,177 - exp_torch_topics_d128_bald_trident_i2000_b20_q100_sf512_5 - INFO - finish step #90 for 17.69830822944641 sec
2020-04-02 19:02:26,177 - exp_torch_topics_d128_bald_trident_i2000_b20_q100_sf512_5 - INFO - current val_accuracy: 0.520382634289919
2020-04-02 19:02:26,178 - exp_torch_topics_d128_bald_trident_i2000_b20_q100_sf512_5 - INFO - start step #91
2020-04-02 19:02:40,838 - exp_torch_topics_d128_bald_trident_i2000_b20_q100_sf512_5 - INFO - query idx: [70502 51289 86484 57898  4344 55155 10522 19906 85033 90062 24815 50937
 31606 14764 60326 91500 36177 89615 35383 44279]
2020-04-02 19:02:43,668 - exp_torch_topics_d128_bald_trident_i2000_b20_q100_sf512_5 - INFO - finish step #91 for 17.489963054656982 sec
2020-04-02 19:02:43,669 - exp_torch_topics_d128_bald_trident_i2000_b20_q100_sf512_5 - INFO - current val_accuracy: 0.5196762325239146
2020-04-02 19:02:43,670 - exp_torch_topics_d128_bald_trident_i2000_b20_q100_sf512_5 - INFO - start step #92
2020-04-02 19:02:58,372 - exp_torch_topics_d128_bald_trident_i2000_b20_q100_sf512_5 - INFO - query idx: [87768 64834 48861  4825 33772 71585 11379 77392 45761  2376 96691 29221
 39418 30442 33311 52715 71819 49463 36438 27471]
2020-04-02 19:03:01,292 - exp_torch_topics_d128_bald_trident_i2000_b20_q100_sf512_5 - INFO - finish step #92 for 17.622140884399414 sec
2020-04-02 19:03:01,292 - exp_torch_topics_d128_bald_trident_i2000_b20_q100_sf512_5 - INFO - current val_accuracy: 0.5194407652685799
2020-04-02 19:03:01,293 - exp_torch_topics_d128_bald_trident_i2000_b20_q100_sf512_5 - INFO - start step #93
2020-04-02 19:03:15,759 - exp_torch_topics_d128_bald_trident_i2000_b20_q100_sf512_5 - INFO - query idx: [32024 74262 38952 35485 77055 95152 86351  1775 39939 28736  7287 33903
 74991 88105 52859 95072 21099 14772  6428 49255]
2020-04-02 19:03:18,623 - exp_torch_topics_d128_bald_trident_i2000_b20_q100_sf512_5 - INFO - finish step #93 for 17.32976794242859 sec
2020-04-02 19:03:18,623 - exp_torch_topics_d128_bald_trident_i2000_b20_q100_sf512_5 - INFO - current val_accuracy: 0.5220309050772627
2020-04-02 19:03:18,624 - exp_torch_topics_d128_bald_trident_i2000_b20_q100_sf512_5 - INFO - start step #94
2020-04-02 19:03:33,566 - exp_torch_topics_d128_bald_trident_i2000_b20_q100_sf512_5 - INFO - query idx: [76806 92013 13448 93316 51039 66887 46878  2138 36122 75622  3177  3067
 61519 63532 79422 47089 43955 26213 98106 75998]
2020-04-02 19:03:36,461 - exp_torch_topics_d128_bald_trident_i2000_b20_q100_sf512_5 - INFO - finish step #94 for 17.836660861968994 sec
2020-04-02 19:03:36,462 - exp_torch_topics_d128_bald_trident_i2000_b20_q100_sf512_5 - INFO - current val_accuracy: 0.5220014716703458
2020-04-02 19:03:36,463 - exp_torch_topics_d128_bald_trident_i2000_b20_q100_sf512_5 - INFO - start step #95
2020-04-02 19:03:50,915 - exp_torch_topics_d128_bald_trident_i2000_b20_q100_sf512_5 - INFO - query idx: [ 3662 40818 76877  7546 26369 77490 34318  5308 96762 52763 39599 82320
 46131 14767 51405 81396 24433 65505 94378 54189]
2020-04-02 19:03:53,748 - exp_torch_topics_d128_bald_trident_i2000_b20_q100_sf512_5 - INFO - finish step #95 for 17.285008192062378 sec
2020-04-02 19:03:53,748 - exp_torch_topics_d128_bald_trident_i2000_b20_q100_sf512_5 - INFO - current val_accuracy: 0.5232671081677704
2020-04-02 19:03:53,749 - exp_torch_topics_d128_bald_trident_i2000_b20_q100_sf512_5 - INFO - start step #96
2020-04-02 19:04:08,450 - exp_torch_topics_d128_bald_trident_i2000_b20_q100_sf512_5 - INFO - query idx: [83939 36240 63306  8956  7198 49024 40387 89568  7395 17023 41247 66896
 53186  8685 28573 89746 15341  6460 10469 40061]
2020-04-02 19:04:11,348 - exp_torch_topics_d128_bald_trident_i2000_b20_q100_sf512_5 - INFO - finish step #96 for 17.598634958267212 sec
2020-04-02 19:04:11,348 - exp_torch_topics_d128_bald_trident_i2000_b20_q100_sf512_5 - INFO - current val_accuracy: 0.5163208241353937
2020-04-02 19:04:11,349 - exp_torch_topics_d128_bald_trident_i2000_b20_q100_sf512_5 - INFO - start step #97
2020-04-02 19:04:25,756 - exp_torch_topics_d128_bald_trident_i2000_b20_q100_sf512_5 - INFO - query idx: [86948  1073 70058 84563 89723 58483 94120 45284 70626 38095  2885 45342
 18873 94772 55711 84312 77215   448 23318 91945]
2020-04-02 19:04:28,629 - exp_torch_topics_d128_bald_trident_i2000_b20_q100_sf512_5 - INFO - finish step #97 for 17.280107736587524 sec
2020-04-02 19:04:28,629 - exp_torch_topics_d128_bald_trident_i2000_b20_q100_sf512_5 - INFO - current val_accuracy: 0.5181162619573215
2020-04-02 19:04:28,630 - exp_torch_topics_d128_bald_trident_i2000_b20_q100_sf512_5 - INFO - start step #98
2020-04-02 19:04:43,267 - exp_torch_topics_d128_bald_trident_i2000_b20_q100_sf512_5 - INFO - query idx: [57079 59941 52657 43859 90651 51640 22671 10981 54075 82755 64761 72298
 23440  4135 44703 80229 28057 29408 47320 67944]
2020-04-02 19:04:46,163 - exp_torch_topics_d128_bald_trident_i2000_b20_q100_sf512_5 - INFO - finish step #98 for 17.532555103302002 sec
2020-04-02 19:04:46,163 - exp_torch_topics_d128_bald_trident_i2000_b20_q100_sf512_5 - INFO - current val_accuracy: 0.5222663723325975
2020-04-02 19:04:46,164 - exp_torch_topics_d128_bald_trident_i2000_b20_q100_sf512_5 - INFO - start step #99
2020-04-02 19:05:00,331 - exp_torch_topics_d128_bald_trident_i2000_b20_q100_sf512_5 - INFO - query idx: [39569 94328 44701  6284 68430 17086 49435 84256 27992 66078 19714 59859
 68970 39608 18746 26332 87096 72581 78722 50273]
2020-04-02 19:05:03,288 - exp_torch_topics_d128_bald_trident_i2000_b20_q100_sf512_5 - INFO - finish step #99 for 17.124117136001587 sec
2020-04-02 19:05:03,288 - exp_torch_topics_d128_bald_trident_i2000_b20_q100_sf512_5 - INFO - current val_accuracy: 0.5176747608535688
2020-04-02 19:05:03,289 - exp_torch_topics_d128_bald_trident_i2000_b20_q100_sf512_5 - INFO - finish experiment process for 3215.0851550102234 sec
