2020-03-20 15:01:19,896 - exp_torch_topics_dummy_d128_passive_i2000_b20_1 - INFO - start experiment process
2020-03-20 15:01:30,094 - exp_torch_topics_dummy_d128_passive_i2000_b20_1 - INFO - initial val_accuracy: 0.456747608535688
2020-03-20 15:01:30,106 - exp_torch_topics_dummy_d128_passive_i2000_b20_1 - INFO - start step #0
2020-03-20 15:01:30,196 - exp_torch_topics_dummy_d128_passive_i2000_b20_1 - INFO - query idx: [   69  4339  1763 14033  6572 19424 18750  8227 16175 12082  2857 16037
  2641 12498 16236 17522  2409  7442  1542  4249]
2020-03-20 15:01:34,840 - exp_torch_topics_dummy_d128_passive_i2000_b20_1 - INFO - finish step #0 for 4.70585298538208 sec
2020-03-20 15:01:34,840 - exp_torch_topics_dummy_d128_passive_i2000_b20_1 - INFO - current val_accuracy: 0.456747608535688
2020-03-20 15:01:34,840 - exp_torch_topics_dummy_d128_passive_i2000_b20_1 - INFO - start step #1
2020-03-20 15:01:34,841 - exp_torch_topics_dummy_d128_passive_i2000_b20_1 - INFO - query idx: [14993 12663  1508 15552 10232  6104 18144  7574 16360    76 15269  6953
  3579  8604  9111  9607  4106 10720 13615 15806]
2020-03-20 15:01:37,156 - exp_torch_topics_dummy_d128_passive_i2000_b20_1 - INFO - finish step #1 for 2.315737247467041 sec
2020-03-20 15:01:37,157 - exp_torch_topics_dummy_d128_passive_i2000_b20_1 - INFO - current val_accuracy: 0.456747608535688
2020-03-20 15:01:37,157 - exp_torch_topics_dummy_d128_passive_i2000_b20_1 - INFO - start step #2
2020-03-20 15:01:37,157 - exp_torch_topics_dummy_d128_passive_i2000_b20_1 - INFO - query idx: [15271 10705  5753   139 15313  9783  3190  6938 17702 12618  4459  8326
 19714 13383 13945 15585  3329 10588  7245 13963]
2020-03-20 15:01:40,481 - exp_torch_topics_dummy_d128_passive_i2000_b20_1 - INFO - finish step #2 for 3.324228048324585 sec
2020-03-20 15:01:40,481 - exp_torch_topics_dummy_d128_passive_i2000_b20_1 - INFO - current val_accuracy: 0.456747608535688
2020-03-20 15:01:40,481 - exp_torch_topics_dummy_d128_passive_i2000_b20_1 - INFO - start step #3
2020-03-20 15:01:40,482 - exp_torch_topics_dummy_d128_passive_i2000_b20_1 - INFO - query idx: [ 5555  4759  8155  5030   676  1545  6471 19867  9350  2326 14012   816
 10086   921  3090  9931  5927  6276 19167 19188]
2020-03-20 15:01:43,125 - exp_torch_topics_dummy_d128_passive_i2000_b20_1 - INFO - finish step #3 for 2.64382004737854 sec
2020-03-20 15:01:43,126 - exp_torch_topics_dummy_d128_passive_i2000_b20_1 - INFO - current val_accuracy: 0.456747608535688
2020-03-20 15:01:43,126 - exp_torch_topics_dummy_d128_passive_i2000_b20_1 - INFO - start step #4
2020-03-20 15:01:43,126 - exp_torch_topics_dummy_d128_passive_i2000_b20_1 - INFO - query idx: [10703   356  8114  9660 15573 12188  9230 11036  4464  9913 13699  3560
  2028 14867 17013 16137   966  9143  2073  4162]
2020-03-20 15:01:45,112 - exp_torch_topics_dummy_d128_passive_i2000_b20_1 - INFO - finish step #4 for 1.9857149124145508 sec
2020-03-20 15:01:45,112 - exp_torch_topics_dummy_d128_passive_i2000_b20_1 - INFO - current val_accuracy: 0.456747608535688
2020-03-20 15:01:45,112 - exp_torch_topics_dummy_d128_passive_i2000_b20_1 - INFO - start step #5
2020-03-20 15:01:45,112 - exp_torch_topics_dummy_d128_passive_i2000_b20_1 - INFO - query idx: [ 4092  5974 10460   506 15854 11969 18502 19196   952 12301  4999  7498
  1702  2520  4205  4361  4112  5915  3141  5388]
2020-03-20 15:01:47,193 - exp_torch_topics_dummy_d128_passive_i2000_b20_1 - INFO - finish step #5 for 2.0811848640441895 sec
2020-03-20 15:01:47,193 - exp_torch_topics_dummy_d128_passive_i2000_b20_1 - INFO - current val_accuracy: 0.456747608535688
2020-03-20 15:01:47,194 - exp_torch_topics_dummy_d128_passive_i2000_b20_1 - INFO - start step #6
2020-03-20 15:01:47,194 - exp_torch_topics_dummy_d128_passive_i2000_b20_1 - INFO - query idx: [ 3422  3895 15780 16873  4418 10586  4218   133 11379   743   794  5310
   377 15767  5387 19218 17622 16117 14952 15386]
2020-03-20 15:01:49,536 - exp_torch_topics_dummy_d128_passive_i2000_b20_1 - INFO - finish step #6 for 2.3424971103668213 sec
2020-03-20 15:01:49,536 - exp_torch_topics_dummy_d128_passive_i2000_b20_1 - INFO - current val_accuracy: 0.456747608535688
2020-03-20 15:01:49,537 - exp_torch_topics_dummy_d128_passive_i2000_b20_1 - INFO - start step #7
2020-03-20 15:01:49,540 - exp_torch_topics_dummy_d128_passive_i2000_b20_1 - INFO - query idx: [ 5517  7546  9617  5007  1699  7716 10734 18393 17885 15967  6380 18293
 19641  8817  9232 17563 13656  5355  5408 19410]
2020-03-20 15:01:52,007 - exp_torch_topics_dummy_d128_passive_i2000_b20_1 - INFO - finish step #7 for 2.4700989723205566 sec
2020-03-20 15:01:52,007 - exp_torch_topics_dummy_d128_passive_i2000_b20_1 - INFO - current val_accuracy: 0.456747608535688
2020-03-20 15:01:52,007 - exp_torch_topics_dummy_d128_passive_i2000_b20_1 - INFO - start step #8
2020-03-20 15:01:52,008 - exp_torch_topics_dummy_d128_passive_i2000_b20_1 - INFO - query idx: [ 5262 18508 15897  9047 16604  8722 14231  4980 15128 12589 10242 14741
  9034  6396  2716 18059 17789 15330  4255 10430]
2020-03-20 15:01:54,024 - exp_torch_topics_dummy_d128_passive_i2000_b20_1 - INFO - finish step #8 for 2.0163772106170654 sec
2020-03-20 15:01:54,024 - exp_torch_topics_dummy_d128_passive_i2000_b20_1 - INFO - current val_accuracy: 0.456747608535688
2020-03-20 15:01:54,024 - exp_torch_topics_dummy_d128_passive_i2000_b20_1 - INFO - start step #9
2020-03-20 15:01:54,025 - exp_torch_topics_dummy_d128_passive_i2000_b20_1 - INFO - query idx: [ 8011 15527  9931 11184 17259 16002 13405 13651  6720 13676  1689 19705
 12529 14597 17323  9491  8380   975  8057 14612]
2020-03-20 15:01:56,051 - exp_torch_topics_dummy_d128_passive_i2000_b20_1 - INFO - finish step #9 for 2.026080846786499 sec
2020-03-20 15:01:56,051 - exp_torch_topics_dummy_d128_passive_i2000_b20_1 - INFO - current val_accuracy: 0.456747608535688
2020-03-20 15:01:56,051 - exp_torch_topics_dummy_d128_passive_i2000_b20_1 - INFO - start step #10
2020-03-20 15:01:56,051 - exp_torch_topics_dummy_d128_passive_i2000_b20_1 - INFO - query idx: [ 2217  1036  8178  1147  6328  1755 18636 10402  7911 13446 12245 12318
  6002 10869  8973 10565 13270  9975 15836 11708]
2020-03-20 15:01:58,177 - exp_torch_topics_dummy_d128_passive_i2000_b20_1 - INFO - finish step #10 for 2.1261210441589355 sec
2020-03-20 15:01:58,177 - exp_torch_topics_dummy_d128_passive_i2000_b20_1 - INFO - current val_accuracy: 0.456747608535688
2020-03-20 15:01:58,178 - exp_torch_topics_dummy_d128_passive_i2000_b20_1 - INFO - start step #11
2020-03-20 15:01:58,179 - exp_torch_topics_dummy_d128_passive_i2000_b20_1 - INFO - query idx: [ 1881 14395  4759 13502  9968  3696  4335 16360  7187 18079  4930 12732
  9253  1278  8295 15584 15165  1669 11791 19697]
2020-03-20 15:02:00,114 - exp_torch_topics_dummy_d128_passive_i2000_b20_1 - INFO - finish step #11 for 1.9361677169799805 sec
2020-03-20 15:02:00,114 - exp_torch_topics_dummy_d128_passive_i2000_b20_1 - INFO - current val_accuracy: 0.456747608535688
2020-03-20 15:02:00,115 - exp_torch_topics_dummy_d128_passive_i2000_b20_1 - INFO - start step #12
2020-03-20 15:02:00,115 - exp_torch_topics_dummy_d128_passive_i2000_b20_1 - INFO - query idx: [10952 14787 18239  7995 12754 13934  5649 13462  8806 12033 17234  6531
  6915 15168  5109 10054 11272 19014  8012 11852]
2020-03-20 15:02:02,051 - exp_torch_topics_dummy_d128_passive_i2000_b20_1 - INFO - finish step #12 for 1.936594009399414 sec
2020-03-20 15:02:02,051 - exp_torch_topics_dummy_d128_passive_i2000_b20_1 - INFO - current val_accuracy: 0.456747608535688
2020-03-20 15:02:02,052 - exp_torch_topics_dummy_d128_passive_i2000_b20_1 - INFO - start step #13
2020-03-20 15:02:02,053 - exp_torch_topics_dummy_d128_passive_i2000_b20_1 - INFO - query idx: [13547 15111  7944  3151 19600 12383 14013  3046  5002  4932  8999 19154
  2985  6638 11284 16665 12188  8983  5982  6970]
2020-03-20 15:02:04,187 - exp_torch_topics_dummy_d128_passive_i2000_b20_1 - INFO - finish step #13 for 2.1349539756774902 sec
2020-03-20 15:02:04,188 - exp_torch_topics_dummy_d128_passive_i2000_b20_1 - INFO - current val_accuracy: 0.456747608535688
2020-03-20 15:02:04,189 - exp_torch_topics_dummy_d128_passive_i2000_b20_1 - INFO - start step #14
2020-03-20 15:02:04,189 - exp_torch_topics_dummy_d128_passive_i2000_b20_1 - INFO - query idx: [ 1094  7463 12521  7961 17637 15067 12805 14692  4949 16240 14710  8407
  6344 18092 10553  1982 11094   708  3477 16508]
2020-03-20 15:02:06,128 - exp_torch_topics_dummy_d128_passive_i2000_b20_1 - INFO - finish step #14 for 1.9394710063934326 sec
2020-03-20 15:02:06,128 - exp_torch_topics_dummy_d128_passive_i2000_b20_1 - INFO - current val_accuracy: 0.456747608535688
2020-03-20 15:02:06,129 - exp_torch_topics_dummy_d128_passive_i2000_b20_1 - INFO - start step #15
2020-03-20 15:02:06,129 - exp_torch_topics_dummy_d128_passive_i2000_b20_1 - INFO - query idx: [ 1034 10867 13680   657 13697  1620  5399 14195  3235  9999  5931 17385
 11680  2384  9819 18274 14330 18261  7717 16802]
2020-03-20 15:02:08,154 - exp_torch_topics_dummy_d128_passive_i2000_b20_1 - INFO - finish step #15 for 2.0249781608581543 sec
2020-03-20 15:02:08,154 - exp_torch_topics_dummy_d128_passive_i2000_b20_1 - INFO - current val_accuracy: 0.456747608535688
2020-03-20 15:02:08,154 - exp_torch_topics_dummy_d128_passive_i2000_b20_1 - INFO - start step #16
2020-03-20 15:02:08,155 - exp_torch_topics_dummy_d128_passive_i2000_b20_1 - INFO - query idx: [16731 16380  8997 10197  9998 16252  9344 15442  8580  3572  9601 15969
  4165  1763 18513  9422 14816 17224 17078  1831]
2020-03-20 15:02:10,086 - exp_torch_topics_dummy_d128_passive_i2000_b20_1 - INFO - finish step #16 for 1.9316279888153076 sec
2020-03-20 15:02:10,086 - exp_torch_topics_dummy_d128_passive_i2000_b20_1 - INFO - current val_accuracy: 0.456747608535688
2020-03-20 15:02:10,086 - exp_torch_topics_dummy_d128_passive_i2000_b20_1 - INFO - start step #17
2020-03-20 15:02:10,087 - exp_torch_topics_dummy_d128_passive_i2000_b20_1 - INFO - query idx: [13243  8075 18155   631  5465  2143  8659  5848  6331  1124  7865 10345
 17400  8062  1949  3390 11894 10879 11983 12761]
2020-03-20 15:02:11,990 - exp_torch_topics_dummy_d128_passive_i2000_b20_1 - INFO - finish step #17 for 1.9035398960113525 sec
2020-03-20 15:02:11,990 - exp_torch_topics_dummy_d128_passive_i2000_b20_1 - INFO - current val_accuracy: 0.456747608535688
2020-03-20 15:02:11,991 - exp_torch_topics_dummy_d128_passive_i2000_b20_1 - INFO - start step #18
2020-03-20 15:02:11,991 - exp_torch_topics_dummy_d128_passive_i2000_b20_1 - INFO - query idx: [13329  6208  7637  8111  8177  5529  3768  3034  9011  9422 18404 11447
 17517  7059 11070 17028  2771  7568 17842 11352]
2020-03-20 15:02:14,172 - exp_torch_topics_dummy_d128_passive_i2000_b20_1 - INFO - finish step #18 for 2.18057918548584 sec
2020-03-20 15:02:14,172 - exp_torch_topics_dummy_d128_passive_i2000_b20_1 - INFO - current val_accuracy: 0.456747608535688
2020-03-20 15:02:14,172 - exp_torch_topics_dummy_d128_passive_i2000_b20_1 - INFO - start step #19
2020-03-20 15:02:14,173 - exp_torch_topics_dummy_d128_passive_i2000_b20_1 - INFO - query idx: [11162 10506 17725 12525  1776  4534 16799 13446 13030  2559 18108 15119
 16090 17143 13884 19462  4725 14529 14622 17951]
2020-03-20 15:02:16,030 - exp_torch_topics_dummy_d128_passive_i2000_b20_1 - INFO - finish step #19 for 1.85831880569458 sec
2020-03-20 15:02:16,031 - exp_torch_topics_dummy_d128_passive_i2000_b20_1 - INFO - current val_accuracy: 0.456747608535688
2020-03-20 15:02:16,031 - exp_torch_topics_dummy_d128_passive_i2000_b20_1 - INFO - start step #20
2020-03-20 15:02:16,031 - exp_torch_topics_dummy_d128_passive_i2000_b20_1 - INFO - query idx: [ 7887  4954  9715 14795 12383 17497  1616 17668   900  6896 17826  7305
  9230 11885  1587 18528 15361 18241 13566 18206]
2020-03-20 15:02:18,000 - exp_torch_topics_dummy_d128_passive_i2000_b20_1 - INFO - finish step #20 for 1.9690721035003662 sec
2020-03-20 15:02:18,000 - exp_torch_topics_dummy_d128_passive_i2000_b20_1 - INFO - current val_accuracy: 0.456747608535688
2020-03-20 15:02:18,000 - exp_torch_topics_dummy_d128_passive_i2000_b20_1 - INFO - start step #21
2020-03-20 15:02:18,001 - exp_torch_topics_dummy_d128_passive_i2000_b20_1 - INFO - query idx: [ 8561  3597 18610 14687   236 18492 12397  5538  8778 17725  9993 18571
  8435  1990  1932  7305  1173  3034  3486  2783]
2020-03-20 15:02:19,936 - exp_torch_topics_dummy_d128_passive_i2000_b20_1 - INFO - finish step #21 for 1.9354078769683838 sec
2020-03-20 15:02:19,936 - exp_torch_topics_dummy_d128_passive_i2000_b20_1 - INFO - current val_accuracy: 0.456747608535688
2020-03-20 15:02:19,936 - exp_torch_topics_dummy_d128_passive_i2000_b20_1 - INFO - start step #22
2020-03-20 15:02:19,937 - exp_torch_topics_dummy_d128_passive_i2000_b20_1 - INFO - query idx: [16395 12150 12635  2045 13304  3342 10103  9817 14170  5651  1040 10798
 10787  2469 15272 15128 18696 12923   443 11100]
2020-03-20 15:02:21,966 - exp_torch_topics_dummy_d128_passive_i2000_b20_1 - INFO - finish step #22 for 2.02951979637146 sec
2020-03-20 15:02:21,966 - exp_torch_topics_dummy_d128_passive_i2000_b20_1 - INFO - current val_accuracy: 0.456747608535688
2020-03-20 15:02:21,966 - exp_torch_topics_dummy_d128_passive_i2000_b20_1 - INFO - start step #23
2020-03-20 15:02:21,967 - exp_torch_topics_dummy_d128_passive_i2000_b20_1 - INFO - query idx: [18037  2340 10809 17071  9506 17881   810  8309  9502 11604  4599   295
   303 16648  8264 18698  2073 11718 13008  3287]
2020-03-20 15:02:24,239 - exp_torch_topics_dummy_d128_passive_i2000_b20_1 - INFO - finish step #23 for 2.2724368572235107 sec
2020-03-20 15:02:24,239 - exp_torch_topics_dummy_d128_passive_i2000_b20_1 - INFO - current val_accuracy: 0.456747608535688
2020-03-20 15:02:24,239 - exp_torch_topics_dummy_d128_passive_i2000_b20_1 - INFO - start step #24
2020-03-20 15:02:24,240 - exp_torch_topics_dummy_d128_passive_i2000_b20_1 - INFO - query idx: [ 6448 18543  1632  9663 16197 13252  3332 17968  3383 16630  9502   659
  9033 13549  5516  4653  1094 10504 10316   928]
2020-03-20 15:02:26,420 - exp_torch_topics_dummy_d128_passive_i2000_b20_1 - INFO - finish step #24 for 2.18110990524292 sec
2020-03-20 15:02:26,423 - exp_torch_topics_dummy_d128_passive_i2000_b20_1 - INFO - current val_accuracy: 0.456747608535688
2020-03-20 15:02:26,423 - exp_torch_topics_dummy_d128_passive_i2000_b20_1 - INFO - start step #25
2020-03-20 15:02:26,424 - exp_torch_topics_dummy_d128_passive_i2000_b20_1 - INFO - query idx: [18126 12344  1172 12561  2665 12186 13982  3793 14831  1773   317 17634
  6683 12295  4760 16820  7597 12970  3911 17560]
2020-03-20 15:02:28,546 - exp_torch_topics_dummy_d128_passive_i2000_b20_1 - INFO - finish step #25 for 2.1227669715881348 sec
2020-03-20 15:02:28,546 - exp_torch_topics_dummy_d128_passive_i2000_b20_1 - INFO - current val_accuracy: 0.456747608535688
2020-03-20 15:02:28,546 - exp_torch_topics_dummy_d128_passive_i2000_b20_1 - INFO - start step #26
2020-03-20 15:02:28,547 - exp_torch_topics_dummy_d128_passive_i2000_b20_1 - INFO - query idx: [16222 14384 15584  9811 10640 16305  5875 16312 17862  3798 16554 19128
 18209 12348 12648 18535  1105  4076 13689   783]
2020-03-20 15:02:30,496 - exp_torch_topics_dummy_d128_passive_i2000_b20_1 - INFO - finish step #26 for 1.9498989582061768 sec
2020-03-20 15:02:30,496 - exp_torch_topics_dummy_d128_passive_i2000_b20_1 - INFO - current val_accuracy: 0.456747608535688
2020-03-20 15:02:30,497 - exp_torch_topics_dummy_d128_passive_i2000_b20_1 - INFO - start step #27
2020-03-20 15:02:30,497 - exp_torch_topics_dummy_d128_passive_i2000_b20_1 - INFO - query idx: [10594 16511  5966   629  1599 17410   381  5410  5571 10912 11306  3898
  6878 16889  1500  8041  9928  7894 14544 19195]
2020-03-20 15:02:32,413 - exp_torch_topics_dummy_d128_passive_i2000_b20_1 - INFO - finish step #27 for 1.9165291786193848 sec
2020-03-20 15:02:32,413 - exp_torch_topics_dummy_d128_passive_i2000_b20_1 - INFO - current val_accuracy: 0.456747608535688
2020-03-20 15:02:32,414 - exp_torch_topics_dummy_d128_passive_i2000_b20_1 - INFO - start step #28
2020-03-20 15:02:32,414 - exp_torch_topics_dummy_d128_passive_i2000_b20_1 - INFO - query idx: [18671 13678 11642 14598 11646  8396  6691  6205  9003 14834 16485  3749
  4753  5671  1832  3613   874  7705 16514 13117]
2020-03-20 15:02:34,570 - exp_torch_topics_dummy_d128_passive_i2000_b20_1 - INFO - finish step #28 for 2.1560561656951904 sec
2020-03-20 15:02:34,570 - exp_torch_topics_dummy_d128_passive_i2000_b20_1 - INFO - current val_accuracy: 0.456747608535688
2020-03-20 15:02:34,570 - exp_torch_topics_dummy_d128_passive_i2000_b20_1 - INFO - start step #29
2020-03-20 15:02:34,570 - exp_torch_topics_dummy_d128_passive_i2000_b20_1 - INFO - query idx: [ 5621  3835 10744  6648 17774  3961  8909 15261  9060  5614 10649 18982
  4355  1980 17275  5364 17048  7078 10565 13774]
2020-03-20 15:02:36,514 - exp_torch_topics_dummy_d128_passive_i2000_b20_1 - INFO - finish step #29 for 1.9438807964324951 sec
2020-03-20 15:02:36,514 - exp_torch_topics_dummy_d128_passive_i2000_b20_1 - INFO - current val_accuracy: 0.456747608535688
2020-03-20 15:02:36,514 - exp_torch_topics_dummy_d128_passive_i2000_b20_1 - INFO - finish experiment process for 76.59897017478943 sec
