2020-03-25 19:12:01,136 - exp_torch_topics_d128_passive_i2000_b20_q100_sf512_4 - INFO - start experiment process
2020-03-25 19:12:07,672 - exp_torch_topics_d128_passive_i2000_b20_q100_sf512_4 - INFO - initial val_accuracy: 0.4552465047829286
2020-03-25 19:12:07,678 - exp_torch_topics_d128_passive_i2000_b20_q100_sf512_4 - INFO - start step #0
2020-03-25 19:12:07,698 - exp_torch_topics_d128_passive_i2000_b20_q100_sf512_4 - INFO - query idx: [56794  5336 84872 32682  2773 40510 20594 29204  3225 50724 28735 37496
 36694 67062 63726 30856 91285 18574 89797 75150]
2020-03-25 19:12:13,358 - exp_torch_topics_d128_passive_i2000_b20_q100_sf512_4 - INFO - finish step #0 for 5.679639101028442 sec
2020-03-25 19:12:13,358 - exp_torch_topics_d128_passive_i2000_b20_q100_sf512_4 - INFO - current val_accuracy: 0.4551582045621781
2020-03-25 19:12:13,358 - exp_torch_topics_d128_passive_i2000_b20_q100_sf512_4 - INFO - start step #1
2020-03-25 19:12:13,359 - exp_torch_topics_d128_passive_i2000_b20_q100_sf512_4 - INFO - query idx: [ 2204 39881 16069 21693 49735 69758 89023 24321 68494 39491 72613 61185
 43584 61396 48898 43170 34377 45023 20086 23695]
2020-03-25 19:12:16,052 - exp_torch_topics_d128_passive_i2000_b20_q100_sf512_4 - INFO - finish step #1 for 2.693897008895874 sec
2020-03-25 19:12:16,052 - exp_torch_topics_d128_passive_i2000_b20_q100_sf512_4 - INFO - current val_accuracy: 0.45130242825607064
2020-03-25 19:12:16,053 - exp_torch_topics_d128_passive_i2000_b20_q100_sf512_4 - INFO - start step #2
2020-03-25 19:12:16,053 - exp_torch_topics_d128_passive_i2000_b20_q100_sf512_4 - INFO - query idx: [65265 99626 94214  2581 69867 53300 87675 22293 43353 15425 24728 33899
 44979 31413 98031  4637 17433 41161 12026 33150]
2020-03-25 19:12:18,565 - exp_torch_topics_d128_passive_i2000_b20_q100_sf512_4 - INFO - finish step #2 for 2.511906147003174 sec
2020-03-25 19:12:18,565 - exp_torch_topics_d128_passive_i2000_b20_q100_sf512_4 - INFO - current val_accuracy: 0.4526563649742458
2020-03-25 19:12:18,565 - exp_torch_topics_d128_passive_i2000_b20_q100_sf512_4 - INFO - start step #3
2020-03-25 19:12:18,565 - exp_torch_topics_d128_passive_i2000_b20_q100_sf512_4 - INFO - query idx: [27474 82112 88349 83877 23050 34168 12632  2488 41059 30408 59375 31959
 94671 82698 55243 33895 39922 75904 48646 59338]
2020-03-25 19:12:21,689 - exp_torch_topics_d128_passive_i2000_b20_q100_sf512_4 - INFO - finish step #3 for 3.1235201358795166 sec
2020-03-25 19:12:21,689 - exp_torch_topics_d128_passive_i2000_b20_q100_sf512_4 - INFO - current val_accuracy: 0.45427520235467256
2020-03-25 19:12:21,689 - exp_torch_topics_d128_passive_i2000_b20_q100_sf512_4 - INFO - start step #4
2020-03-25 19:12:21,689 - exp_torch_topics_d128_passive_i2000_b20_q100_sf512_4 - INFO - query idx: [15767 84317 86202 72701  7822 79900 26494 54832 41003 29938 17458 43073
 58643 27291 80069 95502  9324 91888  5197 42754]
2020-03-25 19:12:24,240 - exp_torch_topics_d128_passive_i2000_b20_q100_sf512_4 - INFO - finish step #4 for 2.551316976547241 sec
2020-03-25 19:12:24,240 - exp_torch_topics_d128_passive_i2000_b20_q100_sf512_4 - INFO - current val_accuracy: 0.45574687270051506
2020-03-25 19:12:24,241 - exp_torch_topics_d128_passive_i2000_b20_q100_sf512_4 - INFO - start step #5
2020-03-25 19:12:24,241 - exp_torch_topics_d128_passive_i2000_b20_q100_sf512_4 - INFO - query idx: [49702 94699  3682  7218  7019 88175 19360 88845 14485 64850 73062 18159
 91426  9065 23837 63262 47451 52669 21368 66133]
2020-03-25 19:12:26,682 - exp_torch_topics_d128_passive_i2000_b20_q100_sf512_4 - INFO - finish step #5 for 2.441787004470825 sec
2020-03-25 19:12:26,683 - exp_torch_topics_d128_passive_i2000_b20_q100_sf512_4 - INFO - current val_accuracy: 0.45356880058866816
2020-03-25 19:12:26,683 - exp_torch_topics_d128_passive_i2000_b20_q100_sf512_4 - INFO - start step #6
2020-03-25 19:12:26,683 - exp_torch_topics_d128_passive_i2000_b20_q100_sf512_4 - INFO - query idx: [39109 89581 45164 91077  2718 56929 73273 42839 38731 10648 72311 38336
 24549 77735 16464 12421 53251 66291 57814 49482]
2020-03-25 19:12:29,702 - exp_torch_topics_d128_passive_i2000_b20_q100_sf512_4 - INFO - finish step #6 for 3.0193610191345215 sec
2020-03-25 19:12:29,702 - exp_torch_topics_d128_passive_i2000_b20_q100_sf512_4 - INFO - current val_accuracy: 0.45827814569536424
2020-03-25 19:12:29,703 - exp_torch_topics_d128_passive_i2000_b20_q100_sf512_4 - INFO - start step #7
2020-03-25 19:12:29,703 - exp_torch_topics_d128_passive_i2000_b20_q100_sf512_4 - INFO - query idx: [51035 12992 60981 38047 97020 87696 49749 56907 39613 85067 26466 79341
 47462 81311 88767 34387 18939  7907 32973 14429]
2020-03-25 19:12:32,240 - exp_torch_topics_d128_passive_i2000_b20_q100_sf512_4 - INFO - finish step #7 for 2.5368330478668213 sec
2020-03-25 19:12:32,240 - exp_torch_topics_d128_passive_i2000_b20_q100_sf512_4 - INFO - current val_accuracy: 0.45898454746136863
2020-03-25 19:12:32,240 - exp_torch_topics_d128_passive_i2000_b20_q100_sf512_4 - INFO - start step #8
2020-03-25 19:12:32,240 - exp_torch_topics_d128_passive_i2000_b20_q100_sf512_4 - INFO - query idx: [27926 74264   325 54404 83958 28904 50846 87814 24930  4906 38301 97599
 14103 87543 41228 54689 78964 88136 59918 48467]
2020-03-25 19:12:34,791 - exp_torch_topics_d128_passive_i2000_b20_q100_sf512_4 - INFO - finish step #8 for 2.551199197769165 sec
2020-03-25 19:12:34,791 - exp_torch_topics_d128_passive_i2000_b20_q100_sf512_4 - INFO - current val_accuracy: 0.45751287711552613
2020-03-25 19:12:34,792 - exp_torch_topics_d128_passive_i2000_b20_q100_sf512_4 - INFO - start step #9
2020-03-25 19:12:34,792 - exp_torch_topics_d128_passive_i2000_b20_q100_sf512_4 - INFO - query idx: [63240 93626 88977 93856 37111 33301 36035 66958 72456   128 93643 99090
 49221 76897 33315 46078 26269 56222 64936 62436]
2020-03-25 19:12:37,492 - exp_torch_topics_d128_passive_i2000_b20_q100_sf512_4 - INFO - finish step #9 for 2.700690984725952 sec
2020-03-25 19:12:37,493 - exp_torch_topics_d128_passive_i2000_b20_q100_sf512_4 - INFO - current val_accuracy: 0.45624724061810157
2020-03-25 19:12:37,494 - exp_torch_topics_d128_passive_i2000_b20_q100_sf512_4 - INFO - start step #10
2020-03-25 19:12:37,494 - exp_torch_topics_d128_passive_i2000_b20_q100_sf512_4 - INFO - query idx: [57287 56228  8067 10213 83802 62973 41638 65909 21863 53588 89784 67655
 44903 82876 81588 90258 89856 70926 70544 69175]
2020-03-25 19:12:40,028 - exp_torch_topics_d128_passive_i2000_b20_q100_sf512_4 - INFO - finish step #10 for 2.534547805786133 sec
2020-03-25 19:12:40,028 - exp_torch_topics_d128_passive_i2000_b20_q100_sf512_4 - INFO - current val_accuracy: 0.4582487122884474
2020-03-25 19:12:40,029 - exp_torch_topics_d128_passive_i2000_b20_q100_sf512_4 - INFO - start step #11
2020-03-25 19:12:40,029 - exp_torch_topics_d128_passive_i2000_b20_q100_sf512_4 - INFO - query idx: [ 5800 48261 50433 67416 57288 98061 41694 64975 67418 27125 71982 18577
 11229 29371 65291 40527 51594 47709 13177 95425]
2020-03-25 19:12:42,503 - exp_torch_topics_d128_passive_i2000_b20_q100_sf512_4 - INFO - finish step #11 for 2.474426031112671 sec
2020-03-25 19:12:42,505 - exp_torch_topics_d128_passive_i2000_b20_q100_sf512_4 - INFO - current val_accuracy: 0.46233995584988963
2020-03-25 19:12:42,505 - exp_torch_topics_d128_passive_i2000_b20_q100_sf512_4 - INFO - start step #12
2020-03-25 19:12:42,506 - exp_torch_topics_d128_passive_i2000_b20_q100_sf512_4 - INFO - query idx: [ 6259 58592 87152 50690 58421 61268 75641 49567   211 38908 13797 23110
 71227 24073  7505 97928 60319  2179  9011 78528]
2020-03-25 19:12:45,086 - exp_torch_topics_d128_passive_i2000_b20_q100_sf512_4 - INFO - finish step #12 for 2.5802860260009766 sec
2020-03-25 19:12:45,086 - exp_torch_topics_d128_passive_i2000_b20_q100_sf512_4 - INFO - current val_accuracy: 0.45789551140544515
2020-03-25 19:12:45,086 - exp_torch_topics_d128_passive_i2000_b20_q100_sf512_4 - INFO - start step #13
2020-03-25 19:12:45,086 - exp_torch_topics_d128_passive_i2000_b20_q100_sf512_4 - INFO - query idx: [95894  6190 32989 27785 48723  3296 93407  7755 34458 53434 70906 33576
 32384 20580 58164 74958 34974 79739 10512 41389]
2020-03-25 19:12:47,569 - exp_torch_topics_d128_passive_i2000_b20_q100_sf512_4 - INFO - finish step #13 for 2.4828548431396484 sec
2020-03-25 19:12:47,569 - exp_torch_topics_d128_passive_i2000_b20_q100_sf512_4 - INFO - current val_accuracy: 0.46125091979396615
2020-03-25 19:12:47,569 - exp_torch_topics_d128_passive_i2000_b20_q100_sf512_4 - INFO - start step #14
2020-03-25 19:12:47,570 - exp_torch_topics_d128_passive_i2000_b20_q100_sf512_4 - INFO - query idx: [99394 54211 55900 54324 91112 93894 77390 12438 68031 19260 92010 37802
 89805 37395 55313 47572 79991 69782 82376 83199]
2020-03-25 19:12:50,109 - exp_torch_topics_d128_passive_i2000_b20_q100_sf512_4 - INFO - finish step #14 for 2.539400339126587 sec
2020-03-25 19:12:50,109 - exp_torch_topics_d128_passive_i2000_b20_q100_sf512_4 - INFO - current val_accuracy: 0.46148638704930095
2020-03-25 19:12:50,109 - exp_torch_topics_d128_passive_i2000_b20_q100_sf512_4 - INFO - start step #15
2020-03-25 19:12:50,110 - exp_torch_topics_d128_passive_i2000_b20_q100_sf512_4 - INFO - query idx: [90323 41886 66158 89658 84242  3996 86044 10755 45111 19657 61807  8423
 79962 48604 53257  5764  4766 75006 24082 43265]
2020-03-25 19:12:52,618 - exp_torch_topics_d128_passive_i2000_b20_q100_sf512_4 - INFO - finish step #15 for 2.5087430477142334 sec
2020-03-25 19:12:52,618 - exp_torch_topics_d128_passive_i2000_b20_q100_sf512_4 - INFO - current val_accuracy: 0.4604562178072112
2020-03-25 19:12:52,618 - exp_torch_topics_d128_passive_i2000_b20_q100_sf512_4 - INFO - start step #16
2020-03-25 19:12:52,619 - exp_torch_topics_d128_passive_i2000_b20_q100_sf512_4 - INFO - query idx: [60616 32410 67582 52356 65318 35017  2292  5920 18839 62607  2996 24318
  4756 79888 30645  4066 79191 37835  6365  3594]
2020-03-25 19:12:55,205 - exp_torch_topics_d128_passive_i2000_b20_q100_sf512_4 - INFO - finish step #16 for 2.586052179336548 sec
2020-03-25 19:12:55,205 - exp_torch_topics_d128_passive_i2000_b20_q100_sf512_4 - INFO - current val_accuracy: 0.463252391464312
2020-03-25 19:12:55,205 - exp_torch_topics_d128_passive_i2000_b20_q100_sf512_4 - INFO - start step #17
2020-03-25 19:12:55,205 - exp_torch_topics_d128_passive_i2000_b20_q100_sf512_4 - INFO - query idx: [63816 93780 15114 58302 64015 90000 99394 59069 47585 36462 84876 33863
 58718 83618 45160 14403  9577  6333 76901 34938]
2020-03-25 19:12:57,695 - exp_torch_topics_d128_passive_i2000_b20_q100_sf512_4 - INFO - finish step #17 for 2.4896419048309326 sec
2020-03-25 19:12:57,695 - exp_torch_topics_d128_passive_i2000_b20_q100_sf512_4 - INFO - current val_accuracy: 0.4662840323767476
2020-03-25 19:12:57,695 - exp_torch_topics_d128_passive_i2000_b20_q100_sf512_4 - INFO - start step #18
2020-03-25 19:12:57,695 - exp_torch_topics_d128_passive_i2000_b20_q100_sf512_4 - INFO - query idx: [31757 63173 61072 84773 93617 96427 45034 47023 86739 43744 13705  5034
 12124 69507 60813 22141 65255 60620 80432 63248]
2020-03-25 19:13:00,331 - exp_torch_topics_d128_passive_i2000_b20_q100_sf512_4 - INFO - finish step #18 for 2.636479139328003 sec
2020-03-25 19:13:00,332 - exp_torch_topics_d128_passive_i2000_b20_q100_sf512_4 - INFO - current val_accuracy: 0.46584253127299485
2020-03-25 19:13:00,332 - exp_torch_topics_d128_passive_i2000_b20_q100_sf512_4 - INFO - start step #19
2020-03-25 19:13:00,332 - exp_torch_topics_d128_passive_i2000_b20_q100_sf512_4 - INFO - query idx: [34217 34653 85704  5272 36371 31316 69936 58796 92319 83063 68031 22856
 66854 99610 27679 80303 12183 79956  8895 77522]
2020-03-25 19:13:02,851 - exp_torch_topics_d128_passive_i2000_b20_q100_sf512_4 - INFO - finish step #19 for 2.5195398330688477 sec
2020-03-25 19:13:02,852 - exp_torch_topics_d128_passive_i2000_b20_q100_sf512_4 - INFO - current val_accuracy: 0.46822663723325975
2020-03-25 19:13:02,852 - exp_torch_topics_d128_passive_i2000_b20_q100_sf512_4 - INFO - start step #20
2020-03-25 19:13:02,852 - exp_torch_topics_d128_passive_i2000_b20_q100_sf512_4 - INFO - query idx: [51654 55001 46391 51524 10565 63861 78874 43687 20958 69124 32406 58140
 27022 16029  9733 90071 70339 75081 81047 14188]
2020-03-25 19:13:05,461 - exp_torch_topics_d128_passive_i2000_b20_q100_sf512_4 - INFO - finish step #20 for 2.6093149185180664 sec
2020-03-25 19:13:05,461 - exp_torch_topics_d128_passive_i2000_b20_q100_sf512_4 - INFO - current val_accuracy: 0.4627225901398087
2020-03-25 19:13:05,462 - exp_torch_topics_d128_passive_i2000_b20_q100_sf512_4 - INFO - start step #21
2020-03-25 19:13:05,462 - exp_torch_topics_d128_passive_i2000_b20_q100_sf512_4 - INFO - query idx: [48354 84805 60647 65561 44305 63623  8909 78781 22782 75462 36603 27209
  4151 36373 48151 13219  6513 93642 98267 93907]
2020-03-25 19:13:07,961 - exp_torch_topics_d128_passive_i2000_b20_q100_sf512_4 - INFO - finish step #21 for 2.4991631507873535 sec
2020-03-25 19:13:07,961 - exp_torch_topics_d128_passive_i2000_b20_q100_sf512_4 - INFO - current val_accuracy: 0.4646651949963208
2020-03-25 19:13:07,961 - exp_torch_topics_d128_passive_i2000_b20_q100_sf512_4 - INFO - start step #22
2020-03-25 19:13:07,962 - exp_torch_topics_d128_passive_i2000_b20_q100_sf512_4 - INFO - query idx: [23502 51605 48738    70 93514 24206  2235 29815 27419 65117 51790 44025
 72585 41383 42598 27315 82428 41592 39384 51099]
2020-03-25 19:13:10,493 - exp_torch_topics_d128_passive_i2000_b20_q100_sf512_4 - INFO - finish step #22 for 2.5314548015594482 sec
2020-03-25 19:13:10,493 - exp_torch_topics_d128_passive_i2000_b20_q100_sf512_4 - INFO - current val_accuracy: 0.46669610007358353
2020-03-25 19:13:10,493 - exp_torch_topics_d128_passive_i2000_b20_q100_sf512_4 - INFO - start step #23
2020-03-25 19:13:10,493 - exp_torch_topics_d128_passive_i2000_b20_q100_sf512_4 - INFO - query idx: [16802 17837 61305 20341 37668 40671 11299 44458 16533 56314  4550  8512
 59258 96353 25458 88700 53880 58877  3418 58047]
2020-03-25 19:13:13,031 - exp_torch_topics_d128_passive_i2000_b20_q100_sf512_4 - INFO - finish step #23 for 2.5375521183013916 sec
2020-03-25 19:13:13,031 - exp_torch_topics_d128_passive_i2000_b20_q100_sf512_4 - INFO - current val_accuracy: 0.4681383370125092
2020-03-25 19:13:13,031 - exp_torch_topics_d128_passive_i2000_b20_q100_sf512_4 - INFO - start step #24
2020-03-25 19:13:13,032 - exp_torch_topics_d128_passive_i2000_b20_q100_sf512_4 - INFO - query idx: [ 9562 26816 47011 46636 98363 59811 75287 35058 42320 21914 83071 40855
 46331 55825 39483 94095 37744 36392 33597 16032]
2020-03-25 19:13:15,732 - exp_torch_topics_d128_passive_i2000_b20_q100_sf512_4 - INFO - finish step #24 for 2.7008259296417236 sec
2020-03-25 19:13:15,732 - exp_torch_topics_d128_passive_i2000_b20_q100_sf512_4 - INFO - current val_accuracy: 0.4651066961000736
2020-03-25 19:13:15,732 - exp_torch_topics_d128_passive_i2000_b20_q100_sf512_4 - INFO - start step #25
2020-03-25 19:13:15,733 - exp_torch_topics_d128_passive_i2000_b20_q100_sf512_4 - INFO - query idx: [46286 38155 27027 23845 20413 67816 94281 11378 69700 17563  1336 24400
 43238 48916 88825 74342 15397 98737 37314 31369]
2020-03-25 19:13:18,235 - exp_torch_topics_d128_passive_i2000_b20_q100_sf512_4 - INFO - finish step #25 for 2.5022048950195312 sec
2020-03-25 19:13:18,235 - exp_torch_topics_d128_passive_i2000_b20_q100_sf512_4 - INFO - current val_accuracy: 0.4681972038263429
2020-03-25 19:13:18,235 - exp_torch_topics_d128_passive_i2000_b20_q100_sf512_4 - INFO - start step #26
2020-03-25 19:13:18,236 - exp_torch_topics_d128_passive_i2000_b20_q100_sf512_4 - INFO - query idx: [35302 68085 30492 45168 87651 80385 19601 82775 12957 11867 10431 49226
 32714 25829 86842 60391 63830 45006 14852 29168]
2020-03-25 19:13:20,800 - exp_torch_topics_d128_passive_i2000_b20_q100_sf512_4 - INFO - finish step #26 for 2.564880847930908 sec
2020-03-25 19:13:20,800 - exp_torch_topics_d128_passive_i2000_b20_q100_sf512_4 - INFO - current val_accuracy: 0.47143487858719646
2020-03-25 19:13:20,801 - exp_torch_topics_d128_passive_i2000_b20_q100_sf512_4 - INFO - start step #27
2020-03-25 19:13:20,801 - exp_torch_topics_d128_passive_i2000_b20_q100_sf512_4 - INFO - query idx: [97536 88849 39511 57676 30845 89895 38681 23948 35272 91002 47028 59394
 52974 44881 42597 18823 32262 94098  6844 17889]
2020-03-25 19:13:23,302 - exp_torch_topics_d128_passive_i2000_b20_q100_sf512_4 - INFO - finish step #27 for 2.501387119293213 sec
2020-03-25 19:13:23,302 - exp_torch_topics_d128_passive_i2000_b20_q100_sf512_4 - INFO - current val_accuracy: 0.46454746136865344
2020-03-25 19:13:23,302 - exp_torch_topics_d128_passive_i2000_b20_q100_sf512_4 - INFO - start step #28
2020-03-25 19:13:23,303 - exp_torch_topics_d128_passive_i2000_b20_q100_sf512_4 - INFO - query idx: [48762 29784 77869  1211 13239 75917 25862 53198 72444 81493 29178  3011
 51275 28482 55063 83700 17076 51557 16333 35305]
2020-03-25 19:13:25,949 - exp_torch_topics_d128_passive_i2000_b20_q100_sf512_4 - INFO - finish step #28 for 2.6462063789367676 sec
2020-03-25 19:13:25,949 - exp_torch_topics_d128_passive_i2000_b20_q100_sf512_4 - INFO - current val_accuracy: 0.46857983811626197
2020-03-25 19:13:25,949 - exp_torch_topics_d128_passive_i2000_b20_q100_sf512_4 - INFO - start step #29
2020-03-25 19:13:25,949 - exp_torch_topics_d128_passive_i2000_b20_q100_sf512_4 - INFO - query idx: [30258 92845 27574 46658 97515 49748 54145 96514 13742  9441 85496  8937
 89528 39273 23453 55536   265 86788 62568 64954]
2020-03-25 19:13:28,485 - exp_torch_topics_d128_passive_i2000_b20_q100_sf512_4 - INFO - finish step #29 for 2.535675048828125 sec
2020-03-25 19:13:28,485 - exp_torch_topics_d128_passive_i2000_b20_q100_sf512_4 - INFO - current val_accuracy: 0.4681089036055924
2020-03-25 19:13:28,485 - exp_torch_topics_d128_passive_i2000_b20_q100_sf512_4 - INFO - start step #30
2020-03-25 19:13:28,486 - exp_torch_topics_d128_passive_i2000_b20_q100_sf512_4 - INFO - query idx: [ 5064  5941  3242 12194 36407 22221 48428 76663 26219 14638 11285 66407
  6081 76315 37464 71443 51662 91311 37966 80695]
2020-03-25 19:13:31,079 - exp_torch_topics_d128_passive_i2000_b20_q100_sf512_4 - INFO - finish step #30 for 2.594208002090454 sec
2020-03-25 19:13:31,080 - exp_torch_topics_d128_passive_i2000_b20_q100_sf512_4 - INFO - current val_accuracy: 0.46890360559234734
2020-03-25 19:13:31,080 - exp_torch_topics_d128_passive_i2000_b20_q100_sf512_4 - INFO - start step #31
2020-03-25 19:13:31,080 - exp_torch_topics_d128_passive_i2000_b20_q100_sf512_4 - INFO - query idx: [96454  3186 83942 96244 22638 65292 31714 80377 79294 21496 41939 28503
 96926 70576 43375 79239 25928 48617 97225 46127]
2020-03-25 19:13:33,592 - exp_torch_topics_d128_passive_i2000_b20_q100_sf512_4 - INFO - finish step #31 for 2.5118019580841064 sec
2020-03-25 19:13:33,592 - exp_torch_topics_d128_passive_i2000_b20_q100_sf512_4 - INFO - current val_accuracy: 0.4702281089036056
2020-03-25 19:13:33,592 - exp_torch_topics_d128_passive_i2000_b20_q100_sf512_4 - INFO - start step #32
2020-03-25 19:13:33,592 - exp_torch_topics_d128_passive_i2000_b20_q100_sf512_4 - INFO - query idx: [93399 31868 34276 70504 29892 43788 43349 22202 10834 23920 77009 50526
 54469 46622 64950 90742  5403 37759 38728 24400]
2020-03-25 19:13:36,202 - exp_torch_topics_d128_passive_i2000_b20_q100_sf512_4 - INFO - finish step #32 for 2.610355854034424 sec
2020-03-25 19:13:36,203 - exp_torch_topics_d128_passive_i2000_b20_q100_sf512_4 - INFO - current val_accuracy: 0.4681383370125092
2020-03-25 19:13:36,203 - exp_torch_topics_d128_passive_i2000_b20_q100_sf512_4 - INFO - start step #33
2020-03-25 19:13:36,203 - exp_torch_topics_d128_passive_i2000_b20_q100_sf512_4 - INFO - query idx: [16796 29850 21007 36376 73182 63397  6470 22400 98117 86625 66758 57861
 10681 60133 26609 36901 64972 25806 79681 79244]
2020-03-25 19:13:38,984 - exp_torch_topics_d128_passive_i2000_b20_q100_sf512_4 - INFO - finish step #33 for 2.7808032035827637 sec
2020-03-25 19:13:38,985 - exp_torch_topics_d128_passive_i2000_b20_q100_sf512_4 - INFO - current val_accuracy: 0.47167034584253126
2020-03-25 19:13:38,985 - exp_torch_topics_d128_passive_i2000_b20_q100_sf512_4 - INFO - start step #34
2020-03-25 19:13:38,985 - exp_torch_topics_d128_passive_i2000_b20_q100_sf512_4 - INFO - query idx: [53840 30751  9408 38612 80386 50492 61194 16613 24865 47253 52834 39261
 98248 52292 63901 12018 48866 52982 62427 42547]
2020-03-25 19:13:41,596 - exp_torch_topics_d128_passive_i2000_b20_q100_sf512_4 - INFO - finish step #34 for 2.611130952835083 sec
2020-03-25 19:13:41,596 - exp_torch_topics_d128_passive_i2000_b20_q100_sf512_4 - INFO - current val_accuracy: 0.4687858719646799
2020-03-25 19:13:41,596 - exp_torch_topics_d128_passive_i2000_b20_q100_sf512_4 - INFO - start step #35
2020-03-25 19:13:41,597 - exp_torch_topics_d128_passive_i2000_b20_q100_sf512_4 - INFO - query idx: [ 7922 55825 60486 94785 22413 43043 46065 32008 26378 50878 15682  6112
 11791 21939 14602  3603 34550 25031 78643 42295]
2020-03-25 19:13:44,112 - exp_torch_topics_d128_passive_i2000_b20_q100_sf512_4 - INFO - finish step #35 for 2.5156641006469727 sec
2020-03-25 19:13:44,112 - exp_torch_topics_d128_passive_i2000_b20_q100_sf512_4 - INFO - current val_accuracy: 0.47281824871228845
2020-03-25 19:13:44,113 - exp_torch_topics_d128_passive_i2000_b20_q100_sf512_4 - INFO - start step #36
2020-03-25 19:13:44,113 - exp_torch_topics_d128_passive_i2000_b20_q100_sf512_4 - INFO - query idx: [83537 85269 59219 32738  4296 61944 63995 95816 61450 33865 82966 25813
 16748 95993  2367  2652 14592 93549    28  3685]
2020-03-25 19:13:46,720 - exp_torch_topics_d128_passive_i2000_b20_q100_sf512_4 - INFO - finish step #36 for 2.6073930263519287 sec
2020-03-25 19:13:46,720 - exp_torch_topics_d128_passive_i2000_b20_q100_sf512_4 - INFO - current val_accuracy: 0.47228844738778514
2020-03-25 19:13:46,720 - exp_torch_topics_d128_passive_i2000_b20_q100_sf512_4 - INFO - start step #37
2020-03-25 19:13:46,721 - exp_torch_topics_d128_passive_i2000_b20_q100_sf512_4 - INFO - query idx: [22605 95481 26910 93220 97366  2766 56015 56262 13853 21818 63177 16137
 28575 27040 93418 37200 41548 94984 75653 40664]
2020-03-25 19:13:49,336 - exp_torch_topics_d128_passive_i2000_b20_q100_sf512_4 - INFO - finish step #37 for 2.615997791290283 sec
2020-03-25 19:13:49,337 - exp_torch_topics_d128_passive_i2000_b20_q100_sf512_4 - INFO - current val_accuracy: 0.47311258278145696
2020-03-25 19:13:49,337 - exp_torch_topics_d128_passive_i2000_b20_q100_sf512_4 - INFO - start step #38
2020-03-25 19:13:49,337 - exp_torch_topics_d128_passive_i2000_b20_q100_sf512_4 - INFO - query idx: [30798 73972 12758 90694 75243 87818 44358 28469 30152 28131 64630 68473
 72313 16321 94984 66617 98099 26110 61558 23839]
2020-03-25 19:13:51,928 - exp_torch_topics_d128_passive_i2000_b20_q100_sf512_4 - INFO - finish step #38 for 2.591006278991699 sec
2020-03-25 19:13:51,928 - exp_torch_topics_d128_passive_i2000_b20_q100_sf512_4 - INFO - current val_accuracy: 0.47243561442236937
2020-03-25 19:13:51,928 - exp_torch_topics_d128_passive_i2000_b20_q100_sf512_4 - INFO - start step #39
2020-03-25 19:13:51,928 - exp_torch_topics_d128_passive_i2000_b20_q100_sf512_4 - INFO - query idx: [61872 97627  7214  1341 56481 69264 83783   328 70162 44588  8407 62629
 80561 63939 31779 10408 42038 94899 65430 43734]
2020-03-25 19:13:54,483 - exp_torch_topics_d128_passive_i2000_b20_q100_sf512_4 - INFO - finish step #39 for 2.5552163124084473 sec
2020-03-25 19:13:54,484 - exp_torch_topics_d128_passive_i2000_b20_q100_sf512_4 - INFO - current val_accuracy: 0.4731420161883738
2020-03-25 19:13:54,484 - exp_torch_topics_d128_passive_i2000_b20_q100_sf512_4 - INFO - start step #40
2020-03-25 19:13:54,484 - exp_torch_topics_d128_passive_i2000_b20_q100_sf512_4 - INFO - query idx: [25971 90517 41338 10070 17873 66963 50908 12236 34128 95187 69662 62779
 13621 12054 35047 82043 84908 96304 38034 49703]
2020-03-25 19:13:57,102 - exp_torch_topics_d128_passive_i2000_b20_q100_sf512_4 - INFO - finish step #40 for 2.618016004562378 sec
2020-03-25 19:13:57,102 - exp_torch_topics_d128_passive_i2000_b20_q100_sf512_4 - INFO - current val_accuracy: 0.4724650478292862
2020-03-25 19:13:57,102 - exp_torch_topics_d128_passive_i2000_b20_q100_sf512_4 - INFO - start step #41
2020-03-25 19:13:57,102 - exp_torch_topics_d128_passive_i2000_b20_q100_sf512_4 - INFO - query idx: [30116 87112 63970 59701 26423 92269 92601 72595 14326 76822 55251 58581
 53600 60221 50978 88751 60823 10877 34682 59277]
2020-03-25 19:13:59,734 - exp_torch_topics_d128_passive_i2000_b20_q100_sf512_4 - INFO - finish step #41 for 2.632215976715088 sec
2020-03-25 19:13:59,735 - exp_torch_topics_d128_passive_i2000_b20_q100_sf512_4 - INFO - current val_accuracy: 0.47128771155261223
2020-03-25 19:13:59,735 - exp_torch_topics_d128_passive_i2000_b20_q100_sf512_4 - INFO - start step #42
2020-03-25 19:13:59,735 - exp_torch_topics_d128_passive_i2000_b20_q100_sf512_4 - INFO - query idx: [31851 41037 79685 38260 57075 90821 23776 45911 19592 67543 53129  2657
 60724 57680 69339 91257 69216 59523  6950 39606]
2020-03-25 19:14:02,341 - exp_torch_topics_d128_passive_i2000_b20_q100_sf512_4 - INFO - finish step #42 for 2.605884075164795 sec
2020-03-25 19:14:02,341 - exp_torch_topics_d128_passive_i2000_b20_q100_sf512_4 - INFO - current val_accuracy: 0.4775570272259014
2020-03-25 19:14:02,341 - exp_torch_topics_d128_passive_i2000_b20_q100_sf512_4 - INFO - start step #43
2020-03-25 19:14:02,341 - exp_torch_topics_d128_passive_i2000_b20_q100_sf512_4 - INFO - query idx: [ 9675 64351 19093 24070 94483 29996 13464 57453 32777 60038 39537 27385
  8883 35911 70399 29950 95021   868 89927 29377]
2020-03-25 19:14:04,941 - exp_torch_topics_d128_passive_i2000_b20_q100_sf512_4 - INFO - finish step #43 for 2.6001620292663574 sec
2020-03-25 19:14:04,941 - exp_torch_topics_d128_passive_i2000_b20_q100_sf512_4 - INFO - current val_accuracy: 0.4769977924944812
2020-03-25 19:14:04,942 - exp_torch_topics_d128_passive_i2000_b20_q100_sf512_4 - INFO - start step #44
2020-03-25 19:14:04,942 - exp_torch_topics_d128_passive_i2000_b20_q100_sf512_4 - INFO - query idx: [22300 78505 72850  8274 64240 32992 42562   220 31241 95011 42158 74855
 22967 11798 74133 60133 25818 53969 86666 69448]
2020-03-25 19:14:07,511 - exp_torch_topics_d128_passive_i2000_b20_q100_sf512_4 - INFO - finish step #44 for 2.5693199634552 sec
2020-03-25 19:14:07,511 - exp_torch_topics_d128_passive_i2000_b20_q100_sf512_4 - INFO - current val_accuracy: 0.4759087564385578
2020-03-25 19:14:07,511 - exp_torch_topics_d128_passive_i2000_b20_q100_sf512_4 - INFO - start step #45
2020-03-25 19:14:07,512 - exp_torch_topics_d128_passive_i2000_b20_q100_sf512_4 - INFO - query idx: [95906 61155 55421 31027 44565 49270  1551 31090 64698 96250 13777 27955
 92992 60000  3604 85172 75216 24075 93951 41919]
2020-03-25 19:14:10,080 - exp_torch_topics_d128_passive_i2000_b20_q100_sf512_4 - INFO - finish step #45 for 2.5681190490722656 sec
2020-03-25 19:14:10,080 - exp_torch_topics_d128_passive_i2000_b20_q100_sf512_4 - INFO - current val_accuracy: 0.48
2020-03-25 19:14:10,080 - exp_torch_topics_d128_passive_i2000_b20_q100_sf512_4 - INFO - start step #46
2020-03-25 19:14:10,080 - exp_torch_topics_d128_passive_i2000_b20_q100_sf512_4 - INFO - query idx: [78667 94020 74726  3631 85905 20028 63549 39529 21149 33422 30911 11315
 24500 76123 42326 60734 57426 77023  7419 59750]
2020-03-25 19:14:12,689 - exp_torch_topics_d128_passive_i2000_b20_q100_sf512_4 - INFO - finish step #46 for 2.6089930534362793 sec
2020-03-25 19:14:12,689 - exp_torch_topics_d128_passive_i2000_b20_q100_sf512_4 - INFO - current val_accuracy: 0.47496688741721854
2020-03-25 19:14:12,689 - exp_torch_topics_d128_passive_i2000_b20_q100_sf512_4 - INFO - start step #47
2020-03-25 19:14:12,690 - exp_torch_topics_d128_passive_i2000_b20_q100_sf512_4 - INFO - query idx: [55172 28738 67388 60469 41272 53449 31299 41868 21946 85223 46616 41167
 64054 61963 66925 92066 98225 86141 65538 72095]
2020-03-25 19:14:15,292 - exp_torch_topics_d128_passive_i2000_b20_q100_sf512_4 - INFO - finish step #47 for 2.602644920349121 sec
2020-03-25 19:14:15,292 - exp_torch_topics_d128_passive_i2000_b20_q100_sf512_4 - INFO - current val_accuracy: 0.47823399558498897
2020-03-25 19:14:15,292 - exp_torch_topics_d128_passive_i2000_b20_q100_sf512_4 - INFO - start step #48
2020-03-25 19:14:15,293 - exp_torch_topics_d128_passive_i2000_b20_q100_sf512_4 - INFO - query idx: [88971  5567  2705 44171 48473   428 51090 42236 51211 57887 80056 24566
 80050 65398 92731 80152 54006 77043 42477 80324]
2020-03-25 19:14:17,862 - exp_torch_topics_d128_passive_i2000_b20_q100_sf512_4 - INFO - finish step #48 for 2.5693881511688232 sec
2020-03-25 19:14:17,862 - exp_torch_topics_d128_passive_i2000_b20_q100_sf512_4 - INFO - current val_accuracy: 0.4801177336276674
2020-03-25 19:14:17,862 - exp_torch_topics_d128_passive_i2000_b20_q100_sf512_4 - INFO - start step #49
2020-03-25 19:14:17,863 - exp_torch_topics_d128_passive_i2000_b20_q100_sf512_4 - INFO - query idx: [  622 29789 67575 13682 56133 40284 72951  2109 35564   433 58514 54881
 63828 11307 70490 60884 52424 55812 43100 34752]
2020-03-25 19:14:20,460 - exp_torch_topics_d128_passive_i2000_b20_q100_sf512_4 - INFO - finish step #49 for 2.5979549884796143 sec
2020-03-25 19:14:20,460 - exp_torch_topics_d128_passive_i2000_b20_q100_sf512_4 - INFO - current val_accuracy: 0.48050036791758644
2020-03-25 19:14:20,461 - exp_torch_topics_d128_passive_i2000_b20_q100_sf512_4 - INFO - start step #50
2020-03-25 19:14:20,461 - exp_torch_topics_d128_passive_i2000_b20_q100_sf512_4 - INFO - query idx: [47219 10276 87617 31068 65516 73388 96662 66697 97184 66997 59462 89029
 72459 80617 13463 89443 22200 49684 32953  1525]
2020-03-25 19:14:23,053 - exp_torch_topics_d128_passive_i2000_b20_q100_sf512_4 - INFO - finish step #50 for 2.592805862426758 sec
2020-03-25 19:14:23,054 - exp_torch_topics_d128_passive_i2000_b20_q100_sf512_4 - INFO - current val_accuracy: 0.4775570272259014
2020-03-25 19:14:23,054 - exp_torch_topics_d128_passive_i2000_b20_q100_sf512_4 - INFO - start step #51
2020-03-25 19:14:23,054 - exp_torch_topics_d128_passive_i2000_b20_q100_sf512_4 - INFO - query idx: [ 4984 52221 90476 76440  9591 52890 18708  2440 35774 64338 35670 38014
 67588 57299 82995 98111  3003 37655  6305 94169]
2020-03-25 19:14:25,655 - exp_torch_topics_d128_passive_i2000_b20_q100_sf512_4 - INFO - finish step #51 for 2.601530075073242 sec
2020-03-25 19:14:25,656 - exp_torch_topics_d128_passive_i2000_b20_q100_sf512_4 - INFO - current val_accuracy: 0.4841795437821928
2020-03-25 19:14:25,656 - exp_torch_topics_d128_passive_i2000_b20_q100_sf512_4 - INFO - start step #52
2020-03-25 19:14:25,656 - exp_torch_topics_d128_passive_i2000_b20_q100_sf512_4 - INFO - query idx: [32437 40778 93806 97050 25294 54684 81304 61125  6874 51615 84029 80654
 48450 19121 26240 49907 13804 60472 47037 29643]
2020-03-25 19:14:28,322 - exp_torch_topics_d128_passive_i2000_b20_q100_sf512_4 - INFO - finish step #52 for 2.6657369136810303 sec
2020-03-25 19:14:28,322 - exp_torch_topics_d128_passive_i2000_b20_q100_sf512_4 - INFO - current val_accuracy: 0.48206033848417956
2020-03-25 19:14:28,322 - exp_torch_topics_d128_passive_i2000_b20_q100_sf512_4 - INFO - start step #53
2020-03-25 19:14:28,322 - exp_torch_topics_d128_passive_i2000_b20_q100_sf512_4 - INFO - query idx: [40523  2095 89025 86529 51668 22498 20727 75586 86678 50923 54898 46790
 28321 85896 25306 30894 76451 30655 85932 76576]
2020-03-25 19:14:31,012 - exp_torch_topics_d128_passive_i2000_b20_q100_sf512_4 - INFO - finish step #53 for 2.6895012855529785 sec
2020-03-25 19:14:31,012 - exp_torch_topics_d128_passive_i2000_b20_q100_sf512_4 - INFO - current val_accuracy: 0.4807358351729213
2020-03-25 19:14:31,012 - exp_torch_topics_d128_passive_i2000_b20_q100_sf512_4 - INFO - start step #54
2020-03-25 19:14:31,012 - exp_torch_topics_d128_passive_i2000_b20_q100_sf512_4 - INFO - query idx: [89501 70460 12220 55714 84631 79662 18010  9383 49879 29358 26060  6590
 70136 26381 97182 89870 92997 36990 67897 51018]
2020-03-25 19:14:33,529 - exp_torch_topics_d128_passive_i2000_b20_q100_sf512_4 - INFO - finish step #54 for 2.5173089504241943 sec
2020-03-25 19:14:33,529 - exp_torch_topics_d128_passive_i2000_b20_q100_sf512_4 - INFO - current val_accuracy: 0.47926416482707873
2020-03-25 19:14:33,530 - exp_torch_topics_d128_passive_i2000_b20_q100_sf512_4 - INFO - start step #55
2020-03-25 19:14:33,530 - exp_torch_topics_d128_passive_i2000_b20_q100_sf512_4 - INFO - query idx: [76289 41420 17852  7447 95294 48521   371 53064 71316 14264 69293  2121
 45447 16780 54829  3840  1409 38155  6466 66764]
2020-03-25 19:14:36,155 - exp_torch_topics_d128_passive_i2000_b20_q100_sf512_4 - INFO - finish step #55 for 2.625044107437134 sec
2020-03-25 19:14:36,155 - exp_torch_topics_d128_passive_i2000_b20_q100_sf512_4 - INFO - current val_accuracy: 0.48100073583517294
2020-03-25 19:14:36,155 - exp_torch_topics_d128_passive_i2000_b20_q100_sf512_4 - INFO - start step #56
2020-03-25 19:14:36,155 - exp_torch_topics_d128_passive_i2000_b20_q100_sf512_4 - INFO - query idx: [50486 72033 98686 59498 36169 45138 94549 53894 62343 31968 47016 92393
 18425 41293 32399 73805 84951 26547 94438 96811]
2020-03-25 19:14:38,714 - exp_torch_topics_d128_passive_i2000_b20_q100_sf512_4 - INFO - finish step #56 for 2.559329032897949 sec
2020-03-25 19:14:38,715 - exp_torch_topics_d128_passive_i2000_b20_q100_sf512_4 - INFO - current val_accuracy: 0.48108903605592346
2020-03-25 19:14:38,715 - exp_torch_topics_d128_passive_i2000_b20_q100_sf512_4 - INFO - start step #57
2020-03-25 19:14:38,715 - exp_torch_topics_d128_passive_i2000_b20_q100_sf512_4 - INFO - query idx: [ 3456  2570 61513 83129 70023 86900 70054 64103 34245  8464 22377 38604
 35238 38989 96896 13644 12354 48025 97164 51247]
2020-03-25 19:14:41,434 - exp_torch_topics_d128_passive_i2000_b20_q100_sf512_4 - INFO - finish step #57 for 2.7190499305725098 sec
2020-03-25 19:14:41,434 - exp_torch_topics_d128_passive_i2000_b20_q100_sf512_4 - INFO - current val_accuracy: 0.4781456953642384
2020-03-25 19:14:41,434 - exp_torch_topics_d128_passive_i2000_b20_q100_sf512_4 - INFO - start step #58
2020-03-25 19:14:41,435 - exp_torch_topics_d128_passive_i2000_b20_q100_sf512_4 - INFO - query idx: [85970 85004 43912 78530 22637 40921 23595 32169 75060 91888 17991 33572
 15824 14918 98804 63894 10946 30241 41342 81331]
2020-03-25 19:14:44,158 - exp_torch_topics_d128_passive_i2000_b20_q100_sf512_4 - INFO - finish step #58 for 2.7236688137054443 sec
2020-03-25 19:14:44,158 - exp_torch_topics_d128_passive_i2000_b20_q100_sf512_4 - INFO - current val_accuracy: 0.48532744665195
2020-03-25 19:14:44,158 - exp_torch_topics_d128_passive_i2000_b20_q100_sf512_4 - INFO - start step #59
2020-03-25 19:14:44,159 - exp_torch_topics_d128_passive_i2000_b20_q100_sf512_4 - INFO - query idx: [63624 38756 41920 39777 50284 81928  2269 60117 19890 60248 12547 31891
 56850 31116 85092 63758 36493 53196 97231 94231]
2020-03-25 19:14:46,819 - exp_torch_topics_d128_passive_i2000_b20_q100_sf512_4 - INFO - finish step #59 for 2.6603846549987793 sec
2020-03-25 19:14:46,819 - exp_torch_topics_d128_passive_i2000_b20_q100_sf512_4 - INFO - current val_accuracy: 0.48306107431935247
2020-03-25 19:14:46,819 - exp_torch_topics_d128_passive_i2000_b20_q100_sf512_4 - INFO - start step #60
2020-03-25 19:14:46,820 - exp_torch_topics_d128_passive_i2000_b20_q100_sf512_4 - INFO - query idx: [47193 13198 56703 60108  6089  5588 25188 44057 94810 61665 75602  7228
 54684 26491 16263 93770 25633 50050 15288 75173]
2020-03-25 19:14:49,403 - exp_torch_topics_d128_passive_i2000_b20_q100_sf512_4 - INFO - finish step #60 for 2.5833630561828613 sec
2020-03-25 19:14:49,403 - exp_torch_topics_d128_passive_i2000_b20_q100_sf512_4 - INFO - current val_accuracy: 0.4841795437821928
2020-03-25 19:14:49,403 - exp_torch_topics_d128_passive_i2000_b20_q100_sf512_4 - INFO - start step #61
2020-03-25 19:14:49,403 - exp_torch_topics_d128_passive_i2000_b20_q100_sf512_4 - INFO - query idx: [93899 31540 29473 51706  5932 26801 27692 79061 38043 82112 58101 14437
 95367 17507 56177 55167 31973  3966 91352 16461]
2020-03-25 19:14:52,137 - exp_torch_topics_d128_passive_i2000_b20_q100_sf512_4 - INFO - finish step #61 for 2.7337758541107178 sec
2020-03-25 19:14:52,137 - exp_torch_topics_d128_passive_i2000_b20_q100_sf512_4 - INFO - current val_accuracy: 0.4823841059602649
2020-03-25 19:14:52,137 - exp_torch_topics_d128_passive_i2000_b20_q100_sf512_4 - INFO - start step #62
2020-03-25 19:14:52,138 - exp_torch_topics_d128_passive_i2000_b20_q100_sf512_4 - INFO - query idx: [46453 17744 36633 68197 51171  7056 53240 56513 64728 64591 14538 26322
   847 26475 39749 97526 56326 78061 78713  4255]
2020-03-25 19:14:54,775 - exp_torch_topics_d128_passive_i2000_b20_q100_sf512_4 - INFO - finish step #62 for 2.63801908493042 sec
2020-03-25 19:14:54,775 - exp_torch_topics_d128_passive_i2000_b20_q100_sf512_4 - INFO - current val_accuracy: 0.48444444444444446
2020-03-25 19:14:54,776 - exp_torch_topics_d128_passive_i2000_b20_q100_sf512_4 - INFO - start step #63
2020-03-25 19:14:54,776 - exp_torch_topics_d128_passive_i2000_b20_q100_sf512_4 - INFO - query idx: [24157 21596 33683 75348 47239 16016 89817 33185 58263 53348   805 63030
 96875 96174 13865 70591 38949 35662 61589 29353]
2020-03-25 19:14:57,633 - exp_torch_topics_d128_passive_i2000_b20_q100_sf512_4 - INFO - finish step #63 for 2.8573029041290283 sec
2020-03-25 19:14:57,634 - exp_torch_topics_d128_passive_i2000_b20_q100_sf512_4 - INFO - current val_accuracy: 0.4801766004415011
2020-03-25 19:14:57,634 - exp_torch_topics_d128_passive_i2000_b20_q100_sf512_4 - INFO - start step #64
2020-03-25 19:14:57,635 - exp_torch_topics_d128_passive_i2000_b20_q100_sf512_4 - INFO - query idx: [59316 89446 50455 83355 91376 19576 78197  3010 63816 80064 26920 25629
 53812  6563 83881 81274 65767 86974 16906 56055]
2020-03-25 19:15:00,230 - exp_torch_topics_d128_passive_i2000_b20_q100_sf512_4 - INFO - finish step #64 for 2.595797538757324 sec
2020-03-25 19:15:00,230 - exp_torch_topics_d128_passive_i2000_b20_q100_sf512_4 - INFO - current val_accuracy: 0.48132450331125826
2020-03-25 19:15:00,230 - exp_torch_topics_d128_passive_i2000_b20_q100_sf512_4 - INFO - start step #65
2020-03-25 19:15:00,231 - exp_torch_topics_d128_passive_i2000_b20_q100_sf512_4 - INFO - query idx: [89785 36365 86166 43245 65344 18335 28039 38544 89165 38975 31057 54640
 58058 44881 43060  5345 21045 88230 18466 52596]
2020-03-25 19:15:02,963 - exp_torch_topics_d128_passive_i2000_b20_q100_sf512_4 - INFO - finish step #65 for 2.732682943344116 sec
2020-03-25 19:15:02,963 - exp_torch_topics_d128_passive_i2000_b20_q100_sf512_4 - INFO - current val_accuracy: 0.48373804267844
2020-03-25 19:15:02,964 - exp_torch_topics_d128_passive_i2000_b20_q100_sf512_4 - INFO - start step #66
2020-03-25 19:15:02,964 - exp_torch_topics_d128_passive_i2000_b20_q100_sf512_4 - INFO - query idx: [ 9226 73634 12375 58397 49093 29974 70119 59582 41465 96931 94301 25186
 88983 63711 60872 43297 31193 49037 33662 95054]
2020-03-25 19:15:05,584 - exp_torch_topics_d128_passive_i2000_b20_q100_sf512_4 - INFO - finish step #66 for 2.6198251247406006 sec
2020-03-25 19:15:05,584 - exp_torch_topics_d128_passive_i2000_b20_q100_sf512_4 - INFO - current val_accuracy: 0.48467991169977925
2020-03-25 19:15:05,584 - exp_torch_topics_d128_passive_i2000_b20_q100_sf512_4 - INFO - start step #67
2020-03-25 19:15:05,584 - exp_torch_topics_d128_passive_i2000_b20_q100_sf512_4 - INFO - query idx: [79349 82602 17799  5693 18278 84892  1935 74458 53730 58777 83054 86832
 84734 54250 15608  3019 67888 55490 31758 31516]
2020-03-25 19:15:08,243 - exp_torch_topics_d128_passive_i2000_b20_q100_sf512_4 - INFO - finish step #67 for 2.659104108810425 sec
2020-03-25 19:15:08,243 - exp_torch_topics_d128_passive_i2000_b20_q100_sf512_4 - INFO - current val_accuracy: 0.4836497424576895
2020-03-25 19:15:08,243 - exp_torch_topics_d128_passive_i2000_b20_q100_sf512_4 - INFO - start step #68
2020-03-25 19:15:08,244 - exp_torch_topics_d128_passive_i2000_b20_q100_sf512_4 - INFO - query idx: [68134 91496 75492 39060 23696 60709  8033 41568 56711 15482 88685 53492
 70472 71101 48504 53492 70788 52270 26954 90722]
2020-03-25 19:15:10,855 - exp_torch_topics_d128_passive_i2000_b20_q100_sf512_4 - INFO - finish step #68 for 2.6116409301757812 sec
2020-03-25 19:15:10,855 - exp_torch_topics_d128_passive_i2000_b20_q100_sf512_4 - INFO - current val_accuracy: 0.48520971302428256
2020-03-25 19:15:10,855 - exp_torch_topics_d128_passive_i2000_b20_q100_sf512_4 - INFO - start step #69
2020-03-25 19:15:10,856 - exp_torch_topics_d128_passive_i2000_b20_q100_sf512_4 - INFO - query idx: [ 7155 46758 82802 92370  4682 46018 10667 32608 50866 92037 83121  6521
 68257 89402 93901 86598 38265 10912  9303  7423]
2020-03-25 19:15:13,539 - exp_torch_topics_d128_passive_i2000_b20_q100_sf512_4 - INFO - finish step #69 for 2.683896780014038 sec
2020-03-25 19:15:13,541 - exp_torch_topics_d128_passive_i2000_b20_q100_sf512_4 - INFO - current val_accuracy: 0.4838263428991906
2020-03-25 19:15:13,541 - exp_torch_topics_d128_passive_i2000_b20_q100_sf512_4 - INFO - start step #70
2020-03-25 19:15:13,542 - exp_torch_topics_d128_passive_i2000_b20_q100_sf512_4 - INFO - query idx: [16317 93456 96931 77287 28808 61627 37888 93503 22102 87795 93680 20867
 95685 59387 29761 82926 51877 82065 50653 43838]
2020-03-25 19:15:16,183 - exp_torch_topics_d128_passive_i2000_b20_q100_sf512_4 - INFO - finish step #70 for 2.6411430835723877 sec
2020-03-25 19:15:16,183 - exp_torch_topics_d128_passive_i2000_b20_q100_sf512_4 - INFO - current val_accuracy: 0.4827961736571008
2020-03-25 19:15:16,183 - exp_torch_topics_d128_passive_i2000_b20_q100_sf512_4 - INFO - start step #71
2020-03-25 19:15:16,183 - exp_torch_topics_d128_passive_i2000_b20_q100_sf512_4 - INFO - query idx: [47886     2 41495  7209 76784 35059 45858 19430 92190 39964 75918 35174
  2179  7651 23434 71023 78528 82182 49654 70504]
2020-03-25 19:15:18,836 - exp_torch_topics_d128_passive_i2000_b20_q100_sf512_4 - INFO - finish step #71 for 2.6532061100006104 sec
2020-03-25 19:15:18,836 - exp_torch_topics_d128_passive_i2000_b20_q100_sf512_4 - INFO - current val_accuracy: 0.4852685798381163
2020-03-25 19:15:18,836 - exp_torch_topics_d128_passive_i2000_b20_q100_sf512_4 - INFO - start step #72
2020-03-25 19:15:18,837 - exp_torch_topics_d128_passive_i2000_b20_q100_sf512_4 - INFO - query idx: [90050 21576 58514 52893 55615 23646  2990 84821 17013 12097 47512 43034
 30737 44618 44870 14533 75293 87433 51224 70144]
2020-03-25 19:15:21,462 - exp_torch_topics_d128_passive_i2000_b20_q100_sf512_4 - INFO - finish step #72 for 2.625107765197754 sec
2020-03-25 19:15:21,462 - exp_torch_topics_d128_passive_i2000_b20_q100_sf512_4 - INFO - current val_accuracy: 0.4844150110375276
2020-03-25 19:15:21,462 - exp_torch_topics_d128_passive_i2000_b20_q100_sf512_4 - INFO - start step #73
2020-03-25 19:15:21,462 - exp_torch_topics_d128_passive_i2000_b20_q100_sf512_4 - INFO - query idx: [74717 19675 34588 31321 27076 63546 14945 20991 20656 19806 27220 52362
 94283 77070  6148 55450 59931 10649  6087 14704]
2020-03-25 19:15:24,161 - exp_torch_topics_d128_passive_i2000_b20_q100_sf512_4 - INFO - finish step #73 for 2.6990251541137695 sec
2020-03-25 19:15:24,161 - exp_torch_topics_d128_passive_i2000_b20_q100_sf512_4 - INFO - current val_accuracy: 0.4868579838116262
2020-03-25 19:15:24,161 - exp_torch_topics_d128_passive_i2000_b20_q100_sf512_4 - INFO - start step #74
2020-03-25 19:15:24,162 - exp_torch_topics_d128_passive_i2000_b20_q100_sf512_4 - INFO - query idx: [67054 13318 15865 79870 59094 96765 10230 93655 29535 18438 88668   363
 29800  2169 39080 86444 87950 22266 22113 31898]
2020-03-25 19:15:26,795 - exp_torch_topics_d128_passive_i2000_b20_q100_sf512_4 - INFO - finish step #74 for 2.6335439682006836 sec
2020-03-25 19:15:26,795 - exp_torch_topics_d128_passive_i2000_b20_q100_sf512_4 - INFO - current val_accuracy: 0.488476821192053
2020-03-25 19:15:26,795 - exp_torch_topics_d128_passive_i2000_b20_q100_sf512_4 - INFO - start step #75
2020-03-25 19:15:26,796 - exp_torch_topics_d128_passive_i2000_b20_q100_sf512_4 - INFO - query idx: [33206 29103  3794 54159 83173 29614 18821 11634 79839 16044 81358 37814
  2090 66288 66629 77784 23689 70275 77578 68790]
2020-03-25 19:15:29,512 - exp_torch_topics_d128_passive_i2000_b20_q100_sf512_4 - INFO - finish step #75 for 2.7164342403411865 sec
2020-03-25 19:15:29,512 - exp_torch_topics_d128_passive_i2000_b20_q100_sf512_4 - INFO - current val_accuracy: 0.4917439293598234
2020-03-25 19:15:29,512 - exp_torch_topics_d128_passive_i2000_b20_q100_sf512_4 - INFO - start step #76
2020-03-25 19:15:29,513 - exp_torch_topics_d128_passive_i2000_b20_q100_sf512_4 - INFO - query idx: [ 4920 73504 15456 64546 50537 35678 88970 53240 73404 32461 72501 11320
 78322 63562 12722 92809 84022 34935 97037  2050]
2020-03-25 19:15:32,141 - exp_torch_topics_d128_passive_i2000_b20_q100_sf512_4 - INFO - finish step #76 for 2.6288318634033203 sec
2020-03-25 19:15:32,141 - exp_torch_topics_d128_passive_i2000_b20_q100_sf512_4 - INFO - current val_accuracy: 0.48782928623988225
2020-03-25 19:15:32,142 - exp_torch_topics_d128_passive_i2000_b20_q100_sf512_4 - INFO - start step #77
2020-03-25 19:15:32,142 - exp_torch_topics_d128_passive_i2000_b20_q100_sf512_4 - INFO - query idx: [46500 18989  3676 25285 39603 84519 15347 63656 22650 83372 27570 61731
 10375 23701 41739 86809  6788 19792 56773  5219]
2020-03-25 19:15:34,887 - exp_torch_topics_d128_passive_i2000_b20_q100_sf512_4 - INFO - finish step #77 for 2.7452070713043213 sec
2020-03-25 19:15:34,887 - exp_torch_topics_d128_passive_i2000_b20_q100_sf512_4 - INFO - current val_accuracy: 0.49171449595290656
2020-03-25 19:15:34,887 - exp_torch_topics_d128_passive_i2000_b20_q100_sf512_4 - INFO - start step #78
2020-03-25 19:15:34,888 - exp_torch_topics_d128_passive_i2000_b20_q100_sf512_4 - INFO - query idx: [10940 77531 76534 62946 67333  2729 40736 32112 52799 38285  8288 79789
 80759 81761 78971 48872 61601 93533 31043 53228]
2020-03-25 19:15:37,515 - exp_torch_topics_d128_passive_i2000_b20_q100_sf512_4 - INFO - finish step #78 for 2.627347946166992 sec
2020-03-25 19:15:37,515 - exp_torch_topics_d128_passive_i2000_b20_q100_sf512_4 - INFO - current val_accuracy: 0.4903311258278146
2020-03-25 19:15:37,515 - exp_torch_topics_d128_passive_i2000_b20_q100_sf512_4 - INFO - start step #79
2020-03-25 19:15:37,515 - exp_torch_topics_d128_passive_i2000_b20_q100_sf512_4 - INFO - query idx: [68584 90327 36230 18379 75609  9928 45753 91855 89262 13064  1873 47426
 81809 85337 83674  8097 30974 35303 68317 57941]
2020-03-25 19:15:40,226 - exp_torch_topics_d128_passive_i2000_b20_q100_sf512_4 - INFO - finish step #79 for 2.7105941772460938 sec
2020-03-25 19:15:40,226 - exp_torch_topics_d128_passive_i2000_b20_q100_sf512_4 - INFO - current val_accuracy: 0.48629874908020604
2020-03-25 19:15:40,226 - exp_torch_topics_d128_passive_i2000_b20_q100_sf512_4 - INFO - start step #80
2020-03-25 19:15:40,226 - exp_torch_topics_d128_passive_i2000_b20_q100_sf512_4 - INFO - query idx: [36755 95615 52641 21471 56194 63684 55963 74732 39640 21315  5100 75650
 62382 53513 77902 53256 88611 33279 66657 87582]
2020-03-25 19:15:43,155 - exp_torch_topics_d128_passive_i2000_b20_q100_sf512_4 - INFO - finish step #80 for 2.9289491176605225 sec
2020-03-25 19:15:43,155 - exp_torch_topics_d128_passive_i2000_b20_q100_sf512_4 - INFO - current val_accuracy: 0.4898307579102281
2020-03-25 19:15:43,155 - exp_torch_topics_d128_passive_i2000_b20_q100_sf512_4 - INFO - start step #81
2020-03-25 19:15:43,156 - exp_torch_topics_d128_passive_i2000_b20_q100_sf512_4 - INFO - query idx: [12991 93227 34923 79570 30466  2511 26609 62393 46857 65467 61442 44665
 84599 81882  9699 84158 31654 14443 90480 27298]
2020-03-25 19:15:45,830 - exp_torch_topics_d128_passive_i2000_b20_q100_sf512_4 - INFO - finish step #81 for 2.674744129180908 sec
2020-03-25 19:15:45,830 - exp_torch_topics_d128_passive_i2000_b20_q100_sf512_4 - INFO - current val_accuracy: 0.4885651214128035
2020-03-25 19:15:45,831 - exp_torch_topics_d128_passive_i2000_b20_q100_sf512_4 - INFO - start step #82
2020-03-25 19:15:45,831 - exp_torch_topics_d128_passive_i2000_b20_q100_sf512_4 - INFO - query idx: [27915 11868 69007 92548 37375 58204 60485 71319 78430 43616 77271 46665
 37085 34361 65230  3035  8590 47049 83942 26425]
2020-03-25 19:15:48,636 - exp_torch_topics_d128_passive_i2000_b20_q100_sf512_4 - INFO - finish step #82 for 2.8050990104675293 sec
2020-03-25 19:15:48,636 - exp_torch_topics_d128_passive_i2000_b20_q100_sf512_4 - INFO - current val_accuracy: 0.4918027961736571
2020-03-25 19:15:48,636 - exp_torch_topics_d128_passive_i2000_b20_q100_sf512_4 - INFO - start step #83
2020-03-25 19:15:48,636 - exp_torch_topics_d128_passive_i2000_b20_q100_sf512_4 - INFO - query idx: [20314 83729 67617 98124 70087 40102  5576 55279 75052 78615 37369 67836
 21122 26992 19254  2212 93530 67944 15467 14409]
2020-03-25 19:15:51,350 - exp_torch_topics_d128_passive_i2000_b20_q100_sf512_4 - INFO - finish step #83 for 2.713942050933838 sec
2020-03-25 19:15:51,350 - exp_torch_topics_d128_passive_i2000_b20_q100_sf512_4 - INFO - current val_accuracy: 0.4915378955114054
2020-03-25 19:15:51,350 - exp_torch_topics_d128_passive_i2000_b20_q100_sf512_4 - INFO - start step #84
2020-03-25 19:15:51,351 - exp_torch_topics_d128_passive_i2000_b20_q100_sf512_4 - INFO - query idx: [31643 22056 75377  6946  2924 42675 18488 27182  2636 74192 68257 78032
 37796 53573 85356 77455 59975 39585 50799  2043]
2020-03-25 19:15:54,107 - exp_torch_topics_d128_passive_i2000_b20_q100_sf512_4 - INFO - finish step #84 for 2.7563600540161133 sec
2020-03-25 19:15:54,107 - exp_torch_topics_d128_passive_i2000_b20_q100_sf512_4 - INFO - current val_accuracy: 0.4927740986019132
2020-03-25 19:15:54,107 - exp_torch_topics_d128_passive_i2000_b20_q100_sf512_4 - INFO - start step #85
2020-03-25 19:15:54,108 - exp_torch_topics_d128_passive_i2000_b20_q100_sf512_4 - INFO - query idx: [34842 47309 88693  3613 78647 36316 23787 15186 55644 55597 20820 87146
 56408 61565 89173 36401 77324 72508 78310 81739]
2020-03-25 19:15:56,816 - exp_torch_topics_d128_passive_i2000_b20_q100_sf512_4 - INFO - finish step #85 for 2.7084250450134277 sec
2020-03-25 19:15:56,816 - exp_torch_topics_d128_passive_i2000_b20_q100_sf512_4 - INFO - current val_accuracy: 0.4877115526122149
2020-03-25 19:15:56,816 - exp_torch_topics_d128_passive_i2000_b20_q100_sf512_4 - INFO - start step #86
2020-03-25 19:15:56,817 - exp_torch_topics_d128_passive_i2000_b20_q100_sf512_4 - INFO - query idx: [80091 48958 54628 31687   223 11182 70028 56874 63047 26793 22912 73058
 38253 82919 80281  1987 31606 97526 77526  3205]
2020-03-25 19:15:59,693 - exp_torch_topics_d128_passive_i2000_b20_q100_sf512_4 - INFO - finish step #86 for 2.876832962036133 sec
2020-03-25 19:15:59,693 - exp_torch_topics_d128_passive_i2000_b20_q100_sf512_4 - INFO - current val_accuracy: 0.4882413539367182
2020-03-25 19:15:59,693 - exp_torch_topics_d128_passive_i2000_b20_q100_sf512_4 - INFO - start step #87
2020-03-25 19:15:59,694 - exp_torch_topics_d128_passive_i2000_b20_q100_sf512_4 - INFO - query idx: [14284 72894 49375 63855 81923 28632 62659 23731 52473 19289 34849 35994
 52898 76474 16273 55280 90333 83068 63211 89535]
2020-03-25 19:16:02,390 - exp_torch_topics_d128_passive_i2000_b20_q100_sf512_4 - INFO - finish step #87 for 2.6964902877807617 sec
2020-03-25 19:16:02,390 - exp_torch_topics_d128_passive_i2000_b20_q100_sf512_4 - INFO - current val_accuracy: 0.49607064017660046
2020-03-25 19:16:02,390 - exp_torch_topics_d128_passive_i2000_b20_q100_sf512_4 - INFO - start step #88
2020-03-25 19:16:02,391 - exp_torch_topics_d128_passive_i2000_b20_q100_sf512_4 - INFO - query idx: [73558 29709 69772 18065 21384 47991 47713 92386 13615 18709 61234 89541
 53024 41756 31726 63420   913 52424 73198 82850]
2020-03-25 19:16:05,333 - exp_torch_topics_d128_passive_i2000_b20_q100_sf512_4 - INFO - finish step #88 for 2.9424009323120117 sec
2020-03-25 19:16:05,334 - exp_torch_topics_d128_passive_i2000_b20_q100_sf512_4 - INFO - current val_accuracy: 0.493980868285504
2020-03-25 19:16:05,334 - exp_torch_topics_d128_passive_i2000_b20_q100_sf512_4 - INFO - start step #89
2020-03-25 19:16:05,334 - exp_torch_topics_d128_passive_i2000_b20_q100_sf512_4 - INFO - query idx: [36378 84094 94261 87300 37620 12831 51364 71483 46798 30323 79425 10185
 31191  8639 36143 79868 19026 70307 86558  7605]
2020-03-25 19:16:07,967 - exp_torch_topics_d128_passive_i2000_b20_q100_sf512_4 - INFO - finish step #89 for 2.6333119869232178 sec
2020-03-25 19:16:07,968 - exp_torch_topics_d128_passive_i2000_b20_q100_sf512_4 - INFO - current val_accuracy: 0.49200883002207507
2020-03-25 19:16:07,968 - exp_torch_topics_d128_passive_i2000_b20_q100_sf512_4 - INFO - start step #90
2020-03-25 19:16:07,968 - exp_torch_topics_d128_passive_i2000_b20_q100_sf512_4 - INFO - query idx: [62603 24940 54066  9485 93764 33109 89560 12348 16775 70663 58089 13492
 75046 33415 29497 13402 58526 66370 72819 17053]
2020-03-25 19:16:10,683 - exp_torch_topics_d128_passive_i2000_b20_q100_sf512_4 - INFO - finish step #90 for 2.7156221866607666 sec
2020-03-25 19:16:10,725 - exp_torch_topics_d128_passive_i2000_b20_q100_sf512_4 - INFO - current val_accuracy: 0.49295069904341426
2020-03-25 19:16:10,725 - exp_torch_topics_d128_passive_i2000_b20_q100_sf512_4 - INFO - start step #91
2020-03-25 19:16:10,726 - exp_torch_topics_d128_passive_i2000_b20_q100_sf512_4 - INFO - query idx: [61660 67445 54989 89149 52931 82470 75755 52392 80623 94747 97278 24307
 79596 82440 29263 74823 90390 85050 36160   835]
2020-03-25 19:16:13,503 - exp_torch_topics_d128_passive_i2000_b20_q100_sf512_4 - INFO - finish step #91 for 2.777904987335205 sec
2020-03-25 19:16:13,503 - exp_torch_topics_d128_passive_i2000_b20_q100_sf512_4 - INFO - current val_accuracy: 0.49509933774834436
2020-03-25 19:16:13,504 - exp_torch_topics_d128_passive_i2000_b20_q100_sf512_4 - INFO - start step #92
2020-03-25 19:16:13,504 - exp_torch_topics_d128_passive_i2000_b20_q100_sf512_4 - INFO - query idx: [81504 25174  5337 89952 39545 36251 62510 86610  8005 13411 25349 70149
 68098 11287 48909 60962 38672 46993 12417 50410]
2020-03-25 19:16:16,254 - exp_torch_topics_d128_passive_i2000_b20_q100_sf512_4 - INFO - finish step #92 for 2.7502448558807373 sec
2020-03-25 19:16:16,254 - exp_torch_topics_d128_passive_i2000_b20_q100_sf512_4 - INFO - current val_accuracy: 0.49648270787343635
2020-03-25 19:16:16,254 - exp_torch_topics_d128_passive_i2000_b20_q100_sf512_4 - INFO - start step #93
2020-03-25 19:16:16,255 - exp_torch_topics_d128_passive_i2000_b20_q100_sf512_4 - INFO - query idx: [95926 46038 69944 75889 70757 23299  7012 62697 73916  4781 52044 25201
 26395 49018 32307  7673 48279 54859 63545 85911]
2020-03-25 19:16:18,891 - exp_torch_topics_d128_passive_i2000_b20_q100_sf512_4 - INFO - finish step #93 for 2.6365840435028076 sec
2020-03-25 19:16:18,891 - exp_torch_topics_d128_passive_i2000_b20_q100_sf512_4 - INFO - current val_accuracy: 0.4938337012509198
2020-03-25 19:16:18,891 - exp_torch_topics_d128_passive_i2000_b20_q100_sf512_4 - INFO - start step #94
2020-03-25 19:16:18,892 - exp_torch_topics_d128_passive_i2000_b20_q100_sf512_4 - INFO - query idx: [90517 44067  3816 56867 80542 45010 75869 88327 25276 57035 59968 25745
 64850 55174 95213 96184 54117 89253 46506 31027]
2020-03-25 19:16:21,709 - exp_torch_topics_d128_passive_i2000_b20_q100_sf512_4 - INFO - finish step #94 for 2.8173961639404297 sec
2020-03-25 19:16:21,709 - exp_torch_topics_d128_passive_i2000_b20_q100_sf512_4 - INFO - current val_accuracy: 0.49509933774834436
2020-03-25 19:16:21,709 - exp_torch_topics_d128_passive_i2000_b20_q100_sf512_4 - INFO - start step #95
2020-03-25 19:16:21,709 - exp_torch_topics_d128_passive_i2000_b20_q100_sf512_4 - INFO - query idx: [20623 94803 45470 52358 38162 20760 88950 51603 75089 48238  8214 78033
 32198 86928 35348 27305 57230 51173 14928 66754]
2020-03-25 19:16:24,457 - exp_torch_topics_d128_passive_i2000_b20_q100_sf512_4 - INFO - finish step #95 for 2.748279094696045 sec
2020-03-25 19:16:24,458 - exp_torch_topics_d128_passive_i2000_b20_q100_sf512_4 - INFO - current val_accuracy: 0.4948344370860927
2020-03-25 19:16:24,458 - exp_torch_topics_d128_passive_i2000_b20_q100_sf512_4 - INFO - start step #96
2020-03-25 19:16:24,458 - exp_torch_topics_d128_passive_i2000_b20_q100_sf512_4 - INFO - query idx: [78897 59202 42171 58401  7930 41039 35179 87904 35661 25477 12549 14920
 94643  3499 52570 52579 28291 52959 47633  3731]
2020-03-25 19:16:27,153 - exp_torch_topics_d128_passive_i2000_b20_q100_sf512_4 - INFO - finish step #96 for 2.6946558952331543 sec
2020-03-25 19:16:27,153 - exp_torch_topics_d128_passive_i2000_b20_q100_sf512_4 - INFO - current val_accuracy: 0.49539367181751287
2020-03-25 19:16:27,153 - exp_torch_topics_d128_passive_i2000_b20_q100_sf512_4 - INFO - start step #97
2020-03-25 19:16:27,153 - exp_torch_topics_d128_passive_i2000_b20_q100_sf512_4 - INFO - query idx: [16174 97969 86203   468 23426  3555 84554 68939 22635 73604 76441  8477
 75837 22995 92183 48704 45795 73433 39537  3096]
2020-03-25 19:16:29,921 - exp_torch_topics_d128_passive_i2000_b20_q100_sf512_4 - INFO - finish step #97 for 2.767699956893921 sec
2020-03-25 19:16:29,921 - exp_torch_topics_d128_passive_i2000_b20_q100_sf512_4 - INFO - current val_accuracy: 0.4978072111846946
2020-03-25 19:16:29,921 - exp_torch_topics_d128_passive_i2000_b20_q100_sf512_4 - INFO - start step #98
2020-03-25 19:16:29,921 - exp_torch_topics_d128_passive_i2000_b20_q100_sf512_4 - INFO - query idx: [24146 23890 31920  6395 75637 77666 95640 88237 69675 77290 76842 56345
 50929 88689  7954 53838 68147  1838 97137 21017]
2020-03-25 19:16:32,677 - exp_torch_topics_d128_passive_i2000_b20_q100_sf512_4 - INFO - finish step #98 for 2.755652904510498 sec
2020-03-25 19:16:32,677 - exp_torch_topics_d128_passive_i2000_b20_q100_sf512_4 - INFO - current val_accuracy: 0.4976600441501104
2020-03-25 19:16:32,677 - exp_torch_topics_d128_passive_i2000_b20_q100_sf512_4 - INFO - start step #99
2020-03-25 19:16:32,677 - exp_torch_topics_d128_passive_i2000_b20_q100_sf512_4 - INFO - query idx: [31504 92522 46391 68040 44399 11303  1916 31811 39032 80642 34298 60816
 82696  9344 77881 79664   918 53630 76700 39071]
2020-03-25 19:16:35,452 - exp_torch_topics_d128_passive_i2000_b20_q100_sf512_4 - INFO - finish step #99 for 2.7749388217926025 sec
2020-03-25 19:16:35,452 - exp_torch_topics_d128_passive_i2000_b20_q100_sf512_4 - INFO - current val_accuracy: 0.4953053715967623
2020-03-25 19:16:35,452 - exp_torch_topics_d128_passive_i2000_b20_q100_sf512_4 - INFO - finish experiment process for 274.30649399757385 sec
