2020-03-19 02:47:32,673 - exp_torch_topics_cluster_by_concat_img_txt_i2000_b20_1 - INFO - start experiment process
2020-03-19 02:47:39,367 - exp_torch_topics_cluster_by_concat_img_txt_i2000_b20_1 - INFO - initial val_accuracy: 0.4249300956585725
2020-03-19 02:47:39,368 - exp_torch_topics_cluster_by_concat_img_txt_i2000_b20_1 - INFO - start step #0
2020-03-19 03:13:32,620 - exp_torch_topics_cluster_by_concat_img_txt_i2000_b20_1 - INFO - start experiment process
2020-03-19 03:13:39,474 - exp_torch_topics_cluster_by_concat_img_txt_i2000_b20_1 - INFO - initial val_accuracy: 0.4159823399558499
2020-03-19 03:13:39,474 - exp_torch_topics_cluster_by_concat_img_txt_i2000_b20_1 - INFO - start step #0
2020-03-19 12:55:58,724 - exp_torch_topics_cluster_by_concat_img_txt_i2000_b20_1 - INFO - start experiment process
2020-03-19 12:56:05,571 - exp_torch_topics_cluster_by_concat_img_txt_i2000_b20_1 - INFO - initial val_accuracy: 0.41768947755702723
2020-03-19 12:56:05,974 - exp_torch_topics_cluster_by_concat_img_txt_i2000_b20_1 - INFO - start step #0
2020-03-19 13:05:56,155 - exp_torch_topics_cluster_by_concat_img_txt_i2000_b20_1 - INFO - start experiment process
2020-03-19 13:05:58,818 - exp_torch_topics_cluster_by_concat_img_txt_i2000_b20_1 - INFO - initial val_accuracy: 0.033612950699043416
2020-03-19 13:05:58,818 - exp_torch_topics_cluster_by_concat_img_txt_i2000_b20_1 - INFO - start step #0
2020-03-19 13:18:56,509 - exp_torch_topics_cluster_by_concat_img_txt_i2000_b20_1 - INFO - start experiment process
2020-03-19 13:18:58,957 - exp_torch_topics_cluster_by_concat_img_txt_i2000_b20_1 - INFO - initial val_accuracy: 0.018543046357615896
2020-03-19 13:18:58,958 - exp_torch_topics_cluster_by_concat_img_txt_i2000_b20_1 - INFO - start step #0
2020-03-19 13:31:08,598 - exp_torch_topics_cluster_by_concat_img_txt_i2000_b20_1 - INFO - start experiment process
2020-03-19 13:31:11,220 - exp_torch_topics_cluster_by_concat_img_txt_i2000_b20_1 - INFO - initial val_accuracy: 0.061545253863134655
2020-03-19 13:31:11,220 - exp_torch_topics_cluster_by_concat_img_txt_i2000_b20_1 - INFO - start step #0
2020-03-19 13:37:42,927 - exp_torch_topics_cluster_by_concat_img_txt_i2000_b20_1 - INFO - start experiment process
2020-03-19 13:37:49,035 - exp_torch_topics_cluster_by_concat_img_txt_i2000_b20_1 - INFO - initial val_accuracy: 0.03714495952906549
2020-03-19 13:37:49,035 - exp_torch_topics_cluster_by_concat_img_txt_i2000_b20_1 - INFO - start step #0
2020-03-19 13:44:27,897 - exp_torch_topics_cluster_by_concat_img_txt_i2000_b20_1 - INFO - start experiment process
2020-03-19 13:44:30,120 - exp_torch_topics_cluster_by_concat_img_txt_i2000_b20_1 - INFO - initial val_accuracy: 0.03870493009565857
2020-03-19 13:44:30,120 - exp_torch_topics_cluster_by_concat_img_txt_i2000_b20_1 - INFO - start step #0
2020-03-19 13:46:39,689 - exp_torch_topics_cluster_by_concat_img_txt_i2000_b20_1 - INFO - finish step #0 for 129.5686640739441 sec
2020-03-19 13:46:39,691 - exp_torch_topics_cluster_by_concat_img_txt_i2000_b20_1 - INFO - current val_accuracy: 0.05524650478292863
2020-03-19 13:46:39,691 - exp_torch_topics_cluster_by_concat_img_txt_i2000_b20_1 - INFO - start step #1
2020-03-19 13:48:58,136 - exp_torch_topics_cluster_by_concat_img_txt_i2000_b20_1 - INFO - finish step #1 for 138.44498872756958 sec
2020-03-19 13:48:58,137 - exp_torch_topics_cluster_by_concat_img_txt_i2000_b20_1 - INFO - current val_accuracy: 0.10207505518763797
2020-03-19 13:48:58,137 - exp_torch_topics_cluster_by_concat_img_txt_i2000_b20_1 - INFO - start step #2
2020-03-19 13:51:49,259 - exp_torch_topics_cluster_by_concat_img_txt_i2000_b20_1 - INFO - finish step #2 for 171.12073707580566 sec
2020-03-19 13:51:49,262 - exp_torch_topics_cluster_by_concat_img_txt_i2000_b20_1 - INFO - current val_accuracy: 0.0778513612950699
2020-03-19 13:51:49,263 - exp_torch_topics_cluster_by_concat_img_txt_i2000_b20_1 - INFO - start step #3
2020-03-19 14:08:33,776 - exp_torch_topics_cluster_by_concat_img_txt_i2000_b20_1 - INFO - start experiment process
2020-03-19 14:08:40,084 - exp_torch_topics_cluster_by_concat_img_txt_i2000_b20_1 - INFO - initial val_accuracy: 0.41421633554083886
2020-03-19 14:08:40,085 - exp_torch_topics_cluster_by_concat_img_txt_i2000_b20_1 - INFO - start step #0
2020-03-19 14:11:38,536 - exp_torch_topics_cluster_by_concat_img_txt_i2000_b20_1 - INFO - finish step #0 for 178.45097708702087 sec
2020-03-19 14:11:38,536 - exp_torch_topics_cluster_by_concat_img_txt_i2000_b20_1 - INFO - current val_accuracy: 0.41707137601177335
2020-03-19 14:11:38,536 - exp_torch_topics_cluster_by_concat_img_txt_i2000_b20_1 - INFO - start step #1
2020-03-19 14:14:19,597 - exp_torch_topics_cluster_by_concat_img_txt_i2000_b20_1 - INFO - finish step #1 for 161.06040787696838 sec
2020-03-19 14:14:19,598 - exp_torch_topics_cluster_by_concat_img_txt_i2000_b20_1 - INFO - current val_accuracy: 0.420485651214128
2020-03-19 14:14:19,599 - exp_torch_topics_cluster_by_concat_img_txt_i2000_b20_1 - INFO - start step #2
2020-03-19 14:17:05,084 - exp_torch_topics_cluster_by_concat_img_txt_i2000_b20_1 - INFO - finish step #2 for 165.48479008674622 sec
2020-03-19 14:17:05,085 - exp_torch_topics_cluster_by_concat_img_txt_i2000_b20_1 - INFO - current val_accuracy: 0.41760117733627666
2020-03-19 14:17:05,085 - exp_torch_topics_cluster_by_concat_img_txt_i2000_b20_1 - INFO - start step #3
2020-03-19 14:20:00,568 - exp_torch_topics_cluster_by_concat_img_txt_i2000_b20_1 - INFO - finish step #3 for 175.48274564743042 sec
2020-03-19 14:20:00,569 - exp_torch_topics_cluster_by_concat_img_txt_i2000_b20_1 - INFO - current val_accuracy: 0.40880058866813834
2020-03-19 14:20:00,570 - exp_torch_topics_cluster_by_concat_img_txt_i2000_b20_1 - INFO - start step #4
2020-03-19 14:23:02,741 - exp_torch_topics_cluster_by_concat_img_txt_i2000_b20_1 - INFO - finish step #4 for 182.16064500808716 sec
2020-03-19 14:23:02,753 - exp_torch_topics_cluster_by_concat_img_txt_i2000_b20_1 - INFO - current val_accuracy: 0.4075643855776306
2020-03-19 14:23:02,753 - exp_torch_topics_cluster_by_concat_img_txt_i2000_b20_1 - INFO - start step #5
2020-03-19 14:25:47,655 - exp_torch_topics_cluster_by_concat_img_txt_i2000_b20_1 - INFO - finish step #5 for 164.90130710601807 sec
2020-03-19 14:25:47,655 - exp_torch_topics_cluster_by_concat_img_txt_i2000_b20_1 - INFO - current val_accuracy: 0.41409860191317144
2020-03-19 14:25:47,655 - exp_torch_topics_cluster_by_concat_img_txt_i2000_b20_1 - INFO - start step #6
2020-03-19 14:28:28,902 - exp_torch_topics_cluster_by_concat_img_txt_i2000_b20_1 - INFO - finish step #6 for 161.24639105796814 sec
2020-03-19 14:28:28,902 - exp_torch_topics_cluster_by_concat_img_txt_i2000_b20_1 - INFO - current val_accuracy: 0.4216335540838852
2020-03-19 14:28:28,902 - exp_torch_topics_cluster_by_concat_img_txt_i2000_b20_1 - INFO - start step #7
2020-03-19 14:31:21,301 - exp_torch_topics_cluster_by_concat_img_txt_i2000_b20_1 - INFO - finish step #7 for 172.3983771800995 sec
2020-03-19 14:31:21,301 - exp_torch_topics_cluster_by_concat_img_txt_i2000_b20_1 - INFO - current val_accuracy: 0.42610743193524653
2020-03-19 14:31:21,301 - exp_torch_topics_cluster_by_concat_img_txt_i2000_b20_1 - INFO - start step #8
2020-03-19 14:34:12,202 - exp_torch_topics_cluster_by_concat_img_txt_i2000_b20_1 - INFO - finish step #8 for 170.90061807632446 sec
2020-03-19 14:34:12,203 - exp_torch_topics_cluster_by_concat_img_txt_i2000_b20_1 - INFO - current val_accuracy: 0.4220161883738043
2020-03-19 14:34:12,203 - exp_torch_topics_cluster_by_concat_img_txt_i2000_b20_1 - INFO - start step #9
2020-03-19 14:37:01,802 - exp_torch_topics_cluster_by_concat_img_txt_i2000_b20_1 - INFO - finish step #9 for 169.5991690158844 sec
2020-03-19 14:37:01,805 - exp_torch_topics_cluster_by_concat_img_txt_i2000_b20_1 - INFO - current val_accuracy: 0.42763796909492274
2020-03-19 14:37:01,806 - exp_torch_topics_cluster_by_concat_img_txt_i2000_b20_1 - INFO - start step #10
2020-03-19 14:40:04,360 - exp_torch_topics_cluster_by_concat_img_txt_i2000_b20_1 - INFO - finish step #10 for 182.55369901657104 sec
2020-03-19 14:40:04,362 - exp_torch_topics_cluster_by_concat_img_txt_i2000_b20_1 - INFO - current val_accuracy: 0.43066961000735837
2020-03-19 14:40:04,362 - exp_torch_topics_cluster_by_concat_img_txt_i2000_b20_1 - INFO - start step #11
2020-03-19 14:42:36,131 - exp_torch_topics_cluster_by_concat_img_txt_i2000_b20_1 - INFO - finish step #11 for 151.7693271636963 sec
2020-03-19 14:42:36,132 - exp_torch_topics_cluster_by_concat_img_txt_i2000_b20_1 - INFO - current val_accuracy: 0.4296688741721854
2020-03-19 14:42:36,132 - exp_torch_topics_cluster_by_concat_img_txt_i2000_b20_1 - INFO - start step #12
2020-03-19 14:44:32,735 - exp_torch_topics_cluster_by_concat_img_txt_i2000_b20_1 - INFO - finish step #12 for 116.6021499633789 sec
2020-03-19 14:44:32,735 - exp_torch_topics_cluster_by_concat_img_txt_i2000_b20_1 - INFO - current val_accuracy: 0.43013980868285506
2020-03-19 14:44:32,735 - exp_torch_topics_cluster_by_concat_img_txt_i2000_b20_1 - INFO - start step #13
2020-03-19 14:47:18,797 - exp_torch_topics_cluster_by_concat_img_txt_i2000_b20_1 - INFO - finish step #13 for 166.03447103500366 sec
2020-03-19 14:47:19,335 - exp_torch_topics_cluster_by_concat_img_txt_i2000_b20_1 - INFO - current val_accuracy: 0.43258278145695367
2020-03-19 14:47:19,336 - exp_torch_topics_cluster_by_concat_img_txt_i2000_b20_1 - INFO - start step #14
2020-03-19 14:49:27,872 - exp_torch_topics_cluster_by_concat_img_txt_i2000_b20_1 - INFO - finish step #14 for 128.53588390350342 sec
2020-03-19 14:49:27,873 - exp_torch_topics_cluster_by_concat_img_txt_i2000_b20_1 - INFO - current val_accuracy: 0.43532008830022073
2020-03-19 14:49:27,873 - exp_torch_topics_cluster_by_concat_img_txt_i2000_b20_1 - INFO - start step #15
2020-03-19 14:50:54,467 - exp_torch_topics_cluster_by_concat_img_txt_i2000_b20_1 - INFO - finish step #15 for 86.59381985664368 sec
2020-03-19 14:50:54,467 - exp_torch_topics_cluster_by_concat_img_txt_i2000_b20_1 - INFO - current val_accuracy: 0.4352317880794702
2020-03-19 14:50:54,467 - exp_torch_topics_cluster_by_concat_img_txt_i2000_b20_1 - INFO - start step #16
2020-03-19 14:52:23,513 - exp_torch_topics_cluster_by_concat_img_txt_i2000_b20_1 - INFO - finish step #16 for 89.04601097106934 sec
2020-03-19 14:52:23,513 - exp_torch_topics_cluster_by_concat_img_txt_i2000_b20_1 - INFO - current val_accuracy: 0.4356438557763061
2020-03-19 14:52:23,513 - exp_torch_topics_cluster_by_concat_img_txt_i2000_b20_1 - INFO - start step #17
2020-03-19 14:54:04,022 - exp_torch_topics_cluster_by_concat_img_txt_i2000_b20_1 - INFO - finish step #17 for 100.50807809829712 sec
2020-03-19 14:54:04,023 - exp_torch_topics_cluster_by_concat_img_txt_i2000_b20_1 - INFO - current val_accuracy: 0.4388520971302428
2020-03-19 14:54:04,023 - exp_torch_topics_cluster_by_concat_img_txt_i2000_b20_1 - INFO - start step #18
2020-03-19 14:55:47,383 - exp_torch_topics_cluster_by_concat_img_txt_i2000_b20_1 - INFO - finish step #18 for 103.35946297645569 sec
2020-03-19 14:55:47,383 - exp_torch_topics_cluster_by_concat_img_txt_i2000_b20_1 - INFO - current val_accuracy: 0.43949963208241355
2020-03-19 14:55:47,383 - exp_torch_topics_cluster_by_concat_img_txt_i2000_b20_1 - INFO - start step #19
2020-03-19 14:57:13,026 - exp_torch_topics_cluster_by_concat_img_txt_i2000_b20_1 - INFO - finish step #19 for 85.64267086982727 sec
2020-03-19 14:57:13,026 - exp_torch_topics_cluster_by_concat_img_txt_i2000_b20_1 - INFO - current val_accuracy: 0.43643855776306106
2020-03-19 14:57:13,026 - exp_torch_topics_cluster_by_concat_img_txt_i2000_b20_1 - INFO - start step #20
2020-03-19 14:58:41,783 - exp_torch_topics_cluster_by_concat_img_txt_i2000_b20_1 - INFO - finish step #20 for 88.7569830417633 sec
2020-03-19 14:58:41,783 - exp_torch_topics_cluster_by_concat_img_txt_i2000_b20_1 - INFO - current val_accuracy: 0.4369389256806475
2020-03-19 14:58:41,783 - exp_torch_topics_cluster_by_concat_img_txt_i2000_b20_1 - INFO - start step #21
2020-03-19 15:00:17,625 - exp_torch_topics_cluster_by_concat_img_txt_i2000_b20_1 - INFO - finish step #21 for 95.84141516685486 sec
2020-03-19 15:00:17,625 - exp_torch_topics_cluster_by_concat_img_txt_i2000_b20_1 - INFO - current val_accuracy: 0.43729212656364974
2020-03-19 15:00:17,625 - exp_torch_topics_cluster_by_concat_img_txt_i2000_b20_1 - INFO - start step #22
2020-03-19 15:01:55,072 - exp_torch_topics_cluster_by_concat_img_txt_i2000_b20_1 - INFO - finish step #22 for 97.44654083251953 sec
2020-03-19 15:01:55,072 - exp_torch_topics_cluster_by_concat_img_txt_i2000_b20_1 - INFO - current val_accuracy: 0.43858719646799116
2020-03-19 15:01:55,072 - exp_torch_topics_cluster_by_concat_img_txt_i2000_b20_1 - INFO - start step #23
2020-03-19 15:03:35,738 - exp_torch_topics_cluster_by_concat_img_txt_i2000_b20_1 - INFO - finish step #23 for 100.6657600402832 sec
2020-03-19 15:03:35,738 - exp_torch_topics_cluster_by_concat_img_txt_i2000_b20_1 - INFO - current val_accuracy: 0.44111846946284033
2020-03-19 15:03:35,738 - exp_torch_topics_cluster_by_concat_img_txt_i2000_b20_1 - INFO - start step #24
2020-03-19 15:59:00,680 - exp_torch_topics_cluster_by_concat_img_txt_i2000_b20_1 - INFO - finish step #24 for 3324.9416439533234 sec
2020-03-19 15:59:00,681 - exp_torch_topics_cluster_by_concat_img_txt_i2000_b20_1 - INFO - current val_accuracy: 0.4385577630610743
2020-03-19 15:59:00,681 - exp_torch_topics_cluster_by_concat_img_txt_i2000_b20_1 - INFO - start step #25
2020-03-19 16:00:44,607 - exp_torch_topics_cluster_by_concat_img_txt_i2000_b20_1 - INFO - finish step #25 for 103.9258680343628 sec
2020-03-19 16:00:44,608 - exp_torch_topics_cluster_by_concat_img_txt_i2000_b20_1 - INFO - current val_accuracy: 0.4357910228108904
2020-03-19 16:00:44,608 - exp_torch_topics_cluster_by_concat_img_txt_i2000_b20_1 - INFO - start step #26
2020-03-19 16:02:15,147 - exp_torch_topics_cluster_by_concat_img_txt_i2000_b20_1 - INFO - finish step #26 for 90.53831601142883 sec
2020-03-19 16:02:15,148 - exp_torch_topics_cluster_by_concat_img_txt_i2000_b20_1 - INFO - current val_accuracy: 0.4406181015452539
2020-03-19 16:02:15,148 - exp_torch_topics_cluster_by_concat_img_txt_i2000_b20_1 - INFO - start step #27
2020-03-19 16:03:50,344 - exp_torch_topics_cluster_by_concat_img_txt_i2000_b20_1 - INFO - finish step #27 for 95.19601798057556 sec
2020-03-19 16:03:50,344 - exp_torch_topics_cluster_by_concat_img_txt_i2000_b20_1 - INFO - current val_accuracy: 0.44211920529801324
2020-03-19 16:03:50,345 - exp_torch_topics_cluster_by_concat_img_txt_i2000_b20_1 - INFO - start step #28
2020-03-19 16:05:38,462 - exp_torch_topics_cluster_by_concat_img_txt_i2000_b20_1 - INFO - finish step #28 for 108.11759209632874 sec
2020-03-19 16:05:38,463 - exp_torch_topics_cluster_by_concat_img_txt_i2000_b20_1 - INFO - current val_accuracy: 0.4377336276674025
2020-03-19 16:05:38,464 - exp_torch_topics_cluster_by_concat_img_txt_i2000_b20_1 - INFO - start step #29
2020-03-19 16:07:17,795 - exp_torch_topics_cluster_by_concat_img_txt_i2000_b20_1 - INFO - finish step #29 for 99.33087491989136 sec
2020-03-19 16:07:17,795 - exp_torch_topics_cluster_by_concat_img_txt_i2000_b20_1 - INFO - current val_accuracy: 0.43275938189845475
2020-03-19 16:07:17,795 - exp_torch_topics_cluster_by_concat_img_txt_i2000_b20_1 - INFO - finish experiment process for 7124.00980591774 sec
