2020-03-29 20:56:19,258 - exp_torch_topics_d128_margin_i2000_b20_q100_up_if4_512_2 - INFO - start experiment process
2020-03-29 20:56:23,028 - exp_torch_topics_d128_margin_i2000_b20_q100_up_if4_512_2 - INFO - initial val_accuracy: 0.4395290654893304
2020-03-29 20:56:23,028 - exp_torch_topics_d128_margin_i2000_b20_q100_up_if4_512_2 - INFO - start step #0
2020-03-29 20:56:41,314 - exp_torch_topics_d128_margin_i2000_b20_q100_up_if4_512_2 - INFO - query idx: [ 3188 56410 60204 84251 40451 45758 43059 58383 56728 85344 34040 20866
 72902 57740 61873 90682 93469 99802 63561 21116]
2020-03-29 20:56:48,169 - exp_torch_topics_d128_margin_i2000_b20_q100_up_if4_512_2 - INFO - finish step #0 for 25.14080834388733 sec
2020-03-29 20:56:48,169 - exp_torch_topics_d128_margin_i2000_b20_q100_up_if4_512_2 - INFO - current val_accuracy: 0.43864606328182487
2020-03-29 20:56:48,169 - exp_torch_topics_d128_margin_i2000_b20_q100_up_if4_512_2 - INFO - start step #1
2020-03-29 20:56:56,351 - exp_torch_topics_d128_margin_i2000_b20_q100_up_if4_512_2 - INFO - query idx: [89851 25279 38134 43000 53029 91623 22517 60066 55648 57997 94278  4310
 12089 68579 52926 78377 17326 25564  3560 72538]
2020-03-29 20:56:59,525 - exp_torch_topics_d128_margin_i2000_b20_q100_up_if4_512_2 - INFO - finish step #1 for 11.355844974517822 sec
2020-03-29 20:56:59,525 - exp_torch_topics_d128_margin_i2000_b20_q100_up_if4_512_2 - INFO - current val_accuracy: 0.4406181015452539
2020-03-29 20:56:59,526 - exp_torch_topics_d128_margin_i2000_b20_q100_up_if4_512_2 - INFO - start step #2
2020-03-29 20:57:07,370 - exp_torch_topics_d128_margin_i2000_b20_q100_up_if4_512_2 - INFO - query idx: [77819 66067 73176  7656 63666 90617 34459 29843 18194 80060   638   120
 23960 52238 97637   828 17455 65029 73799  7977]
2020-03-29 20:57:10,691 - exp_torch_topics_d128_margin_i2000_b20_q100_up_if4_512_2 - INFO - finish step #2 for 11.165030241012573 sec
2020-03-29 20:57:10,691 - exp_torch_topics_d128_margin_i2000_b20_q100_up_if4_512_2 - INFO - current val_accuracy: 0.441766004415011
2020-03-29 20:57:10,691 - exp_torch_topics_d128_margin_i2000_b20_q100_up_if4_512_2 - INFO - start step #3
2020-03-29 20:57:18,561 - exp_torch_topics_d128_margin_i2000_b20_q100_up_if4_512_2 - INFO - query idx: [52130 21712 43237 11987 91189 61108 50296 33735 83196 39148 17052 93359
  6487 15967 36430 22192 68752 87752 19788 28057]
2020-03-29 20:57:21,775 - exp_torch_topics_d128_margin_i2000_b20_q100_up_if4_512_2 - INFO - finish step #3 for 11.083888053894043 sec
2020-03-29 20:57:21,776 - exp_torch_topics_d128_margin_i2000_b20_q100_up_if4_512_2 - INFO - current val_accuracy: 0.44438557763061076
2020-03-29 20:57:21,776 - exp_torch_topics_d128_margin_i2000_b20_q100_up_if4_512_2 - INFO - start step #4
2020-03-29 20:57:29,659 - exp_torch_topics_d128_margin_i2000_b20_q100_up_if4_512_2 - INFO - query idx: [10031 90944 82147 73305 91078 28292 56147 19252 12872 64237 58807 65151
 89220 75949 12703 31435 70326 27348 99765 64075]
2020-03-29 20:57:33,221 - exp_torch_topics_d128_margin_i2000_b20_q100_up_if4_512_2 - INFO - finish step #4 for 11.444826126098633 sec
2020-03-29 20:57:33,221 - exp_torch_topics_d128_margin_i2000_b20_q100_up_if4_512_2 - INFO - current val_accuracy: 0.4432376747608536
2020-03-29 20:57:33,221 - exp_torch_topics_d128_margin_i2000_b20_q100_up_if4_512_2 - INFO - start step #5
2020-03-29 20:57:41,101 - exp_torch_topics_d128_margin_i2000_b20_q100_up_if4_512_2 - INFO - query idx: [ 2816 88762 33521 10529 71776  2871 75121 51199 22901 88542 43273  2435
 42316 79415 11423 21769 49892 42561 98308 86445]
2020-03-29 20:57:44,360 - exp_torch_topics_d128_margin_i2000_b20_q100_up_if4_512_2 - INFO - finish step #5 for 11.138395309448242 sec
2020-03-29 20:57:44,360 - exp_torch_topics_d128_margin_i2000_b20_q100_up_if4_512_2 - INFO - current val_accuracy: 0.44897718910963946
2020-03-29 20:57:44,360 - exp_torch_topics_d128_margin_i2000_b20_q100_up_if4_512_2 - INFO - start step #6
2020-03-29 20:57:52,043 - exp_torch_topics_d128_margin_i2000_b20_q100_up_if4_512_2 - INFO - query idx: [ 4456 66231 55887 40032 88926 15387 21423 67476 81385 88880 29863 53163
 81030 18052 82656 68085 59885 31066 57109  7075]
2020-03-29 20:57:55,419 - exp_torch_topics_d128_margin_i2000_b20_q100_up_if4_512_2 - INFO - finish step #6 for 11.058478832244873 sec
2020-03-29 20:57:55,419 - exp_torch_topics_d128_margin_i2000_b20_q100_up_if4_512_2 - INFO - current val_accuracy: 0.44991905813097866
2020-03-29 20:57:55,419 - exp_torch_topics_d128_margin_i2000_b20_q100_up_if4_512_2 - INFO - start step #7
2020-03-29 20:58:03,087 - exp_torch_topics_d128_margin_i2000_b20_q100_up_if4_512_2 - INFO - query idx: [73580 62449 54740 49765 16523 40228 74979 83212 39406  1361 21582 14807
 48728 23199 64368  3444 44687 68930 26242 31761]
2020-03-29 20:58:06,456 - exp_torch_topics_d128_margin_i2000_b20_q100_up_if4_512_2 - INFO - finish step #7 for 11.036746978759766 sec
2020-03-29 20:58:06,456 - exp_torch_topics_d128_margin_i2000_b20_q100_up_if4_512_2 - INFO - current val_accuracy: 0.4509492273730684
2020-03-29 20:58:06,456 - exp_torch_topics_d128_margin_i2000_b20_q100_up_if4_512_2 - INFO - start step #8
2020-03-29 20:58:14,187 - exp_torch_topics_d128_margin_i2000_b20_q100_up_if4_512_2 - INFO - query idx: [41373 12507 10858 25797 98438 39903  9427 91356  4927 47554 92387 29471
 23309 43781 37700 73283 13038 43134 99207 75198]
2020-03-29 20:58:17,533 - exp_torch_topics_d128_margin_i2000_b20_q100_up_if4_512_2 - INFO - finish step #8 for 11.077085971832275 sec
2020-03-29 20:58:17,534 - exp_torch_topics_d128_margin_i2000_b20_q100_up_if4_512_2 - INFO - current val_accuracy: 0.45230316409124355
2020-03-29 20:58:17,534 - exp_torch_topics_d128_margin_i2000_b20_q100_up_if4_512_2 - INFO - start step #9
2020-03-29 20:58:25,423 - exp_torch_topics_d128_margin_i2000_b20_q100_up_if4_512_2 - INFO - query idx: [96496 81931 98173 34323 75625 90776   524 49725  5376 30351 70982 18600
 54638 61314 32026 98741 10051 63990 16723 42047]
2020-03-29 20:58:28,659 - exp_torch_topics_d128_margin_i2000_b20_q100_up_if4_512_2 - INFO - finish step #9 for 11.125335931777954 sec
2020-03-29 20:58:28,660 - exp_torch_topics_d128_margin_i2000_b20_q100_up_if4_512_2 - INFO - current val_accuracy: 0.454186902133922
2020-03-29 20:58:28,660 - exp_torch_topics_d128_margin_i2000_b20_q100_up_if4_512_2 - INFO - start step #10
2020-03-29 20:58:36,509 - exp_torch_topics_d128_margin_i2000_b20_q100_up_if4_512_2 - INFO - query idx: [76386 73890 28442 82460 38818 10049 86606 39648 14985 67768 20818 94171
 50487 62074 44290 62193 76235 28269 34416 44626]
2020-03-29 20:58:39,748 - exp_torch_topics_d128_margin_i2000_b20_q100_up_if4_512_2 - INFO - finish step #10 for 11.087778091430664 sec
2020-03-29 20:58:39,749 - exp_torch_topics_d128_margin_i2000_b20_q100_up_if4_512_2 - INFO - current val_accuracy: 0.451626195732156
2020-03-29 20:58:39,749 - exp_torch_topics_d128_margin_i2000_b20_q100_up_if4_512_2 - INFO - start step #11
2020-03-29 20:58:47,498 - exp_torch_topics_d128_margin_i2000_b20_q100_up_if4_512_2 - INFO - query idx: [90958 66879 40926 44286 63988  7248 99355 56379 47651 17135 35468 85969
 80489 87712 96683 16541 69232 86882 11286 14665]
2020-03-29 20:58:50,814 - exp_torch_topics_d128_margin_i2000_b20_q100_up_if4_512_2 - INFO - finish step #11 for 11.065014839172363 sec
2020-03-29 20:58:50,814 - exp_torch_topics_d128_margin_i2000_b20_q100_up_if4_512_2 - INFO - current val_accuracy: 0.4493009565857248
2020-03-29 20:58:50,814 - exp_torch_topics_d128_margin_i2000_b20_q100_up_if4_512_2 - INFO - start step #12
2020-03-29 20:58:58,624 - exp_torch_topics_d128_margin_i2000_b20_q100_up_if4_512_2 - INFO - query idx: [62514  3255 29596 60108  3322 70870 15928 13282 65154 10577 78546 53395
 67181 81943 73495 43897 53367 94013 34836 45963]
2020-03-29 20:59:02,043 - exp_torch_topics_d128_margin_i2000_b20_q100_up_if4_512_2 - INFO - finish step #12 for 11.228229999542236 sec
2020-03-29 20:59:02,043 - exp_torch_topics_d128_margin_i2000_b20_q100_up_if4_512_2 - INFO - current val_accuracy: 0.4612214863870493
2020-03-29 20:59:02,044 - exp_torch_topics_d128_margin_i2000_b20_q100_up_if4_512_2 - INFO - start step #13
2020-03-29 20:59:10,399 - exp_torch_topics_d128_margin_i2000_b20_q100_up_if4_512_2 - INFO - query idx: [62547 91123  7978 45491 89479   197 86458 48526 89746 34816 57605 20836
 49455 44652 55302 60388 93864 34996  7168   709]
2020-03-29 20:59:14,760 - exp_torch_topics_d128_margin_i2000_b20_q100_up_if4_512_2 - INFO - finish step #13 for 12.716718196868896 sec
2020-03-29 20:59:14,761 - exp_torch_topics_d128_margin_i2000_b20_q100_up_if4_512_2 - INFO - current val_accuracy: 0.45951434878587194
2020-03-29 20:59:14,761 - exp_torch_topics_d128_margin_i2000_b20_q100_up_if4_512_2 - INFO - start step #14
2020-03-29 20:59:22,445 - exp_torch_topics_d128_margin_i2000_b20_q100_up_if4_512_2 - INFO - query idx: [ 2979 79051 95300  9299 22384  4468 37991 30747 75394 74123 60468 83608
 59930 32221 10386 10755 84000 80250 15016 86989]
2020-03-29 20:59:25,831 - exp_torch_topics_d128_margin_i2000_b20_q100_up_if4_512_2 - INFO - finish step #14 for 11.070252180099487 sec
2020-03-29 20:59:25,831 - exp_torch_topics_d128_margin_i2000_b20_q100_up_if4_512_2 - INFO - current val_accuracy: 0.46166298749080203
2020-03-29 20:59:25,832 - exp_torch_topics_d128_margin_i2000_b20_q100_up_if4_512_2 - INFO - start step #15
2020-03-29 20:59:33,782 - exp_torch_topics_d128_margin_i2000_b20_q100_up_if4_512_2 - INFO - query idx: [50020 53641 36300  3895 58656  8130 59296 22244 79133 94839 88067 82363
 33446  9962 75138 85029 52009 34493 91031 92717]
2020-03-29 20:59:37,052 - exp_torch_topics_d128_margin_i2000_b20_q100_up_if4_512_2 - INFO - finish step #15 for 11.21995496749878 sec
2020-03-29 20:59:37,052 - exp_torch_topics_d128_margin_i2000_b20_q100_up_if4_512_2 - INFO - current val_accuracy: 0.4603679175864606
2020-03-29 20:59:37,052 - exp_torch_topics_d128_margin_i2000_b20_q100_up_if4_512_2 - INFO - start step #16
2020-03-29 20:59:45,139 - exp_torch_topics_d128_margin_i2000_b20_q100_up_if4_512_2 - INFO - query idx: [15633 94692 53010  6404 65018 61596 56828 46643 60598 99384 91627 65395
 27903 68637 36656 27758 42471 21948 34433 19526]
2020-03-29 20:59:48,429 - exp_torch_topics_d128_margin_i2000_b20_q100_up_if4_512_2 - INFO - finish step #16 for 11.37644910812378 sec
2020-03-29 20:59:48,429 - exp_torch_topics_d128_margin_i2000_b20_q100_up_if4_512_2 - INFO - current val_accuracy: 0.46381162619573213
2020-03-29 20:59:48,429 - exp_torch_topics_d128_margin_i2000_b20_q100_up_if4_512_2 - INFO - start step #17
2020-03-29 21:00:00,641 - exp_torch_topics_d128_margin_i2000_b20_q100_up_if4_512_2 - INFO - query idx: [53797 10914 85435 92073 77744 18869 26971 68939 24575   938 11606 18618
 83647 83657 35897 36393 91837 53855 26658 60743]
2020-03-29 21:00:09,398 - exp_torch_topics_d128_margin_i2000_b20_q100_up_if4_512_2 - INFO - finish step #17 for 20.967975854873657 sec
2020-03-29 21:00:09,400 - exp_torch_topics_d128_margin_i2000_b20_q100_up_if4_512_2 - INFO - current val_accuracy: 0.46378219278881533
2020-03-29 21:00:09,408 - exp_torch_topics_d128_margin_i2000_b20_q100_up_if4_512_2 - INFO - start step #18
2020-03-29 21:00:19,267 - exp_torch_topics_d128_margin_i2000_b20_q100_up_if4_512_2 - INFO - query idx: [  354 90896 43655 32806 53337 50899 98392 14390 69672 92593 22979 94672
 54185 60834 69326 76939 44228 33450 36377 44033]
2020-03-29 21:00:22,623 - exp_torch_topics_d128_margin_i2000_b20_q100_up_if4_512_2 - INFO - finish step #18 for 13.214622974395752 sec
2020-03-29 21:00:22,623 - exp_torch_topics_d128_margin_i2000_b20_q100_up_if4_512_2 - INFO - current val_accuracy: 0.46195732155997055
2020-03-29 21:00:22,623 - exp_torch_topics_d128_margin_i2000_b20_q100_up_if4_512_2 - INFO - start step #19
2020-03-29 21:00:30,500 - exp_torch_topics_d128_margin_i2000_b20_q100_up_if4_512_2 - INFO - query idx: [ 8736 57216 90570 41601 22403 62979 31296 71502 44980 85650 22365   262
 75749 83251 54960 78920 94411 66753  4769 37645]
2020-03-29 21:00:33,668 - exp_torch_topics_d128_margin_i2000_b20_q100_up_if4_512_2 - INFO - finish step #19 for 11.044742822647095 sec
2020-03-29 21:00:33,668 - exp_torch_topics_d128_margin_i2000_b20_q100_up_if4_512_2 - INFO - current val_accuracy: 0.464429727740986
2020-03-29 21:00:33,669 - exp_torch_topics_d128_margin_i2000_b20_q100_up_if4_512_2 - INFO - start step #20
2020-03-29 21:00:41,606 - exp_torch_topics_d128_margin_i2000_b20_q100_up_if4_512_2 - INFO - query idx: [61319 90213 11723 86689  6466 10861 48930 83113 25913 78475  2962 88599
 15487 11508  2804 21546 76395 76771 24588 70923]
2020-03-29 21:00:45,232 - exp_torch_topics_d128_margin_i2000_b20_q100_up_if4_512_2 - INFO - finish step #20 for 11.562901020050049 sec
2020-03-29 21:00:45,232 - exp_torch_topics_d128_margin_i2000_b20_q100_up_if4_512_2 - INFO - current val_accuracy: 0.46548933038999263
2020-03-29 21:00:45,232 - exp_torch_topics_d128_margin_i2000_b20_q100_up_if4_512_2 - INFO - start step #21
2020-03-29 21:00:53,179 - exp_torch_topics_d128_margin_i2000_b20_q100_up_if4_512_2 - INFO - query idx: [24018 81718  5399 96537  2574 47158 91536 41971 12416 96502 56464 32262
  8511 49305 23455 69364 31800 90780 41961 99021]
2020-03-29 21:00:56,446 - exp_torch_topics_d128_margin_i2000_b20_q100_up_if4_512_2 - INFO - finish step #21 for 11.213827848434448 sec
2020-03-29 21:00:56,446 - exp_torch_topics_d128_margin_i2000_b20_q100_up_if4_512_2 - INFO - current val_accuracy: 0.46622516556291393
2020-03-29 21:00:56,447 - exp_torch_topics_d128_margin_i2000_b20_q100_up_if4_512_2 - INFO - start step #22
2020-03-29 21:01:04,699 - exp_torch_topics_d128_margin_i2000_b20_q100_up_if4_512_2 - INFO - query idx: [14713 47868 86055 23450 32460 94483 78198 49270 18041 37512 73023 55987
 34961 68216 60848 66975 74022 70390 46252 12842]
2020-03-29 21:01:07,923 - exp_torch_topics_d128_margin_i2000_b20_q100_up_if4_512_2 - INFO - finish step #22 for 11.476647138595581 sec
2020-03-29 21:01:07,924 - exp_torch_topics_d128_margin_i2000_b20_q100_up_if4_512_2 - INFO - current val_accuracy: 0.4655187637969095
2020-03-29 21:01:07,924 - exp_torch_topics_d128_margin_i2000_b20_q100_up_if4_512_2 - INFO - start step #23
2020-03-29 21:01:21,784 - exp_torch_topics_d128_margin_i2000_b20_q100_up_if4_512_2 - INFO - query idx: [52607 65986 54866 69269 51492 20208 61359 37717 13958 35288 71420 32621
 61122 51300 37195 87707  7864  5417 70826 66652]
2020-03-29 21:01:30,326 - exp_torch_topics_d128_margin_i2000_b20_q100_up_if4_512_2 - INFO - finish step #23 for 22.401655673980713 sec
2020-03-29 21:01:30,326 - exp_torch_topics_d128_margin_i2000_b20_q100_up_if4_512_2 - INFO - current val_accuracy: 0.4688741721854305
2020-03-29 21:01:30,326 - exp_torch_topics_d128_margin_i2000_b20_q100_up_if4_512_2 - INFO - start step #24
2020-03-29 21:01:38,331 - exp_torch_topics_d128_margin_i2000_b20_q100_up_if4_512_2 - INFO - query idx: [91114 28877 95052 38784 48154 99318 83418 29159 13494 38000 85949  8903
 53175 56913   617 93276 55594 68686 52563 78857]
2020-03-29 21:01:41,653 - exp_torch_topics_d128_margin_i2000_b20_q100_up_if4_512_2 - INFO - finish step #24 for 11.326586961746216 sec
2020-03-29 21:01:41,653 - exp_torch_topics_d128_margin_i2000_b20_q100_up_if4_512_2 - INFO - current val_accuracy: 0.4760853568800589
2020-03-29 21:01:41,653 - exp_torch_topics_d128_margin_i2000_b20_q100_up_if4_512_2 - INFO - start step #25
2020-03-29 21:01:49,476 - exp_torch_topics_d128_margin_i2000_b20_q100_up_if4_512_2 - INFO - query idx: [36428 15843 10020 42038 24718 35395 95419 65130 10218 23553 10436 61230
 39075 96250  8926 21964 62432 33267 52551 27009]
2020-03-29 21:01:52,749 - exp_torch_topics_d128_margin_i2000_b20_q100_up_if4_512_2 - INFO - finish step #25 for 11.095900058746338 sec
2020-03-29 21:01:52,750 - exp_torch_topics_d128_margin_i2000_b20_q100_up_if4_512_2 - INFO - current val_accuracy: 0.47311258278145696
2020-03-29 21:01:52,750 - exp_torch_topics_d128_margin_i2000_b20_q100_up_if4_512_2 - INFO - start step #26
2020-03-29 21:02:00,779 - exp_torch_topics_d128_margin_i2000_b20_q100_up_if4_512_2 - INFO - query idx: [90852 25822 11417 40841 19575   400 15547 24990 22246  1499 69065 23173
 82027 74155 43378 81888 66322 69669 83951  4922]
2020-03-29 21:02:04,085 - exp_torch_topics_d128_margin_i2000_b20_q100_up_if4_512_2 - INFO - finish step #26 for 11.334964990615845 sec
2020-03-29 21:02:04,085 - exp_torch_topics_d128_margin_i2000_b20_q100_up_if4_512_2 - INFO - current val_accuracy: 0.4714937454010302
2020-03-29 21:02:04,085 - exp_torch_topics_d128_margin_i2000_b20_q100_up_if4_512_2 - INFO - start step #27
2020-03-29 21:02:11,835 - exp_torch_topics_d128_margin_i2000_b20_q100_up_if4_512_2 - INFO - query idx: [   73 40164 80557 41286 18563   550 42875 81043 77805 49857 60734 26854
 50889 12739 29595 38343 52091 62351 95048 70948]
2020-03-29 21:02:15,206 - exp_torch_topics_d128_margin_i2000_b20_q100_up_if4_512_2 - INFO - finish step #27 for 11.120645761489868 sec
2020-03-29 21:02:15,206 - exp_torch_topics_d128_margin_i2000_b20_q100_up_if4_512_2 - INFO - current val_accuracy: 0.4760853568800589
2020-03-29 21:02:15,206 - exp_torch_topics_d128_margin_i2000_b20_q100_up_if4_512_2 - INFO - start step #28
2020-03-29 21:02:23,146 - exp_torch_topics_d128_margin_i2000_b20_q100_up_if4_512_2 - INFO - query idx: [94153 51772 57725 33610 88034 88005 90897 72916 87267 58256 49443   881
 69761 77238 68453 48032 90949 77893  2323 37366]
2020-03-29 21:02:26,548 - exp_torch_topics_d128_margin_i2000_b20_q100_up_if4_512_2 - INFO - finish step #28 for 11.34115195274353 sec
2020-03-29 21:02:26,548 - exp_torch_topics_d128_margin_i2000_b20_q100_up_if4_512_2 - INFO - current val_accuracy: 0.4722295805739514
2020-03-29 21:02:26,548 - exp_torch_topics_d128_margin_i2000_b20_q100_up_if4_512_2 - INFO - start step #29
2020-03-29 21:02:34,360 - exp_torch_topics_d128_margin_i2000_b20_q100_up_if4_512_2 - INFO - query idx: [82248 94333 82128 54550 65951 67393 53614 62576 77420 67401 21798 17057
 18915  5272 30617 52776 71453 15647 57986 99010]
2020-03-29 21:02:37,721 - exp_torch_topics_d128_margin_i2000_b20_q100_up_if4_512_2 - INFO - finish step #29 for 11.172995805740356 sec
2020-03-29 21:02:37,721 - exp_torch_topics_d128_margin_i2000_b20_q100_up_if4_512_2 - INFO - current val_accuracy: 0.4719352465047829
2020-03-29 21:02:37,721 - exp_torch_topics_d128_margin_i2000_b20_q100_up_if4_512_2 - INFO - start step #30
2020-03-29 21:02:45,563 - exp_torch_topics_d128_margin_i2000_b20_q100_up_if4_512_2 - INFO - query idx: [92604 20337  2001 37948 82195  7296 24854 37776 32307 11577 36594 43764
 66981 12134 22580  3980 72524 24282 81691 36385]
2020-03-29 21:02:48,930 - exp_torch_topics_d128_margin_i2000_b20_q100_up_if4_512_2 - INFO - finish step #30 for 11.20813512802124 sec
2020-03-29 21:02:48,930 - exp_torch_topics_d128_margin_i2000_b20_q100_up_if4_512_2 - INFO - current val_accuracy: 0.4716997792494481
2020-03-29 21:02:48,930 - exp_torch_topics_d128_margin_i2000_b20_q100_up_if4_512_2 - INFO - start step #31
2020-03-29 21:02:56,765 - exp_torch_topics_d128_margin_i2000_b20_q100_up_if4_512_2 - INFO - query idx: [60510 58996 73297 36271 45251 92119 90870 75534 34902 78334 52504 54096
 12301  4317 27329 77613  8652 95765 61734 32931]
2020-03-29 21:03:00,184 - exp_torch_topics_d128_margin_i2000_b20_q100_up_if4_512_2 - INFO - finish step #31 for 11.25369906425476 sec
2020-03-29 21:03:00,184 - exp_torch_topics_d128_margin_i2000_b20_q100_up_if4_512_2 - INFO - current val_accuracy: 0.47487858719646797
2020-03-29 21:03:00,184 - exp_torch_topics_d128_margin_i2000_b20_q100_up_if4_512_2 - INFO - start step #32
2020-03-29 21:03:08,154 - exp_torch_topics_d128_margin_i2000_b20_q100_up_if4_512_2 - INFO - query idx: [51200 82468 46621 86703 80484 32440 11718 30007 73032 80599 38359 18302
 26984 55121  2949 63772 62362 10504 50262 75307]
2020-03-29 21:03:11,495 - exp_torch_topics_d128_margin_i2000_b20_q100_up_if4_512_2 - INFO - finish step #32 for 11.310317039489746 sec
2020-03-29 21:03:11,495 - exp_torch_topics_d128_margin_i2000_b20_q100_up_if4_512_2 - INFO - current val_accuracy: 0.47555555555555556
2020-03-29 21:03:11,495 - exp_torch_topics_d128_margin_i2000_b20_q100_up_if4_512_2 - INFO - start step #33
2020-03-29 21:03:19,347 - exp_torch_topics_d128_margin_i2000_b20_q100_up_if4_512_2 - INFO - query idx: [65618  6455 40420 41578 14220 56032 56508  9428 34172 47132  5617 11286
 82397 22294 25172 41017 87880 90819 70042 35768]
2020-03-29 21:03:22,696 - exp_torch_topics_d128_margin_i2000_b20_q100_up_if4_512_2 - INFO - finish step #33 for 11.201017141342163 sec
2020-03-29 21:03:22,697 - exp_torch_topics_d128_margin_i2000_b20_q100_up_if4_512_2 - INFO - current val_accuracy: 0.4741721854304636
2020-03-29 21:03:22,697 - exp_torch_topics_d128_margin_i2000_b20_q100_up_if4_512_2 - INFO - start step #34
2020-03-29 21:03:30,514 - exp_torch_topics_d128_margin_i2000_b20_q100_up_if4_512_2 - INFO - query idx: [81460  1351 79018 13133 10742 93843 44843 89789 28334 52001 63164 22828
 76241 69133 19684 93524 66106 76280 28301  8245]
2020-03-29 21:03:33,880 - exp_torch_topics_d128_margin_i2000_b20_q100_up_if4_512_2 - INFO - finish step #34 for 11.182828187942505 sec
2020-03-29 21:03:33,880 - exp_torch_topics_d128_margin_i2000_b20_q100_up_if4_512_2 - INFO - current val_accuracy: 0.4739955849889625
2020-03-29 21:03:33,880 - exp_torch_topics_d128_margin_i2000_b20_q100_up_if4_512_2 - INFO - start step #35
2020-03-29 21:03:41,565 - exp_torch_topics_d128_margin_i2000_b20_q100_up_if4_512_2 - INFO - query idx: [89871 90613 55075 98949 87950  9031 90736 25935 36234 66342 50223 84351
 83489 65436 69069 91417 95374   764 34029  4945]
2020-03-29 21:03:44,899 - exp_torch_topics_d128_margin_i2000_b20_q100_up_if4_512_2 - INFO - finish step #35 for 11.018306016921997 sec
2020-03-29 21:03:44,899 - exp_torch_topics_d128_margin_i2000_b20_q100_up_if4_512_2 - INFO - current val_accuracy: 0.47328918322295804
2020-03-29 21:03:44,899 - exp_torch_topics_d128_margin_i2000_b20_q100_up_if4_512_2 - INFO - start step #36
2020-03-29 21:03:52,958 - exp_torch_topics_d128_margin_i2000_b20_q100_up_if4_512_2 - INFO - query idx: [11790 89735 72349 28062 88608 46046 87870 17657 32301 85286 74743 18472
 59520 39198 94234 86260 11620    40 62278 76076]
2020-03-29 21:03:56,338 - exp_torch_topics_d128_margin_i2000_b20_q100_up_if4_512_2 - INFO - finish step #36 for 11.438659906387329 sec
2020-03-29 21:03:56,338 - exp_torch_topics_d128_margin_i2000_b20_q100_up_if4_512_2 - INFO - current val_accuracy: 0.4737601177336277
2020-03-29 21:03:56,338 - exp_torch_topics_d128_margin_i2000_b20_q100_up_if4_512_2 - INFO - start step #37
2020-03-29 21:04:04,087 - exp_torch_topics_d128_margin_i2000_b20_q100_up_if4_512_2 - INFO - query idx: [19831 67147 17571 16649 91689 76774 95565 55538 37998 82178 41011 52665
 83806 82426 84819 83809 90654 87342 53464 74721]
2020-03-29 21:04:07,447 - exp_torch_topics_d128_margin_i2000_b20_q100_up_if4_512_2 - INFO - finish step #37 for 11.10864782333374 sec
2020-03-29 21:04:07,447 - exp_torch_topics_d128_margin_i2000_b20_q100_up_if4_512_2 - INFO - current val_accuracy: 0.47387785136129507
2020-03-29 21:04:07,447 - exp_torch_topics_d128_margin_i2000_b20_q100_up_if4_512_2 - INFO - start step #38
2020-03-29 21:04:15,387 - exp_torch_topics_d128_margin_i2000_b20_q100_up_if4_512_2 - INFO - query idx: [61117 15341 97912 92032 31803 60761 17135 41607 72374 65389 43555 51870
 15143 40431 85257 83819 13041 53162 84842 44078]
2020-03-29 21:04:18,891 - exp_torch_topics_d128_margin_i2000_b20_q100_up_if4_512_2 - INFO - finish step #38 for 11.443847179412842 sec
2020-03-29 21:04:18,893 - exp_torch_topics_d128_margin_i2000_b20_q100_up_if4_512_2 - INFO - current val_accuracy: 0.4809713024282561
2020-03-29 21:04:18,893 - exp_torch_topics_d128_margin_i2000_b20_q100_up_if4_512_2 - INFO - start step #39
2020-03-29 21:04:26,869 - exp_torch_topics_d128_margin_i2000_b20_q100_up_if4_512_2 - INFO - query idx: [93127 59223 18160 86332 55413 49902 67422 33423 79492 20135 71559 52326
  5788 81510 69732 37982 60645 82619 49538 91575]
2020-03-29 21:04:30,158 - exp_torch_topics_d128_margin_i2000_b20_q100_up_if4_512_2 - INFO - finish step #39 for 11.265529870986938 sec
2020-03-29 21:04:30,159 - exp_torch_topics_d128_margin_i2000_b20_q100_up_if4_512_2 - INFO - current val_accuracy: 0.4803532008830022
2020-03-29 21:04:30,159 - exp_torch_topics_d128_margin_i2000_b20_q100_up_if4_512_2 - INFO - start step #40
2020-03-29 21:04:37,793 - exp_torch_topics_d128_margin_i2000_b20_q100_up_if4_512_2 - INFO - query idx: [76363 88521 32747 13757 70640 85473 77926 49854 21899 73463 31517 22560
 22566 25362 77897 77595 43507 80146 92766 34918]
2020-03-29 21:04:41,423 - exp_torch_topics_d128_margin_i2000_b20_q100_up_if4_512_2 - INFO - finish step #40 for 11.264029026031494 sec
2020-03-29 21:04:41,423 - exp_torch_topics_d128_margin_i2000_b20_q100_up_if4_512_2 - INFO - current val_accuracy: 0.4792347314201619
2020-03-29 21:04:41,423 - exp_torch_topics_d128_margin_i2000_b20_q100_up_if4_512_2 - INFO - start step #41
2020-03-29 21:04:49,722 - exp_torch_topics_d128_margin_i2000_b20_q100_up_if4_512_2 - INFO - query idx: [50501 21125 13724 69506 72306 73222 73299 60802 54957 77453 13068  9627
 37189 38913 39880 61009 96536 86153 93510  2749]
2020-03-29 21:04:53,544 - exp_torch_topics_d128_margin_i2000_b20_q100_up_if4_512_2 - INFO - finish step #41 for 12.120669841766357 sec
2020-03-29 21:04:53,544 - exp_torch_topics_d128_margin_i2000_b20_q100_up_if4_512_2 - INFO - current val_accuracy: 0.478822663723326
2020-03-29 21:04:53,544 - exp_torch_topics_d128_margin_i2000_b20_q100_up_if4_512_2 - INFO - start step #42
2020-03-29 21:05:01,363 - exp_torch_topics_d128_margin_i2000_b20_q100_up_if4_512_2 - INFO - query idx: [90485 15858 30197 73036 14330 15994 58987 13330 95470 73236 14173 17643
 27096 56251 93361 47762 69277 42930 83701 23881]
2020-03-29 21:05:04,880 - exp_torch_topics_d128_margin_i2000_b20_q100_up_if4_512_2 - INFO - finish step #42 for 11.335620164871216 sec
2020-03-29 21:05:04,880 - exp_torch_topics_d128_margin_i2000_b20_q100_up_if4_512_2 - INFO - current val_accuracy: 0.47602649006622516
2020-03-29 21:05:04,881 - exp_torch_topics_d128_margin_i2000_b20_q100_up_if4_512_2 - INFO - start step #43
2020-03-29 21:05:12,627 - exp_torch_topics_d128_margin_i2000_b20_q100_up_if4_512_2 - INFO - query idx: [44049 81053  5759 21093 45121 96535 68602 19254 38513 70012 72098 37026
 49274 65099 60822  8896 10199 42350 39640 50211]
2020-03-29 21:05:16,013 - exp_torch_topics_d128_margin_i2000_b20_q100_up_if4_512_2 - INFO - finish step #43 for 11.131980180740356 sec
2020-03-29 21:05:16,013 - exp_torch_topics_d128_margin_i2000_b20_q100_up_if4_512_2 - INFO - current val_accuracy: 0.48050036791758644
2020-03-29 21:05:16,013 - exp_torch_topics_d128_margin_i2000_b20_q100_up_if4_512_2 - INFO - start step #44
2020-03-29 21:05:23,816 - exp_torch_topics_d128_margin_i2000_b20_q100_up_if4_512_2 - INFO - query idx: [60146 43689  7010 28697 72505 68520 88274 29478 29412 52370 47777  9455
 54101 51999 95365 41485 50963 91390 97294 31706]
2020-03-29 21:05:27,188 - exp_torch_topics_d128_margin_i2000_b20_q100_up_if4_512_2 - INFO - finish step #44 for 11.174288988113403 sec
2020-03-29 21:05:27,188 - exp_torch_topics_d128_margin_i2000_b20_q100_up_if4_512_2 - INFO - current val_accuracy: 0.4785871964679912
2020-03-29 21:05:27,188 - exp_torch_topics_d128_margin_i2000_b20_q100_up_if4_512_2 - INFO - start step #45
2020-03-29 21:05:39,824 - exp_torch_topics_d128_margin_i2000_b20_q100_up_if4_512_2 - INFO - query idx: [82980 47731  5989 24400 64210 19352 90263  6511 60159 73288 68156 45349
 15268 83210 48435 67699 16289  2372 29110 97988]
2020-03-29 21:05:48,083 - exp_torch_topics_d128_margin_i2000_b20_q100_up_if4_512_2 - INFO - finish step #45 for 20.893948078155518 sec
2020-03-29 21:05:48,083 - exp_torch_topics_d128_margin_i2000_b20_q100_up_if4_512_2 - INFO - current val_accuracy: 0.4786754966887417
2020-03-29 21:05:48,083 - exp_torch_topics_d128_margin_i2000_b20_q100_up_if4_512_2 - INFO - start step #46
2020-03-29 21:05:58,063 - exp_torch_topics_d128_margin_i2000_b20_q100_up_if4_512_2 - INFO - query idx: [70849 84374  1473 25701 69594 31119 50454 72176 82660 52813 80944  4393
 46734 51454 76157 43868 70812  6854 20410 19350]
2020-03-29 21:06:01,455 - exp_torch_topics_d128_margin_i2000_b20_q100_up_if4_512_2 - INFO - finish step #46 for 13.371727228164673 sec
2020-03-29 21:06:01,455 - exp_torch_topics_d128_margin_i2000_b20_q100_up_if4_512_2 - INFO - current val_accuracy: 0.48347314201618835
2020-03-29 21:06:01,455 - exp_torch_topics_d128_margin_i2000_b20_q100_up_if4_512_2 - INFO - start step #47
2020-03-29 21:06:09,180 - exp_torch_topics_d128_margin_i2000_b20_q100_up_if4_512_2 - INFO - query idx: [75452 83205 59542 20685 26106 83326 53302 25936 31977 82339 80800  8684
 43085 37867 98096 95729 66238 33692 60394 85981]
2020-03-29 21:06:12,519 - exp_torch_topics_d128_margin_i2000_b20_q100_up_if4_512_2 - INFO - finish step #47 for 11.063678979873657 sec
2020-03-29 21:06:12,519 - exp_torch_topics_d128_margin_i2000_b20_q100_up_if4_512_2 - INFO - current val_accuracy: 0.4836497424576895
2020-03-29 21:06:12,519 - exp_torch_topics_d128_margin_i2000_b20_q100_up_if4_512_2 - INFO - start step #48
2020-03-29 21:06:20,396 - exp_torch_topics_d128_margin_i2000_b20_q100_up_if4_512_2 - INFO - query idx: [16926 96338  4574 11456 22989 67666 27294 63145 60626 55891 87509 60609
  2299 50957 42713 12818  2921 59571 48814 15058]
2020-03-29 21:06:23,680 - exp_torch_topics_d128_margin_i2000_b20_q100_up_if4_512_2 - INFO - finish step #48 for 11.160566091537476 sec
2020-03-29 21:06:23,680 - exp_torch_topics_d128_margin_i2000_b20_q100_up_if4_512_2 - INFO - current val_accuracy: 0.4830905077262693
2020-03-29 21:06:23,681 - exp_torch_topics_d128_margin_i2000_b20_q100_up_if4_512_2 - INFO - start step #49
2020-03-29 21:06:31,235 - exp_torch_topics_d128_margin_i2000_b20_q100_up_if4_512_2 - INFO - query idx: [34608 69293 94167 19830 63007    19 90338 51034 68436 84018 82035  8254
 95593 24897 13422  7716 92754 94332 16431 97284]
2020-03-29 21:06:34,623 - exp_torch_topics_d128_margin_i2000_b20_q100_up_if4_512_2 - INFO - finish step #49 for 10.942044973373413 sec
2020-03-29 21:06:34,623 - exp_torch_topics_d128_margin_i2000_b20_q100_up_if4_512_2 - INFO - current val_accuracy: 0.4786754966887417
2020-03-29 21:06:34,623 - exp_torch_topics_d128_margin_i2000_b20_q100_up_if4_512_2 - INFO - start step #50
2020-03-29 21:06:42,141 - exp_torch_topics_d128_margin_i2000_b20_q100_up_if4_512_2 - INFO - query idx: [54856 49673 31383 60652 18445 14139 39006 98931 58732 76581 33486 41576
 92359 47636 87340 22542 22277 91149 16596 95961]
2020-03-29 21:06:45,430 - exp_torch_topics_d128_margin_i2000_b20_q100_up_if4_512_2 - INFO - finish step #50 for 10.806471824645996 sec
2020-03-29 21:06:45,430 - exp_torch_topics_d128_margin_i2000_b20_q100_up_if4_512_2 - INFO - current val_accuracy: 0.4838852097130243
2020-03-29 21:06:45,430 - exp_torch_topics_d128_margin_i2000_b20_q100_up_if4_512_2 - INFO - start step #51
2020-03-29 21:06:52,985 - exp_torch_topics_d128_margin_i2000_b20_q100_up_if4_512_2 - INFO - query idx: [42140 14295  2328 87653 93169 63960 17473 13118 70972 47327 41376 40086
 83187 52664 39928 37076 43150 73405 78577 30651]
2020-03-29 21:06:56,521 - exp_torch_topics_d128_margin_i2000_b20_q100_up_if4_512_2 - INFO - finish step #51 for 11.090610027313232 sec
2020-03-29 21:06:56,521 - exp_torch_topics_d128_margin_i2000_b20_q100_up_if4_512_2 - INFO - current val_accuracy: 0.48553348050036793
2020-03-29 21:06:56,521 - exp_torch_topics_d128_margin_i2000_b20_q100_up_if4_512_2 - INFO - start step #52
2020-03-29 21:07:04,218 - exp_torch_topics_d128_margin_i2000_b20_q100_up_if4_512_2 - INFO - query idx: [86763 42316 77145 84741 84564 94189 38186 25541  7998 31635 81907 44313
 29974  7169 58255 62735 43001 18184  8328 96040]
2020-03-29 21:07:07,466 - exp_torch_topics_d128_margin_i2000_b20_q100_up_if4_512_2 - INFO - finish step #52 for 10.944700956344604 sec
2020-03-29 21:07:07,466 - exp_torch_topics_d128_margin_i2000_b20_q100_up_if4_512_2 - INFO - current val_accuracy: 0.483355408388521
2020-03-29 21:07:07,467 - exp_torch_topics_d128_margin_i2000_b20_q100_up_if4_512_2 - INFO - start step #53
2020-03-29 21:07:15,106 - exp_torch_topics_d128_margin_i2000_b20_q100_up_if4_512_2 - INFO - query idx: [28795 19607 12128 42917 20302 47454 52838   781 82987 40490 52458 26570
 13971 43428 80746 28868 53502  4703 67337 17507]
2020-03-29 21:07:18,539 - exp_torch_topics_d128_margin_i2000_b20_q100_up_if4_512_2 - INFO - finish step #53 for 11.072065114974976 sec
2020-03-29 21:07:18,539 - exp_torch_topics_d128_margin_i2000_b20_q100_up_if4_512_2 - INFO - current val_accuracy: 0.4860044150110375
2020-03-29 21:07:18,539 - exp_torch_topics_d128_margin_i2000_b20_q100_up_if4_512_2 - INFO - start step #54
2020-03-29 21:07:26,592 - exp_torch_topics_d128_margin_i2000_b20_q100_up_if4_512_2 - INFO - query idx: [15429 47934 87404 59323 88265 70246 84094 49910 94550 46022 49163  8387
 70511 90786 83974 34768 95909 35665 61586 94418]
2020-03-29 21:07:30,104 - exp_torch_topics_d128_margin_i2000_b20_q100_up_if4_512_2 - INFO - finish step #54 for 11.564774990081787 sec
2020-03-29 21:07:30,105 - exp_torch_topics_d128_margin_i2000_b20_q100_up_if4_512_2 - INFO - current val_accuracy: 0.48806475349521705
2020-03-29 21:07:30,105 - exp_torch_topics_d128_margin_i2000_b20_q100_up_if4_512_2 - INFO - start step #55
2020-03-29 21:07:38,003 - exp_torch_topics_d128_margin_i2000_b20_q100_up_if4_512_2 - INFO - query idx: [41476 87450 49824 62304 80773 41345 71429 60961 37240 22436 75443 47417
  7008  2160 22703 12128 11722 65884 53564 31179]
2020-03-29 21:07:41,428 - exp_torch_topics_d128_margin_i2000_b20_q100_up_if4_512_2 - INFO - finish step #55 for 11.322772026062012 sec
2020-03-29 21:07:41,428 - exp_torch_topics_d128_margin_i2000_b20_q100_up_if4_512_2 - INFO - current val_accuracy: 0.481972038263429
2020-03-29 21:07:41,428 - exp_torch_topics_d128_margin_i2000_b20_q100_up_if4_512_2 - INFO - start step #56
2020-03-29 21:07:49,148 - exp_torch_topics_d128_margin_i2000_b20_q100_up_if4_512_2 - INFO - query idx: [58292 58001 85093 90270 49511 86865  6669 35959 32170 46908 38093 67885
 86992  5040 24836  1724 26351 10853 33968 50625]
2020-03-29 21:07:52,588 - exp_torch_topics_d128_margin_i2000_b20_q100_up_if4_512_2 - INFO - finish step #56 for 11.159487009048462 sec
2020-03-29 21:07:52,588 - exp_torch_topics_d128_margin_i2000_b20_q100_up_if4_512_2 - INFO - current val_accuracy: 0.4891832229580574
2020-03-29 21:07:52,588 - exp_torch_topics_d128_margin_i2000_b20_q100_up_if4_512_2 - INFO - start step #57
2020-03-29 21:08:00,267 - exp_torch_topics_d128_margin_i2000_b20_q100_up_if4_512_2 - INFO - query idx: [ 8840 97261 19873 21791 75539 94765 72242 91641 79713 69877 96386 68334
 67693 13070  5908 11439 53267 56715 31442 64433]
2020-03-29 21:08:03,697 - exp_torch_topics_d128_margin_i2000_b20_q100_up_if4_512_2 - INFO - finish step #57 for 11.108625888824463 sec
2020-03-29 21:08:03,697 - exp_torch_topics_d128_margin_i2000_b20_q100_up_if4_512_2 - INFO - current val_accuracy: 0.4872700515084621
2020-03-29 21:08:03,698 - exp_torch_topics_d128_margin_i2000_b20_q100_up_if4_512_2 - INFO - start step #58
2020-03-29 21:08:11,701 - exp_torch_topics_d128_margin_i2000_b20_q100_up_if4_512_2 - INFO - query idx: [34964 53209 80886 22779  8616  3881 31421 58074  7594 70519 48805 44027
    84 93852 87750 16485  7840 34726  5987 60170]
2020-03-29 21:08:15,156 - exp_torch_topics_d128_margin_i2000_b20_q100_up_if4_512_2 - INFO - finish step #58 for 11.458881855010986 sec
2020-03-29 21:08:15,157 - exp_torch_topics_d128_margin_i2000_b20_q100_up_if4_512_2 - INFO - current val_accuracy: 0.4856512141280353
2020-03-29 21:08:15,157 - exp_torch_topics_d128_margin_i2000_b20_q100_up_if4_512_2 - INFO - start step #59
2020-03-29 21:08:23,015 - exp_torch_topics_d128_margin_i2000_b20_q100_up_if4_512_2 - INFO - query idx: [92477 53463 94733 47703 47413 14022 11618 87484 85624  5065 66386 69901
 51849 37063 27612 77914 33420 96040 73936 95832]
2020-03-29 21:08:26,448 - exp_torch_topics_d128_margin_i2000_b20_q100_up_if4_512_2 - INFO - finish step #59 for 11.290955066680908 sec
2020-03-29 21:08:26,448 - exp_torch_topics_d128_margin_i2000_b20_q100_up_if4_512_2 - INFO - current val_accuracy: 0.48438557763061074
2020-03-29 21:08:26,448 - exp_torch_topics_d128_margin_i2000_b20_q100_up_if4_512_2 - INFO - start step #60
2020-03-29 21:08:34,196 - exp_torch_topics_d128_margin_i2000_b20_q100_up_if4_512_2 - INFO - query idx: [59297 13210 98078 86855 33786 83351 75125 11633 67459 92070 74749  6836
 94343 47760 90385 79404 33636 65477 80979 41121]
2020-03-29 21:08:37,543 - exp_torch_topics_d128_margin_i2000_b20_q100_up_if4_512_2 - INFO - finish step #60 for 11.094606161117554 sec
2020-03-29 21:08:37,543 - exp_torch_topics_d128_margin_i2000_b20_q100_up_if4_512_2 - INFO - current val_accuracy: 0.48529801324503313
2020-03-29 21:08:37,544 - exp_torch_topics_d128_margin_i2000_b20_q100_up_if4_512_2 - INFO - start step #61
2020-03-29 21:08:45,145 - exp_torch_topics_d128_margin_i2000_b20_q100_up_if4_512_2 - INFO - query idx: [28558 11631 67955 91226  7137 27156 66412 30471 22976  5945  4400 74922
 14665 91374 42549  5341 27294  8825 91605 18614]
2020-03-29 21:08:48,586 - exp_torch_topics_d128_margin_i2000_b20_q100_up_if4_512_2 - INFO - finish step #61 for 11.042607069015503 sec
2020-03-29 21:08:48,587 - exp_torch_topics_d128_margin_i2000_b20_q100_up_if4_512_2 - INFO - current val_accuracy: 0.4860044150110375
2020-03-29 21:08:48,587 - exp_torch_topics_d128_margin_i2000_b20_q100_up_if4_512_2 - INFO - start step #62
2020-03-29 21:09:00,502 - exp_torch_topics_d128_margin_i2000_b20_q100_up_if4_512_2 - INFO - query idx: [79621 50959 57929 18118 42363   111 13689 35525 64841 23237 71410 65880
 78924 24413 45930 41022 49887 18101 60832 15163]
2020-03-29 21:09:08,680 - exp_torch_topics_d128_margin_i2000_b20_q100_up_if4_512_2 - INFO - finish step #62 for 20.09312915802002 sec
2020-03-29 21:09:08,680 - exp_torch_topics_d128_margin_i2000_b20_q100_up_if4_512_2 - INFO - current val_accuracy: 0.48373804267844
2020-03-29 21:09:08,680 - exp_torch_topics_d128_margin_i2000_b20_q100_up_if4_512_2 - INFO - start step #63
2020-03-29 21:09:15,924 - exp_torch_topics_d128_margin_i2000_b20_q100_up_if4_512_2 - INFO - query idx: [ 8031 80807 91525 43834 86464 68773   155 27540  1676 65394 27368 93194
 31320 65610 63314 98423 66947 42531 36322 80404]
2020-03-29 21:09:19,328 - exp_torch_topics_d128_margin_i2000_b20_q100_up_if4_512_2 - INFO - finish step #63 for 10.647274017333984 sec
2020-03-29 21:09:19,328 - exp_torch_topics_d128_margin_i2000_b20_q100_up_if4_512_2 - INFO - current val_accuracy: 0.49183222958057393
2020-03-29 21:09:19,328 - exp_torch_topics_d128_margin_i2000_b20_q100_up_if4_512_2 - INFO - start step #64
2020-03-29 21:09:26,874 - exp_torch_topics_d128_margin_i2000_b20_q100_up_if4_512_2 - INFO - query idx: [55778 11389 70894 53755 86721 82774 71007 11813 32257 35996 27374 73389
 70852 70598 94765 68104 96258 45130 28644 83997]
2020-03-29 21:09:30,451 - exp_torch_topics_d128_margin_i2000_b20_q100_up_if4_512_2 - INFO - finish step #64 for 11.122897148132324 sec
2020-03-29 21:09:30,451 - exp_torch_topics_d128_margin_i2000_b20_q100_up_if4_512_2 - INFO - current val_accuracy: 0.48997792494481235
2020-03-29 21:09:30,451 - exp_torch_topics_d128_margin_i2000_b20_q100_up_if4_512_2 - INFO - start step #65
2020-03-29 21:09:38,127 - exp_torch_topics_d128_margin_i2000_b20_q100_up_if4_512_2 - INFO - query idx: [51261 98529 36865 94464 88805 94086 85467 18855 43879 47530 16569 73126
 54056 39102 20253  6670 77064 83165 45240 85621]
2020-03-29 21:09:41,707 - exp_torch_topics_d128_margin_i2000_b20_q100_up_if4_512_2 - INFO - finish step #65 for 11.255139112472534 sec
2020-03-29 21:09:41,707 - exp_torch_topics_d128_margin_i2000_b20_q100_up_if4_512_2 - INFO - current val_accuracy: 0.48988962472406183
2020-03-29 21:09:41,707 - exp_torch_topics_d128_margin_i2000_b20_q100_up_if4_512_2 - INFO - start step #66
2020-03-29 21:09:49,068 - exp_torch_topics_d128_margin_i2000_b20_q100_up_if4_512_2 - INFO - query idx: [45603 49233 27146 65602 23594 89823 57055 52865 93289 41820 44749  5870
 61918  7143 55998 12106 50028 45879   211 84775]
2020-03-29 21:09:52,528 - exp_torch_topics_d128_margin_i2000_b20_q100_up_if4_512_2 - INFO - finish step #66 for 10.820426225662231 sec
2020-03-29 21:09:52,528 - exp_torch_topics_d128_margin_i2000_b20_q100_up_if4_512_2 - INFO - current val_accuracy: 0.4919205298013245
2020-03-29 21:09:52,528 - exp_torch_topics_d128_margin_i2000_b20_q100_up_if4_512_2 - INFO - start step #67
2020-03-29 21:10:00,090 - exp_torch_topics_d128_margin_i2000_b20_q100_up_if4_512_2 - INFO - query idx: [43386 79590 20529 21090 47514  4487 12178 66827 23370 56067 10121 22997
 20337 44492 95833 17765 90466 29642 12580 43244]
2020-03-29 21:10:03,415 - exp_torch_topics_d128_margin_i2000_b20_q100_up_if4_512_2 - INFO - finish step #67 for 10.886838674545288 sec
2020-03-29 21:10:03,415 - exp_torch_topics_d128_margin_i2000_b20_q100_up_if4_512_2 - INFO - current val_accuracy: 0.4907726269315673
2020-03-29 21:10:03,415 - exp_torch_topics_d128_margin_i2000_b20_q100_up_if4_512_2 - INFO - start step #68
2020-03-29 21:10:10,828 - exp_torch_topics_d128_margin_i2000_b20_q100_up_if4_512_2 - INFO - query idx: [ 5635 97997 55408 81460 96261 52141 39283 26479 10077 74617  9647 63705
 33028 19041 38172 64246 92535 29956 33059 97135]
2020-03-29 21:10:14,145 - exp_torch_topics_d128_margin_i2000_b20_q100_up_if4_512_2 - INFO - finish step #68 for 10.729892253875732 sec
2020-03-29 21:10:14,146 - exp_torch_topics_d128_margin_i2000_b20_q100_up_if4_512_2 - INFO - current val_accuracy: 0.49256806475349524
2020-03-29 21:10:14,146 - exp_torch_topics_d128_margin_i2000_b20_q100_up_if4_512_2 - INFO - start step #69
2020-03-29 21:10:21,803 - exp_torch_topics_d128_margin_i2000_b20_q100_up_if4_512_2 - INFO - query idx: [14784 93275 87983 76609 22439 79622 42835 76331 62602 57549  1481 47464
 44104 55666 45933   828 65243 83319 88790 58185]
2020-03-29 21:10:25,942 - exp_torch_topics_d128_margin_i2000_b20_q100_up_if4_512_2 - INFO - finish step #69 for 11.795470237731934 sec
2020-03-29 21:10:25,943 - exp_torch_topics_d128_margin_i2000_b20_q100_up_if4_512_2 - INFO - current val_accuracy: 0.48765268579838117
2020-03-29 21:10:25,943 - exp_torch_topics_d128_margin_i2000_b20_q100_up_if4_512_2 - INFO - start step #70
2020-03-29 21:10:33,870 - exp_torch_topics_d128_margin_i2000_b20_q100_up_if4_512_2 - INFO - query idx: [26726 45486 81389 82667 88447 61737 65688 70544 42388 36490 33583 64001
 69900 89724 40766  8438 38701 16388 52548 90885]
2020-03-29 21:10:37,314 - exp_torch_topics_d128_margin_i2000_b20_q100_up_if4_512_2 - INFO - finish step #70 for 11.371022701263428 sec
2020-03-29 21:10:37,315 - exp_torch_topics_d128_margin_i2000_b20_q100_up_if4_512_2 - INFO - current val_accuracy: 0.48874172185430464
2020-03-29 21:10:37,315 - exp_torch_topics_d128_margin_i2000_b20_q100_up_if4_512_2 - INFO - start step #71
2020-03-29 21:10:45,532 - exp_torch_topics_d128_margin_i2000_b20_q100_up_if4_512_2 - INFO - query idx: [60181 78847 28621 48384 26979 77989 42219 10397  4491 87595  8342 95211
 19867 54378   122 13403 78249  2469 24056 85148]
2020-03-29 21:10:48,974 - exp_torch_topics_d128_margin_i2000_b20_q100_up_if4_512_2 - INFO - finish step #71 for 11.659505844116211 sec
2020-03-29 21:10:48,975 - exp_torch_topics_d128_margin_i2000_b20_q100_up_if4_512_2 - INFO - current val_accuracy: 0.4903899926416483
2020-03-29 21:10:48,975 - exp_torch_topics_d128_margin_i2000_b20_q100_up_if4_512_2 - INFO - start step #72
2020-03-29 21:10:56,628 - exp_torch_topics_d128_margin_i2000_b20_q100_up_if4_512_2 - INFO - query idx: [27199 71389 98231 70586 48930 58349 36876 69352 18256 61851 43776 25663
 76775 59853 39362  7011 48495 88267 21016 15467]
2020-03-29 21:11:00,353 - exp_torch_topics_d128_margin_i2000_b20_q100_up_if4_512_2 - INFO - finish step #72 for 11.378350973129272 sec
2020-03-29 21:11:00,354 - exp_torch_topics_d128_margin_i2000_b20_q100_up_if4_512_2 - INFO - current val_accuracy: 0.48782928623988225
2020-03-29 21:11:00,354 - exp_torch_topics_d128_margin_i2000_b20_q100_up_if4_512_2 - INFO - start step #73
2020-03-29 21:11:07,981 - exp_torch_topics_d128_margin_i2000_b20_q100_up_if4_512_2 - INFO - query idx: [88124 45268  8342 42113 59456 15111 67290 90948 71117 71167 32183 48469
 61801 36825 10166 25048 72646 25464 88047 70380]
2020-03-29 21:11:11,313 - exp_torch_topics_d128_margin_i2000_b20_q100_up_if4_512_2 - INFO - finish step #73 for 10.95960783958435 sec
2020-03-29 21:11:11,314 - exp_torch_topics_d128_margin_i2000_b20_q100_up_if4_512_2 - INFO - current val_accuracy: 0.4897130242825607
2020-03-29 21:11:11,314 - exp_torch_topics_d128_margin_i2000_b20_q100_up_if4_512_2 - INFO - start step #74
2020-03-29 21:11:18,704 - exp_torch_topics_d128_margin_i2000_b20_q100_up_if4_512_2 - INFO - query idx: [87253 22869 49528 81446  7989 48822 80068 35178 95459  2971 96226 85545
 87210 52408 19964 52775 72420 17284 54838 40422]
2020-03-29 21:11:22,036 - exp_torch_topics_d128_margin_i2000_b20_q100_up_if4_512_2 - INFO - finish step #74 for 10.722157001495361 sec
2020-03-29 21:11:22,036 - exp_torch_topics_d128_margin_i2000_b20_q100_up_if4_512_2 - INFO - current val_accuracy: 0.491626195732156
2020-03-29 21:11:22,037 - exp_torch_topics_d128_margin_i2000_b20_q100_up_if4_512_2 - INFO - start step #75
2020-03-29 21:11:29,564 - exp_torch_topics_d128_margin_i2000_b20_q100_up_if4_512_2 - INFO - query idx: [  276 46871 13028 89349 95188 31908 19631 18823 15519 69760 27459 62067
 71900 93565 95211 51704 14392 31712  2043 83752]
2020-03-29 21:11:32,911 - exp_torch_topics_d128_margin_i2000_b20_q100_up_if4_512_2 - INFO - finish step #75 for 10.874229907989502 sec
2020-03-29 21:11:32,911 - exp_torch_topics_d128_margin_i2000_b20_q100_up_if4_512_2 - INFO - current val_accuracy: 0.4912141280353201
2020-03-29 21:11:32,911 - exp_torch_topics_d128_margin_i2000_b20_q100_up_if4_512_2 - INFO - start step #76
2020-03-29 21:11:40,857 - exp_torch_topics_d128_margin_i2000_b20_q100_up_if4_512_2 - INFO - query idx: [17786 43771 12451 23854   449 91200 48140 69255 92120 45049 34168 47929
 72176 88330 94936 80926 22838 22276  1421 70356]
2020-03-29 21:11:44,311 - exp_torch_topics_d128_margin_i2000_b20_q100_up_if4_512_2 - INFO - finish step #76 for 11.399780035018921 sec
2020-03-29 21:11:44,312 - exp_torch_topics_d128_margin_i2000_b20_q100_up_if4_512_2 - INFO - current val_accuracy: 0.4932450331125828
2020-03-29 21:11:44,312 - exp_torch_topics_d128_margin_i2000_b20_q100_up_if4_512_2 - INFO - start step #77
2020-03-29 21:11:51,959 - exp_torch_topics_d128_margin_i2000_b20_q100_up_if4_512_2 - INFO - query idx: [41199 24660 45138  4201  6573 59962 90749 47023 84783 49395 49436  5582
 50139 67712 91732 13840 42280 57574 71674 72622]
2020-03-29 21:11:55,385 - exp_torch_topics_d128_margin_i2000_b20_q100_up_if4_512_2 - INFO - finish step #77 for 11.073360919952393 sec
2020-03-29 21:11:55,385 - exp_torch_topics_d128_margin_i2000_b20_q100_up_if4_512_2 - INFO - current val_accuracy: 0.4948933038999264
2020-03-29 21:11:55,386 - exp_torch_topics_d128_margin_i2000_b20_q100_up_if4_512_2 - INFO - start step #78
2020-03-29 21:12:02,918 - exp_torch_topics_d128_margin_i2000_b20_q100_up_if4_512_2 - INFO - query idx: [98386 79035 32904 43685 77978 93214 80149 64698 65034 53790 75553 62210
 63483 36393 60828 13421 66679 54599 68113 47577]
2020-03-29 21:12:06,481 - exp_torch_topics_d128_margin_i2000_b20_q100_up_if4_512_2 - INFO - finish step #78 for 11.095326900482178 sec
2020-03-29 21:12:06,481 - exp_torch_topics_d128_margin_i2000_b20_q100_up_if4_512_2 - INFO - current val_accuracy: 0.49548197203826344
2020-03-29 21:12:06,481 - exp_torch_topics_d128_margin_i2000_b20_q100_up_if4_512_2 - INFO - start step #79
2020-03-29 21:12:14,100 - exp_torch_topics_d128_margin_i2000_b20_q100_up_if4_512_2 - INFO - query idx: [57883  4893  8638 58436 49350 73372 69097 78619 23529 36967 81748 67454
 32077 63727 57521 58693 32418 57334  5873 30328]
2020-03-29 21:12:17,694 - exp_torch_topics_d128_margin_i2000_b20_q100_up_if4_512_2 - INFO - finish step #79 for 11.21239185333252 sec
2020-03-29 21:12:17,695 - exp_torch_topics_d128_margin_i2000_b20_q100_up_if4_512_2 - INFO - current val_accuracy: 0.49044885945548194
2020-03-29 21:12:17,695 - exp_torch_topics_d128_margin_i2000_b20_q100_up_if4_512_2 - INFO - start step #80
2020-03-29 21:12:25,467 - exp_torch_topics_d128_margin_i2000_b20_q100_up_if4_512_2 - INFO - query idx: [55890 75772  4116 81812  9217 77461 93213 87818 78187 72231 93937 24934
  7833 66520 36341 45877 60485 29336 43556 96097]
2020-03-29 21:12:29,073 - exp_torch_topics_d128_margin_i2000_b20_q100_up_if4_512_2 - INFO - finish step #80 for 11.377216815948486 sec
2020-03-29 21:12:29,073 - exp_torch_topics_d128_margin_i2000_b20_q100_up_if4_512_2 - INFO - current val_accuracy: 0.49518763796909493
2020-03-29 21:12:29,073 - exp_torch_topics_d128_margin_i2000_b20_q100_up_if4_512_2 - INFO - start step #81
2020-03-29 21:12:36,734 - exp_torch_topics_d128_margin_i2000_b20_q100_up_if4_512_2 - INFO - query idx: [30809 91968 89053 37143 43407 64524 71481  2047 78261  3400 29286 44494
 10258  8169 47651  9340 25529 68984 64038 54625]
2020-03-29 21:12:40,216 - exp_torch_topics_d128_margin_i2000_b20_q100_up_if4_512_2 - INFO - finish step #81 for 11.142936706542969 sec
2020-03-29 21:12:40,216 - exp_torch_topics_d128_margin_i2000_b20_q100_up_if4_512_2 - INFO - current val_accuracy: 0.49339220014716706
2020-03-29 21:12:40,217 - exp_torch_topics_d128_margin_i2000_b20_q100_up_if4_512_2 - INFO - start step #82
2020-03-29 21:12:47,979 - exp_torch_topics_d128_margin_i2000_b20_q100_up_if4_512_2 - INFO - query idx: [60983 81272 35482 36631 52755 56299 54555 86581 83896 16721  6401 82053
 39381 66044 78116 52295 35768 33714 91026 64222]
2020-03-29 21:12:51,458 - exp_torch_topics_d128_margin_i2000_b20_q100_up_if4_512_2 - INFO - finish step #82 for 11.240898132324219 sec
2020-03-29 21:12:51,458 - exp_torch_topics_d128_margin_i2000_b20_q100_up_if4_512_2 - INFO - current val_accuracy: 0.49327446651949963
2020-03-29 21:12:51,458 - exp_torch_topics_d128_margin_i2000_b20_q100_up_if4_512_2 - INFO - start step #83
2020-03-29 21:12:59,096 - exp_torch_topics_d128_margin_i2000_b20_q100_up_if4_512_2 - INFO - query idx: [32310 44397 68488 81140   430 66737 73978 12107  6407 91126  2319 37873
 37838 92289 52050  9379 38068 79868 16066 76119]
2020-03-29 21:13:02,624 - exp_torch_topics_d128_margin_i2000_b20_q100_up_if4_512_2 - INFO - finish step #83 for 11.166157960891724 sec
2020-03-29 21:13:02,624 - exp_torch_topics_d128_margin_i2000_b20_q100_up_if4_512_2 - INFO - current val_accuracy: 0.494981604120677
2020-03-29 21:13:02,625 - exp_torch_topics_d128_margin_i2000_b20_q100_up_if4_512_2 - INFO - start step #84
2020-03-29 21:13:10,604 - exp_torch_topics_d128_margin_i2000_b20_q100_up_if4_512_2 - INFO - query idx: [93437   255 26811 62222 95733 55092 18524 76492 16400 48856 11896 32048
 57260 84387 73003 15316 38253 31375 87665 67579]
2020-03-29 21:13:14,167 - exp_torch_topics_d128_margin_i2000_b20_q100_up_if4_512_2 - INFO - finish step #84 for 11.542300939559937 sec
2020-03-29 21:13:14,167 - exp_torch_topics_d128_margin_i2000_b20_q100_up_if4_512_2 - INFO - current val_accuracy: 0.496158940397351
2020-03-29 21:13:14,167 - exp_torch_topics_d128_margin_i2000_b20_q100_up_if4_512_2 - INFO - start step #85
2020-03-29 21:13:21,865 - exp_torch_topics_d128_margin_i2000_b20_q100_up_if4_512_2 - INFO - query idx: [72616 18060 51205 63904 42160  8445 22971  4086  6040 30191  8832 80091
 74134 30456 62872 75184 72570 26100 66443 14352]
2020-03-29 21:13:25,348 - exp_torch_topics_d128_margin_i2000_b20_q100_up_if4_512_2 - INFO - finish step #85 for 11.180101871490479 sec
2020-03-29 21:13:25,348 - exp_torch_topics_d128_margin_i2000_b20_q100_up_if4_512_2 - INFO - current val_accuracy: 0.49427520235467254
2020-03-29 21:13:25,348 - exp_torch_topics_d128_margin_i2000_b20_q100_up_if4_512_2 - INFO - start step #86
2020-03-29 21:13:33,072 - exp_torch_topics_d128_margin_i2000_b20_q100_up_if4_512_2 - INFO - query idx: [52417 91477 54517 89626 50539 40925 22389 41461  6875 12210 61870 96773
 12627 91150 69291 95793 48690  9318 66636 51220]
2020-03-29 21:13:36,717 - exp_torch_topics_d128_margin_i2000_b20_q100_up_if4_512_2 - INFO - finish step #86 for 11.369074821472168 sec
2020-03-29 21:13:36,717 - exp_torch_topics_d128_margin_i2000_b20_q100_up_if4_512_2 - INFO - current val_accuracy: 0.4958057395143488
2020-03-29 21:13:36,718 - exp_torch_topics_d128_margin_i2000_b20_q100_up_if4_512_2 - INFO - start step #87
2020-03-29 21:13:44,186 - exp_torch_topics_d128_margin_i2000_b20_q100_up_if4_512_2 - INFO - query idx: [50181 84704 47517 98091 41856 78494 31144 90140  9992 78830 49529 22996
 13141 48380 30717 36185 44497 50570 43011  6731]
2020-03-29 21:13:47,631 - exp_torch_topics_d128_margin_i2000_b20_q100_up_if4_512_2 - INFO - finish step #87 for 10.913066864013672 sec
2020-03-29 21:13:47,631 - exp_torch_topics_d128_margin_i2000_b20_q100_up_if4_512_2 - INFO - current val_accuracy: 0.49403973509933774
2020-03-29 21:13:47,631 - exp_torch_topics_d128_margin_i2000_b20_q100_up_if4_512_2 - INFO - start step #88
2020-03-29 21:13:55,207 - exp_torch_topics_d128_margin_i2000_b20_q100_up_if4_512_2 - INFO - query idx: [28543 89271 40457 90822 56435 89804 55569 94685 34524 63247 63218 65244
 63139 66101 76932 51105 96509 39787 82172 95149]
2020-03-29 21:13:58,699 - exp_torch_topics_d128_margin_i2000_b20_q100_up_if4_512_2 - INFO - finish step #88 for 11.067623138427734 sec
2020-03-29 21:13:58,699 - exp_torch_topics_d128_margin_i2000_b20_q100_up_if4_512_2 - INFO - current val_accuracy: 0.4959234731420162
2020-03-29 21:13:58,700 - exp_torch_topics_d128_margin_i2000_b20_q100_up_if4_512_2 - INFO - start step #89
2020-03-29 21:14:06,324 - exp_torch_topics_d128_margin_i2000_b20_q100_up_if4_512_2 - INFO - query idx: [45342 49107 88359 44320 62595 41335 35286 69697 56074 46413  1837  6181
 31535 80102 81982 82172 54866 40153  6770 41259]
2020-03-29 21:14:09,772 - exp_torch_topics_d128_margin_i2000_b20_q100_up_if4_512_2 - INFO - finish step #89 for 11.07202410697937 sec
2020-03-29 21:14:09,772 - exp_torch_topics_d128_margin_i2000_b20_q100_up_if4_512_2 - INFO - current val_accuracy: 0.4942163355408388
2020-03-29 21:14:09,772 - exp_torch_topics_d128_margin_i2000_b20_q100_up_if4_512_2 - INFO - start step #90
2020-03-29 21:14:17,285 - exp_torch_topics_d128_margin_i2000_b20_q100_up_if4_512_2 - INFO - query idx: [45166  3782 30568 55895 51373 27527 50645 42257 44281 69332  6863 89308
 31408   310 15887 48894 87634  1184 30723 64067]
2020-03-29 21:14:20,987 - exp_torch_topics_d128_margin_i2000_b20_q100_up_if4_512_2 - INFO - finish step #90 for 11.214388132095337 sec
2020-03-29 21:14:20,987 - exp_torch_topics_d128_margin_i2000_b20_q100_up_if4_512_2 - INFO - current val_accuracy: 0.4988373804267844
2020-03-29 21:14:20,987 - exp_torch_topics_d128_margin_i2000_b20_q100_up_if4_512_2 - INFO - start step #91
2020-03-29 21:14:28,650 - exp_torch_topics_d128_margin_i2000_b20_q100_up_if4_512_2 - INFO - query idx: [29303 35966 81054 43160 95211 33152 25838 72100 24501 41376 30087 41161
 54890  1986 16208 12675 39115 40206 78109   349]
2020-03-29 21:14:32,176 - exp_torch_topics_d128_margin_i2000_b20_q100_up_if4_512_2 - INFO - finish step #91 for 11.189279079437256 sec
2020-03-29 21:14:32,177 - exp_torch_topics_d128_margin_i2000_b20_q100_up_if4_512_2 - INFO - current val_accuracy: 0.5000735835172921
2020-03-29 21:14:32,177 - exp_torch_topics_d128_margin_i2000_b20_q100_up_if4_512_2 - INFO - start step #92
2020-03-29 21:14:39,723 - exp_torch_topics_d128_margin_i2000_b20_q100_up_if4_512_2 - INFO - query idx: [39005 23090 37892 59121 28367 22337 58157 93628 74150 24747 83863 92371
 87978 44109 15634 80068 49020 41259 32211 17187]
2020-03-29 21:14:43,188 - exp_torch_topics_d128_margin_i2000_b20_q100_up_if4_512_2 - INFO - finish step #92 for 11.011547803878784 sec
2020-03-29 21:14:43,189 - exp_torch_topics_d128_margin_i2000_b20_q100_up_if4_512_2 - INFO - current val_accuracy: 0.4984841795437822
2020-03-29 21:14:43,189 - exp_torch_topics_d128_margin_i2000_b20_q100_up_if4_512_2 - INFO - start step #93
2020-03-29 21:14:50,830 - exp_torch_topics_d128_margin_i2000_b20_q100_up_if4_512_2 - INFO - query idx: [69948 50330 51652 12626 52643 73819 79755 65009 66634 23198 67474 44501
 53476   799 44698 27617  9547 40058  8060 38909]
2020-03-29 21:14:54,326 - exp_torch_topics_d128_margin_i2000_b20_q100_up_if4_512_2 - INFO - finish step #93 for 11.137087106704712 sec
2020-03-29 21:14:54,326 - exp_torch_topics_d128_margin_i2000_b20_q100_up_if4_512_2 - INFO - current val_accuracy: 0.497336276674025
2020-03-29 21:14:54,327 - exp_torch_topics_d128_margin_i2000_b20_q100_up_if4_512_2 - INFO - start step #94
2020-03-29 21:15:01,902 - exp_torch_topics_d128_margin_i2000_b20_q100_up_if4_512_2 - INFO - query idx: [86974 71836 13628 98011 14741 15780 75480 60234 85195 73084 27473 34835
 22143 10516 27282 13203 67939 96812  3484 27980]
2020-03-29 21:15:05,589 - exp_torch_topics_d128_margin_i2000_b20_q100_up_if4_512_2 - INFO - finish step #94 for 11.262125968933105 sec
2020-03-29 21:15:05,589 - exp_torch_topics_d128_margin_i2000_b20_q100_up_if4_512_2 - INFO - current val_accuracy: 0.4994260485651214
2020-03-29 21:15:05,589 - exp_torch_topics_d128_margin_i2000_b20_q100_up_if4_512_2 - INFO - start step #95
2020-03-29 21:15:13,125 - exp_torch_topics_d128_margin_i2000_b20_q100_up_if4_512_2 - INFO - query idx: [13462 39098 53659 83283 37083 11806 44767 85304 14396 39609 82516 61566
  6532  7014 52404 92720  3869 93446 86420 77988]
2020-03-29 21:15:16,571 - exp_torch_topics_d128_margin_i2000_b20_q100_up_if4_512_2 - INFO - finish step #95 for 10.98131012916565 sec
2020-03-29 21:15:16,571 - exp_torch_topics_d128_margin_i2000_b20_q100_up_if4_512_2 - INFO - current val_accuracy: 0.502281089036056
2020-03-29 21:15:16,571 - exp_torch_topics_d128_margin_i2000_b20_q100_up_if4_512_2 - INFO - start step #96
2020-03-29 21:15:25,440 - exp_torch_topics_d128_margin_i2000_b20_q100_up_if4_512_2 - INFO - query idx: [83873 81946 13596  2509 90340 90072 24833 68498  9196 29998 69070 20032
 95223 59210 64502 25660 27041 78346 62040 38387]
2020-03-29 21:15:29,270 - exp_torch_topics_d128_margin_i2000_b20_q100_up_if4_512_2 - INFO - finish step #96 for 12.698502779006958 sec
2020-03-29 21:15:29,270 - exp_torch_topics_d128_margin_i2000_b20_q100_up_if4_512_2 - INFO - current val_accuracy: 0.5021339220014717
2020-03-29 21:15:29,270 - exp_torch_topics_d128_margin_i2000_b20_q100_up_if4_512_2 - INFO - start step #97
2020-03-29 21:15:37,226 - exp_torch_topics_d128_margin_i2000_b20_q100_up_if4_512_2 - INFO - query idx: [44455 48918 10366 31215  6679 96571 53333 85815 43289  4340 35824 62145
  2525 54355 20025  7745 76449 25450 73781 64928]
2020-03-29 21:15:41,432 - exp_torch_topics_d128_margin_i2000_b20_q100_up_if4_512_2 - INFO - finish step #97 for 12.161834001541138 sec
2020-03-29 21:15:41,432 - exp_torch_topics_d128_margin_i2000_b20_q100_up_if4_512_2 - INFO - current val_accuracy: 0.5054598969830758
2020-03-29 21:15:41,432 - exp_torch_topics_d128_margin_i2000_b20_q100_up_if4_512_2 - INFO - start step #98
2020-03-29 21:15:54,908 - exp_torch_topics_d128_margin_i2000_b20_q100_up_if4_512_2 - INFO - query idx: [ 7117 96061 73451 26411 41762 52618 43513 70661 11466 71814 68054 38175
 48406 92285 59147 42739 57409 37192 82951 32735]
2020-03-29 21:16:00,443 - exp_torch_topics_d128_margin_i2000_b20_q100_up_if4_512_2 - INFO - finish step #98 for 19.010533094406128 sec
2020-03-29 21:16:00,443 - exp_torch_topics_d128_margin_i2000_b20_q100_up_if4_512_2 - INFO - current val_accuracy: 0.5005445180279617
2020-03-29 21:16:00,444 - exp_torch_topics_d128_margin_i2000_b20_q100_up_if4_512_2 - INFO - start step #99
2020-03-29 21:16:08,303 - exp_torch_topics_d128_margin_i2000_b20_q100_up_if4_512_2 - INFO - query idx: [10829 68573 28051 60102 41853 47941 39127 47311 89674 65427 64332 84420
 33412 42746 85179 16174 87661  5125 19813  6543]
2020-03-29 21:16:12,488 - exp_torch_topics_d128_margin_i2000_b20_q100_up_if4_512_2 - INFO - finish step #99 for 12.044721126556396 sec
2020-03-29 21:16:12,489 - exp_torch_topics_d128_margin_i2000_b20_q100_up_if4_512_2 - INFO - current val_accuracy: 0.5016041206769684
2020-03-29 21:16:12,490 - exp_torch_topics_d128_margin_i2000_b20_q100_up_if4_512_2 - INFO - finish experiment process for 1193.2310857772827 sec
