2020-03-29 05:02:09,451 - exp_torch_topics_d128_bald_entropy5_i2000_b20_q100_sf512_3 - INFO - start experiment process
2020-03-29 05:02:16,378 - exp_torch_topics_d128_bald_entropy5_i2000_b20_q100_sf512_3 - INFO - initial val_accuracy: 0.453009565857248
2020-03-29 05:02:16,380 - exp_torch_topics_d128_bald_entropy5_i2000_b20_q100_sf512_3 - INFO - start step #0
2020-03-29 05:03:13,954 - exp_torch_topics_d128_bald_entropy5_i2000_b20_q100_sf512_3 - INFO - query idx: [89776  1749 98384 11928 22490 70955 11526  2164 30326 33300 58672  9948
 81260 67111  8018 48482 53299  7150 67729 51899]
2020-03-29 05:03:19,140 - exp_torch_topics_d128_bald_entropy5_i2000_b20_q100_sf512_3 - INFO - finish step #0 for 62.76010227203369 sec
2020-03-29 05:03:19,140 - exp_torch_topics_d128_bald_entropy5_i2000_b20_q100_sf512_3 - INFO - current val_accuracy: 0.44997792494481237
2020-03-29 05:03:19,140 - exp_torch_topics_d128_bald_entropy5_i2000_b20_q100_sf512_3 - INFO - start step #1
2020-03-29 05:04:05,258 - exp_torch_topics_d128_bald_entropy5_i2000_b20_q100_sf512_3 - INFO - query idx: [ 1236 36974  2634  7315  8401 40719 55334  9948 32351 38918 75135 71767
 87578 40093   143 44433 21112 15677 95798   755]
2020-03-29 05:04:12,103 - exp_torch_topics_d128_bald_entropy5_i2000_b20_q100_sf512_3 - INFO - finish step #1 for 52.96257996559143 sec
2020-03-29 05:04:12,103 - exp_torch_topics_d128_bald_entropy5_i2000_b20_q100_sf512_3 - INFO - current val_accuracy: 0.45312729948491537
2020-03-29 05:04:12,104 - exp_torch_topics_d128_bald_entropy5_i2000_b20_q100_sf512_3 - INFO - start step #2
2020-03-29 05:04:57,715 - exp_torch_topics_d128_bald_entropy5_i2000_b20_q100_sf512_3 - INFO - query idx: [10472 79509 21341 59226 80183 61381  7135 80017 94380 54747 84372 19780
 62883 65906 73027 49911 23668 25784 37473 97676]
2020-03-29 05:05:04,851 - exp_torch_topics_d128_bald_entropy5_i2000_b20_q100_sf512_3 - INFO - finish step #2 for 52.74693298339844 sec
2020-03-29 05:05:04,852 - exp_torch_topics_d128_bald_entropy5_i2000_b20_q100_sf512_3 - INFO - current val_accuracy: 0.4525680647534952
2020-03-29 05:05:04,852 - exp_torch_topics_d128_bald_entropy5_i2000_b20_q100_sf512_3 - INFO - start step #3
2020-03-29 05:05:53,214 - exp_torch_topics_d128_bald_entropy5_i2000_b20_q100_sf512_3 - INFO - query idx: [55843 21266 99895 95359   779 98098 60854 32316 81038 69486 86808  9612
 58383 51820 70736 44518 15762 41570 50449  8828]
2020-03-29 05:05:57,639 - exp_torch_topics_d128_bald_entropy5_i2000_b20_q100_sf512_3 - INFO - finish step #3 for 52.78749895095825 sec
2020-03-29 05:05:57,640 - exp_torch_topics_d128_bald_entropy5_i2000_b20_q100_sf512_3 - INFO - current val_accuracy: 0.45398086828550405
2020-03-29 05:05:57,640 - exp_torch_topics_d128_bald_entropy5_i2000_b20_q100_sf512_3 - INFO - start step #4
2020-03-29 05:06:43,340 - exp_torch_topics_d128_bald_entropy5_i2000_b20_q100_sf512_3 - INFO - query idx: [33748 93487 56446 11519 41527 85484  9301 75349 40333 77382 52789 74384
 77451 11554 96258 62027  7667 16914 12428 11427]
2020-03-29 05:06:50,075 - exp_torch_topics_d128_bald_entropy5_i2000_b20_q100_sf512_3 - INFO - finish step #4 for 52.43475794792175 sec
2020-03-29 05:06:50,075 - exp_torch_topics_d128_bald_entropy5_i2000_b20_q100_sf512_3 - INFO - current val_accuracy: 0.45857247976453275
2020-03-29 05:06:50,075 - exp_torch_topics_d128_bald_entropy5_i2000_b20_q100_sf512_3 - INFO - start step #5
2020-03-29 05:07:35,637 - exp_torch_topics_d128_bald_entropy5_i2000_b20_q100_sf512_3 - INFO - query idx: [82174 91921 63436 88280  8941 38785 26005 53951  2780  8489 41679 18631
 87239 45260 69947 65636 45733 17724 85748 34286]
2020-03-29 05:07:40,424 - exp_torch_topics_d128_bald_entropy5_i2000_b20_q100_sf512_3 - INFO - finish step #5 for 50.349210023880005 sec
2020-03-29 05:07:40,424 - exp_torch_topics_d128_bald_entropy5_i2000_b20_q100_sf512_3 - INFO - current val_accuracy: 0.4534216335540839
2020-03-29 05:07:40,425 - exp_torch_topics_d128_bald_entropy5_i2000_b20_q100_sf512_3 - INFO - start step #6
2020-03-29 05:08:26,216 - exp_torch_topics_d128_bald_entropy5_i2000_b20_q100_sf512_3 - INFO - query idx: [56476 41715 20498 73815 18872 18918 60305 69748 79556 15682 58589 73581
 35453 52457 32990 82716 11630 66874 18806 89118]
2020-03-29 05:08:29,762 - exp_torch_topics_d128_bald_entropy5_i2000_b20_q100_sf512_3 - INFO - finish step #6 for 49.33694291114807 sec
2020-03-29 05:08:29,762 - exp_torch_topics_d128_bald_entropy5_i2000_b20_q100_sf512_3 - INFO - current val_accuracy: 0.4594554819720383
2020-03-29 05:08:29,762 - exp_torch_topics_d128_bald_entropy5_i2000_b20_q100_sf512_3 - INFO - start step #7
2020-03-29 05:09:15,290 - exp_torch_topics_d128_bald_entropy5_i2000_b20_q100_sf512_3 - INFO - query idx: [16351 15112 29905  2796 90714 11574 52713 18802 28981  5230 34543 33088
 14059 32826 76441 44978 87947 35739 10726 88848]
2020-03-29 05:09:21,000 - exp_torch_topics_d128_bald_entropy5_i2000_b20_q100_sf512_3 - INFO - finish step #7 for 51.23826599121094 sec
2020-03-29 05:09:21,000 - exp_torch_topics_d128_bald_entropy5_i2000_b20_q100_sf512_3 - INFO - current val_accuracy: 0.46233995584988963
2020-03-29 05:09:21,001 - exp_torch_topics_d128_bald_entropy5_i2000_b20_q100_sf512_3 - INFO - start step #8
2020-03-29 05:10:06,281 - exp_torch_topics_d128_bald_entropy5_i2000_b20_q100_sf512_3 - INFO - query idx: [16128   436 28704 40553 94390 75946 92808 96254 45536 68102  8141 92618
 87967 14846 41793 29041 97101 17969 83265 46454]
2020-03-29 05:10:11,536 - exp_torch_topics_d128_bald_entropy5_i2000_b20_q100_sf512_3 - INFO - finish step #8 for 50.535017013549805 sec
2020-03-29 05:10:11,536 - exp_torch_topics_d128_bald_entropy5_i2000_b20_q100_sf512_3 - INFO - current val_accuracy: 0.4594554819720383
2020-03-29 05:10:11,536 - exp_torch_topics_d128_bald_entropy5_i2000_b20_q100_sf512_3 - INFO - start step #9
2020-03-29 05:10:55,941 - exp_torch_topics_d128_bald_entropy5_i2000_b20_q100_sf512_3 - INFO - query idx: [19708 47538 11157 76896 68303 33316 76024  2102 98527  9833 79454 92232
 50892 16951 18541 11613 63835  4349 30725 21279]
2020-03-29 05:11:01,530 - exp_torch_topics_d128_bald_entropy5_i2000_b20_q100_sf512_3 - INFO - finish step #9 for 49.99416399002075 sec
2020-03-29 05:11:01,530 - exp_torch_topics_d128_bald_entropy5_i2000_b20_q100_sf512_3 - INFO - current val_accuracy: 0.4627520235467255
2020-03-29 05:11:01,531 - exp_torch_topics_d128_bald_entropy5_i2000_b20_q100_sf512_3 - INFO - start step #10
2020-03-29 05:11:46,403 - exp_torch_topics_d128_bald_entropy5_i2000_b20_q100_sf512_3 - INFO - query idx: [96714 91862 55504 73136 88659 90602 85868 74821 19105 89160 50625 32356
 14391 79751 61521 57774 61946 64816 42796 74281]
2020-03-29 05:11:52,597 - exp_torch_topics_d128_bald_entropy5_i2000_b20_q100_sf512_3 - INFO - finish step #10 for 51.065935134887695 sec
2020-03-29 05:11:52,597 - exp_torch_topics_d128_bald_entropy5_i2000_b20_q100_sf512_3 - INFO - current val_accuracy: 0.46569536423841057
2020-03-29 05:11:52,597 - exp_torch_topics_d128_bald_entropy5_i2000_b20_q100_sf512_3 - INFO - start step #11
2020-03-29 05:12:39,413 - exp_torch_topics_d128_bald_entropy5_i2000_b20_q100_sf512_3 - INFO - query idx: [71273 88019 93573 23412 87548 68509 64603 31392 77868  6669 71628  5327
 32934 32439 31904 45214  9315 77366 63076 92368]
2020-03-29 05:12:44,206 - exp_torch_topics_d128_bald_entropy5_i2000_b20_q100_sf512_3 - INFO - finish step #11 for 51.60881209373474 sec
2020-03-29 05:12:44,206 - exp_torch_topics_d128_bald_entropy5_i2000_b20_q100_sf512_3 - INFO - current val_accuracy: 0.46469462840323766
2020-03-29 05:12:44,206 - exp_torch_topics_d128_bald_entropy5_i2000_b20_q100_sf512_3 - INFO - start step #12
2020-03-29 05:13:32,497 - exp_torch_topics_d128_bald_entropy5_i2000_b20_q100_sf512_3 - INFO - query idx: [68656 12067  9099 91326 41231 42557 85700 64262 39648 84947 95491 49003
 43038 15506 64186 42460  1289 16083 48806 84998]
2020-03-29 05:13:37,096 - exp_torch_topics_d128_bald_entropy5_i2000_b20_q100_sf512_3 - INFO - finish step #12 for 52.88956093788147 sec
2020-03-29 05:13:37,096 - exp_torch_topics_d128_bald_entropy5_i2000_b20_q100_sf512_3 - INFO - current val_accuracy: 0.4633701250919794
2020-03-29 05:13:37,098 - exp_torch_topics_d128_bald_entropy5_i2000_b20_q100_sf512_3 - INFO - start step #13
2020-03-29 05:14:25,755 - exp_torch_topics_d128_bald_entropy5_i2000_b20_q100_sf512_3 - INFO - query idx: [20161 91234 27184 57666 79531 82655 80844 70515 87763 87415 12753 92502
  4973 30482 64767 94486  2765 95790 73878 61045]
2020-03-29 05:14:32,236 - exp_torch_topics_d128_bald_entropy5_i2000_b20_q100_sf512_3 - INFO - finish step #13 for 55.13772892951965 sec
2020-03-29 05:14:32,236 - exp_torch_topics_d128_bald_entropy5_i2000_b20_q100_sf512_3 - INFO - current val_accuracy: 0.4645180279617366
2020-03-29 05:14:32,236 - exp_torch_topics_d128_bald_entropy5_i2000_b20_q100_sf512_3 - INFO - start step #14
2020-03-29 05:15:19,553 - exp_torch_topics_d128_bald_entropy5_i2000_b20_q100_sf512_3 - INFO - query idx: [69449 44824 16412 90892 19202  9634 20403 81355 61130 63379 29597 13063
 58197 57251 96040 21175 49951  1259 63011 49210]
2020-03-29 05:15:25,009 - exp_torch_topics_d128_bald_entropy5_i2000_b20_q100_sf512_3 - INFO - finish step #14 for 52.77324104309082 sec
2020-03-29 05:15:25,009 - exp_torch_topics_d128_bald_entropy5_i2000_b20_q100_sf512_3 - INFO - current val_accuracy: 0.4691979396615158
2020-03-29 05:15:25,010 - exp_torch_topics_d128_bald_entropy5_i2000_b20_q100_sf512_3 - INFO - start step #15
2020-03-29 05:16:14,148 - exp_torch_topics_d128_bald_entropy5_i2000_b20_q100_sf512_3 - INFO - query idx: [90022 35586 37051 41714 45620 65182 26890 37429 28573 14260 67335 63663
 80888 31436 23676 97848 13327 11772 52057 65738]
2020-03-29 05:16:21,057 - exp_torch_topics_d128_bald_entropy5_i2000_b20_q100_sf512_3 - INFO - finish step #15 for 56.04751801490784 sec
2020-03-29 05:16:21,057 - exp_torch_topics_d128_bald_entropy5_i2000_b20_q100_sf512_3 - INFO - current val_accuracy: 0.4682560706401766
2020-03-29 05:16:21,058 - exp_torch_topics_d128_bald_entropy5_i2000_b20_q100_sf512_3 - INFO - start step #16
2020-03-29 05:17:08,774 - exp_torch_topics_d128_bald_entropy5_i2000_b20_q100_sf512_3 - INFO - query idx: [93711 92933 52075 91464 33008 21116 42000 93337 39814 57979 55437 91811
 81385 99024  2449 80284 88787 22989 79839 56510]
2020-03-29 05:17:14,646 - exp_torch_topics_d128_bald_entropy5_i2000_b20_q100_sf512_3 - INFO - finish step #16 for 53.5879111289978 sec
2020-03-29 05:17:14,646 - exp_torch_topics_d128_bald_entropy5_i2000_b20_q100_sf512_3 - INFO - current val_accuracy: 0.46699043414275204
2020-03-29 05:17:14,646 - exp_torch_topics_d128_bald_entropy5_i2000_b20_q100_sf512_3 - INFO - start step #17
2020-03-29 05:18:02,728 - exp_torch_topics_d128_bald_entropy5_i2000_b20_q100_sf512_3 - INFO - query idx: [52891 95058 61468 80995 27828 40354 14752 54532 33573 83378 78670 55967
 31238 92511 70023 93662 20918 66513 60682 42022]
2020-03-29 05:18:12,214 - exp_torch_topics_d128_bald_entropy5_i2000_b20_q100_sf512_3 - INFO - finish step #17 for 57.56790804862976 sec
2020-03-29 05:18:12,214 - exp_torch_topics_d128_bald_entropy5_i2000_b20_q100_sf512_3 - INFO - current val_accuracy: 0.46869757174392934
2020-03-29 05:18:12,216 - exp_torch_topics_d128_bald_entropy5_i2000_b20_q100_sf512_3 - INFO - start step #18
2020-03-29 05:18:58,667 - exp_torch_topics_d128_bald_entropy5_i2000_b20_q100_sf512_3 - INFO - query idx: [44528 28264 20280 30015 70361 48632 85972 23643 84210 56512 27999 62706
 26237 26349 62240 92743 30448 50216  8003 61395]
2020-03-29 05:19:03,641 - exp_torch_topics_d128_bald_entropy5_i2000_b20_q100_sf512_3 - INFO - finish step #18 for 51.4247100353241 sec
2020-03-29 05:19:03,641 - exp_torch_topics_d128_bald_entropy5_i2000_b20_q100_sf512_3 - INFO - current val_accuracy: 0.4753495217071376
2020-03-29 05:19:03,641 - exp_torch_topics_d128_bald_entropy5_i2000_b20_q100_sf512_3 - INFO - start step #19
2020-03-29 05:19:49,062 - exp_torch_topics_d128_bald_entropy5_i2000_b20_q100_sf512_3 - INFO - query idx: [50133 83407 40222  3714 92441 84556 21074 87743 18589 66925 38445 67058
 47506 24846 42908 95514 70570 96275 45661 24652]
2020-03-29 05:19:55,871 - exp_torch_topics_d128_bald_entropy5_i2000_b20_q100_sf512_3 - INFO - finish step #19 for 52.229148864746094 sec
2020-03-29 05:19:55,871 - exp_torch_topics_d128_bald_entropy5_i2000_b20_q100_sf512_3 - INFO - current val_accuracy: 0.477439293598234
2020-03-29 05:19:55,871 - exp_torch_topics_d128_bald_entropy5_i2000_b20_q100_sf512_3 - INFO - start step #20
2020-03-29 05:20:40,775 - exp_torch_topics_d128_bald_entropy5_i2000_b20_q100_sf512_3 - INFO - query idx: [53145 35074 27913 30401  1292 99361 79406 17786 69610 37299 95762 78945
  8836 10924 40879 25293 31364 84836 85298 17936]
2020-03-29 05:20:46,828 - exp_torch_topics_d128_bald_entropy5_i2000_b20_q100_sf512_3 - INFO - finish step #20 for 50.957284688949585 sec
2020-03-29 05:20:46,829 - exp_torch_topics_d128_bald_entropy5_i2000_b20_q100_sf512_3 - INFO - current val_accuracy: 0.47711552612214864
2020-03-29 05:20:46,830 - exp_torch_topics_d128_bald_entropy5_i2000_b20_q100_sf512_3 - INFO - start step #21
2020-03-29 05:21:31,759 - exp_torch_topics_d128_bald_entropy5_i2000_b20_q100_sf512_3 - INFO - query idx: [14750  5023 16991 74969 50756 93884 80782 69866 98130 61084 62915 16812
  1763 30478 35010 44518 24744 11616 95689 15685]
2020-03-29 05:21:37,895 - exp_torch_topics_d128_bald_entropy5_i2000_b20_q100_sf512_3 - INFO - finish step #21 for 51.06481194496155 sec
2020-03-29 05:21:37,895 - exp_torch_topics_d128_bald_entropy5_i2000_b20_q100_sf512_3 - INFO - current val_accuracy: 0.47358351729212655
2020-03-29 05:21:37,895 - exp_torch_topics_d128_bald_entropy5_i2000_b20_q100_sf512_3 - INFO - start step #22
2020-03-29 05:22:24,031 - exp_torch_topics_d128_bald_entropy5_i2000_b20_q100_sf512_3 - INFO - query idx: [ 5416 28729 57559 18692 16819 13488 78272 55379 25997 73998 50830  5397
 28280 50445 69754 89469  1982 36243 21501 72594]
2020-03-29 05:22:30,429 - exp_torch_topics_d128_bald_entropy5_i2000_b20_q100_sf512_3 - INFO - finish step #22 for 52.53379702568054 sec
2020-03-29 05:22:30,429 - exp_torch_topics_d128_bald_entropy5_i2000_b20_q100_sf512_3 - INFO - current val_accuracy: 0.4741721854304636
2020-03-29 05:22:30,429 - exp_torch_topics_d128_bald_entropy5_i2000_b20_q100_sf512_3 - INFO - start step #23
2020-03-29 05:23:15,650 - exp_torch_topics_d128_bald_entropy5_i2000_b20_q100_sf512_3 - INFO - query idx: [ 2760 16413 18566 64566 63054 35203 65026 98299 25815 38941 14283 61945
 68149 50049 58408   343 86473 53257 20299 74887]
2020-03-29 05:23:21,334 - exp_torch_topics_d128_bald_entropy5_i2000_b20_q100_sf512_3 - INFO - finish step #23 for 50.90453791618347 sec
2020-03-29 05:23:21,334 - exp_torch_topics_d128_bald_entropy5_i2000_b20_q100_sf512_3 - INFO - current val_accuracy: 0.47758646063281823
2020-03-29 05:23:21,334 - exp_torch_topics_d128_bald_entropy5_i2000_b20_q100_sf512_3 - INFO - start step #24
2020-03-29 05:24:07,145 - exp_torch_topics_d128_bald_entropy5_i2000_b20_q100_sf512_3 - INFO - query idx: [28891 31162 23175 63222 83510 22442 59522 55170 89581 37957 71728 21907
 41758 29427  6210 72865 35348 57547 77627 17301]
2020-03-29 05:24:13,417 - exp_torch_topics_d128_bald_entropy5_i2000_b20_q100_sf512_3 - INFO - finish step #24 for 52.08225107192993 sec
2020-03-29 05:24:13,417 - exp_torch_topics_d128_bald_entropy5_i2000_b20_q100_sf512_3 - INFO - current val_accuracy: 0.4757027225901398
2020-03-29 05:24:13,417 - exp_torch_topics_d128_bald_entropy5_i2000_b20_q100_sf512_3 - INFO - start step #25
2020-03-29 05:25:01,659 - exp_torch_topics_d128_bald_entropy5_i2000_b20_q100_sf512_3 - INFO - query idx: [ 1767 31633 82823 88817 48162 92336 89879 12645 62292 29263 76181 22815
  1272 19208 82905 79608 67443  6825 47688 42815]
2020-03-29 05:25:11,553 - exp_torch_topics_d128_bald_entropy5_i2000_b20_q100_sf512_3 - INFO - finish step #25 for 58.13569092750549 sec
2020-03-29 05:25:11,553 - exp_torch_topics_d128_bald_entropy5_i2000_b20_q100_sf512_3 - INFO - current val_accuracy: 0.47811626195732154
2020-03-29 05:25:11,554 - exp_torch_topics_d128_bald_entropy5_i2000_b20_q100_sf512_3 - INFO - start step #26
2020-03-29 05:25:56,034 - exp_torch_topics_d128_bald_entropy5_i2000_b20_q100_sf512_3 - INFO - query idx: [33352 53689 69492 20758 24251 90918 60403 48820 53716  6911  4835 88854
 70979 29856 28134 87626 38914 35310 32920 66126]
2020-03-29 05:26:01,274 - exp_torch_topics_d128_bald_entropy5_i2000_b20_q100_sf512_3 - INFO - finish step #26 for 49.719542026519775 sec
2020-03-29 05:26:01,274 - exp_torch_topics_d128_bald_entropy5_i2000_b20_q100_sf512_3 - INFO - current val_accuracy: 0.4786754966887417
2020-03-29 05:26:01,274 - exp_torch_topics_d128_bald_entropy5_i2000_b20_q100_sf512_3 - INFO - start step #27
2020-03-29 05:26:46,725 - exp_torch_topics_d128_bald_entropy5_i2000_b20_q100_sf512_3 - INFO - query idx: [65860 53615 52120 10576 92986 71347 81537 19068 80913 60340 56710 59633
 13540 86118 26921 48426 39677  4304 24156 12887]
2020-03-29 05:26:53,537 - exp_torch_topics_d128_bald_entropy5_i2000_b20_q100_sf512_3 - INFO - finish step #27 for 52.26222825050354 sec
2020-03-29 05:26:53,537 - exp_torch_topics_d128_bald_entropy5_i2000_b20_q100_sf512_3 - INFO - current val_accuracy: 0.4784400294334069
2020-03-29 05:26:53,537 - exp_torch_topics_d128_bald_entropy5_i2000_b20_q100_sf512_3 - INFO - start step #28
2020-03-29 05:27:38,353 - exp_torch_topics_d128_bald_entropy5_i2000_b20_q100_sf512_3 - INFO - query idx: [37654 15541 39104 66493 60024 13567 77669 41067 25345 51816 54405 66084
 65631 39597 93017 95508 22821 63696 34400 87007]
2020-03-29 05:27:43,175 - exp_torch_topics_d128_bald_entropy5_i2000_b20_q100_sf512_3 - INFO - finish step #28 for 49.63780498504639 sec
2020-03-29 05:27:43,175 - exp_torch_topics_d128_bald_entropy5_i2000_b20_q100_sf512_3 - INFO - current val_accuracy: 0.4774981604120677
2020-03-29 05:27:43,175 - exp_torch_topics_d128_bald_entropy5_i2000_b20_q100_sf512_3 - INFO - start step #29
2020-03-29 05:28:30,847 - exp_torch_topics_d128_bald_entropy5_i2000_b20_q100_sf512_3 - INFO - query idx: [43340 61509 16683 67330 19967 43062 65051 62067 25641 32633 80927 38535
 51170 88727 88686 44069 73162 32150 80737 58451]
2020-03-29 05:28:40,812 - exp_torch_topics_d128_bald_entropy5_i2000_b20_q100_sf512_3 - INFO - finish step #29 for 57.63686513900757 sec
2020-03-29 05:28:40,812 - exp_torch_topics_d128_bald_entropy5_i2000_b20_q100_sf512_3 - INFO - current val_accuracy: 0.47835172921265634
2020-03-29 05:28:40,812 - exp_torch_topics_d128_bald_entropy5_i2000_b20_q100_sf512_3 - INFO - start step #30
2020-03-29 05:29:26,836 - exp_torch_topics_d128_bald_entropy5_i2000_b20_q100_sf512_3 - INFO - query idx: [ 7361 97009  5803 29835 87237 79195 98719  5827 79555  2565 47799 89656
 80648 34045  4858  2056 52602 89784 72004 93368]
2020-03-29 05:29:29,786 - exp_torch_topics_d128_bald_entropy5_i2000_b20_q100_sf512_3 - INFO - finish step #30 for 48.97347831726074 sec
2020-03-29 05:29:29,786 - exp_torch_topics_d128_bald_entropy5_i2000_b20_q100_sf512_3 - INFO - current val_accuracy: 0.48132450331125826
2020-03-29 05:29:29,786 - exp_torch_topics_d128_bald_entropy5_i2000_b20_q100_sf512_3 - INFO - start step #31
2020-03-29 05:30:16,637 - exp_torch_topics_d128_bald_entropy5_i2000_b20_q100_sf512_3 - INFO - query idx: [48152 16137 41933 40973  3921 86571 97417 80234 47943  2624 24348 17117
 14990 43647 83051 36777 97665 53573 90210 97343]
2020-03-29 05:30:23,558 - exp_torch_topics_d128_bald_entropy5_i2000_b20_q100_sf512_3 - INFO - finish step #31 for 53.77201199531555 sec
2020-03-29 05:30:23,559 - exp_torch_topics_d128_bald_entropy5_i2000_b20_q100_sf512_3 - INFO - current val_accuracy: 0.48241353936718173
2020-03-29 05:30:23,559 - exp_torch_topics_d128_bald_entropy5_i2000_b20_q100_sf512_3 - INFO - start step #32
2020-03-29 05:31:23,639 - exp_torch_topics_d128_bald_entropy5_i2000_b20_q100_sf512_3 - INFO - query idx: [95210 54331 36270 53677 61382 11654 70849 83344 80497 20018 41120 79183
 74306 81934 91458 71757 94550 34787 89647 38450]
2020-03-29 05:31:28,316 - exp_torch_topics_d128_bald_entropy5_i2000_b20_q100_sf512_3 - INFO - finish step #32 for 64.75682306289673 sec
2020-03-29 05:31:28,316 - exp_torch_topics_d128_bald_entropy5_i2000_b20_q100_sf512_3 - INFO - current val_accuracy: 0.4836497424576895
2020-03-29 05:31:28,316 - exp_torch_topics_d128_bald_entropy5_i2000_b20_q100_sf512_3 - INFO - start step #33
2020-03-29 05:32:13,865 - exp_torch_topics_d128_bald_entropy5_i2000_b20_q100_sf512_3 - INFO - query idx: [13858  3716 96469 77179 96564 88475 30678 43178 53857 96091 36652 43513
 72056 76732 75867 71828 35873 84718 93826 72591]
2020-03-29 05:32:20,318 - exp_torch_topics_d128_bald_entropy5_i2000_b20_q100_sf512_3 - INFO - finish step #33 for 52.001615047454834 sec
2020-03-29 05:32:20,318 - exp_torch_topics_d128_bald_entropy5_i2000_b20_q100_sf512_3 - INFO - current val_accuracy: 0.47688005886681384
2020-03-29 05:32:20,318 - exp_torch_topics_d128_bald_entropy5_i2000_b20_q100_sf512_3 - INFO - start step #34
2020-03-29 05:33:03,945 - exp_torch_topics_d128_bald_entropy5_i2000_b20_q100_sf512_3 - INFO - query idx: [52446 28781 21931 41031 54161 41102 85510 35857 77647 95563 75914  3394
 35407 80370 11520 30563 50899 41686 11280 73647]
2020-03-29 05:33:10,434 - exp_torch_topics_d128_bald_entropy5_i2000_b20_q100_sf512_3 - INFO - finish step #34 for 50.11625695228577 sec
2020-03-29 05:33:10,435 - exp_torch_topics_d128_bald_entropy5_i2000_b20_q100_sf512_3 - INFO - current val_accuracy: 0.4827373068432671
2020-03-29 05:33:10,435 - exp_torch_topics_d128_bald_entropy5_i2000_b20_q100_sf512_3 - INFO - start step #35
2020-03-29 05:33:54,651 - exp_torch_topics_d128_bald_entropy5_i2000_b20_q100_sf512_3 - INFO - query idx: [79806  6302 38136 53836 97568 72423 36904 61705 12944  6831 16895  6968
 91635 95997 54865 24545 31509 17057 10480 43844]
2020-03-29 05:34:00,830 - exp_torch_topics_d128_bald_entropy5_i2000_b20_q100_sf512_3 - INFO - finish step #35 for 50.39548993110657 sec
2020-03-29 05:34:00,830 - exp_torch_topics_d128_bald_entropy5_i2000_b20_q100_sf512_3 - INFO - current val_accuracy: 0.4799705665930831
2020-03-29 05:34:00,832 - exp_torch_topics_d128_bald_entropy5_i2000_b20_q100_sf512_3 - INFO - start step #36
2020-03-29 05:34:45,105 - exp_torch_topics_d128_bald_entropy5_i2000_b20_q100_sf512_3 - INFO - query idx: [79438 47142 98686 35113  1372 53570 18328 21120 47656 82451 22196 54818
 53813 12607 87711 85989  4362 86294 77450 85933]
2020-03-29 05:34:53,339 - exp_torch_topics_d128_bald_entropy5_i2000_b20_q100_sf512_3 - INFO - finish step #36 for 52.506641149520874 sec
2020-03-29 05:34:53,339 - exp_torch_topics_d128_bald_entropy5_i2000_b20_q100_sf512_3 - INFO - current val_accuracy: 0.48206033848417956
2020-03-29 05:34:53,340 - exp_torch_topics_d128_bald_entropy5_i2000_b20_q100_sf512_3 - INFO - start step #37
2020-03-29 05:35:38,617 - exp_torch_topics_d128_bald_entropy5_i2000_b20_q100_sf512_3 - INFO - query idx: [47007 21613 40256 67759 93698 92713 20241 57586 64293 55090 55287 77896
 43161 17034 21343 47245 35506 96049 64133 88517]
2020-03-29 05:35:43,954 - exp_torch_topics_d128_bald_entropy5_i2000_b20_q100_sf512_3 - INFO - finish step #37 for 50.61432981491089 sec
2020-03-29 05:35:43,955 - exp_torch_topics_d128_bald_entropy5_i2000_b20_q100_sf512_3 - INFO - current val_accuracy: 0.4867108167770419
2020-03-29 05:35:43,955 - exp_torch_topics_d128_bald_entropy5_i2000_b20_q100_sf512_3 - INFO - start step #38
2020-03-29 05:36:27,686 - exp_torch_topics_d128_bald_entropy5_i2000_b20_q100_sf512_3 - INFO - query idx: [ 4799 66913 86351 47869 36942 95247 22645 30378 32237 99152 78044  2152
 29395 39904   134 79607 64417 26787 41676 34309]
2020-03-29 05:36:33,735 - exp_torch_topics_d128_bald_entropy5_i2000_b20_q100_sf512_3 - INFO - finish step #38 for 49.780019998550415 sec
2020-03-29 05:36:33,735 - exp_torch_topics_d128_bald_entropy5_i2000_b20_q100_sf512_3 - INFO - current val_accuracy: 0.4869462840323768
2020-03-29 05:36:33,738 - exp_torch_topics_d128_bald_entropy5_i2000_b20_q100_sf512_3 - INFO - start step #39
2020-03-29 05:37:17,992 - exp_torch_topics_d128_bald_entropy5_i2000_b20_q100_sf512_3 - INFO - query idx: [37005 60396 98267 38853 95100 96539 58356 97070 72591 67583 57313 84627
 90913  9569 91381 12425 75852 67657 23052 91415]
2020-03-29 05:37:24,296 - exp_torch_topics_d128_bald_entropy5_i2000_b20_q100_sf512_3 - INFO - finish step #39 for 50.55774521827698 sec
2020-03-29 05:37:24,296 - exp_torch_topics_d128_bald_entropy5_i2000_b20_q100_sf512_3 - INFO - current val_accuracy: 0.48400294334069166
2020-03-29 05:37:24,296 - exp_torch_topics_d128_bald_entropy5_i2000_b20_q100_sf512_3 - INFO - start step #40
2020-03-29 05:38:09,020 - exp_torch_topics_d128_bald_entropy5_i2000_b20_q100_sf512_3 - INFO - query idx: [61165 87835 43294 98453 60528 43336 13322 37745 95441  5295  4483 89282
  4878 27720 24942 17366 76750 97902 74887 57480]
2020-03-29 05:38:14,999 - exp_torch_topics_d128_bald_entropy5_i2000_b20_q100_sf512_3 - INFO - finish step #40 for 50.70246386528015 sec
2020-03-29 05:38:14,999 - exp_torch_topics_d128_bald_entropy5_i2000_b20_q100_sf512_3 - INFO - current val_accuracy: 0.4858572479764533
2020-03-29 05:38:14,999 - exp_torch_topics_d128_bald_entropy5_i2000_b20_q100_sf512_3 - INFO - start step #41
2020-03-29 05:38:59,384 - exp_torch_topics_d128_bald_entropy5_i2000_b20_q100_sf512_3 - INFO - query idx: [48017 57587 59198  5708 67975 39908 78726 40801 69777 20522 52482 55530
 91020 38629 84250 32055 42750 52262 18835 69471]
2020-03-29 05:39:04,423 - exp_torch_topics_d128_bald_entropy5_i2000_b20_q100_sf512_3 - INFO - finish step #41 for 49.423617124557495 sec
2020-03-29 05:39:04,424 - exp_torch_topics_d128_bald_entropy5_i2000_b20_q100_sf512_3 - INFO - current val_accuracy: 0.48532744665195
2020-03-29 05:39:04,424 - exp_torch_topics_d128_bald_entropy5_i2000_b20_q100_sf512_3 - INFO - start step #42
2020-03-29 05:39:48,794 - exp_torch_topics_d128_bald_entropy5_i2000_b20_q100_sf512_3 - INFO - query idx: [43129 73993 24319 90569 58583 22914 73262 72541 62042 44830 22226 36870
 54474 66670 59388 62143 17643 75116 93212 84068]
2020-03-29 05:39:52,287 - exp_torch_topics_d128_bald_entropy5_i2000_b20_q100_sf512_3 - INFO - finish step #42 for 47.86306810379028 sec
2020-03-29 05:39:52,287 - exp_torch_topics_d128_bald_entropy5_i2000_b20_q100_sf512_3 - INFO - current val_accuracy: 0.48735835172921266
2020-03-29 05:39:52,288 - exp_torch_topics_d128_bald_entropy5_i2000_b20_q100_sf512_3 - INFO - start step #43
2020-03-29 05:40:36,682 - exp_torch_topics_d128_bald_entropy5_i2000_b20_q100_sf512_3 - INFO - query idx: [43967  6398 56894 84146 34562 68405 82078  1497  1511 34884  1708 63420
 72248 14076 68636 79609 11092 84969 89387 27224]
2020-03-29 05:40:43,612 - exp_torch_topics_d128_bald_entropy5_i2000_b20_q100_sf512_3 - INFO - finish step #43 for 51.32435989379883 sec
2020-03-29 05:40:43,612 - exp_torch_topics_d128_bald_entropy5_i2000_b20_q100_sf512_3 - INFO - current val_accuracy: 0.48844738778513613
2020-03-29 05:40:43,612 - exp_torch_topics_d128_bald_entropy5_i2000_b20_q100_sf512_3 - INFO - start step #44
2020-03-29 05:41:26,626 - exp_torch_topics_d128_bald_entropy5_i2000_b20_q100_sf512_3 - INFO - query idx: [50067 88232 39912 57435 17319 34931 10965 28956 84572 73766 31404 52151
 19552 12531 40871 66329 53974 94548 62334 51675]
2020-03-29 05:41:31,374 - exp_torch_topics_d128_bald_entropy5_i2000_b20_q100_sf512_3 - INFO - finish step #44 for 47.761393785476685 sec
2020-03-29 05:41:31,374 - exp_torch_topics_d128_bald_entropy5_i2000_b20_q100_sf512_3 - INFO - current val_accuracy: 0.4876232523914643
2020-03-29 05:41:31,374 - exp_torch_topics_d128_bald_entropy5_i2000_b20_q100_sf512_3 - INFO - start step #45
2020-03-29 05:42:15,833 - exp_torch_topics_d128_bald_entropy5_i2000_b20_q100_sf512_3 - INFO - query idx: [13623  5850  8599  2047 36262 43235 41114 49547 12500 22617 68636 16273
 40395 85932 30677 32839  7131 63987 15390 44160]
2020-03-29 05:42:20,205 - exp_torch_topics_d128_bald_entropy5_i2000_b20_q100_sf512_3 - INFO - finish step #45 for 48.83087420463562 sec
2020-03-29 05:42:20,205 - exp_torch_topics_d128_bald_entropy5_i2000_b20_q100_sf512_3 - INFO - current val_accuracy: 0.4885356880058867
2020-03-29 05:42:20,206 - exp_torch_topics_d128_bald_entropy5_i2000_b20_q100_sf512_3 - INFO - start step #46
2020-03-29 05:43:08,061 - exp_torch_topics_d128_bald_entropy5_i2000_b20_q100_sf512_3 - INFO - query idx: [13528 49775 21423 96341 11061 29119 74795 65277 36806 76514 58817 71165
 18442 13497 63997 15255 70372 81329 20632 88457]
2020-03-29 05:43:16,192 - exp_torch_topics_d128_bald_entropy5_i2000_b20_q100_sf512_3 - INFO - finish step #46 for 55.98604488372803 sec
2020-03-29 05:43:16,192 - exp_torch_topics_d128_bald_entropy5_i2000_b20_q100_sf512_3 - INFO - current val_accuracy: 0.4889477557027226
2020-03-29 05:43:16,192 - exp_torch_topics_d128_bald_entropy5_i2000_b20_q100_sf512_3 - INFO - start step #47
2020-03-29 05:44:01,031 - exp_torch_topics_d128_bald_entropy5_i2000_b20_q100_sf512_3 - INFO - query idx: [26440 91964 60159 88029 57821 28827 91553 82745 33096 27978 59209 54113
 12995 53200 13002 17111 71636 91812 16133 10660]
2020-03-29 05:44:05,438 - exp_torch_topics_d128_bald_entropy5_i2000_b20_q100_sf512_3 - INFO - finish step #47 for 49.24546480178833 sec
2020-03-29 05:44:05,438 - exp_torch_topics_d128_bald_entropy5_i2000_b20_q100_sf512_3 - INFO - current val_accuracy: 0.4884179543782193
2020-03-29 05:44:05,438 - exp_torch_topics_d128_bald_entropy5_i2000_b20_q100_sf512_3 - INFO - start step #48
2020-03-29 05:44:50,194 - exp_torch_topics_d128_bald_entropy5_i2000_b20_q100_sf512_3 - INFO - query idx: [50410 91293 24403 60654 47240 24500 91274 18683 51331 29371 12030 64229
 26386 65614 46879  9784 14929 51944   808 50949]
2020-03-29 05:44:56,620 - exp_torch_topics_d128_bald_entropy5_i2000_b20_q100_sf512_3 - INFO - finish step #48 for 51.181392192840576 sec
2020-03-29 05:44:56,620 - exp_torch_topics_d128_bald_entropy5_i2000_b20_q100_sf512_3 - INFO - current val_accuracy: 0.48538631346578365
2020-03-29 05:44:56,620 - exp_torch_topics_d128_bald_entropy5_i2000_b20_q100_sf512_3 - INFO - start step #49
2020-03-29 05:45:43,103 - exp_torch_topics_d128_bald_entropy5_i2000_b20_q100_sf512_3 - INFO - query idx: [66836 39485 39487 31702 42841 70940 41871 23312 48141 71214 71247 65701
  9132 28279 29391 23734  1558 38020 97112 90269]
2020-03-29 05:45:51,849 - exp_torch_topics_d128_bald_entropy5_i2000_b20_q100_sf512_3 - INFO - finish step #49 for 55.22849106788635 sec
2020-03-29 05:45:51,849 - exp_torch_topics_d128_bald_entropy5_i2000_b20_q100_sf512_3 - INFO - current val_accuracy: 0.4908609271523179
2020-03-29 05:45:51,849 - exp_torch_topics_d128_bald_entropy5_i2000_b20_q100_sf512_3 - INFO - start step #50
2020-03-29 05:46:36,313 - exp_torch_topics_d128_bald_entropy5_i2000_b20_q100_sf512_3 - INFO - query idx: [12325  7128 36889  8037 81497 60410 20679 13685 25847 16555 44870 32612
  6901 33382 73542  9565    62 13210 39315 52265]
2020-03-29 05:46:41,970 - exp_torch_topics_d128_bald_entropy5_i2000_b20_q100_sf512_3 - INFO - finish step #50 for 50.121042013168335 sec
2020-03-29 05:46:41,970 - exp_torch_topics_d128_bald_entropy5_i2000_b20_q100_sf512_3 - INFO - current val_accuracy: 0.4888888888888889
2020-03-29 05:46:41,970 - exp_torch_topics_d128_bald_entropy5_i2000_b20_q100_sf512_3 - INFO - start step #51
2020-03-29 05:47:27,510 - exp_torch_topics_d128_bald_entropy5_i2000_b20_q100_sf512_3 - INFO - query idx: [74945 21053 32628 60172 67142 51490 88809 31691 71996 20251 43260 24252
 23698 95249 44255 41327 77259 56464 50509 84539]
2020-03-29 05:47:33,320 - exp_torch_topics_d128_bald_entropy5_i2000_b20_q100_sf512_3 - INFO - finish step #51 for 51.34931492805481 sec
2020-03-29 05:47:33,320 - exp_torch_topics_d128_bald_entropy5_i2000_b20_q100_sf512_3 - INFO - current val_accuracy: 0.4896247240618102
2020-03-29 05:47:33,320 - exp_torch_topics_d128_bald_entropy5_i2000_b20_q100_sf512_3 - INFO - start step #52
2020-03-29 05:48:18,763 - exp_torch_topics_d128_bald_entropy5_i2000_b20_q100_sf512_3 - INFO - query idx: [91101 15178 25437 76358 50129 37526 83791 73629  5452 53586 45054 56389
 67047 87458 80117 66976  7893 18203  7907 14495]
2020-03-29 05:48:24,396 - exp_torch_topics_d128_bald_entropy5_i2000_b20_q100_sf512_3 - INFO - finish step #52 for 51.07543396949768 sec
2020-03-29 05:48:24,396 - exp_torch_topics_d128_bald_entropy5_i2000_b20_q100_sf512_3 - INFO - current val_accuracy: 0.4962766740250184
2020-03-29 05:48:24,396 - exp_torch_topics_d128_bald_entropy5_i2000_b20_q100_sf512_3 - INFO - start step #53
2020-03-29 05:49:09,290 - exp_torch_topics_d128_bald_entropy5_i2000_b20_q100_sf512_3 - INFO - query idx: [49205 20170  1327  1252 38453 90037 58161 44199 41030 13516 65158 55044
 95128 91355  5874  8156 12689 35842  6657 94831]
2020-03-29 05:49:15,362 - exp_torch_topics_d128_bald_entropy5_i2000_b20_q100_sf512_3 - INFO - finish step #53 for 50.96629619598389 sec
2020-03-29 05:49:15,362 - exp_torch_topics_d128_bald_entropy5_i2000_b20_q100_sf512_3 - INFO - current val_accuracy: 0.4894775570272259
2020-03-29 05:49:15,363 - exp_torch_topics_d128_bald_entropy5_i2000_b20_q100_sf512_3 - INFO - start step #54
2020-03-29 05:50:17,235 - exp_torch_topics_d128_bald_entropy5_i2000_b20_q100_sf512_3 - INFO - query idx: [42510 68234 66872 57692 57435  4750 14186 85634  8501 25602  4981 94235
 17438 86793 24130 87327 20045 91619 55488 69068]
2020-03-29 05:50:28,080 - exp_torch_topics_d128_bald_entropy5_i2000_b20_q100_sf512_3 - INFO - finish step #54 for 72.71671915054321 sec
2020-03-29 05:50:28,080 - exp_torch_topics_d128_bald_entropy5_i2000_b20_q100_sf512_3 - INFO - current val_accuracy: 0.49265636497424575
2020-03-29 05:50:28,081 - exp_torch_topics_d128_bald_entropy5_i2000_b20_q100_sf512_3 - INFO - start step #55
2020-03-29 05:51:16,932 - exp_torch_topics_d128_bald_entropy5_i2000_b20_q100_sf512_3 - INFO - query idx: [82335 81758 40033 41953 88060 47421 19672 17735 44397 36925 62194 32353
 62116  1115 68040 54959  2940 83067 79966 21915]
2020-03-29 05:51:25,655 - exp_torch_topics_d128_bald_entropy5_i2000_b20_q100_sf512_3 - INFO - finish step #55 for 57.57319116592407 sec
2020-03-29 05:51:25,655 - exp_torch_topics_d128_bald_entropy5_i2000_b20_q100_sf512_3 - INFO - current val_accuracy: 0.4908609271523179
2020-03-29 05:51:25,655 - exp_torch_topics_d128_bald_entropy5_i2000_b20_q100_sf512_3 - INFO - start step #56
2020-03-29 05:52:09,754 - exp_torch_topics_d128_bald_entropy5_i2000_b20_q100_sf512_3 - INFO - query idx: [19134  6502 63613 90518 49064 76024 89898 26381 74497  7750 57025 22346
 75471 78878  9190  9122 51104  6630 57195  3897]
2020-03-29 05:52:15,976 - exp_torch_topics_d128_bald_entropy5_i2000_b20_q100_sf512_3 - INFO - finish step #56 for 50.3202269077301 sec
2020-03-29 05:52:15,976 - exp_torch_topics_d128_bald_entropy5_i2000_b20_q100_sf512_3 - INFO - current val_accuracy: 0.49183222958057393
2020-03-29 05:52:15,976 - exp_torch_topics_d128_bald_entropy5_i2000_b20_q100_sf512_3 - INFO - start step #57
2020-03-29 05:53:00,363 - exp_torch_topics_d128_bald_entropy5_i2000_b20_q100_sf512_3 - INFO - query idx: [85024 65095 82873 17339 71719 17518 19007  4500 44802 95092 35551 92336
 42548 50012 78790 19753 60619 78979 44345 86761]
2020-03-29 05:53:06,356 - exp_torch_topics_d128_bald_entropy5_i2000_b20_q100_sf512_3 - INFO - finish step #57 for 50.37939929962158 sec
2020-03-29 05:53:06,356 - exp_torch_topics_d128_bald_entropy5_i2000_b20_q100_sf512_3 - INFO - current val_accuracy: 0.4916850625459897
2020-03-29 05:53:06,356 - exp_torch_topics_d128_bald_entropy5_i2000_b20_q100_sf512_3 - INFO - start step #58
2020-03-29 05:53:50,873 - exp_torch_topics_d128_bald_entropy5_i2000_b20_q100_sf512_3 - INFO - query idx: [58924 91893 61244 42444 58109 73777 68683 40468 87952 81695 50762   282
  8617 81308 91411 83194 88273 60283 93719 27927]
2020-03-29 05:53:57,160 - exp_torch_topics_d128_bald_entropy5_i2000_b20_q100_sf512_3 - INFO - finish step #58 for 50.80411696434021 sec
2020-03-29 05:53:57,160 - exp_torch_topics_d128_bald_entropy5_i2000_b20_q100_sf512_3 - INFO - current val_accuracy: 0.49165562913907285
2020-03-29 05:53:57,161 - exp_torch_topics_d128_bald_entropy5_i2000_b20_q100_sf512_3 - INFO - start step #59
2020-03-29 05:54:41,412 - exp_torch_topics_d128_bald_entropy5_i2000_b20_q100_sf512_3 - INFO - query idx: [62319 54110 36590 85747 56697 18310 80756  9478 85908 52250 91396 82468
 50957 36388 13624 14423 52715 44059 48038 67429]
2020-03-29 05:54:46,412 - exp_torch_topics_d128_bald_entropy5_i2000_b20_q100_sf512_3 - INFO - finish step #59 for 49.25135111808777 sec
2020-03-29 05:54:46,412 - exp_torch_topics_d128_bald_entropy5_i2000_b20_q100_sf512_3 - INFO - current val_accuracy: 0.49295069904341426
2020-03-29 05:54:46,413 - exp_torch_topics_d128_bald_entropy5_i2000_b20_q100_sf512_3 - INFO - start step #60
2020-03-29 05:55:30,623 - exp_torch_topics_d128_bald_entropy5_i2000_b20_q100_sf512_3 - INFO - query idx: [12539 90782 87223 16829 42942 91885 96260 56132 35431 63902 39016 53837
 72165 67172 79615 25504 26982 34511 20759 56215]
2020-03-29 05:55:35,920 - exp_torch_topics_d128_bald_entropy5_i2000_b20_q100_sf512_3 - INFO - finish step #60 for 49.50713086128235 sec
2020-03-29 05:55:35,920 - exp_torch_topics_d128_bald_entropy5_i2000_b20_q100_sf512_3 - INFO - current val_accuracy: 0.49577630610743195
2020-03-29 05:55:35,920 - exp_torch_topics_d128_bald_entropy5_i2000_b20_q100_sf512_3 - INFO - start step #61
2020-03-29 05:56:20,056 - exp_torch_topics_d128_bald_entropy5_i2000_b20_q100_sf512_3 - INFO - query idx: [75660 30105  5240 87447 22095 50729 42347 63744 83054   665 69680   467
 50743 66182 32414 81486 64987 52362 50848 93119]
2020-03-29 05:56:24,238 - exp_torch_topics_d128_bald_entropy5_i2000_b20_q100_sf512_3 - INFO - finish step #61 for 48.318180322647095 sec
2020-03-29 05:56:24,239 - exp_torch_topics_d128_bald_entropy5_i2000_b20_q100_sf512_3 - INFO - current val_accuracy: 0.49356880058866814
2020-03-29 05:56:24,239 - exp_torch_topics_d128_bald_entropy5_i2000_b20_q100_sf512_3 - INFO - start step #62
2020-03-29 05:57:13,453 - exp_torch_topics_d128_bald_entropy5_i2000_b20_q100_sf512_3 - INFO - query idx: [43263 82277  5276 63752 71294  1375 73600 58259  5514 20522 39488 91994
 95354 75655 65910 52537  1703 27987 24458  5772]
2020-03-29 05:57:24,624 - exp_torch_topics_d128_bald_entropy5_i2000_b20_q100_sf512_3 - INFO - finish step #62 for 60.38526105880737 sec
2020-03-29 05:57:24,624 - exp_torch_topics_d128_bald_entropy5_i2000_b20_q100_sf512_3 - INFO - current val_accuracy: 0.4953053715967623
2020-03-29 05:57:24,624 - exp_torch_topics_d128_bald_entropy5_i2000_b20_q100_sf512_3 - INFO - start step #63
2020-03-29 05:58:10,971 - exp_torch_topics_d128_bald_entropy5_i2000_b20_q100_sf512_3 - INFO - query idx: [79821 39756 71140 33691  5750 38496 67382 20630 34212 22784 37648 77460
 94577 17419 13734 22012 83916 43489 38382 20910]
2020-03-29 05:58:14,503 - exp_torch_topics_d128_bald_entropy5_i2000_b20_q100_sf512_3 - INFO - finish step #63 for 49.8788480758667 sec
2020-03-29 05:58:14,504 - exp_torch_topics_d128_bald_entropy5_i2000_b20_q100_sf512_3 - INFO - current val_accuracy: 0.49662987490802063
2020-03-29 05:58:14,504 - exp_torch_topics_d128_bald_entropy5_i2000_b20_q100_sf512_3 - INFO - start step #64
2020-03-29 05:59:00,359 - exp_torch_topics_d128_bald_entropy5_i2000_b20_q100_sf512_3 - INFO - query idx: [ 3322 70084 89273 83592 71490 43807 20804 13139 87305 74693 78760 42622
 94327 76585 98674 16214 43720 43246  9200 66070]
2020-03-29 05:59:05,075 - exp_torch_topics_d128_bald_entropy5_i2000_b20_q100_sf512_3 - INFO - finish step #64 for 50.571295976638794 sec
2020-03-29 05:59:05,075 - exp_torch_topics_d128_bald_entropy5_i2000_b20_q100_sf512_3 - INFO - current val_accuracy: 0.4943635025754231
2020-03-29 05:59:05,075 - exp_torch_topics_d128_bald_entropy5_i2000_b20_q100_sf512_3 - INFO - start step #65
2020-03-29 05:59:51,859 - exp_torch_topics_d128_bald_entropy5_i2000_b20_q100_sf512_3 - INFO - query idx: [11790 71451 58169  4514 36481 30185 81895 54417 31369 40064 13843 59968
 22141 35429 97831 71919 34172 95199 13578 25780]
2020-03-29 05:59:57,725 - exp_torch_topics_d128_bald_entropy5_i2000_b20_q100_sf512_3 - INFO - finish step #65 for 52.649810791015625 sec
2020-03-29 05:59:57,726 - exp_torch_topics_d128_bald_entropy5_i2000_b20_q100_sf512_3 - INFO - current val_accuracy: 0.49671817512877114
2020-03-29 05:59:57,726 - exp_torch_topics_d128_bald_entropy5_i2000_b20_q100_sf512_3 - INFO - start step #66
2020-03-29 06:00:43,494 - exp_torch_topics_d128_bald_entropy5_i2000_b20_q100_sf512_3 - INFO - query idx: [83494  2483 92872 69670 74805 84342 39593 11360 13128 36088 55654 86047
 15365 52443 58904 63757 58981 44790 17525 11369]
2020-03-29 06:00:51,606 - exp_torch_topics_d128_bald_entropy5_i2000_b20_q100_sf512_3 - INFO - finish step #66 for 53.88008189201355 sec
2020-03-29 06:00:51,606 - exp_torch_topics_d128_bald_entropy5_i2000_b20_q100_sf512_3 - INFO - current val_accuracy: 0.49524650478292864
2020-03-29 06:00:51,607 - exp_torch_topics_d128_bald_entropy5_i2000_b20_q100_sf512_3 - INFO - start step #67
2020-03-29 06:01:38,530 - exp_torch_topics_d128_bald_entropy5_i2000_b20_q100_sf512_3 - INFO - query idx: [20833 98526 78708 91754 46567 16585 71968  4711 29928 20937 77656 24080
 67149 61678 69222  2685 24271 42878 14116 22502]
2020-03-29 06:01:45,273 - exp_torch_topics_d128_bald_entropy5_i2000_b20_q100_sf512_3 - INFO - finish step #67 for 53.665464878082275 sec
2020-03-29 06:01:45,273 - exp_torch_topics_d128_bald_entropy5_i2000_b20_q100_sf512_3 - INFO - current val_accuracy: 0.49415746872700517
2020-03-29 06:01:45,274 - exp_torch_topics_d128_bald_entropy5_i2000_b20_q100_sf512_3 - INFO - start step #68
2020-03-29 06:02:30,948 - exp_torch_topics_d128_bald_entropy5_i2000_b20_q100_sf512_3 - INFO - query idx: [76131 13576 39233 65258 79889 16844 76865 77290 20153 43296 38122 51543
 21593 65041 31902 87630 91758 94604 57886 79150]
2020-03-29 06:02:36,948 - exp_torch_topics_d128_bald_entropy5_i2000_b20_q100_sf512_3 - INFO - finish step #68 for 51.67343997955322 sec
2020-03-29 06:02:36,948 - exp_torch_topics_d128_bald_entropy5_i2000_b20_q100_sf512_3 - INFO - current val_accuracy: 0.4979838116261957
2020-03-29 06:02:36,948 - exp_torch_topics_d128_bald_entropy5_i2000_b20_q100_sf512_3 - INFO - start step #69
2020-03-29 06:03:22,015 - exp_torch_topics_d128_bald_entropy5_i2000_b20_q100_sf512_3 - INFO - query idx: [17031 96604  1267 46000   949 30402 85421 23825 48055 54849 43431 52310
 31105 67725   314  5044 25525 29905 58566 79153]
2020-03-29 06:03:28,434 - exp_torch_topics_d128_bald_entropy5_i2000_b20_q100_sf512_3 - INFO - finish step #69 for 51.48621082305908 sec
2020-03-29 06:03:28,435 - exp_torch_topics_d128_bald_entropy5_i2000_b20_q100_sf512_3 - INFO - current val_accuracy: 0.4971302428256071
2020-03-29 06:03:28,435 - exp_torch_topics_d128_bald_entropy5_i2000_b20_q100_sf512_3 - INFO - start step #70
2020-03-29 06:04:12,814 - exp_torch_topics_d128_bald_entropy5_i2000_b20_q100_sf512_3 - INFO - query idx: [47097  1878 45307 17470  1115 87737 74030 95106 13694 18381 61080 16557
 85947  9066  1502 16751 47909 62134 14983 61753]
2020-03-29 06:04:19,195 - exp_torch_topics_d128_bald_entropy5_i2000_b20_q100_sf512_3 - INFO - finish step #70 for 50.76018714904785 sec
2020-03-29 06:04:19,196 - exp_torch_topics_d128_bald_entropy5_i2000_b20_q100_sf512_3 - INFO - current val_accuracy: 0.5016924208977189
2020-03-29 06:04:19,197 - exp_torch_topics_d128_bald_entropy5_i2000_b20_q100_sf512_3 - INFO - start step #71
2020-03-29 06:05:05,672 - exp_torch_topics_d128_bald_entropy5_i2000_b20_q100_sf512_3 - INFO - query idx: [91860 53262 34572   879 46969 80814 73397 81990 52315 50031 61779 84295
 10738 34017 92321 56354 32455 53601 64900 16576]
2020-03-29 06:05:14,882 - exp_torch_topics_d128_bald_entropy5_i2000_b20_q100_sf512_3 - INFO - finish step #71 for 55.68508505821228 sec
2020-03-29 06:05:14,882 - exp_torch_topics_d128_bald_entropy5_i2000_b20_q100_sf512_3 - INFO - current val_accuracy: 0.496747608535688
2020-03-29 06:05:14,882 - exp_torch_topics_d128_bald_entropy5_i2000_b20_q100_sf512_3 - INFO - start step #72
2020-03-29 06:05:59,736 - exp_torch_topics_d128_bald_entropy5_i2000_b20_q100_sf512_3 - INFO - query idx: [29600 76299   661 27514 30017 73449 97312 95839 46488 75987 61045 57099
 83958 67435  2129 86527 35752 69477 19776 32914]
2020-03-29 06:06:06,719 - exp_torch_topics_d128_bald_entropy5_i2000_b20_q100_sf512_3 - INFO - finish step #72 for 51.836447954177856 sec
2020-03-29 06:06:06,719 - exp_torch_topics_d128_bald_entropy5_i2000_b20_q100_sf512_3 - INFO - current val_accuracy: 0.4929801324503311
2020-03-29 06:06:06,719 - exp_torch_topics_d128_bald_entropy5_i2000_b20_q100_sf512_3 - INFO - start step #73
2020-03-29 06:06:55,445 - exp_torch_topics_d128_bald_entropy5_i2000_b20_q100_sf512_3 - INFO - query idx: [62381 54125 29302 75560 33658 51682 33214 24989 28842 53837 88557 10295
  2751  4244 18096 65419 19259 65929 63602 94157]
2020-03-29 06:07:00,434 - exp_torch_topics_d128_bald_entropy5_i2000_b20_q100_sf512_3 - INFO - finish step #73 for 53.71465492248535 sec
2020-03-29 06:07:00,434 - exp_torch_topics_d128_bald_entropy5_i2000_b20_q100_sf512_3 - INFO - current val_accuracy: 0.5025165562913907
2020-03-29 06:07:00,434 - exp_torch_topics_d128_bald_entropy5_i2000_b20_q100_sf512_3 - INFO - start step #74
2020-03-29 06:07:45,471 - exp_torch_topics_d128_bald_entropy5_i2000_b20_q100_sf512_3 - INFO - query idx: [70847 90586 57593 34120 84998 56536 26763 67389 29117 86578 31264 12399
 95861 23607 95896 79931  5892 61639 69212 47162]
2020-03-29 06:07:51,353 - exp_torch_topics_d128_bald_entropy5_i2000_b20_q100_sf512_3 - INFO - finish step #74 for 50.91891694068909 sec
2020-03-29 06:07:51,353 - exp_torch_topics_d128_bald_entropy5_i2000_b20_q100_sf512_3 - INFO - current val_accuracy: 0.4974245768947756
2020-03-29 06:07:51,353 - exp_torch_topics_d128_bald_entropy5_i2000_b20_q100_sf512_3 - INFO - start step #75
2020-03-29 06:08:44,361 - exp_torch_topics_d128_bald_entropy5_i2000_b20_q100_sf512_3 - INFO - query idx: [71686 26389 75519 79194 52397 25211 66536 12658 34140 44300 20776 48994
 79505 45525 22909 36001  4396 13236 36494 85776]
2020-03-29 06:08:52,217 - exp_torch_topics_d128_bald_entropy5_i2000_b20_q100_sf512_3 - INFO - finish step #75 for 60.86368727684021 sec
2020-03-29 06:08:52,217 - exp_torch_topics_d128_bald_entropy5_i2000_b20_q100_sf512_3 - INFO - current val_accuracy: 0.5019278881530537
2020-03-29 06:08:52,218 - exp_torch_topics_d128_bald_entropy5_i2000_b20_q100_sf512_3 - INFO - start step #76
2020-03-29 06:09:36,930 - exp_torch_topics_d128_bald_entropy5_i2000_b20_q100_sf512_3 - INFO - query idx: [16875 93071  6475 46634 54559 80310 95432 66800 43065 48168 13961 43924
  9463 33648 93770  2833 95442 11459 55298  2255]
2020-03-29 06:09:42,692 - exp_torch_topics_d128_bald_entropy5_i2000_b20_q100_sf512_3 - INFO - finish step #76 for 50.47400116920471 sec
2020-03-29 06:09:42,693 - exp_torch_topics_d128_bald_entropy5_i2000_b20_q100_sf512_3 - INFO - current val_accuracy: 0.5008388520971302
2020-03-29 06:09:42,693 - exp_torch_topics_d128_bald_entropy5_i2000_b20_q100_sf512_3 - INFO - start step #77
2020-03-29 06:10:26,289 - exp_torch_topics_d128_bald_entropy5_i2000_b20_q100_sf512_3 - INFO - query idx: [93659  2114 14358 55192 70289 82179 85481 58862 81246 54295 31432 31926
 72372 92171  6972 97947 24913 49328 93071 73729]
2020-03-29 06:10:31,390 - exp_torch_topics_d128_bald_entropy5_i2000_b20_q100_sf512_3 - INFO - finish step #77 for 48.69722270965576 sec
2020-03-29 06:10:31,390 - exp_torch_topics_d128_bald_entropy5_i2000_b20_q100_sf512_3 - INFO - current val_accuracy: 0.5026342899190581
2020-03-29 06:10:31,390 - exp_torch_topics_d128_bald_entropy5_i2000_b20_q100_sf512_3 - INFO - start step #78
2020-03-29 06:11:19,080 - exp_torch_topics_d128_bald_entropy5_i2000_b20_q100_sf512_3 - INFO - query idx: [76729 50704 64408 31950 40951 74497 65267 59315 70401  2829 39119 72291
 59128 33003 29192 30577  7758 42782 37536 35678]
2020-03-29 06:11:24,005 - exp_torch_topics_d128_bald_entropy5_i2000_b20_q100_sf512_3 - INFO - finish step #78 for 52.61477303504944 sec
2020-03-29 06:11:24,005 - exp_torch_topics_d128_bald_entropy5_i2000_b20_q100_sf512_3 - INFO - current val_accuracy: 0.5021633554083885
2020-03-29 06:11:24,006 - exp_torch_topics_d128_bald_entropy5_i2000_b20_q100_sf512_3 - INFO - start step #79
2020-03-29 06:12:08,268 - exp_torch_topics_d128_bald_entropy5_i2000_b20_q100_sf512_3 - INFO - query idx: [24251 56015  6090 10364 68704 93115 17742 26747 31520 18249 36975 36174
 97430 81955 20620 16227 86524 52047 45019 43841]
2020-03-29 06:12:12,622 - exp_torch_topics_d128_bald_entropy5_i2000_b20_q100_sf512_3 - INFO - finish step #79 for 48.615784883499146 sec
2020-03-29 06:12:12,622 - exp_torch_topics_d128_bald_entropy5_i2000_b20_q100_sf512_3 - INFO - current val_accuracy: 0.49601177336276675
2020-03-29 06:12:12,623 - exp_torch_topics_d128_bald_entropy5_i2000_b20_q100_sf512_3 - INFO - start step #80
2020-03-29 06:12:56,881 - exp_torch_topics_d128_bald_entropy5_i2000_b20_q100_sf512_3 - INFO - query idx: [76842 95034 38925 32819 17667 48655  4347 74192 85553  6320 79454 27523
 97397 57296 56410 75040 15803 39890 32662 45401]
2020-03-29 06:13:03,963 - exp_torch_topics_d128_bald_entropy5_i2000_b20_q100_sf512_3 - INFO - finish step #80 for 51.34060192108154 sec
2020-03-29 06:13:03,963 - exp_torch_topics_d128_bald_entropy5_i2000_b20_q100_sf512_3 - INFO - current val_accuracy: 0.5029580573951435
2020-03-29 06:13:03,964 - exp_torch_topics_d128_bald_entropy5_i2000_b20_q100_sf512_3 - INFO - start step #81
2020-03-29 06:13:48,712 - exp_torch_topics_d128_bald_entropy5_i2000_b20_q100_sf512_3 - INFO - query idx: [60338 25791 95252 85661 81419 92537 17501 90662  2779 45000 90205  7148
 34988 66363  8699 89904 72303 70041 11355 58171]
2020-03-29 06:13:56,773 - exp_torch_topics_d128_bald_entropy5_i2000_b20_q100_sf512_3 - INFO - finish step #81 for 52.80915403366089 sec
2020-03-29 06:13:56,773 - exp_torch_topics_d128_bald_entropy5_i2000_b20_q100_sf512_3 - INFO - current val_accuracy: 0.4992494481236203
2020-03-29 06:13:56,773 - exp_torch_topics_d128_bald_entropy5_i2000_b20_q100_sf512_3 - INFO - start step #82
2020-03-29 06:14:41,573 - exp_torch_topics_d128_bald_entropy5_i2000_b20_q100_sf512_3 - INFO - query idx: [16684 42360 82683 68599  8084 81648 54209 40435 37748 88281 62158 54571
 10129 30036 75089 69069 51244 22134 63999 34516]
2020-03-29 06:14:48,508 - exp_torch_topics_d128_bald_entropy5_i2000_b20_q100_sf512_3 - INFO - finish step #82 for 51.73499584197998 sec
2020-03-29 06:14:48,508 - exp_torch_topics_d128_bald_entropy5_i2000_b20_q100_sf512_3 - INFO - current val_accuracy: 0.5026048565121413
2020-03-29 06:14:48,510 - exp_torch_topics_d128_bald_entropy5_i2000_b20_q100_sf512_3 - INFO - start step #83
2020-03-29 06:15:32,184 - exp_torch_topics_d128_bald_entropy5_i2000_b20_q100_sf512_3 - INFO - query idx: [90285 52043 40201 57963 86570 88322 59364 41652 57798 41081 35761 72069
 28478 14020 25612 50244 97552 51427 42707 64937]
2020-03-29 06:15:36,971 - exp_torch_topics_d128_bald_entropy5_i2000_b20_q100_sf512_3 - INFO - finish step #83 for 48.46133303642273 sec
2020-03-29 06:15:36,971 - exp_torch_topics_d128_bald_entropy5_i2000_b20_q100_sf512_3 - INFO - current val_accuracy: 0.5058719646799117
2020-03-29 06:15:36,972 - exp_torch_topics_d128_bald_entropy5_i2000_b20_q100_sf512_3 - INFO - start step #84
2020-03-29 06:16:21,703 - exp_torch_topics_d128_bald_entropy5_i2000_b20_q100_sf512_3 - INFO - query idx: [47878 13068  4009 52746 50057 56726  8397 92740 95260 75792 82880  1234
 26420 88642 45210 58419 94186 36656  5812 94461]
2020-03-29 06:16:28,825 - exp_torch_topics_d128_bald_entropy5_i2000_b20_q100_sf512_3 - INFO - finish step #84 for 51.8536639213562 sec
2020-03-29 06:16:28,826 - exp_torch_topics_d128_bald_entropy5_i2000_b20_q100_sf512_3 - INFO - current val_accuracy: 0.5099632082413539
2020-03-29 06:16:28,826 - exp_torch_topics_d128_bald_entropy5_i2000_b20_q100_sf512_3 - INFO - start step #85
2020-03-29 06:17:12,676 - exp_torch_topics_d128_bald_entropy5_i2000_b20_q100_sf512_3 - INFO - query idx: [35329  1949 47119 66226 54307 93150 26459 75056 28557 45566 12954  1049
 23564 59040 33833 17340  4333 80947 30430 68291]
2020-03-29 06:17:19,367 - exp_torch_topics_d128_bald_entropy5_i2000_b20_q100_sf512_3 - INFO - finish step #85 for 50.54135823249817 sec
2020-03-29 06:17:19,367 - exp_torch_topics_d128_bald_entropy5_i2000_b20_q100_sf512_3 - INFO - current val_accuracy: 0.5053127299484915
2020-03-29 06:17:19,368 - exp_torch_topics_d128_bald_entropy5_i2000_b20_q100_sf512_3 - INFO - start step #86
2020-03-29 06:18:02,668 - exp_torch_topics_d128_bald_entropy5_i2000_b20_q100_sf512_3 - INFO - query idx: [77878 52112 74732 50747 88070 32357 52801 21906 16725    60 96506 73650
 76443 88401 31678 85669 48818 36944 65176 83711]
2020-03-29 06:18:08,107 - exp_torch_topics_d128_bald_entropy5_i2000_b20_q100_sf512_3 - INFO - finish step #86 for 48.739681005477905 sec
2020-03-29 06:18:08,108 - exp_torch_topics_d128_bald_entropy5_i2000_b20_q100_sf512_3 - INFO - current val_accuracy: 0.5062251655629139
2020-03-29 06:18:08,108 - exp_torch_topics_d128_bald_entropy5_i2000_b20_q100_sf512_3 - INFO - start step #87
2020-03-29 06:18:51,688 - exp_torch_topics_d128_bald_entropy5_i2000_b20_q100_sf512_3 - INFO - query idx: [23673  9634 55125 61109 13835 47133 25419 96275 61812 68909 27754 47828
 97792 36257 94180 46734  7932 88366 32056 27564]
2020-03-29 06:18:57,789 - exp_torch_topics_d128_bald_entropy5_i2000_b20_q100_sf512_3 - INFO - finish step #87 for 49.680728912353516 sec
2020-03-29 06:18:57,789 - exp_torch_topics_d128_bald_entropy5_i2000_b20_q100_sf512_3 - INFO - current val_accuracy: 0.5044591611479029
2020-03-29 06:18:57,789 - exp_torch_topics_d128_bald_entropy5_i2000_b20_q100_sf512_3 - INFO - start step #88
2020-03-29 06:19:42,822 - exp_torch_topics_d128_bald_entropy5_i2000_b20_q100_sf512_3 - INFO - query idx: [74645 88572 29898 85396 66125 49097 76426 60671 49199 69463  6108 25559
 66023 68459  1241 77059  3416 49871 80372 59148]
2020-03-29 06:19:48,232 - exp_torch_topics_d128_bald_entropy5_i2000_b20_q100_sf512_3 - INFO - finish step #88 for 50.442508697509766 sec
2020-03-29 06:19:48,233 - exp_torch_topics_d128_bald_entropy5_i2000_b20_q100_sf512_3 - INFO - current val_accuracy: 0.5055481972038264
2020-03-29 06:19:48,233 - exp_torch_topics_d128_bald_entropy5_i2000_b20_q100_sf512_3 - INFO - start step #89
2020-03-29 06:20:30,125 - exp_torch_topics_d128_bald_entropy5_i2000_b20_q100_sf512_3 - INFO - query idx: [68240 74198 58582 88647 54123 19755 64052 27774 28857 87616 36853 11712
 33397 15567 46014 92329 21114  5126 77893 38910]
2020-03-29 06:20:35,307 - exp_torch_topics_d128_bald_entropy5_i2000_b20_q100_sf512_3 - INFO - finish step #89 for 47.07426834106445 sec
2020-03-29 06:20:35,307 - exp_torch_topics_d128_bald_entropy5_i2000_b20_q100_sf512_3 - INFO - current val_accuracy: 0.5047829286239882
2020-03-29 06:20:35,307 - exp_torch_topics_d128_bald_entropy5_i2000_b20_q100_sf512_3 - INFO - start step #90
2020-03-29 06:21:21,437 - exp_torch_topics_d128_bald_entropy5_i2000_b20_q100_sf512_3 - INFO - query idx: [63562 80266 12223 70204 66329 52761 94230 14741 82177 29328 85350 34494
 90575 86695 28311 98172 49242 16203 84806 83242]
2020-03-29 06:21:26,628 - exp_torch_topics_d128_bald_entropy5_i2000_b20_q100_sf512_3 - INFO - finish step #90 for 51.32052826881409 sec
2020-03-29 06:21:26,628 - exp_torch_topics_d128_bald_entropy5_i2000_b20_q100_sf512_3 - INFO - current val_accuracy: 0.5074613686534216
2020-03-29 06:21:26,628 - exp_torch_topics_d128_bald_entropy5_i2000_b20_q100_sf512_3 - INFO - start step #91
2020-03-29 06:22:25,238 - exp_torch_topics_d128_bald_entropy5_i2000_b20_q100_sf512_3 - INFO - query idx: [57667  2461 63146 69889 59980 25694 40526 67754 31177 20285 60595 30833
  1028 61425 70482 13185 19921 14923 87867 66487]
2020-03-29 06:22:32,064 - exp_torch_topics_d128_bald_entropy5_i2000_b20_q100_sf512_3 - INFO - finish step #91 for 65.43570113182068 sec
2020-03-29 06:22:32,065 - exp_torch_topics_d128_bald_entropy5_i2000_b20_q100_sf512_3 - INFO - current val_accuracy: 0.5071670345842532
2020-03-29 06:22:32,065 - exp_torch_topics_d128_bald_entropy5_i2000_b20_q100_sf512_3 - INFO - start step #92
2020-03-29 06:23:16,071 - exp_torch_topics_d128_bald_entropy5_i2000_b20_q100_sf512_3 - INFO - query idx: [65695 42779 37289 85089  4197 11834 52739 56390 43851  1697 30004 52480
 40635   277 93780 32532 83339 82346 54611 80273]
2020-03-29 06:23:20,967 - exp_torch_topics_d128_bald_entropy5_i2000_b20_q100_sf512_3 - INFO - finish step #92 for 48.90193486213684 sec
2020-03-29 06:23:20,967 - exp_torch_topics_d128_bald_entropy5_i2000_b20_q100_sf512_3 - INFO - current val_accuracy: 0.5068727005150846
2020-03-29 06:23:20,967 - exp_torch_topics_d128_bald_entropy5_i2000_b20_q100_sf512_3 - INFO - start step #93
2020-03-29 06:24:05,540 - exp_torch_topics_d128_bald_entropy5_i2000_b20_q100_sf512_3 - INFO - query idx: [32653 39673 21816 69192 47094 10889 73483 92069    54 49227 68874 82200
 47349  2303 77240 19350 94480 95092  2421 82106]
2020-03-29 06:24:12,540 - exp_torch_topics_d128_bald_entropy5_i2000_b20_q100_sf512_3 - INFO - finish step #93 for 51.57223200798035 sec
2020-03-29 06:24:12,540 - exp_torch_topics_d128_bald_entropy5_i2000_b20_q100_sf512_3 - INFO - current val_accuracy: 0.5057542310522443
2020-03-29 06:24:12,541 - exp_torch_topics_d128_bald_entropy5_i2000_b20_q100_sf512_3 - INFO - start step #94
2020-03-29 06:24:56,646 - exp_torch_topics_d128_bald_entropy5_i2000_b20_q100_sf512_3 - INFO - query idx: [76590 79681 92965 27020 90089 88950 30187 52201 94338  1666 72067 58871
 44900  7692 87483 28142 91173  9228 13691  6583]
2020-03-29 06:25:04,903 - exp_torch_topics_d128_bald_entropy5_i2000_b20_q100_sf512_3 - INFO - finish step #94 for 52.362420082092285 sec
2020-03-29 06:25:04,904 - exp_torch_topics_d128_bald_entropy5_i2000_b20_q100_sf512_3 - INFO - current val_accuracy: 0.5076968359087565
2020-03-29 06:25:04,904 - exp_torch_topics_d128_bald_entropy5_i2000_b20_q100_sf512_3 - INFO - start step #95
2020-03-29 06:25:51,803 - exp_torch_topics_d128_bald_entropy5_i2000_b20_q100_sf512_3 - INFO - query idx: [77382 51266 18903 30882 39023 83412 67356  3953 86790 72044 88152 61193
 24843 97516 63134 14093 83695  4719 76854 71747]
2020-03-29 06:26:01,674 - exp_torch_topics_d128_bald_entropy5_i2000_b20_q100_sf512_3 - INFO - finish step #95 for 56.770262002944946 sec
2020-03-29 06:26:01,674 - exp_torch_topics_d128_bald_entropy5_i2000_b20_q100_sf512_3 - INFO - current val_accuracy: 0.5086681383370125
2020-03-29 06:26:01,675 - exp_torch_topics_d128_bald_entropy5_i2000_b20_q100_sf512_3 - INFO - start step #96
2020-03-29 06:26:47,984 - exp_torch_topics_d128_bald_entropy5_i2000_b20_q100_sf512_3 - INFO - query idx: [81286 66778 72308 28669 24754 74943 70438 37170  8418 42094 25725 63428
 94652 77721 12196 88416 19647 76571 29806 83892]
2020-03-29 06:26:52,692 - exp_torch_topics_d128_bald_entropy5_i2000_b20_q100_sf512_3 - INFO - finish step #96 for 51.01733183860779 sec
2020-03-29 06:26:52,692 - exp_torch_topics_d128_bald_entropy5_i2000_b20_q100_sf512_3 - INFO - current val_accuracy: 0.5055776306107432
2020-03-29 06:26:52,694 - exp_torch_topics_d128_bald_entropy5_i2000_b20_q100_sf512_3 - INFO - start step #97
2020-03-29 06:27:37,847 - exp_torch_topics_d128_bald_entropy5_i2000_b20_q100_sf512_3 - INFO - query idx: [45735 80654   409 58983 21362 50702 65080  9526 46093 69947 82207 34691
 60058 90194 21012 10708 38541 32438 97653 75459]
2020-03-29 06:27:45,248 - exp_torch_topics_d128_bald_entropy5_i2000_b20_q100_sf512_3 - INFO - finish step #97 for 52.55402994155884 sec
2020-03-29 06:27:45,248 - exp_torch_topics_d128_bald_entropy5_i2000_b20_q100_sf512_3 - INFO - current val_accuracy: 0.5098160412067697
2020-03-29 06:27:45,248 - exp_torch_topics_d128_bald_entropy5_i2000_b20_q100_sf512_3 - INFO - start step #98
2020-03-29 06:28:29,901 - exp_torch_topics_d128_bald_entropy5_i2000_b20_q100_sf512_3 - INFO - query idx: [31645 57997  1944 54969 53163 39187  7781 70616  7232 69322 39323  8026
 31820 22889 84567 25379 25626 43840 92788 39740]
2020-03-29 06:28:33,455 - exp_torch_topics_d128_bald_entropy5_i2000_b20_q100_sf512_3 - INFO - finish step #98 for 48.20662713050842 sec
2020-03-29 06:28:33,455 - exp_torch_topics_d128_bald_entropy5_i2000_b20_q100_sf512_3 - INFO - current val_accuracy: 0.509374540103017
2020-03-29 06:28:33,456 - exp_torch_topics_d128_bald_entropy5_i2000_b20_q100_sf512_3 - INFO - start step #99
2020-03-29 06:29:17,737 - exp_torch_topics_d128_bald_entropy5_i2000_b20_q100_sf512_3 - INFO - query idx: [76609 22773 33420 75427 73857 13040 38203 93808 46588 15299 16356 59967
 63647 65165 94742  1294 38907 79876 58673 92986]
2020-03-29 06:29:23,783 - exp_torch_topics_d128_bald_entropy5_i2000_b20_q100_sf512_3 - INFO - finish step #99 for 50.3269829750061 sec
2020-03-29 06:29:23,784 - exp_torch_topics_d128_bald_entropy5_i2000_b20_q100_sf512_3 - INFO - current val_accuracy: 0.5114054451802796
2020-03-29 06:29:23,784 - exp_torch_topics_d128_bald_entropy5_i2000_b20_q100_sf512_3 - INFO - finish experiment process for 5234.329566240311 sec
