2020-03-18 16:22:22,043 - exp_torch_topics_least_confident_i2000_b20_1 - INFO - start experiment process
2020-03-18 16:22:35,850 - exp_torch_topics_least_confident_i2000_b20_1 - INFO - initial val_accuracy: 0.41295069904341425
2020-03-18 16:22:35,854 - exp_torch_topics_least_confident_i2000_b20_1 - INFO - start step #0
2020-03-18 16:53:38,866 - exp_torch_topics_least_confident_i2000_b20_1 - INFO - start experiment process
2020-03-18 17:14:55,516 - exp_torch_topics_least_confident_i2000_b20_1 - INFO - start experiment process
2020-03-18 17:29:49,479 - exp_torch_topics_least_confident_i2000_b20_1 - INFO - start experiment process
2020-03-18 17:30:07,072 - exp_torch_topics_least_confident_i2000_b20_1 - INFO - initial val_accuracy: 0.41292126563649745
2020-03-18 17:30:07,078 - exp_torch_topics_least_confident_i2000_b20_1 - INFO - start step #0
2020-03-18 17:30:17,834 - exp_torch_topics_least_confident_i2000_b20_1 - INFO - finish step #0 for 10.755076169967651 sec
2020-03-18 17:30:18,122 - exp_torch_topics_least_confident_i2000_b20_1 - INFO - current val_accuracy: 0.3158204562178072
2020-03-18 17:30:18,137 - exp_torch_topics_least_confident_i2000_b20_1 - INFO - start step #1
2020-03-18 17:30:29,107 - exp_torch_topics_least_confident_i2000_b20_1 - INFO - finish step #1 for 10.96969485282898 sec
2020-03-18 17:30:29,184 - exp_torch_topics_least_confident_i2000_b20_1 - INFO - current val_accuracy: 0.3227373068432671
2020-03-18 17:30:29,186 - exp_torch_topics_least_confident_i2000_b20_1 - INFO - start step #2
2020-03-18 17:30:36,197 - exp_torch_topics_least_confident_i2000_b20_1 - INFO - finish step #2 for 7.011027812957764 sec
2020-03-18 17:30:36,197 - exp_torch_topics_least_confident_i2000_b20_1 - INFO - current val_accuracy: 0.32350257542310523
2020-03-18 17:30:36,198 - exp_torch_topics_least_confident_i2000_b20_1 - INFO - start step #3
2020-03-18 17:30:40,613 - exp_torch_topics_least_confident_i2000_b20_1 - INFO - finish step #3 for 4.414809942245483 sec
2020-03-18 17:30:40,613 - exp_torch_topics_least_confident_i2000_b20_1 - INFO - current val_accuracy: 0.31016924208977187
2020-03-18 17:30:40,613 - exp_torch_topics_least_confident_i2000_b20_1 - INFO - start step #4
2020-03-18 17:30:47,054 - exp_torch_topics_least_confident_i2000_b20_1 - INFO - finish step #4 for 6.4398112297058105 sec
2020-03-18 17:30:47,057 - exp_torch_topics_least_confident_i2000_b20_1 - INFO - current val_accuracy: 0.31752759381898454
2020-03-18 17:30:47,060 - exp_torch_topics_least_confident_i2000_b20_1 - INFO - start step #5
2020-03-18 17:30:56,264 - exp_torch_topics_least_confident_i2000_b20_1 - INFO - finish step #5 for 9.20375394821167 sec
2020-03-18 17:30:56,267 - exp_torch_topics_least_confident_i2000_b20_1 - INFO - current val_accuracy: 0.3183811626195732
2020-03-18 17:30:56,268 - exp_torch_topics_least_confident_i2000_b20_1 - INFO - start step #6
2020-03-18 17:31:00,644 - exp_torch_topics_least_confident_i2000_b20_1 - INFO - finish step #6 for 4.376622915267944 sec
2020-03-18 17:31:00,645 - exp_torch_topics_least_confident_i2000_b20_1 - INFO - current val_accuracy: 0.3248270787343635
2020-03-18 17:31:00,645 - exp_torch_topics_least_confident_i2000_b20_1 - INFO - start step #7
2020-03-18 17:31:04,103 - exp_torch_topics_least_confident_i2000_b20_1 - INFO - finish step #7 for 3.457411289215088 sec
2020-03-18 17:31:04,103 - exp_torch_topics_least_confident_i2000_b20_1 - INFO - current val_accuracy: 0.33044885945548197
2020-03-18 17:31:04,104 - exp_torch_topics_least_confident_i2000_b20_1 - INFO - start step #8
2020-03-18 17:31:07,232 - exp_torch_topics_least_confident_i2000_b20_1 - INFO - finish step #8 for 3.128235101699829 sec
2020-03-18 17:31:07,232 - exp_torch_topics_least_confident_i2000_b20_1 - INFO - current val_accuracy: 0.32753495217071377
2020-03-18 17:31:07,232 - exp_torch_topics_least_confident_i2000_b20_1 - INFO - start step #9
2020-03-18 17:31:10,114 - exp_torch_topics_least_confident_i2000_b20_1 - INFO - finish step #9 for 2.881807804107666 sec
2020-03-18 17:31:10,115 - exp_torch_topics_least_confident_i2000_b20_1 - INFO - current val_accuracy: 0.3284473877851361
2020-03-18 17:31:10,115 - exp_torch_topics_least_confident_i2000_b20_1 - INFO - start step #10
2020-03-18 17:31:13,326 - exp_torch_topics_least_confident_i2000_b20_1 - INFO - finish step #10 for 3.211367130279541 sec
2020-03-18 17:31:13,327 - exp_torch_topics_least_confident_i2000_b20_1 - INFO - current val_accuracy: 0.33315673289183223
2020-03-18 17:31:13,327 - exp_torch_topics_least_confident_i2000_b20_1 - INFO - start step #11
2020-03-18 17:31:20,782 - exp_torch_topics_least_confident_i2000_b20_1 - INFO - finish step #11 for 7.454797744750977 sec
2020-03-18 17:31:20,783 - exp_torch_topics_least_confident_i2000_b20_1 - INFO - current val_accuracy: 0.33436350257542313
2020-03-18 17:31:20,784 - exp_torch_topics_least_confident_i2000_b20_1 - INFO - start step #12
2020-03-18 17:31:27,308 - exp_torch_topics_least_confident_i2000_b20_1 - INFO - finish step #12 for 6.524188041687012 sec
2020-03-18 17:31:27,310 - exp_torch_topics_least_confident_i2000_b20_1 - INFO - current val_accuracy: 0.33345106696100074
2020-03-18 17:31:27,311 - exp_torch_topics_least_confident_i2000_b20_1 - INFO - start step #13
2020-03-18 17:31:31,724 - exp_torch_topics_least_confident_i2000_b20_1 - INFO - finish step #13 for 4.41371488571167 sec
2020-03-18 17:31:31,725 - exp_torch_topics_least_confident_i2000_b20_1 - INFO - current val_accuracy: 0.3334216335540839
2020-03-18 17:31:31,725 - exp_torch_topics_least_confident_i2000_b20_1 - INFO - start step #14
2020-03-18 17:31:36,682 - exp_torch_topics_least_confident_i2000_b20_1 - INFO - finish step #14 for 4.956606864929199 sec
2020-03-18 17:31:36,682 - exp_torch_topics_least_confident_i2000_b20_1 - INFO - current val_accuracy: 0.33451066961000736
2020-03-18 17:31:36,683 - exp_torch_topics_least_confident_i2000_b20_1 - INFO - start step #15
2020-03-18 17:31:43,409 - exp_torch_topics_least_confident_i2000_b20_1 - INFO - finish step #15 for 6.725272178649902 sec
2020-03-18 17:31:43,410 - exp_torch_topics_least_confident_i2000_b20_1 - INFO - current val_accuracy: 0.3393966151582046
2020-03-18 17:31:43,411 - exp_torch_topics_least_confident_i2000_b20_1 - INFO - start step #16
2020-03-18 17:31:48,661 - exp_torch_topics_least_confident_i2000_b20_1 - INFO - finish step #16 for 5.250708103179932 sec
2020-03-18 17:31:48,662 - exp_torch_topics_least_confident_i2000_b20_1 - INFO - current val_accuracy: 0.3411626195732156
2020-03-18 17:31:48,662 - exp_torch_topics_least_confident_i2000_b20_1 - INFO - start step #17
2020-03-18 17:31:53,056 - exp_torch_topics_least_confident_i2000_b20_1 - INFO - finish step #17 for 4.393524885177612 sec
2020-03-18 17:31:53,058 - exp_torch_topics_least_confident_i2000_b20_1 - INFO - current val_accuracy: 0.33898454746136863
2020-03-18 17:31:53,058 - exp_torch_topics_least_confident_i2000_b20_1 - INFO - start step #18
2020-03-18 17:31:56,306 - exp_torch_topics_least_confident_i2000_b20_1 - INFO - finish step #18 for 3.248175859451294 sec
2020-03-18 17:31:56,307 - exp_torch_topics_least_confident_i2000_b20_1 - INFO - current val_accuracy: 0.3383664459161148
2020-03-18 17:31:56,307 - exp_torch_topics_least_confident_i2000_b20_1 - INFO - start step #19
2020-03-18 17:32:01,198 - exp_torch_topics_least_confident_i2000_b20_1 - INFO - finish step #19 for 4.891100883483887 sec
2020-03-18 17:32:01,199 - exp_torch_topics_least_confident_i2000_b20_1 - INFO - current val_accuracy: 0.34125091979396616
2020-03-18 17:32:01,199 - exp_torch_topics_least_confident_i2000_b20_1 - INFO - start step #20
2020-03-18 17:32:07,193 - exp_torch_topics_least_confident_i2000_b20_1 - INFO - finish step #20 for 5.993051052093506 sec
2020-03-18 17:32:07,194 - exp_torch_topics_least_confident_i2000_b20_1 - INFO - current val_accuracy: 0.34248712288447386
2020-03-18 17:32:07,194 - exp_torch_topics_least_confident_i2000_b20_1 - INFO - start step #21
2020-03-18 17:32:10,162 - exp_torch_topics_least_confident_i2000_b20_1 - INFO - finish step #21 for 2.967830181121826 sec
2020-03-18 17:32:10,163 - exp_torch_topics_least_confident_i2000_b20_1 - INFO - current val_accuracy: 0.3437527593818985
2020-03-18 17:32:10,163 - exp_torch_topics_least_confident_i2000_b20_1 - INFO - start step #22
2020-03-18 17:32:16,882 - exp_torch_topics_least_confident_i2000_b20_1 - INFO - finish step #22 for 6.7183849811553955 sec
2020-03-18 17:32:16,883 - exp_torch_topics_least_confident_i2000_b20_1 - INFO - current val_accuracy: 0.3425165562913907
2020-03-18 17:32:16,883 - exp_torch_topics_least_confident_i2000_b20_1 - INFO - start step #23
2020-03-18 17:32:22,536 - exp_torch_topics_least_confident_i2000_b20_1 - INFO - finish step #23 for 5.652874946594238 sec
2020-03-18 17:32:22,537 - exp_torch_topics_least_confident_i2000_b20_1 - INFO - current val_accuracy: 0.34431199411331864
2020-03-18 17:32:22,538 - exp_torch_topics_least_confident_i2000_b20_1 - INFO - start step #24
2020-03-18 17:32:27,733 - exp_torch_topics_least_confident_i2000_b20_1 - INFO - finish step #24 for 5.194988012313843 sec
2020-03-18 17:32:27,735 - exp_torch_topics_least_confident_i2000_b20_1 - INFO - current val_accuracy: 0.3418395879323032
2020-03-18 17:32:27,736 - exp_torch_topics_least_confident_i2000_b20_1 - INFO - start step #25
2020-03-18 17:32:31,333 - exp_torch_topics_least_confident_i2000_b20_1 - INFO - finish step #25 for 3.597050905227661 sec
2020-03-18 17:32:31,333 - exp_torch_topics_least_confident_i2000_b20_1 - INFO - current val_accuracy: 0.3437527593818985
2020-03-18 17:32:31,333 - exp_torch_topics_least_confident_i2000_b20_1 - INFO - start step #26
2020-03-18 17:32:35,127 - exp_torch_topics_least_confident_i2000_b20_1 - INFO - finish step #26 for 3.7941958904266357 sec
2020-03-18 17:32:35,128 - exp_torch_topics_least_confident_i2000_b20_1 - INFO - current val_accuracy: 0.3466372332597498
2020-03-18 17:32:35,128 - exp_torch_topics_least_confident_i2000_b20_1 - INFO - start step #27
2020-03-18 17:32:39,317 - exp_torch_topics_least_confident_i2000_b20_1 - INFO - finish step #27 for 4.188867092132568 sec
2020-03-18 17:32:39,318 - exp_torch_topics_least_confident_i2000_b20_1 - INFO - current val_accuracy: 0.34416482707873436
2020-03-18 17:32:39,318 - exp_torch_topics_least_confident_i2000_b20_1 - INFO - start step #28
2020-03-18 17:32:44,683 - exp_torch_topics_least_confident_i2000_b20_1 - INFO - finish step #28 for 5.3649208545684814 sec
2020-03-18 17:32:44,684 - exp_torch_topics_least_confident_i2000_b20_1 - INFO - current val_accuracy: 0.34613686534216337
2020-03-18 17:32:44,685 - exp_torch_topics_least_confident_i2000_b20_1 - INFO - start step #29
2020-03-18 17:32:48,413 - exp_torch_topics_least_confident_i2000_b20_1 - INFO - finish step #29 for 3.7282848358154297 sec
2020-03-18 17:32:48,413 - exp_torch_topics_least_confident_i2000_b20_1 - INFO - current val_accuracy: 0.3328623988226637
2020-03-18 17:32:48,414 - exp_torch_topics_least_confident_i2000_b20_1 - INFO - finish experiment process for 178.91411900520325 sec
2020-03-18 21:55:15,944 - exp_torch_topics_least_confident_i2000_b20_1 - INFO - start experiment process
2020-03-18 21:55:23,723 - exp_torch_topics_least_confident_i2000_b20_1 - INFO - initial val_accuracy: 0.4046504782928624
2020-03-18 21:55:23,729 - exp_torch_topics_least_confident_i2000_b20_1 - INFO - start step #0
2020-03-18 21:55:35,566 - exp_torch_topics_least_confident_i2000_b20_1 - INFO - finish step #0 for 11.835662841796875 sec
2020-03-18 21:55:35,568 - exp_torch_topics_least_confident_i2000_b20_1 - INFO - current val_accuracy: 0.4070345842531273
2020-03-18 21:55:35,569 - exp_torch_topics_least_confident_i2000_b20_1 - INFO - start step #1
2020-03-18 21:55:42,841 - exp_torch_topics_least_confident_i2000_b20_1 - INFO - finish step #1 for 7.272236108779907 sec
2020-03-18 21:55:42,843 - exp_torch_topics_least_confident_i2000_b20_1 - INFO - current val_accuracy: 0.4113612950699043
2020-03-18 21:55:42,843 - exp_torch_topics_least_confident_i2000_b20_1 - INFO - start step #2
2020-03-18 21:55:59,798 - exp_torch_topics_least_confident_i2000_b20_1 - INFO - finish step #2 for 16.953590869903564 sec
2020-03-18 21:55:59,818 - exp_torch_topics_least_confident_i2000_b20_1 - INFO - current val_accuracy: 0.4097718910963944
2020-03-18 21:55:59,822 - exp_torch_topics_least_confident_i2000_b20_1 - INFO - start step #3
2020-03-18 21:56:21,447 - exp_torch_topics_least_confident_i2000_b20_1 - INFO - finish step #3 for 21.62185287475586 sec
2020-03-18 21:56:21,452 - exp_torch_topics_least_confident_i2000_b20_1 - INFO - current val_accuracy: 0.4053863134657837
2020-03-18 21:56:21,453 - exp_torch_topics_least_confident_i2000_b20_1 - INFO - start step #4
2020-03-18 21:56:39,150 - exp_torch_topics_least_confident_i2000_b20_1 - INFO - finish step #4 for 17.695642948150635 sec
2020-03-18 21:56:39,156 - exp_torch_topics_least_confident_i2000_b20_1 - INFO - current val_accuracy: 0.4050036791758646
2020-03-18 21:56:39,157 - exp_torch_topics_least_confident_i2000_b20_1 - INFO - start step #5
2020-03-18 21:56:47,271 - exp_torch_topics_least_confident_i2000_b20_1 - INFO - finish step #5 for 8.11360502243042 sec
2020-03-18 21:56:47,271 - exp_torch_topics_least_confident_i2000_b20_1 - INFO - current val_accuracy: 0.40812362030905075
2020-03-18 21:56:47,272 - exp_torch_topics_least_confident_i2000_b20_1 - INFO - start step #6
2020-03-18 21:56:51,709 - exp_torch_topics_least_confident_i2000_b20_1 - INFO - finish step #6 for 4.436234951019287 sec
2020-03-18 21:56:51,709 - exp_torch_topics_least_confident_i2000_b20_1 - INFO - current val_accuracy: 0.40724061810154527
2020-03-18 21:56:51,709 - exp_torch_topics_least_confident_i2000_b20_1 - INFO - start step #7
2020-03-18 21:56:55,866 - exp_torch_topics_least_confident_i2000_b20_1 - INFO - finish step #7 for 4.157038927078247 sec
2020-03-18 21:56:55,867 - exp_torch_topics_least_confident_i2000_b20_1 - INFO - current val_accuracy: 0.41186166298749083
2020-03-18 21:56:55,868 - exp_torch_topics_least_confident_i2000_b20_1 - INFO - start step #8
2020-03-18 21:56:58,732 - exp_torch_topics_least_confident_i2000_b20_1 - INFO - finish step #8 for 2.864238977432251 sec
2020-03-18 21:56:58,732 - exp_torch_topics_least_confident_i2000_b20_1 - INFO - current val_accuracy: 0.41736571008094187
2020-03-18 21:56:58,733 - exp_torch_topics_least_confident_i2000_b20_1 - INFO - start step #9
2020-03-18 21:57:01,961 - exp_torch_topics_least_confident_i2000_b20_1 - INFO - finish step #9 for 3.2282748222351074 sec
2020-03-18 21:57:01,962 - exp_torch_topics_least_confident_i2000_b20_1 - INFO - current val_accuracy: 0.4243708609271523
2020-03-18 21:57:01,962 - exp_torch_topics_least_confident_i2000_b20_1 - INFO - start step #10
2020-03-18 21:57:04,458 - exp_torch_topics_least_confident_i2000_b20_1 - INFO - finish step #10 for 2.4954569339752197 sec
2020-03-18 21:57:04,458 - exp_torch_topics_least_confident_i2000_b20_1 - INFO - current val_accuracy: 0.4250478292862399
2020-03-18 21:57:04,458 - exp_torch_topics_least_confident_i2000_b20_1 - INFO - start step #11
2020-03-18 21:57:07,192 - exp_torch_topics_least_confident_i2000_b20_1 - INFO - finish step #11 for 2.7338171005249023 sec
2020-03-18 21:57:07,192 - exp_torch_topics_least_confident_i2000_b20_1 - INFO - current val_accuracy: 0.42543046357615893
2020-03-18 21:57:07,193 - exp_torch_topics_least_confident_i2000_b20_1 - INFO - start step #12
2020-03-18 21:57:09,749 - exp_torch_topics_least_confident_i2000_b20_1 - INFO - finish step #12 for 2.5565621852874756 sec
2020-03-18 21:57:09,750 - exp_torch_topics_least_confident_i2000_b20_1 - INFO - current val_accuracy: 0.42757910228108903
2020-03-18 21:57:09,750 - exp_torch_topics_least_confident_i2000_b20_1 - INFO - start step #13
2020-03-18 21:57:12,437 - exp_torch_topics_least_confident_i2000_b20_1 - INFO - finish step #13 for 2.6868419647216797 sec
2020-03-18 21:57:12,437 - exp_torch_topics_least_confident_i2000_b20_1 - INFO - current val_accuracy: 0.43061074319352466
2020-03-18 21:57:12,438 - exp_torch_topics_least_confident_i2000_b20_1 - INFO - start step #14
2020-03-18 21:57:14,849 - exp_torch_topics_least_confident_i2000_b20_1 - INFO - finish step #14 for 2.4113972187042236 sec
2020-03-18 21:57:14,850 - exp_torch_topics_least_confident_i2000_b20_1 - INFO - current val_accuracy: 0.4314054451802796
2020-03-18 21:57:14,850 - exp_torch_topics_least_confident_i2000_b20_1 - INFO - start step #15
2020-03-18 21:57:17,485 - exp_torch_topics_least_confident_i2000_b20_1 - INFO - finish step #15 for 2.6354141235351562 sec
2020-03-18 21:57:17,486 - exp_torch_topics_least_confident_i2000_b20_1 - INFO - current val_accuracy: 0.4320529801324503
2020-03-18 21:57:17,487 - exp_torch_topics_least_confident_i2000_b20_1 - INFO - start step #16
2020-03-18 21:57:19,907 - exp_torch_topics_least_confident_i2000_b20_1 - INFO - finish step #16 for 2.419471025466919 sec
2020-03-18 21:57:19,907 - exp_torch_topics_least_confident_i2000_b20_1 - INFO - current val_accuracy: 0.4360264900662252
2020-03-18 21:57:19,907 - exp_torch_topics_least_confident_i2000_b20_1 - INFO - start step #17
2020-03-18 21:57:22,382 - exp_torch_topics_least_confident_i2000_b20_1 - INFO - finish step #17 for 2.475187063217163 sec
2020-03-18 21:57:22,383 - exp_torch_topics_least_confident_i2000_b20_1 - INFO - current val_accuracy: 0.43667402501839586
2020-03-18 21:57:22,383 - exp_torch_topics_least_confident_i2000_b20_1 - INFO - start step #18
2020-03-18 21:57:24,980 - exp_torch_topics_least_confident_i2000_b20_1 - INFO - finish step #18 for 2.597428798675537 sec
2020-03-18 21:57:24,982 - exp_torch_topics_least_confident_i2000_b20_1 - INFO - current val_accuracy: 0.43473142016188376
2020-03-18 21:57:24,982 - exp_torch_topics_least_confident_i2000_b20_1 - INFO - start step #19
2020-03-18 21:57:27,575 - exp_torch_topics_least_confident_i2000_b20_1 - INFO - finish step #19 for 2.593031883239746 sec
2020-03-18 21:57:27,576 - exp_torch_topics_least_confident_i2000_b20_1 - INFO - current val_accuracy: 0.435467255334805
2020-03-18 21:57:27,576 - exp_torch_topics_least_confident_i2000_b20_1 - INFO - start step #20
2020-03-18 21:57:33,661 - exp_torch_topics_least_confident_i2000_b20_1 - INFO - finish step #20 for 6.085080623626709 sec
2020-03-18 21:57:33,662 - exp_torch_topics_least_confident_i2000_b20_1 - INFO - current val_accuracy: 0.4375570272259014
2020-03-18 21:57:33,663 - exp_torch_topics_least_confident_i2000_b20_1 - INFO - start step #21
2020-03-18 21:57:42,521 - exp_torch_topics_least_confident_i2000_b20_1 - INFO - finish step #21 for 8.857622146606445 sec
2020-03-18 21:57:42,521 - exp_torch_topics_least_confident_i2000_b20_1 - INFO - current val_accuracy: 0.4379102281089036
2020-03-18 21:57:42,521 - exp_torch_topics_least_confident_i2000_b20_1 - INFO - start step #22
2020-03-18 21:57:50,802 - exp_torch_topics_least_confident_i2000_b20_1 - INFO - finish step #22 for 8.280089139938354 sec
2020-03-18 21:57:50,804 - exp_torch_topics_least_confident_i2000_b20_1 - INFO - current val_accuracy: 0.43788079470198676
2020-03-18 21:57:50,804 - exp_torch_topics_least_confident_i2000_b20_1 - INFO - start step #23
2020-03-18 21:57:59,037 - exp_torch_topics_least_confident_i2000_b20_1 - INFO - finish step #23 for 8.23196291923523 sec
2020-03-18 21:57:59,039 - exp_torch_topics_least_confident_i2000_b20_1 - INFO - current val_accuracy: 0.4398233995584989
2020-03-18 21:57:59,042 - exp_torch_topics_least_confident_i2000_b20_1 - INFO - start step #24
2020-03-18 21:58:06,343 - exp_torch_topics_least_confident_i2000_b20_1 - INFO - finish step #24 for 7.3012940883636475 sec
2020-03-18 21:58:06,345 - exp_torch_topics_least_confident_i2000_b20_1 - INFO - current val_accuracy: 0.44335540838852094
2020-03-18 21:58:06,347 - exp_torch_topics_least_confident_i2000_b20_1 - INFO - start step #25
2020-03-18 21:58:13,533 - exp_torch_topics_least_confident_i2000_b20_1 - INFO - finish step #25 for 7.184701204299927 sec
2020-03-18 21:58:13,534 - exp_torch_topics_least_confident_i2000_b20_1 - INFO - current val_accuracy: 0.4423252391464312
2020-03-18 21:58:13,534 - exp_torch_topics_least_confident_i2000_b20_1 - INFO - start step #26
2020-03-18 21:58:17,102 - exp_torch_topics_least_confident_i2000_b20_1 - INFO - finish step #26 for 3.5674219131469727 sec
2020-03-18 21:58:17,102 - exp_torch_topics_least_confident_i2000_b20_1 - INFO - current val_accuracy: 0.4433848417954378
2020-03-18 21:58:17,102 - exp_torch_topics_least_confident_i2000_b20_1 - INFO - start step #27
2020-03-18 21:58:22,294 - exp_torch_topics_least_confident_i2000_b20_1 - INFO - finish step #27 for 5.19231915473938 sec
2020-03-18 21:58:22,295 - exp_torch_topics_least_confident_i2000_b20_1 - INFO - current val_accuracy: 0.44223693892568067
2020-03-18 21:58:22,295 - exp_torch_topics_least_confident_i2000_b20_1 - INFO - start step #28
2020-03-18 21:58:26,825 - exp_torch_topics_least_confident_i2000_b20_1 - INFO - finish step #28 for 4.529083013534546 sec
2020-03-18 21:58:26,825 - exp_torch_topics_least_confident_i2000_b20_1 - INFO - current val_accuracy: 0.44247240618101547
2020-03-18 21:58:26,825 - exp_torch_topics_least_confident_i2000_b20_1 - INFO - start step #29
2020-03-18 21:58:33,736 - exp_torch_topics_least_confident_i2000_b20_1 - INFO - finish step #29 for 6.910800933837891 sec
2020-03-18 21:58:33,737 - exp_torch_topics_least_confident_i2000_b20_1 - INFO - current val_accuracy: 0.43805739514348785
2020-03-18 21:58:33,738 - exp_torch_topics_least_confident_i2000_b20_1 - INFO - finish experiment process for 197.75215792655945 sec
2020-03-19 02:18:48,522 - exp_torch_topics_least_confident_i2000_b20_1 - INFO - start experiment process
2020-03-19 02:18:50,512 - exp_torch_topics_least_confident_i2000_b20_1 - INFO - initial val_accuracy: 0.4144223693892568
2020-03-19 02:18:50,512 - exp_torch_topics_least_confident_i2000_b20_1 - INFO - start step #0
2020-03-19 02:18:52,855 - exp_torch_topics_least_confident_i2000_b20_1 - INFO - finish step #0 for 2.342681646347046 sec
2020-03-19 02:18:52,855 - exp_torch_topics_least_confident_i2000_b20_1 - INFO - current val_accuracy: 0.41521707137601177
2020-03-19 02:18:52,855 - exp_torch_topics_least_confident_i2000_b20_1 - INFO - start step #1
2020-03-19 02:18:54,860 - exp_torch_topics_least_confident_i2000_b20_1 - INFO - finish step #1 for 2.0048158168792725 sec
2020-03-19 02:18:54,860 - exp_torch_topics_least_confident_i2000_b20_1 - INFO - current val_accuracy: 0.41521707137601177
2020-03-19 02:18:54,860 - exp_torch_topics_least_confident_i2000_b20_1 - INFO - start step #2
2020-03-19 02:18:56,922 - exp_torch_topics_least_confident_i2000_b20_1 - INFO - finish step #2 for 2.0611672401428223 sec
2020-03-19 02:18:56,922 - exp_torch_topics_least_confident_i2000_b20_1 - INFO - current val_accuracy: 0.418719646799117
2020-03-19 02:18:56,922 - exp_torch_topics_least_confident_i2000_b20_1 - INFO - start step #3
2020-03-19 02:18:58,909 - exp_torch_topics_least_confident_i2000_b20_1 - INFO - finish step #3 for 1.986828088760376 sec
2020-03-19 02:18:58,909 - exp_torch_topics_least_confident_i2000_b20_1 - INFO - current val_accuracy: 0.4075055187637969
2020-03-19 02:18:58,909 - exp_torch_topics_least_confident_i2000_b20_1 - INFO - start step #4
2020-03-19 02:19:00,944 - exp_torch_topics_least_confident_i2000_b20_1 - INFO - finish step #4 for 2.034878969192505 sec
2020-03-19 02:19:00,945 - exp_torch_topics_least_confident_i2000_b20_1 - INFO - current val_accuracy: 0.4098307579102281
2020-03-19 02:19:00,945 - exp_torch_topics_least_confident_i2000_b20_1 - INFO - start step #5
2020-03-19 02:19:03,028 - exp_torch_topics_least_confident_i2000_b20_1 - INFO - finish step #5 for 2.0834567546844482 sec
2020-03-19 02:19:03,028 - exp_torch_topics_least_confident_i2000_b20_1 - INFO - current val_accuracy: 0.41339220014716704
2020-03-19 02:19:03,029 - exp_torch_topics_least_confident_i2000_b20_1 - INFO - start step #6
2020-03-19 02:19:05,070 - exp_torch_topics_least_confident_i2000_b20_1 - INFO - finish step #6 for 2.0416438579559326 sec
2020-03-19 02:19:05,071 - exp_torch_topics_least_confident_i2000_b20_1 - INFO - current val_accuracy: 0.4217512877115526
2020-03-19 02:19:05,071 - exp_torch_topics_least_confident_i2000_b20_1 - INFO - start step #7
2020-03-19 02:19:07,089 - exp_torch_topics_least_confident_i2000_b20_1 - INFO - finish step #7 for 2.018515110015869 sec
2020-03-19 02:19:07,090 - exp_torch_topics_least_confident_i2000_b20_1 - INFO - current val_accuracy: 0.4236644591611479
2020-03-19 02:19:07,090 - exp_torch_topics_least_confident_i2000_b20_1 - INFO - start step #8
2020-03-19 02:19:09,169 - exp_torch_topics_least_confident_i2000_b20_1 - INFO - finish step #8 for 2.0790598392486572 sec
2020-03-19 02:19:09,169 - exp_torch_topics_least_confident_i2000_b20_1 - INFO - current val_accuracy: 0.42463576158940397
2020-03-19 02:19:09,169 - exp_torch_topics_least_confident_i2000_b20_1 - INFO - start step #9
2020-03-19 02:19:11,207 - exp_torch_topics_least_confident_i2000_b20_1 - INFO - finish step #9 for 2.038128137588501 sec
2020-03-19 02:19:11,208 - exp_torch_topics_least_confident_i2000_b20_1 - INFO - current val_accuracy: 0.42448859455481974
2020-03-19 02:19:11,208 - exp_torch_topics_least_confident_i2000_b20_1 - INFO - start step #10
2020-03-19 02:19:13,322 - exp_torch_topics_least_confident_i2000_b20_1 - INFO - finish step #10 for 2.1136419773101807 sec
2020-03-19 02:19:13,322 - exp_torch_topics_least_confident_i2000_b20_1 - INFO - current val_accuracy: 0.42763796909492274
2020-03-19 02:19:13,322 - exp_torch_topics_least_confident_i2000_b20_1 - INFO - start step #11
2020-03-19 02:19:15,355 - exp_torch_topics_least_confident_i2000_b20_1 - INFO - finish step #11 for 2.0332908630371094 sec
2020-03-19 02:19:15,355 - exp_torch_topics_least_confident_i2000_b20_1 - INFO - current val_accuracy: 0.4316409124356144
2020-03-19 02:19:15,356 - exp_torch_topics_least_confident_i2000_b20_1 - INFO - start step #12
2020-03-19 02:19:17,403 - exp_torch_topics_least_confident_i2000_b20_1 - INFO - finish step #12 for 2.047470808029175 sec
2020-03-19 02:19:17,403 - exp_torch_topics_least_confident_i2000_b20_1 - INFO - current val_accuracy: 0.43161147902869756
2020-03-19 02:19:17,404 - exp_torch_topics_least_confident_i2000_b20_1 - INFO - start step #13
2020-03-19 02:19:19,504 - exp_torch_topics_least_confident_i2000_b20_1 - INFO - finish step #13 for 2.100616931915283 sec
2020-03-19 02:19:19,505 - exp_torch_topics_least_confident_i2000_b20_1 - INFO - current val_accuracy: 0.43261221486387047
2020-03-19 02:19:19,505 - exp_torch_topics_least_confident_i2000_b20_1 - INFO - start step #14
2020-03-19 02:19:21,548 - exp_torch_topics_least_confident_i2000_b20_1 - INFO - finish step #14 for 2.0429160594940186 sec
2020-03-19 02:19:21,548 - exp_torch_topics_least_confident_i2000_b20_1 - INFO - current val_accuracy: 0.43161147902869756
2020-03-19 02:19:21,548 - exp_torch_topics_least_confident_i2000_b20_1 - INFO - start step #15
2020-03-19 02:19:23,591 - exp_torch_topics_least_confident_i2000_b20_1 - INFO - finish step #15 for 2.042224884033203 sec
2020-03-19 02:19:23,591 - exp_torch_topics_least_confident_i2000_b20_1 - INFO - current val_accuracy: 0.43078734363502574
2020-03-19 02:19:23,591 - exp_torch_topics_least_confident_i2000_b20_1 - INFO - start step #16
2020-03-19 02:19:25,711 - exp_torch_topics_least_confident_i2000_b20_1 - INFO - finish step #16 for 2.1198580265045166 sec
2020-03-19 02:19:25,711 - exp_torch_topics_least_confident_i2000_b20_1 - INFO - current val_accuracy: 0.4305813097866078
2020-03-19 02:19:25,711 - exp_torch_topics_least_confident_i2000_b20_1 - INFO - start step #17
2020-03-19 02:19:27,761 - exp_torch_topics_least_confident_i2000_b20_1 - INFO - finish step #17 for 2.049751043319702 sec
2020-03-19 02:19:27,761 - exp_torch_topics_least_confident_i2000_b20_1 - INFO - current val_accuracy: 0.43723325974981603
2020-03-19 02:19:27,761 - exp_torch_topics_least_confident_i2000_b20_1 - INFO - start step #18
2020-03-19 02:19:29,803 - exp_torch_topics_least_confident_i2000_b20_1 - INFO - finish step #18 for 2.041624069213867 sec
2020-03-19 02:19:29,803 - exp_torch_topics_least_confident_i2000_b20_1 - INFO - current val_accuracy: 0.4378513612950699
2020-03-19 02:19:29,804 - exp_torch_topics_least_confident_i2000_b20_1 - INFO - start step #19
2020-03-19 02:19:31,913 - exp_torch_topics_least_confident_i2000_b20_1 - INFO - finish step #19 for 2.108819007873535 sec
2020-03-19 02:19:31,913 - exp_torch_topics_least_confident_i2000_b20_1 - INFO - current val_accuracy: 0.4349963208241354
2020-03-19 02:19:31,913 - exp_torch_topics_least_confident_i2000_b20_1 - INFO - start step #20
2020-03-19 02:19:33,953 - exp_torch_topics_least_confident_i2000_b20_1 - INFO - finish step #20 for 2.040170907974243 sec
2020-03-19 02:19:33,953 - exp_torch_topics_least_confident_i2000_b20_1 - INFO - current val_accuracy: 0.4338189845474614
2020-03-19 02:19:33,954 - exp_torch_topics_least_confident_i2000_b20_1 - INFO - start step #21
2020-03-19 02:19:35,992 - exp_torch_topics_least_confident_i2000_b20_1 - INFO - finish step #21 for 2.0380699634552 sec
2020-03-19 02:19:35,993 - exp_torch_topics_least_confident_i2000_b20_1 - INFO - current val_accuracy: 0.4397056659308315
2020-03-19 02:19:35,993 - exp_torch_topics_least_confident_i2000_b20_1 - INFO - start step #22
2020-03-19 02:19:38,101 - exp_torch_topics_least_confident_i2000_b20_1 - INFO - finish step #22 for 2.1083309650421143 sec
2020-03-19 02:19:38,102 - exp_torch_topics_least_confident_i2000_b20_1 - INFO - current val_accuracy: 0.4427373068432671
2020-03-19 02:19:38,102 - exp_torch_topics_least_confident_i2000_b20_1 - INFO - start step #23
2020-03-19 02:19:40,131 - exp_torch_topics_least_confident_i2000_b20_1 - INFO - finish step #23 for 2.029552936553955 sec
2020-03-19 02:19:40,132 - exp_torch_topics_least_confident_i2000_b20_1 - INFO - current val_accuracy: 0.4410596026490066
2020-03-19 02:19:40,132 - exp_torch_topics_least_confident_i2000_b20_1 - INFO - start step #24
2020-03-19 02:19:42,206 - exp_torch_topics_least_confident_i2000_b20_1 - INFO - finish step #24 for 2.0739426612854004 sec
2020-03-19 02:19:42,206 - exp_torch_topics_least_confident_i2000_b20_1 - INFO - current val_accuracy: 0.43858719646799116
2020-03-19 02:19:42,206 - exp_torch_topics_least_confident_i2000_b20_1 - INFO - start step #25
2020-03-19 02:19:44,316 - exp_torch_topics_least_confident_i2000_b20_1 - INFO - finish step #25 for 2.109757900238037 sec
2020-03-19 02:19:44,316 - exp_torch_topics_least_confident_i2000_b20_1 - INFO - current val_accuracy: 0.4396173657100809
2020-03-19 02:19:44,316 - exp_torch_topics_least_confident_i2000_b20_1 - INFO - start step #26
2020-03-19 02:19:46,360 - exp_torch_topics_least_confident_i2000_b20_1 - INFO - finish step #26 for 2.043814182281494 sec
2020-03-19 02:19:46,360 - exp_torch_topics_least_confident_i2000_b20_1 - INFO - current val_accuracy: 0.44279617365710083
2020-03-19 02:19:46,361 - exp_torch_topics_least_confident_i2000_b20_1 - INFO - start step #27
2020-03-19 02:19:48,426 - exp_torch_topics_least_confident_i2000_b20_1 - INFO - finish step #27 for 2.0653281211853027 sec
2020-03-19 02:19:48,426 - exp_torch_topics_least_confident_i2000_b20_1 - INFO - current val_accuracy: 0.44311994113318615
2020-03-19 02:19:48,426 - exp_torch_topics_least_confident_i2000_b20_1 - INFO - start step #28
2020-03-19 02:19:50,545 - exp_torch_topics_least_confident_i2000_b20_1 - INFO - finish step #28 for 2.118767738342285 sec
2020-03-19 02:19:50,545 - exp_torch_topics_least_confident_i2000_b20_1 - INFO - current val_accuracy: 0.44073583517292125
2020-03-19 02:19:50,546 - exp_torch_topics_least_confident_i2000_b20_1 - INFO - start step #29
2020-03-19 02:19:52,617 - exp_torch_topics_least_confident_i2000_b20_1 - INFO - finish step #29 for 2.071141004562378 sec
2020-03-19 02:19:52,617 - exp_torch_topics_least_confident_i2000_b20_1 - INFO - current val_accuracy: 0.43423105224429726
2020-03-19 02:19:52,617 - exp_torch_topics_least_confident_i2000_b20_1 - INFO - finish experiment process for 64.08795189857483 sec
2020-03-19 12:53:32,104 - exp_torch_topics_least_confident_i2000_b20_1 - INFO - start experiment process
2020-03-19 12:53:38,129 - exp_torch_topics_least_confident_i2000_b20_1 - INFO - initial val_accuracy: 0.4341133186166299
2020-03-19 12:53:38,129 - exp_torch_topics_least_confident_i2000_b20_1 - INFO - start step #0
2020-03-19 12:53:42,792 - exp_torch_topics_least_confident_i2000_b20_1 - INFO - finish step #0 for 4.662574768066406 sec
2020-03-19 12:53:42,792 - exp_torch_topics_least_confident_i2000_b20_1 - INFO - current val_accuracy: 0.4327888153053716
2020-03-19 12:53:42,793 - exp_torch_topics_least_confident_i2000_b20_1 - INFO - start step #1
2020-03-19 12:53:45,894 - exp_torch_topics_least_confident_i2000_b20_1 - INFO - finish step #1 for 3.101364850997925 sec
2020-03-19 12:53:45,894 - exp_torch_topics_least_confident_i2000_b20_1 - INFO - current val_accuracy: 0.4348197203826343
2020-03-19 12:53:45,895 - exp_torch_topics_least_confident_i2000_b20_1 - INFO - start step #2
2020-03-19 12:53:48,975 - exp_torch_topics_least_confident_i2000_b20_1 - INFO - finish step #2 for 3.0799190998077393 sec
2020-03-19 12:53:48,975 - exp_torch_topics_least_confident_i2000_b20_1 - INFO - current val_accuracy: 0.438233995584989
2020-03-19 12:53:48,975 - exp_torch_topics_least_confident_i2000_b20_1 - INFO - start step #3
2020-03-19 12:53:51,916 - exp_torch_topics_least_confident_i2000_b20_1 - INFO - finish step #3 for 2.941070795059204 sec
2020-03-19 12:53:51,916 - exp_torch_topics_least_confident_i2000_b20_1 - INFO - current val_accuracy: 0.42663723325974984
2020-03-19 12:53:51,917 - exp_torch_topics_least_confident_i2000_b20_1 - INFO - start step #4
2020-03-19 12:53:54,907 - exp_torch_topics_least_confident_i2000_b20_1 - INFO - finish step #4 for 2.9907262325286865 sec
2020-03-19 12:53:54,908 - exp_torch_topics_least_confident_i2000_b20_1 - INFO - current val_accuracy: 0.42266372332597496
2020-03-19 12:53:54,908 - exp_torch_topics_least_confident_i2000_b20_1 - INFO - start step #5
2020-03-19 12:53:57,935 - exp_torch_topics_least_confident_i2000_b20_1 - INFO - finish step #5 for 3.0272090435028076 sec
2020-03-19 12:53:57,936 - exp_torch_topics_least_confident_i2000_b20_1 - INFO - current val_accuracy: 0.428962472406181
2020-03-19 12:53:57,936 - exp_torch_topics_least_confident_i2000_b20_1 - INFO - start step #6
2020-03-19 12:54:00,973 - exp_torch_topics_least_confident_i2000_b20_1 - INFO - finish step #6 for 3.0369579792022705 sec
2020-03-19 12:54:00,973 - exp_torch_topics_least_confident_i2000_b20_1 - INFO - current val_accuracy: 0.4360264900662252
2020-03-19 12:54:00,973 - exp_torch_topics_least_confident_i2000_b20_1 - INFO - start step #7
2020-03-19 12:54:03,948 - exp_torch_topics_least_confident_i2000_b20_1 - INFO - finish step #7 for 2.974642753601074 sec
2020-03-19 12:54:03,948 - exp_torch_topics_least_confident_i2000_b20_1 - INFO - current val_accuracy: 0.4396467991169978
2020-03-19 12:54:03,948 - exp_torch_topics_least_confident_i2000_b20_1 - INFO - start step #8
2020-03-19 12:54:07,030 - exp_torch_topics_least_confident_i2000_b20_1 - INFO - finish step #8 for 3.0812020301818848 sec
2020-03-19 12:54:07,030 - exp_torch_topics_least_confident_i2000_b20_1 - INFO - current val_accuracy: 0.4455040470934511
2020-03-19 12:54:07,030 - exp_torch_topics_least_confident_i2000_b20_1 - INFO - start step #9
2020-03-19 12:54:10,015 - exp_torch_topics_least_confident_i2000_b20_1 - INFO - finish step #9 for 2.985055923461914 sec
2020-03-19 12:54:10,015 - exp_torch_topics_least_confident_i2000_b20_1 - INFO - current val_accuracy: 0.4447093451066961
2020-03-19 12:54:10,016 - exp_torch_topics_least_confident_i2000_b20_1 - INFO - start step #10
2020-03-19 12:54:13,090 - exp_torch_topics_least_confident_i2000_b20_1 - INFO - finish step #10 for 3.073896884918213 sec
2020-03-19 12:54:13,090 - exp_torch_topics_least_confident_i2000_b20_1 - INFO - current val_accuracy: 0.44609271523178806
2020-03-19 12:54:13,090 - exp_torch_topics_least_confident_i2000_b20_1 - INFO - start step #11
2020-03-19 12:54:16,098 - exp_torch_topics_least_confident_i2000_b20_1 - INFO - finish step #11 for 3.007251262664795 sec
2020-03-19 12:54:16,098 - exp_torch_topics_least_confident_i2000_b20_1 - INFO - current val_accuracy: 0.4455923473142016
2020-03-19 12:54:16,098 - exp_torch_topics_least_confident_i2000_b20_1 - INFO - start step #12
2020-03-19 12:54:19,198 - exp_torch_topics_least_confident_i2000_b20_1 - INFO - finish step #12 for 3.0995209217071533 sec
2020-03-19 12:54:19,198 - exp_torch_topics_least_confident_i2000_b20_1 - INFO - current val_accuracy: 0.4469757174392936
2020-03-19 12:54:19,198 - exp_torch_topics_least_confident_i2000_b20_1 - INFO - start step #13
2020-03-19 12:54:22,321 - exp_torch_topics_least_confident_i2000_b20_1 - INFO - finish step #13 for 3.123100757598877 sec
2020-03-19 12:54:22,322 - exp_torch_topics_least_confident_i2000_b20_1 - INFO - current val_accuracy: 0.44974245768947757
2020-03-19 12:54:22,322 - exp_torch_topics_least_confident_i2000_b20_1 - INFO - start step #14
2020-03-19 12:54:25,334 - exp_torch_topics_least_confident_i2000_b20_1 - INFO - finish step #14 for 3.011962890625 sec
2020-03-19 12:54:25,334 - exp_torch_topics_least_confident_i2000_b20_1 - INFO - current val_accuracy: 0.4517144959529065
2020-03-19 12:54:25,335 - exp_torch_topics_least_confident_i2000_b20_1 - INFO - start step #15
2020-03-19 12:54:28,380 - exp_torch_topics_least_confident_i2000_b20_1 - INFO - finish step #15 for 3.0452868938446045 sec
2020-03-19 12:54:28,380 - exp_torch_topics_least_confident_i2000_b20_1 - INFO - current val_accuracy: 0.4498307579102281
2020-03-19 12:54:28,380 - exp_torch_topics_least_confident_i2000_b20_1 - INFO - start step #16
2020-03-19 12:54:31,517 - exp_torch_topics_least_confident_i2000_b20_1 - INFO - finish step #16 for 3.136119842529297 sec
2020-03-19 12:54:31,517 - exp_torch_topics_least_confident_i2000_b20_1 - INFO - current val_accuracy: 0.45230316409124355
2020-03-19 12:54:31,517 - exp_torch_topics_least_confident_i2000_b20_1 - INFO - start step #17
2020-03-19 12:54:34,525 - exp_torch_topics_least_confident_i2000_b20_1 - INFO - finish step #17 for 3.00742506980896 sec
2020-03-19 12:54:34,526 - exp_torch_topics_least_confident_i2000_b20_1 - INFO - current val_accuracy: 0.45648270787343637
2020-03-19 12:54:34,526 - exp_torch_topics_least_confident_i2000_b20_1 - INFO - start step #18
2020-03-19 12:54:37,549 - exp_torch_topics_least_confident_i2000_b20_1 - INFO - finish step #18 for 3.022061824798584 sec
2020-03-19 12:54:37,549 - exp_torch_topics_least_confident_i2000_b20_1 - INFO - current val_accuracy: 0.45474613686534215
2020-03-19 12:54:37,549 - exp_torch_topics_least_confident_i2000_b20_1 - INFO - start step #19
2020-03-19 12:54:40,657 - exp_torch_topics_least_confident_i2000_b20_1 - INFO - finish step #19 for 3.1080150604248047 sec
2020-03-19 12:54:40,657 - exp_torch_topics_least_confident_i2000_b20_1 - INFO - current val_accuracy: 0.45589403973509934
2020-03-19 12:54:40,658 - exp_torch_topics_least_confident_i2000_b20_1 - INFO - start step #20
2020-03-19 12:54:43,718 - exp_torch_topics_least_confident_i2000_b20_1 - INFO - finish step #20 for 3.0597832202911377 sec
2020-03-19 12:54:43,718 - exp_torch_topics_least_confident_i2000_b20_1 - INFO - current val_accuracy: 0.45804267844002944
2020-03-19 12:54:43,718 - exp_torch_topics_least_confident_i2000_b20_1 - INFO - start step #21
2020-03-19 12:54:46,775 - exp_torch_topics_least_confident_i2000_b20_1 - INFO - finish step #21 for 3.056835889816284 sec
2020-03-19 12:54:46,775 - exp_torch_topics_least_confident_i2000_b20_1 - INFO - current val_accuracy: 0.45683590875643854
2020-03-19 12:54:46,776 - exp_torch_topics_least_confident_i2000_b20_1 - INFO - start step #22
2020-03-19 12:54:49,902 - exp_torch_topics_least_confident_i2000_b20_1 - INFO - finish step #22 for 3.126483917236328 sec
2020-03-19 12:54:49,902 - exp_torch_topics_least_confident_i2000_b20_1 - INFO - current val_accuracy: 0.45833701250919795
2020-03-19 12:54:49,903 - exp_torch_topics_least_confident_i2000_b20_1 - INFO - start step #23
2020-03-19 12:54:52,901 - exp_torch_topics_least_confident_i2000_b20_1 - INFO - finish step #23 for 2.9978702068328857 sec
2020-03-19 12:54:52,901 - exp_torch_topics_least_confident_i2000_b20_1 - INFO - current val_accuracy: 0.4604562178072112
2020-03-19 12:54:52,901 - exp_torch_topics_least_confident_i2000_b20_1 - INFO - start step #24
2020-03-19 12:54:55,942 - exp_torch_topics_least_confident_i2000_b20_1 - INFO - finish step #24 for 3.0409657955169678 sec
2020-03-19 12:54:55,942 - exp_torch_topics_least_confident_i2000_b20_1 - INFO - current val_accuracy: 0.4595437821927888
2020-03-19 12:54:55,943 - exp_torch_topics_least_confident_i2000_b20_1 - INFO - start step #25
2020-03-19 12:54:59,149 - exp_torch_topics_least_confident_i2000_b20_1 - INFO - finish step #25 for 3.2066171169281006 sec
2020-03-19 12:54:59,150 - exp_torch_topics_least_confident_i2000_b20_1 - INFO - current val_accuracy: 0.4586607799852833
2020-03-19 12:54:59,150 - exp_torch_topics_least_confident_i2000_b20_1 - INFO - start step #26
2020-03-19 12:55:02,115 - exp_torch_topics_least_confident_i2000_b20_1 - INFO - finish step #26 for 2.9646379947662354 sec
2020-03-19 12:55:02,115 - exp_torch_topics_least_confident_i2000_b20_1 - INFO - current val_accuracy: 0.4569830757910228
2020-03-19 12:55:02,115 - exp_torch_topics_least_confident_i2000_b20_1 - INFO - start step #27
2020-03-19 12:55:05,124 - exp_torch_topics_least_confident_i2000_b20_1 - INFO - finish step #27 for 3.0090181827545166 sec
2020-03-19 12:55:05,124 - exp_torch_topics_least_confident_i2000_b20_1 - INFO - current val_accuracy: 0.45904341427520234
2020-03-19 12:55:05,125 - exp_torch_topics_least_confident_i2000_b20_1 - INFO - start step #28
2020-03-19 12:55:08,255 - exp_torch_topics_least_confident_i2000_b20_1 - INFO - finish step #28 for 3.1303420066833496 sec
2020-03-19 12:55:08,255 - exp_torch_topics_least_confident_i2000_b20_1 - INFO - current val_accuracy: 0.4572479764532745
2020-03-19 12:55:08,256 - exp_torch_topics_least_confident_i2000_b20_1 - INFO - start step #29
2020-03-19 12:55:11,409 - exp_torch_topics_least_confident_i2000_b20_1 - INFO - finish step #29 for 3.153139352798462 sec
2020-03-19 12:55:11,409 - exp_torch_topics_least_confident_i2000_b20_1 - INFO - current val_accuracy: 0.4485062545989698
2020-03-19 12:55:11,409 - exp_torch_topics_least_confident_i2000_b20_1 - INFO - finish experiment process for 99.29854083061218 sec
