2020-03-27 10:01:22,331 - exp_torch_topics_d128_bald_entropy3_i2000_b20_q100_sf512_4 - INFO - start experiment process
2020-03-27 10:01:27,447 - exp_torch_topics_d128_bald_entropy3_i2000_b20_q100_sf512_4 - INFO - initial val_accuracy: 0.4492420897718911
2020-03-27 10:01:27,447 - exp_torch_topics_d128_bald_entropy3_i2000_b20_q100_sf512_4 - INFO - start step #0
2020-03-27 10:02:20,025 - exp_torch_topics_d128_bald_entropy3_i2000_b20_q100_sf512_4 - INFO - query idx: [42972 81506 17144 61895  2996 76842 73119  2515 59073 32093 24758 44429
 34793 96297 26188 60321 41101 39244  6508 18943]
2020-03-27 10:02:25,171 - exp_torch_topics_d128_bald_entropy3_i2000_b20_q100_sf512_4 - INFO - finish step #0 for 57.72354459762573 sec
2020-03-27 10:02:25,171 - exp_torch_topics_d128_bald_entropy3_i2000_b20_q100_sf512_4 - INFO - current val_accuracy: 0.4498307579102281
2020-03-27 10:02:25,172 - exp_torch_topics_d128_bald_entropy3_i2000_b20_q100_sf512_4 - INFO - start step #1
2020-03-27 10:02:56,070 - exp_torch_topics_d128_bald_entropy3_i2000_b20_q100_sf512_4 - INFO - query idx: [67752 55536 41730 96841 52754 84992 77619 21705 47622 62226 72399 87351
 24926 40240 19039 83596 29646 82290 55321 12528]
2020-03-27 10:02:59,505 - exp_torch_topics_d128_bald_entropy3_i2000_b20_q100_sf512_4 - INFO - finish step #1 for 34.332720041275024 sec
2020-03-27 10:02:59,505 - exp_torch_topics_d128_bald_entropy3_i2000_b20_q100_sf512_4 - INFO - current val_accuracy: 0.4548638704930096
2020-03-27 10:02:59,505 - exp_torch_topics_d128_bald_entropy3_i2000_b20_q100_sf512_4 - INFO - start step #2
2020-03-27 10:03:26,807 - exp_torch_topics_d128_bald_entropy3_i2000_b20_q100_sf512_4 - INFO - query idx: [56659 66647 56571  8406 82677 79191 48500 24046 10290 26419 32914 78346
 91236 35381 61456 85345 73804 85065 63034 26601]
2020-03-27 10:03:30,233 - exp_torch_topics_d128_bald_entropy3_i2000_b20_q100_sf512_4 - INFO - finish step #2 for 30.727752923965454 sec
2020-03-27 10:03:30,233 - exp_torch_topics_d128_bald_entropy3_i2000_b20_q100_sf512_4 - INFO - current val_accuracy: 0.4550699043414275
2020-03-27 10:03:30,234 - exp_torch_topics_d128_bald_entropy3_i2000_b20_q100_sf512_4 - INFO - start step #3
2020-03-27 10:04:02,254 - exp_torch_topics_d128_bald_entropy3_i2000_b20_q100_sf512_4 - INFO - query idx: [61487   824 57188 67945 45137 13049 22064  3862 96268  7990 19215 32076
 83804 61698 23525 89487 31544 90006 93786 24742]
2020-03-27 10:04:06,056 - exp_torch_topics_d128_bald_entropy3_i2000_b20_q100_sf512_4 - INFO - finish step #3 for 35.821831941604614 sec
2020-03-27 10:04:06,056 - exp_torch_topics_d128_bald_entropy3_i2000_b20_q100_sf512_4 - INFO - current val_accuracy: 0.4563061074319352
2020-03-27 10:04:06,056 - exp_torch_topics_d128_bald_entropy3_i2000_b20_q100_sf512_4 - INFO - start step #4
2020-03-27 10:04:31,456 - exp_torch_topics_d128_bald_entropy3_i2000_b20_q100_sf512_4 - INFO - query idx: [ 6731 78843 66386 52586 19246 14297 77034  9354 29511 82812 25339 34251
  6279 31187 56375 75821 62197 27898 47134 45372]
2020-03-27 10:04:33,900 - exp_torch_topics_d128_bald_entropy3_i2000_b20_q100_sf512_4 - INFO - finish step #4 for 27.84372878074646 sec
2020-03-27 10:04:33,900 - exp_torch_topics_d128_bald_entropy3_i2000_b20_q100_sf512_4 - INFO - current val_accuracy: 0.45403973509933776
2020-03-27 10:04:33,900 - exp_torch_topics_d128_bald_entropy3_i2000_b20_q100_sf512_4 - INFO - start step #5
2020-03-27 10:04:59,417 - exp_torch_topics_d128_bald_entropy3_i2000_b20_q100_sf512_4 - INFO - query idx: [53872 59026 57636 95318 43453 41368 67357 43150 91558 35156 28226 78215
 28755 77139 55485 93162 97024  5520 53114 64839]
2020-03-27 10:05:01,845 - exp_torch_topics_d128_bald_entropy3_i2000_b20_q100_sf512_4 - INFO - finish step #5 for 27.944893836975098 sec
2020-03-27 10:05:01,845 - exp_torch_topics_d128_bald_entropy3_i2000_b20_q100_sf512_4 - INFO - current val_accuracy: 0.4550993377483444
2020-03-27 10:05:01,846 - exp_torch_topics_d128_bald_entropy3_i2000_b20_q100_sf512_4 - INFO - start step #6
2020-03-27 10:05:27,044 - exp_torch_topics_d128_bald_entropy3_i2000_b20_q100_sf512_4 - INFO - query idx: [77582 48988 62874 62097 69604 85603 87029 66593 38026 18649 40948 58872
 14317 78770 95313 73947 74712 60664 80320 54505]
2020-03-27 10:05:29,783 - exp_torch_topics_d128_bald_entropy3_i2000_b20_q100_sf512_4 - INFO - finish step #6 for 27.937357902526855 sec
2020-03-27 10:05:29,783 - exp_torch_topics_d128_bald_entropy3_i2000_b20_q100_sf512_4 - INFO - current val_accuracy: 0.45612950699043414
2020-03-27 10:05:29,783 - exp_torch_topics_d128_bald_entropy3_i2000_b20_q100_sf512_4 - INFO - start step #7
2020-03-27 10:05:55,904 - exp_torch_topics_d128_bald_entropy3_i2000_b20_q100_sf512_4 - INFO - query idx: [37234 37476 50659 72346 75911 57720 89645 12466 56308 68345 77352 32079
 20184 65429 55697 55725 40667 12151   839 40150]
2020-03-27 10:05:58,506 - exp_torch_topics_d128_bald_entropy3_i2000_b20_q100_sf512_4 - INFO - finish step #7 for 28.723110914230347 sec
2020-03-27 10:05:58,507 - exp_torch_topics_d128_bald_entropy3_i2000_b20_q100_sf512_4 - INFO - current val_accuracy: 0.4583075791022811
2020-03-27 10:05:58,507 - exp_torch_topics_d128_bald_entropy3_i2000_b20_q100_sf512_4 - INFO - start step #8
2020-03-27 10:06:23,947 - exp_torch_topics_d128_bald_entropy3_i2000_b20_q100_sf512_4 - INFO - query idx: [58600   458 33949 93071 77233 33856 39111 66952 12308  8441 48352 87338
 95492 87695  8095 35158 91992 13169  1658 27536]
2020-03-27 10:06:26,512 - exp_torch_topics_d128_bald_entropy3_i2000_b20_q100_sf512_4 - INFO - finish step #8 for 28.00556993484497 sec
2020-03-27 10:06:26,513 - exp_torch_topics_d128_bald_entropy3_i2000_b20_q100_sf512_4 - INFO - current val_accuracy: 0.4608094186902134
2020-03-27 10:06:26,513 - exp_torch_topics_d128_bald_entropy3_i2000_b20_q100_sf512_4 - INFO - start step #9
2020-03-27 10:06:51,901 - exp_torch_topics_d128_bald_entropy3_i2000_b20_q100_sf512_4 - INFO - query idx: [49935 53600 48558 90969 26514 88996 38734 10373 68356 87060 16240 53423
 43615 77984 46216  2681 54417 67374 33765 64339]
2020-03-27 10:06:54,462 - exp_torch_topics_d128_bald_entropy3_i2000_b20_q100_sf512_4 - INFO - finish step #9 for 27.948906898498535 sec
2020-03-27 10:06:54,462 - exp_torch_topics_d128_bald_entropy3_i2000_b20_q100_sf512_4 - INFO - current val_accuracy: 0.463252391464312
2020-03-27 10:06:54,462 - exp_torch_topics_d128_bald_entropy3_i2000_b20_q100_sf512_4 - INFO - start step #10
2020-03-27 10:07:19,575 - exp_torch_topics_d128_bald_entropy3_i2000_b20_q100_sf512_4 - INFO - query idx: [58766 20972 54250 80008 59003 82233 85389 83533 77556 31720 80482 35228
 19925 96085 25043 57651 81629 56977 58521 27741]
2020-03-27 10:07:21,995 - exp_torch_topics_d128_bald_entropy3_i2000_b20_q100_sf512_4 - INFO - finish step #10 for 27.53255009651184 sec
2020-03-27 10:07:21,995 - exp_torch_topics_d128_bald_entropy3_i2000_b20_q100_sf512_4 - INFO - current val_accuracy: 0.467785136129507
2020-03-27 10:07:21,995 - exp_torch_topics_d128_bald_entropy3_i2000_b20_q100_sf512_4 - INFO - start step #11
2020-03-27 10:07:51,950 - exp_torch_topics_d128_bald_entropy3_i2000_b20_q100_sf512_4 - INFO - query idx: [82398 53614 60542 48702 22423  2659 33906   858 75668 31621 39998 40223
 48605 88728 16556 62402 19625 81174 37106  5695]
2020-03-27 10:07:59,953 - exp_torch_topics_d128_bald_entropy3_i2000_b20_q100_sf512_4 - INFO - finish step #11 for 37.95760488510132 sec
2020-03-27 10:07:59,955 - exp_torch_topics_d128_bald_entropy3_i2000_b20_q100_sf512_4 - INFO - current val_accuracy: 0.4661662987490802
2020-03-27 10:07:59,955 - exp_torch_topics_d128_bald_entropy3_i2000_b20_q100_sf512_4 - INFO - start step #12
2020-03-27 10:08:27,141 - exp_torch_topics_d128_bald_entropy3_i2000_b20_q100_sf512_4 - INFO - query idx: [40126 21072 83885 28934 30452 55715 89414 71266 45345 92873 92390 48171
 65991  3195 48607 18173 66588 59862 55185 84918]
2020-03-27 10:08:29,695 - exp_torch_topics_d128_bald_entropy3_i2000_b20_q100_sf512_4 - INFO - finish step #12 for 29.739076137542725 sec
2020-03-27 10:08:29,695 - exp_torch_topics_d128_bald_entropy3_i2000_b20_q100_sf512_4 - INFO - current val_accuracy: 0.46613686534216336
2020-03-27 10:08:29,695 - exp_torch_topics_d128_bald_entropy3_i2000_b20_q100_sf512_4 - INFO - start step #13
2020-03-27 10:08:54,877 - exp_torch_topics_d128_bald_entropy3_i2000_b20_q100_sf512_4 - INFO - query idx: [47359 42732 74382 80120 95438  7034 87564 26344 77430 54407 48300 48417
 84178 99230 15874 95051 95061 32998 86003 25290]
2020-03-27 10:08:57,507 - exp_torch_topics_d128_bald_entropy3_i2000_b20_q100_sf512_4 - INFO - finish step #13 for 27.811965942382812 sec
2020-03-27 10:08:57,507 - exp_torch_topics_d128_bald_entropy3_i2000_b20_q100_sf512_4 - INFO - current val_accuracy: 0.4704635761589404
2020-03-27 10:08:57,507 - exp_torch_topics_d128_bald_entropy3_i2000_b20_q100_sf512_4 - INFO - start step #14
2020-03-27 10:09:22,491 - exp_torch_topics_d128_bald_entropy3_i2000_b20_q100_sf512_4 - INFO - query idx: [63333 48726 88220 81638 50982 22451 68608 64009 25205 30450 28773 17715
 44018   614 71724 43024 67946 51662 47950 31211]
2020-03-27 10:09:24,922 - exp_torch_topics_d128_bald_entropy3_i2000_b20_q100_sf512_4 - INFO - finish step #14 for 27.414417028427124 sec
2020-03-27 10:09:24,922 - exp_torch_topics_d128_bald_entropy3_i2000_b20_q100_sf512_4 - INFO - current val_accuracy: 0.46675496688741724
2020-03-27 10:09:24,922 - exp_torch_topics_d128_bald_entropy3_i2000_b20_q100_sf512_4 - INFO - start step #15
2020-03-27 10:09:50,784 - exp_torch_topics_d128_bald_entropy3_i2000_b20_q100_sf512_4 - INFO - query idx: [95428 54018 50801 12789 36757 19716 95311 29369 78368 14320 27311  7643
 16187 65920 96642 71047 71790 67129 40651 41551]
2020-03-27 10:09:53,423 - exp_torch_topics_d128_bald_entropy3_i2000_b20_q100_sf512_4 - INFO - finish step #15 for 28.500841856002808 sec
2020-03-27 10:09:53,424 - exp_torch_topics_d128_bald_entropy3_i2000_b20_q100_sf512_4 - INFO - current val_accuracy: 0.4693451066961001
2020-03-27 10:09:53,424 - exp_torch_topics_d128_bald_entropy3_i2000_b20_q100_sf512_4 - INFO - start step #16
2020-03-27 10:10:20,161 - exp_torch_topics_d128_bald_entropy3_i2000_b20_q100_sf512_4 - INFO - query idx: [59313 74526 10495 68928 56744 68674 52991 86854 30929 54583 21293 15176
 80957 51782 44017 86117 70077 70978 20165  2032]
2020-03-27 10:10:22,594 - exp_torch_topics_d128_bald_entropy3_i2000_b20_q100_sf512_4 - INFO - finish step #16 for 29.169572830200195 sec
2020-03-27 10:10:22,594 - exp_torch_topics_d128_bald_entropy3_i2000_b20_q100_sf512_4 - INFO - current val_accuracy: 0.476850625459897
2020-03-27 10:10:22,594 - exp_torch_topics_d128_bald_entropy3_i2000_b20_q100_sf512_4 - INFO - start step #17
2020-03-27 10:10:49,291 - exp_torch_topics_d128_bald_entropy3_i2000_b20_q100_sf512_4 - INFO - query idx: [84556 19028  2756 93009 97525 76557 23510 16986 76560 45714 35207 28088
 23595 85581  4236 67263 17800 30993 30802 72593]
2020-03-27 10:10:52,152 - exp_torch_topics_d128_bald_entropy3_i2000_b20_q100_sf512_4 - INFO - finish step #17 for 29.558319091796875 sec
2020-03-27 10:10:52,153 - exp_torch_topics_d128_bald_entropy3_i2000_b20_q100_sf512_4 - INFO - current val_accuracy: 0.47496688741721854
2020-03-27 10:10:52,153 - exp_torch_topics_d128_bald_entropy3_i2000_b20_q100_sf512_4 - INFO - start step #18
2020-03-27 10:11:31,549 - exp_torch_topics_d128_bald_entropy3_i2000_b20_q100_sf512_4 - INFO - query idx: [11252 56329 69971 51546 74134 13076 59022 57112 16648 56786  7285 30444
 91240  6965 22933 10717 59943 40322 16145 85063]
2020-03-27 10:11:36,127 - exp_torch_topics_d128_bald_entropy3_i2000_b20_q100_sf512_4 - INFO - finish step #18 for 43.97458577156067 sec
2020-03-27 10:11:36,128 - exp_torch_topics_d128_bald_entropy3_i2000_b20_q100_sf512_4 - INFO - current val_accuracy: 0.47252391464311994
2020-03-27 10:11:36,128 - exp_torch_topics_d128_bald_entropy3_i2000_b20_q100_sf512_4 - INFO - start step #19
2020-03-27 10:12:01,455 - exp_torch_topics_d128_bald_entropy3_i2000_b20_q100_sf512_4 - INFO - query idx: [53205 87233 11201 56847 87909 65804 16958 70521  4919 10704 57815 78019
 91935 97674 24064 45208 53727  9890 15858 36144]
2020-03-27 10:12:03,987 - exp_torch_topics_d128_bald_entropy3_i2000_b20_q100_sf512_4 - INFO - finish step #19 for 27.858897924423218 sec
2020-03-27 10:12:03,987 - exp_torch_topics_d128_bald_entropy3_i2000_b20_q100_sf512_4 - INFO - current val_accuracy: 0.4728476821192053
2020-03-27 10:12:03,987 - exp_torch_topics_d128_bald_entropy3_i2000_b20_q100_sf512_4 - INFO - start step #20
2020-03-27 10:12:29,150 - exp_torch_topics_d128_bald_entropy3_i2000_b20_q100_sf512_4 - INFO - query idx: [41222 27839 85696 66972 12853 48548 89733 75479 88452 51510 51612 48620
 23899 33797 29609 91050 50963 56835 57526  2304]
2020-03-27 10:12:31,587 - exp_torch_topics_d128_bald_entropy3_i2000_b20_q100_sf512_4 - INFO - finish step #20 for 27.60004496574402 sec
2020-03-27 10:12:31,587 - exp_torch_topics_d128_bald_entropy3_i2000_b20_q100_sf512_4 - INFO - current val_accuracy: 0.4767623252391464
2020-03-27 10:12:31,588 - exp_torch_topics_d128_bald_entropy3_i2000_b20_q100_sf512_4 - INFO - start step #21
2020-03-27 10:12:56,754 - exp_torch_topics_d128_bald_entropy3_i2000_b20_q100_sf512_4 - INFO - query idx: [94990 17439 21836 59773 51512 23015 38008 83829 52400 66036 66616 42187
  2771 24491 83318 64258 80016  2165 47488 69692]
2020-03-27 10:12:59,165 - exp_torch_topics_d128_bald_entropy3_i2000_b20_q100_sf512_4 - INFO - finish step #21 for 27.57734990119934 sec
2020-03-27 10:12:59,165 - exp_torch_topics_d128_bald_entropy3_i2000_b20_q100_sf512_4 - INFO - current val_accuracy: 0.480588668138337
2020-03-27 10:12:59,166 - exp_torch_topics_d128_bald_entropy3_i2000_b20_q100_sf512_4 - INFO - start step #22
2020-03-27 10:13:24,415 - exp_torch_topics_d128_bald_entropy3_i2000_b20_q100_sf512_4 - INFO - query idx: [81850 18971   524 88188 28531 78163 60240  7042 79834 93543 83331 88705
 77937 92819 30798 66975 96609 68321 54342 40101]
2020-03-27 10:13:26,939 - exp_torch_topics_d128_bald_entropy3_i2000_b20_q100_sf512_4 - INFO - finish step #22 for 27.773637056350708 sec
2020-03-27 10:13:26,939 - exp_torch_topics_d128_bald_entropy3_i2000_b20_q100_sf512_4 - INFO - current val_accuracy: 0.4768211920529801
2020-03-27 10:13:26,940 - exp_torch_topics_d128_bald_entropy3_i2000_b20_q100_sf512_4 - INFO - start step #23
2020-03-27 10:13:52,184 - exp_torch_topics_d128_bald_entropy3_i2000_b20_q100_sf512_4 - INFO - query idx: [77372 90149  7681  9287 86797 49831 40657 98496 75028 12688 31681 75727
 18513 27047 29194  1101 50733 73388 42490  7361]
2020-03-27 10:13:54,602 - exp_torch_topics_d128_bald_entropy3_i2000_b20_q100_sf512_4 - INFO - finish step #23 for 27.66212797164917 sec
2020-03-27 10:13:54,602 - exp_torch_topics_d128_bald_entropy3_i2000_b20_q100_sf512_4 - INFO - current val_accuracy: 0.47287711552612216
2020-03-27 10:13:54,602 - exp_torch_topics_d128_bald_entropy3_i2000_b20_q100_sf512_4 - INFO - start step #24
2020-03-27 10:14:19,615 - exp_torch_topics_d128_bald_entropy3_i2000_b20_q100_sf512_4 - INFO - query idx: [51860 64334 69870 83095  8260 68973 36751 50709 32440 97210 82738 96112
 93525 73718 54411 98019 87276 95279 35971 76462]
2020-03-27 10:14:22,044 - exp_torch_topics_d128_bald_entropy3_i2000_b20_q100_sf512_4 - INFO - finish step #24 for 27.442020893096924 sec
2020-03-27 10:14:22,045 - exp_torch_topics_d128_bald_entropy3_i2000_b20_q100_sf512_4 - INFO - current val_accuracy: 0.479411331861663
2020-03-27 10:14:22,045 - exp_torch_topics_d128_bald_entropy3_i2000_b20_q100_sf512_4 - INFO - start step #25
2020-03-27 10:14:50,107 - exp_torch_topics_d128_bald_entropy3_i2000_b20_q100_sf512_4 - INFO - query idx: [70620 71241 83231 22600 81866 67821 40140 86128 74189 34356 87366 62872
 56738 47952 73004 26553 62820 80685 71307 47005]
2020-03-27 10:14:58,135 - exp_torch_topics_d128_bald_entropy3_i2000_b20_q100_sf512_4 - INFO - finish step #25 for 36.08976173400879 sec
2020-03-27 10:14:58,135 - exp_torch_topics_d128_bald_entropy3_i2000_b20_q100_sf512_4 - INFO - current val_accuracy: 0.4848859455481972
2020-03-27 10:14:58,135 - exp_torch_topics_d128_bald_entropy3_i2000_b20_q100_sf512_4 - INFO - start step #26
2020-03-27 10:15:23,448 - exp_torch_topics_d128_bald_entropy3_i2000_b20_q100_sf512_4 - INFO - query idx: [62854 90214 78482 72718 67764  3504 88433 67437 20903 71702 37037 95930
  8425 10348 45624 55859 34794 46884 98318 26914]
2020-03-27 10:15:26,118 - exp_torch_topics_d128_bald_entropy3_i2000_b20_q100_sf512_4 - INFO - finish step #26 for 27.9825701713562 sec
2020-03-27 10:15:26,118 - exp_torch_topics_d128_bald_entropy3_i2000_b20_q100_sf512_4 - INFO - current val_accuracy: 0.48306107431935247
2020-03-27 10:15:26,118 - exp_torch_topics_d128_bald_entropy3_i2000_b20_q100_sf512_4 - INFO - start step #27
2020-03-27 10:15:59,346 - exp_torch_topics_d128_bald_entropy3_i2000_b20_q100_sf512_4 - INFO - query idx: [39171 97491 58244 31166 88738 62913  1927 26960 67325 95673 52646 58470
 18648  4335 90154 53535 80944 94442 77409 14961]
2020-03-27 10:16:06,060 - exp_torch_topics_d128_bald_entropy3_i2000_b20_q100_sf512_4 - INFO - finish step #27 for 39.941648960113525 sec
2020-03-27 10:16:06,060 - exp_torch_topics_d128_bald_entropy3_i2000_b20_q100_sf512_4 - INFO - current val_accuracy: 0.47888153053715965
2020-03-27 10:16:06,060 - exp_torch_topics_d128_bald_entropy3_i2000_b20_q100_sf512_4 - INFO - start step #28
2020-03-27 10:16:34,173 - exp_torch_topics_d128_bald_entropy3_i2000_b20_q100_sf512_4 - INFO - query idx: [17743 72406 13247 81779 85577 15283 71858 36223 87325  3255 22195 35268
 37281 47233 93225 17883 96961 11226 95418 91642]
2020-03-27 10:16:38,047 - exp_torch_topics_d128_bald_entropy3_i2000_b20_q100_sf512_4 - INFO - finish step #28 for 31.986358642578125 sec
2020-03-27 10:16:38,047 - exp_torch_topics_d128_bald_entropy3_i2000_b20_q100_sf512_4 - INFO - current val_accuracy: 0.4853568800588668
2020-03-27 10:16:38,047 - exp_torch_topics_d128_bald_entropy3_i2000_b20_q100_sf512_4 - INFO - start step #29
2020-03-27 10:17:05,036 - exp_torch_topics_d128_bald_entropy3_i2000_b20_q100_sf512_4 - INFO - query idx: [36773 19769 28586 53049 32763 41232 94051 28309 50128 60179 36131 90016
 63016 76950 32695 48703 89689  7969 62075  7242]
2020-03-27 10:17:07,800 - exp_torch_topics_d128_bald_entropy3_i2000_b20_q100_sf512_4 - INFO - finish step #29 for 29.752792835235596 sec
2020-03-27 10:17:08,033 - exp_torch_topics_d128_bald_entropy3_i2000_b20_q100_sf512_4 - INFO - current val_accuracy: 0.48988962472406183
2020-03-27 10:17:08,035 - exp_torch_topics_d128_bald_entropy3_i2000_b20_q100_sf512_4 - INFO - start step #30
2020-03-27 10:17:42,505 - exp_torch_topics_d128_bald_entropy3_i2000_b20_q100_sf512_4 - INFO - query idx: [92160 88659 71497 17552 49536 51648 31861 48285 62988 96841 67749 32704
  4582 80423 30427 68863 76804 34088 16813 95047]
2020-03-27 10:17:51,681 - exp_torch_topics_d128_bald_entropy3_i2000_b20_q100_sf512_4 - INFO - finish step #30 for 43.64605116844177 sec
2020-03-27 10:17:51,683 - exp_torch_topics_d128_bald_entropy3_i2000_b20_q100_sf512_4 - INFO - current val_accuracy: 0.4848270787343635
2020-03-27 10:17:51,684 - exp_torch_topics_d128_bald_entropy3_i2000_b20_q100_sf512_4 - INFO - start step #31
2020-03-27 10:18:34,447 - exp_torch_topics_d128_bald_entropy3_i2000_b20_q100_sf512_4 - INFO - query idx: [63842 52304 71838 88743 57584 14085 93282 86953 94468 94144 14295 53597
 36029 84405  6568 65378 27405 94086 59331  2719]
2020-03-27 10:18:47,483 - exp_torch_topics_d128_bald_entropy3_i2000_b20_q100_sf512_4 - INFO - finish step #31 for 55.79885697364807 sec
2020-03-27 10:18:47,487 - exp_torch_topics_d128_bald_entropy3_i2000_b20_q100_sf512_4 - INFO - current val_accuracy: 0.48621044885945547
2020-03-27 10:18:47,487 - exp_torch_topics_d128_bald_entropy3_i2000_b20_q100_sf512_4 - INFO - start step #32
2020-03-27 10:19:37,821 - exp_torch_topics_d128_bald_entropy3_i2000_b20_q100_sf512_4 - INFO - query idx: [41276 49291 23212 64877 47078 95419 15036 77087 40887 58537 87103 41456
 29368 62011 48521 16606  8891 20897 68851 32569]
2020-03-27 10:19:44,870 - exp_torch_topics_d128_bald_entropy3_i2000_b20_q100_sf512_4 - INFO - finish step #32 for 57.382681131362915 sec
2020-03-27 10:19:44,870 - exp_torch_topics_d128_bald_entropy3_i2000_b20_q100_sf512_4 - INFO - current val_accuracy: 0.4877115526122149
2020-03-27 10:19:44,870 - exp_torch_topics_d128_bald_entropy3_i2000_b20_q100_sf512_4 - INFO - start step #33
2020-03-27 10:20:21,402 - exp_torch_topics_d128_bald_entropy3_i2000_b20_q100_sf512_4 - INFO - query idx: [29647  8116 30168 31776 31690 88327 74113 61714 49786 34809 72007  2346
 33462 59468 65167 11035 47413 26247 34755 73634]
2020-03-27 10:20:28,223 - exp_torch_topics_d128_bald_entropy3_i2000_b20_q100_sf512_4 - INFO - finish step #33 for 43.35264301300049 sec
2020-03-27 10:20:28,223 - exp_torch_topics_d128_bald_entropy3_i2000_b20_q100_sf512_4 - INFO - current val_accuracy: 0.48415011037527594
2020-03-27 10:20:28,224 - exp_torch_topics_d128_bald_entropy3_i2000_b20_q100_sf512_4 - INFO - start step #34
2020-03-27 10:21:52,178 - exp_torch_topics_d128_bald_entropy3_i2000_b20_q100_sf512_4 - INFO - query idx: [51833 96590  3585 84952  1818 10993 61387 17341  8949 34458 14908 29243
   394 50286 24276  2427 65284 53594 11369 74146]
2020-03-27 10:22:08,463 - exp_torch_topics_d128_bald_entropy3_i2000_b20_q100_sf512_4 - INFO - finish step #34 for 100.23857617378235 sec
2020-03-27 10:22:08,466 - exp_torch_topics_d128_bald_entropy3_i2000_b20_q100_sf512_4 - INFO - current val_accuracy: 0.4888888888888889
2020-03-27 10:22:08,466 - exp_torch_topics_d128_bald_entropy3_i2000_b20_q100_sf512_4 - INFO - start step #35
2020-03-27 10:23:19,180 - exp_torch_topics_d128_bald_entropy3_i2000_b20_q100_sf512_4 - INFO - query idx: [92370 98926 18130 44796 16463 21582  8525 95717 94444 23979 12851 49386
 37854 55249 75137 92762 63365 70241 43334 80930]
2020-03-27 10:23:25,752 - exp_torch_topics_d128_bald_entropy3_i2000_b20_q100_sf512_4 - INFO - finish step #35 for 77.28562307357788 sec
2020-03-27 10:23:25,752 - exp_torch_topics_d128_bald_entropy3_i2000_b20_q100_sf512_4 - INFO - current val_accuracy: 0.49021339220014715
2020-03-27 10:23:25,753 - exp_torch_topics_d128_bald_entropy3_i2000_b20_q100_sf512_4 - INFO - start step #36
2020-03-27 10:24:22,429 - exp_torch_topics_d128_bald_entropy3_i2000_b20_q100_sf512_4 - INFO - query idx: [25440 44245 50901  1945 77622 45010 55072 54727 64537 65295  9195 45421
 59622 93389  3853 67315 59319 52928 38905 64419]
2020-03-27 10:24:29,549 - exp_torch_topics_d128_bald_entropy3_i2000_b20_q100_sf512_4 - INFO - finish step #36 for 63.79669380187988 sec
2020-03-27 10:24:29,550 - exp_torch_topics_d128_bald_entropy3_i2000_b20_q100_sf512_4 - INFO - current val_accuracy: 0.48921265636497424
2020-03-27 10:24:29,550 - exp_torch_topics_d128_bald_entropy3_i2000_b20_q100_sf512_4 - INFO - start step #37
2020-03-27 10:25:10,141 - exp_torch_topics_d128_bald_entropy3_i2000_b20_q100_sf512_4 - INFO - query idx: [26134  1106  7535 27335  7830 21870 51948 10600 81447 37957 90093 80639
 80976 55063  4999 80993 86555 12279 63995 15536]
2020-03-27 10:25:17,843 - exp_torch_topics_d128_bald_entropy3_i2000_b20_q100_sf512_4 - INFO - finish step #37 for 48.29265069961548 sec
2020-03-27 10:25:17,843 - exp_torch_topics_d128_bald_entropy3_i2000_b20_q100_sf512_4 - INFO - current val_accuracy: 0.48735835172921266
2020-03-27 10:25:17,844 - exp_torch_topics_d128_bald_entropy3_i2000_b20_q100_sf512_4 - INFO - start step #38
2020-03-27 10:25:53,016 - exp_torch_topics_d128_bald_entropy3_i2000_b20_q100_sf512_4 - INFO - query idx: [47983  7423 15536 29120 46028 25308  9260 79682 52075 74053 92013 66310
 15533 53122 62669 16445  2415 43003 97831 55900]
2020-03-27 10:26:05,876 - exp_torch_topics_d128_bald_entropy3_i2000_b20_q100_sf512_4 - INFO - finish step #38 for 48.03201985359192 sec
2020-03-27 10:26:05,877 - exp_torch_topics_d128_bald_entropy3_i2000_b20_q100_sf512_4 - INFO - current val_accuracy: 0.49044885945548194
2020-03-27 10:26:05,877 - exp_torch_topics_d128_bald_entropy3_i2000_b20_q100_sf512_4 - INFO - start step #39
2020-03-27 10:27:29,044 - exp_torch_topics_d128_bald_entropy3_i2000_b20_q100_sf512_4 - INFO - query idx: [16844 96181  6920 60078 14498 98908 18424 71243  9645  9417    68 26822
 34311 62219 90246 17271 39370 62932 95379 92884]
2020-03-27 10:27:40,992 - exp_torch_topics_d128_bald_entropy3_i2000_b20_q100_sf512_4 - INFO - finish step #39 for 95.11441993713379 sec
2020-03-27 10:27:40,994 - exp_torch_topics_d128_bald_entropy3_i2000_b20_q100_sf512_4 - INFO - current val_accuracy: 0.4891832229580574
2020-03-27 10:27:41,003 - exp_torch_topics_d128_bald_entropy3_i2000_b20_q100_sf512_4 - INFO - start step #40
2020-03-27 10:28:41,860 - exp_torch_topics_d128_bald_entropy3_i2000_b20_q100_sf512_4 - INFO - query idx: [88019  3344 90399 13168 42403 51310 23426  3444 81842 76512 39511 56955
 87938 94556 23299 66227  5846 82326 11511 33254]
2020-03-27 10:28:52,644 - exp_torch_topics_d128_bald_entropy3_i2000_b20_q100_sf512_4 - INFO - finish step #40 for 71.64043426513672 sec
2020-03-27 10:28:52,645 - exp_torch_topics_d128_bald_entropy3_i2000_b20_q100_sf512_4 - INFO - current val_accuracy: 0.48897718910963944
2020-03-27 10:28:52,646 - exp_torch_topics_d128_bald_entropy3_i2000_b20_q100_sf512_4 - INFO - start step #41
2020-03-27 10:29:30,039 - exp_torch_topics_d128_bald_entropy3_i2000_b20_q100_sf512_4 - INFO - query idx: [42163  6587 17995 31117 96769 51729 24860 79797 84711 56992 11893 57140
 46797 86577 29195 28187 30365 26816 12422 77025]
2020-03-27 10:29:37,872 - exp_torch_topics_d128_bald_entropy3_i2000_b20_q100_sf512_4 - INFO - finish step #41 for 45.22624206542969 sec
2020-03-27 10:29:37,875 - exp_torch_topics_d128_bald_entropy3_i2000_b20_q100_sf512_4 - INFO - current val_accuracy: 0.48868285504047093
2020-03-27 10:29:37,875 - exp_torch_topics_d128_bald_entropy3_i2000_b20_q100_sf512_4 - INFO - start step #42
2020-03-27 10:30:16,393 - exp_torch_topics_d128_bald_entropy3_i2000_b20_q100_sf512_4 - INFO - query idx: [71548 32376  3896  8542 78181 46610 30453   244 41261 60620 17759 32119
 27410 62929 42447 61000 63829 46031 98417  2108]
2020-03-27 10:30:22,151 - exp_torch_topics_d128_bald_entropy3_i2000_b20_q100_sf512_4 - INFO - finish step #42 for 44.276225090026855 sec
2020-03-27 10:30:22,151 - exp_torch_topics_d128_bald_entropy3_i2000_b20_q100_sf512_4 - INFO - current val_accuracy: 0.48629874908020604
2020-03-27 10:30:22,152 - exp_torch_topics_d128_bald_entropy3_i2000_b20_q100_sf512_4 - INFO - start step #43
2020-03-27 10:31:25,091 - exp_torch_topics_d128_bald_entropy3_i2000_b20_q100_sf512_4 - INFO - query idx: [ 8694 88239 17368 64029 94215 35246 33679 13195 12190 53765 16789 49557
 63333 40721 61462 65457 77981  9887  7305 38401]
2020-03-27 10:31:31,816 - exp_torch_topics_d128_bald_entropy3_i2000_b20_q100_sf512_4 - INFO - finish step #43 for 69.66482305526733 sec
2020-03-27 10:31:31,817 - exp_torch_topics_d128_bald_entropy3_i2000_b20_q100_sf512_4 - INFO - current val_accuracy: 0.4901545253863135
2020-03-27 10:31:31,817 - exp_torch_topics_d128_bald_entropy3_i2000_b20_q100_sf512_4 - INFO - start step #44
2020-03-27 10:32:21,382 - exp_torch_topics_d128_bald_entropy3_i2000_b20_q100_sf512_4 - INFO - query idx: [50215 16928 24938 56036 96272 32558 47850 63795 49606 49865 71217 64761
 49154 51288 50577 22905 91577 52790 15240 43280]
2020-03-27 10:32:27,486 - exp_torch_topics_d128_bald_entropy3_i2000_b20_q100_sf512_4 - INFO - finish step #44 for 55.66935896873474 sec
2020-03-27 10:32:27,486 - exp_torch_topics_d128_bald_entropy3_i2000_b20_q100_sf512_4 - INFO - current val_accuracy: 0.49456953642384105
2020-03-27 10:32:27,487 - exp_torch_topics_d128_bald_entropy3_i2000_b20_q100_sf512_4 - INFO - start step #45
2020-03-27 10:33:01,558 - exp_torch_topics_d128_bald_entropy3_i2000_b20_q100_sf512_4 - INFO - query idx: [24226 94014 51761 83985 13683 31775 57487 63484 56637 72140 17433 89590
 22035  1286  7087 48948 23842 93863 75536 54078]
2020-03-27 10:33:05,068 - exp_torch_topics_d128_bald_entropy3_i2000_b20_q100_sf512_4 - INFO - finish step #45 for 37.581093072891235 sec
2020-03-27 10:33:05,068 - exp_torch_topics_d128_bald_entropy3_i2000_b20_q100_sf512_4 - INFO - current val_accuracy: 0.490242825607064
2020-03-27 10:33:05,068 - exp_torch_topics_d128_bald_entropy3_i2000_b20_q100_sf512_4 - INFO - start step #46
2020-03-27 10:33:54,704 - exp_torch_topics_d128_bald_entropy3_i2000_b20_q100_sf512_4 - INFO - query idx: [24758 74745 46092 52007 29223 12029 85826 25335 80197 84895 69904 69575
 94199 94532 36291 28427 71258 35565 21434 89795]
2020-03-27 10:34:06,608 - exp_torch_topics_d128_bald_entropy3_i2000_b20_q100_sf512_4 - INFO - finish step #46 for 61.53910207748413 sec
2020-03-27 10:34:06,611 - exp_torch_topics_d128_bald_entropy3_i2000_b20_q100_sf512_4 - INFO - current val_accuracy: 0.4901545253863135
2020-03-27 10:34:06,612 - exp_torch_topics_d128_bald_entropy3_i2000_b20_q100_sf512_4 - INFO - start step #47
2020-03-27 10:34:52,975 - exp_torch_topics_d128_bald_entropy3_i2000_b20_q100_sf512_4 - INFO - query idx: [ 1722  1243 27675 52569 27397 61737 37702 42794 83764 14048 11738 91583
 15832 63287  5130 90606 24453 12275 53304 59977]
2020-03-27 10:35:03,072 - exp_torch_topics_d128_bald_entropy3_i2000_b20_q100_sf512_4 - INFO - finish step #47 for 56.459978342056274 sec
2020-03-27 10:35:03,072 - exp_torch_topics_d128_bald_entropy3_i2000_b20_q100_sf512_4 - INFO - current val_accuracy: 0.49103752759381897
2020-03-27 10:35:03,073 - exp_torch_topics_d128_bald_entropy3_i2000_b20_q100_sf512_4 - INFO - start step #48
2020-03-27 10:35:51,924 - exp_torch_topics_d128_bald_entropy3_i2000_b20_q100_sf512_4 - INFO - query idx: [78287 41921 27366 76864  5809 43091 51842 30345 95244  5489 51547 71391
 10160 74928 79697 15013  1838 89384 80989 85613]
2020-03-27 10:35:58,221 - exp_torch_topics_d128_bald_entropy3_i2000_b20_q100_sf512_4 - INFO - finish step #48 for 55.148441791534424 sec
2020-03-27 10:35:58,221 - exp_torch_topics_d128_bald_entropy3_i2000_b20_q100_sf512_4 - INFO - current val_accuracy: 0.49224429727740987
2020-03-27 10:35:58,222 - exp_torch_topics_d128_bald_entropy3_i2000_b20_q100_sf512_4 - INFO - start step #49
2020-03-27 10:36:33,792 - exp_torch_topics_d128_bald_entropy3_i2000_b20_q100_sf512_4 - INFO - query idx: [66411 44823 97904 79331 20496 44935 23132 63468 52644 83472 22891 65401
 15350  3043  9877 88908 57702 63984 12367 89762]
2020-03-27 10:36:38,609 - exp_torch_topics_d128_bald_entropy3_i2000_b20_q100_sf512_4 - INFO - finish step #49 for 40.38760590553284 sec
2020-03-27 10:36:38,609 - exp_torch_topics_d128_bald_entropy3_i2000_b20_q100_sf512_4 - INFO - current val_accuracy: 0.4927446651949963
2020-03-27 10:36:38,610 - exp_torch_topics_d128_bald_entropy3_i2000_b20_q100_sf512_4 - INFO - start step #50
2020-03-27 10:37:21,800 - exp_torch_topics_d128_bald_entropy3_i2000_b20_q100_sf512_4 - INFO - query idx: [96424 42150 32644 63581 82735 51851 84727 60622 17276  5247 38580 70033
 78013 35736 93911 54941 76381 17454 33465 54474]
2020-03-27 10:37:26,897 - exp_torch_topics_d128_bald_entropy3_i2000_b20_q100_sf512_4 - INFO - finish step #50 for 48.2876980304718 sec
2020-03-27 10:37:26,898 - exp_torch_topics_d128_bald_entropy3_i2000_b20_q100_sf512_4 - INFO - current val_accuracy: 0.49094922737306845
2020-03-27 10:37:26,898 - exp_torch_topics_d128_bald_entropy3_i2000_b20_q100_sf512_4 - INFO - start step #51
2020-03-27 10:37:57,352 - exp_torch_topics_d128_bald_entropy3_i2000_b20_q100_sf512_4 - INFO - query idx: [69803 20809 61400   678 17025 64046 69747 23603 61693 58467 32664 51216
 84586 44115 24766 85778 24227 72633 58814 22121]
2020-03-27 10:38:00,612 - exp_torch_topics_d128_bald_entropy3_i2000_b20_q100_sf512_4 - INFO - finish step #51 for 33.714277029037476 sec
2020-03-27 10:38:00,613 - exp_torch_topics_d128_bald_entropy3_i2000_b20_q100_sf512_4 - INFO - current val_accuracy: 0.4918616629874908
2020-03-27 10:38:00,613 - exp_torch_topics_d128_bald_entropy3_i2000_b20_q100_sf512_4 - INFO - start step #52
2020-03-27 10:38:30,987 - exp_torch_topics_d128_bald_entropy3_i2000_b20_q100_sf512_4 - INFO - query idx: [45542  2924 23649 26500 18907  2509 15657 83964 74562 57796 28813 56150
 96869 95987 55101 76537 49570 37261  1321 62420]
2020-03-27 10:38:34,002 - exp_torch_topics_d128_bald_entropy3_i2000_b20_q100_sf512_4 - INFO - finish step #52 for 33.38855719566345 sec
2020-03-27 10:38:34,002 - exp_torch_topics_d128_bald_entropy3_i2000_b20_q100_sf512_4 - INFO - current val_accuracy: 0.49392200147167037
2020-03-27 10:38:34,003 - exp_torch_topics_d128_bald_entropy3_i2000_b20_q100_sf512_4 - INFO - start step #53
2020-03-27 10:39:05,351 - exp_torch_topics_d128_bald_entropy3_i2000_b20_q100_sf512_4 - INFO - query idx: [47961 25941 89932 96376 51388 73042 77261 88816 67313 68777 44329 35713
  8076 91128 78397 97605 60629 66483 12430 92077]
2020-03-27 10:39:08,792 - exp_torch_topics_d128_bald_entropy3_i2000_b20_q100_sf512_4 - INFO - finish step #53 for 34.78921389579773 sec
2020-03-27 10:39:08,792 - exp_torch_topics_d128_bald_entropy3_i2000_b20_q100_sf512_4 - INFO - current val_accuracy: 0.4982487122884474
2020-03-27 10:39:08,792 - exp_torch_topics_d128_bald_entropy3_i2000_b20_q100_sf512_4 - INFO - start step #54
2020-03-27 10:39:57,101 - exp_torch_topics_d128_bald_entropy3_i2000_b20_q100_sf512_4 - INFO - query idx: [75778 86278 73322 97913 63994 25689 44717 26591 60818 56672 22458 83576
 89902 77689 89945 86367 41863 72475 39588 29414]
2020-03-27 10:40:09,462 - exp_torch_topics_d128_bald_entropy3_i2000_b20_q100_sf512_4 - INFO - finish step #54 for 60.669142723083496 sec
2020-03-27 10:40:09,464 - exp_torch_topics_d128_bald_entropy3_i2000_b20_q100_sf512_4 - INFO - current val_accuracy: 0.49386313465783666
2020-03-27 10:40:09,465 - exp_torch_topics_d128_bald_entropy3_i2000_b20_q100_sf512_4 - INFO - start step #55
2020-03-27 10:41:01,407 - exp_torch_topics_d128_bald_entropy3_i2000_b20_q100_sf512_4 - INFO - query idx: [94113 94488 29358 28715 34341 88920 27365 27163 51893 66406 89718  9979
 90742 91603  5560 57254 58600 93311 78440 62667]
2020-03-27 10:41:11,715 - exp_torch_topics_d128_bald_entropy3_i2000_b20_q100_sf512_4 - INFO - finish step #55 for 62.250471353530884 sec
2020-03-27 10:41:11,716 - exp_torch_topics_d128_bald_entropy3_i2000_b20_q100_sf512_4 - INFO - current val_accuracy: 0.49339220014716706
2020-03-27 10:41:11,716 - exp_torch_topics_d128_bald_entropy3_i2000_b20_q100_sf512_4 - INFO - start step #56
2020-03-27 10:41:59,509 - exp_torch_topics_d128_bald_entropy3_i2000_b20_q100_sf512_4 - INFO - query idx: [56335  6449 26960 47450 59917  3860  8438 35577 94824 16318 40337 61948
 23787 57414 28887 41151 58371 44177 37736 43344]
2020-03-27 10:42:05,346 - exp_torch_topics_d128_bald_entropy3_i2000_b20_q100_sf512_4 - INFO - finish step #56 for 53.62959694862366 sec
2020-03-27 10:42:05,346 - exp_torch_topics_d128_bald_entropy3_i2000_b20_q100_sf512_4 - INFO - current val_accuracy: 0.4982781456953642
2020-03-27 10:42:05,346 - exp_torch_topics_d128_bald_entropy3_i2000_b20_q100_sf512_4 - INFO - start step #57
2020-03-27 10:42:42,103 - exp_torch_topics_d128_bald_entropy3_i2000_b20_q100_sf512_4 - INFO - query idx: [75623 21018 76590 86224 58035 42546 74960 16942 72384 72129   140  8344
 29137  3715 25488 44239 93632 31473  3871 42157]
2020-03-27 10:42:47,107 - exp_torch_topics_d128_bald_entropy3_i2000_b20_q100_sf512_4 - INFO - finish step #57 for 41.76109004020691 sec
2020-03-27 10:42:47,107 - exp_torch_topics_d128_bald_entropy3_i2000_b20_q100_sf512_4 - INFO - current val_accuracy: 0.5016041206769684
2020-03-27 10:42:47,108 - exp_torch_topics_d128_bald_entropy3_i2000_b20_q100_sf512_4 - INFO - start step #58
2020-03-27 10:43:33,823 - exp_torch_topics_d128_bald_entropy3_i2000_b20_q100_sf512_4 - INFO - query idx: [44828 38310 64732 14331 76844 42736 81548 71616 23806 76508 45605 23413
 43015 96046 79105 96185 94990  1782 11539  8687]
2020-03-27 10:43:39,563 - exp_torch_topics_d128_bald_entropy3_i2000_b20_q100_sf512_4 - INFO - finish step #58 for 52.45527696609497 sec
2020-03-27 10:43:39,563 - exp_torch_topics_d128_bald_entropy3_i2000_b20_q100_sf512_4 - INFO - current val_accuracy: 0.4978366445916115
2020-03-27 10:43:39,563 - exp_torch_topics_d128_bald_entropy3_i2000_b20_q100_sf512_4 - INFO - start step #59
2020-03-27 10:44:12,373 - exp_torch_topics_d128_bald_entropy3_i2000_b20_q100_sf512_4 - INFO - query idx: [64999 24500 78344 73773 38509 66731 91705 39592  8915 57573 96160 36108
 50371 11565 19421 58087 79761 22594  6793 41130]
2020-03-27 10:44:16,542 - exp_torch_topics_d128_bald_entropy3_i2000_b20_q100_sf512_4 - INFO - finish step #59 for 36.97819709777832 sec
2020-03-27 10:44:16,542 - exp_torch_topics_d128_bald_entropy3_i2000_b20_q100_sf512_4 - INFO - current val_accuracy: 0.5025165562913907
2020-03-27 10:44:16,542 - exp_torch_topics_d128_bald_entropy3_i2000_b20_q100_sf512_4 - INFO - start step #60
2020-03-27 10:44:44,438 - exp_torch_topics_d128_bald_entropy3_i2000_b20_q100_sf512_4 - INFO - query idx: [15552 48390 20736 10237  5806 85412 51800 93102 46358 56513 50158 58851
 35981 14498 27140 67211 49703 66333 93364 20051]
2020-03-27 10:44:47,608 - exp_torch_topics_d128_bald_entropy3_i2000_b20_q100_sf512_4 - INFO - finish step #60 for 31.0656099319458 sec
2020-03-27 10:44:47,608 - exp_torch_topics_d128_bald_entropy3_i2000_b20_q100_sf512_4 - INFO - current val_accuracy: 0.5026048565121413
2020-03-27 10:44:47,608 - exp_torch_topics_d128_bald_entropy3_i2000_b20_q100_sf512_4 - INFO - start step #61
2020-03-27 10:45:16,721 - exp_torch_topics_d128_bald_entropy3_i2000_b20_q100_sf512_4 - INFO - query idx: [27536 55429 55905 54112 36955 56088 56175 65993 98136 96057 76679 70250
 19050 89812 16412 65441  5529 61164 65431 35176]
2020-03-27 10:45:19,847 - exp_torch_topics_d128_bald_entropy3_i2000_b20_q100_sf512_4 - INFO - finish step #61 for 32.23845291137695 sec
2020-03-27 10:45:19,847 - exp_torch_topics_d128_bald_entropy3_i2000_b20_q100_sf512_4 - INFO - current val_accuracy: 0.49768947755702725
2020-03-27 10:45:19,848 - exp_torch_topics_d128_bald_entropy3_i2000_b20_q100_sf512_4 - INFO - start step #62
2020-03-27 10:45:49,198 - exp_torch_topics_d128_bald_entropy3_i2000_b20_q100_sf512_4 - INFO - query idx: [15942 58075 77097  6824 24173 19344 32753 97435 96198 28796 27604 69331
 18222 40608 39122 80078 18853 42363 68141 13164]
2020-03-27 10:45:54,856 - exp_torch_topics_d128_bald_entropy3_i2000_b20_q100_sf512_4 - INFO - finish step #62 for 35.007734060287476 sec
2020-03-27 10:45:54,856 - exp_torch_topics_d128_bald_entropy3_i2000_b20_q100_sf512_4 - INFO - current val_accuracy: 0.4978955114054452
2020-03-27 10:45:54,857 - exp_torch_topics_d128_bald_entropy3_i2000_b20_q100_sf512_4 - INFO - start step #63
2020-03-27 10:46:25,475 - exp_torch_topics_d128_bald_entropy3_i2000_b20_q100_sf512_4 - INFO - query idx: [49094 66346 86888 10988 89140 32692 62492 17414  7801  4337 16162 79517
 29426 86115 51411 19906  8160 19696 41176 16637]
2020-03-27 10:46:29,956 - exp_torch_topics_d128_bald_entropy3_i2000_b20_q100_sf512_4 - INFO - finish step #63 for 35.09859824180603 sec
2020-03-27 10:46:29,956 - exp_torch_topics_d128_bald_entropy3_i2000_b20_q100_sf512_4 - INFO - current val_accuracy: 0.5005739514348786
2020-03-27 10:46:29,956 - exp_torch_topics_d128_bald_entropy3_i2000_b20_q100_sf512_4 - INFO - start step #64
2020-03-27 10:46:59,493 - exp_torch_topics_d128_bald_entropy3_i2000_b20_q100_sf512_4 - INFO - query idx: [89412 48708 38640 80523 70262 95206 55043 71282 61128 63066 91253  5732
  7194 83239 52360 84161 15695 14270 11620 36588]
2020-03-27 10:47:07,206 - exp_torch_topics_d128_bald_entropy3_i2000_b20_q100_sf512_4 - INFO - finish step #64 for 37.249608278274536 sec
2020-03-27 10:47:07,206 - exp_torch_topics_d128_bald_entropy3_i2000_b20_q100_sf512_4 - INFO - current val_accuracy: 0.5000441501103753
2020-03-27 10:47:07,207 - exp_torch_topics_d128_bald_entropy3_i2000_b20_q100_sf512_4 - INFO - start step #65
2020-03-27 10:47:41,300 - exp_torch_topics_d128_bald_entropy3_i2000_b20_q100_sf512_4 - INFO - query idx: [17287 73460 98645  3183 88942 80640 79819 88737 21840 95226 74567 56717
 72433 18131  5546 29846 40096 24117 95567 52030]
2020-03-27 10:47:49,850 - exp_torch_topics_d128_bald_entropy3_i2000_b20_q100_sf512_4 - INFO - finish step #65 for 42.643346071243286 sec
2020-03-27 10:47:49,851 - exp_torch_topics_d128_bald_entropy3_i2000_b20_q100_sf512_4 - INFO - current val_accuracy: 0.500868285504047
2020-03-27 10:47:49,851 - exp_torch_topics_d128_bald_entropy3_i2000_b20_q100_sf512_4 - INFO - start step #66
2020-03-27 10:48:51,367 - exp_torch_topics_d128_bald_entropy3_i2000_b20_q100_sf512_4 - INFO - query idx: [80129 18921 89278 51625 35776 58294 39079 66444 81057 28477 89228 56617
 53596 48924 82053 19377 37200 84181 63022 28595]
2020-03-27 10:49:05,537 - exp_torch_topics_d128_bald_entropy3_i2000_b20_q100_sf512_4 - INFO - finish step #66 for 75.68616390228271 sec
2020-03-27 10:49:05,542 - exp_torch_topics_d128_bald_entropy3_i2000_b20_q100_sf512_4 - INFO - current val_accuracy: 0.4981898454746137
2020-03-27 10:49:05,543 - exp_torch_topics_d128_bald_entropy3_i2000_b20_q100_sf512_4 - INFO - start step #67
2020-03-27 10:50:06,872 - exp_torch_topics_d128_bald_entropy3_i2000_b20_q100_sf512_4 - INFO - query idx: [92839 21356 64767 88530 61470 82012  4206 11908 65039 10996 72931 83293
 13149 82383 45943 23472 71707 49159 64460 63909]
2020-03-27 10:50:12,916 - exp_torch_topics_d128_bald_entropy3_i2000_b20_q100_sf512_4 - INFO - finish step #67 for 67.37015581130981 sec
2020-03-27 10:50:12,917 - exp_torch_topics_d128_bald_entropy3_i2000_b20_q100_sf512_4 - INFO - current val_accuracy: 0.500103016924209
2020-03-27 10:50:12,917 - exp_torch_topics_d128_bald_entropy3_i2000_b20_q100_sf512_4 - INFO - start step #68
2020-03-27 10:51:05,645 - exp_torch_topics_d128_bald_entropy3_i2000_b20_q100_sf512_4 - INFO - query idx: [95460 35470 55917 76739 37205 15808 68447 96782  3461 21415 86582 36289
 29999 71423 90608 57177 57573 80196  9648 58564]
2020-03-27 10:51:16,045 - exp_torch_topics_d128_bald_entropy3_i2000_b20_q100_sf512_4 - INFO - finish step #68 for 63.127411127090454 sec
2020-03-27 10:51:16,045 - exp_torch_topics_d128_bald_entropy3_i2000_b20_q100_sf512_4 - INFO - current val_accuracy: 0.5013392200147168
2020-03-27 10:51:16,045 - exp_torch_topics_d128_bald_entropy3_i2000_b20_q100_sf512_4 - INFO - start step #69
2020-03-27 10:51:51,874 - exp_torch_topics_d128_bald_entropy3_i2000_b20_q100_sf512_4 - INFO - query idx: [87419 84793 19072 61669 13317   427 24761 87919 28790 38099 49765 18131
 95496 65416 21672 60309 44276  8330 52513 81606]
2020-03-27 10:51:56,176 - exp_torch_topics_d128_bald_entropy3_i2000_b20_q100_sf512_4 - INFO - finish step #69 for 40.130614042282104 sec
2020-03-27 10:51:56,176 - exp_torch_topics_d128_bald_entropy3_i2000_b20_q100_sf512_4 - INFO - current val_accuracy: 0.5029286239882267
2020-03-27 10:51:56,177 - exp_torch_topics_d128_bald_entropy3_i2000_b20_q100_sf512_4 - INFO - start step #70
2020-03-27 10:52:36,016 - exp_torch_topics_d128_bald_entropy3_i2000_b20_q100_sf512_4 - INFO - query idx: [87582 41333 86929 74642 77962 73844 54945 59964 20601 17281 19566 61982
 68364  4588 76358 59197 86151 91558 76938 43479]
2020-03-27 10:52:45,281 - exp_torch_topics_d128_bald_entropy3_i2000_b20_q100_sf512_4 - INFO - finish step #70 for 49.104352951049805 sec
2020-03-27 10:52:45,281 - exp_torch_topics_d128_bald_entropy3_i2000_b20_q100_sf512_4 - INFO - current val_accuracy: 0.505813097866078
2020-03-27 10:52:45,282 - exp_torch_topics_d128_bald_entropy3_i2000_b20_q100_sf512_4 - INFO - start step #71
2020-03-27 10:53:14,710 - exp_torch_topics_d128_bald_entropy3_i2000_b20_q100_sf512_4 - INFO - query idx: [88001 23638 80429 47425 73105 13750 87721 59196 46310 36451 19660  4707
 51462 58072 31116 89721 16885 60746 83900 94344]
2020-03-27 10:53:20,333 - exp_torch_topics_d128_bald_entropy3_i2000_b20_q100_sf512_4 - INFO - finish step #71 for 35.050971031188965 sec
2020-03-27 10:53:20,333 - exp_torch_topics_d128_bald_entropy3_i2000_b20_q100_sf512_4 - INFO - current val_accuracy: 0.5033112582781457
2020-03-27 10:53:20,333 - exp_torch_topics_d128_bald_entropy3_i2000_b20_q100_sf512_4 - INFO - start step #72
2020-03-27 10:54:01,167 - exp_torch_topics_d128_bald_entropy3_i2000_b20_q100_sf512_4 - INFO - query idx: [56156 37153  3543  5640 69426 39902 27245 46596 43651 11541   423 12034
 57039  3292 48530 12767 23672 16142  2489 53412]
2020-03-27 10:54:11,907 - exp_torch_topics_d128_bald_entropy3_i2000_b20_q100_sf512_4 - INFO - finish step #72 for 51.573649883270264 sec
2020-03-27 10:54:11,908 - exp_torch_topics_d128_bald_entropy3_i2000_b20_q100_sf512_4 - INFO - current val_accuracy: 0.5007505518763797
2020-03-27 10:54:11,912 - exp_torch_topics_d128_bald_entropy3_i2000_b20_q100_sf512_4 - INFO - start step #73
2020-03-27 10:55:12,210 - exp_torch_topics_d128_bald_entropy3_i2000_b20_q100_sf512_4 - INFO - query idx: [ 7162 75650 93774 32854 24694 75946 46861 43369 39013 74130 28527 20695
  4253 61229 59857 24276 29388 54038 12958 42713]
2020-03-27 10:55:17,957 - exp_torch_topics_d128_bald_entropy3_i2000_b20_q100_sf512_4 - INFO - finish step #73 for 66.04468488693237 sec
2020-03-27 10:55:17,957 - exp_torch_topics_d128_bald_entropy3_i2000_b20_q100_sf512_4 - INFO - current val_accuracy: 0.5042825607064018
2020-03-27 10:55:17,957 - exp_torch_topics_d128_bald_entropy3_i2000_b20_q100_sf512_4 - INFO - start step #74
2020-03-27 10:56:04,673 - exp_torch_topics_d128_bald_entropy3_i2000_b20_q100_sf512_4 - INFO - query idx: [77310 49411 37307 38475 10444 60484 36084 25210 26451 89297 64060 53229
 33241 11563 86145  6624 49595 62663 89684 82204]
2020-03-27 10:56:13,122 - exp_torch_topics_d128_bald_entropy3_i2000_b20_q100_sf512_4 - INFO - finish step #74 for 55.164228200912476 sec
2020-03-27 10:56:13,128 - exp_torch_topics_d128_bald_entropy3_i2000_b20_q100_sf512_4 - INFO - current val_accuracy: 0.5026342899190581
2020-03-27 10:56:13,128 - exp_torch_topics_d128_bald_entropy3_i2000_b20_q100_sf512_4 - INFO - start step #75
2020-03-27 10:57:24,992 - exp_torch_topics_d128_bald_entropy3_i2000_b20_q100_sf512_4 - INFO - query idx: [68909 82067 16036 55661 30480 93614 22576 72041 23852 72606 11304 36523
  6248 14783  9935 33209 46989 25702 58499 38956]
2020-03-27 10:57:32,477 - exp_torch_topics_d128_bald_entropy3_i2000_b20_q100_sf512_4 - INFO - finish step #75 for 79.34931492805481 sec
2020-03-27 10:57:32,478 - exp_torch_topics_d128_bald_entropy3_i2000_b20_q100_sf512_4 - INFO - current val_accuracy: 0.5040765268579838
2020-03-27 10:57:32,478 - exp_torch_topics_d128_bald_entropy3_i2000_b20_q100_sf512_4 - INFO - start step #76
2020-03-27 10:58:29,681 - exp_torch_topics_d128_bald_entropy3_i2000_b20_q100_sf512_4 - INFO - query idx: [ 4795 81525 58574 46461 73392 67920 74210  4311 85638 20301 20903 85872
 39167 13781  5669 71342  9083 67488 11314 36252]
2020-03-27 10:58:36,445 - exp_torch_topics_d128_bald_entropy3_i2000_b20_q100_sf512_4 - INFO - finish step #76 for 63.966861724853516 sec
2020-03-27 10:58:36,445 - exp_torch_topics_d128_bald_entropy3_i2000_b20_q100_sf512_4 - INFO - current val_accuracy: 0.508373804267844
2020-03-27 10:58:36,446 - exp_torch_topics_d128_bald_entropy3_i2000_b20_q100_sf512_4 - INFO - start step #77
2020-03-27 10:59:22,970 - exp_torch_topics_d128_bald_entropy3_i2000_b20_q100_sf512_4 - INFO - query idx: [34213 34697 76989 25254 72707 62030 86910 63995 75034 45003 23772 57502
 28236 53911 93671 54659 51225 88659 64011 35655]
2020-03-27 10:59:32,041 - exp_torch_topics_d128_bald_entropy3_i2000_b20_q100_sf512_4 - INFO - finish step #77 for 55.59412503242493 sec
2020-03-27 10:59:32,041 - exp_torch_topics_d128_bald_entropy3_i2000_b20_q100_sf512_4 - INFO - current val_accuracy: 0.5071670345842532
2020-03-27 10:59:32,041 - exp_torch_topics_d128_bald_entropy3_i2000_b20_q100_sf512_4 - INFO - start step #78
2020-03-27 11:00:17,217 - exp_torch_topics_d128_bald_entropy3_i2000_b20_q100_sf512_4 - INFO - query idx: [34336 75598 86085 84958 28659 60665 45134 38680 73136 73343 66191  8966
 40584  6575  7086 13089 29903 43089 14382  9616]
2020-03-27 11:00:33,541 - exp_torch_topics_d128_bald_entropy3_i2000_b20_q100_sf512_4 - INFO - finish step #78 for 61.49988102912903 sec
2020-03-27 11:00:33,544 - exp_torch_topics_d128_bald_entropy3_i2000_b20_q100_sf512_4 - INFO - current val_accuracy: 0.5033995584988963
2020-03-27 11:00:33,545 - exp_torch_topics_d128_bald_entropy3_i2000_b20_q100_sf512_4 - INFO - start step #79
2020-03-27 11:01:26,869 - exp_torch_topics_d128_bald_entropy3_i2000_b20_q100_sf512_4 - INFO - query idx: [36725 81015 39637 30439 38671 82541 65518 68276 74640 17956  6286 25397
  5126 30149 79272 50927 74289 36812  1670 94573]
2020-03-27 11:01:33,331 - exp_torch_topics_d128_bald_entropy3_i2000_b20_q100_sf512_4 - INFO - finish step #79 for 59.78598189353943 sec
2020-03-27 11:01:33,331 - exp_torch_topics_d128_bald_entropy3_i2000_b20_q100_sf512_4 - INFO - current val_accuracy: 0.5053715967623252
2020-03-27 11:01:33,331 - exp_torch_topics_d128_bald_entropy3_i2000_b20_q100_sf512_4 - INFO - start step #80
2020-03-27 11:02:19,241 - exp_torch_topics_d128_bald_entropy3_i2000_b20_q100_sf512_4 - INFO - query idx: [37501 72650 51455 17986 43496  6954 79448 42734 75688 53497  9276 22630
 70176 56987 71590 57827 76257 86857 25541 71845]
2020-03-27 11:02:25,483 - exp_torch_topics_d128_bald_entropy3_i2000_b20_q100_sf512_4 - INFO - finish step #80 for 52.15187692642212 sec
2020-03-27 11:02:25,484 - exp_torch_topics_d128_bald_entropy3_i2000_b20_q100_sf512_4 - INFO - current val_accuracy: 0.5031052244297277
2020-03-27 11:02:25,484 - exp_torch_topics_d128_bald_entropy3_i2000_b20_q100_sf512_4 - INFO - start step #81
2020-03-27 11:03:07,278 - exp_torch_topics_d128_bald_entropy3_i2000_b20_q100_sf512_4 - INFO - query idx: [92510  6551 28337  8164 44798 97225 41855 16222 11824  5171 66405 19791
 18750 72925 30647 72585 57917 93891 40838 92614]
2020-03-27 11:03:16,620 - exp_torch_topics_d128_bald_entropy3_i2000_b20_q100_sf512_4 - INFO - finish step #81 for 51.13638997077942 sec
2020-03-27 11:03:16,621 - exp_torch_topics_d128_bald_entropy3_i2000_b20_q100_sf512_4 - INFO - current val_accuracy: 0.5055776306107432
2020-03-27 11:03:16,625 - exp_torch_topics_d128_bald_entropy3_i2000_b20_q100_sf512_4 - INFO - start step #82
2020-03-27 11:04:02,780 - exp_torch_topics_d128_bald_entropy3_i2000_b20_q100_sf512_4 - INFO - query idx: [57466 27704 60125 15382 21612 62831 28197 89287 77000 53473 61291 17917
 16408 42480 23458 53318 40467 88899 35631 86915]
2020-03-27 11:04:09,559 - exp_torch_topics_d128_bald_entropy3_i2000_b20_q100_sf512_4 - INFO - finish step #82 for 52.93450975418091 sec
2020-03-27 11:04:09,560 - exp_torch_topics_d128_bald_entropy3_i2000_b20_q100_sf512_4 - INFO - current val_accuracy: 0.5040176600441502
2020-03-27 11:04:09,561 - exp_torch_topics_d128_bald_entropy3_i2000_b20_q100_sf512_4 - INFO - start step #83
2020-03-27 11:04:54,702 - exp_torch_topics_d128_bald_entropy3_i2000_b20_q100_sf512_4 - INFO - query idx: [26612 75300 60064 49890  9502 73336 23091 29176  3276 93379 43271 63622
 83634 16501 70102 56071 15608 77956 51025 24015]
2020-03-27 11:04:59,999 - exp_torch_topics_d128_bald_entropy3_i2000_b20_q100_sf512_4 - INFO - finish step #83 for 50.4386990070343 sec
2020-03-27 11:05:00,000 - exp_torch_topics_d128_bald_entropy3_i2000_b20_q100_sf512_4 - INFO - current val_accuracy: 0.5030757910228109
2020-03-27 11:05:00,000 - exp_torch_topics_d128_bald_entropy3_i2000_b20_q100_sf512_4 - INFO - start step #84
2020-03-27 11:05:35,658 - exp_torch_topics_d128_bald_entropy3_i2000_b20_q100_sf512_4 - INFO - query idx: [14147 21339 51661 67149 86170 45713 18755 96024 22802 54512 65392 17795
 11105  9684   424 36553 15393 49252 38208  3291]
2020-03-27 11:05:39,963 - exp_torch_topics_d128_bald_entropy3_i2000_b20_q100_sf512_4 - INFO - finish step #84 for 39.96302509307861 sec
2020-03-27 11:05:39,963 - exp_torch_topics_d128_bald_entropy3_i2000_b20_q100_sf512_4 - INFO - current val_accuracy: 0.502869757174393
2020-03-27 11:05:39,963 - exp_torch_topics_d128_bald_entropy3_i2000_b20_q100_sf512_4 - INFO - start step #85
2020-03-27 11:06:26,537 - exp_torch_topics_d128_bald_entropy3_i2000_b20_q100_sf512_4 - INFO - query idx: [ 8666 33330 44438 21645 39549 16333 73207  2126 81561 69582 82819 32491
 24233 56186 40322 76323 72152 40652 16703 24354]
2020-03-27 11:06:32,582 - exp_torch_topics_d128_bald_entropy3_i2000_b20_q100_sf512_4 - INFO - finish step #85 for 52.61876130104065 sec
2020-03-27 11:06:32,582 - exp_torch_topics_d128_bald_entropy3_i2000_b20_q100_sf512_4 - INFO - current val_accuracy: 0.5070198675496689
2020-03-27 11:06:32,583 - exp_torch_topics_d128_bald_entropy3_i2000_b20_q100_sf512_4 - INFO - start step #86
2020-03-27 11:07:36,192 - exp_torch_topics_d128_bald_entropy3_i2000_b20_q100_sf512_4 - INFO - query idx: [23335 91343 24999 44267 87462 56142 73856  2394 67141  3096 32811 12532
  8935 11646 67022 21353  2103 89066 13609  4681]
2020-03-27 11:07:53,710 - exp_torch_topics_d128_bald_entropy3_i2000_b20_q100_sf512_4 - INFO - finish step #86 for 81.12683415412903 sec
2020-03-27 11:07:53,712 - exp_torch_topics_d128_bald_entropy3_i2000_b20_q100_sf512_4 - INFO - current val_accuracy: 0.5074908020603385
2020-03-27 11:07:53,713 - exp_torch_topics_d128_bald_entropy3_i2000_b20_q100_sf512_4 - INFO - start step #87
2020-03-27 11:08:48,697 - exp_torch_topics_d128_bald_entropy3_i2000_b20_q100_sf512_4 - INFO - query idx: [ 6502 22921 37017  8868 59778 40829 53883  7638 69618 63960 21093 25578
 26362 66244 58656 82208 40779 69577 93063 68154]
2020-03-27 11:09:00,918 - exp_torch_topics_d128_bald_entropy3_i2000_b20_q100_sf512_4 - INFO - finish step #87 for 67.20481491088867 sec
2020-03-27 11:09:00,922 - exp_torch_topics_d128_bald_entropy3_i2000_b20_q100_sf512_4 - INFO - current val_accuracy: 0.5065489330389993
2020-03-27 11:09:00,922 - exp_torch_topics_d128_bald_entropy3_i2000_b20_q100_sf512_4 - INFO - start step #88
2020-03-27 11:10:25,779 - exp_torch_topics_d128_bald_entropy3_i2000_b20_q100_sf512_4 - INFO - query idx: [33132 71988  4298 53711 35779 82584 79566 31372 26778 51114 44224 20933
 58163 40891 21402 22443 55485 67474 32106 53434]
2020-03-27 11:10:34,169 - exp_torch_topics_d128_bald_entropy3_i2000_b20_q100_sf512_4 - INFO - finish step #88 for 93.2464280128479 sec
2020-03-27 11:10:34,169 - exp_torch_topics_d128_bald_entropy3_i2000_b20_q100_sf512_4 - INFO - current val_accuracy: 0.505813097866078
2020-03-27 11:10:34,169 - exp_torch_topics_d128_bald_entropy3_i2000_b20_q100_sf512_4 - INFO - start step #89
2020-03-27 11:11:26,154 - exp_torch_topics_d128_bald_entropy3_i2000_b20_q100_sf512_4 - INFO - query idx: [39016 25699 40496 87369  3571 77652 72804  8138 20156 17700 70345 86788
  3073  1380   716 14508 17722 43263 62392 52317]
2020-03-27 11:11:33,478 - exp_torch_topics_d128_bald_entropy3_i2000_b20_q100_sf512_4 - INFO - finish step #89 for 59.308720111846924 sec
2020-03-27 11:11:33,478 - exp_torch_topics_d128_bald_entropy3_i2000_b20_q100_sf512_4 - INFO - current val_accuracy: 0.5079323031640912
2020-03-27 11:11:33,479 - exp_torch_topics_d128_bald_entropy3_i2000_b20_q100_sf512_4 - INFO - start step #90
2020-03-27 11:12:16,682 - exp_torch_topics_d128_bald_entropy3_i2000_b20_q100_sf512_4 - INFO - query idx: [10875  7303 86144 32933   378 12649  3944 46725 31663 18999   469 94322
 27878 26774 15515  6769 40356  3745 94951 63850]
2020-03-27 11:12:23,752 - exp_torch_topics_d128_bald_entropy3_i2000_b20_q100_sf512_4 - INFO - finish step #90 for 50.27309799194336 sec
2020-03-27 11:12:23,752 - exp_torch_topics_d128_bald_entropy3_i2000_b20_q100_sf512_4 - INFO - current val_accuracy: 0.5076674025018396
2020-03-27 11:12:23,752 - exp_torch_topics_d128_bald_entropy3_i2000_b20_q100_sf512_4 - INFO - start step #91
2020-03-27 11:13:21,552 - exp_torch_topics_d128_bald_entropy3_i2000_b20_q100_sf512_4 - INFO - query idx: [38595 46220 80578 22413 59281 70526  8016  5540 71507  7891 76037  7684
 84046 49602 56388  9211  3448 64885 17650 33337]
2020-03-27 11:13:29,535 - exp_torch_topics_d128_bald_entropy3_i2000_b20_q100_sf512_4 - INFO - finish step #91 for 65.782870054245 sec
2020-03-27 11:13:29,535 - exp_torch_topics_d128_bald_entropy3_i2000_b20_q100_sf512_4 - INFO - current val_accuracy: 0.505430463576159
2020-03-27 11:13:29,536 - exp_torch_topics_d128_bald_entropy3_i2000_b20_q100_sf512_4 - INFO - start step #92
2020-03-27 11:14:08,915 - exp_torch_topics_d128_bald_entropy3_i2000_b20_q100_sf512_4 - INFO - query idx: [48605 11366  6922 33838 25348 21815 48588 12444 12126  2736 23640 60147
 92269 75003 14334 13738 28870 31923 64756 52238]
2020-03-27 11:14:14,434 - exp_torch_topics_d128_bald_entropy3_i2000_b20_q100_sf512_4 - INFO - finish step #92 for 44.89879894256592 sec
2020-03-27 11:14:14,435 - exp_torch_topics_d128_bald_entropy3_i2000_b20_q100_sf512_4 - INFO - current val_accuracy: 0.5075202354672553
2020-03-27 11:14:14,435 - exp_torch_topics_d128_bald_entropy3_i2000_b20_q100_sf512_4 - INFO - start step #93
2020-03-27 11:14:51,981 - exp_torch_topics_d128_bald_entropy3_i2000_b20_q100_sf512_4 - INFO - query idx: [ 1414 55281  5353 78042 74061 17733  8296 90842 81749 37902 39864 87126
 55443 26105 70148 29544 53934 40289 86459 65585]
2020-03-27 11:15:05,700 - exp_torch_topics_d128_bald_entropy3_i2000_b20_q100_sf512_4 - INFO - finish step #93 for 51.264437675476074 sec
2020-03-27 11:15:05,701 - exp_torch_topics_d128_bald_entropy3_i2000_b20_q100_sf512_4 - INFO - current val_accuracy: 0.5077262693156733
2020-03-27 11:15:05,703 - exp_torch_topics_d128_bald_entropy3_i2000_b20_q100_sf512_4 - INFO - start step #94
2020-03-27 11:15:54,041 - exp_torch_topics_d128_bald_entropy3_i2000_b20_q100_sf512_4 - INFO - query idx: [84366 73609 57743 54488  4704 55925 36144 56560 40682 15057 91401 62742
 95961 28620 78663 69712 90840 19380 56821 22086]
2020-03-27 11:16:05,256 - exp_torch_topics_d128_bald_entropy3_i2000_b20_q100_sf512_4 - INFO - finish step #94 for 59.55214595794678 sec
2020-03-27 11:16:05,258 - exp_torch_topics_d128_bald_entropy3_i2000_b20_q100_sf512_4 - INFO - current val_accuracy: 0.505224429727741
2020-03-27 11:16:05,259 - exp_torch_topics_d128_bald_entropy3_i2000_b20_q100_sf512_4 - INFO - start step #95
2020-03-27 11:17:22,403 - exp_torch_topics_d128_bald_entropy3_i2000_b20_q100_sf512_4 - INFO - query idx: [69182 39157  5126 20999 90196  5397 93157 67941 93381 75022 61744 62111
  6991 67633 36022 97387 53055 65742 64492 12244]
2020-03-27 11:17:32,476 - exp_torch_topics_d128_bald_entropy3_i2000_b20_q100_sf512_4 - INFO - finish step #95 for 87.21722769737244 sec
2020-03-27 11:17:32,479 - exp_torch_topics_d128_bald_entropy3_i2000_b20_q100_sf512_4 - INFO - current val_accuracy: 0.5070493009565857
2020-03-27 11:17:32,480 - exp_torch_topics_d128_bald_entropy3_i2000_b20_q100_sf512_4 - INFO - start step #96
2020-03-27 11:18:26,891 - exp_torch_topics_d128_bald_entropy3_i2000_b20_q100_sf512_4 - INFO - query idx: [66041 71681 51099 14211 73333 75146 14977 94250 30104 15675 88794 18490
 11276 33496 51900 29773 64195 97053 89335 32718]
2020-03-27 11:18:32,235 - exp_torch_topics_d128_bald_entropy3_i2000_b20_q100_sf512_4 - INFO - finish step #96 for 59.755414962768555 sec
2020-03-27 11:18:32,235 - exp_torch_topics_d128_bald_entropy3_i2000_b20_q100_sf512_4 - INFO - current val_accuracy: 0.5049889624724062
2020-03-27 11:18:32,235 - exp_torch_topics_d128_bald_entropy3_i2000_b20_q100_sf512_4 - INFO - start step #97
2020-03-27 11:20:04,934 - exp_torch_topics_d128_bald_entropy3_i2000_b20_q100_sf512_4 - INFO - query idx: [66900 56470 79150 77634 59399  5170 90438 89689  8392 57740 32569 33868
 21767 38295 94780 87174 97966 42242  2003 30728]
2020-03-27 11:20:29,845 - exp_torch_topics_d128_bald_entropy3_i2000_b20_q100_sf512_4 - INFO - finish step #97 for 117.60880088806152 sec
2020-03-27 11:20:29,852 - exp_torch_topics_d128_bald_entropy3_i2000_b20_q100_sf512_4 - INFO - current val_accuracy: 0.5116703458425312
2020-03-27 11:20:29,858 - exp_torch_topics_d128_bald_entropy3_i2000_b20_q100_sf512_4 - INFO - start step #98
2020-03-27 11:22:01,228 - exp_torch_topics_d128_bald_entropy3_i2000_b20_q100_sf512_4 - INFO - query idx: [81461 77022 49883  3437 38776 56935 36099 90609 52913 72018 23233 94654
 38225 17850 29646 47673 56016   213 93100 85351]
2020-03-27 11:22:10,350 - exp_torch_topics_d128_bald_entropy3_i2000_b20_q100_sf512_4 - INFO - finish step #98 for 100.49202680587769 sec
2020-03-27 11:22:10,350 - exp_torch_topics_d128_bald_entropy3_i2000_b20_q100_sf512_4 - INFO - current val_accuracy: 0.5090213392200147
2020-03-27 11:22:10,351 - exp_torch_topics_d128_bald_entropy3_i2000_b20_q100_sf512_4 - INFO - start step #99
2020-03-27 11:22:51,391 - exp_torch_topics_d128_bald_entropy3_i2000_b20_q100_sf512_4 - INFO - query idx: [31116 95735 52048 43857  4023 74506 57985 48972 33271 38135 65926 28069
 17206 38052 65983 90899 57001  9279 22202 24048]
2020-03-27 11:23:00,800 - exp_torch_topics_d128_bald_entropy3_i2000_b20_q100_sf512_4 - INFO - finish step #99 for 50.44922685623169 sec
2020-03-27 11:23:00,800 - exp_torch_topics_d128_bald_entropy3_i2000_b20_q100_sf512_4 - INFO - current val_accuracy: 0.5089919058130978
2020-03-27 11:23:00,800 - exp_torch_topics_d128_bald_entropy3_i2000_b20_q100_sf512_4 - INFO - finish experiment process for 4898.468335866928 sec
