2020-03-30 11:50:05,515 - exp_torch_topics_d128_passive_i2000_b20_q100_sf512_e5_1 - INFO - start experiment process
2020-03-30 11:50:12,235 - exp_torch_topics_d128_passive_i2000_b20_q100_sf512_e5_1 - INFO - initial val_accuracy: 0.4495069904341428
2020-03-30 11:50:12,237 - exp_torch_topics_d128_passive_i2000_b20_q100_sf512_e5_1 - INFO - start step #0
2020-03-30 11:50:12,252 - exp_torch_topics_d128_passive_i2000_b20_q100_sf512_e5_1 - INFO - query idx: [61265 60492 90514 35114 30386 23889 11000 96763 71489 18844 41487 26360
 38336 45927 24086 94182 20393 58421 75858 39374]
2020-03-30 11:50:19,327 - exp_torch_topics_d128_passive_i2000_b20_q100_sf512_e5_1 - INFO - finish step #0 for 7.089194059371948 sec
2020-03-30 11:50:19,327 - exp_torch_topics_d128_passive_i2000_b20_q100_sf512_e5_1 - INFO - current val_accuracy: 0.45303899926416485
2020-03-30 11:50:19,327 - exp_torch_topics_d128_passive_i2000_b20_q100_sf512_e5_1 - INFO - start step #1
2020-03-30 11:50:19,328 - exp_torch_topics_d128_passive_i2000_b20_q100_sf512_e5_1 - INFO - query idx: [70082 55080 50373 35616 38263 18373 71882 71140 28776  8990 81909 55268
 90999 64545 22277 24736 39613 16386 43166 41558]
2020-03-30 11:50:26,247 - exp_torch_topics_d128_passive_i2000_b20_q100_sf512_e5_1 - INFO - finish step #1 for 6.919641017913818 sec
2020-03-30 11:50:26,247 - exp_torch_topics_d128_passive_i2000_b20_q100_sf512_e5_1 - INFO - current val_accuracy: 0.45306843267108166
2020-03-30 11:50:26,248 - exp_torch_topics_d128_passive_i2000_b20_q100_sf512_e5_1 - INFO - start step #2
2020-03-30 11:50:26,248 - exp_torch_topics_d128_passive_i2000_b20_q100_sf512_e5_1 - INFO - query idx: [46824 82944 47120 60868 88157 31245 33375 98592 79674 21653 28939 60028
 19582 63007 48061 84335 67076 13154 40076 12518]
2020-03-30 11:50:31,357 - exp_torch_topics_d128_passive_i2000_b20_q100_sf512_e5_1 - INFO - finish step #2 for 5.10946798324585 sec
2020-03-30 11:50:31,357 - exp_torch_topics_d128_passive_i2000_b20_q100_sf512_e5_1 - INFO - current val_accuracy: 0.45221486387049303
2020-03-30 11:50:31,358 - exp_torch_topics_d128_passive_i2000_b20_q100_sf512_e5_1 - INFO - start step #3
2020-03-30 11:50:31,358 - exp_torch_topics_d128_passive_i2000_b20_q100_sf512_e5_1 - INFO - query idx: [ 2893 32014 21050 24661  3170 59083 76433 80999 12749 42884 10389 46005
    58 98690 84275 17450 71144 80576 94635 66169]
2020-03-30 11:50:35,244 - exp_torch_topics_d128_passive_i2000_b20_q100_sf512_e5_1 - INFO - finish step #3 for 3.8861958980560303 sec
2020-03-30 11:50:35,244 - exp_torch_topics_d128_passive_i2000_b20_q100_sf512_e5_1 - INFO - current val_accuracy: 0.45274466519499634
2020-03-30 11:50:35,244 - exp_torch_topics_d128_passive_i2000_b20_q100_sf512_e5_1 - INFO - start step #4
2020-03-30 11:50:35,245 - exp_torch_topics_d128_passive_i2000_b20_q100_sf512_e5_1 - INFO - query idx: [51034 15021 59769 91426 45977 52467 22890 26124 30963   178 91562 39915
 18874 43424 59201 74157 31264 28514 16708 81718]
2020-03-30 11:50:39,235 - exp_torch_topics_d128_passive_i2000_b20_q100_sf512_e5_1 - INFO - finish step #4 for 3.9905741214752197 sec
2020-03-30 11:50:39,235 - exp_torch_topics_d128_passive_i2000_b20_q100_sf512_e5_1 - INFO - current val_accuracy: 0.45030169242089774
2020-03-30 11:50:39,235 - exp_torch_topics_d128_passive_i2000_b20_q100_sf512_e5_1 - INFO - start step #5
2020-03-30 11:50:39,238 - exp_torch_topics_d128_passive_i2000_b20_q100_sf512_e5_1 - INFO - query idx: [45238 66230 65502  5921 91283 51026 85993 80490 17372 30290 80574 29596
 21173 28707 13048  7065 76628 94715  7191 10596]
2020-03-30 11:50:43,460 - exp_torch_topics_d128_passive_i2000_b20_q100_sf512_e5_1 - INFO - finish step #5 for 4.224463939666748 sec
2020-03-30 11:50:43,460 - exp_torch_topics_d128_passive_i2000_b20_q100_sf512_e5_1 - INFO - current val_accuracy: 0.45636497424576894
2020-03-30 11:50:43,460 - exp_torch_topics_d128_passive_i2000_b20_q100_sf512_e5_1 - INFO - start step #6
2020-03-30 11:50:43,460 - exp_torch_topics_d128_passive_i2000_b20_q100_sf512_e5_1 - INFO - query idx: [70617 54957 14175 98496 79512 19516 32198 58261 57620 40265 40731 33039
 59769 13487 82340 47391 77244 76520 21506 69330]
2020-03-30 11:50:47,632 - exp_torch_topics_d128_passive_i2000_b20_q100_sf512_e5_1 - INFO - finish step #6 for 4.171566009521484 sec
2020-03-30 11:50:47,633 - exp_torch_topics_d128_passive_i2000_b20_q100_sf512_e5_1 - INFO - current val_accuracy: 0.45374540103016925
2020-03-30 11:50:47,633 - exp_torch_topics_d128_passive_i2000_b20_q100_sf512_e5_1 - INFO - start step #7
2020-03-30 11:50:47,633 - exp_torch_topics_d128_passive_i2000_b20_q100_sf512_e5_1 - INFO - query idx: [76180 53101 62367  9632 70060 27891 72612 71256 14740 70677 32265 30565
 52096 99320 62227 79034  1389 16223 89288 24488]
2020-03-30 11:50:51,752 - exp_torch_topics_d128_passive_i2000_b20_q100_sf512_e5_1 - INFO - finish step #7 for 4.118617057800293 sec
2020-03-30 11:50:51,752 - exp_torch_topics_d128_passive_i2000_b20_q100_sf512_e5_1 - INFO - current val_accuracy: 0.4574540103016924
2020-03-30 11:50:51,752 - exp_torch_topics_d128_passive_i2000_b20_q100_sf512_e5_1 - INFO - start step #8
2020-03-30 11:50:51,753 - exp_torch_topics_d128_passive_i2000_b20_q100_sf512_e5_1 - INFO - query idx: [92803  2060  9452 44478 63376  5804 78099 75211 27353 67010  5638 66345
 61184 71137   380  3189 74338 14484 45227 94205]
2020-03-30 11:50:55,599 - exp_torch_topics_d128_passive_i2000_b20_q100_sf512_e5_1 - INFO - finish step #8 for 3.846831798553467 sec
2020-03-30 11:50:55,599 - exp_torch_topics_d128_passive_i2000_b20_q100_sf512_e5_1 - INFO - current val_accuracy: 0.4574540103016924
2020-03-30 11:50:55,600 - exp_torch_topics_d128_passive_i2000_b20_q100_sf512_e5_1 - INFO - start step #9
2020-03-30 11:50:55,600 - exp_torch_topics_d128_passive_i2000_b20_q100_sf512_e5_1 - INFO - query idx: [69736 73989 19758 89524 67011 89651 38581 98933 23603 50358 74756 13333
 43747 34369 69914 14296 17386 30916 87132 55514]
2020-03-30 11:50:59,624 - exp_torch_topics_d128_passive_i2000_b20_q100_sf512_e5_1 - INFO - finish step #9 for 4.024228096008301 sec
2020-03-30 11:50:59,624 - exp_torch_topics_d128_passive_i2000_b20_q100_sf512_e5_1 - INFO - current val_accuracy: 0.4586607799852833
2020-03-30 11:50:59,624 - exp_torch_topics_d128_passive_i2000_b20_q100_sf512_e5_1 - INFO - start step #10
2020-03-30 11:50:59,625 - exp_torch_topics_d128_passive_i2000_b20_q100_sf512_e5_1 - INFO - query idx: [63529 11950 94464 49635 29878 43577 63969 60784 34144 45789 51860 11324
 13597 68703 40076 69566 96344 51654 81397 88558]
2020-03-30 11:51:03,530 - exp_torch_topics_d128_passive_i2000_b20_q100_sf512_e5_1 - INFO - finish step #10 for 3.905647039413452 sec
2020-03-30 11:51:03,530 - exp_torch_topics_d128_passive_i2000_b20_q100_sf512_e5_1 - INFO - current val_accuracy: 0.45695364238410596
2020-03-30 11:51:03,530 - exp_torch_topics_d128_passive_i2000_b20_q100_sf512_e5_1 - INFO - start step #11
2020-03-30 11:51:03,531 - exp_torch_topics_d128_passive_i2000_b20_q100_sf512_e5_1 - INFO - query idx: [ 6964  3228 61462 33881  8954 57161 67670 52113 81151 19929 30698 62736
 25108 36596 56063 82664 61152 14784  5323 27118]
2020-03-30 11:51:07,516 - exp_torch_topics_d128_passive_i2000_b20_q100_sf512_e5_1 - INFO - finish step #11 for 3.9856739044189453 sec
2020-03-30 11:51:07,516 - exp_torch_topics_d128_passive_i2000_b20_q100_sf512_e5_1 - INFO - current val_accuracy: 0.46066225165562913
2020-03-30 11:51:07,516 - exp_torch_topics_d128_passive_i2000_b20_q100_sf512_e5_1 - INFO - start step #12
2020-03-30 11:51:07,517 - exp_torch_topics_d128_passive_i2000_b20_q100_sf512_e5_1 - INFO - query idx: [87746 42803 75585 93469 95632 55283  2054 79942 80487 96604   738 94693
 10066 15246 64391 24042 56057 21795 24021 65119]
2020-03-30 11:51:11,511 - exp_torch_topics_d128_passive_i2000_b20_q100_sf512_e5_1 - INFO - finish step #12 for 3.9948790073394775 sec
2020-03-30 11:51:11,512 - exp_torch_topics_d128_passive_i2000_b20_q100_sf512_e5_1 - INFO - current val_accuracy: 0.458925680647535
2020-03-30 11:51:11,512 - exp_torch_topics_d128_passive_i2000_b20_q100_sf512_e5_1 - INFO - start step #13
2020-03-30 11:51:11,512 - exp_torch_topics_d128_passive_i2000_b20_q100_sf512_e5_1 - INFO - query idx: [13732 62719 12420 62915 11220 76556  8562 68847 92121 75707 43970 90025
 79537 35979 20436 53515 64654 70718  2856 17907]
2020-03-30 11:51:15,807 - exp_torch_topics_d128_passive_i2000_b20_q100_sf512_e5_1 - INFO - finish step #13 for 4.294934034347534 sec
2020-03-30 11:51:15,807 - exp_torch_topics_d128_passive_i2000_b20_q100_sf512_e5_1 - INFO - current val_accuracy: 0.45916114790286977
2020-03-30 11:51:15,807 - exp_torch_topics_d128_passive_i2000_b20_q100_sf512_e5_1 - INFO - start step #14
2020-03-30 11:51:15,807 - exp_torch_topics_d128_passive_i2000_b20_q100_sf512_e5_1 - INFO - query idx: [97574 59731 70398 96515 13857 38445 92321 92710 47238 22865 97686  9236
 17448 57251 14723 48501 58664 43789 87997 82344]
2020-03-30 11:51:19,764 - exp_torch_topics_d128_passive_i2000_b20_q100_sf512_e5_1 - INFO - finish step #14 for 3.957109212875366 sec
2020-03-30 11:51:19,765 - exp_torch_topics_d128_passive_i2000_b20_q100_sf512_e5_1 - INFO - current val_accuracy: 0.46233995584988963
2020-03-30 11:51:19,765 - exp_torch_topics_d128_passive_i2000_b20_q100_sf512_e5_1 - INFO - start step #15
2020-03-30 11:51:19,765 - exp_torch_topics_d128_passive_i2000_b20_q100_sf512_e5_1 - INFO - query idx: [ 8192 29323 98076 92844 56269 79392 45289 93144 52903 88024 59772 57504
 61830 73509 48956 96677 84127 64065 34106 43947]
2020-03-30 11:51:23,628 - exp_torch_topics_d128_passive_i2000_b20_q100_sf512_e5_1 - INFO - finish step #15 for 3.8629047870635986 sec
2020-03-30 11:51:23,628 - exp_torch_topics_d128_passive_i2000_b20_q100_sf512_e5_1 - INFO - current val_accuracy: 0.4601618837380427
2020-03-30 11:51:23,628 - exp_torch_topics_d128_passive_i2000_b20_q100_sf512_e5_1 - INFO - start step #16
2020-03-30 11:51:23,629 - exp_torch_topics_d128_passive_i2000_b20_q100_sf512_e5_1 - INFO - query idx: [84256 80431 85075 66672  1725 95808 59430 64281 63423 24909 11822 37624
   274 95230 28979 81341 25526 66363 53792 12396]
2020-03-30 11:51:27,925 - exp_torch_topics_d128_passive_i2000_b20_q100_sf512_e5_1 - INFO - finish step #16 for 4.29657506942749 sec
2020-03-30 11:51:27,925 - exp_torch_topics_d128_passive_i2000_b20_q100_sf512_e5_1 - INFO - current val_accuracy: 0.4597498160412068
2020-03-30 11:51:27,925 - exp_torch_topics_d128_passive_i2000_b20_q100_sf512_e5_1 - INFO - start step #17
2020-03-30 11:51:27,926 - exp_torch_topics_d128_passive_i2000_b20_q100_sf512_e5_1 - INFO - query idx: [71501 97359  4649 52032 95462   716  4664 50576 82753  6913 64257 92956
 71310 86714 60245 75023 59591 21316 43583 76843]
2020-03-30 11:51:31,872 - exp_torch_topics_d128_passive_i2000_b20_q100_sf512_e5_1 - INFO - finish step #17 for 3.946674108505249 sec
2020-03-30 11:51:31,872 - exp_torch_topics_d128_passive_i2000_b20_q100_sf512_e5_1 - INFO - current val_accuracy: 0.4576011773362767
2020-03-30 11:51:31,873 - exp_torch_topics_d128_passive_i2000_b20_q100_sf512_e5_1 - INFO - start step #18
2020-03-30 11:51:31,873 - exp_torch_topics_d128_passive_i2000_b20_q100_sf512_e5_1 - INFO - query idx: [28117 89291 73657 37540 70580 75768 28221 85400 75403 77185 79068 99196
 91845 84438 53123 13155 77121 79540 56534 10466]
2020-03-30 11:51:35,942 - exp_torch_topics_d128_passive_i2000_b20_q100_sf512_e5_1 - INFO - finish step #18 for 4.069004058837891 sec
2020-03-30 11:51:35,942 - exp_torch_topics_d128_passive_i2000_b20_q100_sf512_e5_1 - INFO - current val_accuracy: 0.4588962472406181
2020-03-30 11:51:35,942 - exp_torch_topics_d128_passive_i2000_b20_q100_sf512_e5_1 - INFO - start step #19
2020-03-30 11:51:35,943 - exp_torch_topics_d128_passive_i2000_b20_q100_sf512_e5_1 - INFO - query idx: [36267 59091 47168 33920 83148 66792 12717 66347 93949 96371 83156 25777
 19159  6921 97165 40225 27231 41657 53400 65393]
2020-03-30 11:51:39,922 - exp_torch_topics_d128_passive_i2000_b20_q100_sf512_e5_1 - INFO - finish step #19 for 3.979703187942505 sec
2020-03-30 11:51:39,922 - exp_torch_topics_d128_passive_i2000_b20_q100_sf512_e5_1 - INFO - current val_accuracy: 0.4603090507726269
2020-03-30 11:51:39,922 - exp_torch_topics_d128_passive_i2000_b20_q100_sf512_e5_1 - INFO - start step #20
2020-03-30 11:51:39,923 - exp_torch_topics_d128_passive_i2000_b20_q100_sf512_e5_1 - INFO - query idx: [59391 78983 69731 22170 76863  3396 52505 35651 15063 52062 79485 81087
 23765 93349 12220 66769 83637 15944 83828 96508]
2020-03-30 11:51:43,904 - exp_torch_topics_d128_passive_i2000_b20_q100_sf512_e5_1 - INFO - finish step #20 for 3.9817068576812744 sec
2020-03-30 11:51:43,904 - exp_torch_topics_d128_passive_i2000_b20_q100_sf512_e5_1 - INFO - current val_accuracy: 0.4635172921265637
2020-03-30 11:51:43,904 - exp_torch_topics_d128_passive_i2000_b20_q100_sf512_e5_1 - INFO - start step #21
2020-03-30 11:51:43,905 - exp_torch_topics_d128_passive_i2000_b20_q100_sf512_e5_1 - INFO - query idx: [36302 54121 70066 31730 15856 64028 47918 50968 96779 10961 82742 96234
  4609 70653 45754 61917 97101   211  1385 51725]
2020-03-30 11:51:47,900 - exp_torch_topics_d128_passive_i2000_b20_q100_sf512_e5_1 - INFO - finish step #21 for 3.9953370094299316 sec
2020-03-30 11:51:47,900 - exp_torch_topics_d128_passive_i2000_b20_q100_sf512_e5_1 - INFO - current val_accuracy: 0.4656364974245769
2020-03-30 11:51:47,900 - exp_torch_topics_d128_passive_i2000_b20_q100_sf512_e5_1 - INFO - start step #22
2020-03-30 11:51:47,901 - exp_torch_topics_d128_passive_i2000_b20_q100_sf512_e5_1 - INFO - query idx: [49421 37443 27050  9795  6295  4611 47053 71228 36145 79219 81610 91606
 86287 65768 79516 61676  8996 93570 84863 33023]
2020-03-30 11:51:51,944 - exp_torch_topics_d128_passive_i2000_b20_q100_sf512_e5_1 - INFO - finish step #22 for 4.044213056564331 sec
2020-03-30 11:51:51,945 - exp_torch_topics_d128_passive_i2000_b20_q100_sf512_e5_1 - INFO - current val_accuracy: 0.4606033848417954
2020-03-30 11:51:51,945 - exp_torch_topics_d128_passive_i2000_b20_q100_sf512_e5_1 - INFO - start step #23
2020-03-30 11:51:51,945 - exp_torch_topics_d128_passive_i2000_b20_q100_sf512_e5_1 - INFO - query idx: [74143 74246  7988 12978 95550 77353 27689 11596 34326  1686 27820 78972
  6298 80865 73073 81712 57037 51976 76191 69173]
2020-03-30 11:51:55,994 - exp_torch_topics_d128_passive_i2000_b20_q100_sf512_e5_1 - INFO - finish step #23 for 4.049330949783325 sec
2020-03-30 11:51:55,994 - exp_torch_topics_d128_passive_i2000_b20_q100_sf512_e5_1 - INFO - current val_accuracy: 0.46537159676232526
2020-03-30 11:51:55,995 - exp_torch_topics_d128_passive_i2000_b20_q100_sf512_e5_1 - INFO - start step #24
2020-03-30 11:51:55,995 - exp_torch_topics_d128_passive_i2000_b20_q100_sf512_e5_1 - INFO - query idx: [63905 89256 33800 34170 74999 13760 96922 81637 46089 81324  3924  8551
 50495 83649 86183 36658 53960 20279 52738 18149]
2020-03-30 11:52:00,081 - exp_torch_topics_d128_passive_i2000_b20_q100_sf512_e5_1 - INFO - finish step #24 for 4.085929870605469 sec
2020-03-30 11:52:00,081 - exp_torch_topics_d128_passive_i2000_b20_q100_sf512_e5_1 - INFO - current val_accuracy: 0.462663723325975
2020-03-30 11:52:00,081 - exp_torch_topics_d128_passive_i2000_b20_q100_sf512_e5_1 - INFO - start step #25
2020-03-30 11:52:00,081 - exp_torch_topics_d128_passive_i2000_b20_q100_sf512_e5_1 - INFO - query idx: [36834 49889 27809 10023 11781 98738 62032 53483 71655 27910  8403 60384
 24007 36142 48862 91599 26769   317 99359 77858]
2020-03-30 11:52:03,997 - exp_torch_topics_d128_passive_i2000_b20_q100_sf512_e5_1 - INFO - finish step #25 for 3.9163408279418945 sec
2020-03-30 11:52:03,997 - exp_torch_topics_d128_passive_i2000_b20_q100_sf512_e5_1 - INFO - current val_accuracy: 0.4613686534216336
2020-03-30 11:52:03,998 - exp_torch_topics_d128_passive_i2000_b20_q100_sf512_e5_1 - INFO - start step #26
2020-03-30 11:52:03,998 - exp_torch_topics_d128_passive_i2000_b20_q100_sf512_e5_1 - INFO - query idx: [87785 72764  1531 24937 51747 35850 88903 87718 19952 84321 84641 40243
 35590 75432 72311 15561 72369 42055 71972 97357]
2020-03-30 11:52:07,961 - exp_torch_topics_d128_passive_i2000_b20_q100_sf512_e5_1 - INFO - finish step #26 for 3.963268280029297 sec
2020-03-30 11:52:07,961 - exp_torch_topics_d128_passive_i2000_b20_q100_sf512_e5_1 - INFO - current val_accuracy: 0.46363502575423104
2020-03-30 11:52:07,961 - exp_torch_topics_d128_passive_i2000_b20_q100_sf512_e5_1 - INFO - start step #27
2020-03-30 11:52:07,962 - exp_torch_topics_d128_passive_i2000_b20_q100_sf512_e5_1 - INFO - query idx: [74698 21167 26894 31391 14966 20271 76032 18397  5748 91800 43025 43089
 18037 27615 83689 54358 55278 81452 11774 80763]
2020-03-30 11:52:11,943 - exp_torch_topics_d128_passive_i2000_b20_q100_sf512_e5_1 - INFO - finish step #27 for 3.9818787574768066 sec
2020-03-30 11:52:11,943 - exp_torch_topics_d128_passive_i2000_b20_q100_sf512_e5_1 - INFO - current val_accuracy: 0.4632818248712288
2020-03-30 11:52:11,944 - exp_torch_topics_d128_passive_i2000_b20_q100_sf512_e5_1 - INFO - start step #28
2020-03-30 11:52:11,944 - exp_torch_topics_d128_passive_i2000_b20_q100_sf512_e5_1 - INFO - query idx: [ 3581 64139 61429 33127 34046 67780 83137 61258  7086 14533 35253 95985
 60481  3419 60957 97936 97245 31983 29247 91092]
2020-03-30 11:52:15,909 - exp_torch_topics_d128_passive_i2000_b20_q100_sf512_e5_1 - INFO - finish step #28 for 3.9647738933563232 sec
2020-03-30 11:52:15,909 - exp_torch_topics_d128_passive_i2000_b20_q100_sf512_e5_1 - INFO - current val_accuracy: 0.46693156732891833
2020-03-30 11:52:15,909 - exp_torch_topics_d128_passive_i2000_b20_q100_sf512_e5_1 - INFO - start step #29
2020-03-30 11:52:15,909 - exp_torch_topics_d128_passive_i2000_b20_q100_sf512_e5_1 - INFO - query idx: [55414 56895 68021 52060  2347 77380 72924 54062 90382 85069 83110 75519
 45983 89970 68528 91395 17876 92343 41827 23072]
2020-03-30 11:52:19,899 - exp_torch_topics_d128_passive_i2000_b20_q100_sf512_e5_1 - INFO - finish step #29 for 3.9897563457489014 sec
2020-03-30 11:52:19,899 - exp_torch_topics_d128_passive_i2000_b20_q100_sf512_e5_1 - INFO - current val_accuracy: 0.4651066961000736
2020-03-30 11:52:19,899 - exp_torch_topics_d128_passive_i2000_b20_q100_sf512_e5_1 - INFO - start step #30
2020-03-30 11:52:19,899 - exp_torch_topics_d128_passive_i2000_b20_q100_sf512_e5_1 - INFO - query idx: [83404 29023 79606 25967 91810 69673 22822 11277 68196  4491 22649  1339
 50554  5220 39359 85048 97828 47694 49579 35122]
2020-03-30 11:52:23,854 - exp_torch_topics_d128_passive_i2000_b20_q100_sf512_e5_1 - INFO - finish step #30 for 3.955254077911377 sec
2020-03-30 11:52:23,855 - exp_torch_topics_d128_passive_i2000_b20_q100_sf512_e5_1 - INFO - current val_accuracy: 0.46513612950699046
2020-03-30 11:52:23,855 - exp_torch_topics_d128_passive_i2000_b20_q100_sf512_e5_1 - INFO - start step #31
2020-03-30 11:52:23,856 - exp_torch_topics_d128_passive_i2000_b20_q100_sf512_e5_1 - INFO - query idx: [40669 91524 11115 82334 19769 14900 89959 49958 28807 61818 44876  1779
 93610 71218 34291  4747 37741 34205 87177 24822]
2020-03-30 11:52:27,847 - exp_torch_topics_d128_passive_i2000_b20_q100_sf512_e5_1 - INFO - finish step #31 for 3.9920191764831543 sec
2020-03-30 11:52:27,847 - exp_torch_topics_d128_passive_i2000_b20_q100_sf512_e5_1 - INFO - current val_accuracy: 0.46952170713760116
2020-03-30 11:52:27,847 - exp_torch_topics_d128_passive_i2000_b20_q100_sf512_e5_1 - INFO - start step #32
2020-03-30 11:52:27,848 - exp_torch_topics_d128_passive_i2000_b20_q100_sf512_e5_1 - INFO - query idx: [87203 59552 71169 69628 51826 20060 24752 56532 16784 65800 24190 37966
 31782 88037 63397 40489 14053 83727 74608 72086]
2020-03-30 11:52:31,807 - exp_torch_topics_d128_passive_i2000_b20_q100_sf512_e5_1 - INFO - finish step #32 for 3.9591360092163086 sec
2020-03-30 11:52:31,807 - exp_torch_topics_d128_passive_i2000_b20_q100_sf512_e5_1 - INFO - current val_accuracy: 0.4683443708609272
2020-03-30 11:52:31,807 - exp_torch_topics_d128_passive_i2000_b20_q100_sf512_e5_1 - INFO - start step #33
2020-03-30 11:52:31,807 - exp_torch_topics_d128_passive_i2000_b20_q100_sf512_e5_1 - INFO - query idx: [33928 30127 84120 83411 26929 98057 50834 32538  2052 87674 61683 37706
  5296 61402 12334 18785 31020 21420 66574 28260]
2020-03-30 11:52:35,984 - exp_torch_topics_d128_passive_i2000_b20_q100_sf512_e5_1 - INFO - finish step #33 for 4.176874876022339 sec
2020-03-30 11:52:35,984 - exp_torch_topics_d128_passive_i2000_b20_q100_sf512_e5_1 - INFO - current val_accuracy: 0.4699337748344371
2020-03-30 11:52:35,984 - exp_torch_topics_d128_passive_i2000_b20_q100_sf512_e5_1 - INFO - start step #34
2020-03-30 11:52:35,985 - exp_torch_topics_d128_passive_i2000_b20_q100_sf512_e5_1 - INFO - query idx: [ 3525 85612 74853 70013 94691 76199 76335 63194 69418 72208 36074 62301
 33058 39733 47020 27521 73152 21241 55023 48958]
2020-03-30 11:52:40,398 - exp_torch_topics_d128_passive_i2000_b20_q100_sf512_e5_1 - INFO - finish step #34 for 4.413892984390259 sec
2020-03-30 11:52:40,398 - exp_torch_topics_d128_passive_i2000_b20_q100_sf512_e5_1 - INFO - current val_accuracy: 0.47093451066961
2020-03-30 11:52:40,399 - exp_torch_topics_d128_passive_i2000_b20_q100_sf512_e5_1 - INFO - start step #35
2020-03-30 11:52:40,400 - exp_torch_topics_d128_passive_i2000_b20_q100_sf512_e5_1 - INFO - query idx: [39357 73264 60311 45686 36880 66226 62974 62602 73516   293 46437 20584
 59471 61138 28994 22683 87335 52910 74930 93266]
2020-03-30 11:52:44,483 - exp_torch_topics_d128_passive_i2000_b20_q100_sf512_e5_1 - INFO - finish step #35 for 4.084277868270874 sec
2020-03-30 11:52:44,483 - exp_torch_topics_d128_passive_i2000_b20_q100_sf512_e5_1 - INFO - current val_accuracy: 0.4702281089036056
2020-03-30 11:52:44,483 - exp_torch_topics_d128_passive_i2000_b20_q100_sf512_e5_1 - INFO - start step #36
2020-03-30 11:52:44,484 - exp_torch_topics_d128_passive_i2000_b20_q100_sf512_e5_1 - INFO - query idx: [96382 75989 73147 48798 52976 80754 76325 74743 40222 29406 71030 23695
 76642 64212  9465 96947 86593  7087 18964  4374]
2020-03-30 11:52:48,581 - exp_torch_topics_d128_passive_i2000_b20_q100_sf512_e5_1 - INFO - finish step #36 for 4.097034931182861 sec
2020-03-30 11:52:48,582 - exp_torch_topics_d128_passive_i2000_b20_q100_sf512_e5_1 - INFO - current val_accuracy: 0.47334805003679176
2020-03-30 11:52:48,582 - exp_torch_topics_d128_passive_i2000_b20_q100_sf512_e5_1 - INFO - start step #37
2020-03-30 11:52:48,583 - exp_torch_topics_d128_passive_i2000_b20_q100_sf512_e5_1 - INFO - query idx: [31393 56601 22159 13957 25246 72468 23030 43280 89160 81314 81799 51311
  9758 15950 42428 89833 93737 83490 35985 57168]
2020-03-30 11:52:52,596 - exp_torch_topics_d128_passive_i2000_b20_q100_sf512_e5_1 - INFO - finish step #37 for 4.013067007064819 sec
2020-03-30 11:52:52,596 - exp_torch_topics_d128_passive_i2000_b20_q100_sf512_e5_1 - INFO - current val_accuracy: 0.4686092715231788
2020-03-30 11:52:52,596 - exp_torch_topics_d128_passive_i2000_b20_q100_sf512_e5_1 - INFO - start step #38
2020-03-30 11:52:52,596 - exp_torch_topics_d128_passive_i2000_b20_q100_sf512_e5_1 - INFO - query idx: [65143 24412 21590  4779 74857 70880 66897 65867  8668 83972 22698 37948
 59160 21019 21794  6337 37763 46639 51286 15631]
2020-03-30 11:52:56,694 - exp_torch_topics_d128_passive_i2000_b20_q100_sf512_e5_1 - INFO - finish step #38 for 4.098512887954712 sec
2020-03-30 11:52:56,695 - exp_torch_topics_d128_passive_i2000_b20_q100_sf512_e5_1 - INFO - current val_accuracy: 0.47443708609271523
2020-03-30 11:52:56,695 - exp_torch_topics_d128_passive_i2000_b20_q100_sf512_e5_1 - INFO - start step #39
2020-03-30 11:52:56,695 - exp_torch_topics_d128_passive_i2000_b20_q100_sf512_e5_1 - INFO - query idx: [83405 19529 87630 16887 83567 29969 29499 15935 40476 81487 34153 68676
 11818 72754 20878 75649 95258 52141 24652 58332]
2020-03-30 11:53:00,688 - exp_torch_topics_d128_passive_i2000_b20_q100_sf512_e5_1 - INFO - finish step #39 for 3.99320912361145 sec
2020-03-30 11:53:00,688 - exp_torch_topics_d128_passive_i2000_b20_q100_sf512_e5_1 - INFO - current val_accuracy: 0.47258278145695365
2020-03-30 11:53:00,689 - exp_torch_topics_d128_passive_i2000_b20_q100_sf512_e5_1 - INFO - start step #40
2020-03-30 11:53:00,689 - exp_torch_topics_d128_passive_i2000_b20_q100_sf512_e5_1 - INFO - query idx: [69396 40270 98077 21878 70310 38740 60657 66062 38132 47712 48317 27991
 39202 79434 45383 60370 24056 66047 95158 73246]
2020-03-30 11:53:04,763 - exp_torch_topics_d128_passive_i2000_b20_q100_sf512_e5_1 - INFO - finish step #40 for 4.074466943740845 sec
2020-03-30 11:53:04,763 - exp_torch_topics_d128_passive_i2000_b20_q100_sf512_e5_1 - INFO - current val_accuracy: 0.47090507726269315
2020-03-30 11:53:04,763 - exp_torch_topics_d128_passive_i2000_b20_q100_sf512_e5_1 - INFO - start step #41
2020-03-30 11:53:04,764 - exp_torch_topics_d128_passive_i2000_b20_q100_sf512_e5_1 - INFO - query idx: [77584 20320 57174 48617 69516 34733 72532 15562 66446 54864 93309 36700
 93467 50213 87434 91285 36047  9295 56744 75890]
2020-03-30 11:53:08,775 - exp_torch_topics_d128_passive_i2000_b20_q100_sf512_e5_1 - INFO - finish step #41 for 4.011108875274658 sec
2020-03-30 11:53:08,775 - exp_torch_topics_d128_passive_i2000_b20_q100_sf512_e5_1 - INFO - current val_accuracy: 0.47443708609271523
2020-03-30 11:53:08,775 - exp_torch_topics_d128_passive_i2000_b20_q100_sf512_e5_1 - INFO - start step #42
2020-03-30 11:53:08,775 - exp_torch_topics_d128_passive_i2000_b20_q100_sf512_e5_1 - INFO - query idx: [40695 68410 91254 22219 60525 81789  5644 64202 55460 40996 17844 54888
 80284  3833 87680 86014 76286 94295  6695 22351]
2020-03-30 11:53:12,863 - exp_torch_topics_d128_passive_i2000_b20_q100_sf512_e5_1 - INFO - finish step #42 for 4.087996959686279 sec
2020-03-30 11:53:12,863 - exp_torch_topics_d128_passive_i2000_b20_q100_sf512_e5_1 - INFO - current val_accuracy: 0.47264164827078736
2020-03-30 11:53:12,863 - exp_torch_topics_d128_passive_i2000_b20_q100_sf512_e5_1 - INFO - start step #43
2020-03-30 11:53:12,864 - exp_torch_topics_d128_passive_i2000_b20_q100_sf512_e5_1 - INFO - query idx: [12458 76788  6229 60204 65726 27103  1393 51229 83055 80193 13119 88058
 45759 61641 58299 25084 44172 49384  5275 22934]
2020-03-30 11:53:17,180 - exp_torch_topics_d128_passive_i2000_b20_q100_sf512_e5_1 - INFO - finish step #43 for 4.316329002380371 sec
2020-03-30 11:53:17,180 - exp_torch_topics_d128_passive_i2000_b20_q100_sf512_e5_1 - INFO - current val_accuracy: 0.47817512877115526
2020-03-30 11:53:17,180 - exp_torch_topics_d128_passive_i2000_b20_q100_sf512_e5_1 - INFO - start step #44
2020-03-30 11:53:17,180 - exp_torch_topics_d128_passive_i2000_b20_q100_sf512_e5_1 - INFO - query idx: [37540 66831 23757 23905 45537 73123  6816 43916 19404 16143 23102 31670
 27760 41183 32360 55166 51277 41651 72070 38063]
2020-03-30 11:53:21,297 - exp_torch_topics_d128_passive_i2000_b20_q100_sf512_e5_1 - INFO - finish step #44 for 4.116932153701782 sec
2020-03-30 11:53:21,297 - exp_torch_topics_d128_passive_i2000_b20_q100_sf512_e5_1 - INFO - current val_accuracy: 0.47746872700515086
2020-03-30 11:53:21,297 - exp_torch_topics_d128_passive_i2000_b20_q100_sf512_e5_1 - INFO - start step #45
2020-03-30 11:53:21,298 - exp_torch_topics_d128_passive_i2000_b20_q100_sf512_e5_1 - INFO - query idx: [76562 75935 14497 17053 91389 40461 37717 20822 57400 64307 32167 83014
  2733 61833 34782 98424 53879 37400  1486 35394]
2020-03-30 11:53:25,378 - exp_torch_topics_d128_passive_i2000_b20_q100_sf512_e5_1 - INFO - finish step #45 for 4.080685138702393 sec
2020-03-30 11:53:25,378 - exp_torch_topics_d128_passive_i2000_b20_q100_sf512_e5_1 - INFO - current val_accuracy: 0.4801177336276674
2020-03-30 11:53:25,378 - exp_torch_topics_d128_passive_i2000_b20_q100_sf512_e5_1 - INFO - start step #46
2020-03-30 11:53:25,379 - exp_torch_topics_d128_passive_i2000_b20_q100_sf512_e5_1 - INFO - query idx: [62317 86513 37754 53503 14267 76115 63543 37553 64362 67509 17608 61373
   516 93776 37970 82681 78380 84451 27926 83519]
2020-03-30 11:53:29,690 - exp_torch_topics_d128_passive_i2000_b20_q100_sf512_e5_1 - INFO - finish step #46 for 4.311156988143921 sec
2020-03-30 11:53:29,690 - exp_torch_topics_d128_passive_i2000_b20_q100_sf512_e5_1 - INFO - current val_accuracy: 0.4781456953642384
2020-03-30 11:53:29,690 - exp_torch_topics_d128_passive_i2000_b20_q100_sf512_e5_1 - INFO - start step #47
2020-03-30 11:53:29,690 - exp_torch_topics_d128_passive_i2000_b20_q100_sf512_e5_1 - INFO - query idx: [18497 93105 39870 92602 63661 55775 68275 98890 94343 51537 45243 17347
 83300 44668 46889 61591 61929 22250 66670 39082]
2020-03-30 11:53:33,927 - exp_torch_topics_d128_passive_i2000_b20_q100_sf512_e5_1 - INFO - finish step #47 for 4.237043142318726 sec
2020-03-30 11:53:33,927 - exp_torch_topics_d128_passive_i2000_b20_q100_sf512_e5_1 - INFO - current val_accuracy: 0.4759381898454746
2020-03-30 11:53:33,927 - exp_torch_topics_d128_passive_i2000_b20_q100_sf512_e5_1 - INFO - start step #48
2020-03-30 11:53:33,928 - exp_torch_topics_d128_passive_i2000_b20_q100_sf512_e5_1 - INFO - query idx: [ 6588 24060 28670 24487 31174 54843 50612 68501 89256 73453 39643  6250
 73379 96579 90945 24564 59721 86135 21250 22006]
2020-03-30 11:53:38,122 - exp_torch_topics_d128_passive_i2000_b20_q100_sf512_e5_1 - INFO - finish step #48 for 4.194515943527222 sec
2020-03-30 11:53:38,122 - exp_torch_topics_d128_passive_i2000_b20_q100_sf512_e5_1 - INFO - current val_accuracy: 0.48085356880058866
2020-03-30 11:53:38,122 - exp_torch_topics_d128_passive_i2000_b20_q100_sf512_e5_1 - INFO - start step #49
2020-03-30 11:53:38,123 - exp_torch_topics_d128_passive_i2000_b20_q100_sf512_e5_1 - INFO - query idx: [ 9384 71774 76397 21199 75802 16985 11543 54559 83853 59107 25790 73992
 20342 98548 36745 97422 63667 71402 22764 23121]
2020-03-30 11:53:42,280 - exp_torch_topics_d128_passive_i2000_b20_q100_sf512_e5_1 - INFO - finish step #49 for 4.157212972640991 sec
2020-03-30 11:53:42,280 - exp_torch_topics_d128_passive_i2000_b20_q100_sf512_e5_1 - INFO - current val_accuracy: 0.47894039735099336
2020-03-30 11:53:42,280 - exp_torch_topics_d128_passive_i2000_b20_q100_sf512_e5_1 - INFO - start step #50
2020-03-30 11:53:42,280 - exp_torch_topics_d128_passive_i2000_b20_q100_sf512_e5_1 - INFO - query idx: [80496 90190 13360 62416 58590 25996  4705 36722 55409 26897 35780 21204
 19362 93554 23173 23210 43366 52240 29629  2846]
2020-03-30 11:53:46,359 - exp_torch_topics_d128_passive_i2000_b20_q100_sf512_e5_1 - INFO - finish step #50 for 4.078627824783325 sec
2020-03-30 11:53:46,359 - exp_torch_topics_d128_passive_i2000_b20_q100_sf512_e5_1 - INFO - current val_accuracy: 0.4775570272259014
2020-03-30 11:53:46,359 - exp_torch_topics_d128_passive_i2000_b20_q100_sf512_e5_1 - INFO - start step #51
2020-03-30 11:53:46,359 - exp_torch_topics_d128_passive_i2000_b20_q100_sf512_e5_1 - INFO - query idx: [60364  8143 45632 26613 80037 96081 80791 64673 92418 71831 67583 44271
 72432   513 80112 47693 62634 80409 98461 24527]
2020-03-30 11:53:50,776 - exp_torch_topics_d128_passive_i2000_b20_q100_sf512_e5_1 - INFO - finish step #51 for 4.416558265686035 sec
2020-03-30 11:53:50,776 - exp_torch_topics_d128_passive_i2000_b20_q100_sf512_e5_1 - INFO - current val_accuracy: 0.4784400294334069
2020-03-30 11:53:50,776 - exp_torch_topics_d128_passive_i2000_b20_q100_sf512_e5_1 - INFO - start step #52
2020-03-30 11:53:50,776 - exp_torch_topics_d128_passive_i2000_b20_q100_sf512_e5_1 - INFO - query idx: [39997 82803 31074 29350 31585 90290 18276 40129 50320 84032  5351 41696
 58580 70148 48440 65946 83456 85795 74579 87994]
2020-03-30 11:53:55,137 - exp_torch_topics_d128_passive_i2000_b20_q100_sf512_e5_1 - INFO - finish step #52 for 4.360910177230835 sec
2020-03-30 11:53:55,137 - exp_torch_topics_d128_passive_i2000_b20_q100_sf512_e5_1 - INFO - current val_accuracy: 0.48182487122884476
2020-03-30 11:53:55,137 - exp_torch_topics_d128_passive_i2000_b20_q100_sf512_e5_1 - INFO - start step #53
2020-03-30 11:53:55,138 - exp_torch_topics_d128_passive_i2000_b20_q100_sf512_e5_1 - INFO - query idx: [12830 66625 39665  5397 47034 67599 92317 45526 29392  5476 87183 73576
 97652 40935 85901 66836 52168 40381 69694 70576]
2020-03-30 11:54:00,626 - exp_torch_topics_d128_passive_i2000_b20_q100_sf512_e5_1 - INFO - finish step #53 for 5.488041400909424 sec
2020-03-30 11:54:00,626 - exp_torch_topics_d128_passive_i2000_b20_q100_sf512_e5_1 - INFO - current val_accuracy: 0.485121412803532
2020-03-30 11:54:00,626 - exp_torch_topics_d128_passive_i2000_b20_q100_sf512_e5_1 - INFO - start step #54
2020-03-30 11:54:00,626 - exp_torch_topics_d128_passive_i2000_b20_q100_sf512_e5_1 - INFO - query idx: [24958 92615  9176 66620 49068 94375 13334 86461 37955 29717 31347 75981
 29690 14548 77116 24106 27639 97396 93493 50539]
2020-03-30 11:54:05,847 - exp_torch_topics_d128_passive_i2000_b20_q100_sf512_e5_1 - INFO - finish step #54 for 5.220569849014282 sec
2020-03-30 11:54:05,847 - exp_torch_topics_d128_passive_i2000_b20_q100_sf512_e5_1 - INFO - current val_accuracy: 0.4808830022075055
2020-03-30 11:54:05,847 - exp_torch_topics_d128_passive_i2000_b20_q100_sf512_e5_1 - INFO - start step #55
2020-03-30 11:54:05,847 - exp_torch_topics_d128_passive_i2000_b20_q100_sf512_e5_1 - INFO - query idx: [85752 85336 35078 93178 53410 41259 85323 13891  7439 25431 31248 64479
 10447 39065 92864 85854 73138 60942 56423 78917]
2020-03-30 11:54:10,424 - exp_torch_topics_d128_passive_i2000_b20_q100_sf512_e5_1 - INFO - finish step #55 for 4.577106952667236 sec
2020-03-30 11:54:10,425 - exp_torch_topics_d128_passive_i2000_b20_q100_sf512_e5_1 - INFO - current val_accuracy: 0.48229580573951436
2020-03-30 11:54:10,425 - exp_torch_topics_d128_passive_i2000_b20_q100_sf512_e5_1 - INFO - start step #56
2020-03-30 11:54:10,425 - exp_torch_topics_d128_passive_i2000_b20_q100_sf512_e5_1 - INFO - query idx: [ 2848 50378 24471 68688  2031 28903 35712 71889 22527 43709 31685 43665
 47106 39165 94083  4208 43695 58931 78461 64483]
2020-03-30 11:54:15,337 - exp_torch_topics_d128_passive_i2000_b20_q100_sf512_e5_1 - INFO - finish step #56 for 4.911819934844971 sec
2020-03-30 11:54:15,337 - exp_torch_topics_d128_passive_i2000_b20_q100_sf512_e5_1 - INFO - current val_accuracy: 0.4817365710080942
2020-03-30 11:54:15,337 - exp_torch_topics_d128_passive_i2000_b20_q100_sf512_e5_1 - INFO - start step #57
2020-03-30 11:54:15,340 - exp_torch_topics_d128_passive_i2000_b20_q100_sf512_e5_1 - INFO - query idx: [85802 32552 83046 89531  4193 41697 35938 18210 19422 48104 97542 54006
 97803 64080 89537 65827 84421 83145  5549 44175]
2020-03-30 11:54:20,122 - exp_torch_topics_d128_passive_i2000_b20_q100_sf512_e5_1 - INFO - finish step #57 for 4.7852959632873535 sec
2020-03-30 11:54:20,123 - exp_torch_topics_d128_passive_i2000_b20_q100_sf512_e5_1 - INFO - current val_accuracy: 0.4834142752023547
2020-03-30 11:54:20,123 - exp_torch_topics_d128_passive_i2000_b20_q100_sf512_e5_1 - INFO - start step #58
2020-03-30 11:54:20,124 - exp_torch_topics_d128_passive_i2000_b20_q100_sf512_e5_1 - INFO - query idx: [ 2629 12923 90206 79682 29708 64589 90235 16942 54237 94907 87105 74831
 35820 20232 44995 61328 55155 58953 46237 46598]
2020-03-30 11:54:24,474 - exp_torch_topics_d128_passive_i2000_b20_q100_sf512_e5_1 - INFO - finish step #58 for 4.35134220123291 sec
2020-03-30 11:54:24,475 - exp_torch_topics_d128_passive_i2000_b20_q100_sf512_e5_1 - INFO - current val_accuracy: 0.48344370860927155
2020-03-30 11:54:24,475 - exp_torch_topics_d128_passive_i2000_b20_q100_sf512_e5_1 - INFO - start step #59
2020-03-30 11:54:24,475 - exp_torch_topics_d128_passive_i2000_b20_q100_sf512_e5_1 - INFO - query idx: [23060 74984 26201 44299 23844 92259  9168  4661 31590 28843  6153 96661
 96372 11427 68267 67756 84026 65877 27273 90167]
2020-03-30 11:54:29,042 - exp_torch_topics_d128_passive_i2000_b20_q100_sf512_e5_1 - INFO - finish step #59 for 4.566857814788818 sec
2020-03-30 11:54:29,042 - exp_torch_topics_d128_passive_i2000_b20_q100_sf512_e5_1 - INFO - current val_accuracy: 0.4809713024282561
2020-03-30 11:54:29,042 - exp_torch_topics_d128_passive_i2000_b20_q100_sf512_e5_1 - INFO - start step #60
2020-03-30 11:54:29,042 - exp_torch_topics_d128_passive_i2000_b20_q100_sf512_e5_1 - INFO - query idx: [47952 24614 50684 29798 16219  7235 37894  5606 91349 47224 20186 77926
 36443 60961  4996 88462 27733 91737 64979 55798]
2020-03-30 11:54:33,457 - exp_torch_topics_d128_passive_i2000_b20_q100_sf512_e5_1 - INFO - finish step #60 for 4.415321111679077 sec
2020-03-30 11:54:33,458 - exp_torch_topics_d128_passive_i2000_b20_q100_sf512_e5_1 - INFO - current val_accuracy: 0.48700515084621043
2020-03-30 11:54:33,458 - exp_torch_topics_d128_passive_i2000_b20_q100_sf512_e5_1 - INFO - start step #61
2020-03-30 11:54:33,458 - exp_torch_topics_d128_passive_i2000_b20_q100_sf512_e5_1 - INFO - query idx: [10756 27251 34433 60210 61097 63719 88428 27533 41761 31721 41009 79520
 91861 48079 30137 27662 24660 15804 41466 77530]
2020-03-30 11:54:37,914 - exp_torch_topics_d128_passive_i2000_b20_q100_sf512_e5_1 - INFO - finish step #61 for 4.455718040466309 sec
2020-03-30 11:54:37,914 - exp_torch_topics_d128_passive_i2000_b20_q100_sf512_e5_1 - INFO - current val_accuracy: 0.48729948491537894
2020-03-30 11:54:37,914 - exp_torch_topics_d128_passive_i2000_b20_q100_sf512_e5_1 - INFO - start step #62
2020-03-30 11:54:37,914 - exp_torch_topics_d128_passive_i2000_b20_q100_sf512_e5_1 - INFO - query idx: [83504 40233 47709 23168 92324  5304 22024 14174 56267 80114 68446 98031
 41564  3715 64241 78834  6406 66878 21998 75391]
2020-03-30 11:54:42,713 - exp_torch_topics_d128_passive_i2000_b20_q100_sf512_e5_1 - INFO - finish step #62 for 4.79924201965332 sec
2020-03-30 11:54:42,713 - exp_torch_topics_d128_passive_i2000_b20_q100_sf512_e5_1 - INFO - current val_accuracy: 0.48409124356144223
2020-03-30 11:54:42,714 - exp_torch_topics_d128_passive_i2000_b20_q100_sf512_e5_1 - INFO - start step #63
2020-03-30 11:54:42,714 - exp_torch_topics_d128_passive_i2000_b20_q100_sf512_e5_1 - INFO - query idx: [28607 27258 84697 30679 95366 42398 46986  5083 11829 54446  6666 71664
 19275 94942 85764 95342 56869 48410 23909 40975]
2020-03-30 11:54:47,326 - exp_torch_topics_d128_passive_i2000_b20_q100_sf512_e5_1 - INFO - finish step #63 for 4.612030982971191 sec
2020-03-30 11:54:47,327 - exp_torch_topics_d128_passive_i2000_b20_q100_sf512_e5_1 - INFO - current val_accuracy: 0.4873289183222958
2020-03-30 11:54:47,328 - exp_torch_topics_d128_passive_i2000_b20_q100_sf512_e5_1 - INFO - start step #64
2020-03-30 11:54:47,328 - exp_torch_topics_d128_passive_i2000_b20_q100_sf512_e5_1 - INFO - query idx: [46846 76660 15200 32173 92030 46947 95867 70377 75696  5179    33 90963
 40384 68520 80159 65590 97944 95959 41576   681]
2020-03-30 11:54:51,863 - exp_torch_topics_d128_passive_i2000_b20_q100_sf512_e5_1 - INFO - finish step #64 for 4.535732984542847 sec
2020-03-30 11:54:51,863 - exp_torch_topics_d128_passive_i2000_b20_q100_sf512_e5_1 - INFO - current val_accuracy: 0.4880353200883002
2020-03-30 11:54:51,864 - exp_torch_topics_d128_passive_i2000_b20_q100_sf512_e5_1 - INFO - start step #65
2020-03-30 11:54:51,864 - exp_torch_topics_d128_passive_i2000_b20_q100_sf512_e5_1 - INFO - query idx: [14075 98198 15683 56843 81098 52387 42198  6716 40227 15834 73891 69127
 15254 60579  3075 74168 11519 36984 20901 53903]
2020-03-30 11:54:56,700 - exp_torch_topics_d128_passive_i2000_b20_q100_sf512_e5_1 - INFO - finish step #65 for 4.836371421813965 sec
2020-03-30 11:54:56,700 - exp_torch_topics_d128_passive_i2000_b20_q100_sf512_e5_1 - INFO - current val_accuracy: 0.4858866813833701
2020-03-30 11:54:56,700 - exp_torch_topics_d128_passive_i2000_b20_q100_sf512_e5_1 - INFO - start step #66
2020-03-30 11:54:56,701 - exp_torch_topics_d128_passive_i2000_b20_q100_sf512_e5_1 - INFO - query idx: [10602 92011 42242 85861 48366 34692 86059 93259 42058 39823 88109 78984
 39161  6683 73963 70710 71952  6121 78462 60163]
2020-03-30 11:55:01,291 - exp_torch_topics_d128_passive_i2000_b20_q100_sf512_e5_1 - INFO - finish step #66 for 4.590291976928711 sec
2020-03-30 11:55:01,291 - exp_torch_topics_d128_passive_i2000_b20_q100_sf512_e5_1 - INFO - current val_accuracy: 0.48562178072111845
2020-03-30 11:55:01,291 - exp_torch_topics_d128_passive_i2000_b20_q100_sf512_e5_1 - INFO - start step #67
2020-03-30 11:55:01,292 - exp_torch_topics_d128_passive_i2000_b20_q100_sf512_e5_1 - INFO - query idx: [71402 76325 37893  1940  2952 65472 70803 96861   413 45322 68705 83495
 47481 31935 35213 28753 58755 37590 69434 63017]
2020-03-30 11:55:06,800 - exp_torch_topics_d128_passive_i2000_b20_q100_sf512_e5_1 - INFO - finish step #67 for 5.508847951889038 sec
2020-03-30 11:55:06,800 - exp_torch_topics_d128_passive_i2000_b20_q100_sf512_e5_1 - INFO - current val_accuracy: 0.48821192052980134
2020-03-30 11:55:06,800 - exp_torch_topics_d128_passive_i2000_b20_q100_sf512_e5_1 - INFO - start step #68
2020-03-30 11:55:06,801 - exp_torch_topics_d128_passive_i2000_b20_q100_sf512_e5_1 - INFO - query idx: [50968 87956 26195 82084  6563 66240 24596 80111 94007 40642 25593 37885
   894  7699 12130 70759   973 44573 80817 62966]
2020-03-30 11:55:12,419 - exp_torch_topics_d128_passive_i2000_b20_q100_sf512_e5_1 - INFO - finish step #68 for 5.618274211883545 sec
2020-03-30 11:55:12,419 - exp_torch_topics_d128_passive_i2000_b20_q100_sf512_e5_1 - INFO - current val_accuracy: 0.487093451066961
2020-03-30 11:55:12,419 - exp_torch_topics_d128_passive_i2000_b20_q100_sf512_e5_1 - INFO - start step #69
2020-03-30 11:55:12,420 - exp_torch_topics_d128_passive_i2000_b20_q100_sf512_e5_1 - INFO - query idx: [79824 46681 25937  6728 20036 73001 39080 22708 31927 33737 76368 35331
    80 71932 27632 39598 96278 88333 41511 92713]
2020-03-30 11:55:17,717 - exp_torch_topics_d128_passive_i2000_b20_q100_sf512_e5_1 - INFO - finish step #69 for 5.297398567199707 sec
2020-03-30 11:55:17,717 - exp_torch_topics_d128_passive_i2000_b20_q100_sf512_e5_1 - INFO - current val_accuracy: 0.48912435614422367
2020-03-30 11:55:17,717 - exp_torch_topics_d128_passive_i2000_b20_q100_sf512_e5_1 - INFO - start step #70
2020-03-30 11:55:17,717 - exp_torch_topics_d128_passive_i2000_b20_q100_sf512_e5_1 - INFO - query idx: [28632 41950 32814 39950 40982  9017 34261 20101 64979 92852 32860   836
 98482 75137 53262 78888 61514 23863 63563 25544]
2020-03-30 11:55:22,308 - exp_torch_topics_d128_passive_i2000_b20_q100_sf512_e5_1 - INFO - finish step #70 for 4.590872049331665 sec
2020-03-30 11:55:22,308 - exp_torch_topics_d128_passive_i2000_b20_q100_sf512_e5_1 - INFO - current val_accuracy: 0.48956585724797647
2020-03-30 11:55:22,308 - exp_torch_topics_d128_passive_i2000_b20_q100_sf512_e5_1 - INFO - start step #71
2020-03-30 11:55:22,309 - exp_torch_topics_d128_passive_i2000_b20_q100_sf512_e5_1 - INFO - query idx: [37166 16384 34760 16300 88718 98488 85756 60062 77950 88871 32845  7889
 84627  6980 53275  6897 74622 76636 96851 80077]
2020-03-30 11:55:26,952 - exp_torch_topics_d128_passive_i2000_b20_q100_sf512_e5_1 - INFO - finish step #71 for 4.644114971160889 sec
2020-03-30 11:55:26,953 - exp_torch_topics_d128_passive_i2000_b20_q100_sf512_e5_1 - INFO - current val_accuracy: 0.4911552612214864
2020-03-30 11:55:26,953 - exp_torch_topics_d128_passive_i2000_b20_q100_sf512_e5_1 - INFO - start step #72
2020-03-30 11:55:26,953 - exp_torch_topics_d128_passive_i2000_b20_q100_sf512_e5_1 - INFO - query idx: [72080 45811 37899 71277 62762 46854 74582 94298 63962 14611 53333 22998
 80245 89922  8714 42913 32788 42004 15889 52863]
2020-03-30 11:55:32,607 - exp_torch_topics_d128_passive_i2000_b20_q100_sf512_e5_1 - INFO - finish step #72 for 5.654070138931274 sec
2020-03-30 11:55:32,607 - exp_torch_topics_d128_passive_i2000_b20_q100_sf512_e5_1 - INFO - current val_accuracy: 0.4931272994849154
2020-03-30 11:55:32,607 - exp_torch_topics_d128_passive_i2000_b20_q100_sf512_e5_1 - INFO - start step #73
2020-03-30 11:55:32,608 - exp_torch_topics_d128_passive_i2000_b20_q100_sf512_e5_1 - INFO - query idx: [23394  9139 95032 28147 30792 75227 81526 77742 63131 48339 89904 19697
 35911 32784 34122 54496 43382  8621 66345 14208]
2020-03-30 11:55:37,918 - exp_torch_topics_d128_passive_i2000_b20_q100_sf512_e5_1 - INFO - finish step #73 for 5.310420989990234 sec
2020-03-30 11:55:37,918 - exp_torch_topics_d128_passive_i2000_b20_q100_sf512_e5_1 - INFO - current val_accuracy: 0.4864164827078734
2020-03-30 11:55:37,918 - exp_torch_topics_d128_passive_i2000_b20_q100_sf512_e5_1 - INFO - start step #74
2020-03-30 11:55:37,919 - exp_torch_topics_d128_passive_i2000_b20_q100_sf512_e5_1 - INFO - query idx: [75939 51209 58883  2686 21293 94861 60399 20699 67892 80333 67171  8525
 63804 96223 43709 85146 11794 46131 71996 68266]
2020-03-30 11:55:44,324 - exp_torch_topics_d128_passive_i2000_b20_q100_sf512_e5_1 - INFO - finish step #74 for 6.405951976776123 sec
2020-03-30 11:55:44,325 - exp_torch_topics_d128_passive_i2000_b20_q100_sf512_e5_1 - INFO - current val_accuracy: 0.49041942604856514
2020-03-30 11:55:44,326 - exp_torch_topics_d128_passive_i2000_b20_q100_sf512_e5_1 - INFO - start step #75
2020-03-30 11:55:44,327 - exp_torch_topics_d128_passive_i2000_b20_q100_sf512_e5_1 - INFO - query idx: [82172 64017 77582 21351  9603 89576 89184 92429 29073  3875 24545 70206
 28346 95812 37358 38647 20663 63639 91494 51051]
2020-03-30 11:55:49,750 - exp_torch_topics_d128_passive_i2000_b20_q100_sf512_e5_1 - INFO - finish step #75 for 5.424594879150391 sec
2020-03-30 11:55:49,751 - exp_torch_topics_d128_passive_i2000_b20_q100_sf512_e5_1 - INFO - current val_accuracy: 0.4904782928623988
2020-03-30 11:55:49,751 - exp_torch_topics_d128_passive_i2000_b20_q100_sf512_e5_1 - INFO - start step #76
2020-03-30 11:55:49,751 - exp_torch_topics_d128_passive_i2000_b20_q100_sf512_e5_1 - INFO - query idx: [34809 80588 56328 85887 40301 83962 80578 83016 60243 49103 18323 85883
 32672 83268 62828  6788 72035 24303 10555 39059]
2020-03-30 11:55:56,386 - exp_torch_topics_d128_passive_i2000_b20_q100_sf512_e5_1 - INFO - finish step #76 for 6.635166883468628 sec
2020-03-30 11:55:56,387 - exp_torch_topics_d128_passive_i2000_b20_q100_sf512_e5_1 - INFO - current val_accuracy: 0.4920971302428256
2020-03-30 11:55:56,387 - exp_torch_topics_d128_passive_i2000_b20_q100_sf512_e5_1 - INFO - start step #77
2020-03-30 11:55:56,388 - exp_torch_topics_d128_passive_i2000_b20_q100_sf512_e5_1 - INFO - query idx: [58116 21139 41081 95938 13520 11616 91030  6152 93619  6159 85332  7787
 62719  2047 27607 29214 58535 35971 78913   984]
2020-03-30 11:56:01,116 - exp_torch_topics_d128_passive_i2000_b20_q100_sf512_e5_1 - INFO - finish step #77 for 4.728985071182251 sec
2020-03-30 11:56:01,117 - exp_torch_topics_d128_passive_i2000_b20_q100_sf512_e5_1 - INFO - current val_accuracy: 0.4909197939661516
2020-03-30 11:56:01,117 - exp_torch_topics_d128_passive_i2000_b20_q100_sf512_e5_1 - INFO - start step #78
2020-03-30 11:56:01,117 - exp_torch_topics_d128_passive_i2000_b20_q100_sf512_e5_1 - INFO - query idx: [ 7618 82622  4633  8957  1839 65865 23023 24560 53549 50694  3012 29151
 73949 32017 71467 82471 46163 73473 31532  1232]
2020-03-30 11:56:05,348 - exp_torch_topics_d128_passive_i2000_b20_q100_sf512_e5_1 - INFO - finish step #78 for 4.231105089187622 sec
2020-03-30 11:56:05,348 - exp_torch_topics_d128_passive_i2000_b20_q100_sf512_e5_1 - INFO - current val_accuracy: 0.494775570272259
2020-03-30 11:56:05,348 - exp_torch_topics_d128_passive_i2000_b20_q100_sf512_e5_1 - INFO - start step #79
2020-03-30 11:56:05,349 - exp_torch_topics_d128_passive_i2000_b20_q100_sf512_e5_1 - INFO - query idx: [46898  5374  6208 18194 28853 35531 25352 73813 63599 87975 76398 16765
 49360 92565 62837 62712 44037 91588 29655 88392]
2020-03-30 11:56:09,645 - exp_torch_topics_d128_passive_i2000_b20_q100_sf512_e5_1 - INFO - finish step #79 for 4.297008991241455 sec
2020-03-30 11:56:09,645 - exp_torch_topics_d128_passive_i2000_b20_q100_sf512_e5_1 - INFO - current val_accuracy: 0.4923325974981604
2020-03-30 11:56:09,646 - exp_torch_topics_d128_passive_i2000_b20_q100_sf512_e5_1 - INFO - start step #80
2020-03-30 11:56:09,646 - exp_torch_topics_d128_passive_i2000_b20_q100_sf512_e5_1 - INFO - query idx: [49884 80840 95170 35998 88666 53908 39128 62510 51957  9540 83211 83893
 18986 43973 39627 68251 79186  2582 43503 79509]
2020-03-30 11:56:13,930 - exp_torch_topics_d128_passive_i2000_b20_q100_sf512_e5_1 - INFO - finish step #80 for 4.284318923950195 sec
2020-03-30 11:56:13,930 - exp_torch_topics_d128_passive_i2000_b20_q100_sf512_e5_1 - INFO - current val_accuracy: 0.49036055923473143
2020-03-30 11:56:13,931 - exp_torch_topics_d128_passive_i2000_b20_q100_sf512_e5_1 - INFO - start step #81
2020-03-30 11:56:13,931 - exp_torch_topics_d128_passive_i2000_b20_q100_sf512_e5_1 - INFO - query idx: [ 5335 15007 73873 77912 34916 85982 43176 97137 11106 83557 12625 29179
 79338 23932 19831 60923 58561 23316 77686 67957]
2020-03-30 11:56:18,186 - exp_torch_topics_d128_passive_i2000_b20_q100_sf512_e5_1 - INFO - finish step #81 for 4.255048036575317 sec
2020-03-30 11:56:18,186 - exp_torch_topics_d128_passive_i2000_b20_q100_sf512_e5_1 - INFO - current val_accuracy: 0.49271523178807947
2020-03-30 11:56:18,186 - exp_torch_topics_d128_passive_i2000_b20_q100_sf512_e5_1 - INFO - start step #82
2020-03-30 11:56:18,186 - exp_torch_topics_d128_passive_i2000_b20_q100_sf512_e5_1 - INFO - query idx: [13437 16494 45220 34816 88440 93748 98036 80682 16262 37873 51872 67818
 94469 93129 77668  8796 59679 17676 44765 82310]
2020-03-30 11:56:22,381 - exp_torch_topics_d128_passive_i2000_b20_q100_sf512_e5_1 - INFO - finish step #82 for 4.195065975189209 sec
2020-03-30 11:56:22,381 - exp_torch_topics_d128_passive_i2000_b20_q100_sf512_e5_1 - INFO - current val_accuracy: 0.49371596762325237
2020-03-30 11:56:22,382 - exp_torch_topics_d128_passive_i2000_b20_q100_sf512_e5_1 - INFO - start step #83
2020-03-30 11:56:22,382 - exp_torch_topics_d128_passive_i2000_b20_q100_sf512_e5_1 - INFO - query idx: [47233  2148 12079 20860 31861 61257 61150 94329 77093 20977 95838 85553
 90772 20616 39804 42000 93369   901 30118 39430]
2020-03-30 11:56:26,738 - exp_torch_topics_d128_passive_i2000_b20_q100_sf512_e5_1 - INFO - finish step #83 for 4.356267929077148 sec
2020-03-30 11:56:26,738 - exp_torch_topics_d128_passive_i2000_b20_q100_sf512_e5_1 - INFO - current val_accuracy: 0.49256806475349524
2020-03-30 11:56:26,738 - exp_torch_topics_d128_passive_i2000_b20_q100_sf512_e5_1 - INFO - start step #84
2020-03-30 11:56:26,739 - exp_torch_topics_d128_passive_i2000_b20_q100_sf512_e5_1 - INFO - query idx: [81031 19389 63686 82006  8074 98041 18085 68990 53918    33 45233 27815
 40289 76253 34062 96872 41158 23163 83413 13451]
2020-03-30 11:56:30,944 - exp_torch_topics_d128_passive_i2000_b20_q100_sf512_e5_1 - INFO - finish step #84 for 4.20608115196228 sec
2020-03-30 11:56:30,945 - exp_torch_topics_d128_passive_i2000_b20_q100_sf512_e5_1 - INFO - current val_accuracy: 0.4956585724797645
2020-03-30 11:56:30,945 - exp_torch_topics_d128_passive_i2000_b20_q100_sf512_e5_1 - INFO - start step #85
2020-03-30 11:56:30,945 - exp_torch_topics_d128_passive_i2000_b20_q100_sf512_e5_1 - INFO - query idx: [77624 36555 87672 92816  7393 30456 39613   163 26503  5887  7739 16189
 32429 53540  7424  7552 80066 91390 19834  4826]
2020-03-30 11:56:35,187 - exp_torch_topics_d128_passive_i2000_b20_q100_sf512_e5_1 - INFO - finish step #85 for 4.242204904556274 sec
2020-03-30 11:56:35,187 - exp_torch_topics_d128_passive_i2000_b20_q100_sf512_e5_1 - INFO - current val_accuracy: 0.4949227373068433
2020-03-30 11:56:35,188 - exp_torch_topics_d128_passive_i2000_b20_q100_sf512_e5_1 - INFO - start step #86
2020-03-30 11:56:35,188 - exp_torch_topics_d128_passive_i2000_b20_q100_sf512_e5_1 - INFO - query idx: [73527 76326 41811 59178 24899 34040  7308 87519 14802 91803 43342 55610
 78366 86365 44635 48425 95090 29959 75538 21723]
2020-03-30 11:56:39,507 - exp_torch_topics_d128_passive_i2000_b20_q100_sf512_e5_1 - INFO - finish step #86 for 4.319182634353638 sec
2020-03-30 11:56:39,507 - exp_torch_topics_d128_passive_i2000_b20_q100_sf512_e5_1 - INFO - current val_accuracy: 0.4940103016924209
2020-03-30 11:56:39,507 - exp_torch_topics_d128_passive_i2000_b20_q100_sf512_e5_1 - INFO - start step #87
2020-03-30 11:56:39,508 - exp_torch_topics_d128_passive_i2000_b20_q100_sf512_e5_1 - INFO - query idx: [10708 10665 49561 63062 57617 62066 23394 53296 33036 60009 44135 68133
 92609 64715 61129  6739   743 65072  3579  5023]
2020-03-30 11:56:43,831 - exp_torch_topics_d128_passive_i2000_b20_q100_sf512_e5_1 - INFO - finish step #87 for 4.323649883270264 sec
2020-03-30 11:56:43,831 - exp_torch_topics_d128_passive_i2000_b20_q100_sf512_e5_1 - INFO - current val_accuracy: 0.49854304635761587
2020-03-30 11:56:43,831 - exp_torch_topics_d128_passive_i2000_b20_q100_sf512_e5_1 - INFO - start step #88
2020-03-30 11:56:43,832 - exp_torch_topics_d128_passive_i2000_b20_q100_sf512_e5_1 - INFO - query idx: [44066 85570 97446 84954 45258 35882 53939 47357 77963 66557 41943 67404
 29049 17808 43817  5676 68376 44154 39989 44461]
2020-03-30 11:56:48,056 - exp_torch_topics_d128_passive_i2000_b20_q100_sf512_e5_1 - INFO - finish step #88 for 4.224870920181274 sec
2020-03-30 11:56:48,058 - exp_torch_topics_d128_passive_i2000_b20_q100_sf512_e5_1 - INFO - current val_accuracy: 0.4987785136129507
2020-03-30 11:56:48,058 - exp_torch_topics_d128_passive_i2000_b20_q100_sf512_e5_1 - INFO - start step #89
2020-03-30 11:56:48,058 - exp_torch_topics_d128_passive_i2000_b20_q100_sf512_e5_1 - INFO - query idx: [65834 66127 38222  3699 20623 90406 31487 52456 72845 38740 67774 66946
  5951 75284 47369 23327 32039 90396  5034 25319]
2020-03-30 11:56:52,309 - exp_torch_topics_d128_passive_i2000_b20_q100_sf512_e5_1 - INFO - finish step #89 for 4.250855207443237 sec
2020-03-30 11:56:52,309 - exp_torch_topics_d128_passive_i2000_b20_q100_sf512_e5_1 - INFO - current val_accuracy: 0.49654157468727006
2020-03-30 11:56:52,309 - exp_torch_topics_d128_passive_i2000_b20_q100_sf512_e5_1 - INFO - start step #90
2020-03-30 11:56:52,309 - exp_torch_topics_d128_passive_i2000_b20_q100_sf512_e5_1 - INFO - query idx: [38531 18942  7991 14999 35666 18993 13430 90227 32052 85432 94451 69246
 77110 28672 18173 77019 20967 46492 50376 79152]
2020-03-30 11:56:56,711 - exp_torch_topics_d128_passive_i2000_b20_q100_sf512_e5_1 - INFO - finish step #90 for 4.4016430377960205 sec
2020-03-30 11:56:56,711 - exp_torch_topics_d128_passive_i2000_b20_q100_sf512_e5_1 - INFO - current val_accuracy: 0.49718910963944074
2020-03-30 11:56:56,711 - exp_torch_topics_d128_passive_i2000_b20_q100_sf512_e5_1 - INFO - start step #91
2020-03-30 11:56:56,712 - exp_torch_topics_d128_passive_i2000_b20_q100_sf512_e5_1 - INFO - query idx: [71616 65395 46295 88353 94728  4217 16900 10628  8993 94644  5322 10443
 25016 27282 80784 52256 75651  4509 10748 85265]
2020-03-30 11:57:01,140 - exp_torch_topics_d128_passive_i2000_b20_q100_sf512_e5_1 - INFO - finish step #91 for 4.42865514755249 sec
2020-03-30 11:57:01,140 - exp_torch_topics_d128_passive_i2000_b20_q100_sf512_e5_1 - INFO - current val_accuracy: 0.49739514348785874
2020-03-30 11:57:01,140 - exp_torch_topics_d128_passive_i2000_b20_q100_sf512_e5_1 - INFO - start step #92
2020-03-30 11:57:01,141 - exp_torch_topics_d128_passive_i2000_b20_q100_sf512_e5_1 - INFO - query idx: [78184 62403 94700 57552 13145 70702 36232 91742 96591  9452 11465 62711
 12830 47112 51213 42906 59411 14088 10622 57371]
2020-03-30 11:57:05,441 - exp_torch_topics_d128_passive_i2000_b20_q100_sf512_e5_1 - INFO - finish step #92 for 4.300631761550903 sec
2020-03-30 11:57:05,441 - exp_torch_topics_d128_passive_i2000_b20_q100_sf512_e5_1 - INFO - current val_accuracy: 0.4980721118469463
2020-03-30 11:57:05,441 - exp_torch_topics_d128_passive_i2000_b20_q100_sf512_e5_1 - INFO - start step #93
2020-03-30 11:57:05,442 - exp_torch_topics_d128_passive_i2000_b20_q100_sf512_e5_1 - INFO - query idx: [54463 69969 89279 76898 77953 92318 68279 83447 65255  4481 73391 95075
  7879 47674 34660 14611 77578 45315 90650 28472]
2020-03-30 11:57:09,720 - exp_torch_topics_d128_passive_i2000_b20_q100_sf512_e5_1 - INFO - finish step #93 for 4.278584003448486 sec
2020-03-30 11:57:09,720 - exp_torch_topics_d128_passive_i2000_b20_q100_sf512_e5_1 - INFO - current val_accuracy: 0.49701250919793966
2020-03-30 11:57:09,720 - exp_torch_topics_d128_passive_i2000_b20_q100_sf512_e5_1 - INFO - start step #94
2020-03-30 11:57:09,721 - exp_torch_topics_d128_passive_i2000_b20_q100_sf512_e5_1 - INFO - query idx: [56505 70273  7811 90245 24010 84488 15610 77298 26093 69797 29374 81166
  8281 93091 24005 52174 27375 63116 35662 87959]
2020-03-30 11:57:14,116 - exp_torch_topics_d128_passive_i2000_b20_q100_sf512_e5_1 - INFO - finish step #94 for 4.395637035369873 sec
2020-03-30 11:57:14,116 - exp_torch_topics_d128_passive_i2000_b20_q100_sf512_e5_1 - INFO - current val_accuracy: 0.496364974245769
2020-03-30 11:57:14,116 - exp_torch_topics_d128_passive_i2000_b20_q100_sf512_e5_1 - INFO - start step #95
2020-03-30 11:57:14,117 - exp_torch_topics_d128_passive_i2000_b20_q100_sf512_e5_1 - INFO - query idx: [65246 15441 64868 85413 96745 95664  7438 79810 98005 26107 82301 53439
 47883 51791 90151 48969 68194 23692 79707 37142]
2020-03-30 11:57:18,604 - exp_torch_topics_d128_passive_i2000_b20_q100_sf512_e5_1 - INFO - finish step #95 for 4.487671852111816 sec
2020-03-30 11:57:18,604 - exp_torch_topics_d128_passive_i2000_b20_q100_sf512_e5_1 - INFO - current val_accuracy: 0.4999558498896247
2020-03-30 11:57:18,604 - exp_torch_topics_d128_passive_i2000_b20_q100_sf512_e5_1 - INFO - start step #96
2020-03-30 11:57:18,605 - exp_torch_topics_d128_passive_i2000_b20_q100_sf512_e5_1 - INFO - query idx: [71667 59528 79638 24639 36666 25567 48629 32777 80765 40542  2199 45709
 89024 15679 27622 65791 95944 10942 71552 12824]
2020-03-30 11:57:22,903 - exp_torch_topics_d128_passive_i2000_b20_q100_sf512_e5_1 - INFO - finish step #96 for 4.298609256744385 sec
2020-03-30 11:57:22,903 - exp_torch_topics_d128_passive_i2000_b20_q100_sf512_e5_1 - INFO - current val_accuracy: 0.499514348785872
2020-03-30 11:57:22,903 - exp_torch_topics_d128_passive_i2000_b20_q100_sf512_e5_1 - INFO - start step #97
2020-03-30 11:57:22,904 - exp_torch_topics_d128_passive_i2000_b20_q100_sf512_e5_1 - INFO - query idx: [76798 63010 76168 43801 30982 38854 23708 40787 61022 20904 96744 84533
 42948 22944 21662 68510  3397 82141 57786  5488]
2020-03-30 11:57:27,336 - exp_torch_topics_d128_passive_i2000_b20_q100_sf512_e5_1 - INFO - finish step #97 for 4.432762145996094 sec
2020-03-30 11:57:27,336 - exp_torch_topics_d128_passive_i2000_b20_q100_sf512_e5_1 - INFO - current val_accuracy: 0.4984253127299485
2020-03-30 11:57:27,336 - exp_torch_topics_d128_passive_i2000_b20_q100_sf512_e5_1 - INFO - start step #98
2020-03-30 11:57:27,337 - exp_torch_topics_d128_passive_i2000_b20_q100_sf512_e5_1 - INFO - query idx: [63017 94398 69764 26496 65797 65784 89618 83192 75098 13938 31350 74138
 81345 78305 75822  3013 33616 25071 19906 16973]
2020-03-30 11:57:31,677 - exp_torch_topics_d128_passive_i2000_b20_q100_sf512_e5_1 - INFO - finish step #98 for 4.340811014175415 sec
2020-03-30 11:57:31,677 - exp_torch_topics_d128_passive_i2000_b20_q100_sf512_e5_1 - INFO - current val_accuracy: 0.5018690213392201
2020-03-30 11:57:31,678 - exp_torch_topics_d128_passive_i2000_b20_q100_sf512_e5_1 - INFO - start step #99
2020-03-30 11:57:31,678 - exp_torch_topics_d128_passive_i2000_b20_q100_sf512_e5_1 - INFO - query idx: [61211 35912 71542 91550 62915 79697 13563 15841 38620 73682 75559  4087
 93516 83575  2260 29192 30920 53226 50165 22329]
2020-03-30 11:57:36,073 - exp_torch_topics_d128_passive_i2000_b20_q100_sf512_e5_1 - INFO - finish step #99 for 4.395343065261841 sec
2020-03-30 11:57:36,073 - exp_torch_topics_d128_passive_i2000_b20_q100_sf512_e5_1 - INFO - current val_accuracy: 0.5034878587196469
2020-03-30 11:57:36,073 - exp_torch_topics_d128_passive_i2000_b20_q100_sf512_e5_1 - INFO - finish experiment process for 450.53911805152893 sec
