2020-03-20 15:46:31,480 - exp_torch_topics_d128_passive_bs_i2000_b20_2 - INFO - start experiment process
2020-03-20 15:46:39,668 - exp_torch_topics_d128_passive_bs_i2000_b20_2 - INFO - initial val_accuracy: 0.4439146431199411
2020-03-20 15:46:39,673 - exp_torch_topics_d128_passive_bs_i2000_b20_2 - INFO - start step #0
2020-03-20 15:46:39,703 - exp_torch_topics_d128_passive_bs_i2000_b20_2 - INFO - query idx: [14628  4583  1061 18399 16648 18990 15468 10058  6066  8279 11208  2778
 13680 15008  9762  1092  5196 11508 10996  2532]
2020-03-20 15:46:44,220 - exp_torch_topics_d128_passive_bs_i2000_b20_2 - INFO - finish step #0 for 4.547168016433716 sec
2020-03-20 15:46:44,220 - exp_torch_topics_d128_passive_bs_i2000_b20_2 - INFO - current val_accuracy: 0.44426784400294334
2020-03-20 15:46:44,222 - exp_torch_topics_d128_passive_bs_i2000_b20_2 - INFO - start step #1
2020-03-20 15:46:44,223 - exp_torch_topics_d128_passive_bs_i2000_b20_2 - INFO - query idx: [18319  7195 11417 17229  7420 15319 16264 19012  2860 13265  8991  3284
 13915 11848  3284 14290 12187 13050 13017 19700]
2020-03-20 15:46:46,515 - exp_torch_topics_d128_passive_bs_i2000_b20_2 - INFO - finish step #1 for 2.292546033859253 sec
2020-03-20 15:46:46,515 - exp_torch_topics_d128_passive_bs_i2000_b20_2 - INFO - current val_accuracy: 0.44682855040470937
2020-03-20 15:46:46,515 - exp_torch_topics_d128_passive_bs_i2000_b20_2 - INFO - start step #2
2020-03-20 15:46:46,516 - exp_torch_topics_d128_passive_bs_i2000_b20_2 - INFO - query idx: [ 9389 16887 17043 19239 12130  8642  3360 18420  5421  7711  6070  2593
  3812  5745 17786 12178 18206  1502 12398  9732]
2020-03-20 15:46:48,590 - exp_torch_topics_d128_passive_bs_i2000_b20_2 - INFO - finish step #2 for 2.0748698711395264 sec
2020-03-20 15:46:48,591 - exp_torch_topics_d128_passive_bs_i2000_b20_2 - INFO - current val_accuracy: 0.4417365710080942
2020-03-20 15:46:48,591 - exp_torch_topics_d128_passive_bs_i2000_b20_2 - INFO - start step #3
2020-03-20 15:46:48,591 - exp_torch_topics_d128_passive_bs_i2000_b20_2 - INFO - query idx: [ 5280 12953   205  3734  8678  1292  5504  3639  6345 19531 16867  1683
 11750 12099 11159 13297  4857 11511  9022  8119]
2020-03-20 15:46:50,999 - exp_torch_topics_d128_passive_bs_i2000_b20_2 - INFO - finish step #3 for 2.4078621864318848 sec
2020-03-20 15:46:50,999 - exp_torch_topics_d128_passive_bs_i2000_b20_2 - INFO - current val_accuracy: 0.43573215599705667
2020-03-20 15:46:50,999 - exp_torch_topics_d128_passive_bs_i2000_b20_2 - INFO - start step #4
2020-03-20 15:46:51,000 - exp_torch_topics_d128_passive_bs_i2000_b20_2 - INFO - query idx: [ 2776 16590 12734 19455  6011 11472  1757  8103 15168  6369  7945  2562
 19656  5957 18869  9655  1887 15353  5742  3846]
2020-03-20 15:46:53,299 - exp_torch_topics_d128_passive_bs_i2000_b20_2 - INFO - finish step #4 for 2.3001139163970947 sec
2020-03-20 15:46:53,300 - exp_torch_topics_d128_passive_bs_i2000_b20_2 - INFO - current val_accuracy: 0.4444150110375276
2020-03-20 15:46:53,300 - exp_torch_topics_d128_passive_bs_i2000_b20_2 - INFO - start step #5
2020-03-20 15:46:53,300 - exp_torch_topics_d128_passive_bs_i2000_b20_2 - INFO - query idx: [12135  3105  3440 19003 17609 13759 18863 14978  3666  8968  2755 16393
 12763 11198 11847 13449 15819 11348 16574  4933]
2020-03-20 15:46:55,436 - exp_torch_topics_d128_passive_bs_i2000_b20_2 - INFO - finish step #5 for 2.136592149734497 sec
2020-03-20 15:46:55,437 - exp_torch_topics_d128_passive_bs_i2000_b20_2 - INFO - current val_accuracy: 0.4452097130242826
2020-03-20 15:46:55,437 - exp_torch_topics_d128_passive_bs_i2000_b20_2 - INFO - start step #6
2020-03-20 15:46:55,437 - exp_torch_topics_d128_passive_bs_i2000_b20_2 - INFO - query idx: [11677    29  4589  9108  4874  6256  9512  6505 12312  6653 16134 18689
  8376  9334  6136  7545  4987  6159 19051  3963]
2020-03-20 15:46:57,578 - exp_torch_topics_d128_passive_bs_i2000_b20_2 - INFO - finish step #6 for 2.14113187789917 sec
2020-03-20 15:46:57,578 - exp_torch_topics_d128_passive_bs_i2000_b20_2 - INFO - current val_accuracy: 0.4512141280353201
2020-03-20 15:46:57,578 - exp_torch_topics_d128_passive_bs_i2000_b20_2 - INFO - start step #7
2020-03-20 15:46:57,579 - exp_torch_topics_d128_passive_bs_i2000_b20_2 - INFO - query idx: [ 9306  6691 14010 14317 15959 11951 14927  7528 14030 17133 14514  8698
  3670  5956 16111 17965 16278  1748 18301  8006]
2020-03-20 15:46:59,958 - exp_torch_topics_d128_passive_bs_i2000_b20_2 - INFO - finish step #7 for 2.3796451091766357 sec
2020-03-20 15:46:59,958 - exp_torch_topics_d128_passive_bs_i2000_b20_2 - INFO - current val_accuracy: 0.44526857983811624
2020-03-20 15:46:59,958 - exp_torch_topics_d128_passive_bs_i2000_b20_2 - INFO - start step #8
2020-03-20 15:46:59,959 - exp_torch_topics_d128_passive_bs_i2000_b20_2 - INFO - query idx: [ 1757  3617 17222 17764 12522 19242 14455 17394 14865 11525 11971  7232
 16899 14313    83 13411  9654  6529  8623  8822]
2020-03-20 15:47:01,995 - exp_torch_topics_d128_passive_bs_i2000_b20_2 - INFO - finish step #8 for 2.0364558696746826 sec
2020-03-20 15:47:01,995 - exp_torch_topics_d128_passive_bs_i2000_b20_2 - INFO - current val_accuracy: 0.4499484915378955
2020-03-20 15:47:01,995 - exp_torch_topics_d128_passive_bs_i2000_b20_2 - INFO - start step #9
2020-03-20 15:47:01,996 - exp_torch_topics_d128_passive_bs_i2000_b20_2 - INFO - query idx: [16475 16973 17241  4564  1213  8672   807  8282  4642  9671  8839  8222
 10658 19283 17507 19343 14867  6593  3664  8082]
2020-03-20 15:47:04,213 - exp_torch_topics_d128_passive_bs_i2000_b20_2 - INFO - finish step #9 for 2.217956781387329 sec
2020-03-20 15:47:04,213 - exp_torch_topics_d128_passive_bs_i2000_b20_2 - INFO - current val_accuracy: 0.4572185430463576
2020-03-20 15:47:04,214 - exp_torch_topics_d128_passive_bs_i2000_b20_2 - INFO - start step #10
2020-03-20 15:47:04,214 - exp_torch_topics_d128_passive_bs_i2000_b20_2 - INFO - query idx: [10105  8323 11612 18124 17281 19424 18173 13093 17274    34 13099  1949
  2288  4603  6090 15258 15598  8340  9105  5181]
2020-03-20 15:47:06,230 - exp_torch_topics_d128_passive_bs_i2000_b20_2 - INFO - finish step #10 for 2.0163121223449707 sec
2020-03-20 15:47:06,232 - exp_torch_topics_d128_passive_bs_i2000_b20_2 - INFO - current val_accuracy: 0.45612950699043414
2020-03-20 15:47:06,232 - exp_torch_topics_d128_passive_bs_i2000_b20_2 - INFO - start step #11
2020-03-20 15:47:06,232 - exp_torch_topics_d128_passive_bs_i2000_b20_2 - INFO - query idx: [ 1494 16870 18266 13353  7451 10955  4094  4635 16354  5277  8771   225
 18608 17777 16630 19111  1903 10751 10590 15969]
2020-03-20 15:47:08,229 - exp_torch_topics_d128_passive_bs_i2000_b20_2 - INFO - finish step #11 for 1.9966809749603271 sec
2020-03-20 15:47:08,229 - exp_torch_topics_d128_passive_bs_i2000_b20_2 - INFO - current val_accuracy: 0.4579838116261957
2020-03-20 15:47:08,229 - exp_torch_topics_d128_passive_bs_i2000_b20_2 - INFO - start step #12
2020-03-20 15:47:08,229 - exp_torch_topics_d128_passive_bs_i2000_b20_2 - INFO - query idx: [ 7724  5438  6090 19244  7613 11315 13975  5944  5564 17184 10143 15193
  8290  7577 18862  1363 19722  8636 16667   412]
2020-03-20 15:47:10,591 - exp_torch_topics_d128_passive_bs_i2000_b20_2 - INFO - finish step #12 for 2.362382650375366 sec
2020-03-20 15:47:10,592 - exp_torch_topics_d128_passive_bs_i2000_b20_2 - INFO - current val_accuracy: 0.45880794701986755
2020-03-20 15:47:10,592 - exp_torch_topics_d128_passive_bs_i2000_b20_2 - INFO - start step #13
2020-03-20 15:47:10,592 - exp_torch_topics_d128_passive_bs_i2000_b20_2 - INFO - query idx: [12474  3365  1966  8989  1616  3404  9503   180  3088  5021  5366  7487
  8051  6435 12609 15582 16583   166 18906  8619]
2020-03-20 15:47:13,475 - exp_torch_topics_d128_passive_bs_i2000_b20_2 - INFO - finish step #13 for 2.8827550411224365 sec
2020-03-20 15:47:13,475 - exp_torch_topics_d128_passive_bs_i2000_b20_2 - INFO - current val_accuracy: 0.4569242089771891
2020-03-20 15:47:13,475 - exp_torch_topics_d128_passive_bs_i2000_b20_2 - INFO - start step #14
2020-03-20 15:47:13,476 - exp_torch_topics_d128_passive_bs_i2000_b20_2 - INFO - query idx: [ 4865 11366 11646 10670 18102  3428  4237  3138 18132  5290  8100  3260
  3859 13418  6961 19169 13707 17705 12927  5883]
2020-03-20 15:47:17,513 - exp_torch_topics_d128_passive_bs_i2000_b20_2 - INFO - finish step #14 for 4.038125038146973 sec
2020-03-20 15:47:17,514 - exp_torch_topics_d128_passive_bs_i2000_b20_2 - INFO - current val_accuracy: 0.4588373804267844
2020-03-20 15:47:17,515 - exp_torch_topics_d128_passive_bs_i2000_b20_2 - INFO - start step #15
2020-03-20 15:47:17,516 - exp_torch_topics_d128_passive_bs_i2000_b20_2 - INFO - query idx: [ 8794    10  4928  1017 13848 17949 14224 14448  5697  6736 14220 15659
  7161  9093 16218 11741  2291 17111 19658 16671]
2020-03-20 15:47:21,289 - exp_torch_topics_d128_passive_bs_i2000_b20_2 - INFO - finish step #15 for 3.774017572402954 sec
2020-03-20 15:47:21,290 - exp_torch_topics_d128_passive_bs_i2000_b20_2 - INFO - current val_accuracy: 0.45842531272994846
2020-03-20 15:47:21,291 - exp_torch_topics_d128_passive_bs_i2000_b20_2 - INFO - start step #16
2020-03-20 15:47:21,291 - exp_torch_topics_d128_passive_bs_i2000_b20_2 - INFO - query idx: [ 2972  3119  1768  5434 19350  9602 18440  3219 13799  1620  8253  7991
 15413 12943 18720 10493  1631 16459  3494   675]
2020-03-20 15:47:24,214 - exp_torch_topics_d128_passive_bs_i2000_b20_2 - INFO - finish step #16 for 2.9232449531555176 sec
2020-03-20 15:47:24,214 - exp_torch_topics_d128_passive_bs_i2000_b20_2 - INFO - current val_accuracy: 0.461280353200883
2020-03-20 15:47:24,214 - exp_torch_topics_d128_passive_bs_i2000_b20_2 - INFO - start step #17
2020-03-20 15:47:24,215 - exp_torch_topics_d128_passive_bs_i2000_b20_2 - INFO - query idx: [  193 10892  2422  5386  7366  7421  6842 13968  3363  7023 12479  9385
  2358 12755  6040 19229 10463  4969 16059 16176]
2020-03-20 15:47:26,439 - exp_torch_topics_d128_passive_bs_i2000_b20_2 - INFO - finish step #17 for 2.225045919418335 sec
2020-03-20 15:47:26,440 - exp_torch_topics_d128_passive_bs_i2000_b20_2 - INFO - current val_accuracy: 0.4671081677704194
2020-03-20 15:47:26,440 - exp_torch_topics_d128_passive_bs_i2000_b20_2 - INFO - start step #18
2020-03-20 15:47:26,440 - exp_torch_topics_d128_passive_bs_i2000_b20_2 - INFO - query idx: [ 4372  8811 13095  9705 11856  6597 12521 10383  9032 15384  7891  7097
 17169  2810  1854  6314  9565  8959 10918  2382]
2020-03-20 15:47:28,784 - exp_torch_topics_d128_passive_bs_i2000_b20_2 - INFO - finish step #18 for 2.343881845474243 sec
2020-03-20 15:47:28,784 - exp_torch_topics_d128_passive_bs_i2000_b20_2 - INFO - current val_accuracy: 0.46225165562913906
2020-03-20 15:47:28,784 - exp_torch_topics_d128_passive_bs_i2000_b20_2 - INFO - start step #19
2020-03-20 15:47:28,785 - exp_torch_topics_d128_passive_bs_i2000_b20_2 - INFO - query idx: [10213 16733  2316 11542 17140 15599 11198 14269  9601  2117  4718  6105
 13439 11720 12922 10770  4662 11586 16527 16657]
2020-03-20 15:47:32,924 - exp_torch_topics_d128_passive_bs_i2000_b20_2 - INFO - finish step #19 for 4.1388843059539795 sec
2020-03-20 15:47:32,924 - exp_torch_topics_d128_passive_bs_i2000_b20_2 - INFO - current val_accuracy: 0.4641353936718175
2020-03-20 15:47:32,924 - exp_torch_topics_d128_passive_bs_i2000_b20_2 - INFO - start step #20
2020-03-20 15:47:32,927 - exp_torch_topics_d128_passive_bs_i2000_b20_2 - INFO - query idx: [18629 18934  5978 18688   383 14773  5208  7518 10126 18673 12369  7032
  5167  6972  3003 15738 17356  2942 13497  1078]
2020-03-20 15:47:35,732 - exp_torch_topics_d128_passive_bs_i2000_b20_2 - INFO - finish step #20 for 2.807305097579956 sec
2020-03-20 15:47:35,732 - exp_torch_topics_d128_passive_bs_i2000_b20_2 - INFO - current val_accuracy: 0.46484179543782195
2020-03-20 15:47:35,732 - exp_torch_topics_d128_passive_bs_i2000_b20_2 - INFO - start step #21
2020-03-20 15:47:35,733 - exp_torch_topics_d128_passive_bs_i2000_b20_2 - INFO - query idx: [15871   945  4023 18191  1038  9650  2517 18925 12584  2947 12205 19268
  9867  9076 15269 13172  6280 14391  2898  7773]
2020-03-20 15:47:38,026 - exp_torch_topics_d128_passive_bs_i2000_b20_2 - INFO - finish step #21 for 2.293665885925293 sec
2020-03-20 15:47:38,026 - exp_torch_topics_d128_passive_bs_i2000_b20_2 - INFO - current val_accuracy: 0.46440029433406915
2020-03-20 15:47:38,028 - exp_torch_topics_d128_passive_bs_i2000_b20_2 - INFO - start step #22
2020-03-20 15:47:38,029 - exp_torch_topics_d128_passive_bs_i2000_b20_2 - INFO - query idx: [ 3875 16308  6862  5367 14347 16517  9865 13444  9925 17013  4417 19544
 14465 17327  3033  8868 16740 15419 15427  6872]
2020-03-20 15:47:40,385 - exp_torch_topics_d128_passive_bs_i2000_b20_2 - INFO - finish step #22 for 2.3563990592956543 sec
2020-03-20 15:47:40,385 - exp_torch_topics_d128_passive_bs_i2000_b20_2 - INFO - current val_accuracy: 0.4662840323767476
2020-03-20 15:47:40,385 - exp_torch_topics_d128_passive_bs_i2000_b20_2 - INFO - start step #23
2020-03-20 15:47:40,386 - exp_torch_topics_d128_passive_bs_i2000_b20_2 - INFO - query idx: [12575 17519 16164  6162 18930 12190 18993 12787  8895 19459  8698 18531
   738 17148  6212  8186 11665  9030 10546 11166]
2020-03-20 15:47:42,635 - exp_torch_topics_d128_passive_bs_i2000_b20_2 - INFO - finish step #23 for 2.249953031539917 sec
2020-03-20 15:47:42,636 - exp_torch_topics_d128_passive_bs_i2000_b20_2 - INFO - current val_accuracy: 0.4698160412067697
2020-03-20 15:47:42,636 - exp_torch_topics_d128_passive_bs_i2000_b20_2 - INFO - start step #24
2020-03-20 15:47:42,636 - exp_torch_topics_d128_passive_bs_i2000_b20_2 - INFO - query idx: [ 8836  3764  4478 11162 12067  7611  4605  1095  5375   361 17112 14097
 11854 14103 17672 10045 14917  6916  4970 11956]
2020-03-20 15:47:46,125 - exp_torch_topics_d128_passive_bs_i2000_b20_2 - INFO - finish step #24 for 3.4888439178466797 sec
2020-03-20 15:47:46,125 - exp_torch_topics_d128_passive_bs_i2000_b20_2 - INFO - current val_accuracy: 0.4668727005150846
2020-03-20 15:47:46,125 - exp_torch_topics_d128_passive_bs_i2000_b20_2 - INFO - start step #25
2020-03-20 15:47:46,126 - exp_torch_topics_d128_passive_bs_i2000_b20_2 - INFO - query idx: [ 8334 11245  9141 15711 11935 10325   177 10106 18131  3540 12011  3745
 16765 16523 17416 13624 13947 12887 18795  4554]
2020-03-20 15:47:49,527 - exp_torch_topics_d128_passive_bs_i2000_b20_2 - INFO - finish step #25 for 3.401437759399414 sec
2020-03-20 15:47:49,527 - exp_torch_topics_d128_passive_bs_i2000_b20_2 - INFO - current val_accuracy: 0.46913907284768214
2020-03-20 15:47:49,527 - exp_torch_topics_d128_passive_bs_i2000_b20_2 - INFO - start step #26
2020-03-20 15:47:49,528 - exp_torch_topics_d128_passive_bs_i2000_b20_2 - INFO - query idx: [ 6888  5462 16464   623   793 19169 15541 13377 12008  4173 17894 17837
 14846 16282   984 13084 17661  4740  2060 16479]
2020-03-20 15:47:52,160 - exp_torch_topics_d128_passive_bs_i2000_b20_2 - INFO - finish step #26 for 2.632253885269165 sec
2020-03-20 15:47:52,160 - exp_torch_topics_d128_passive_bs_i2000_b20_2 - INFO - current val_accuracy: 0.4713465783664459
2020-03-20 15:47:52,160 - exp_torch_topics_d128_passive_bs_i2000_b20_2 - INFO - start step #27
2020-03-20 15:47:52,160 - exp_torch_topics_d128_passive_bs_i2000_b20_2 - INFO - query idx: [13147 13584 11996  2800  1744   912 15635 17560 13404 12217  2578  2577
  8944  9002 11517 19211 10076 12622 18875 11932]
2020-03-20 15:47:59,451 - exp_torch_topics_d128_passive_bs_i2000_b20_2 - INFO - finish step #27 for 7.289936065673828 sec
2020-03-20 15:47:59,452 - exp_torch_topics_d128_passive_bs_i2000_b20_2 - INFO - current val_accuracy: 0.4682560706401766
2020-03-20 15:47:59,452 - exp_torch_topics_d128_passive_bs_i2000_b20_2 - INFO - start step #28
2020-03-20 15:47:59,460 - exp_torch_topics_d128_passive_bs_i2000_b20_2 - INFO - query idx: [ 9677  7793 18605  3176  5234 14516  6522 18704 19321  5251    98  2435
 10206 12487  6237  5075  7501 18592 18344 17587]
2020-03-20 15:48:04,544 - exp_torch_topics_d128_passive_bs_i2000_b20_2 - INFO - finish step #28 for 5.091076850891113 sec
2020-03-20 15:48:04,544 - exp_torch_topics_d128_passive_bs_i2000_b20_2 - INFO - current val_accuracy: 0.4691979396615158
2020-03-20 15:48:04,544 - exp_torch_topics_d128_passive_bs_i2000_b20_2 - INFO - start step #29
2020-03-20 15:48:04,544 - exp_torch_topics_d128_passive_bs_i2000_b20_2 - INFO - query idx: [10309  4012 18640   471  6745 15284  3364  5786  9157 12770 16591 17967
 14630  4031 18384  7532 11652 17974  3838  8499]
2020-03-20 15:48:06,925 - exp_torch_topics_d128_passive_bs_i2000_b20_2 - INFO - finish step #29 for 2.380740165710449 sec
2020-03-20 15:48:06,925 - exp_torch_topics_d128_passive_bs_i2000_b20_2 - INFO - current val_accuracy: 0.4676379690949227
2020-03-20 15:48:06,925 - exp_torch_topics_d128_passive_bs_i2000_b20_2 - INFO - finish experiment process for 95.43970799446106 sec
