2020-03-20 02:27:42,614 - exp_torch_topics_cluster_by_concat_img_txt_i2000_b20_5 - INFO - start experiment process
2020-03-20 02:27:49,898 - exp_torch_topics_cluster_by_concat_img_txt_i2000_b20_5 - INFO - initial val_accuracy: 0.44011773362766743
2020-03-20 02:27:49,904 - exp_torch_topics_cluster_by_concat_img_txt_i2000_b20_5 - INFO - start step #0
2020-03-20 02:30:08,812 - exp_torch_topics_cluster_by_concat_img_txt_i2000_b20_5 - INFO - finish step #0 for 138.9083399772644 sec
2020-03-20 02:30:08,816 - exp_torch_topics_cluster_by_concat_img_txt_i2000_b20_5 - INFO - current val_accuracy: 0.44103016924208976
2020-03-20 02:30:08,816 - exp_torch_topics_cluster_by_concat_img_txt_i2000_b20_5 - INFO - start step #1
2020-03-20 02:32:15,560 - exp_torch_topics_cluster_by_concat_img_txt_i2000_b20_5 - INFO - finish step #1 for 126.74372410774231 sec
2020-03-20 02:32:15,561 - exp_torch_topics_cluster_by_concat_img_txt_i2000_b20_5 - INFO - current val_accuracy: 0.43997056659308315
2020-03-20 02:32:15,561 - exp_torch_topics_cluster_by_concat_img_txt_i2000_b20_5 - INFO - start step #2
2020-03-20 02:34:32,718 - exp_torch_topics_cluster_by_concat_img_txt_i2000_b20_5 - INFO - finish step #2 for 137.15730690956116 sec
2020-03-20 02:34:32,720 - exp_torch_topics_cluster_by_concat_img_txt_i2000_b20_5 - INFO - current val_accuracy: 0.4350257542310522
2020-03-20 02:34:32,720 - exp_torch_topics_cluster_by_concat_img_txt_i2000_b20_5 - INFO - start step #3
2020-03-20 02:37:04,591 - exp_torch_topics_cluster_by_concat_img_txt_i2000_b20_5 - INFO - finish step #3 for 151.87099599838257 sec
2020-03-20 02:37:04,593 - exp_torch_topics_cluster_by_concat_img_txt_i2000_b20_5 - INFO - current val_accuracy: 0.4226342899190581
2020-03-20 02:37:04,593 - exp_torch_topics_cluster_by_concat_img_txt_i2000_b20_5 - INFO - start step #4
2020-03-20 02:39:05,891 - exp_torch_topics_cluster_by_concat_img_txt_i2000_b20_5 - INFO - finish step #4 for 121.29728603363037 sec
2020-03-20 02:39:05,892 - exp_torch_topics_cluster_by_concat_img_txt_i2000_b20_5 - INFO - current val_accuracy: 0.43237674760853567
2020-03-20 02:39:05,892 - exp_torch_topics_cluster_by_concat_img_txt_i2000_b20_5 - INFO - start step #5
2020-03-20 02:41:10,537 - exp_torch_topics_cluster_by_concat_img_txt_i2000_b20_5 - INFO - finish step #5 for 124.64459586143494 sec
2020-03-20 02:41:10,538 - exp_torch_topics_cluster_by_concat_img_txt_i2000_b20_5 - INFO - current val_accuracy: 0.43829286239882265
2020-03-20 02:41:10,538 - exp_torch_topics_cluster_by_concat_img_txt_i2000_b20_5 - INFO - start step #6
2020-03-20 02:43:08,976 - exp_torch_topics_cluster_by_concat_img_txt_i2000_b20_5 - INFO - finish step #6 for 118.43816590309143 sec
2020-03-20 02:43:08,978 - exp_torch_topics_cluster_by_concat_img_txt_i2000_b20_5 - INFO - current val_accuracy: 0.4376747608535688
2020-03-20 02:43:08,978 - exp_torch_topics_cluster_by_concat_img_txt_i2000_b20_5 - INFO - start step #7
2020-03-20 02:45:22,602 - exp_torch_topics_cluster_by_concat_img_txt_i2000_b20_5 - INFO - finish step #7 for 133.62366199493408 sec
2020-03-20 02:45:22,603 - exp_torch_topics_cluster_by_concat_img_txt_i2000_b20_5 - INFO - current val_accuracy: 0.44064753495217074
2020-03-20 02:45:22,603 - exp_torch_topics_cluster_by_concat_img_txt_i2000_b20_5 - INFO - start step #8
2020-03-20 02:47:46,913 - exp_torch_topics_cluster_by_concat_img_txt_i2000_b20_5 - INFO - finish step #8 for 144.30952501296997 sec
2020-03-20 02:47:46,914 - exp_torch_topics_cluster_by_concat_img_txt_i2000_b20_5 - INFO - current val_accuracy: 0.4446799116997793
2020-03-20 02:47:46,914 - exp_torch_topics_cluster_by_concat_img_txt_i2000_b20_5 - INFO - start step #9
2020-03-20 02:49:44,685 - exp_torch_topics_cluster_by_concat_img_txt_i2000_b20_5 - INFO - finish step #9 for 117.77135896682739 sec
2020-03-20 02:49:44,686 - exp_torch_topics_cluster_by_concat_img_txt_i2000_b20_5 - INFO - current val_accuracy: 0.4466813833701251
2020-03-20 02:49:44,687 - exp_torch_topics_cluster_by_concat_img_txt_i2000_b20_5 - INFO - start step #10
2020-03-20 02:52:03,091 - exp_torch_topics_cluster_by_concat_img_txt_i2000_b20_5 - INFO - finish step #10 for 138.40400099754333 sec
2020-03-20 02:52:03,092 - exp_torch_topics_cluster_by_concat_img_txt_i2000_b20_5 - INFO - current val_accuracy: 0.44594554819720383
2020-03-20 02:52:03,092 - exp_torch_topics_cluster_by_concat_img_txt_i2000_b20_5 - INFO - start step #11
2020-03-20 02:54:19,095 - exp_torch_topics_cluster_by_concat_img_txt_i2000_b20_5 - INFO - finish step #11 for 136.0026559829712 sec
2020-03-20 02:54:19,098 - exp_torch_topics_cluster_by_concat_img_txt_i2000_b20_5 - INFO - current val_accuracy: 0.4476526857983812
2020-03-20 02:54:19,099 - exp_torch_topics_cluster_by_concat_img_txt_i2000_b20_5 - INFO - start step #12
2020-03-20 02:56:43,825 - exp_torch_topics_cluster_by_concat_img_txt_i2000_b20_5 - INFO - finish step #12 for 144.72625994682312 sec
2020-03-20 02:56:43,827 - exp_torch_topics_cluster_by_concat_img_txt_i2000_b20_5 - INFO - current val_accuracy: 0.44556291390728475
2020-03-20 02:56:43,827 - exp_torch_topics_cluster_by_concat_img_txt_i2000_b20_5 - INFO - start step #13
2020-03-20 02:58:57,577 - exp_torch_topics_cluster_by_concat_img_txt_i2000_b20_5 - INFO - finish step #13 for 133.749125957489 sec
2020-03-20 02:58:57,578 - exp_torch_topics_cluster_by_concat_img_txt_i2000_b20_5 - INFO - current val_accuracy: 0.44694628403237674
2020-03-20 02:58:57,578 - exp_torch_topics_cluster_by_concat_img_txt_i2000_b20_5 - INFO - start step #14
2020-03-20 03:00:40,723 - exp_torch_topics_cluster_by_concat_img_txt_i2000_b20_5 - INFO - finish step #14 for 103.14567494392395 sec
2020-03-20 03:00:40,725 - exp_torch_topics_cluster_by_concat_img_txt_i2000_b20_5 - INFO - current val_accuracy: 0.4497130242825607
2020-03-20 03:00:40,725 - exp_torch_topics_cluster_by_concat_img_txt_i2000_b20_5 - INFO - start step #15
2020-03-20 03:02:03,903 - exp_torch_topics_cluster_by_concat_img_txt_i2000_b20_5 - INFO - finish step #15 for 83.17749786376953 sec
2020-03-20 03:02:03,904 - exp_torch_topics_cluster_by_concat_img_txt_i2000_b20_5 - INFO - current val_accuracy: 0.4528623988226637
2020-03-20 03:02:03,904 - exp_torch_topics_cluster_by_concat_img_txt_i2000_b20_5 - INFO - start step #16
2020-03-20 03:03:34,360 - exp_torch_topics_cluster_by_concat_img_txt_i2000_b20_5 - INFO - finish step #16 for 90.4558219909668 sec
2020-03-20 03:03:34,361 - exp_torch_topics_cluster_by_concat_img_txt_i2000_b20_5 - INFO - current val_accuracy: 0.45245033112582783
2020-03-20 03:03:34,361 - exp_torch_topics_cluster_by_concat_img_txt_i2000_b20_5 - INFO - start step #17
2020-03-20 03:04:59,356 - exp_torch_topics_cluster_by_concat_img_txt_i2000_b20_5 - INFO - finish step #17 for 84.99479389190674 sec
2020-03-20 03:04:59,357 - exp_torch_topics_cluster_by_concat_img_txt_i2000_b20_5 - INFO - current val_accuracy: 0.45274466519499634
2020-03-20 03:04:59,357 - exp_torch_topics_cluster_by_concat_img_txt_i2000_b20_5 - INFO - start step #18
2020-03-20 03:06:32,074 - exp_torch_topics_cluster_by_concat_img_txt_i2000_b20_5 - INFO - finish step #18 for 92.71650719642639 sec
2020-03-20 03:06:32,075 - exp_torch_topics_cluster_by_concat_img_txt_i2000_b20_5 - INFO - current val_accuracy: 0.4537748344370861
2020-03-20 03:06:32,075 - exp_torch_topics_cluster_by_concat_img_txt_i2000_b20_5 - INFO - start step #19
2020-03-20 03:08:05,509 - exp_torch_topics_cluster_by_concat_img_txt_i2000_b20_5 - INFO - finish step #19 for 93.43325591087341 sec
2020-03-20 03:08:05,510 - exp_torch_topics_cluster_by_concat_img_txt_i2000_b20_5 - INFO - current val_accuracy: 0.45512877115526124
2020-03-20 03:08:05,510 - exp_torch_topics_cluster_by_concat_img_txt_i2000_b20_5 - INFO - start step #20
2020-03-20 03:09:39,145 - exp_torch_topics_cluster_by_concat_img_txt_i2000_b20_5 - INFO - finish step #20 for 93.63441705703735 sec
2020-03-20 03:09:39,146 - exp_torch_topics_cluster_by_concat_img_txt_i2000_b20_5 - INFO - current val_accuracy: 0.4547167034584253
2020-03-20 03:09:39,146 - exp_torch_topics_cluster_by_concat_img_txt_i2000_b20_5 - INFO - start step #21
2020-03-20 03:11:26,899 - exp_torch_topics_cluster_by_concat_img_txt_i2000_b20_5 - INFO - finish step #21 for 107.75333905220032 sec
2020-03-20 03:11:26,900 - exp_torch_topics_cluster_by_concat_img_txt_i2000_b20_5 - INFO - current val_accuracy: 0.4556291390728477
2020-03-20 03:11:26,901 - exp_torch_topics_cluster_by_concat_img_txt_i2000_b20_5 - INFO - start step #22
2020-03-20 03:12:44,249 - exp_torch_topics_cluster_by_concat_img_txt_i2000_b20_5 - INFO - finish step #22 for 77.34802603721619 sec
2020-03-20 03:12:44,250 - exp_torch_topics_cluster_by_concat_img_txt_i2000_b20_5 - INFO - current val_accuracy: 0.45627667402501837
2020-03-20 03:12:44,250 - exp_torch_topics_cluster_by_concat_img_txt_i2000_b20_5 - INFO - start step #23
2020-03-20 03:14:22,239 - exp_torch_topics_cluster_by_concat_img_txt_i2000_b20_5 - INFO - finish step #23 for 97.9889862537384 sec
2020-03-20 03:14:22,240 - exp_torch_topics_cluster_by_concat_img_txt_i2000_b20_5 - INFO - current val_accuracy: 0.45886681383370126
2020-03-20 03:14:22,240 - exp_torch_topics_cluster_by_concat_img_txt_i2000_b20_5 - INFO - start step #24
2020-03-20 03:15:52,163 - exp_torch_topics_cluster_by_concat_img_txt_i2000_b20_5 - INFO - finish step #24 for 89.92292499542236 sec
2020-03-20 03:15:52,163 - exp_torch_topics_cluster_by_concat_img_txt_i2000_b20_5 - INFO - current val_accuracy: 0.45972038263428994
2020-03-20 03:15:52,164 - exp_torch_topics_cluster_by_concat_img_txt_i2000_b20_5 - INFO - start step #25
2020-03-20 03:17:13,118 - exp_torch_topics_cluster_by_concat_img_txt_i2000_b20_5 - INFO - finish step #25 for 80.95399284362793 sec
2020-03-20 03:17:13,119 - exp_torch_topics_cluster_by_concat_img_txt_i2000_b20_5 - INFO - current val_accuracy: 0.4591317144959529
2020-03-20 03:17:13,119 - exp_torch_topics_cluster_by_concat_img_txt_i2000_b20_5 - INFO - start step #26
2020-03-20 03:18:35,664 - exp_torch_topics_cluster_by_concat_img_txt_i2000_b20_5 - INFO - finish step #26 for 82.5451591014862 sec
2020-03-20 03:18:35,665 - exp_torch_topics_cluster_by_concat_img_txt_i2000_b20_5 - INFO - current val_accuracy: 0.46072111846946284
2020-03-20 03:18:35,665 - exp_torch_topics_cluster_by_concat_img_txt_i2000_b20_5 - INFO - start step #27
2020-03-20 03:20:03,933 - exp_torch_topics_cluster_by_concat_img_txt_i2000_b20_5 - INFO - finish step #27 for 88.2678439617157 sec
2020-03-20 03:20:03,933 - exp_torch_topics_cluster_by_concat_img_txt_i2000_b20_5 - INFO - current val_accuracy: 0.4637233259749816
2020-03-20 03:20:03,933 - exp_torch_topics_cluster_by_concat_img_txt_i2000_b20_5 - INFO - start step #28
2020-03-20 03:21:35,645 - exp_torch_topics_cluster_by_concat_img_txt_i2000_b20_5 - INFO - finish step #28 for 91.71146488189697 sec
2020-03-20 03:21:35,645 - exp_torch_topics_cluster_by_concat_img_txt_i2000_b20_5 - INFO - current val_accuracy: 0.4613392200147167
2020-03-20 03:21:35,645 - exp_torch_topics_cluster_by_concat_img_txt_i2000_b20_5 - INFO - start step #29
2020-03-20 03:22:52,102 - exp_torch_topics_cluster_by_concat_img_txt_i2000_b20_5 - INFO - finish step #29 for 76.4565863609314 sec
2020-03-20 03:22:52,102 - exp_torch_topics_cluster_by_concat_img_txt_i2000_b20_5 - INFO - current val_accuracy: 0.4523325974981604
2020-03-20 03:22:52,102 - exp_torch_topics_cluster_by_concat_img_txt_i2000_b20_5 - INFO - finish experiment process for 3309.481611967087 sec
