2020-02-12 15:07:52,242 - experiment_entropy_bs_i500_b20_0 - INFO - start experiment process
2020-02-12 15:07:58,078 - experiment_entropy_bs_i500_b20_0 - INFO - initial val_accuracy: 0.9257
2020-02-12 15:07:58,078 - experiment_entropy_bs_i500_b20_0 - INFO - start step #0
2020-02-12 15:08:09,018 - experiment_entropy_bs_i500_b20_0 - INFO - finish step #0 for 10.939257144927979 sec
2020-02-12 15:08:09,018 - experiment_entropy_bs_i500_b20_0 - INFO - current val_accuracy: 0.9174
2020-02-12 15:08:09,018 - experiment_entropy_bs_i500_b20_0 - INFO - start step #1
2020-02-12 15:08:24,246 - experiment_entropy_bs_i500_b20_0 - INFO - finish step #1 for 15.22774600982666 sec
2020-02-12 15:08:24,246 - experiment_entropy_bs_i500_b20_0 - INFO - current val_accuracy: 0.9331
2020-02-12 15:08:24,247 - experiment_entropy_bs_i500_b20_0 - INFO - start step #2
2020-02-12 15:08:36,953 - experiment_entropy_bs_i500_b20_0 - INFO - finish step #2 for 12.706220865249634 sec
2020-02-12 15:08:36,953 - experiment_entropy_bs_i500_b20_0 - INFO - current val_accuracy: 0.9367
2020-02-12 15:08:36,954 - experiment_entropy_bs_i500_b20_0 - INFO - start step #3
2020-02-12 15:08:49,507 - experiment_entropy_bs_i500_b20_0 - INFO - finish step #3 for 12.553576946258545 sec
2020-02-12 15:08:49,508 - experiment_entropy_bs_i500_b20_0 - INFO - current val_accuracy: 0.9328
2020-02-12 15:08:49,508 - experiment_entropy_bs_i500_b20_0 - INFO - start step #4
2020-02-12 15:09:03,316 - experiment_entropy_bs_i500_b20_0 - INFO - finish step #4 for 13.807574033737183 sec
2020-02-12 15:09:03,316 - experiment_entropy_bs_i500_b20_0 - INFO - current val_accuracy: 0.9464
2020-02-12 15:09:03,316 - experiment_entropy_bs_i500_b20_0 - INFO - start step #5
2020-02-12 15:09:17,077 - experiment_entropy_bs_i500_b20_0 - INFO - finish step #5 for 13.760426044464111 sec
2020-02-12 15:09:17,077 - experiment_entropy_bs_i500_b20_0 - INFO - current val_accuracy: 0.9426
2020-02-12 15:09:17,077 - experiment_entropy_bs_i500_b20_0 - INFO - start step #6
2020-02-12 15:09:32,829 - experiment_entropy_bs_i500_b20_0 - INFO - finish step #6 for 15.751916885375977 sec
2020-02-12 15:09:32,830 - experiment_entropy_bs_i500_b20_0 - INFO - current val_accuracy: 0.9417
2020-02-12 15:09:32,830 - experiment_entropy_bs_i500_b20_0 - INFO - start step #7
2020-02-12 15:09:46,506 - experiment_entropy_bs_i500_b20_0 - INFO - finish step #7 for 13.675510883331299 sec
2020-02-12 15:09:46,506 - experiment_entropy_bs_i500_b20_0 - INFO - current val_accuracy: 0.948
2020-02-12 15:09:46,506 - experiment_entropy_bs_i500_b20_0 - INFO - start step #8
2020-02-12 15:09:59,342 - experiment_entropy_bs_i500_b20_0 - INFO - finish step #8 for 12.835912227630615 sec
2020-02-12 15:09:59,343 - experiment_entropy_bs_i500_b20_0 - INFO - current val_accuracy: 0.9541
2020-02-12 15:09:59,344 - experiment_entropy_bs_i500_b20_0 - INFO - start step #9
2020-02-12 15:10:13,114 - experiment_entropy_bs_i500_b20_0 - INFO - finish step #9 for 13.77011513710022 sec
2020-02-12 15:10:13,114 - experiment_entropy_bs_i500_b20_0 - INFO - current val_accuracy: 0.9594
2020-02-12 15:10:13,115 - experiment_entropy_bs_i500_b20_0 - INFO - start step #10
2020-02-12 15:10:25,096 - experiment_entropy_bs_i500_b20_0 - INFO - finish step #10 for 11.981164932250977 sec
2020-02-12 15:10:25,096 - experiment_entropy_bs_i500_b20_0 - INFO - current val_accuracy: 0.9598
2020-02-12 15:10:25,096 - experiment_entropy_bs_i500_b20_0 - INFO - start step #11
2020-02-12 15:10:37,061 - experiment_entropy_bs_i500_b20_0 - INFO - finish step #11 for 11.964667797088623 sec
2020-02-12 15:10:37,061 - experiment_entropy_bs_i500_b20_0 - INFO - current val_accuracy: 0.9623
2020-02-12 15:10:37,062 - experiment_entropy_bs_i500_b20_0 - INFO - start step #12
2020-02-12 15:10:50,922 - experiment_entropy_bs_i500_b20_0 - INFO - finish step #12 for 13.859786033630371 sec
2020-02-12 15:10:50,922 - experiment_entropy_bs_i500_b20_0 - INFO - current val_accuracy: 0.9615
2020-02-12 15:10:50,922 - experiment_entropy_bs_i500_b20_0 - INFO - start step #13
2020-02-12 15:11:03,448 - experiment_entropy_bs_i500_b20_0 - INFO - finish step #13 for 12.52591586112976 sec
2020-02-12 15:11:03,449 - experiment_entropy_bs_i500_b20_0 - INFO - current val_accuracy: 0.9625
2020-02-12 15:11:03,449 - experiment_entropy_bs_i500_b20_0 - INFO - start step #14
2020-02-12 15:11:15,336 - experiment_entropy_bs_i500_b20_0 - INFO - finish step #14 for 11.88683295249939 sec
2020-02-12 15:11:15,336 - experiment_entropy_bs_i500_b20_0 - INFO - current val_accuracy: 0.9662
2020-02-12 15:11:15,337 - experiment_entropy_bs_i500_b20_0 - INFO - start step #15
2020-02-12 15:11:26,683 - experiment_entropy_bs_i500_b20_0 - INFO - finish step #15 for 11.346010208129883 sec
2020-02-12 15:11:26,683 - experiment_entropy_bs_i500_b20_0 - INFO - current val_accuracy: 0.9666
2020-02-12 15:11:26,683 - experiment_entropy_bs_i500_b20_0 - INFO - start step #16
2020-02-12 15:11:37,740 - experiment_entropy_bs_i500_b20_0 - INFO - finish step #16 for 11.056394100189209 sec
2020-02-12 15:11:37,740 - experiment_entropy_bs_i500_b20_0 - INFO - current val_accuracy: 0.9662
2020-02-12 15:11:37,740 - experiment_entropy_bs_i500_b20_0 - INFO - start step #17
2020-02-12 15:11:48,890 - experiment_entropy_bs_i500_b20_0 - INFO - finish step #17 for 11.149520874023438 sec
2020-02-12 15:11:48,890 - experiment_entropy_bs_i500_b20_0 - INFO - current val_accuracy: 0.968
2020-02-12 15:11:48,890 - experiment_entropy_bs_i500_b20_0 - INFO - start step #18
2020-02-12 15:12:00,240 - experiment_entropy_bs_i500_b20_0 - INFO - finish step #18 for 11.349173069000244 sec
2020-02-12 15:12:00,240 - experiment_entropy_bs_i500_b20_0 - INFO - current val_accuracy: 0.9678
2020-02-12 15:12:00,240 - experiment_entropy_bs_i500_b20_0 - INFO - start step #19
2020-02-12 15:12:11,648 - experiment_entropy_bs_i500_b20_0 - INFO - finish step #19 for 11.407764911651611 sec
2020-02-12 15:12:11,648 - experiment_entropy_bs_i500_b20_0 - INFO - current val_accuracy: 0.9708
2020-02-12 15:12:11,649 - experiment_entropy_bs_i500_b20_0 - INFO - start step #20
2020-02-12 15:12:22,916 - experiment_entropy_bs_i500_b20_0 - INFO - finish step #20 for 11.26773715019226 sec
2020-02-12 15:12:22,917 - experiment_entropy_bs_i500_b20_0 - INFO - current val_accuracy: 0.9693
2020-02-12 15:12:22,917 - experiment_entropy_bs_i500_b20_0 - INFO - start step #21
2020-02-12 15:12:34,068 - experiment_entropy_bs_i500_b20_0 - INFO - finish step #21 for 11.151066064834595 sec
2020-02-12 15:12:34,068 - experiment_entropy_bs_i500_b20_0 - INFO - current val_accuracy: 0.9711
2020-02-12 15:12:34,069 - experiment_entropy_bs_i500_b20_0 - INFO - start step #22
2020-02-12 15:12:45,439 - experiment_entropy_bs_i500_b20_0 - INFO - finish step #22 for 11.370522737503052 sec
2020-02-12 15:12:45,439 - experiment_entropy_bs_i500_b20_0 - INFO - current val_accuracy: 0.9691
2020-02-12 15:12:45,440 - experiment_entropy_bs_i500_b20_0 - INFO - start step #23
2020-02-12 15:12:56,726 - experiment_entropy_bs_i500_b20_0 - INFO - finish step #23 for 11.286532878875732 sec
2020-02-12 15:12:56,727 - experiment_entropy_bs_i500_b20_0 - INFO - current val_accuracy: 0.9739
2020-02-12 15:12:56,727 - experiment_entropy_bs_i500_b20_0 - INFO - start step #24
2020-02-12 15:13:07,814 - experiment_entropy_bs_i500_b20_0 - INFO - finish step #24 for 11.087110996246338 sec
2020-02-12 15:13:07,814 - experiment_entropy_bs_i500_b20_0 - INFO - current val_accuracy: 0.9735
2020-02-12 15:13:07,815 - experiment_entropy_bs_i500_b20_0 - INFO - start step #25
2020-02-12 15:13:19,185 - experiment_entropy_bs_i500_b20_0 - INFO - finish step #25 for 11.370115995407104 sec
2020-02-12 15:13:19,185 - experiment_entropy_bs_i500_b20_0 - INFO - current val_accuracy: 0.9741
2020-02-12 15:13:19,186 - experiment_entropy_bs_i500_b20_0 - INFO - start step #26
2020-02-12 15:13:30,850 - experiment_entropy_bs_i500_b20_0 - INFO - finish step #26 for 11.664650917053223 sec
2020-02-12 15:13:30,851 - experiment_entropy_bs_i500_b20_0 - INFO - current val_accuracy: 0.9754
2020-02-12 15:13:30,851 - experiment_entropy_bs_i500_b20_0 - INFO - start step #27
2020-02-12 15:13:42,091 - experiment_entropy_bs_i500_b20_0 - INFO - finish step #27 for 11.240014791488647 sec
2020-02-12 15:13:42,091 - experiment_entropy_bs_i500_b20_0 - INFO - current val_accuracy: 0.9767
2020-02-12 15:13:42,092 - experiment_entropy_bs_i500_b20_0 - INFO - start step #28
2020-02-12 15:13:53,427 - experiment_entropy_bs_i500_b20_0 - INFO - finish step #28 for 11.335246086120605 sec
2020-02-12 15:13:53,427 - experiment_entropy_bs_i500_b20_0 - INFO - current val_accuracy: 0.9753
2020-02-12 15:13:53,428 - experiment_entropy_bs_i500_b20_0 - INFO - start step #29
2020-02-12 15:14:04,729 - experiment_entropy_bs_i500_b20_0 - INFO - finish step #29 for 11.30167007446289 sec
2020-02-12 15:14:04,730 - experiment_entropy_bs_i500_b20_0 - INFO - current val_accuracy: 0.9765
2020-02-12 15:14:04,730 - experiment_entropy_bs_i500_b20_0 - INFO - finish experiment process for 372.48795914649963 sec
