2020-01-25 12:23:39,423 - experiment_cluster_i500_b30_5 - INFO - start experiment process
2020-01-25 12:23:45,609 - experiment_cluster_i500_b30_5 - INFO - initial val_accuracy: 0.9149
2020-01-25 12:23:45,610 - experiment_cluster_i500_b30_5 - INFO - start step #0
2020-01-25 12:24:01,041 - experiment_cluster_i500_b30_5 - INFO - finish step #0 for 15.430891036987305 sec
2020-01-25 12:24:01,041 - experiment_cluster_i500_b30_5 - INFO - current val_accuracy: 0.9158
2020-01-25 12:24:01,041 - experiment_cluster_i500_b30_5 - INFO - start step #1
2020-01-25 12:24:18,954 - experiment_cluster_i500_b30_5 - INFO - finish step #1 for 17.91273283958435 sec
2020-01-25 12:24:18,955 - experiment_cluster_i500_b30_5 - INFO - current val_accuracy: 0.9322
2020-01-25 12:24:18,956 - experiment_cluster_i500_b30_5 - INFO - start step #2
2020-01-25 12:24:34,148 - experiment_cluster_i500_b30_5 - INFO - finish step #2 for 15.19150686264038 sec
2020-01-25 12:24:34,148 - experiment_cluster_i500_b30_5 - INFO - current val_accuracy: 0.936
2020-01-25 12:24:34,149 - experiment_cluster_i500_b30_5 - INFO - start step #3
2020-01-25 12:24:53,453 - experiment_cluster_i500_b30_5 - INFO - finish step #3 for 19.303860902786255 sec
2020-01-25 12:24:53,454 - experiment_cluster_i500_b30_5 - INFO - current val_accuracy: 0.9379
2020-01-25 12:24:53,454 - experiment_cluster_i500_b30_5 - INFO - start step #4
2020-01-25 12:25:16,171 - experiment_cluster_i500_b30_5 - INFO - finish step #4 for 22.716557025909424 sec
2020-01-25 12:25:16,171 - experiment_cluster_i500_b30_5 - INFO - current val_accuracy: 0.9453
2020-01-25 12:25:16,172 - experiment_cluster_i500_b30_5 - INFO - start step #5
2020-01-25 12:25:36,281 - experiment_cluster_i500_b30_5 - INFO - finish step #5 for 20.108723163604736 sec
2020-01-25 12:25:36,281 - experiment_cluster_i500_b30_5 - INFO - current val_accuracy: 0.9413
2020-01-25 12:25:36,281 - experiment_cluster_i500_b30_5 - INFO - start step #6
2020-01-25 12:25:59,672 - experiment_cluster_i500_b30_5 - INFO - finish step #6 for 23.39084219932556 sec
2020-01-25 12:25:59,672 - experiment_cluster_i500_b30_5 - INFO - current val_accuracy: 0.9539
2020-01-25 12:25:59,673 - experiment_cluster_i500_b30_5 - INFO - start step #7
2020-01-25 12:26:19,268 - experiment_cluster_i500_b30_5 - INFO - finish step #7 for 19.595543146133423 sec
2020-01-25 12:26:19,268 - experiment_cluster_i500_b30_5 - INFO - current val_accuracy: 0.951
2020-01-25 12:26:19,269 - experiment_cluster_i500_b30_5 - INFO - start step #8
2020-01-25 12:26:39,890 - experiment_cluster_i500_b30_5 - INFO - finish step #8 for 20.621330976486206 sec
2020-01-25 12:26:39,891 - experiment_cluster_i500_b30_5 - INFO - current val_accuracy: 0.9588
2020-01-25 12:26:39,892 - experiment_cluster_i500_b30_5 - INFO - start step #9
2020-01-25 12:27:01,330 - experiment_cluster_i500_b30_5 - INFO - finish step #9 for 21.43759822845459 sec
2020-01-25 12:27:01,330 - experiment_cluster_i500_b30_5 - INFO - current val_accuracy: 0.9603
2020-01-25 12:27:01,331 - experiment_cluster_i500_b30_5 - INFO - start step #10
2020-01-25 12:27:20,825 - experiment_cluster_i500_b30_5 - INFO - finish step #10 for 19.494062185287476 sec
2020-01-25 12:27:20,825 - experiment_cluster_i500_b30_5 - INFO - current val_accuracy: 0.963
2020-01-25 12:27:20,825 - experiment_cluster_i500_b30_5 - INFO - start step #11
2020-01-25 12:27:34,276 - experiment_cluster_i500_b30_5 - INFO - finish step #11 for 13.450551986694336 sec
2020-01-25 12:27:34,276 - experiment_cluster_i500_b30_5 - INFO - current val_accuracy: 0.9619
2020-01-25 12:27:34,276 - experiment_cluster_i500_b30_5 - INFO - start step #12
2020-01-25 12:27:47,968 - experiment_cluster_i500_b30_5 - INFO - finish step #12 for 13.691209077835083 sec
2020-01-25 12:27:47,968 - experiment_cluster_i500_b30_5 - INFO - current val_accuracy: 0.9664
2020-01-25 12:27:47,968 - experiment_cluster_i500_b30_5 - INFO - start step #13
2020-01-25 12:28:02,683 - experiment_cluster_i500_b30_5 - INFO - finish step #13 for 14.715285062789917 sec
2020-01-25 12:28:02,684 - experiment_cluster_i500_b30_5 - INFO - current val_accuracy: 0.97
2020-01-25 12:28:02,684 - experiment_cluster_i500_b30_5 - INFO - start step #14
2020-01-25 12:28:16,407 - experiment_cluster_i500_b30_5 - INFO - finish step #14 for 13.722472906112671 sec
2020-01-25 12:28:16,407 - experiment_cluster_i500_b30_5 - INFO - current val_accuracy: 0.9698
2020-01-25 12:28:16,407 - experiment_cluster_i500_b30_5 - INFO - start step #15
2020-01-25 12:28:29,713 - experiment_cluster_i500_b30_5 - INFO - finish step #15 for 13.305505990982056 sec
2020-01-25 12:28:29,713 - experiment_cluster_i500_b30_5 - INFO - current val_accuracy: 0.9704
2020-01-25 12:28:29,713 - experiment_cluster_i500_b30_5 - INFO - start step #16
2020-01-25 12:28:43,265 - experiment_cluster_i500_b30_5 - INFO - finish step #16 for 13.55161714553833 sec
2020-01-25 12:28:43,265 - experiment_cluster_i500_b30_5 - INFO - current val_accuracy: 0.9719
2020-01-25 12:28:43,266 - experiment_cluster_i500_b30_5 - INFO - start step #17
2020-01-25 12:28:57,298 - experiment_cluster_i500_b30_5 - INFO - finish step #17 for 14.031996965408325 sec
2020-01-25 12:28:57,298 - experiment_cluster_i500_b30_5 - INFO - current val_accuracy: 0.9728
2020-01-25 12:28:57,298 - experiment_cluster_i500_b30_5 - INFO - start step #18
2020-01-25 12:29:11,197 - experiment_cluster_i500_b30_5 - INFO - finish step #18 for 13.898648023605347 sec
2020-01-25 12:29:11,197 - experiment_cluster_i500_b30_5 - INFO - current val_accuracy: 0.9728
2020-01-25 12:29:11,198 - experiment_cluster_i500_b30_5 - INFO - start step #19
2020-01-25 12:29:25,028 - experiment_cluster_i500_b30_5 - INFO - finish step #19 for 13.830781936645508 sec
2020-01-25 12:29:25,029 - experiment_cluster_i500_b30_5 - INFO - current val_accuracy: 0.9749
2020-01-25 12:29:25,029 - experiment_cluster_i500_b30_5 - INFO - start step #20
2020-01-25 12:29:38,727 - experiment_cluster_i500_b30_5 - INFO - finish step #20 for 13.697537183761597 sec
2020-01-25 12:29:38,727 - experiment_cluster_i500_b30_5 - INFO - current val_accuracy: 0.977
2020-01-25 12:29:38,727 - experiment_cluster_i500_b30_5 - INFO - start step #21
2020-01-25 12:29:52,868 - experiment_cluster_i500_b30_5 - INFO - finish step #21 for 14.140650033950806 sec
2020-01-25 12:29:52,868 - experiment_cluster_i500_b30_5 - INFO - current val_accuracy: 0.9726
2020-01-25 12:29:52,869 - experiment_cluster_i500_b30_5 - INFO - start step #22
2020-01-25 12:30:06,673 - experiment_cluster_i500_b30_5 - INFO - finish step #22 for 13.804695129394531 sec
2020-01-25 12:30:06,673 - experiment_cluster_i500_b30_5 - INFO - current val_accuracy: 0.978
2020-01-25 12:30:06,674 - experiment_cluster_i500_b30_5 - INFO - start step #23
2020-01-25 12:30:20,540 - experiment_cluster_i500_b30_5 - INFO - finish step #23 for 13.865746021270752 sec
2020-01-25 12:30:20,540 - experiment_cluster_i500_b30_5 - INFO - current val_accuracy: 0.9774
2020-01-25 12:30:20,540 - experiment_cluster_i500_b30_5 - INFO - start step #24
2020-01-25 12:30:34,637 - experiment_cluster_i500_b30_5 - INFO - finish step #24 for 14.096683979034424 sec
2020-01-25 12:30:34,637 - experiment_cluster_i500_b30_5 - INFO - current val_accuracy: 0.9783
2020-01-25 12:30:34,638 - experiment_cluster_i500_b30_5 - INFO - start step #25
2020-01-25 12:30:49,134 - experiment_cluster_i500_b30_5 - INFO - finish step #25 for 14.495960235595703 sec
2020-01-25 12:30:49,134 - experiment_cluster_i500_b30_5 - INFO - current val_accuracy: 0.9775
2020-01-25 12:30:49,134 - experiment_cluster_i500_b30_5 - INFO - start step #26
2020-01-25 12:31:03,585 - experiment_cluster_i500_b30_5 - INFO - finish step #26 for 14.45036792755127 sec
2020-01-25 12:31:03,585 - experiment_cluster_i500_b30_5 - INFO - current val_accuracy: 0.9782
2020-01-25 12:31:03,585 - experiment_cluster_i500_b30_5 - INFO - start step #27
2020-01-25 12:31:17,857 - experiment_cluster_i500_b30_5 - INFO - finish step #27 for 14.271653175354004 sec
2020-01-25 12:31:17,857 - experiment_cluster_i500_b30_5 - INFO - current val_accuracy: 0.9791
2020-01-25 12:31:17,858 - experiment_cluster_i500_b30_5 - INFO - start step #28
2020-01-25 12:31:32,587 - experiment_cluster_i500_b30_5 - INFO - finish step #28 for 14.729063987731934 sec
2020-01-25 12:31:32,587 - experiment_cluster_i500_b30_5 - INFO - current val_accuracy: 0.9817
2020-01-25 12:31:32,588 - experiment_cluster_i500_b30_5 - INFO - start step #29
2020-01-25 12:31:46,956 - experiment_cluster_i500_b30_5 - INFO - finish step #29 for 14.368263721466064 sec
2020-01-25 12:31:46,956 - experiment_cluster_i500_b30_5 - INFO - current val_accuracy: 0.9806
2020-01-25 12:31:46,957 - experiment_cluster_i500_b30_5 - INFO - finish experiment process for 487.5330102443695 sec
