2020-02-12 14:56:53,215 - experiment_entropy_bs_i500_b20_10 - INFO - start experiment process
2020-02-12 14:56:57,627 - experiment_entropy_bs_i500_b20_10 - INFO - initial val_accuracy: 0.9246
2020-02-12 14:56:57,627 - experiment_entropy_bs_i500_b20_10 - INFO - start step #0
2020-02-12 14:57:07,486 - experiment_entropy_bs_i500_b20_10 - INFO - finish step #0 for 9.858181238174438 sec
2020-02-12 14:57:07,486 - experiment_entropy_bs_i500_b20_10 - INFO - current val_accuracy: 0.9357
2020-02-12 14:57:07,486 - experiment_entropy_bs_i500_b20_10 - INFO - start step #1
2020-02-12 14:57:17,008 - experiment_entropy_bs_i500_b20_10 - INFO - finish step #1 for 9.522114038467407 sec
2020-02-12 14:57:17,008 - experiment_entropy_bs_i500_b20_10 - INFO - current val_accuracy: 0.9348
2020-02-12 14:57:17,009 - experiment_entropy_bs_i500_b20_10 - INFO - start step #2
2020-02-12 14:57:27,151 - experiment_entropy_bs_i500_b20_10 - INFO - finish step #2 for 10.141521215438843 sec
2020-02-12 14:57:27,151 - experiment_entropy_bs_i500_b20_10 - INFO - current val_accuracy: 0.9375
2020-02-12 14:57:27,151 - experiment_entropy_bs_i500_b20_10 - INFO - start step #3
2020-02-12 14:57:37,178 - experiment_entropy_bs_i500_b20_10 - INFO - finish step #3 for 10.026719808578491 sec
2020-02-12 14:57:37,178 - experiment_entropy_bs_i500_b20_10 - INFO - current val_accuracy: 0.9494
2020-02-12 14:57:37,178 - experiment_entropy_bs_i500_b20_10 - INFO - start step #4
2020-02-12 14:57:47,375 - experiment_entropy_bs_i500_b20_10 - INFO - finish step #4 for 10.196532011032104 sec
2020-02-12 14:57:47,375 - experiment_entropy_bs_i500_b20_10 - INFO - current val_accuracy: 0.9426
2020-02-12 14:57:47,375 - experiment_entropy_bs_i500_b20_10 - INFO - start step #5
2020-02-12 14:57:57,336 - experiment_entropy_bs_i500_b20_10 - INFO - finish step #5 for 9.960405111312866 sec
2020-02-12 14:57:57,336 - experiment_entropy_bs_i500_b20_10 - INFO - current val_accuracy: 0.9527
2020-02-12 14:57:57,336 - experiment_entropy_bs_i500_b20_10 - INFO - start step #6
2020-02-12 14:58:11,924 - experiment_entropy_bs_i500_b20_10 - INFO - finish step #6 for 14.587443828582764 sec
2020-02-12 14:58:11,924 - experiment_entropy_bs_i500_b20_10 - INFO - current val_accuracy: 0.951
2020-02-12 14:58:11,924 - experiment_entropy_bs_i500_b20_10 - INFO - start step #7
2020-02-12 14:58:23,948 - experiment_entropy_bs_i500_b20_10 - INFO - finish step #7 for 12.023419857025146 sec
2020-02-12 14:58:23,948 - experiment_entropy_bs_i500_b20_10 - INFO - current val_accuracy: 0.9528
2020-02-12 14:58:23,948 - experiment_entropy_bs_i500_b20_10 - INFO - start step #8
2020-02-12 14:58:38,604 - experiment_entropy_bs_i500_b20_10 - INFO - finish step #8 for 14.65579891204834 sec
2020-02-12 14:58:38,606 - experiment_entropy_bs_i500_b20_10 - INFO - current val_accuracy: 0.9622
2020-02-12 14:58:38,606 - experiment_entropy_bs_i500_b20_10 - INFO - start step #9
2020-02-12 14:58:50,792 - experiment_entropy_bs_i500_b20_10 - INFO - finish step #9 for 12.185807943344116 sec
2020-02-12 14:58:50,793 - experiment_entropy_bs_i500_b20_10 - INFO - current val_accuracy: 0.9646
2020-02-12 14:58:50,794 - experiment_entropy_bs_i500_b20_10 - INFO - start step #10
2020-02-12 14:59:01,599 - experiment_entropy_bs_i500_b20_10 - INFO - finish step #10 for 10.804911851882935 sec
2020-02-12 14:59:01,599 - experiment_entropy_bs_i500_b20_10 - INFO - current val_accuracy: 0.9624
2020-02-12 14:59:01,599 - experiment_entropy_bs_i500_b20_10 - INFO - start step #11
2020-02-12 14:59:12,475 - experiment_entropy_bs_i500_b20_10 - INFO - finish step #11 for 10.875014066696167 sec
2020-02-12 14:59:12,475 - experiment_entropy_bs_i500_b20_10 - INFO - current val_accuracy: 0.9678
2020-02-12 14:59:12,475 - experiment_entropy_bs_i500_b20_10 - INFO - start step #12
2020-02-12 14:59:23,539 - experiment_entropy_bs_i500_b20_10 - INFO - finish step #12 for 11.064129114151001 sec
2020-02-12 14:59:23,539 - experiment_entropy_bs_i500_b20_10 - INFO - current val_accuracy: 0.9683
2020-02-12 14:59:23,540 - experiment_entropy_bs_i500_b20_10 - INFO - start step #13
2020-02-12 14:59:34,690 - experiment_entropy_bs_i500_b20_10 - INFO - finish step #13 for 11.150058031082153 sec
2020-02-12 14:59:34,690 - experiment_entropy_bs_i500_b20_10 - INFO - current val_accuracy: 0.9697
2020-02-12 14:59:34,690 - experiment_entropy_bs_i500_b20_10 - INFO - start step #14
2020-02-12 14:59:45,561 - experiment_entropy_bs_i500_b20_10 - INFO - finish step #14 for 10.870683193206787 sec
2020-02-12 14:59:45,563 - experiment_entropy_bs_i500_b20_10 - INFO - current val_accuracy: 0.9721
2020-02-12 14:59:45,563 - experiment_entropy_bs_i500_b20_10 - INFO - start step #15
2020-02-12 15:00:02,549 - experiment_entropy_bs_i500_b20_10 - INFO - finish step #15 for 16.9860098361969 sec
2020-02-12 15:00:02,550 - experiment_entropy_bs_i500_b20_10 - INFO - current val_accuracy: 0.9725
2020-02-12 15:00:02,550 - experiment_entropy_bs_i500_b20_10 - INFO - start step #16
2020-02-12 15:00:14,117 - experiment_entropy_bs_i500_b20_10 - INFO - finish step #16 for 11.566886901855469 sec
2020-02-12 15:00:14,117 - experiment_entropy_bs_i500_b20_10 - INFO - current val_accuracy: 0.9753
2020-02-12 15:00:14,118 - experiment_entropy_bs_i500_b20_10 - INFO - start step #17
2020-02-12 15:00:25,806 - experiment_entropy_bs_i500_b20_10 - INFO - finish step #17 for 11.687721014022827 sec
2020-02-12 15:00:25,806 - experiment_entropy_bs_i500_b20_10 - INFO - current val_accuracy: 0.976
2020-02-12 15:00:25,806 - experiment_entropy_bs_i500_b20_10 - INFO - start step #18
2020-02-12 15:00:38,078 - experiment_entropy_bs_i500_b20_10 - INFO - finish step #18 for 12.271929740905762 sec
2020-02-12 15:00:38,078 - experiment_entropy_bs_i500_b20_10 - INFO - current val_accuracy: 0.9761
2020-02-12 15:00:38,079 - experiment_entropy_bs_i500_b20_10 - INFO - start step #19
2020-02-12 15:00:50,821 - experiment_entropy_bs_i500_b20_10 - INFO - finish step #19 for 12.742108821868896 sec
2020-02-12 15:00:50,821 - experiment_entropy_bs_i500_b20_10 - INFO - current val_accuracy: 0.9773
2020-02-12 15:00:50,821 - experiment_entropy_bs_i500_b20_10 - INFO - start step #20
2020-02-12 15:01:05,084 - experiment_entropy_bs_i500_b20_10 - INFO - finish step #20 for 14.262572050094604 sec
2020-02-12 15:01:05,084 - experiment_entropy_bs_i500_b20_10 - INFO - current val_accuracy: 0.9779
2020-02-12 15:01:05,085 - experiment_entropy_bs_i500_b20_10 - INFO - start step #21
2020-02-12 15:01:17,903 - experiment_entropy_bs_i500_b20_10 - INFO - finish step #21 for 12.818142890930176 sec
2020-02-12 15:01:17,903 - experiment_entropy_bs_i500_b20_10 - INFO - current val_accuracy: 0.9827
2020-02-12 15:01:17,904 - experiment_entropy_bs_i500_b20_10 - INFO - start step #22
2020-02-12 15:01:29,613 - experiment_entropy_bs_i500_b20_10 - INFO - finish step #22 for 11.709558963775635 sec
2020-02-12 15:01:29,614 - experiment_entropy_bs_i500_b20_10 - INFO - current val_accuracy: 0.9795
2020-02-12 15:01:29,614 - experiment_entropy_bs_i500_b20_10 - INFO - start step #23
2020-02-12 15:01:41,456 - experiment_entropy_bs_i500_b20_10 - INFO - finish step #23 for 11.841846227645874 sec
2020-02-12 15:01:41,456 - experiment_entropy_bs_i500_b20_10 - INFO - current val_accuracy: 0.9822
2020-02-12 15:01:41,457 - experiment_entropy_bs_i500_b20_10 - INFO - start step #24
2020-02-12 15:01:55,287 - experiment_entropy_bs_i500_b20_10 - INFO - finish step #24 for 13.830762147903442 sec
2020-02-12 15:01:55,288 - experiment_entropy_bs_i500_b20_10 - INFO - current val_accuracy: 0.9809
2020-02-12 15:01:55,288 - experiment_entropy_bs_i500_b20_10 - INFO - start step #25
2020-02-12 15:02:08,045 - experiment_entropy_bs_i500_b20_10 - INFO - finish step #25 for 12.756234169006348 sec
2020-02-12 15:02:08,045 - experiment_entropy_bs_i500_b20_10 - INFO - current val_accuracy: 0.9816
2020-02-12 15:02:08,045 - experiment_entropy_bs_i500_b20_10 - INFO - start step #26
2020-02-12 15:02:19,940 - experiment_entropy_bs_i500_b20_10 - INFO - finish step #26 for 11.894775867462158 sec
2020-02-12 15:02:19,940 - experiment_entropy_bs_i500_b20_10 - INFO - current val_accuracy: 0.9826
2020-02-12 15:02:19,940 - experiment_entropy_bs_i500_b20_10 - INFO - start step #27
2020-02-12 15:02:31,987 - experiment_entropy_bs_i500_b20_10 - INFO - finish step #27 for 12.046319007873535 sec
2020-02-12 15:02:31,987 - experiment_entropy_bs_i500_b20_10 - INFO - current val_accuracy: 0.9797
2020-02-12 15:02:31,987 - experiment_entropy_bs_i500_b20_10 - INFO - start step #28
2020-02-12 15:02:45,933 - experiment_entropy_bs_i500_b20_10 - INFO - finish step #28 for 13.945844173431396 sec
2020-02-12 15:02:45,934 - experiment_entropy_bs_i500_b20_10 - INFO - current val_accuracy: 0.9811
2020-02-12 15:02:45,934 - experiment_entropy_bs_i500_b20_10 - INFO - start step #29
2020-02-12 15:02:59,155 - experiment_entropy_bs_i500_b20_10 - INFO - finish step #29 for 13.221174001693726 sec
2020-02-12 15:02:59,155 - experiment_entropy_bs_i500_b20_10 - INFO - current val_accuracy: 0.9805
2020-02-12 15:02:59,156 - experiment_entropy_bs_i500_b20_10 - INFO - finish experiment process for 365.9409432411194 sec
