2020-01-25 13:15:28,478 - experiment_cluster_i500_b40_2 - INFO - start experiment process
2020-01-25 13:15:37,622 - experiment_cluster_i500_b40_2 - INFO - initial val_accuracy: 0.9268
2020-01-25 13:15:37,622 - experiment_cluster_i500_b40_2 - INFO - start step #0
2020-01-25 13:16:08,482 - experiment_cluster_i500_b40_2 - INFO - finish step #0 for 30.85985779762268 sec
2020-01-25 13:16:08,483 - experiment_cluster_i500_b40_2 - INFO - current val_accuracy: 0.9309
2020-01-25 13:16:08,483 - experiment_cluster_i500_b40_2 - INFO - start step #1
2020-01-25 13:16:37,575 - experiment_cluster_i500_b40_2 - INFO - finish step #1 for 29.092200994491577 sec
2020-01-25 13:16:37,576 - experiment_cluster_i500_b40_2 - INFO - current val_accuracy: 0.9336
2020-01-25 13:16:37,576 - experiment_cluster_i500_b40_2 - INFO - start step #2
2020-01-25 13:17:07,029 - experiment_cluster_i500_b40_2 - INFO - finish step #2 for 29.452679872512817 sec
2020-01-25 13:17:07,029 - experiment_cluster_i500_b40_2 - INFO - current val_accuracy: 0.9411
2020-01-25 13:17:07,030 - experiment_cluster_i500_b40_2 - INFO - start step #3
2020-01-25 13:17:40,706 - experiment_cluster_i500_b40_2 - INFO - finish step #3 for 33.67674398422241 sec
2020-01-25 13:17:40,708 - experiment_cluster_i500_b40_2 - INFO - current val_accuracy: 0.9453
2020-01-25 13:17:40,709 - experiment_cluster_i500_b40_2 - INFO - start step #4
2020-01-25 13:18:10,090 - experiment_cluster_i500_b40_2 - INFO - finish step #4 for 29.381727933883667 sec
2020-01-25 13:18:10,091 - experiment_cluster_i500_b40_2 - INFO - current val_accuracy: 0.9452
2020-01-25 13:18:10,092 - experiment_cluster_i500_b40_2 - INFO - start step #5
2020-01-25 13:18:39,271 - experiment_cluster_i500_b40_2 - INFO - finish step #5 for 29.178230047225952 sec
2020-01-25 13:18:39,271 - experiment_cluster_i500_b40_2 - INFO - current val_accuracy: 0.9497
2020-01-25 13:18:39,271 - experiment_cluster_i500_b40_2 - INFO - start step #6
2020-01-25 13:19:08,211 - experiment_cluster_i500_b40_2 - INFO - finish step #6 for 28.939565181732178 sec
2020-01-25 13:19:08,211 - experiment_cluster_i500_b40_2 - INFO - current val_accuracy: 0.9615
2020-01-25 13:19:08,211 - experiment_cluster_i500_b40_2 - INFO - start step #7
2020-01-25 13:19:37,384 - experiment_cluster_i500_b40_2 - INFO - finish step #7 for 29.172541856765747 sec
2020-01-25 13:19:37,384 - experiment_cluster_i500_b40_2 - INFO - current val_accuracy: 0.9617
2020-01-25 13:19:37,385 - experiment_cluster_i500_b40_2 - INFO - start step #8
2020-01-25 13:20:09,548 - experiment_cluster_i500_b40_2 - INFO - finish step #8 for 32.16321897506714 sec
2020-01-25 13:20:09,550 - experiment_cluster_i500_b40_2 - INFO - current val_accuracy: 0.9607
2020-01-25 13:20:09,550 - experiment_cluster_i500_b40_2 - INFO - start step #9
2020-01-25 13:20:40,220 - experiment_cluster_i500_b40_2 - INFO - finish step #9 for 30.66983699798584 sec
2020-01-25 13:20:40,222 - experiment_cluster_i500_b40_2 - INFO - current val_accuracy: 0.9658
2020-01-25 13:20:40,223 - experiment_cluster_i500_b40_2 - INFO - start step #10
2020-01-25 13:21:15,177 - experiment_cluster_i500_b40_2 - INFO - finish step #10 for 34.95331621170044 sec
2020-01-25 13:21:15,178 - experiment_cluster_i500_b40_2 - INFO - current val_accuracy: 0.9698
2020-01-25 13:21:15,179 - experiment_cluster_i500_b40_2 - INFO - start step #11
2020-01-25 13:21:46,075 - experiment_cluster_i500_b40_2 - INFO - finish step #11 for 30.89593195915222 sec
2020-01-25 13:21:46,075 - experiment_cluster_i500_b40_2 - INFO - current val_accuracy: 0.9665
2020-01-25 13:21:46,075 - experiment_cluster_i500_b40_2 - INFO - start step #12
2020-01-25 13:22:19,727 - experiment_cluster_i500_b40_2 - INFO - finish step #12 for 33.65119385719299 sec
2020-01-25 13:22:19,727 - experiment_cluster_i500_b40_2 - INFO - current val_accuracy: 0.967
2020-01-25 13:22:19,727 - experiment_cluster_i500_b40_2 - INFO - start step #13
2020-01-25 13:22:57,315 - experiment_cluster_i500_b40_2 - INFO - finish step #13 for 37.58735203742981 sec
2020-01-25 13:22:57,315 - experiment_cluster_i500_b40_2 - INFO - current val_accuracy: 0.9733
2020-01-25 13:22:57,315 - experiment_cluster_i500_b40_2 - INFO - start step #14
2020-01-25 13:23:33,558 - experiment_cluster_i500_b40_2 - INFO - finish step #14 for 36.24263095855713 sec
2020-01-25 13:23:33,559 - experiment_cluster_i500_b40_2 - INFO - current val_accuracy: 0.9716
2020-01-25 13:23:33,560 - experiment_cluster_i500_b40_2 - INFO - start step #15
2020-01-25 13:24:22,769 - experiment_cluster_i500_b40_2 - INFO - finish step #15 for 49.209553956985474 sec
2020-01-25 13:24:22,770 - experiment_cluster_i500_b40_2 - INFO - current val_accuracy: 0.9743
2020-01-25 13:24:22,771 - experiment_cluster_i500_b40_2 - INFO - start step #16
2020-01-25 13:25:12,359 - experiment_cluster_i500_b40_2 - INFO - finish step #16 for 49.58808708190918 sec
2020-01-25 13:25:12,360 - experiment_cluster_i500_b40_2 - INFO - current val_accuracy: 0.9762
2020-01-25 13:25:12,361 - experiment_cluster_i500_b40_2 - INFO - start step #17
2020-01-25 13:26:03,546 - experiment_cluster_i500_b40_2 - INFO - finish step #17 for 51.18487024307251 sec
2020-01-25 13:26:03,547 - experiment_cluster_i500_b40_2 - INFO - current val_accuracy: 0.9765
2020-01-25 13:26:03,547 - experiment_cluster_i500_b40_2 - INFO - start step #18
2020-01-25 13:26:55,515 - experiment_cluster_i500_b40_2 - INFO - finish step #18 for 51.96781015396118 sec
2020-01-25 13:26:55,517 - experiment_cluster_i500_b40_2 - INFO - current val_accuracy: 0.9778
2020-01-25 13:26:55,517 - experiment_cluster_i500_b40_2 - INFO - start step #19
2020-01-25 13:27:46,573 - experiment_cluster_i500_b40_2 - INFO - finish step #19 for 51.056147813797 sec
2020-01-25 13:27:46,573 - experiment_cluster_i500_b40_2 - INFO - current val_accuracy: 0.9781
2020-01-25 13:27:46,574 - experiment_cluster_i500_b40_2 - INFO - start step #20
2020-01-25 13:28:33,618 - experiment_cluster_i500_b40_2 - INFO - finish step #20 for 47.04399371147156 sec
2020-01-25 13:28:33,618 - experiment_cluster_i500_b40_2 - INFO - current val_accuracy: 0.979
2020-01-25 13:28:33,619 - experiment_cluster_i500_b40_2 - INFO - start step #21
2020-01-25 13:29:31,940 - experiment_cluster_i500_b40_2 - INFO - finish step #21 for 58.320558071136475 sec
2020-01-25 13:29:31,940 - experiment_cluster_i500_b40_2 - INFO - current val_accuracy: 0.9807
2020-01-25 13:29:31,941 - experiment_cluster_i500_b40_2 - INFO - start step #22
2020-01-25 13:30:22,299 - experiment_cluster_i500_b40_2 - INFO - finish step #22 for 50.358447790145874 sec
2020-01-25 13:30:22,300 - experiment_cluster_i500_b40_2 - INFO - current val_accuracy: 0.9788
2020-01-25 13:30:22,300 - experiment_cluster_i500_b40_2 - INFO - start step #23
2020-01-25 13:31:10,146 - experiment_cluster_i500_b40_2 - INFO - finish step #23 for 47.845314025878906 sec
2020-01-25 13:31:10,146 - experiment_cluster_i500_b40_2 - INFO - current val_accuracy: 0.9791
2020-01-25 13:31:10,147 - experiment_cluster_i500_b40_2 - INFO - start step #24
2020-01-25 13:32:07,219 - experiment_cluster_i500_b40_2 - INFO - finish step #24 for 57.07205605506897 sec
2020-01-25 13:32:07,219 - experiment_cluster_i500_b40_2 - INFO - current val_accuracy: 0.9803
2020-01-25 13:32:07,219 - experiment_cluster_i500_b40_2 - INFO - start step #25
2020-01-25 13:33:01,330 - experiment_cluster_i500_b40_2 - INFO - finish step #25 for 54.11080718040466 sec
2020-01-25 13:33:01,330 - experiment_cluster_i500_b40_2 - INFO - current val_accuracy: 0.9804
2020-01-25 13:33:01,331 - experiment_cluster_i500_b40_2 - INFO - start step #26
2020-01-25 13:33:51,074 - experiment_cluster_i500_b40_2 - INFO - finish step #26 for 49.74282693862915 sec
2020-01-25 13:33:51,074 - experiment_cluster_i500_b40_2 - INFO - current val_accuracy: 0.9806
2020-01-25 13:33:51,074 - experiment_cluster_i500_b40_2 - INFO - start step #27
2020-01-25 13:34:39,680 - experiment_cluster_i500_b40_2 - INFO - finish step #27 for 48.60577988624573 sec
2020-01-25 13:34:39,680 - experiment_cluster_i500_b40_2 - INFO - current val_accuracy: 0.9802
2020-01-25 13:34:39,681 - experiment_cluster_i500_b40_2 - INFO - start step #28
2020-01-25 13:35:30,611 - experiment_cluster_i500_b40_2 - INFO - finish step #28 for 50.93017387390137 sec
2020-01-25 13:35:30,612 - experiment_cluster_i500_b40_2 - INFO - current val_accuracy: 0.9814
2020-01-25 13:35:30,612 - experiment_cluster_i500_b40_2 - INFO - start step #29
2020-01-25 13:36:06,530 - experiment_cluster_i500_b40_2 - INFO - finish step #29 for 35.9175181388855 sec
2020-01-25 13:36:06,530 - experiment_cluster_i500_b40_2 - INFO - current val_accuracy: 0.9807
2020-01-25 13:36:06,530 - experiment_cluster_i500_b40_2 - INFO - finish experiment process for 1238.0512580871582 sec
