2020-03-06 19:42:45,979 - experiment_least_confident_i500_b20_2 - INFO - start experiment process
2020-03-06 19:42:53,897 - experiment_least_confident_i500_b20_2 - INFO - initial val_accuracy: 0.9269
2020-03-06 19:42:53,897 - experiment_least_confident_i500_b20_2 - INFO - start step #0
2020-03-06 19:43:12,173 - experiment_least_confident_i500_b20_2 - INFO - finish step #0 for 18.275843143463135 sec
2020-03-06 19:43:12,174 - experiment_least_confident_i500_b20_2 - INFO - current val_accuracy: 0.9312
2020-03-06 19:43:12,175 - experiment_least_confident_i500_b20_2 - INFO - start step #1
2020-03-06 19:43:26,156 - experiment_least_confident_i500_b20_2 - INFO - finish step #1 for 13.980973958969116 sec
2020-03-06 19:43:26,157 - experiment_least_confident_i500_b20_2 - INFO - current val_accuracy: 0.9288
2020-03-06 19:43:26,160 - experiment_least_confident_i500_b20_2 - INFO - start step #2
2020-03-06 19:43:40,729 - experiment_least_confident_i500_b20_2 - INFO - finish step #2 for 14.568994998931885 sec
2020-03-06 19:43:40,729 - experiment_least_confident_i500_b20_2 - INFO - current val_accuracy: 0.9372
2020-03-06 19:43:40,729 - experiment_least_confident_i500_b20_2 - INFO - start step #3
2020-03-06 19:43:54,676 - experiment_least_confident_i500_b20_2 - INFO - finish step #3 for 13.94620394706726 sec
2020-03-06 19:43:54,676 - experiment_least_confident_i500_b20_2 - INFO - current val_accuracy: 0.9309
2020-03-06 19:43:54,676 - experiment_least_confident_i500_b20_2 - INFO - start step #4
2020-03-06 19:44:08,875 - experiment_least_confident_i500_b20_2 - INFO - finish step #4 for 14.198516130447388 sec
2020-03-06 19:44:08,875 - experiment_least_confident_i500_b20_2 - INFO - current val_accuracy: 0.9439
2020-03-06 19:44:08,875 - experiment_least_confident_i500_b20_2 - INFO - start step #5
2020-03-06 19:44:23,008 - experiment_least_confident_i500_b20_2 - INFO - finish step #5 for 14.132684707641602 sec
2020-03-06 19:44:23,008 - experiment_least_confident_i500_b20_2 - INFO - current val_accuracy: 0.9511
2020-03-06 19:44:23,009 - experiment_least_confident_i500_b20_2 - INFO - start step #6
2020-03-06 19:44:40,095 - experiment_least_confident_i500_b20_2 - INFO - finish step #6 for 17.085782051086426 sec
2020-03-06 19:44:40,095 - experiment_least_confident_i500_b20_2 - INFO - current val_accuracy: 0.9457
2020-03-06 19:44:40,097 - experiment_least_confident_i500_b20_2 - INFO - start step #7
2020-03-06 19:45:02,375 - experiment_least_confident_i500_b20_2 - INFO - finish step #7 for 22.277999877929688 sec
2020-03-06 19:45:02,376 - experiment_least_confident_i500_b20_2 - INFO - current val_accuracy: 0.9517
2020-03-06 19:45:02,379 - experiment_least_confident_i500_b20_2 - INFO - start step #8
2020-03-06 19:45:27,025 - experiment_least_confident_i500_b20_2 - INFO - finish step #8 for 24.645901918411255 sec
2020-03-06 19:45:27,025 - experiment_least_confident_i500_b20_2 - INFO - current val_accuracy: 0.9592
2020-03-06 19:45:27,026 - experiment_least_confident_i500_b20_2 - INFO - start step #9
2020-03-06 19:45:48,202 - experiment_least_confident_i500_b20_2 - INFO - finish step #9 for 21.175867080688477 sec
2020-03-06 19:45:48,202 - experiment_least_confident_i500_b20_2 - INFO - current val_accuracy: 0.9546
2020-03-06 19:45:48,202 - experiment_least_confident_i500_b20_2 - INFO - start step #10
2020-03-06 19:46:08,825 - experiment_least_confident_i500_b20_2 - INFO - finish step #10 for 20.622681856155396 sec
2020-03-06 19:46:08,825 - experiment_least_confident_i500_b20_2 - INFO - current val_accuracy: 0.9549
2020-03-06 19:46:08,826 - experiment_least_confident_i500_b20_2 - INFO - start step #11
2020-03-06 19:46:27,814 - experiment_least_confident_i500_b20_2 - INFO - finish step #11 for 18.987935066223145 sec
2020-03-06 19:46:27,815 - experiment_least_confident_i500_b20_2 - INFO - current val_accuracy: 0.958
2020-03-06 19:46:27,815 - experiment_least_confident_i500_b20_2 - INFO - start step #12
2020-03-06 19:46:49,291 - experiment_least_confident_i500_b20_2 - INFO - finish step #12 for 21.476067066192627 sec
2020-03-06 19:46:49,291 - experiment_least_confident_i500_b20_2 - INFO - current val_accuracy: 0.9618
2020-03-06 19:46:49,292 - experiment_least_confident_i500_b20_2 - INFO - start step #13
2020-03-06 19:47:10,269 - experiment_least_confident_i500_b20_2 - INFO - finish step #13 for 20.97645401954651 sec
2020-03-06 19:47:10,269 - experiment_least_confident_i500_b20_2 - INFO - current val_accuracy: 0.9682
2020-03-06 19:47:10,269 - experiment_least_confident_i500_b20_2 - INFO - start step #14
2020-03-06 19:47:35,013 - experiment_least_confident_i500_b20_2 - INFO - finish step #14 for 24.743506908416748 sec
2020-03-06 19:47:35,014 - experiment_least_confident_i500_b20_2 - INFO - current val_accuracy: 0.9637
2020-03-06 19:47:35,014 - experiment_least_confident_i500_b20_2 - INFO - start step #15
2020-03-06 19:47:56,392 - experiment_least_confident_i500_b20_2 - INFO - finish step #15 for 21.377997875213623 sec
2020-03-06 19:47:56,393 - experiment_least_confident_i500_b20_2 - INFO - current val_accuracy: 0.9675
2020-03-06 19:47:56,394 - experiment_least_confident_i500_b20_2 - INFO - start step #16
2020-03-06 19:48:20,153 - experiment_least_confident_i500_b20_2 - INFO - finish step #16 for 23.758970022201538 sec
2020-03-06 19:48:20,153 - experiment_least_confident_i500_b20_2 - INFO - current val_accuracy: 0.97
2020-03-06 19:48:20,153 - experiment_least_confident_i500_b20_2 - INFO - start step #17
2020-03-06 19:48:42,402 - experiment_least_confident_i500_b20_2 - INFO - finish step #17 for 22.248250246047974 sec
2020-03-06 19:48:42,402 - experiment_least_confident_i500_b20_2 - INFO - current val_accuracy: 0.9671
2020-03-06 19:48:42,402 - experiment_least_confident_i500_b20_2 - INFO - start step #18
2020-03-06 19:49:04,298 - experiment_least_confident_i500_b20_2 - INFO - finish step #18 for 21.89561700820923 sec
2020-03-06 19:49:04,298 - experiment_least_confident_i500_b20_2 - INFO - current val_accuracy: 0.9716
2020-03-06 19:49:04,299 - experiment_least_confident_i500_b20_2 - INFO - start step #19
2020-03-06 19:49:25,874 - experiment_least_confident_i500_b20_2 - INFO - finish step #19 for 21.575199604034424 sec
2020-03-06 19:49:25,876 - experiment_least_confident_i500_b20_2 - INFO - current val_accuracy: 0.9721
2020-03-06 19:49:25,876 - experiment_least_confident_i500_b20_2 - INFO - start step #20
2020-03-06 19:49:49,131 - experiment_least_confident_i500_b20_2 - INFO - finish step #20 for 23.254281044006348 sec
2020-03-06 19:49:49,131 - experiment_least_confident_i500_b20_2 - INFO - current val_accuracy: 0.971
2020-03-06 19:49:49,132 - experiment_least_confident_i500_b20_2 - INFO - start step #21
2020-03-06 19:50:12,230 - experiment_least_confident_i500_b20_2 - INFO - finish step #21 for 23.0977840423584 sec
2020-03-06 19:50:12,231 - experiment_least_confident_i500_b20_2 - INFO - current val_accuracy: 0.9706
2020-03-06 19:50:12,232 - experiment_least_confident_i500_b20_2 - INFO - start step #22
2020-03-06 19:50:36,532 - experiment_least_confident_i500_b20_2 - INFO - finish step #22 for 24.299808025360107 sec
2020-03-06 19:50:36,533 - experiment_least_confident_i500_b20_2 - INFO - current val_accuracy: 0.9723
2020-03-06 19:50:36,534 - experiment_least_confident_i500_b20_2 - INFO - start step #23
2020-03-06 19:50:59,581 - experiment_least_confident_i500_b20_2 - INFO - finish step #23 for 23.047394037246704 sec
2020-03-06 19:50:59,582 - experiment_least_confident_i500_b20_2 - INFO - current val_accuracy: 0.9738
2020-03-06 19:50:59,583 - experiment_least_confident_i500_b20_2 - INFO - start step #24
2020-03-06 19:51:22,151 - experiment_least_confident_i500_b20_2 - INFO - finish step #24 for 22.567533016204834 sec
2020-03-06 19:51:22,152 - experiment_least_confident_i500_b20_2 - INFO - current val_accuracy: 0.9757
2020-03-06 19:51:22,153 - experiment_least_confident_i500_b20_2 - INFO - start step #25
2020-03-06 19:51:44,854 - experiment_least_confident_i500_b20_2 - INFO - finish step #25 for 22.700615882873535 sec
2020-03-06 19:51:44,855 - experiment_least_confident_i500_b20_2 - INFO - current val_accuracy: 0.9749
2020-03-06 19:51:44,855 - experiment_least_confident_i500_b20_2 - INFO - start step #26
2020-03-06 19:52:07,700 - experiment_least_confident_i500_b20_2 - INFO - finish step #26 for 22.845176696777344 sec
2020-03-06 19:52:07,702 - experiment_least_confident_i500_b20_2 - INFO - current val_accuracy: 0.9762
2020-03-06 19:52:07,703 - experiment_least_confident_i500_b20_2 - INFO - start step #27
2020-03-06 19:52:30,024 - experiment_least_confident_i500_b20_2 - INFO - finish step #27 for 22.320662021636963 sec
2020-03-06 19:52:30,025 - experiment_least_confident_i500_b20_2 - INFO - current val_accuracy: 0.9759
2020-03-06 19:52:30,025 - experiment_least_confident_i500_b20_2 - INFO - start step #28
2020-03-06 19:52:52,634 - experiment_least_confident_i500_b20_2 - INFO - finish step #28 for 22.608393907546997 sec
2020-03-06 19:52:52,634 - experiment_least_confident_i500_b20_2 - INFO - current val_accuracy: 0.9779
2020-03-06 19:52:52,635 - experiment_least_confident_i500_b20_2 - INFO - start step #29
2020-03-06 19:53:16,307 - experiment_least_confident_i500_b20_2 - INFO - finish step #29 for 23.672180891036987 sec
2020-03-06 19:53:16,308 - experiment_least_confident_i500_b20_2 - INFO - current val_accuracy: 0.9776
2020-03-06 19:53:16,309 - experiment_least_confident_i500_b20_2 - INFO - finish experiment process for 630.3296389579773 sec
