2020-01-21 13:19:59,165 - experiment_learning_loss_b100_2 - INFO - start experiment process
2020-01-21 13:20:20,517 - experiment_learning_loss_b100_2 - INFO - initial val_accuracy: 0.32
2020-01-21 13:20:20,520 - experiment_learning_loss_b100_2 - INFO - start step #0
2020-01-21 13:21:16,663 - experiment_learning_loss_b100_2 - INFO - finish step #0 for 56.142704010009766 sec
2020-01-21 13:21:16,663 - experiment_learning_loss_b100_2 - INFO - current val_accuracy: 0.7165
2020-01-21 13:21:16,664 - experiment_learning_loss_b100_2 - INFO - start step #1
2020-01-21 13:22:17,377 - experiment_learning_loss_b100_2 - INFO - finish step #1 for 60.71317195892334 sec
2020-01-21 13:22:17,377 - experiment_learning_loss_b100_2 - INFO - current val_accuracy: 0.8097
2020-01-21 13:22:17,378 - experiment_learning_loss_b100_2 - INFO - start step #2
2020-01-21 13:23:16,822 - experiment_learning_loss_b100_2 - INFO - finish step #2 for 59.444376945495605 sec
2020-01-21 13:23:16,822 - experiment_learning_loss_b100_2 - INFO - current val_accuracy: 0.8079
2020-01-21 13:23:16,823 - experiment_learning_loss_b100_2 - INFO - start step #3
2020-01-21 13:24:33,718 - experiment_learning_loss_b100_2 - INFO - finish step #3 for 76.89572095870972 sec
2020-01-21 13:24:33,719 - experiment_learning_loss_b100_2 - INFO - current val_accuracy: 0.8554
2020-01-21 13:24:33,719 - experiment_learning_loss_b100_2 - INFO - start step #4
2020-01-21 13:25:47,864 - experiment_learning_loss_b100_2 - INFO - finish step #4 for 74.1453309059143 sec
2020-01-21 13:25:47,864 - experiment_learning_loss_b100_2 - INFO - current val_accuracy: 0.8727
2020-01-21 13:25:47,865 - experiment_learning_loss_b100_2 - INFO - start step #5
2020-01-21 13:26:58,214 - experiment_learning_loss_b100_2 - INFO - finish step #5 for 70.34915113449097 sec
2020-01-21 13:26:58,214 - experiment_learning_loss_b100_2 - INFO - current val_accuracy: 0.8858
2020-01-21 13:26:58,214 - experiment_learning_loss_b100_2 - INFO - start step #6
2020-01-21 13:28:00,024 - experiment_learning_loss_b100_2 - INFO - finish step #6 for 61.81001400947571 sec
2020-01-21 13:28:00,024 - experiment_learning_loss_b100_2 - INFO - current val_accuracy: 0.8912
2020-01-21 13:28:00,025 - experiment_learning_loss_b100_2 - INFO - start step #7
2020-01-21 13:28:58,872 - experiment_learning_loss_b100_2 - INFO - finish step #7 for 58.8471360206604 sec
2020-01-21 13:28:58,872 - experiment_learning_loss_b100_2 - INFO - current val_accuracy: 0.9098
2020-01-21 13:28:58,872 - experiment_learning_loss_b100_2 - INFO - start step #8
2020-01-21 13:30:13,396 - experiment_learning_loss_b100_2 - INFO - finish step #8 for 74.52311301231384 sec
2020-01-21 13:30:13,397 - experiment_learning_loss_b100_2 - INFO - current val_accuracy: 0.9143
2020-01-21 13:30:13,398 - experiment_learning_loss_b100_2 - INFO - start step #9
2020-01-21 13:31:30,717 - experiment_learning_loss_b100_2 - INFO - finish step #9 for 77.31900405883789 sec
2020-01-21 13:31:30,717 - experiment_learning_loss_b100_2 - INFO - current val_accuracy: 0.9227
2020-01-21 13:31:30,717 - experiment_learning_loss_b100_2 - INFO - start step #10
2020-01-21 13:32:50,887 - experiment_learning_loss_b100_2 - INFO - finish step #10 for 80.16985511779785 sec
2020-01-21 13:32:50,887 - experiment_learning_loss_b100_2 - INFO - current val_accuracy: 0.9361
2020-01-21 13:32:50,888 - experiment_learning_loss_b100_2 - INFO - start step #11
2020-01-21 13:34:40,045 - experiment_learning_loss_b100_2 - INFO - finish step #11 for 109.15751504898071 sec
2020-01-21 13:34:40,048 - experiment_learning_loss_b100_2 - INFO - current val_accuracy: 0.944
2020-01-21 13:34:40,049 - experiment_learning_loss_b100_2 - INFO - start step #12
2020-01-21 13:36:25,651 - experiment_learning_loss_b100_2 - INFO - finish step #12 for 105.60232925415039 sec
2020-01-21 13:36:25,653 - experiment_learning_loss_b100_2 - INFO - current val_accuracy: 0.9395
2020-01-21 13:36:25,653 - experiment_learning_loss_b100_2 - INFO - start step #13
2020-01-21 13:38:20,951 - experiment_learning_loss_b100_2 - INFO - finish step #13 for 115.29782295227051 sec
2020-01-21 13:38:20,952 - experiment_learning_loss_b100_2 - INFO - current val_accuracy: 0.9547
2020-01-21 13:38:20,953 - experiment_learning_loss_b100_2 - INFO - start step #14
2020-01-21 13:39:56,073 - experiment_learning_loss_b100_2 - INFO - finish step #14 for 95.12016701698303 sec
2020-01-21 13:39:56,075 - experiment_learning_loss_b100_2 - INFO - current val_accuracy: 0.9458
2020-01-21 13:39:56,076 - experiment_learning_loss_b100_2 - INFO - finish experiment process for 1196.9106578826904 sec
