2020-02-19 23:19:48,660 - experiment_passive_bs_i500_b20_1 - INFO - start experiment process
2020-02-19 23:19:54,297 - experiment_passive_bs_i500_b20_1 - INFO - initial val_accuracy: 0.9212
2020-02-19 23:19:54,297 - experiment_passive_bs_i500_b20_1 - INFO - start step #0
2020-02-19 23:20:00,751 - experiment_passive_bs_i500_b20_1 - INFO - finish step #0 for 6.454097747802734 sec
2020-02-19 23:20:00,752 - experiment_passive_bs_i500_b20_1 - INFO - current val_accuracy: 0.9193
2020-02-19 23:20:00,752 - experiment_passive_bs_i500_b20_1 - INFO - start step #1
2020-02-19 23:20:07,364 - experiment_passive_bs_i500_b20_1 - INFO - finish step #1 for 6.612099885940552 sec
2020-02-19 23:20:07,367 - experiment_passive_bs_i500_b20_1 - INFO - current val_accuracy: 0.9296
2020-02-19 23:20:07,367 - experiment_passive_bs_i500_b20_1 - INFO - start step #2
2020-02-19 23:20:13,852 - experiment_passive_bs_i500_b20_1 - INFO - finish step #2 for 6.48447585105896 sec
2020-02-19 23:20:13,852 - experiment_passive_bs_i500_b20_1 - INFO - current val_accuracy: 0.9283
2020-02-19 23:20:13,852 - experiment_passive_bs_i500_b20_1 - INFO - start step #3
2020-02-19 23:20:20,536 - experiment_passive_bs_i500_b20_1 - INFO - finish step #3 for 6.683614015579224 sec
2020-02-19 23:20:20,536 - experiment_passive_bs_i500_b20_1 - INFO - current val_accuracy: 0.925
2020-02-19 23:20:20,537 - experiment_passive_bs_i500_b20_1 - INFO - start step #4
2020-02-19 23:20:28,894 - experiment_passive_bs_i500_b20_1 - INFO - finish step #4 for 8.357323169708252 sec
2020-02-19 23:20:28,896 - experiment_passive_bs_i500_b20_1 - INFO - current val_accuracy: 0.9206
2020-02-19 23:20:28,896 - experiment_passive_bs_i500_b20_1 - INFO - start step #5
2020-02-19 23:20:35,673 - experiment_passive_bs_i500_b20_1 - INFO - finish step #5 for 6.776383876800537 sec
2020-02-19 23:20:35,673 - experiment_passive_bs_i500_b20_1 - INFO - current val_accuracy: 0.9361
2020-02-19 23:20:35,673 - experiment_passive_bs_i500_b20_1 - INFO - start step #6
2020-02-19 23:20:43,176 - experiment_passive_bs_i500_b20_1 - INFO - finish step #6 for 7.501955986022949 sec
2020-02-19 23:20:43,176 - experiment_passive_bs_i500_b20_1 - INFO - current val_accuracy: 0.9339
2020-02-19 23:20:43,176 - experiment_passive_bs_i500_b20_1 - INFO - start step #7
2020-02-19 23:20:49,931 - experiment_passive_bs_i500_b20_1 - INFO - finish step #7 for 6.754451036453247 sec
2020-02-19 23:20:49,931 - experiment_passive_bs_i500_b20_1 - INFO - current val_accuracy: 0.9375
2020-02-19 23:20:49,931 - experiment_passive_bs_i500_b20_1 - INFO - start step #8
2020-02-19 23:20:56,735 - experiment_passive_bs_i500_b20_1 - INFO - finish step #8 for 6.803208112716675 sec
2020-02-19 23:20:56,735 - experiment_passive_bs_i500_b20_1 - INFO - current val_accuracy: 0.9367
2020-02-19 23:20:56,735 - experiment_passive_bs_i500_b20_1 - INFO - start step #9
2020-02-19 23:21:04,488 - experiment_passive_bs_i500_b20_1 - INFO - finish step #9 for 7.752894878387451 sec
2020-02-19 23:21:04,488 - experiment_passive_bs_i500_b20_1 - INFO - current val_accuracy: 0.9366
2020-02-19 23:21:04,489 - experiment_passive_bs_i500_b20_1 - INFO - start step #10
2020-02-19 23:21:11,322 - experiment_passive_bs_i500_b20_1 - INFO - finish step #10 for 6.8328657150268555 sec
2020-02-19 23:21:11,322 - experiment_passive_bs_i500_b20_1 - INFO - current val_accuracy: 0.9291
2020-02-19 23:21:11,322 - experiment_passive_bs_i500_b20_1 - INFO - start step #11
2020-02-19 23:21:18,068 - experiment_passive_bs_i500_b20_1 - INFO - finish step #11 for 6.7459776401519775 sec
2020-02-19 23:21:18,069 - experiment_passive_bs_i500_b20_1 - INFO - current val_accuracy: 0.9469
2020-02-19 23:21:18,069 - experiment_passive_bs_i500_b20_1 - INFO - start step #12
2020-02-19 23:21:24,951 - experiment_passive_bs_i500_b20_1 - INFO - finish step #12 for 6.882089138031006 sec
2020-02-19 23:21:24,951 - experiment_passive_bs_i500_b20_1 - INFO - current val_accuracy: 0.9448
2020-02-19 23:21:24,952 - experiment_passive_bs_i500_b20_1 - INFO - start step #13
2020-02-19 23:21:31,781 - experiment_passive_bs_i500_b20_1 - INFO - finish step #13 for 6.829582214355469 sec
2020-02-19 23:21:31,782 - experiment_passive_bs_i500_b20_1 - INFO - current val_accuracy: 0.9374
2020-02-19 23:21:31,782 - experiment_passive_bs_i500_b20_1 - INFO - start step #14
2020-02-19 23:21:38,868 - experiment_passive_bs_i500_b20_1 - INFO - finish step #14 for 7.085886001586914 sec
2020-02-19 23:21:38,870 - experiment_passive_bs_i500_b20_1 - INFO - current val_accuracy: 0.9404
2020-02-19 23:21:38,870 - experiment_passive_bs_i500_b20_1 - INFO - start step #15
2020-02-19 23:21:46,370 - experiment_passive_bs_i500_b20_1 - INFO - finish step #15 for 7.499198913574219 sec
2020-02-19 23:21:46,370 - experiment_passive_bs_i500_b20_1 - INFO - current val_accuracy: 0.9412
2020-02-19 23:21:46,370 - experiment_passive_bs_i500_b20_1 - INFO - start step #16
2020-02-19 23:21:53,214 - experiment_passive_bs_i500_b20_1 - INFO - finish step #16 for 6.844006299972534 sec
2020-02-19 23:21:53,214 - experiment_passive_bs_i500_b20_1 - INFO - current val_accuracy: 0.944
2020-02-19 23:21:53,215 - experiment_passive_bs_i500_b20_1 - INFO - start step #17
2020-02-19 23:22:00,411 - experiment_passive_bs_i500_b20_1 - INFO - finish step #17 for 7.196285963058472 sec
2020-02-19 23:22:00,411 - experiment_passive_bs_i500_b20_1 - INFO - current val_accuracy: 0.9481
2020-02-19 23:22:00,412 - experiment_passive_bs_i500_b20_1 - INFO - start step #18
2020-02-19 23:22:07,412 - experiment_passive_bs_i500_b20_1 - INFO - finish step #18 for 7.000087022781372 sec
2020-02-19 23:22:07,414 - experiment_passive_bs_i500_b20_1 - INFO - current val_accuracy: 0.9466
2020-02-19 23:22:07,414 - experiment_passive_bs_i500_b20_1 - INFO - start step #19
2020-02-19 23:22:14,494 - experiment_passive_bs_i500_b20_1 - INFO - finish step #19 for 7.0798962116241455 sec
2020-02-19 23:22:14,495 - experiment_passive_bs_i500_b20_1 - INFO - current val_accuracy: 0.9485
2020-02-19 23:22:14,495 - experiment_passive_bs_i500_b20_1 - INFO - start step #20
2020-02-19 23:22:22,126 - experiment_passive_bs_i500_b20_1 - INFO - finish step #20 for 7.63081693649292 sec
2020-02-19 23:22:22,126 - experiment_passive_bs_i500_b20_1 - INFO - current val_accuracy: 0.9448
2020-02-19 23:22:22,127 - experiment_passive_bs_i500_b20_1 - INFO - start step #21
2020-02-19 23:22:29,464 - experiment_passive_bs_i500_b20_1 - INFO - finish step #21 for 7.337175130844116 sec
2020-02-19 23:22:29,464 - experiment_passive_bs_i500_b20_1 - INFO - current val_accuracy: 0.9445
2020-02-19 23:22:29,465 - experiment_passive_bs_i500_b20_1 - INFO - start step #22
2020-02-19 23:22:36,704 - experiment_passive_bs_i500_b20_1 - INFO - finish step #22 for 7.238929033279419 sec
2020-02-19 23:22:36,705 - experiment_passive_bs_i500_b20_1 - INFO - current val_accuracy: 0.9501
2020-02-19 23:22:36,706 - experiment_passive_bs_i500_b20_1 - INFO - start step #23
2020-02-19 23:22:43,974 - experiment_passive_bs_i500_b20_1 - INFO - finish step #23 for 7.2675511837005615 sec
2020-02-19 23:22:43,974 - experiment_passive_bs_i500_b20_1 - INFO - current val_accuracy: 0.9492
2020-02-19 23:22:43,974 - experiment_passive_bs_i500_b20_1 - INFO - start step #24
2020-02-19 23:22:51,161 - experiment_passive_bs_i500_b20_1 - INFO - finish step #24 for 7.186614036560059 sec
2020-02-19 23:22:51,161 - experiment_passive_bs_i500_b20_1 - INFO - current val_accuracy: 0.9468
2020-02-19 23:22:51,161 - experiment_passive_bs_i500_b20_1 - INFO - start step #25
2020-02-19 23:22:59,177 - experiment_passive_bs_i500_b20_1 - INFO - finish step #25 for 8.015184164047241 sec
2020-02-19 23:22:59,177 - experiment_passive_bs_i500_b20_1 - INFO - current val_accuracy: 0.9483
2020-02-19 23:22:59,177 - experiment_passive_bs_i500_b20_1 - INFO - start step #26
2020-02-19 23:23:06,969 - experiment_passive_bs_i500_b20_1 - INFO - finish step #26 for 7.79140830039978 sec
2020-02-19 23:23:06,969 - experiment_passive_bs_i500_b20_1 - INFO - current val_accuracy: 0.9527
2020-02-19 23:23:06,970 - experiment_passive_bs_i500_b20_1 - INFO - start step #27
2020-02-19 23:23:20,642 - experiment_passive_bs_i500_b20_1 - INFO - finish step #27 for 13.672418117523193 sec
2020-02-19 23:23:20,643 - experiment_passive_bs_i500_b20_1 - INFO - current val_accuracy: 0.9522
2020-02-19 23:23:20,644 - experiment_passive_bs_i500_b20_1 - INFO - start step #28
2020-02-19 23:23:32,456 - experiment_passive_bs_i500_b20_1 - INFO - finish step #28 for 11.81220030784607 sec
2020-02-19 23:23:32,457 - experiment_passive_bs_i500_b20_1 - INFO - current val_accuracy: 0.9551
2020-02-19 23:23:32,458 - experiment_passive_bs_i500_b20_1 - INFO - start step #29
2020-02-19 23:23:46,483 - experiment_passive_bs_i500_b20_1 - INFO - finish step #29 for 14.024993658065796 sec
2020-02-19 23:23:46,483 - experiment_passive_bs_i500_b20_1 - INFO - current val_accuracy: 0.9556
2020-02-19 23:23:46,484 - experiment_passive_bs_i500_b20_1 - INFO - finish experiment process for 237.82358598709106 sec
