2020-01-25 11:29:11,796 - experiment_passive_i500_b10_1 - INFO - start experiment process
2020-01-25 11:29:17,894 - experiment_passive_i500_b10_1 - INFO - initial val_accuracy: 0.9275
2020-01-25 11:29:17,895 - experiment_passive_i500_b10_1 - INFO - start step #0
2020-01-25 11:29:32,545 - experiment_passive_i500_b10_1 - INFO - finish step #0 for 14.649921178817749 sec
2020-01-25 11:29:32,546 - experiment_passive_i500_b10_1 - INFO - current val_accuracy: 0.9265
2020-01-25 11:29:32,546 - experiment_passive_i500_b10_1 - INFO - start step #1
2020-01-25 11:29:45,275 - experiment_passive_i500_b10_1 - INFO - finish step #1 for 12.728693962097168 sec
2020-01-25 11:29:45,275 - experiment_passive_i500_b10_1 - INFO - current val_accuracy: 0.922
2020-01-25 11:29:45,275 - experiment_passive_i500_b10_1 - INFO - start step #2
2020-01-25 11:29:57,998 - experiment_passive_i500_b10_1 - INFO - finish step #2 for 12.723178148269653 sec
2020-01-25 11:29:57,999 - experiment_passive_i500_b10_1 - INFO - current val_accuracy: 0.9177
2020-01-25 11:29:57,999 - experiment_passive_i500_b10_1 - INFO - start step #3
2020-01-25 11:30:10,326 - experiment_passive_i500_b10_1 - INFO - finish step #3 for 12.327263832092285 sec
2020-01-25 11:30:10,326 - experiment_passive_i500_b10_1 - INFO - current val_accuracy: 0.9324
2020-01-25 11:30:10,327 - experiment_passive_i500_b10_1 - INFO - start step #4
2020-01-25 11:30:23,748 - experiment_passive_i500_b10_1 - INFO - finish step #4 for 13.421064138412476 sec
2020-01-25 11:30:23,749 - experiment_passive_i500_b10_1 - INFO - current val_accuracy: 0.9342
2020-01-25 11:30:23,749 - experiment_passive_i500_b10_1 - INFO - start step #5
2020-01-25 11:30:35,699 - experiment_passive_i500_b10_1 - INFO - finish step #5 for 11.95012879371643 sec
2020-01-25 11:30:35,700 - experiment_passive_i500_b10_1 - INFO - current val_accuracy: 0.9362
2020-01-25 11:30:35,700 - experiment_passive_i500_b10_1 - INFO - start step #6
2020-01-25 11:30:49,633 - experiment_passive_i500_b10_1 - INFO - finish step #6 for 13.93323016166687 sec
2020-01-25 11:30:49,634 - experiment_passive_i500_b10_1 - INFO - current val_accuracy: 0.936
2020-01-25 11:30:49,634 - experiment_passive_i500_b10_1 - INFO - start step #7
2020-01-25 11:31:00,345 - experiment_passive_i500_b10_1 - INFO - finish step #7 for 10.710246086120605 sec
2020-01-25 11:31:00,345 - experiment_passive_i500_b10_1 - INFO - current val_accuracy: 0.9374
2020-01-25 11:31:00,345 - experiment_passive_i500_b10_1 - INFO - start step #8
2020-01-25 11:31:09,295 - experiment_passive_i500_b10_1 - INFO - finish step #8 for 8.950232028961182 sec
2020-01-25 11:31:09,295 - experiment_passive_i500_b10_1 - INFO - current val_accuracy: 0.9375
2020-01-25 11:31:09,296 - experiment_passive_i500_b10_1 - INFO - start step #9
2020-01-25 11:31:21,451 - experiment_passive_i500_b10_1 - INFO - finish step #9 for 12.155601978302002 sec
2020-01-25 11:31:21,452 - experiment_passive_i500_b10_1 - INFO - current val_accuracy: 0.936
2020-01-25 11:31:21,453 - experiment_passive_i500_b10_1 - INFO - start step #10
2020-01-25 11:31:31,708 - experiment_passive_i500_b10_1 - INFO - finish step #10 for 10.255468130111694 sec
2020-01-25 11:31:31,708 - experiment_passive_i500_b10_1 - INFO - current val_accuracy: 0.9446
2020-01-25 11:31:31,708 - experiment_passive_i500_b10_1 - INFO - start step #11
2020-01-25 11:31:43,075 - experiment_passive_i500_b10_1 - INFO - finish step #11 for 11.366028070449829 sec
2020-01-25 11:31:43,076 - experiment_passive_i500_b10_1 - INFO - current val_accuracy: 0.9405
2020-01-25 11:31:43,076 - experiment_passive_i500_b10_1 - INFO - start step #12
2020-01-25 11:31:55,529 - experiment_passive_i500_b10_1 - INFO - finish step #12 for 12.453216075897217 sec
2020-01-25 11:31:55,529 - experiment_passive_i500_b10_1 - INFO - current val_accuracy: 0.9426
2020-01-25 11:31:55,530 - experiment_passive_i500_b10_1 - INFO - start step #13
2020-01-25 11:32:06,186 - experiment_passive_i500_b10_1 - INFO - finish step #13 for 10.655747175216675 sec
2020-01-25 11:32:06,187 - experiment_passive_i500_b10_1 - INFO - current val_accuracy: 0.936
2020-01-25 11:32:06,187 - experiment_passive_i500_b10_1 - INFO - start step #14
2020-01-25 11:32:18,534 - experiment_passive_i500_b10_1 - INFO - finish step #14 for 12.347431182861328 sec
2020-01-25 11:32:18,535 - experiment_passive_i500_b10_1 - INFO - current val_accuracy: 0.9349
2020-01-25 11:32:18,535 - experiment_passive_i500_b10_1 - INFO - start step #15
2020-01-25 11:32:31,114 - experiment_passive_i500_b10_1 - INFO - finish step #15 for 12.57860517501831 sec
2020-01-25 11:32:31,114 - experiment_passive_i500_b10_1 - INFO - current val_accuracy: 0.941
2020-01-25 11:32:31,114 - experiment_passive_i500_b10_1 - INFO - start step #16
2020-01-25 11:32:42,260 - experiment_passive_i500_b10_1 - INFO - finish step #16 for 11.145453929901123 sec
2020-01-25 11:32:42,260 - experiment_passive_i500_b10_1 - INFO - current val_accuracy: 0.9439
2020-01-25 11:32:42,260 - experiment_passive_i500_b10_1 - INFO - start step #17
2020-01-25 11:32:56,300 - experiment_passive_i500_b10_1 - INFO - finish step #17 for 14.039940118789673 sec
2020-01-25 11:32:56,301 - experiment_passive_i500_b10_1 - INFO - current val_accuracy: 0.9423
2020-01-25 11:32:56,301 - experiment_passive_i500_b10_1 - INFO - start step #18
2020-01-25 11:33:05,845 - experiment_passive_i500_b10_1 - INFO - finish step #18 for 9.543944120407104 sec
2020-01-25 11:33:05,845 - experiment_passive_i500_b10_1 - INFO - current val_accuracy: 0.942
2020-01-25 11:33:05,845 - experiment_passive_i500_b10_1 - INFO - start step #19
2020-01-25 11:33:19,460 - experiment_passive_i500_b10_1 - INFO - finish step #19 for 13.614371061325073 sec
2020-01-25 11:33:19,461 - experiment_passive_i500_b10_1 - INFO - current val_accuracy: 0.9435
2020-01-25 11:33:19,461 - experiment_passive_i500_b10_1 - INFO - start step #20
2020-01-25 11:33:32,357 - experiment_passive_i500_b10_1 - INFO - finish step #20 for 12.896004915237427 sec
2020-01-25 11:33:32,357 - experiment_passive_i500_b10_1 - INFO - current val_accuracy: 0.9402
2020-01-25 11:33:32,357 - experiment_passive_i500_b10_1 - INFO - start step #21
2020-01-25 11:33:42,338 - experiment_passive_i500_b10_1 - INFO - finish step #21 for 9.980175018310547 sec
2020-01-25 11:33:42,338 - experiment_passive_i500_b10_1 - INFO - current val_accuracy: 0.9428
2020-01-25 11:33:42,338 - experiment_passive_i500_b10_1 - INFO - start step #22
2020-01-25 11:33:56,701 - experiment_passive_i500_b10_1 - INFO - finish step #22 for 14.363186836242676 sec
2020-01-25 11:33:56,702 - experiment_passive_i500_b10_1 - INFO - current val_accuracy: 0.9449
2020-01-25 11:33:56,703 - experiment_passive_i500_b10_1 - INFO - start step #23
2020-01-25 11:34:08,615 - experiment_passive_i500_b10_1 - INFO - finish step #23 for 11.912612915039062 sec
2020-01-25 11:34:08,616 - experiment_passive_i500_b10_1 - INFO - current val_accuracy: 0.9435
2020-01-25 11:34:08,616 - experiment_passive_i500_b10_1 - INFO - start step #24
2020-01-25 11:34:20,190 - experiment_passive_i500_b10_1 - INFO - finish step #24 for 11.573755979537964 sec
2020-01-25 11:34:20,190 - experiment_passive_i500_b10_1 - INFO - current val_accuracy: 0.9421
2020-01-25 11:34:20,190 - experiment_passive_i500_b10_1 - INFO - start step #25
2020-01-25 11:34:33,359 - experiment_passive_i500_b10_1 - INFO - finish step #25 for 13.168691873550415 sec
2020-01-25 11:34:33,360 - experiment_passive_i500_b10_1 - INFO - current val_accuracy: 0.9491
2020-01-25 11:34:33,360 - experiment_passive_i500_b10_1 - INFO - start step #26
2020-01-25 11:34:43,127 - experiment_passive_i500_b10_1 - INFO - finish step #26 for 9.766242027282715 sec
2020-01-25 11:34:43,127 - experiment_passive_i500_b10_1 - INFO - current val_accuracy: 0.9484
2020-01-25 11:34:43,127 - experiment_passive_i500_b10_1 - INFO - start step #27
2020-01-25 11:34:56,887 - experiment_passive_i500_b10_1 - INFO - finish step #27 for 13.759390115737915 sec
2020-01-25 11:34:56,888 - experiment_passive_i500_b10_1 - INFO - current val_accuracy: 0.9493
2020-01-25 11:34:56,888 - experiment_passive_i500_b10_1 - INFO - start step #28
2020-01-25 11:35:10,190 - experiment_passive_i500_b10_1 - INFO - finish step #28 for 13.301916122436523 sec
2020-01-25 11:35:10,191 - experiment_passive_i500_b10_1 - INFO - current val_accuracy: 0.9479
2020-01-25 11:35:10,191 - experiment_passive_i500_b10_1 - INFO - start step #29
2020-01-25 11:35:23,535 - experiment_passive_i500_b10_1 - INFO - finish step #29 for 13.343718767166138 sec
2020-01-25 11:35:23,535 - experiment_passive_i500_b10_1 - INFO - current val_accuracy: 0.9449
2020-01-25 11:35:23,535 - experiment_passive_i500_b10_1 - INFO - finish experiment process for 371.73888516426086 sec
2020-01-25 12:46:26,398 - experiment_passive_i500_b10_1 - INFO - start experiment process
2020-01-25 12:46:41,296 - experiment_passive_i500_b10_1 - INFO - initial val_accuracy: 0.9247
2020-01-25 12:46:41,296 - experiment_passive_i500_b10_1 - INFO - start step #0
2020-01-25 12:46:52,237 - experiment_passive_i500_b10_1 - INFO - finish step #0 for 10.94048285484314 sec
2020-01-25 12:46:52,237 - experiment_passive_i500_b10_1 - INFO - current val_accuracy: 0.9234
2020-01-25 12:46:52,237 - experiment_passive_i500_b10_1 - INFO - start step #1
2020-01-25 12:47:03,354 - experiment_passive_i500_b10_1 - INFO - finish step #1 for 11.116237878799438 sec
2020-01-25 12:47:03,354 - experiment_passive_i500_b10_1 - INFO - current val_accuracy: 0.9254
2020-01-25 12:47:03,354 - experiment_passive_i500_b10_1 - INFO - start step #2
2020-01-25 12:47:18,709 - experiment_passive_i500_b10_1 - INFO - finish step #2 for 15.355054140090942 sec
2020-01-25 12:47:18,709 - experiment_passive_i500_b10_1 - INFO - current val_accuracy: 0.9159
2020-01-25 12:47:18,710 - experiment_passive_i500_b10_1 - INFO - start step #3
2020-01-25 12:47:35,402 - experiment_passive_i500_b10_1 - INFO - finish step #3 for 16.692662000656128 sec
2020-01-25 12:47:35,403 - experiment_passive_i500_b10_1 - INFO - current val_accuracy: 0.9323
2020-01-25 12:47:35,403 - experiment_passive_i500_b10_1 - INFO - start step #4
2020-01-25 12:47:54,769 - experiment_passive_i500_b10_1 - INFO - finish step #4 for 19.36636757850647 sec
2020-01-25 12:47:54,770 - experiment_passive_i500_b10_1 - INFO - current val_accuracy: 0.9328
2020-01-25 12:47:54,771 - experiment_passive_i500_b10_1 - INFO - start step #5
2020-01-25 12:48:14,185 - experiment_passive_i500_b10_1 - INFO - finish step #5 for 19.414320707321167 sec
2020-01-25 12:48:14,186 - experiment_passive_i500_b10_1 - INFO - current val_accuracy: 0.9291
2020-01-25 12:48:14,186 - experiment_passive_i500_b10_1 - INFO - start step #6
2020-01-25 12:48:33,759 - experiment_passive_i500_b10_1 - INFO - finish step #6 for 19.571993112564087 sec
2020-01-25 12:48:33,759 - experiment_passive_i500_b10_1 - INFO - current val_accuracy: 0.9372
2020-01-25 12:48:33,759 - experiment_passive_i500_b10_1 - INFO - start step #7
2020-01-25 12:48:49,965 - experiment_passive_i500_b10_1 - INFO - finish step #7 for 16.206156015396118 sec
2020-01-25 12:48:49,966 - experiment_passive_i500_b10_1 - INFO - current val_accuracy: 0.9366
2020-01-25 12:48:49,966 - experiment_passive_i500_b10_1 - INFO - start step #8
2020-01-25 12:49:07,493 - experiment_passive_i500_b10_1 - INFO - finish step #8 for 17.526843070983887 sec
2020-01-25 12:49:07,493 - experiment_passive_i500_b10_1 - INFO - current val_accuracy: 0.9356
2020-01-25 12:49:07,494 - experiment_passive_i500_b10_1 - INFO - start step #9
2020-01-25 12:49:27,425 - experiment_passive_i500_b10_1 - INFO - finish step #9 for 19.93166494369507 sec
2020-01-25 12:49:27,427 - experiment_passive_i500_b10_1 - INFO - current val_accuracy: 0.9312
2020-01-25 12:49:27,427 - experiment_passive_i500_b10_1 - INFO - start step #10
2020-01-25 12:49:41,344 - experiment_passive_i500_b10_1 - INFO - finish step #10 for 13.91599988937378 sec
2020-01-25 12:49:41,345 - experiment_passive_i500_b10_1 - INFO - current val_accuracy: 0.9357
2020-01-25 12:49:41,346 - experiment_passive_i500_b10_1 - INFO - start step #11
2020-01-25 12:49:56,359 - experiment_passive_i500_b10_1 - INFO - finish step #11 for 15.012505292892456 sec
2020-01-25 12:49:56,360 - experiment_passive_i500_b10_1 - INFO - current val_accuracy: 0.9336
2020-01-25 12:49:56,360 - experiment_passive_i500_b10_1 - INFO - start step #12
2020-01-25 12:50:09,222 - experiment_passive_i500_b10_1 - INFO - finish step #12 for 12.861508131027222 sec
2020-01-25 12:50:09,222 - experiment_passive_i500_b10_1 - INFO - current val_accuracy: 0.9381
2020-01-25 12:50:09,223 - experiment_passive_i500_b10_1 - INFO - start step #13
2020-01-25 12:50:29,694 - experiment_passive_i500_b10_1 - INFO - finish step #13 for 20.471378803253174 sec
2020-01-25 12:50:29,695 - experiment_passive_i500_b10_1 - INFO - current val_accuracy: 0.939
2020-01-25 12:50:29,695 - experiment_passive_i500_b10_1 - INFO - start step #14
2020-01-25 12:50:42,256 - experiment_passive_i500_b10_1 - INFO - finish step #14 for 12.560512065887451 sec
2020-01-25 12:50:42,256 - experiment_passive_i500_b10_1 - INFO - current val_accuracy: 0.9416
2020-01-25 12:50:42,256 - experiment_passive_i500_b10_1 - INFO - start step #15
2020-01-25 12:51:01,541 - experiment_passive_i500_b10_1 - INFO - finish step #15 for 19.284717082977295 sec
2020-01-25 12:51:01,542 - experiment_passive_i500_b10_1 - INFO - current val_accuracy: 0.9422
2020-01-25 12:51:01,543 - experiment_passive_i500_b10_1 - INFO - start step #16
2020-01-25 12:51:19,152 - experiment_passive_i500_b10_1 - INFO - finish step #16 for 17.609269618988037 sec
2020-01-25 12:51:19,152 - experiment_passive_i500_b10_1 - INFO - current val_accuracy: 0.9384
2020-01-25 12:51:19,152 - experiment_passive_i500_b10_1 - INFO - start step #17
2020-01-25 12:51:33,795 - experiment_passive_i500_b10_1 - INFO - finish step #17 for 14.642690181732178 sec
2020-01-25 12:51:33,795 - experiment_passive_i500_b10_1 - INFO - current val_accuracy: 0.9402
2020-01-25 12:51:33,796 - experiment_passive_i500_b10_1 - INFO - start step #18
2020-01-25 12:51:52,939 - experiment_passive_i500_b10_1 - INFO - finish step #18 for 19.14331579208374 sec
2020-01-25 12:51:52,940 - experiment_passive_i500_b10_1 - INFO - current val_accuracy: 0.9449
2020-01-25 12:51:52,941 - experiment_passive_i500_b10_1 - INFO - start step #19
2020-01-25 12:52:07,468 - experiment_passive_i500_b10_1 - INFO - finish step #19 for 14.52692198753357 sec
2020-01-25 12:52:07,469 - experiment_passive_i500_b10_1 - INFO - current val_accuracy: 0.9451
2020-01-25 12:52:07,469 - experiment_passive_i500_b10_1 - INFO - start step #20
2020-01-25 12:52:24,080 - experiment_passive_i500_b10_1 - INFO - finish step #20 for 16.610514879226685 sec
2020-01-25 12:52:24,080 - experiment_passive_i500_b10_1 - INFO - current val_accuracy: 0.9435
2020-01-25 12:52:24,080 - experiment_passive_i500_b10_1 - INFO - start step #21
2020-01-25 12:52:37,966 - experiment_passive_i500_b10_1 - INFO - finish step #21 for 13.886059999465942 sec
2020-01-25 12:52:37,968 - experiment_passive_i500_b10_1 - INFO - current val_accuracy: 0.9449
2020-01-25 12:52:37,968 - experiment_passive_i500_b10_1 - INFO - start step #22
2020-01-25 12:52:49,666 - experiment_passive_i500_b10_1 - INFO - finish step #22 for 11.698153972625732 sec
2020-01-25 12:52:49,666 - experiment_passive_i500_b10_1 - INFO - current val_accuracy: 0.9469
2020-01-25 12:52:49,666 - experiment_passive_i500_b10_1 - INFO - start step #23
2020-01-25 12:52:59,480 - experiment_passive_i500_b10_1 - INFO - finish step #23 for 9.813868045806885 sec
2020-01-25 12:52:59,481 - experiment_passive_i500_b10_1 - INFO - current val_accuracy: 0.9499
2020-01-25 12:52:59,481 - experiment_passive_i500_b10_1 - INFO - start step #24
2020-01-25 12:53:13,430 - experiment_passive_i500_b10_1 - INFO - finish step #24 for 13.94906997680664 sec
2020-01-25 12:53:13,431 - experiment_passive_i500_b10_1 - INFO - current val_accuracy: 0.9467
2020-01-25 12:53:13,431 - experiment_passive_i500_b10_1 - INFO - start step #25
2020-01-25 12:53:27,220 - experiment_passive_i500_b10_1 - INFO - finish step #25 for 13.7883780002594 sec
2020-01-25 12:53:27,220 - experiment_passive_i500_b10_1 - INFO - current val_accuracy: 0.9426
2020-01-25 12:53:27,220 - experiment_passive_i500_b10_1 - INFO - start step #26
2020-01-25 12:53:44,258 - experiment_passive_i500_b10_1 - INFO - finish step #26 for 17.037517070770264 sec
2020-01-25 12:53:44,258 - experiment_passive_i500_b10_1 - INFO - current val_accuracy: 0.9487
2020-01-25 12:53:44,258 - experiment_passive_i500_b10_1 - INFO - start step #27
2020-01-25 12:53:57,591 - experiment_passive_i500_b10_1 - INFO - finish step #27 for 13.332950115203857 sec
2020-01-25 12:53:57,591 - experiment_passive_i500_b10_1 - INFO - current val_accuracy: 0.9521
2020-01-25 12:53:57,592 - experiment_passive_i500_b10_1 - INFO - start step #28
2020-01-25 12:54:10,575 - experiment_passive_i500_b10_1 - INFO - finish step #28 for 12.983006954193115 sec
2020-01-25 12:54:10,575 - experiment_passive_i500_b10_1 - INFO - current val_accuracy: 0.9462
2020-01-25 12:54:10,575 - experiment_passive_i500_b10_1 - INFO - start step #29
2020-01-25 12:54:26,137 - experiment_passive_i500_b10_1 - INFO - finish step #29 for 15.562228918075562 sec
2020-01-25 12:54:26,138 - experiment_passive_i500_b10_1 - INFO - current val_accuracy: 0.9535
2020-01-25 12:54:26,138 - experiment_passive_i500_b10_1 - INFO - finish experiment process for 479.73862290382385 sec
