2020-03-06 20:11:49,159 - experiment_least_confident_i500_b20_4 - INFO - start experiment process
2020-03-06 20:11:57,451 - experiment_least_confident_i500_b20_4 - INFO - initial val_accuracy: 0.925
2020-03-06 20:11:57,452 - experiment_least_confident_i500_b20_4 - INFO - start step #0
2020-03-06 20:12:15,248 - experiment_least_confident_i500_b20_4 - INFO - finish step #0 for 17.795357942581177 sec
2020-03-06 20:12:15,248 - experiment_least_confident_i500_b20_4 - INFO - current val_accuracy: 0.9312
2020-03-06 20:12:15,249 - experiment_least_confident_i500_b20_4 - INFO - start step #1
2020-03-06 20:12:33,100 - experiment_least_confident_i500_b20_4 - INFO - finish step #1 for 17.851113080978394 sec
2020-03-06 20:12:33,100 - experiment_least_confident_i500_b20_4 - INFO - current val_accuracy: 0.9391
2020-03-06 20:12:33,101 - experiment_least_confident_i500_b20_4 - INFO - start step #2
2020-03-06 20:12:51,561 - experiment_least_confident_i500_b20_4 - INFO - finish step #2 for 18.4594509601593 sec
2020-03-06 20:12:51,561 - experiment_least_confident_i500_b20_4 - INFO - current val_accuracy: 0.94
2020-03-06 20:12:51,561 - experiment_least_confident_i500_b20_4 - INFO - start step #3
2020-03-06 20:13:08,758 - experiment_least_confident_i500_b20_4 - INFO - finish step #3 for 17.196511030197144 sec
2020-03-06 20:13:08,759 - experiment_least_confident_i500_b20_4 - INFO - current val_accuracy: 0.9437
2020-03-06 20:13:08,760 - experiment_least_confident_i500_b20_4 - INFO - start step #4
2020-03-06 20:13:26,900 - experiment_least_confident_i500_b20_4 - INFO - finish step #4 for 18.140435934066772 sec
2020-03-06 20:13:26,902 - experiment_least_confident_i500_b20_4 - INFO - current val_accuracy: 0.9458
2020-03-06 20:13:26,903 - experiment_least_confident_i500_b20_4 - INFO - start step #5
2020-03-06 20:13:44,826 - experiment_least_confident_i500_b20_4 - INFO - finish step #5 for 17.92261290550232 sec
2020-03-06 20:13:44,827 - experiment_least_confident_i500_b20_4 - INFO - current val_accuracy: 0.9526
2020-03-06 20:13:44,828 - experiment_least_confident_i500_b20_4 - INFO - start step #6
2020-03-06 20:14:03,439 - experiment_least_confident_i500_b20_4 - INFO - finish step #6 for 18.610979080200195 sec
2020-03-06 20:14:03,440 - experiment_least_confident_i500_b20_4 - INFO - current val_accuracy: 0.9545
2020-03-06 20:14:03,441 - experiment_least_confident_i500_b20_4 - INFO - start step #7
2020-03-06 20:14:21,663 - experiment_least_confident_i500_b20_4 - INFO - finish step #7 for 18.221625804901123 sec
2020-03-06 20:14:21,663 - experiment_least_confident_i500_b20_4 - INFO - current val_accuracy: 0.9532
2020-03-06 20:14:21,664 - experiment_least_confident_i500_b20_4 - INFO - start step #8
2020-03-06 20:14:39,760 - experiment_least_confident_i500_b20_4 - INFO - finish step #8 for 18.095839977264404 sec
2020-03-06 20:14:39,760 - experiment_least_confident_i500_b20_4 - INFO - current val_accuracy: 0.9519
2020-03-06 20:14:39,761 - experiment_least_confident_i500_b20_4 - INFO - start step #9
2020-03-06 20:14:58,004 - experiment_least_confident_i500_b20_4 - INFO - finish step #9 for 18.243006944656372 sec
2020-03-06 20:14:58,005 - experiment_least_confident_i500_b20_4 - INFO - current val_accuracy: 0.9593
2020-03-06 20:14:58,006 - experiment_least_confident_i500_b20_4 - INFO - start step #10
2020-03-06 20:15:16,688 - experiment_least_confident_i500_b20_4 - INFO - finish step #10 for 18.682243824005127 sec
2020-03-06 20:15:16,689 - experiment_least_confident_i500_b20_4 - INFO - current val_accuracy: 0.9615
2020-03-06 20:15:16,689 - experiment_least_confident_i500_b20_4 - INFO - start step #11
2020-03-06 20:15:35,087 - experiment_least_confident_i500_b20_4 - INFO - finish step #11 for 18.397347927093506 sec
2020-03-06 20:15:35,088 - experiment_least_confident_i500_b20_4 - INFO - current val_accuracy: 0.9624
2020-03-06 20:15:35,089 - experiment_least_confident_i500_b20_4 - INFO - start step #12
2020-03-06 20:15:54,090 - experiment_least_confident_i500_b20_4 - INFO - finish step #12 for 19.001529932022095 sec
2020-03-06 20:15:54,091 - experiment_least_confident_i500_b20_4 - INFO - current val_accuracy: 0.9616
2020-03-06 20:15:54,092 - experiment_least_confident_i500_b20_4 - INFO - start step #13
2020-03-06 20:16:12,773 - experiment_least_confident_i500_b20_4 - INFO - finish step #13 for 18.680707931518555 sec
2020-03-06 20:16:12,773 - experiment_least_confident_i500_b20_4 - INFO - current val_accuracy: 0.9642
2020-03-06 20:16:12,774 - experiment_least_confident_i500_b20_4 - INFO - start step #14
2020-03-06 20:16:31,475 - experiment_least_confident_i500_b20_4 - INFO - finish step #14 for 18.700379133224487 sec
2020-03-06 20:16:31,476 - experiment_least_confident_i500_b20_4 - INFO - current val_accuracy: 0.9683
2020-03-06 20:16:31,478 - experiment_least_confident_i500_b20_4 - INFO - start step #15
2020-03-06 20:16:49,889 - experiment_least_confident_i500_b20_4 - INFO - finish step #15 for 18.410887002944946 sec
2020-03-06 20:16:49,890 - experiment_least_confident_i500_b20_4 - INFO - current val_accuracy: 0.9719
2020-03-06 20:16:49,890 - experiment_least_confident_i500_b20_4 - INFO - start step #16
2020-03-06 20:17:08,399 - experiment_least_confident_i500_b20_4 - INFO - finish step #16 for 18.508726596832275 sec
2020-03-06 20:17:08,399 - experiment_least_confident_i500_b20_4 - INFO - current val_accuracy: 0.9697
2020-03-06 20:17:08,400 - experiment_least_confident_i500_b20_4 - INFO - start step #17
2020-03-06 20:17:27,732 - experiment_least_confident_i500_b20_4 - INFO - finish step #17 for 19.332260847091675 sec
2020-03-06 20:17:27,733 - experiment_least_confident_i500_b20_4 - INFO - current val_accuracy: 0.9723
2020-03-06 20:17:27,734 - experiment_least_confident_i500_b20_4 - INFO - start step #18
2020-03-06 20:17:46,488 - experiment_least_confident_i500_b20_4 - INFO - finish step #18 for 18.75435757637024 sec
2020-03-06 20:17:46,489 - experiment_least_confident_i500_b20_4 - INFO - current val_accuracy: 0.9722
2020-03-06 20:17:46,489 - experiment_least_confident_i500_b20_4 - INFO - start step #19
2020-03-06 20:18:05,202 - experiment_least_confident_i500_b20_4 - INFO - finish step #19 for 18.71245312690735 sec
2020-03-06 20:18:05,202 - experiment_least_confident_i500_b20_4 - INFO - current val_accuracy: 0.9748
2020-03-06 20:18:05,202 - experiment_least_confident_i500_b20_4 - INFO - start step #20
2020-03-06 20:18:23,752 - experiment_least_confident_i500_b20_4 - INFO - finish step #20 for 18.55000329017639 sec
2020-03-06 20:18:23,752 - experiment_least_confident_i500_b20_4 - INFO - current val_accuracy: 0.9726
2020-03-06 20:18:23,753 - experiment_least_confident_i500_b20_4 - INFO - start step #21
2020-03-06 20:18:42,540 - experiment_least_confident_i500_b20_4 - INFO - finish step #21 for 18.787346124649048 sec
2020-03-06 20:18:42,540 - experiment_least_confident_i500_b20_4 - INFO - current val_accuracy: 0.974
2020-03-06 20:18:42,541 - experiment_least_confident_i500_b20_4 - INFO - start step #22
2020-03-06 20:19:01,757 - experiment_least_confident_i500_b20_4 - INFO - finish step #22 for 19.215697050094604 sec
2020-03-06 20:19:01,757 - experiment_least_confident_i500_b20_4 - INFO - current val_accuracy: 0.9752
2020-03-06 20:19:01,757 - experiment_least_confident_i500_b20_4 - INFO - start step #23
2020-03-06 20:19:20,883 - experiment_least_confident_i500_b20_4 - INFO - finish step #23 for 19.124976873397827 sec
2020-03-06 20:19:20,883 - experiment_least_confident_i500_b20_4 - INFO - current val_accuracy: 0.9764
2020-03-06 20:19:20,883 - experiment_least_confident_i500_b20_4 - INFO - start step #24
2020-03-06 20:19:39,857 - experiment_least_confident_i500_b20_4 - INFO - finish step #24 for 18.973689079284668 sec
2020-03-06 20:19:39,857 - experiment_least_confident_i500_b20_4 - INFO - current val_accuracy: 0.9771
2020-03-06 20:19:39,858 - experiment_least_confident_i500_b20_4 - INFO - start step #25
2020-03-06 20:19:58,809 - experiment_least_confident_i500_b20_4 - INFO - finish step #25 for 18.950592041015625 sec
2020-03-06 20:19:58,809 - experiment_least_confident_i500_b20_4 - INFO - current val_accuracy: 0.9772
2020-03-06 20:19:58,810 - experiment_least_confident_i500_b20_4 - INFO - start step #26
2020-03-06 20:20:18,410 - experiment_least_confident_i500_b20_4 - INFO - finish step #26 for 19.59968614578247 sec
2020-03-06 20:20:18,410 - experiment_least_confident_i500_b20_4 - INFO - current val_accuracy: 0.9766
2020-03-06 20:20:18,411 - experiment_least_confident_i500_b20_4 - INFO - start step #27
2020-03-06 20:20:37,594 - experiment_least_confident_i500_b20_4 - INFO - finish step #27 for 19.18351697921753 sec
2020-03-06 20:20:37,595 - experiment_least_confident_i500_b20_4 - INFO - current val_accuracy: 0.9776
2020-03-06 20:20:37,595 - experiment_least_confident_i500_b20_4 - INFO - start step #28
2020-03-06 20:20:57,959 - experiment_least_confident_i500_b20_4 - INFO - finish step #28 for 20.36352300643921 sec
2020-03-06 20:20:57,960 - experiment_least_confident_i500_b20_4 - INFO - current val_accuracy: 0.9793
2020-03-06 20:20:57,961 - experiment_least_confident_i500_b20_4 - INFO - start step #29
2020-03-06 20:21:17,316 - experiment_least_confident_i500_b20_4 - INFO - finish step #29 for 19.355576038360596 sec
2020-03-06 20:21:17,317 - experiment_least_confident_i500_b20_4 - INFO - current val_accuracy: 0.976
2020-03-06 20:21:17,317 - experiment_least_confident_i500_b20_4 - INFO - finish experiment process for 568.1574339866638 sec
