2020-01-09 23:58:10,500 - experiment_mnist_entropy_3 - INFO - start experiment process
2020-01-09 23:58:15,178 - experiment_mnist_entropy_3 - INFO - initial val_accuracy: 0.9191
2020-01-09 23:58:15,178 - experiment_mnist_entropy_3 - INFO - start step #0
2020-01-09 23:58:25,736 - experiment_mnist_entropy_3 - INFO - finish step #0 for 10.55833911895752 sec
2020-01-09 23:58:25,737 - experiment_mnist_entropy_3 - INFO - current val_accuracy: 0.9249
2020-01-09 23:58:25,738 - experiment_mnist_entropy_3 - INFO - start step #1
2020-01-09 23:58:35,961 - experiment_mnist_entropy_3 - INFO - finish step #1 for 10.222928762435913 sec
2020-01-09 23:58:35,961 - experiment_mnist_entropy_3 - INFO - current val_accuracy: 0.9212
2020-01-09 23:58:35,962 - experiment_mnist_entropy_3 - INFO - start step #2
2020-01-09 23:58:46,241 - experiment_mnist_entropy_3 - INFO - finish step #2 for 10.279785871505737 sec
2020-01-09 23:58:46,242 - experiment_mnist_entropy_3 - INFO - current val_accuracy: 0.9309
2020-01-09 23:58:46,243 - experiment_mnist_entropy_3 - INFO - start step #3
2020-01-09 23:58:56,430 - experiment_mnist_entropy_3 - INFO - finish step #3 for 10.186664819717407 sec
2020-01-09 23:58:56,430 - experiment_mnist_entropy_3 - INFO - current val_accuracy: 0.9333
2020-01-09 23:58:56,430 - experiment_mnist_entropy_3 - INFO - start step #4
2020-01-09 23:59:06,955 - experiment_mnist_entropy_3 - INFO - finish step #4 for 10.524152278900146 sec
2020-01-09 23:59:06,956 - experiment_mnist_entropy_3 - INFO - current val_accuracy: 0.936
2020-01-09 23:59:06,957 - experiment_mnist_entropy_3 - INFO - start step #5
2020-01-09 23:59:17,274 - experiment_mnist_entropy_3 - INFO - finish step #5 for 10.317365884780884 sec
2020-01-09 23:59:17,275 - experiment_mnist_entropy_3 - INFO - current val_accuracy: 0.9414
2020-01-09 23:59:17,275 - experiment_mnist_entropy_3 - INFO - start step #6
2020-01-09 23:59:27,557 - experiment_mnist_entropy_3 - INFO - finish step #6 for 10.281860113143921 sec
2020-01-09 23:59:27,559 - experiment_mnist_entropy_3 - INFO - current val_accuracy: 0.9387
2020-01-09 23:59:27,559 - experiment_mnist_entropy_3 - INFO - start step #7
2020-01-09 23:59:37,688 - experiment_mnist_entropy_3 - INFO - finish step #7 for 10.128992080688477 sec
2020-01-09 23:59:37,689 - experiment_mnist_entropy_3 - INFO - current val_accuracy: 0.9439
2020-01-09 23:59:37,689 - experiment_mnist_entropy_3 - INFO - start step #8
2020-01-09 23:59:48,002 - experiment_mnist_entropy_3 - INFO - finish step #8 for 10.313431024551392 sec
2020-01-09 23:59:48,004 - experiment_mnist_entropy_3 - INFO - current val_accuracy: 0.9339
2020-01-09 23:59:48,004 - experiment_mnist_entropy_3 - INFO - start step #9
2020-01-09 23:59:58,200 - experiment_mnist_entropy_3 - INFO - finish step #9 for 10.195307970046997 sec
2020-01-09 23:59:58,200 - experiment_mnist_entropy_3 - INFO - current val_accuracy: 0.951
2020-01-09 23:59:58,200 - experiment_mnist_entropy_3 - INFO - start step #10
2020-01-10 00:00:08,804 - experiment_mnist_entropy_3 - INFO - finish step #10 for 10.603645324707031 sec
2020-01-10 00:00:08,806 - experiment_mnist_entropy_3 - INFO - current val_accuracy: 0.9368
2020-01-10 00:00:08,806 - experiment_mnist_entropy_3 - INFO - start step #11
2020-01-10 00:00:19,199 - experiment_mnist_entropy_3 - INFO - finish step #11 for 10.39282512664795 sec
2020-01-10 00:00:19,199 - experiment_mnist_entropy_3 - INFO - current val_accuracy: 0.9507
2020-01-10 00:00:19,200 - experiment_mnist_entropy_3 - INFO - start step #12
2020-01-10 00:00:29,984 - experiment_mnist_entropy_3 - INFO - finish step #12 for 10.78437614440918 sec
2020-01-10 00:00:29,984 - experiment_mnist_entropy_3 - INFO - current val_accuracy: 0.9523
2020-01-10 00:00:29,985 - experiment_mnist_entropy_3 - INFO - start step #13
2020-01-10 00:00:40,820 - experiment_mnist_entropy_3 - INFO - finish step #13 for 10.83519196510315 sec
2020-01-10 00:00:40,820 - experiment_mnist_entropy_3 - INFO - current val_accuracy: 0.9535
2020-01-10 00:00:40,821 - experiment_mnist_entropy_3 - INFO - start step #14
2020-01-10 00:00:51,608 - experiment_mnist_entropy_3 - INFO - finish step #14 for 10.78768515586853 sec
2020-01-10 00:00:51,610 - experiment_mnist_entropy_3 - INFO - current val_accuracy: 0.9517
2020-01-10 00:00:51,610 - experiment_mnist_entropy_3 - INFO - start step #15
2020-01-10 00:01:02,123 - experiment_mnist_entropy_3 - INFO - finish step #15 for 10.51246690750122 sec
2020-01-10 00:01:02,123 - experiment_mnist_entropy_3 - INFO - current val_accuracy: 0.9559
2020-01-10 00:01:02,124 - experiment_mnist_entropy_3 - INFO - start step #16
2020-01-10 00:01:12,552 - experiment_mnist_entropy_3 - INFO - finish step #16 for 10.428569793701172 sec
2020-01-10 00:01:12,552 - experiment_mnist_entropy_3 - INFO - current val_accuracy: 0.9503
2020-01-10 00:01:12,553 - experiment_mnist_entropy_3 - INFO - start step #17
2020-01-10 00:01:23,076 - experiment_mnist_entropy_3 - INFO - finish step #17 for 10.522601842880249 sec
2020-01-10 00:01:23,076 - experiment_mnist_entropy_3 - INFO - current val_accuracy: 0.9593
2020-01-10 00:01:23,076 - experiment_mnist_entropy_3 - INFO - start step #18
2020-01-10 00:01:33,636 - experiment_mnist_entropy_3 - INFO - finish step #18 for 10.559894800186157 sec
2020-01-10 00:01:33,636 - experiment_mnist_entropy_3 - INFO - current val_accuracy: 0.955
2020-01-10 00:01:33,637 - experiment_mnist_entropy_3 - INFO - start step #19
2020-01-10 00:01:44,495 - experiment_mnist_entropy_3 - INFO - finish step #19 for 10.858203172683716 sec
2020-01-10 00:01:44,495 - experiment_mnist_entropy_3 - INFO - current val_accuracy: 0.9588
2020-01-10 00:01:44,495 - experiment_mnist_entropy_3 - INFO - start step #20
2020-01-10 00:01:55,114 - experiment_mnist_entropy_3 - INFO - finish step #20 for 10.618916273117065 sec
2020-01-10 00:01:55,115 - experiment_mnist_entropy_3 - INFO - current val_accuracy: 0.9596
2020-01-10 00:01:55,115 - experiment_mnist_entropy_3 - INFO - start step #21
2020-01-10 00:02:05,737 - experiment_mnist_entropy_3 - INFO - finish step #21 for 10.6213960647583 sec
2020-01-10 00:02:05,738 - experiment_mnist_entropy_3 - INFO - current val_accuracy: 0.9605
2020-01-10 00:02:05,739 - experiment_mnist_entropy_3 - INFO - start step #22
2020-01-10 00:02:16,257 - experiment_mnist_entropy_3 - INFO - finish step #22 for 10.517974138259888 sec
2020-01-10 00:02:16,257 - experiment_mnist_entropy_3 - INFO - current val_accuracy: 0.9636
2020-01-10 00:02:16,257 - experiment_mnist_entropy_3 - INFO - start step #23
2020-01-10 00:02:26,811 - experiment_mnist_entropy_3 - INFO - finish step #23 for 10.553546905517578 sec
2020-01-10 00:02:26,811 - experiment_mnist_entropy_3 - INFO - current val_accuracy: 0.9594
2020-01-10 00:02:26,812 - experiment_mnist_entropy_3 - INFO - start step #24
2020-01-10 00:02:37,443 - experiment_mnist_entropy_3 - INFO - finish step #24 for 10.63125228881836 sec
2020-01-10 00:02:37,444 - experiment_mnist_entropy_3 - INFO - current val_accuracy: 0.9619
2020-01-10 00:02:37,445 - experiment_mnist_entropy_3 - INFO - start step #25
2020-01-10 00:02:48,137 - experiment_mnist_entropy_3 - INFO - finish step #25 for 10.69189715385437 sec
2020-01-10 00:02:48,137 - experiment_mnist_entropy_3 - INFO - current val_accuracy: 0.9657
2020-01-10 00:02:48,138 - experiment_mnist_entropy_3 - INFO - start step #26
2020-01-10 00:02:58,421 - experiment_mnist_entropy_3 - INFO - finish step #26 for 10.283224105834961 sec
2020-01-10 00:02:58,421 - experiment_mnist_entropy_3 - INFO - current val_accuracy: 0.9649
2020-01-10 00:02:58,422 - experiment_mnist_entropy_3 - INFO - start step #27
2020-01-10 00:03:09,367 - experiment_mnist_entropy_3 - INFO - finish step #27 for 10.945075988769531 sec
2020-01-10 00:03:09,367 - experiment_mnist_entropy_3 - INFO - current val_accuracy: 0.968
2020-01-10 00:03:09,367 - experiment_mnist_entropy_3 - INFO - start step #28
2020-01-10 00:03:20,097 - experiment_mnist_entropy_3 - INFO - finish step #28 for 10.729406833648682 sec
2020-01-10 00:03:20,098 - experiment_mnist_entropy_3 - INFO - current val_accuracy: 0.9675
2020-01-10 00:03:20,099 - experiment_mnist_entropy_3 - INFO - start step #29
2020-01-10 00:03:30,790 - experiment_mnist_entropy_3 - INFO - finish step #29 for 10.691405057907104 sec
2020-01-10 00:03:30,792 - experiment_mnist_entropy_3 - INFO - current val_accuracy: 0.966
2020-01-10 00:03:30,792 - experiment_mnist_entropy_3 - INFO - start step #30
2020-01-10 00:03:41,611 - experiment_mnist_entropy_3 - INFO - finish step #30 for 10.81902289390564 sec
2020-01-10 00:03:41,611 - experiment_mnist_entropy_3 - INFO - current val_accuracy: 0.9713
2020-01-10 00:03:41,612 - experiment_mnist_entropy_3 - INFO - start step #31
2020-01-10 00:03:52,387 - experiment_mnist_entropy_3 - INFO - finish step #31 for 10.775226831436157 sec
2020-01-10 00:03:52,390 - experiment_mnist_entropy_3 - INFO - current val_accuracy: 0.9691
2020-01-10 00:03:52,390 - experiment_mnist_entropy_3 - INFO - start step #32
2020-01-10 00:04:03,365 - experiment_mnist_entropy_3 - INFO - finish step #32 for 10.97494888305664 sec
2020-01-10 00:04:03,367 - experiment_mnist_entropy_3 - INFO - current val_accuracy: 0.968
2020-01-10 00:04:03,367 - experiment_mnist_entropy_3 - INFO - start step #33
2020-01-10 00:04:13,735 - experiment_mnist_entropy_3 - INFO - finish step #33 for 10.367199182510376 sec
2020-01-10 00:04:13,735 - experiment_mnist_entropy_3 - INFO - current val_accuracy: 0.9728
2020-01-10 00:04:13,735 - experiment_mnist_entropy_3 - INFO - start step #34
2020-01-10 00:04:24,752 - experiment_mnist_entropy_3 - INFO - finish step #34 for 11.01690125465393 sec
2020-01-10 00:04:24,754 - experiment_mnist_entropy_3 - INFO - current val_accuracy: 0.9694
2020-01-10 00:04:24,754 - experiment_mnist_entropy_3 - INFO - start step #35
2020-01-10 00:04:35,593 - experiment_mnist_entropy_3 - INFO - finish step #35 for 10.838022232055664 sec
2020-01-10 00:04:35,594 - experiment_mnist_entropy_3 - INFO - current val_accuracy: 0.9694
2020-01-10 00:04:35,595 - experiment_mnist_entropy_3 - INFO - start step #36
2020-01-10 00:04:46,036 - experiment_mnist_entropy_3 - INFO - finish step #36 for 10.44146203994751 sec
2020-01-10 00:04:46,037 - experiment_mnist_entropy_3 - INFO - current val_accuracy: 0.9709
2020-01-10 00:04:46,037 - experiment_mnist_entropy_3 - INFO - start step #37
2020-01-10 00:04:56,818 - experiment_mnist_entropy_3 - INFO - finish step #37 for 10.78075909614563 sec
2020-01-10 00:04:56,819 - experiment_mnist_entropy_3 - INFO - current val_accuracy: 0.9703
2020-01-10 00:04:56,820 - experiment_mnist_entropy_3 - INFO - start step #38
2020-01-10 00:05:08,119 - experiment_mnist_entropy_3 - INFO - finish step #38 for 11.299069881439209 sec
2020-01-10 00:05:08,121 - experiment_mnist_entropy_3 - INFO - current val_accuracy: 0.9723
2020-01-10 00:05:08,121 - experiment_mnist_entropy_3 - INFO - start step #39
2020-01-10 00:05:18,958 - experiment_mnist_entropy_3 - INFO - finish step #39 for 10.836839199066162 sec
2020-01-10 00:05:18,958 - experiment_mnist_entropy_3 - INFO - current val_accuracy: 0.9731
2020-01-10 00:05:18,959 - experiment_mnist_entropy_3 - INFO - finish experiment process for 428.4585831165314 sec
