2020-01-26 10:49:41,778 - experiment_entropy_bs_i500_b20_1 - INFO - start experiment process
2020-01-26 10:49:46,736 - experiment_entropy_bs_i500_b20_1 - INFO - initial val_accuracy: 0.9039
2020-01-26 10:49:46,736 - experiment_entropy_bs_i500_b20_1 - INFO - start step #0
2020-01-26 10:49:59,221 - experiment_entropy_bs_i500_b20_1 - INFO - finish step #0 for 12.484912157058716 sec
2020-01-26 10:49:59,221 - experiment_entropy_bs_i500_b20_1 - INFO - current val_accuracy: 0.9259
2020-01-26 10:49:59,222 - experiment_entropy_bs_i500_b20_1 - INFO - start step #1
2020-01-26 10:50:10,574 - experiment_entropy_bs_i500_b20_1 - INFO - finish step #1 for 11.351582050323486 sec
2020-01-26 10:50:10,574 - experiment_entropy_bs_i500_b20_1 - INFO - current val_accuracy: 0.9373
2020-01-26 10:50:10,574 - experiment_entropy_bs_i500_b20_1 - INFO - start step #2
2020-01-26 10:50:22,309 - experiment_entropy_bs_i500_b20_1 - INFO - finish step #2 for 11.734493970870972 sec
2020-01-26 10:50:22,309 - experiment_entropy_bs_i500_b20_1 - INFO - current val_accuracy: 0.9364
2020-01-26 10:50:22,310 - experiment_entropy_bs_i500_b20_1 - INFO - start step #3
2020-01-26 10:50:34,764 - experiment_entropy_bs_i500_b20_1 - INFO - finish step #3 for 12.454110145568848 sec
2020-01-26 10:50:34,764 - experiment_entropy_bs_i500_b20_1 - INFO - current val_accuracy: 0.9486
2020-01-26 10:50:34,765 - experiment_entropy_bs_i500_b20_1 - INFO - start step #4
2020-01-26 10:50:47,921 - experiment_entropy_bs_i500_b20_1 - INFO - finish step #4 for 13.15575885772705 sec
2020-01-26 10:50:47,922 - experiment_entropy_bs_i500_b20_1 - INFO - current val_accuracy: 0.9471
2020-01-26 10:50:47,922 - experiment_entropy_bs_i500_b20_1 - INFO - start step #5
2020-01-26 10:50:59,961 - experiment_entropy_bs_i500_b20_1 - INFO - finish step #5 for 12.038344860076904 sec
2020-01-26 10:50:59,961 - experiment_entropy_bs_i500_b20_1 - INFO - current val_accuracy: 0.946
2020-01-26 10:50:59,962 - experiment_entropy_bs_i500_b20_1 - INFO - start step #6
2020-01-26 10:51:12,589 - experiment_entropy_bs_i500_b20_1 - INFO - finish step #6 for 12.62729287147522 sec
2020-01-26 10:51:12,589 - experiment_entropy_bs_i500_b20_1 - INFO - current val_accuracy: 0.9569
2020-01-26 10:51:12,590 - experiment_entropy_bs_i500_b20_1 - INFO - start step #7
2020-01-26 10:51:25,154 - experiment_entropy_bs_i500_b20_1 - INFO - finish step #7 for 12.56400203704834 sec
2020-01-26 10:51:25,154 - experiment_entropy_bs_i500_b20_1 - INFO - current val_accuracy: 0.9582
2020-01-26 10:51:25,154 - experiment_entropy_bs_i500_b20_1 - INFO - start step #8
2020-01-26 10:51:38,173 - experiment_entropy_bs_i500_b20_1 - INFO - finish step #8 for 13.018560886383057 sec
2020-01-26 10:51:38,173 - experiment_entropy_bs_i500_b20_1 - INFO - current val_accuracy: 0.9583
2020-01-26 10:51:38,174 - experiment_entropy_bs_i500_b20_1 - INFO - start step #9
2020-01-26 10:51:52,135 - experiment_entropy_bs_i500_b20_1 - INFO - finish step #9 for 13.960984230041504 sec
2020-01-26 10:51:52,135 - experiment_entropy_bs_i500_b20_1 - INFO - current val_accuracy: 0.9631
2020-01-26 10:51:52,135 - experiment_entropy_bs_i500_b20_1 - INFO - start step #10
2020-01-26 10:52:06,693 - experiment_entropy_bs_i500_b20_1 - INFO - finish step #10 for 14.557574033737183 sec
2020-01-26 10:52:06,693 - experiment_entropy_bs_i500_b20_1 - INFO - current val_accuracy: 0.9597
2020-01-26 10:52:06,694 - experiment_entropy_bs_i500_b20_1 - INFO - start step #11
2020-01-26 10:52:21,273 - experiment_entropy_bs_i500_b20_1 - INFO - finish step #11 for 14.579795122146606 sec
2020-01-26 10:52:21,275 - experiment_entropy_bs_i500_b20_1 - INFO - current val_accuracy: 0.9674
2020-01-26 10:52:21,275 - experiment_entropy_bs_i500_b20_1 - INFO - start step #12
2020-01-26 10:52:36,497 - experiment_entropy_bs_i500_b20_1 - INFO - finish step #12 for 15.22113585472107 sec
2020-01-26 10:52:36,498 - experiment_entropy_bs_i500_b20_1 - INFO - current val_accuracy: 0.9689
2020-01-26 10:52:36,499 - experiment_entropy_bs_i500_b20_1 - INFO - start step #13
2020-01-26 10:52:49,833 - experiment_entropy_bs_i500_b20_1 - INFO - finish step #13 for 13.33404278755188 sec
2020-01-26 10:52:49,833 - experiment_entropy_bs_i500_b20_1 - INFO - current val_accuracy: 0.9712
2020-01-26 10:52:49,833 - experiment_entropy_bs_i500_b20_1 - INFO - start step #14
2020-01-26 10:53:02,523 - experiment_entropy_bs_i500_b20_1 - INFO - finish step #14 for 12.689554929733276 sec
2020-01-26 10:53:02,523 - experiment_entropy_bs_i500_b20_1 - INFO - current val_accuracy: 0.9714
2020-01-26 10:53:02,524 - experiment_entropy_bs_i500_b20_1 - INFO - start step #15
2020-01-26 10:53:16,872 - experiment_entropy_bs_i500_b20_1 - INFO - finish step #15 for 14.34794807434082 sec
2020-01-26 10:53:16,872 - experiment_entropy_bs_i500_b20_1 - INFO - current val_accuracy: 0.9729
2020-01-26 10:53:16,873 - experiment_entropy_bs_i500_b20_1 - INFO - start step #16
2020-01-26 10:53:29,935 - experiment_entropy_bs_i500_b20_1 - INFO - finish step #16 for 13.0623459815979 sec
2020-01-26 10:53:29,935 - experiment_entropy_bs_i500_b20_1 - INFO - current val_accuracy: 0.9771
2020-01-26 10:53:29,936 - experiment_entropy_bs_i500_b20_1 - INFO - start step #17
2020-01-26 10:53:43,706 - experiment_entropy_bs_i500_b20_1 - INFO - finish step #17 for 13.770301818847656 sec
2020-01-26 10:53:43,707 - experiment_entropy_bs_i500_b20_1 - INFO - current val_accuracy: 0.9767
2020-01-26 10:53:43,707 - experiment_entropy_bs_i500_b20_1 - INFO - start step #18
2020-01-26 10:53:57,020 - experiment_entropy_bs_i500_b20_1 - INFO - finish step #18 for 13.313024044036865 sec
2020-01-26 10:53:57,021 - experiment_entropy_bs_i500_b20_1 - INFO - current val_accuracy: 0.9781
2020-01-26 10:53:57,022 - experiment_entropy_bs_i500_b20_1 - INFO - start step #19
2020-01-26 10:54:10,465 - experiment_entropy_bs_i500_b20_1 - INFO - finish step #19 for 13.442444086074829 sec
2020-01-26 10:54:10,465 - experiment_entropy_bs_i500_b20_1 - INFO - current val_accuracy: 0.9742
2020-01-26 10:54:10,466 - experiment_entropy_bs_i500_b20_1 - INFO - start step #20
2020-01-26 10:54:24,050 - experiment_entropy_bs_i500_b20_1 - INFO - finish step #20 for 13.583987951278687 sec
2020-01-26 10:54:24,061 - experiment_entropy_bs_i500_b20_1 - INFO - current val_accuracy: 0.979
2020-01-26 10:54:24,062 - experiment_entropy_bs_i500_b20_1 - INFO - start step #21
2020-01-26 10:54:38,373 - experiment_entropy_bs_i500_b20_1 - INFO - finish step #21 for 14.311134099960327 sec
2020-01-26 10:54:38,374 - experiment_entropy_bs_i500_b20_1 - INFO - current val_accuracy: 0.9778
2020-01-26 10:54:38,374 - experiment_entropy_bs_i500_b20_1 - INFO - start step #22
2020-01-26 10:54:52,449 - experiment_entropy_bs_i500_b20_1 - INFO - finish step #22 for 14.075340032577515 sec
2020-01-26 10:54:52,450 - experiment_entropy_bs_i500_b20_1 - INFO - current val_accuracy: 0.9763
2020-01-26 10:54:52,450 - experiment_entropy_bs_i500_b20_1 - INFO - start step #23
2020-01-26 10:55:06,035 - experiment_entropy_bs_i500_b20_1 - INFO - finish step #23 for 13.584535121917725 sec
2020-01-26 10:55:06,035 - experiment_entropy_bs_i500_b20_1 - INFO - current val_accuracy: 0.9787
2020-01-26 10:55:06,035 - experiment_entropy_bs_i500_b20_1 - INFO - start step #24
2020-01-26 10:55:19,498 - experiment_entropy_bs_i500_b20_1 - INFO - finish step #24 for 13.463023900985718 sec
2020-01-26 10:55:19,499 - experiment_entropy_bs_i500_b20_1 - INFO - current val_accuracy: 0.9791
2020-01-26 10:55:19,499 - experiment_entropy_bs_i500_b20_1 - INFO - start step #25
2020-01-26 10:55:32,981 - experiment_entropy_bs_i500_b20_1 - INFO - finish step #25 for 13.482025861740112 sec
2020-01-26 10:55:32,981 - experiment_entropy_bs_i500_b20_1 - INFO - current val_accuracy: 0.9783
2020-01-26 10:55:32,982 - experiment_entropy_bs_i500_b20_1 - INFO - start step #26
2020-01-26 10:55:47,809 - experiment_entropy_bs_i500_b20_1 - INFO - finish step #26 for 14.826717138290405 sec
2020-01-26 10:55:47,810 - experiment_entropy_bs_i500_b20_1 - INFO - current val_accuracy: 0.9788
2020-01-26 10:55:47,811 - experiment_entropy_bs_i500_b20_1 - INFO - start step #27
2020-01-26 10:56:02,470 - experiment_entropy_bs_i500_b20_1 - INFO - finish step #27 for 14.65912389755249 sec
2020-01-26 10:56:02,470 - experiment_entropy_bs_i500_b20_1 - INFO - current val_accuracy: 0.9774
2020-01-26 10:56:02,471 - experiment_entropy_bs_i500_b20_1 - INFO - start step #28
2020-01-26 10:56:18,402 - experiment_entropy_bs_i500_b20_1 - INFO - finish step #28 for 15.931184768676758 sec
2020-01-26 10:56:18,402 - experiment_entropy_bs_i500_b20_1 - INFO - current val_accuracy: 0.9808
2020-01-26 10:56:18,402 - experiment_entropy_bs_i500_b20_1 - INFO - start step #29
2020-01-26 10:56:36,417 - experiment_entropy_bs_i500_b20_1 - INFO - finish step #29 for 18.014738082885742 sec
2020-01-26 10:56:36,419 - experiment_entropy_bs_i500_b20_1 - INFO - current val_accuracy: 0.9822
2020-01-26 10:56:36,419 - experiment_entropy_bs_i500_b20_1 - INFO - finish experiment process for 414.64123702049255 sec
2020-02-12 15:15:28,686 - experiment_entropy_bs_i500_b20_1 - INFO - start experiment process
2020-02-12 15:15:33,504 - experiment_entropy_bs_i500_b20_1 - INFO - initial val_accuracy: 0.9113
2020-02-12 15:15:33,504 - experiment_entropy_bs_i500_b20_1 - INFO - start step #0
2020-02-12 15:15:45,270 - experiment_entropy_bs_i500_b20_1 - INFO - finish step #0 for 11.765779972076416 sec
2020-02-12 15:15:45,270 - experiment_entropy_bs_i500_b20_1 - INFO - current val_accuracy: 0.9126
2020-02-12 15:15:45,271 - experiment_entropy_bs_i500_b20_1 - INFO - start step #1
2020-02-12 15:15:56,323 - experiment_entropy_bs_i500_b20_1 - INFO - finish step #1 for 11.051385641098022 sec
2020-02-12 15:15:56,323 - experiment_entropy_bs_i500_b20_1 - INFO - current val_accuracy: 0.9203
2020-02-12 15:15:56,323 - experiment_entropy_bs_i500_b20_1 - INFO - start step #2
2020-02-12 15:16:06,483 - experiment_entropy_bs_i500_b20_1 - INFO - finish step #2 for 10.159721851348877 sec
2020-02-12 15:16:06,483 - experiment_entropy_bs_i500_b20_1 - INFO - current val_accuracy: 0.9337
2020-02-12 15:16:06,483 - experiment_entropy_bs_i500_b20_1 - INFO - start step #3
2020-02-12 15:16:16,896 - experiment_entropy_bs_i500_b20_1 - INFO - finish step #3 for 10.411941289901733 sec
2020-02-12 15:16:16,896 - experiment_entropy_bs_i500_b20_1 - INFO - current val_accuracy: 0.9337
2020-02-12 15:16:16,896 - experiment_entropy_bs_i500_b20_1 - INFO - start step #4
2020-02-12 15:16:27,365 - experiment_entropy_bs_i500_b20_1 - INFO - finish step #4 for 10.468977928161621 sec
2020-02-12 15:16:27,366 - experiment_entropy_bs_i500_b20_1 - INFO - current val_accuracy: 0.93
2020-02-12 15:16:27,366 - experiment_entropy_bs_i500_b20_1 - INFO - start step #5
2020-02-12 15:16:37,701 - experiment_entropy_bs_i500_b20_1 - INFO - finish step #5 for 10.335405111312866 sec
2020-02-12 15:16:37,702 - experiment_entropy_bs_i500_b20_1 - INFO - current val_accuracy: 0.9371
2020-02-12 15:16:37,702 - experiment_entropy_bs_i500_b20_1 - INFO - start step #6
2020-02-12 15:16:48,494 - experiment_entropy_bs_i500_b20_1 - INFO - finish step #6 for 10.791553020477295 sec
2020-02-12 15:16:48,494 - experiment_entropy_bs_i500_b20_1 - INFO - current val_accuracy: 0.9355
2020-02-12 15:16:48,494 - experiment_entropy_bs_i500_b20_1 - INFO - start step #7
2020-02-12 15:16:59,004 - experiment_entropy_bs_i500_b20_1 - INFO - finish step #7 for 10.509586095809937 sec
2020-02-12 15:16:59,004 - experiment_entropy_bs_i500_b20_1 - INFO - current val_accuracy: 0.9444
2020-02-12 15:16:59,005 - experiment_entropy_bs_i500_b20_1 - INFO - start step #8
2020-02-12 15:17:11,124 - experiment_entropy_bs_i500_b20_1 - INFO - finish step #8 for 12.118978023529053 sec
2020-02-12 15:17:11,124 - experiment_entropy_bs_i500_b20_1 - INFO - current val_accuracy: 0.9499
2020-02-12 15:17:11,124 - experiment_entropy_bs_i500_b20_1 - INFO - start step #9
2020-02-12 15:17:23,033 - experiment_entropy_bs_i500_b20_1 - INFO - finish step #9 for 11.90811800956726 sec
2020-02-12 15:17:23,033 - experiment_entropy_bs_i500_b20_1 - INFO - current val_accuracy: 0.9484
2020-02-12 15:17:23,033 - experiment_entropy_bs_i500_b20_1 - INFO - start step #10
2020-02-12 15:17:34,861 - experiment_entropy_bs_i500_b20_1 - INFO - finish step #10 for 11.827471256256104 sec
2020-02-12 15:17:34,861 - experiment_entropy_bs_i500_b20_1 - INFO - current val_accuracy: 0.9479
2020-02-12 15:17:34,862 - experiment_entropy_bs_i500_b20_1 - INFO - start step #11
2020-02-12 15:17:46,319 - experiment_entropy_bs_i500_b20_1 - INFO - finish step #11 for 11.457549810409546 sec
2020-02-12 15:17:46,320 - experiment_entropy_bs_i500_b20_1 - INFO - current val_accuracy: 0.9565
2020-02-12 15:17:46,320 - experiment_entropy_bs_i500_b20_1 - INFO - start step #12
2020-02-12 15:17:58,305 - experiment_entropy_bs_i500_b20_1 - INFO - finish step #12 for 11.985358238220215 sec
2020-02-12 15:17:58,306 - experiment_entropy_bs_i500_b20_1 - INFO - current val_accuracy: 0.9523
2020-02-12 15:17:58,306 - experiment_entropy_bs_i500_b20_1 - INFO - start step #13
2020-02-12 15:18:14,431 - experiment_entropy_bs_i500_b20_1 - INFO - finish step #13 for 16.1248619556427 sec
2020-02-12 15:18:14,432 - experiment_entropy_bs_i500_b20_1 - INFO - current val_accuracy: 0.9569
2020-02-12 15:18:14,432 - experiment_entropy_bs_i500_b20_1 - INFO - start step #14
2020-02-12 15:18:27,326 - experiment_entropy_bs_i500_b20_1 - INFO - finish step #14 for 12.893276929855347 sec
2020-02-12 15:18:27,327 - experiment_entropy_bs_i500_b20_1 - INFO - current val_accuracy: 0.9601
2020-02-12 15:18:27,328 - experiment_entropy_bs_i500_b20_1 - INFO - start step #15
2020-02-12 15:18:44,090 - experiment_entropy_bs_i500_b20_1 - INFO - finish step #15 for 16.761596202850342 sec
2020-02-12 15:18:44,091 - experiment_entropy_bs_i500_b20_1 - INFO - current val_accuracy: 0.9616
2020-02-12 15:18:44,091 - experiment_entropy_bs_i500_b20_1 - INFO - start step #16
2020-02-12 15:18:58,663 - experiment_entropy_bs_i500_b20_1 - INFO - finish step #16 for 14.57175588607788 sec
2020-02-12 15:18:58,664 - experiment_entropy_bs_i500_b20_1 - INFO - current val_accuracy: 0.9626
2020-02-12 15:18:58,664 - experiment_entropy_bs_i500_b20_1 - INFO - start step #17
2020-02-12 15:19:11,272 - experiment_entropy_bs_i500_b20_1 - INFO - finish step #17 for 12.607680797576904 sec
2020-02-12 15:19:11,272 - experiment_entropy_bs_i500_b20_1 - INFO - current val_accuracy: 0.9655
2020-02-12 15:19:11,272 - experiment_entropy_bs_i500_b20_1 - INFO - start step #18
2020-02-12 15:19:24,614 - experiment_entropy_bs_i500_b20_1 - INFO - finish step #18 for 13.341203212738037 sec
2020-02-12 15:19:24,614 - experiment_entropy_bs_i500_b20_1 - INFO - current val_accuracy: 0.9634
2020-02-12 15:19:24,614 - experiment_entropy_bs_i500_b20_1 - INFO - start step #19
2020-02-12 15:19:38,333 - experiment_entropy_bs_i500_b20_1 - INFO - finish step #19 for 13.7184476852417 sec
2020-02-12 15:19:38,333 - experiment_entropy_bs_i500_b20_1 - INFO - current val_accuracy: 0.9614
2020-02-12 15:19:38,333 - experiment_entropy_bs_i500_b20_1 - INFO - start step #20
2020-02-12 15:19:52,425 - experiment_entropy_bs_i500_b20_1 - INFO - finish step #20 for 14.09132432937622 sec
2020-02-12 15:19:52,425 - experiment_entropy_bs_i500_b20_1 - INFO - current val_accuracy: 0.9658
2020-02-12 15:19:52,425 - experiment_entropy_bs_i500_b20_1 - INFO - start step #21
2020-02-12 15:20:05,955 - experiment_entropy_bs_i500_b20_1 - INFO - finish step #21 for 13.529526948928833 sec
2020-02-12 15:20:05,955 - experiment_entropy_bs_i500_b20_1 - INFO - current val_accuracy: 0.9679
2020-02-12 15:20:05,956 - experiment_entropy_bs_i500_b20_1 - INFO - start step #22
2020-02-12 15:20:20,118 - experiment_entropy_bs_i500_b20_1 - INFO - finish step #22 for 14.16211724281311 sec
2020-02-12 15:20:20,118 - experiment_entropy_bs_i500_b20_1 - INFO - current val_accuracy: 0.97
2020-02-12 15:20:20,118 - experiment_entropy_bs_i500_b20_1 - INFO - start step #23
2020-02-12 15:20:35,833 - experiment_entropy_bs_i500_b20_1 - INFO - finish step #23 for 15.71451210975647 sec
2020-02-12 15:20:35,833 - experiment_entropy_bs_i500_b20_1 - INFO - current val_accuracy: 0.9656
2020-02-12 15:20:35,834 - experiment_entropy_bs_i500_b20_1 - INFO - start step #24
2020-02-12 15:20:51,387 - experiment_entropy_bs_i500_b20_1 - INFO - finish step #24 for 15.553071022033691 sec
2020-02-12 15:20:51,389 - experiment_entropy_bs_i500_b20_1 - INFO - current val_accuracy: 0.9693
2020-02-12 15:20:51,390 - experiment_entropy_bs_i500_b20_1 - INFO - start step #25
2020-02-12 15:21:05,746 - experiment_entropy_bs_i500_b20_1 - INFO - finish step #25 for 14.355540990829468 sec
2020-02-12 15:21:05,747 - experiment_entropy_bs_i500_b20_1 - INFO - current val_accuracy: 0.9695
2020-02-12 15:21:05,747 - experiment_entropy_bs_i500_b20_1 - INFO - start step #26
2020-02-12 15:21:21,280 - experiment_entropy_bs_i500_b20_1 - INFO - finish step #26 for 15.532355070114136 sec
2020-02-12 15:21:21,282 - experiment_entropy_bs_i500_b20_1 - INFO - current val_accuracy: 0.9693
2020-02-12 15:21:21,283 - experiment_entropy_bs_i500_b20_1 - INFO - start step #27
2020-02-12 15:21:35,427 - experiment_entropy_bs_i500_b20_1 - INFO - finish step #27 for 14.143644094467163 sec
2020-02-12 15:21:35,428 - experiment_entropy_bs_i500_b20_1 - INFO - current val_accuracy: 0.9723
2020-02-12 15:21:35,429 - experiment_entropy_bs_i500_b20_1 - INFO - start step #28
2020-02-12 15:21:51,258 - experiment_entropy_bs_i500_b20_1 - INFO - finish step #28 for 15.829061031341553 sec
2020-02-12 15:21:51,259 - experiment_entropy_bs_i500_b20_1 - INFO - current val_accuracy: 0.9724
2020-02-12 15:21:51,260 - experiment_entropy_bs_i500_b20_1 - INFO - start step #29
2020-02-12 15:22:03,699 - experiment_entropy_bs_i500_b20_1 - INFO - finish step #29 for 12.438758134841919 sec
2020-02-12 15:22:03,699 - experiment_entropy_bs_i500_b20_1 - INFO - current val_accuracy: 0.9721
2020-02-12 15:22:03,699 - experiment_entropy_bs_i500_b20_1 - INFO - finish experiment process for 395.0120871067047 sec
