2020-03-06 20:40:17,272 - experiment_margin_i500_b20_5 - INFO - start experiment process
2020-03-06 20:40:22,792 - experiment_margin_i500_b20_5 - INFO - initial val_accuracy: 0.9255
2020-03-06 20:40:22,792 - experiment_margin_i500_b20_5 - INFO - start step #0
2020-03-06 20:40:34,806 - experiment_margin_i500_b20_5 - INFO - finish step #0 for 12.014400005340576 sec
2020-03-06 20:40:34,806 - experiment_margin_i500_b20_5 - INFO - current val_accuracy: 0.9347
2020-03-06 20:40:34,807 - experiment_margin_i500_b20_5 - INFO - start step #1
2020-03-06 20:40:47,651 - experiment_margin_i500_b20_5 - INFO - finish step #1 for 12.843705892562866 sec
2020-03-06 20:40:47,651 - experiment_margin_i500_b20_5 - INFO - current val_accuracy: 0.9351
2020-03-06 20:40:47,651 - experiment_margin_i500_b20_5 - INFO - start step #2
2020-03-06 20:40:58,531 - experiment_margin_i500_b20_5 - INFO - finish step #2 for 10.879421949386597 sec
2020-03-06 20:40:58,533 - experiment_margin_i500_b20_5 - INFO - current val_accuracy: 0.9325
2020-03-06 20:40:58,534 - experiment_margin_i500_b20_5 - INFO - start step #3
2020-03-06 20:41:10,751 - experiment_margin_i500_b20_5 - INFO - finish step #3 for 12.217519044876099 sec
2020-03-06 20:41:10,752 - experiment_margin_i500_b20_5 - INFO - current val_accuracy: 0.9401
2020-03-06 20:41:10,752 - experiment_margin_i500_b20_5 - INFO - start step #4
2020-03-06 20:41:22,633 - experiment_margin_i500_b20_5 - INFO - finish step #4 for 11.881119012832642 sec
2020-03-06 20:41:22,633 - experiment_margin_i500_b20_5 - INFO - current val_accuracy: 0.9381
2020-03-06 20:41:22,634 - experiment_margin_i500_b20_5 - INFO - start step #5
2020-03-06 20:41:34,391 - experiment_margin_i500_b20_5 - INFO - finish step #5 for 11.756996154785156 sec
2020-03-06 20:41:34,391 - experiment_margin_i500_b20_5 - INFO - current val_accuracy: 0.9456
2020-03-06 20:41:34,392 - experiment_margin_i500_b20_5 - INFO - start step #6
2020-03-06 20:41:47,201 - experiment_margin_i500_b20_5 - INFO - finish step #6 for 12.809542179107666 sec
2020-03-06 20:41:47,201 - experiment_margin_i500_b20_5 - INFO - current val_accuracy: 0.9405
2020-03-06 20:41:47,202 - experiment_margin_i500_b20_5 - INFO - start step #7
2020-03-06 20:41:59,533 - experiment_margin_i500_b20_5 - INFO - finish step #7 for 12.331215858459473 sec
2020-03-06 20:41:59,533 - experiment_margin_i500_b20_5 - INFO - current val_accuracy: 0.9543
2020-03-06 20:41:59,534 - experiment_margin_i500_b20_5 - INFO - start step #8
2020-03-06 20:42:11,335 - experiment_margin_i500_b20_5 - INFO - finish step #8 for 11.801622152328491 sec
2020-03-06 20:42:11,336 - experiment_margin_i500_b20_5 - INFO - current val_accuracy: 0.9563
2020-03-06 20:42:11,336 - experiment_margin_i500_b20_5 - INFO - start step #9
2020-03-06 20:42:23,511 - experiment_margin_i500_b20_5 - INFO - finish step #9 for 12.174807786941528 sec
2020-03-06 20:42:23,511 - experiment_margin_i500_b20_5 - INFO - current val_accuracy: 0.9585
2020-03-06 20:42:23,512 - experiment_margin_i500_b20_5 - INFO - start step #10
2020-03-06 20:42:35,658 - experiment_margin_i500_b20_5 - INFO - finish step #10 for 12.146656036376953 sec
2020-03-06 20:42:35,659 - experiment_margin_i500_b20_5 - INFO - current val_accuracy: 0.9618
2020-03-06 20:42:35,659 - experiment_margin_i500_b20_5 - INFO - start step #11
2020-03-06 20:42:47,569 - experiment_margin_i500_b20_5 - INFO - finish step #11 for 11.9093656539917 sec
2020-03-06 20:42:47,569 - experiment_margin_i500_b20_5 - INFO - current val_accuracy: 0.9591
2020-03-06 20:42:47,569 - experiment_margin_i500_b20_5 - INFO - start step #12
2020-03-06 20:42:59,723 - experiment_margin_i500_b20_5 - INFO - finish step #12 for 12.154028177261353 sec
2020-03-06 20:42:59,724 - experiment_margin_i500_b20_5 - INFO - current val_accuracy: 0.9662
2020-03-06 20:42:59,724 - experiment_margin_i500_b20_5 - INFO - start step #13
2020-03-06 20:43:12,428 - experiment_margin_i500_b20_5 - INFO - finish step #13 for 12.703732013702393 sec
2020-03-06 20:43:12,428 - experiment_margin_i500_b20_5 - INFO - current val_accuracy: 0.9677
2020-03-06 20:43:12,428 - experiment_margin_i500_b20_5 - INFO - start step #14
2020-03-06 20:43:26,077 - experiment_margin_i500_b20_5 - INFO - finish step #14 for 13.648143291473389 sec
2020-03-06 20:43:26,079 - experiment_margin_i500_b20_5 - INFO - current val_accuracy: 0.9669
2020-03-06 20:43:26,079 - experiment_margin_i500_b20_5 - INFO - start step #15
2020-03-06 20:43:39,276 - experiment_margin_i500_b20_5 - INFO - finish step #15 for 13.196334838867188 sec
2020-03-06 20:43:39,276 - experiment_margin_i500_b20_5 - INFO - current val_accuracy: 0.9676
2020-03-06 20:43:39,276 - experiment_margin_i500_b20_5 - INFO - start step #16
2020-03-06 20:43:53,408 - experiment_margin_i500_b20_5 - INFO - finish step #16 for 14.131086111068726 sec
2020-03-06 20:43:53,408 - experiment_margin_i500_b20_5 - INFO - current val_accuracy: 0.9705
2020-03-06 20:43:53,408 - experiment_margin_i500_b20_5 - INFO - start step #17
2020-03-06 20:44:10,406 - experiment_margin_i500_b20_5 - INFO - finish step #17 for 16.99802279472351 sec
2020-03-06 20:44:10,407 - experiment_margin_i500_b20_5 - INFO - current val_accuracy: 0.9718
2020-03-06 20:44:10,407 - experiment_margin_i500_b20_5 - INFO - start step #18
2020-03-06 20:44:27,257 - experiment_margin_i500_b20_5 - INFO - finish step #18 for 16.84965991973877 sec
2020-03-06 20:44:27,257 - experiment_margin_i500_b20_5 - INFO - current val_accuracy: 0.97
2020-03-06 20:44:27,258 - experiment_margin_i500_b20_5 - INFO - start step #19
2020-03-06 20:44:41,018 - experiment_margin_i500_b20_5 - INFO - finish step #19 for 13.760198831558228 sec
2020-03-06 20:44:41,019 - experiment_margin_i500_b20_5 - INFO - current val_accuracy: 0.9728
2020-03-06 20:44:41,019 - experiment_margin_i500_b20_5 - INFO - start step #20
2020-03-06 20:44:53,944 - experiment_margin_i500_b20_5 - INFO - finish step #20 for 12.924844026565552 sec
2020-03-06 20:44:53,944 - experiment_margin_i500_b20_5 - INFO - current val_accuracy: 0.9751
2020-03-06 20:44:53,945 - experiment_margin_i500_b20_5 - INFO - start step #21
2020-03-06 20:45:06,889 - experiment_margin_i500_b20_5 - INFO - finish step #21 for 12.944011926651001 sec
2020-03-06 20:45:06,889 - experiment_margin_i500_b20_5 - INFO - current val_accuracy: 0.9752
2020-03-06 20:45:06,890 - experiment_margin_i500_b20_5 - INFO - start step #22
2020-03-06 20:45:20,129 - experiment_margin_i500_b20_5 - INFO - finish step #22 for 13.239463090896606 sec
2020-03-06 20:45:20,129 - experiment_margin_i500_b20_5 - INFO - current val_accuracy: 0.9744
2020-03-06 20:45:20,130 - experiment_margin_i500_b20_5 - INFO - start step #23
2020-03-06 20:45:33,236 - experiment_margin_i500_b20_5 - INFO - finish step #23 for 13.106336116790771 sec
2020-03-06 20:45:33,237 - experiment_margin_i500_b20_5 - INFO - current val_accuracy: 0.9751
2020-03-06 20:45:33,237 - experiment_margin_i500_b20_5 - INFO - start step #24
2020-03-06 20:45:47,824 - experiment_margin_i500_b20_5 - INFO - finish step #24 for 14.586414813995361 sec
2020-03-06 20:45:47,824 - experiment_margin_i500_b20_5 - INFO - current val_accuracy: 0.9745
2020-03-06 20:45:47,824 - experiment_margin_i500_b20_5 - INFO - start step #25
2020-03-06 20:46:01,574 - experiment_margin_i500_b20_5 - INFO - finish step #25 for 13.74946403503418 sec
2020-03-06 20:46:01,575 - experiment_margin_i500_b20_5 - INFO - current val_accuracy: 0.9775
2020-03-06 20:46:01,576 - experiment_margin_i500_b20_5 - INFO - start step #26
2020-03-06 20:46:16,511 - experiment_margin_i500_b20_5 - INFO - finish step #26 for 14.93447494506836 sec
2020-03-06 20:46:16,511 - experiment_margin_i500_b20_5 - INFO - current val_accuracy: 0.9782
2020-03-06 20:46:16,511 - experiment_margin_i500_b20_5 - INFO - start step #27
2020-03-06 20:46:29,266 - experiment_margin_i500_b20_5 - INFO - finish step #27 for 12.755330085754395 sec
2020-03-06 20:46:29,267 - experiment_margin_i500_b20_5 - INFO - current val_accuracy: 0.9792
2020-03-06 20:46:29,267 - experiment_margin_i500_b20_5 - INFO - start step #28
2020-03-06 20:46:42,322 - experiment_margin_i500_b20_5 - INFO - finish step #28 for 13.054872035980225 sec
2020-03-06 20:46:42,322 - experiment_margin_i500_b20_5 - INFO - current val_accuracy: 0.9747
2020-03-06 20:46:42,324 - experiment_margin_i500_b20_5 - INFO - start step #29
2020-03-06 20:46:54,954 - experiment_margin_i500_b20_5 - INFO - finish step #29 for 12.629706144332886 sec
2020-03-06 20:46:54,954 - experiment_margin_i500_b20_5 - INFO - current val_accuracy: 0.9778
2020-03-06 20:46:54,955 - experiment_margin_i500_b20_5 - INFO - finish experiment process for 397.6824231147766 sec
