2020-01-22 12:27:10,596 - experiment_entropy_i500_b20_2 - INFO - start experiment process
2020-01-22 12:27:16,392 - experiment_entropy_i500_b20_2 - INFO - initial val_accuracy: 0.9655
2020-01-22 12:27:16,393 - experiment_entropy_i500_b20_2 - INFO - start step #0
2020-01-22 12:27:35,001 - experiment_entropy_i500_b20_2 - INFO - finish step #0 for 18.607918739318848 sec
2020-01-22 12:27:35,001 - experiment_entropy_i500_b20_2 - INFO - current val_accuracy: 0.9666
2020-01-22 12:27:35,001 - experiment_entropy_i500_b20_2 - INFO - start step #1
2020-01-22 12:27:53,068 - experiment_entropy_i500_b20_2 - INFO - finish step #1 for 18.066022872924805 sec
2020-01-22 12:27:53,068 - experiment_entropy_i500_b20_2 - INFO - current val_accuracy: 0.9668
2020-01-22 12:27:53,068 - experiment_entropy_i500_b20_2 - INFO - start step #2
2020-01-22 12:28:12,081 - experiment_entropy_i500_b20_2 - INFO - finish step #2 for 19.01210331916809 sec
2020-01-22 12:28:12,081 - experiment_entropy_i500_b20_2 - INFO - current val_accuracy: 0.9652
2020-01-22 12:28:12,081 - experiment_entropy_i500_b20_2 - INFO - start step #3
2020-01-22 12:28:31,562 - experiment_entropy_i500_b20_2 - INFO - finish step #3 for 19.480427026748657 sec
2020-01-22 12:28:31,562 - experiment_entropy_i500_b20_2 - INFO - current val_accuracy: 0.9681
2020-01-22 12:28:31,563 - experiment_entropy_i500_b20_2 - INFO - start step #4
2020-01-22 12:28:49,652 - experiment_entropy_i500_b20_2 - INFO - finish step #4 for 18.08922791481018 sec
2020-01-22 12:28:49,653 - experiment_entropy_i500_b20_2 - INFO - current val_accuracy: 0.9692
2020-01-22 12:28:49,654 - experiment_entropy_i500_b20_2 - INFO - start step #5
2020-01-22 12:29:07,816 - experiment_entropy_i500_b20_2 - INFO - finish step #5 for 18.16155695915222 sec
2020-01-22 12:29:07,816 - experiment_entropy_i500_b20_2 - INFO - current val_accuracy: 0.9743
2020-01-22 12:29:07,817 - experiment_entropy_i500_b20_2 - INFO - start step #6
2020-01-22 12:29:27,107 - experiment_entropy_i500_b20_2 - INFO - finish step #6 for 19.290205240249634 sec
2020-01-22 12:29:27,107 - experiment_entropy_i500_b20_2 - INFO - current val_accuracy: 0.9727
2020-01-22 12:29:27,108 - experiment_entropy_i500_b20_2 - INFO - start step #7
2020-01-22 12:29:47,502 - experiment_entropy_i500_b20_2 - INFO - finish step #7 for 20.39391279220581 sec
2020-01-22 12:29:47,502 - experiment_entropy_i500_b20_2 - INFO - current val_accuracy: 0.974
2020-01-22 12:29:47,502 - experiment_entropy_i500_b20_2 - INFO - start step #8
2020-01-22 12:30:05,514 - experiment_entropy_i500_b20_2 - INFO - finish step #8 for 18.012233018875122 sec
2020-01-22 12:30:05,515 - experiment_entropy_i500_b20_2 - INFO - current val_accuracy: 0.9747
2020-01-22 12:30:05,515 - experiment_entropy_i500_b20_2 - INFO - start step #9
2020-01-22 12:30:22,804 - experiment_entropy_i500_b20_2 - INFO - finish step #9 for 17.2883620262146 sec
2020-01-22 12:30:22,804 - experiment_entropy_i500_b20_2 - INFO - current val_accuracy: 0.9749
2020-01-22 12:30:22,804 - experiment_entropy_i500_b20_2 - INFO - start step #10
2020-01-22 12:30:38,591 - experiment_entropy_i500_b20_2 - INFO - finish step #10 for 15.786919355392456 sec
2020-01-22 12:30:38,591 - experiment_entropy_i500_b20_2 - INFO - current val_accuracy: 0.9734
2020-01-22 12:30:38,592 - experiment_entropy_i500_b20_2 - INFO - start step #11
2020-01-22 12:30:54,660 - experiment_entropy_i500_b20_2 - INFO - finish step #11 for 16.068408250808716 sec
2020-01-22 12:30:54,660 - experiment_entropy_i500_b20_2 - INFO - current val_accuracy: 0.9755
2020-01-22 12:30:54,661 - experiment_entropy_i500_b20_2 - INFO - start step #12
2020-01-22 12:31:11,080 - experiment_entropy_i500_b20_2 - INFO - finish step #12 for 16.418549060821533 sec
2020-01-22 12:31:11,082 - experiment_entropy_i500_b20_2 - INFO - current val_accuracy: 0.9743
2020-01-22 12:31:11,083 - experiment_entropy_i500_b20_2 - INFO - start step #13
2020-01-22 12:31:26,456 - experiment_entropy_i500_b20_2 - INFO - finish step #13 for 15.372258186340332 sec
2020-01-22 12:31:26,456 - experiment_entropy_i500_b20_2 - INFO - current val_accuracy: 0.9763
2020-01-22 12:31:26,456 - experiment_entropy_i500_b20_2 - INFO - start step #14
2020-01-22 12:31:51,960 - experiment_entropy_i500_b20_2 - INFO - finish step #14 for 25.503931045532227 sec
2020-01-22 12:31:51,961 - experiment_entropy_i500_b20_2 - INFO - current val_accuracy: 0.9764
2020-01-22 12:31:51,962 - experiment_entropy_i500_b20_2 - INFO - start step #15
2020-01-22 12:32:22,018 - experiment_entropy_i500_b20_2 - INFO - finish step #15 for 30.055516242980957 sec
2020-01-22 12:32:22,018 - experiment_entropy_i500_b20_2 - INFO - current val_accuracy: 0.9755
2020-01-22 12:32:22,019 - experiment_entropy_i500_b20_2 - INFO - start step #16
2020-01-22 12:32:54,152 - experiment_entropy_i500_b20_2 - INFO - finish step #16 for 32.13255023956299 sec
2020-01-22 12:32:54,152 - experiment_entropy_i500_b20_2 - INFO - current val_accuracy: 0.9768
2020-01-22 12:32:54,153 - experiment_entropy_i500_b20_2 - INFO - start step #17
2020-01-22 12:33:22,441 - experiment_entropy_i500_b20_2 - INFO - finish step #17 for 28.288373947143555 sec
2020-01-22 12:33:22,442 - experiment_entropy_i500_b20_2 - INFO - current val_accuracy: 0.9764
2020-01-22 12:33:22,442 - experiment_entropy_i500_b20_2 - INFO - start step #18
2020-01-22 12:33:49,892 - experiment_entropy_i500_b20_2 - INFO - finish step #18 for 27.44984483718872 sec
2020-01-22 12:33:49,892 - experiment_entropy_i500_b20_2 - INFO - current val_accuracy: 0.977
2020-01-22 12:33:49,893 - experiment_entropy_i500_b20_2 - INFO - start step #19
2020-01-22 12:34:11,723 - experiment_entropy_i500_b20_2 - INFO - finish step #19 for 21.829699993133545 sec
2020-01-22 12:34:11,723 - experiment_entropy_i500_b20_2 - INFO - current val_accuracy: 0.9781
2020-01-22 12:34:11,723 - experiment_entropy_i500_b20_2 - INFO - start step #20
2020-01-22 12:34:29,104 - experiment_entropy_i500_b20_2 - INFO - finish step #20 for 17.38033699989319 sec
2020-01-22 12:34:29,104 - experiment_entropy_i500_b20_2 - INFO - current val_accuracy: 0.9747
2020-01-22 12:34:29,105 - experiment_entropy_i500_b20_2 - INFO - start step #21
2020-01-22 12:34:46,394 - experiment_entropy_i500_b20_2 - INFO - finish step #21 for 17.28903579711914 sec
2020-01-22 12:34:46,394 - experiment_entropy_i500_b20_2 - INFO - current val_accuracy: 0.9781
2020-01-22 12:34:46,394 - experiment_entropy_i500_b20_2 - INFO - start step #22
2020-01-22 12:35:04,042 - experiment_entropy_i500_b20_2 - INFO - finish step #22 for 17.64773392677307 sec
2020-01-22 12:35:04,042 - experiment_entropy_i500_b20_2 - INFO - current val_accuracy: 0.9755
2020-01-22 12:35:04,043 - experiment_entropy_i500_b20_2 - INFO - start step #23
2020-01-22 12:35:20,885 - experiment_entropy_i500_b20_2 - INFO - finish step #23 for 16.841947078704834 sec
2020-01-22 12:35:20,885 - experiment_entropy_i500_b20_2 - INFO - current val_accuracy: 0.9785
2020-01-22 12:35:20,886 - experiment_entropy_i500_b20_2 - INFO - start step #24
2020-01-22 12:35:37,634 - experiment_entropy_i500_b20_2 - INFO - finish step #24 for 16.748401880264282 sec
2020-01-22 12:35:37,634 - experiment_entropy_i500_b20_2 - INFO - current val_accuracy: 0.9798
2020-01-22 12:35:37,635 - experiment_entropy_i500_b20_2 - INFO - start step #25
2020-01-22 12:35:56,912 - experiment_entropy_i500_b20_2 - INFO - finish step #25 for 19.277231216430664 sec
2020-01-22 12:35:56,913 - experiment_entropy_i500_b20_2 - INFO - current val_accuracy: 0.9814
2020-01-22 12:35:56,914 - experiment_entropy_i500_b20_2 - INFO - start step #26
2020-01-22 12:36:13,848 - experiment_entropy_i500_b20_2 - INFO - finish step #26 for 16.93426513671875 sec
2020-01-22 12:36:13,848 - experiment_entropy_i500_b20_2 - INFO - current val_accuracy: 0.9794
2020-01-22 12:36:13,849 - experiment_entropy_i500_b20_2 - INFO - start step #27
2020-01-22 12:36:31,405 - experiment_entropy_i500_b20_2 - INFO - finish step #27 for 17.55599284172058 sec
2020-01-22 12:36:31,405 - experiment_entropy_i500_b20_2 - INFO - current val_accuracy: 0.9815
2020-01-22 12:36:31,405 - experiment_entropy_i500_b20_2 - INFO - start step #28
2020-01-22 12:36:49,996 - experiment_entropy_i500_b20_2 - INFO - finish step #28 for 18.590138912200928 sec
2020-01-22 12:36:49,996 - experiment_entropy_i500_b20_2 - INFO - current val_accuracy: 0.9824
2020-01-22 12:36:49,996 - experiment_entropy_i500_b20_2 - INFO - start step #29
2020-01-22 12:37:06,166 - experiment_entropy_i500_b20_2 - INFO - finish step #29 for 16.169471979141235 sec
2020-01-22 12:37:06,166 - experiment_entropy_i500_b20_2 - INFO - current val_accuracy: 0.9823
2020-01-22 12:37:06,166 - experiment_entropy_i500_b20_2 - INFO - finish experiment process for 595.5702612400055 sec
2020-01-22 12:56:00,041 - experiment_entropy_i500_b20_2 - INFO - start experiment process
2020-01-22 12:56:04,816 - experiment_entropy_i500_b20_2 - INFO - initial val_accuracy: 0.927
2020-01-22 12:56:04,816 - experiment_entropy_i500_b20_2 - INFO - start step #0
2020-01-22 12:56:15,198 - experiment_entropy_i500_b20_2 - INFO - finish step #0 for 10.381629943847656 sec
2020-01-22 12:56:15,199 - experiment_entropy_i500_b20_2 - INFO - current val_accuracy: 0.9264
2020-01-22 12:56:15,200 - experiment_entropy_i500_b20_2 - INFO - start step #1
2020-01-22 12:56:25,438 - experiment_entropy_i500_b20_2 - INFO - finish step #1 for 10.238548040390015 sec
2020-01-22 12:56:25,439 - experiment_entropy_i500_b20_2 - INFO - current val_accuracy: 0.9333
2020-01-22 12:56:25,439 - experiment_entropy_i500_b20_2 - INFO - start step #2
2020-01-22 12:56:35,607 - experiment_entropy_i500_b20_2 - INFO - finish step #2 for 10.167331218719482 sec
2020-01-22 12:56:35,608 - experiment_entropy_i500_b20_2 - INFO - current val_accuracy: 0.9358
2020-01-22 12:56:35,608 - experiment_entropy_i500_b20_2 - INFO - start step #3
2020-01-22 12:56:45,875 - experiment_entropy_i500_b20_2 - INFO - finish step #3 for 10.266150951385498 sec
2020-01-22 12:56:45,875 - experiment_entropy_i500_b20_2 - INFO - current val_accuracy: 0.9359
2020-01-22 12:56:45,875 - experiment_entropy_i500_b20_2 - INFO - start step #4
2020-01-22 12:56:55,901 - experiment_entropy_i500_b20_2 - INFO - finish step #4 for 10.026090145111084 sec
2020-01-22 12:56:55,903 - experiment_entropy_i500_b20_2 - INFO - current val_accuracy: 0.9425
2020-01-22 12:56:55,903 - experiment_entropy_i500_b20_2 - INFO - start step #5
2020-01-22 12:57:09,952 - experiment_entropy_i500_b20_2 - INFO - finish step #5 for 14.049118280410767 sec
2020-01-22 12:57:09,954 - experiment_entropy_i500_b20_2 - INFO - current val_accuracy: 0.9457
2020-01-22 12:57:09,955 - experiment_entropy_i500_b20_2 - INFO - start step #6
2020-01-22 12:57:23,827 - experiment_entropy_i500_b20_2 - INFO - finish step #6 for 13.872283697128296 sec
2020-01-22 12:57:23,828 - experiment_entropy_i500_b20_2 - INFO - current val_accuracy: 0.9431
2020-01-22 12:57:23,829 - experiment_entropy_i500_b20_2 - INFO - start step #7
2020-01-22 12:57:36,472 - experiment_entropy_i500_b20_2 - INFO - finish step #7 for 12.64231014251709 sec
2020-01-22 12:57:36,472 - experiment_entropy_i500_b20_2 - INFO - current val_accuracy: 0.9523
2020-01-22 12:57:36,472 - experiment_entropy_i500_b20_2 - INFO - start step #8
2020-01-22 12:57:49,287 - experiment_entropy_i500_b20_2 - INFO - finish step #8 for 12.814680099487305 sec
2020-01-22 12:57:49,287 - experiment_entropy_i500_b20_2 - INFO - current val_accuracy: 0.9508
2020-01-22 12:57:49,288 - experiment_entropy_i500_b20_2 - INFO - start step #9
2020-01-22 12:58:00,644 - experiment_entropy_i500_b20_2 - INFO - finish step #9 for 11.356583833694458 sec
2020-01-22 12:58:00,644 - experiment_entropy_i500_b20_2 - INFO - current val_accuracy: 0.9605
2020-01-22 12:58:00,645 - experiment_entropy_i500_b20_2 - INFO - start step #10
2020-01-22 12:58:15,705 - experiment_entropy_i500_b20_2 - INFO - finish step #10 for 15.059716701507568 sec
2020-01-22 12:58:15,705 - experiment_entropy_i500_b20_2 - INFO - current val_accuracy: 0.9588
2020-01-22 12:58:15,705 - experiment_entropy_i500_b20_2 - INFO - start step #11
2020-01-22 12:58:27,936 - experiment_entropy_i500_b20_2 - INFO - finish step #11 for 12.230659008026123 sec
2020-01-22 12:58:27,936 - experiment_entropy_i500_b20_2 - INFO - current val_accuracy: 0.9593
2020-01-22 12:58:27,937 - experiment_entropy_i500_b20_2 - INFO - start step #12
2020-01-22 12:58:41,298 - experiment_entropy_i500_b20_2 - INFO - finish step #12 for 13.36118221282959 sec
2020-01-22 12:58:41,299 - experiment_entropy_i500_b20_2 - INFO - current val_accuracy: 0.9589
2020-01-22 12:58:41,299 - experiment_entropy_i500_b20_2 - INFO - start step #13
2020-01-22 12:58:53,370 - experiment_entropy_i500_b20_2 - INFO - finish step #13 for 12.070482969284058 sec
2020-01-22 12:58:53,370 - experiment_entropy_i500_b20_2 - INFO - current val_accuracy: 0.9624
2020-01-22 12:58:53,370 - experiment_entropy_i500_b20_2 - INFO - start step #14
2020-01-22 12:59:06,015 - experiment_entropy_i500_b20_2 - INFO - finish step #14 for 12.644884824752808 sec
2020-01-22 12:59:06,015 - experiment_entropy_i500_b20_2 - INFO - current val_accuracy: 0.9641
2020-01-22 12:59:06,016 - experiment_entropy_i500_b20_2 - INFO - start step #15
2020-01-22 12:59:22,150 - experiment_entropy_i500_b20_2 - INFO - finish step #15 for 16.13316798210144 sec
2020-01-22 12:59:22,150 - experiment_entropy_i500_b20_2 - INFO - current val_accuracy: 0.9636
2020-01-22 12:59:22,151 - experiment_entropy_i500_b20_2 - INFO - start step #16
2020-01-22 12:59:38,633 - experiment_entropy_i500_b20_2 - INFO - finish step #16 for 16.48151922225952 sec
2020-01-22 12:59:38,633 - experiment_entropy_i500_b20_2 - INFO - current val_accuracy: 0.9671
2020-01-22 12:59:38,634 - experiment_entropy_i500_b20_2 - INFO - start step #17
2020-01-22 12:59:51,071 - experiment_entropy_i500_b20_2 - INFO - finish step #17 for 12.437244892120361 sec
2020-01-22 12:59:51,071 - experiment_entropy_i500_b20_2 - INFO - current val_accuracy: 0.9682
2020-01-22 12:59:51,071 - experiment_entropy_i500_b20_2 - INFO - start step #18
2020-01-22 13:00:03,238 - experiment_entropy_i500_b20_2 - INFO - finish step #18 for 12.166022777557373 sec
2020-01-22 13:00:03,238 - experiment_entropy_i500_b20_2 - INFO - current val_accuracy: 0.9697
2020-01-22 13:00:03,238 - experiment_entropy_i500_b20_2 - INFO - start step #19
2020-01-22 13:00:17,447 - experiment_entropy_i500_b20_2 - INFO - finish step #19 for 14.208430290222168 sec
2020-01-22 13:00:17,447 - experiment_entropy_i500_b20_2 - INFO - current val_accuracy: 0.9693
2020-01-22 13:00:17,447 - experiment_entropy_i500_b20_2 - INFO - start step #20
2020-01-22 13:00:29,795 - experiment_entropy_i500_b20_2 - INFO - finish step #20 for 12.347317934036255 sec
2020-01-22 13:00:29,795 - experiment_entropy_i500_b20_2 - INFO - current val_accuracy: 0.9687
2020-01-22 13:00:29,795 - experiment_entropy_i500_b20_2 - INFO - start step #21
2020-01-22 13:00:42,275 - experiment_entropy_i500_b20_2 - INFO - finish step #21 for 12.479491949081421 sec
2020-01-22 13:00:42,275 - experiment_entropy_i500_b20_2 - INFO - current val_accuracy: 0.9678
2020-01-22 13:00:42,276 - experiment_entropy_i500_b20_2 - INFO - start step #22
2020-01-22 13:00:54,753 - experiment_entropy_i500_b20_2 - INFO - finish step #22 for 12.477585315704346 sec
2020-01-22 13:00:54,753 - experiment_entropy_i500_b20_2 - INFO - current val_accuracy: 0.9708
2020-01-22 13:00:54,754 - experiment_entropy_i500_b20_2 - INFO - start step #23
2020-01-22 13:01:11,820 - experiment_entropy_i500_b20_2 - INFO - finish step #23 for 17.066422939300537 sec
2020-01-22 13:01:11,821 - experiment_entropy_i500_b20_2 - INFO - current val_accuracy: 0.9745
2020-01-22 13:01:11,821 - experiment_entropy_i500_b20_2 - INFO - start step #24
2020-01-22 13:01:26,870 - experiment_entropy_i500_b20_2 - INFO - finish step #24 for 15.047825336456299 sec
2020-01-22 13:01:26,870 - experiment_entropy_i500_b20_2 - INFO - current val_accuracy: 0.9718
2020-01-22 13:01:26,870 - experiment_entropy_i500_b20_2 - INFO - start step #25
2020-01-22 13:01:40,011 - experiment_entropy_i500_b20_2 - INFO - finish step #25 for 13.140520811080933 sec
2020-01-22 13:01:40,011 - experiment_entropy_i500_b20_2 - INFO - current val_accuracy: 0.973
2020-01-22 13:01:40,012 - experiment_entropy_i500_b20_2 - INFO - start step #26
2020-01-22 13:01:52,535 - experiment_entropy_i500_b20_2 - INFO - finish step #26 for 12.522910118103027 sec
2020-01-22 13:01:52,535 - experiment_entropy_i500_b20_2 - INFO - current val_accuracy: 0.9737
2020-01-22 13:01:52,535 - experiment_entropy_i500_b20_2 - INFO - start step #27
2020-01-22 13:02:06,190 - experiment_entropy_i500_b20_2 - INFO - finish step #27 for 13.654469013214111 sec
2020-01-22 13:02:06,190 - experiment_entropy_i500_b20_2 - INFO - current val_accuracy: 0.9737
2020-01-22 13:02:06,190 - experiment_entropy_i500_b20_2 - INFO - start step #28
2020-01-22 13:02:23,274 - experiment_entropy_i500_b20_2 - INFO - finish step #28 for 17.083755016326904 sec
2020-01-22 13:02:23,274 - experiment_entropy_i500_b20_2 - INFO - current val_accuracy: 0.977
2020-01-22 13:02:23,275 - experiment_entropy_i500_b20_2 - INFO - start step #29
2020-01-22 13:02:37,317 - experiment_entropy_i500_b20_2 - INFO - finish step #29 for 14.042547225952148 sec
2020-01-22 13:02:37,318 - experiment_entropy_i500_b20_2 - INFO - current val_accuracy: 0.9761
2020-01-22 13:02:37,318 - experiment_entropy_i500_b20_2 - INFO - finish experiment process for 397.27586793899536 sec
2020-03-06 21:02:25,147 - experiment_entropy_i500_b20_2 - INFO - start experiment process
2020-03-06 21:02:30,497 - experiment_entropy_i500_b20_2 - INFO - initial val_accuracy: 0.9199
2020-03-06 21:02:30,497 - experiment_entropy_i500_b20_2 - INFO - start step #0
2020-03-06 21:02:42,036 - experiment_entropy_i500_b20_2 - INFO - finish step #0 for 11.538973093032837 sec
2020-03-06 21:02:42,037 - experiment_entropy_i500_b20_2 - INFO - current val_accuracy: 0.917
2020-03-06 21:02:42,038 - experiment_entropy_i500_b20_2 - INFO - start step #1
2020-03-06 21:02:53,860 - experiment_entropy_i500_b20_2 - INFO - finish step #1 for 11.822143316268921 sec
2020-03-06 21:02:53,860 - experiment_entropy_i500_b20_2 - INFO - current val_accuracy: 0.9219
2020-03-06 21:02:53,861 - experiment_entropy_i500_b20_2 - INFO - start step #2
2020-03-06 21:03:05,949 - experiment_entropy_i500_b20_2 - INFO - finish step #2 for 12.08846402168274 sec
2020-03-06 21:03:05,951 - experiment_entropy_i500_b20_2 - INFO - current val_accuracy: 0.9313
2020-03-06 21:03:05,951 - experiment_entropy_i500_b20_2 - INFO - start step #3
2020-03-06 21:03:17,162 - experiment_entropy_i500_b20_2 - INFO - finish step #3 for 11.210172176361084 sec
2020-03-06 21:03:17,162 - experiment_entropy_i500_b20_2 - INFO - current val_accuracy: 0.9365
2020-03-06 21:03:17,162 - experiment_entropy_i500_b20_2 - INFO - start step #4
2020-03-06 21:03:28,731 - experiment_entropy_i500_b20_2 - INFO - finish step #4 for 11.568440198898315 sec
2020-03-06 21:03:28,732 - experiment_entropy_i500_b20_2 - INFO - current val_accuracy: 0.9412
2020-03-06 21:03:28,733 - experiment_entropy_i500_b20_2 - INFO - start step #5
2020-03-06 21:03:40,085 - experiment_entropy_i500_b20_2 - INFO - finish step #5 for 11.352306127548218 sec
2020-03-06 21:03:40,085 - experiment_entropy_i500_b20_2 - INFO - current val_accuracy: 0.9458
2020-03-06 21:03:40,086 - experiment_entropy_i500_b20_2 - INFO - start step #6
2020-03-06 21:03:52,644 - experiment_entropy_i500_b20_2 - INFO - finish step #6 for 12.558361053466797 sec
2020-03-06 21:03:52,645 - experiment_entropy_i500_b20_2 - INFO - current val_accuracy: 0.9479
2020-03-06 21:03:52,645 - experiment_entropy_i500_b20_2 - INFO - start step #7
2020-03-06 21:04:04,444 - experiment_entropy_i500_b20_2 - INFO - finish step #7 for 11.798625946044922 sec
2020-03-06 21:04:04,446 - experiment_entropy_i500_b20_2 - INFO - current val_accuracy: 0.9443
2020-03-06 21:04:04,446 - experiment_entropy_i500_b20_2 - INFO - start step #8
2020-03-06 21:04:16,253 - experiment_entropy_i500_b20_2 - INFO - finish step #8 for 11.806902885437012 sec
2020-03-06 21:04:16,253 - experiment_entropy_i500_b20_2 - INFO - current val_accuracy: 0.9531
2020-03-06 21:04:16,254 - experiment_entropy_i500_b20_2 - INFO - start step #9
2020-03-06 21:04:28,104 - experiment_entropy_i500_b20_2 - INFO - finish step #9 for 11.85051703453064 sec
2020-03-06 21:04:28,105 - experiment_entropy_i500_b20_2 - INFO - current val_accuracy: 0.9542
2020-03-06 21:04:28,106 - experiment_entropy_i500_b20_2 - INFO - start step #10
2020-03-06 21:04:40,717 - experiment_entropy_i500_b20_2 - INFO - finish step #10 for 12.61060118675232 sec
2020-03-06 21:04:40,717 - experiment_entropy_i500_b20_2 - INFO - current val_accuracy: 0.9574
2020-03-06 21:04:40,718 - experiment_entropy_i500_b20_2 - INFO - start step #11
2020-03-06 21:04:54,926 - experiment_entropy_i500_b20_2 - INFO - finish step #11 for 14.20792293548584 sec
2020-03-06 21:04:54,927 - experiment_entropy_i500_b20_2 - INFO - current val_accuracy: 0.9587
2020-03-06 21:04:54,928 - experiment_entropy_i500_b20_2 - INFO - start step #12
2020-03-06 21:05:07,608 - experiment_entropy_i500_b20_2 - INFO - finish step #12 for 12.680559158325195 sec
2020-03-06 21:05:07,609 - experiment_entropy_i500_b20_2 - INFO - current val_accuracy: 0.9574
2020-03-06 21:05:07,609 - experiment_entropy_i500_b20_2 - INFO - start step #13
2020-03-06 21:05:20,713 - experiment_entropy_i500_b20_2 - INFO - finish step #13 for 13.10317587852478 sec
2020-03-06 21:05:20,713 - experiment_entropy_i500_b20_2 - INFO - current val_accuracy: 0.9575
2020-03-06 21:05:20,714 - experiment_entropy_i500_b20_2 - INFO - start step #14
2020-03-06 21:05:35,649 - experiment_entropy_i500_b20_2 - INFO - finish step #14 for 14.935273885726929 sec
2020-03-06 21:05:35,649 - experiment_entropy_i500_b20_2 - INFO - current val_accuracy: 0.9635
2020-03-06 21:05:35,650 - experiment_entropy_i500_b20_2 - INFO - start step #15
2020-03-06 21:05:48,354 - experiment_entropy_i500_b20_2 - INFO - finish step #15 for 12.703894138336182 sec
2020-03-06 21:05:48,355 - experiment_entropy_i500_b20_2 - INFO - current val_accuracy: 0.9646
2020-03-06 21:05:48,355 - experiment_entropy_i500_b20_2 - INFO - start step #16
2020-03-06 21:06:00,770 - experiment_entropy_i500_b20_2 - INFO - finish step #16 for 12.414828062057495 sec
2020-03-06 21:06:00,770 - experiment_entropy_i500_b20_2 - INFO - current val_accuracy: 0.9643
2020-03-06 21:06:00,771 - experiment_entropy_i500_b20_2 - INFO - start step #17
2020-03-06 21:06:13,299 - experiment_entropy_i500_b20_2 - INFO - finish step #17 for 12.527730941772461 sec
2020-03-06 21:06:13,299 - experiment_entropy_i500_b20_2 - INFO - current val_accuracy: 0.9655
2020-03-06 21:06:13,300 - experiment_entropy_i500_b20_2 - INFO - start step #18
2020-03-06 21:06:25,513 - experiment_entropy_i500_b20_2 - INFO - finish step #18 for 12.21273422241211 sec
2020-03-06 21:06:25,513 - experiment_entropy_i500_b20_2 - INFO - current val_accuracy: 0.9703
2020-03-06 21:06:25,513 - experiment_entropy_i500_b20_2 - INFO - start step #19
2020-03-06 21:06:37,959 - experiment_entropy_i500_b20_2 - INFO - finish step #19 for 12.445575952529907 sec
2020-03-06 21:06:37,959 - experiment_entropy_i500_b20_2 - INFO - current val_accuracy: 0.9691
2020-03-06 21:06:37,959 - experiment_entropy_i500_b20_2 - INFO - start step #20
2020-03-06 21:06:50,570 - experiment_entropy_i500_b20_2 - INFO - finish step #20 for 12.610020160675049 sec
2020-03-06 21:06:50,570 - experiment_entropy_i500_b20_2 - INFO - current val_accuracy: 0.9706
2020-03-06 21:06:50,570 - experiment_entropy_i500_b20_2 - INFO - start step #21
2020-03-06 21:07:02,738 - experiment_entropy_i500_b20_2 - INFO - finish step #21 for 12.167457103729248 sec
2020-03-06 21:07:02,738 - experiment_entropy_i500_b20_2 - INFO - current val_accuracy: 0.9702
2020-03-06 21:07:02,738 - experiment_entropy_i500_b20_2 - INFO - start step #22
2020-03-06 21:07:15,776 - experiment_entropy_i500_b20_2 - INFO - finish step #22 for 13.037638902664185 sec
2020-03-06 21:07:15,776 - experiment_entropy_i500_b20_2 - INFO - current val_accuracy: 0.9713
2020-03-06 21:07:15,777 - experiment_entropy_i500_b20_2 - INFO - start step #23
2020-03-06 21:07:28,133 - experiment_entropy_i500_b20_2 - INFO - finish step #23 for 12.35588002204895 sec
2020-03-06 21:07:28,133 - experiment_entropy_i500_b20_2 - INFO - current val_accuracy: 0.9746
2020-03-06 21:07:28,133 - experiment_entropy_i500_b20_2 - INFO - start step #24
2020-03-06 21:07:41,656 - experiment_entropy_i500_b20_2 - INFO - finish step #24 for 13.522538661956787 sec
2020-03-06 21:07:41,656 - experiment_entropy_i500_b20_2 - INFO - current val_accuracy: 0.9746
2020-03-06 21:07:41,657 - experiment_entropy_i500_b20_2 - INFO - start step #25
2020-03-06 21:07:54,188 - experiment_entropy_i500_b20_2 - INFO - finish step #25 for 12.531458854675293 sec
2020-03-06 21:07:54,188 - experiment_entropy_i500_b20_2 - INFO - current val_accuracy: 0.9739
2020-03-06 21:07:54,189 - experiment_entropy_i500_b20_2 - INFO - start step #26
2020-03-06 21:08:06,561 - experiment_entropy_i500_b20_2 - INFO - finish step #26 for 12.371794939041138 sec
2020-03-06 21:08:06,561 - experiment_entropy_i500_b20_2 - INFO - current val_accuracy: 0.9752
2020-03-06 21:08:06,561 - experiment_entropy_i500_b20_2 - INFO - start step #27
2020-03-06 21:08:19,204 - experiment_entropy_i500_b20_2 - INFO - finish step #27 for 12.642854928970337 sec
2020-03-06 21:08:19,205 - experiment_entropy_i500_b20_2 - INFO - current val_accuracy: 0.9767
2020-03-06 21:08:19,205 - experiment_entropy_i500_b20_2 - INFO - start step #28
2020-03-06 21:08:32,272 - experiment_entropy_i500_b20_2 - INFO - finish step #28 for 13.066575765609741 sec
2020-03-06 21:08:32,272 - experiment_entropy_i500_b20_2 - INFO - current val_accuracy: 0.9781
2020-03-06 21:08:32,273 - experiment_entropy_i500_b20_2 - INFO - start step #29
2020-03-06 21:08:45,389 - experiment_entropy_i500_b20_2 - INFO - finish step #29 for 13.116586208343506 sec
2020-03-06 21:08:45,389 - experiment_entropy_i500_b20_2 - INFO - current val_accuracy: 0.9738
2020-03-06 21:08:45,390 - experiment_entropy_i500_b20_2 - INFO - finish experiment process for 380.2417299747467 sec
