2020-01-10 10:28:41,148 - experiment_mnist_entropy_2000_1 - INFO - start experiment process
2020-01-10 10:28:46,137 - experiment_mnist_entropy_2000_1 - INFO - initial val_accuracy: 0.9691
2020-01-10 10:28:46,137 - experiment_mnist_entropy_2000_1 - INFO - start step #0
2020-01-10 10:29:01,970 - experiment_mnist_entropy_2000_1 - INFO - finish step #0 for 15.832539796829224 sec
2020-01-10 10:29:01,971 - experiment_mnist_entropy_2000_1 - INFO - current val_accuracy: 0.9654
2020-01-10 10:29:01,972 - experiment_mnist_entropy_2000_1 - INFO - start step #1
2020-01-10 10:29:18,380 - experiment_mnist_entropy_2000_1 - INFO - finish step #1 for 16.40872073173523 sec
2020-01-10 10:29:18,382 - experiment_mnist_entropy_2000_1 - INFO - current val_accuracy: 0.965
2020-01-10 10:29:18,382 - experiment_mnist_entropy_2000_1 - INFO - start step #2
2020-01-10 10:29:35,298 - experiment_mnist_entropy_2000_1 - INFO - finish step #2 for 16.91529607772827 sec
2020-01-10 10:29:35,298 - experiment_mnist_entropy_2000_1 - INFO - current val_accuracy: 0.9705
2020-01-10 10:29:35,298 - experiment_mnist_entropy_2000_1 - INFO - start step #3
2020-01-10 10:29:50,595 - experiment_mnist_entropy_2000_1 - INFO - finish step #3 for 15.296361923217773 sec
2020-01-10 10:29:50,595 - experiment_mnist_entropy_2000_1 - INFO - current val_accuracy: 0.9701
2020-01-10 10:29:50,595 - experiment_mnist_entropy_2000_1 - INFO - start step #4
2020-01-10 10:30:07,160 - experiment_mnist_entropy_2000_1 - INFO - finish step #4 for 16.564514875411987 sec
2020-01-10 10:30:07,160 - experiment_mnist_entropy_2000_1 - INFO - current val_accuracy: 0.9706
2020-01-10 10:30:07,161 - experiment_mnist_entropy_2000_1 - INFO - start step #5
2020-01-10 10:30:25,135 - experiment_mnist_entropy_2000_1 - INFO - finish step #5 for 17.974223852157593 sec
2020-01-10 10:30:25,135 - experiment_mnist_entropy_2000_1 - INFO - current val_accuracy: 0.9718
2020-01-10 10:30:25,136 - experiment_mnist_entropy_2000_1 - INFO - start step #6
2020-01-10 10:30:43,866 - experiment_mnist_entropy_2000_1 - INFO - finish step #6 for 18.73021125793457 sec
2020-01-10 10:30:43,866 - experiment_mnist_entropy_2000_1 - INFO - current val_accuracy: 0.972
2020-01-10 10:30:43,866 - experiment_mnist_entropy_2000_1 - INFO - start step #7
2020-01-10 10:31:04,298 - experiment_mnist_entropy_2000_1 - INFO - finish step #7 for 20.431852102279663 sec
2020-01-10 10:31:04,299 - experiment_mnist_entropy_2000_1 - INFO - current val_accuracy: 0.9737
2020-01-10 10:31:04,299 - experiment_mnist_entropy_2000_1 - INFO - start step #8
2020-01-10 10:31:20,833 - experiment_mnist_entropy_2000_1 - INFO - finish step #8 for 16.53360104560852 sec
2020-01-10 10:31:20,833 - experiment_mnist_entropy_2000_1 - INFO - current val_accuracy: 0.9738
2020-01-10 10:31:20,833 - experiment_mnist_entropy_2000_1 - INFO - start step #9
2020-01-10 10:31:37,067 - experiment_mnist_entropy_2000_1 - INFO - finish step #9 for 16.233229875564575 sec
2020-01-10 10:31:37,067 - experiment_mnist_entropy_2000_1 - INFO - current val_accuracy: 0.9744
2020-01-10 10:31:37,067 - experiment_mnist_entropy_2000_1 - INFO - start step #10
2020-01-10 10:31:53,052 - experiment_mnist_entropy_2000_1 - INFO - finish step #10 for 15.98430585861206 sec
2020-01-10 10:31:53,052 - experiment_mnist_entropy_2000_1 - INFO - current val_accuracy: 0.9741
2020-01-10 10:31:53,052 - experiment_mnist_entropy_2000_1 - INFO - start step #11
2020-01-10 10:32:11,517 - experiment_mnist_entropy_2000_1 - INFO - finish step #11 for 18.464617013931274 sec
2020-01-10 10:32:11,517 - experiment_mnist_entropy_2000_1 - INFO - current val_accuracy: 0.9736
2020-01-10 10:32:11,518 - experiment_mnist_entropy_2000_1 - INFO - start step #12
2020-01-10 10:32:28,935 - experiment_mnist_entropy_2000_1 - INFO - finish step #12 for 17.41719913482666 sec
2020-01-10 10:32:28,935 - experiment_mnist_entropy_2000_1 - INFO - current val_accuracy: 0.9751
2020-01-10 10:32:28,936 - experiment_mnist_entropy_2000_1 - INFO - start step #13
2020-01-10 10:32:48,112 - experiment_mnist_entropy_2000_1 - INFO - finish step #13 for 19.176486253738403 sec
2020-01-10 10:32:48,113 - experiment_mnist_entropy_2000_1 - INFO - current val_accuracy: 0.9755
2020-01-10 10:32:48,113 - experiment_mnist_entropy_2000_1 - INFO - start step #14
2020-01-10 10:33:07,386 - experiment_mnist_entropy_2000_1 - INFO - finish step #14 for 19.272695064544678 sec
2020-01-10 10:33:07,386 - experiment_mnist_entropy_2000_1 - INFO - current val_accuracy: 0.9768
2020-01-10 10:33:07,387 - experiment_mnist_entropy_2000_1 - INFO - start step #15
2020-01-10 10:33:29,573 - experiment_mnist_entropy_2000_1 - INFO - finish step #15 for 22.18532419204712 sec
2020-01-10 10:33:29,573 - experiment_mnist_entropy_2000_1 - INFO - current val_accuracy: 0.9733
2020-01-10 10:33:29,574 - experiment_mnist_entropy_2000_1 - INFO - start step #16
2020-01-10 10:33:49,938 - experiment_mnist_entropy_2000_1 - INFO - finish step #16 for 20.36390709877014 sec
2020-01-10 10:33:49,939 - experiment_mnist_entropy_2000_1 - INFO - current val_accuracy: 0.9778
2020-01-10 10:33:49,940 - experiment_mnist_entropy_2000_1 - INFO - start step #17
2020-01-10 10:34:10,646 - experiment_mnist_entropy_2000_1 - INFO - finish step #17 for 20.70639204978943 sec
2020-01-10 10:34:10,646 - experiment_mnist_entropy_2000_1 - INFO - current val_accuracy: 0.9763
2020-01-10 10:34:10,646 - experiment_mnist_entropy_2000_1 - INFO - start step #18
2020-01-10 10:34:30,162 - experiment_mnist_entropy_2000_1 - INFO - finish step #18 for 19.515014171600342 sec
2020-01-10 10:34:30,162 - experiment_mnist_entropy_2000_1 - INFO - current val_accuracy: 0.9763
2020-01-10 10:34:30,162 - experiment_mnist_entropy_2000_1 - INFO - start step #19
2020-01-10 10:34:51,023 - experiment_mnist_entropy_2000_1 - INFO - finish step #19 for 20.86044216156006 sec
2020-01-10 10:34:51,023 - experiment_mnist_entropy_2000_1 - INFO - current val_accuracy: 0.9787
2020-01-10 10:34:51,023 - experiment_mnist_entropy_2000_1 - INFO - start step #20
2020-01-10 10:35:08,716 - experiment_mnist_entropy_2000_1 - INFO - finish step #20 for 17.692648887634277 sec
2020-01-10 10:35:08,716 - experiment_mnist_entropy_2000_1 - INFO - current val_accuracy: 0.9794
2020-01-10 10:35:08,716 - experiment_mnist_entropy_2000_1 - INFO - start step #21
2020-01-10 10:35:24,455 - experiment_mnist_entropy_2000_1 - INFO - finish step #21 for 15.738685131072998 sec
2020-01-10 10:35:24,455 - experiment_mnist_entropy_2000_1 - INFO - current val_accuracy: 0.9777
2020-01-10 10:35:24,456 - experiment_mnist_entropy_2000_1 - INFO - start step #22
2020-01-10 10:35:43,507 - experiment_mnist_entropy_2000_1 - INFO - finish step #22 for 19.05145812034607 sec
2020-01-10 10:35:43,507 - experiment_mnist_entropy_2000_1 - INFO - current val_accuracy: 0.9777
2020-01-10 10:35:43,508 - experiment_mnist_entropy_2000_1 - INFO - start step #23
2020-01-10 10:36:03,003 - experiment_mnist_entropy_2000_1 - INFO - finish step #23 for 19.495026111602783 sec
2020-01-10 10:36:03,004 - experiment_mnist_entropy_2000_1 - INFO - current val_accuracy: 0.9798
2020-01-10 10:36:03,004 - experiment_mnist_entropy_2000_1 - INFO - start step #24
2020-01-10 10:36:20,978 - experiment_mnist_entropy_2000_1 - INFO - finish step #24 for 17.973526000976562 sec
2020-01-10 10:36:20,978 - experiment_mnist_entropy_2000_1 - INFO - current val_accuracy: 0.9794
2020-01-10 10:36:20,979 - experiment_mnist_entropy_2000_1 - INFO - start step #25
2020-01-10 10:36:37,942 - experiment_mnist_entropy_2000_1 - INFO - finish step #25 for 16.963670015335083 sec
2020-01-10 10:36:37,943 - experiment_mnist_entropy_2000_1 - INFO - current val_accuracy: 0.9791
2020-01-10 10:36:37,943 - experiment_mnist_entropy_2000_1 - INFO - start step #26
2020-01-10 10:36:57,645 - experiment_mnist_entropy_2000_1 - INFO - finish step #26 for 19.701601028442383 sec
2020-01-10 10:36:57,645 - experiment_mnist_entropy_2000_1 - INFO - current val_accuracy: 0.978
2020-01-10 10:36:57,645 - experiment_mnist_entropy_2000_1 - INFO - start step #27
2020-01-10 10:37:17,913 - experiment_mnist_entropy_2000_1 - INFO - finish step #27 for 20.267537832260132 sec
2020-01-10 10:37:17,913 - experiment_mnist_entropy_2000_1 - INFO - current val_accuracy: 0.9784
2020-01-10 10:37:17,913 - experiment_mnist_entropy_2000_1 - INFO - start step #28
2020-01-10 10:37:34,279 - experiment_mnist_entropy_2000_1 - INFO - finish step #28 for 16.365239143371582 sec
2020-01-10 10:37:34,279 - experiment_mnist_entropy_2000_1 - INFO - current val_accuracy: 0.9779
2020-01-10 10:37:34,279 - experiment_mnist_entropy_2000_1 - INFO - start step #29
2020-01-10 10:37:54,240 - experiment_mnist_entropy_2000_1 - INFO - finish step #29 for 19.960261821746826 sec
2020-01-10 10:37:54,240 - experiment_mnist_entropy_2000_1 - INFO - current val_accuracy: 0.9777
2020-01-10 10:37:54,240 - experiment_mnist_entropy_2000_1 - INFO - start step #30
2020-01-10 10:38:15,620 - experiment_mnist_entropy_2000_1 - INFO - finish step #30 for 21.379836082458496 sec
2020-01-10 10:38:15,620 - experiment_mnist_entropy_2000_1 - INFO - current val_accuracy: 0.9802
2020-01-10 10:38:15,621 - experiment_mnist_entropy_2000_1 - INFO - start step #31
2020-01-10 10:38:37,177 - experiment_mnist_entropy_2000_1 - INFO - finish step #31 for 21.556087970733643 sec
2020-01-10 10:38:37,178 - experiment_mnist_entropy_2000_1 - INFO - current val_accuracy: 0.9793
2020-01-10 10:38:37,179 - experiment_mnist_entropy_2000_1 - INFO - start step #32
2020-01-10 10:38:57,158 - experiment_mnist_entropy_2000_1 - INFO - finish step #32 for 19.97932720184326 sec
2020-01-10 10:38:57,158 - experiment_mnist_entropy_2000_1 - INFO - current val_accuracy: 0.9769
2020-01-10 10:38:57,159 - experiment_mnist_entropy_2000_1 - INFO - start step #33
2020-01-10 10:39:12,970 - experiment_mnist_entropy_2000_1 - INFO - finish step #33 for 15.811176061630249 sec
2020-01-10 10:39:12,970 - experiment_mnist_entropy_2000_1 - INFO - current val_accuracy: 0.9806
2020-01-10 10:39:12,971 - experiment_mnist_entropy_2000_1 - INFO - start step #34
2020-01-10 10:39:28,761 - experiment_mnist_entropy_2000_1 - INFO - finish step #34 for 15.790111064910889 sec
2020-01-10 10:39:28,761 - experiment_mnist_entropy_2000_1 - INFO - current val_accuracy: 0.9793
2020-01-10 10:39:28,761 - experiment_mnist_entropy_2000_1 - INFO - start step #35
2020-01-10 10:39:45,364 - experiment_mnist_entropy_2000_1 - INFO - finish step #35 for 16.602061986923218 sec
2020-01-10 10:39:45,364 - experiment_mnist_entropy_2000_1 - INFO - current val_accuracy: 0.9777
2020-01-10 10:39:45,364 - experiment_mnist_entropy_2000_1 - INFO - start step #36
2020-01-10 10:40:00,743 - experiment_mnist_entropy_2000_1 - INFO - finish step #36 for 15.378371000289917 sec
2020-01-10 10:40:00,743 - experiment_mnist_entropy_2000_1 - INFO - current val_accuracy: 0.981
2020-01-10 10:40:00,743 - experiment_mnist_entropy_2000_1 - INFO - start step #37
2020-01-10 10:40:17,718 - experiment_mnist_entropy_2000_1 - INFO - finish step #37 for 16.97476291656494 sec
2020-01-10 10:40:17,718 - experiment_mnist_entropy_2000_1 - INFO - current val_accuracy: 0.981
2020-01-10 10:40:17,718 - experiment_mnist_entropy_2000_1 - INFO - start step #38
2020-01-10 10:40:44,813 - experiment_mnist_entropy_2000_1 - INFO - finish step #38 for 27.09437894821167 sec
2020-01-10 10:40:44,814 - experiment_mnist_entropy_2000_1 - INFO - current val_accuracy: 0.9807
2020-01-10 10:40:44,814 - experiment_mnist_entropy_2000_1 - INFO - start step #39
2020-01-10 10:41:06,553 - experiment_mnist_entropy_2000_1 - INFO - finish step #39 for 21.73881196975708 sec
2020-01-10 10:41:06,553 - experiment_mnist_entropy_2000_1 - INFO - current val_accuracy: 0.9781
2020-01-10 10:41:06,558 - experiment_mnist_entropy_2000_1 - INFO - finish experiment process for 745.4089667797089 sec
