2020-01-09 22:43:22,307 - experiment_mnist_entropy_2 - INFO - start experiment process
2020-01-09 22:43:26,907 - experiment_mnist_entropy_2 - INFO - initial val_accuracy: 0.92
2020-01-09 22:43:26,907 - experiment_mnist_entropy_2 - INFO - start step #0
2020-01-09 22:43:37,334 - experiment_mnist_entropy_2 - INFO - finish step #0 for 10.427143812179565 sec
2020-01-09 22:43:37,335 - experiment_mnist_entropy_2 - INFO - current val_accuracy: 0.926
2020-01-09 22:43:37,336 - experiment_mnist_entropy_2 - INFO - start step #1
2020-01-09 22:43:47,381 - experiment_mnist_entropy_2 - INFO - finish step #1 for 10.045495986938477 sec
2020-01-09 22:43:47,381 - experiment_mnist_entropy_2 - INFO - current val_accuracy: 0.9268
2020-01-09 22:43:47,382 - experiment_mnist_entropy_2 - INFO - start step #2
2020-01-09 22:43:57,866 - experiment_mnist_entropy_2 - INFO - finish step #2 for 10.484364986419678 sec
2020-01-09 22:43:57,868 - experiment_mnist_entropy_2 - INFO - current val_accuracy: 0.9322
2020-01-09 22:43:57,869 - experiment_mnist_entropy_2 - INFO - start step #3
2020-01-09 22:44:08,290 - experiment_mnist_entropy_2 - INFO - finish step #3 for 10.42117190361023 sec
2020-01-09 22:44:08,292 - experiment_mnist_entropy_2 - INFO - current val_accuracy: 0.9373
2020-01-09 22:44:08,293 - experiment_mnist_entropy_2 - INFO - start step #4
2020-01-09 22:44:18,670 - experiment_mnist_entropy_2 - INFO - finish step #4 for 10.376811981201172 sec
2020-01-09 22:44:18,670 - experiment_mnist_entropy_2 - INFO - current val_accuracy: 0.9398
2020-01-09 22:44:18,670 - experiment_mnist_entropy_2 - INFO - start step #5
2020-01-09 22:44:29,059 - experiment_mnist_entropy_2 - INFO - finish step #5 for 10.38844108581543 sec
2020-01-09 22:44:29,060 - experiment_mnist_entropy_2 - INFO - current val_accuracy: 0.9297
2020-01-09 22:44:29,061 - experiment_mnist_entropy_2 - INFO - start step #6
2020-01-09 22:44:39,599 - experiment_mnist_entropy_2 - INFO - finish step #6 for 10.538239002227783 sec
2020-01-09 22:44:39,599 - experiment_mnist_entropy_2 - INFO - current val_accuracy: 0.9335
2020-01-09 22:44:39,600 - experiment_mnist_entropy_2 - INFO - start step #7
2020-01-09 22:44:49,808 - experiment_mnist_entropy_2 - INFO - finish step #7 for 10.207858085632324 sec
2020-01-09 22:44:49,808 - experiment_mnist_entropy_2 - INFO - current val_accuracy: 0.946
2020-01-09 22:44:49,808 - experiment_mnist_entropy_2 - INFO - start step #8
2020-01-09 22:45:00,165 - experiment_mnist_entropy_2 - INFO - finish step #8 for 10.356647968292236 sec
2020-01-09 22:45:00,166 - experiment_mnist_entropy_2 - INFO - current val_accuracy: 0.9443
2020-01-09 22:45:00,167 - experiment_mnist_entropy_2 - INFO - start step #9
2020-01-09 22:45:10,711 - experiment_mnist_entropy_2 - INFO - finish step #9 for 10.54441785812378 sec
2020-01-09 22:45:10,713 - experiment_mnist_entropy_2 - INFO - current val_accuracy: 0.9395
2020-01-09 22:45:10,714 - experiment_mnist_entropy_2 - INFO - start step #10
2020-01-09 22:45:20,948 - experiment_mnist_entropy_2 - INFO - finish step #10 for 10.234326124191284 sec
2020-01-09 22:45:20,948 - experiment_mnist_entropy_2 - INFO - current val_accuracy: 0.9496
2020-01-09 22:45:20,949 - experiment_mnist_entropy_2 - INFO - start step #11
2020-01-09 22:45:31,292 - experiment_mnist_entropy_2 - INFO - finish step #11 for 10.342647075653076 sec
2020-01-09 22:45:31,293 - experiment_mnist_entropy_2 - INFO - current val_accuracy: 0.948
2020-01-09 22:45:31,294 - experiment_mnist_entropy_2 - INFO - start step #12
2020-01-09 22:45:42,487 - experiment_mnist_entropy_2 - INFO - finish step #12 for 11.192822694778442 sec
2020-01-09 22:45:42,488 - experiment_mnist_entropy_2 - INFO - current val_accuracy: 0.9517
2020-01-09 22:45:42,489 - experiment_mnist_entropy_2 - INFO - start step #13
2020-01-09 22:45:53,664 - experiment_mnist_entropy_2 - INFO - finish step #13 for 11.175319194793701 sec
2020-01-09 22:45:53,665 - experiment_mnist_entropy_2 - INFO - current val_accuracy: 0.9526
2020-01-09 22:45:53,665 - experiment_mnist_entropy_2 - INFO - start step #14
2020-01-09 22:46:04,037 - experiment_mnist_entropy_2 - INFO - finish step #14 for 10.371777057647705 sec
2020-01-09 22:46:04,037 - experiment_mnist_entropy_2 - INFO - current val_accuracy: 0.954
2020-01-09 22:46:04,038 - experiment_mnist_entropy_2 - INFO - start step #15
2020-01-09 22:46:14,548 - experiment_mnist_entropy_2 - INFO - finish step #15 for 10.51029896736145 sec
2020-01-09 22:46:14,548 - experiment_mnist_entropy_2 - INFO - current val_accuracy: 0.9585
2020-01-09 22:46:14,548 - experiment_mnist_entropy_2 - INFO - start step #16
2020-01-09 22:46:25,140 - experiment_mnist_entropy_2 - INFO - finish step #16 for 10.591734170913696 sec
2020-01-09 22:46:25,140 - experiment_mnist_entropy_2 - INFO - current val_accuracy: 0.9599
2020-01-09 22:46:25,141 - experiment_mnist_entropy_2 - INFO - start step #17
2020-01-09 22:46:35,452 - experiment_mnist_entropy_2 - INFO - finish step #17 for 10.31088900566101 sec
2020-01-09 22:46:35,452 - experiment_mnist_entropy_2 - INFO - current val_accuracy: 0.9545
2020-01-09 22:46:35,452 - experiment_mnist_entropy_2 - INFO - start step #18
2020-01-09 22:46:45,952 - experiment_mnist_entropy_2 - INFO - finish step #18 for 10.499696254730225 sec
2020-01-09 22:46:45,952 - experiment_mnist_entropy_2 - INFO - current val_accuracy: 0.9511
2020-01-09 22:46:45,953 - experiment_mnist_entropy_2 - INFO - start step #19
2020-01-09 22:46:57,002 - experiment_mnist_entropy_2 - INFO - finish step #19 for 11.048940896987915 sec
2020-01-09 22:46:57,002 - experiment_mnist_entropy_2 - INFO - current val_accuracy: 0.9582
2020-01-09 22:46:57,002 - experiment_mnist_entropy_2 - INFO - start step #20
2020-01-09 22:47:07,436 - experiment_mnist_entropy_2 - INFO - finish step #20 for 10.434223890304565 sec
2020-01-09 22:47:07,437 - experiment_mnist_entropy_2 - INFO - current val_accuracy: 0.9598
2020-01-09 22:47:07,437 - experiment_mnist_entropy_2 - INFO - start step #21
2020-01-09 22:47:17,851 - experiment_mnist_entropy_2 - INFO - finish step #21 for 10.414140939712524 sec
2020-01-09 22:47:17,851 - experiment_mnist_entropy_2 - INFO - current val_accuracy: 0.9625
2020-01-09 22:47:17,852 - experiment_mnist_entropy_2 - INFO - start step #22
2020-01-09 22:47:28,649 - experiment_mnist_entropy_2 - INFO - finish step #22 for 10.796707153320312 sec
2020-01-09 22:47:28,649 - experiment_mnist_entropy_2 - INFO - current val_accuracy: 0.9637
2020-01-09 22:47:28,649 - experiment_mnist_entropy_2 - INFO - start step #23
2020-01-09 22:47:39,689 - experiment_mnist_entropy_2 - INFO - finish step #23 for 11.0399751663208 sec
2020-01-09 22:47:39,689 - experiment_mnist_entropy_2 - INFO - current val_accuracy: 0.9634
2020-01-09 22:47:39,690 - experiment_mnist_entropy_2 - INFO - start step #24
2020-01-09 22:47:50,164 - experiment_mnist_entropy_2 - INFO - finish step #24 for 10.473939180374146 sec
2020-01-09 22:47:50,164 - experiment_mnist_entropy_2 - INFO - current val_accuracy: 0.9625
2020-01-09 22:47:50,164 - experiment_mnist_entropy_2 - INFO - start step #25
2020-01-09 22:48:01,047 - experiment_mnist_entropy_2 - INFO - finish step #25 for 10.88257622718811 sec
2020-01-09 22:48:01,047 - experiment_mnist_entropy_2 - INFO - current val_accuracy: 0.9663
2020-01-09 22:48:01,048 - experiment_mnist_entropy_2 - INFO - start step #26
2020-01-09 22:48:11,518 - experiment_mnist_entropy_2 - INFO - finish step #26 for 10.47052812576294 sec
2020-01-09 22:48:11,518 - experiment_mnist_entropy_2 - INFO - current val_accuracy: 0.9658
2020-01-09 22:48:11,519 - experiment_mnist_entropy_2 - INFO - start step #27
2020-01-09 22:48:22,502 - experiment_mnist_entropy_2 - INFO - finish step #27 for 10.983541011810303 sec
2020-01-09 22:48:22,503 - experiment_mnist_entropy_2 - INFO - current val_accuracy: 0.9675
2020-01-09 22:48:22,503 - experiment_mnist_entropy_2 - INFO - start step #28
2020-01-09 22:48:33,126 - experiment_mnist_entropy_2 - INFO - finish step #28 for 10.623310804367065 sec
2020-01-09 22:48:33,127 - experiment_mnist_entropy_2 - INFO - current val_accuracy: 0.9624
2020-01-09 22:48:33,127 - experiment_mnist_entropy_2 - INFO - start step #29
2020-01-09 22:48:43,957 - experiment_mnist_entropy_2 - INFO - finish step #29 for 10.830247163772583 sec
2020-01-09 22:48:43,957 - experiment_mnist_entropy_2 - INFO - current val_accuracy: 0.9694
2020-01-09 22:48:43,958 - experiment_mnist_entropy_2 - INFO - start step #30
2020-01-09 22:48:55,023 - experiment_mnist_entropy_2 - INFO - finish step #30 for 11.065584182739258 sec
2020-01-09 22:48:55,024 - experiment_mnist_entropy_2 - INFO - current val_accuracy: 0.9701
2020-01-09 22:48:55,024 - experiment_mnist_entropy_2 - INFO - start step #31
2020-01-09 22:49:05,644 - experiment_mnist_entropy_2 - INFO - finish step #31 for 10.619961977005005 sec
2020-01-09 22:49:05,644 - experiment_mnist_entropy_2 - INFO - current val_accuracy: 0.9698
2020-01-09 22:49:05,644 - experiment_mnist_entropy_2 - INFO - start step #32
2020-01-09 22:49:16,598 - experiment_mnist_entropy_2 - INFO - finish step #32 for 10.953840970993042 sec
2020-01-09 22:49:16,599 - experiment_mnist_entropy_2 - INFO - current val_accuracy: 0.968
2020-01-09 22:49:16,599 - experiment_mnist_entropy_2 - INFO - start step #33
2020-01-09 22:49:27,357 - experiment_mnist_entropy_2 - INFO - finish step #33 for 10.758435726165771 sec
2020-01-09 22:49:27,358 - experiment_mnist_entropy_2 - INFO - current val_accuracy: 0.9706
2020-01-09 22:49:27,358 - experiment_mnist_entropy_2 - INFO - start step #34
2020-01-09 22:49:38,511 - experiment_mnist_entropy_2 - INFO - finish step #34 for 11.152896165847778 sec
2020-01-09 22:49:38,511 - experiment_mnist_entropy_2 - INFO - current val_accuracy: 0.972
2020-01-09 22:49:38,512 - experiment_mnist_entropy_2 - INFO - start step #35
2020-01-09 22:49:49,298 - experiment_mnist_entropy_2 - INFO - finish step #35 for 10.786399126052856 sec
2020-01-09 22:49:49,298 - experiment_mnist_entropy_2 - INFO - current val_accuracy: 0.9693
2020-01-09 22:49:49,298 - experiment_mnist_entropy_2 - INFO - start step #36
2020-01-09 22:50:00,213 - experiment_mnist_entropy_2 - INFO - finish step #36 for 10.914837121963501 sec
2020-01-09 22:50:00,214 - experiment_mnist_entropy_2 - INFO - current val_accuracy: 0.9712
2020-01-09 22:50:00,214 - experiment_mnist_entropy_2 - INFO - start step #37
2020-01-09 22:50:11,265 - experiment_mnist_entropy_2 - INFO - finish step #37 for 11.050855875015259 sec
2020-01-09 22:50:11,265 - experiment_mnist_entropy_2 - INFO - current val_accuracy: 0.9727
2020-01-09 22:50:11,265 - experiment_mnist_entropy_2 - INFO - start step #38
2020-01-09 22:50:22,465 - experiment_mnist_entropy_2 - INFO - finish step #38 for 11.19901990890503 sec
2020-01-09 22:50:22,465 - experiment_mnist_entropy_2 - INFO - current val_accuracy: 0.9719
2020-01-09 22:50:22,465 - experiment_mnist_entropy_2 - INFO - start step #39
2020-01-09 22:50:33,194 - experiment_mnist_entropy_2 - INFO - finish step #39 for 10.728642225265503 sec
2020-01-09 22:50:33,194 - experiment_mnist_entropy_2 - INFO - current val_accuracy: 0.975
2020-01-09 22:50:33,194 - experiment_mnist_entropy_2 - INFO - finish experiment process for 430.8871669769287 sec
