2020-02-12 14:49:35,288 - experiment_entropy_bs_i500_b20_9 - INFO - start experiment process
2020-02-12 14:49:40,251 - experiment_entropy_bs_i500_b20_9 - INFO - initial val_accuracy: 0.9318
2020-02-12 14:49:40,251 - experiment_entropy_bs_i500_b20_9 - INFO - start step #0
2020-02-12 14:49:51,454 - experiment_entropy_bs_i500_b20_9 - INFO - finish step #0 for 11.203145027160645 sec
2020-02-12 14:49:51,454 - experiment_entropy_bs_i500_b20_9 - INFO - current val_accuracy: 0.9199
2020-02-12 14:49:51,455 - experiment_entropy_bs_i500_b20_9 - INFO - start step #1
2020-02-12 14:50:02,222 - experiment_entropy_bs_i500_b20_9 - INFO - finish step #1 for 10.767720222473145 sec
2020-02-12 14:50:02,223 - experiment_entropy_bs_i500_b20_9 - INFO - current val_accuracy: 0.9291
2020-02-12 14:50:02,223 - experiment_entropy_bs_i500_b20_9 - INFO - start step #2
2020-02-12 14:50:13,750 - experiment_entropy_bs_i500_b20_9 - INFO - finish step #2 for 11.526664972305298 sec
2020-02-12 14:50:13,750 - experiment_entropy_bs_i500_b20_9 - INFO - current val_accuracy: 0.9387
2020-02-12 14:50:13,750 - experiment_entropy_bs_i500_b20_9 - INFO - start step #3
2020-02-12 14:50:23,968 - experiment_entropy_bs_i500_b20_9 - INFO - finish step #3 for 10.217113018035889 sec
2020-02-12 14:50:23,968 - experiment_entropy_bs_i500_b20_9 - INFO - current val_accuracy: 0.9476
2020-02-12 14:50:23,968 - experiment_entropy_bs_i500_b20_9 - INFO - start step #4
2020-02-12 14:50:34,316 - experiment_entropy_bs_i500_b20_9 - INFO - finish step #4 for 10.347923994064331 sec
2020-02-12 14:50:34,316 - experiment_entropy_bs_i500_b20_9 - INFO - current val_accuracy: 0.9443
2020-02-12 14:50:34,317 - experiment_entropy_bs_i500_b20_9 - INFO - start step #5
2020-02-12 14:50:44,649 - experiment_entropy_bs_i500_b20_9 - INFO - finish step #5 for 10.332592248916626 sec
2020-02-12 14:50:44,649 - experiment_entropy_bs_i500_b20_9 - INFO - current val_accuracy: 0.952
2020-02-12 14:50:44,650 - experiment_entropy_bs_i500_b20_9 - INFO - start step #6
2020-02-12 14:50:55,091 - experiment_entropy_bs_i500_b20_9 - INFO - finish step #6 for 10.44067931175232 sec
2020-02-12 14:50:55,091 - experiment_entropy_bs_i500_b20_9 - INFO - current val_accuracy: 0.9557
2020-02-12 14:50:55,091 - experiment_entropy_bs_i500_b20_9 - INFO - start step #7
2020-02-12 14:51:05,587 - experiment_entropy_bs_i500_b20_9 - INFO - finish step #7 for 10.496099948883057 sec
2020-02-12 14:51:05,587 - experiment_entropy_bs_i500_b20_9 - INFO - current val_accuracy: 0.9628
2020-02-12 14:51:05,588 - experiment_entropy_bs_i500_b20_9 - INFO - start step #8
2020-02-12 14:51:16,064 - experiment_entropy_bs_i500_b20_9 - INFO - finish step #8 for 10.475823163986206 sec
2020-02-12 14:51:16,064 - experiment_entropy_bs_i500_b20_9 - INFO - current val_accuracy: 0.9609
2020-02-12 14:51:16,064 - experiment_entropy_bs_i500_b20_9 - INFO - start step #9
2020-02-12 14:51:27,828 - experiment_entropy_bs_i500_b20_9 - INFO - finish step #9 for 11.763953924179077 sec
2020-02-12 14:51:27,828 - experiment_entropy_bs_i500_b20_9 - INFO - current val_accuracy: 0.9633
2020-02-12 14:51:27,829 - experiment_entropy_bs_i500_b20_9 - INFO - start step #10
2020-02-12 14:51:38,528 - experiment_entropy_bs_i500_b20_9 - INFO - finish step #10 for 10.699441194534302 sec
2020-02-12 14:51:38,529 - experiment_entropy_bs_i500_b20_9 - INFO - current val_accuracy: 0.9661
2020-02-12 14:51:38,529 - experiment_entropy_bs_i500_b20_9 - INFO - start step #11
2020-02-12 14:51:50,375 - experiment_entropy_bs_i500_b20_9 - INFO - finish step #11 for 11.845848083496094 sec
2020-02-12 14:51:50,375 - experiment_entropy_bs_i500_b20_9 - INFO - current val_accuracy: 0.9697
2020-02-12 14:51:50,375 - experiment_entropy_bs_i500_b20_9 - INFO - start step #12
2020-02-12 14:52:02,567 - experiment_entropy_bs_i500_b20_9 - INFO - finish step #12 for 12.191649913787842 sec
2020-02-12 14:52:02,567 - experiment_entropy_bs_i500_b20_9 - INFO - current val_accuracy: 0.9705
2020-02-12 14:52:02,568 - experiment_entropy_bs_i500_b20_9 - INFO - start step #13
2020-02-12 14:52:14,658 - experiment_entropy_bs_i500_b20_9 - INFO - finish step #13 for 12.089773893356323 sec
2020-02-12 14:52:14,658 - experiment_entropy_bs_i500_b20_9 - INFO - current val_accuracy: 0.9747
2020-02-12 14:52:14,658 - experiment_entropy_bs_i500_b20_9 - INFO - start step #14
2020-02-12 14:52:27,414 - experiment_entropy_bs_i500_b20_9 - INFO - finish step #14 for 12.75577688217163 sec
2020-02-12 14:52:27,414 - experiment_entropy_bs_i500_b20_9 - INFO - current val_accuracy: 0.9734
2020-02-12 14:52:27,415 - experiment_entropy_bs_i500_b20_9 - INFO - start step #15
2020-02-12 14:52:39,576 - experiment_entropy_bs_i500_b20_9 - INFO - finish step #15 for 12.161372900009155 sec
2020-02-12 14:52:39,576 - experiment_entropy_bs_i500_b20_9 - INFO - current val_accuracy: 0.9706
2020-02-12 14:52:39,577 - experiment_entropy_bs_i500_b20_9 - INFO - start step #16
2020-02-12 14:52:50,799 - experiment_entropy_bs_i500_b20_9 - INFO - finish step #16 for 11.221965074539185 sec
2020-02-12 14:52:50,799 - experiment_entropy_bs_i500_b20_9 - INFO - current val_accuracy: 0.9743
2020-02-12 14:52:50,799 - experiment_entropy_bs_i500_b20_9 - INFO - start step #17
2020-02-12 14:53:02,673 - experiment_entropy_bs_i500_b20_9 - INFO - finish step #17 for 11.87401795387268 sec
2020-02-12 14:53:02,674 - experiment_entropy_bs_i500_b20_9 - INFO - current val_accuracy: 0.9741
2020-02-12 14:53:02,674 - experiment_entropy_bs_i500_b20_9 - INFO - start step #18
2020-02-12 14:53:13,633 - experiment_entropy_bs_i500_b20_9 - INFO - finish step #18 for 10.959114074707031 sec
2020-02-12 14:53:13,633 - experiment_entropy_bs_i500_b20_9 - INFO - current val_accuracy: 0.9776
2020-02-12 14:53:13,634 - experiment_entropy_bs_i500_b20_9 - INFO - start step #19
2020-02-12 14:53:25,789 - experiment_entropy_bs_i500_b20_9 - INFO - finish step #19 for 12.155716180801392 sec
2020-02-12 14:53:25,790 - experiment_entropy_bs_i500_b20_9 - INFO - current val_accuracy: 0.9781
2020-02-12 14:53:25,790 - experiment_entropy_bs_i500_b20_9 - INFO - start step #20
2020-02-12 14:53:37,195 - experiment_entropy_bs_i500_b20_9 - INFO - finish step #20 for 11.404950141906738 sec
2020-02-12 14:53:37,195 - experiment_entropy_bs_i500_b20_9 - INFO - current val_accuracy: 0.98
2020-02-12 14:53:37,196 - experiment_entropy_bs_i500_b20_9 - INFO - start step #21
2020-02-12 14:53:50,361 - experiment_entropy_bs_i500_b20_9 - INFO - finish step #21 for 13.16558289527893 sec
2020-02-12 14:53:50,362 - experiment_entropy_bs_i500_b20_9 - INFO - current val_accuracy: 0.9811
2020-02-12 14:53:50,362 - experiment_entropy_bs_i500_b20_9 - INFO - start step #22
2020-02-12 14:54:01,703 - experiment_entropy_bs_i500_b20_9 - INFO - finish step #22 for 11.34052300453186 sec
2020-02-12 14:54:01,703 - experiment_entropy_bs_i500_b20_9 - INFO - current val_accuracy: 0.98
2020-02-12 14:54:01,703 - experiment_entropy_bs_i500_b20_9 - INFO - start step #23
2020-02-12 14:54:13,616 - experiment_entropy_bs_i500_b20_9 - INFO - finish step #23 for 11.91248106956482 sec
2020-02-12 14:54:13,616 - experiment_entropy_bs_i500_b20_9 - INFO - current val_accuracy: 0.9816
2020-02-12 14:54:13,616 - experiment_entropy_bs_i500_b20_9 - INFO - start step #24
2020-02-12 14:54:27,677 - experiment_entropy_bs_i500_b20_9 - INFO - finish step #24 for 14.060415029525757 sec
2020-02-12 14:54:27,677 - experiment_entropy_bs_i500_b20_9 - INFO - current val_accuracy: 0.9823
2020-02-12 14:54:27,677 - experiment_entropy_bs_i500_b20_9 - INFO - start step #25
2020-02-12 14:54:43,141 - experiment_entropy_bs_i500_b20_9 - INFO - finish step #25 for 15.463020086288452 sec
2020-02-12 14:54:43,141 - experiment_entropy_bs_i500_b20_9 - INFO - current val_accuracy: 0.9821
2020-02-12 14:54:43,141 - experiment_entropy_bs_i500_b20_9 - INFO - start step #26
2020-02-12 14:54:58,919 - experiment_entropy_bs_i500_b20_9 - INFO - finish step #26 for 15.77812910079956 sec
2020-02-12 14:54:58,920 - experiment_entropy_bs_i500_b20_9 - INFO - current val_accuracy: 0.9837
2020-02-12 14:54:58,920 - experiment_entropy_bs_i500_b20_9 - INFO - start step #27
2020-02-12 14:55:10,837 - experiment_entropy_bs_i500_b20_9 - INFO - finish step #27 for 11.916367053985596 sec
2020-02-12 14:55:10,837 - experiment_entropy_bs_i500_b20_9 - INFO - current val_accuracy: 0.9827
2020-02-12 14:55:10,837 - experiment_entropy_bs_i500_b20_9 - INFO - start step #28
2020-02-12 14:55:22,521 - experiment_entropy_bs_i500_b20_9 - INFO - finish step #28 for 11.684136867523193 sec
2020-02-12 14:55:22,523 - experiment_entropy_bs_i500_b20_9 - INFO - current val_accuracy: 0.9833
2020-02-12 14:55:22,523 - experiment_entropy_bs_i500_b20_9 - INFO - start step #29
2020-02-12 14:55:33,988 - experiment_entropy_bs_i500_b20_9 - INFO - finish step #29 for 11.464899778366089 sec
2020-02-12 14:55:33,989 - experiment_entropy_bs_i500_b20_9 - INFO - current val_accuracy: 0.9833
2020-02-12 14:55:33,989 - experiment_entropy_bs_i500_b20_9 - INFO - finish experiment process for 358.7001030445099 sec
