2020-03-06 19:46:53,084 - experiment_margin_i500_b20_1 - INFO - start experiment process
2020-03-06 19:47:02,892 - experiment_margin_i500_b20_1 - INFO - initial val_accuracy: 0.9125
2020-03-06 19:47:02,892 - experiment_margin_i500_b20_1 - INFO - start step #0
2020-03-06 19:47:23,569 - experiment_margin_i500_b20_1 - INFO - finish step #0 for 20.676911115646362 sec
2020-03-06 19:47:23,570 - experiment_margin_i500_b20_1 - INFO - current val_accuracy: 0.9249
2020-03-06 19:47:23,571 - experiment_margin_i500_b20_1 - INFO - start step #1
2020-03-06 19:47:47,287 - experiment_margin_i500_b20_1 - INFO - finish step #1 for 23.71658205986023 sec
2020-03-06 19:47:47,289 - experiment_margin_i500_b20_1 - INFO - current val_accuracy: 0.9256
2020-03-06 19:47:47,289 - experiment_margin_i500_b20_1 - INFO - start step #2
2020-03-06 19:48:08,037 - experiment_margin_i500_b20_1 - INFO - finish step #2 for 20.747003078460693 sec
2020-03-06 19:48:08,037 - experiment_margin_i500_b20_1 - INFO - current val_accuracy: 0.9341
2020-03-06 19:48:08,037 - experiment_margin_i500_b20_1 - INFO - start step #3
2020-03-06 19:48:28,527 - experiment_margin_i500_b20_1 - INFO - finish step #3 for 20.489129304885864 sec
2020-03-06 19:48:28,528 - experiment_margin_i500_b20_1 - INFO - current val_accuracy: 0.9332
2020-03-06 19:48:28,528 - experiment_margin_i500_b20_1 - INFO - start step #4
2020-03-06 19:48:49,685 - experiment_margin_i500_b20_1 - INFO - finish step #4 for 21.156811952590942 sec
2020-03-06 19:48:49,685 - experiment_margin_i500_b20_1 - INFO - current val_accuracy: 0.9436
2020-03-06 19:48:49,686 - experiment_margin_i500_b20_1 - INFO - start step #5
2020-03-06 19:49:10,563 - experiment_margin_i500_b20_1 - INFO - finish step #5 for 20.876548767089844 sec
2020-03-06 19:49:10,563 - experiment_margin_i500_b20_1 - INFO - current val_accuracy: 0.945
2020-03-06 19:49:10,564 - experiment_margin_i500_b20_1 - INFO - start step #6
2020-03-06 19:49:32,827 - experiment_margin_i500_b20_1 - INFO - finish step #6 for 22.26307511329651 sec
2020-03-06 19:49:32,827 - experiment_margin_i500_b20_1 - INFO - current val_accuracy: 0.9495
2020-03-06 19:49:32,828 - experiment_margin_i500_b20_1 - INFO - start step #7
2020-03-06 19:49:55,179 - experiment_margin_i500_b20_1 - INFO - finish step #7 for 22.35044503211975 sec
2020-03-06 19:49:55,179 - experiment_margin_i500_b20_1 - INFO - current val_accuracy: 0.9504
2020-03-06 19:49:55,179 - experiment_margin_i500_b20_1 - INFO - start step #8
2020-03-06 19:50:17,058 - experiment_margin_i500_b20_1 - INFO - finish step #8 for 21.87905788421631 sec
2020-03-06 19:50:17,059 - experiment_margin_i500_b20_1 - INFO - current val_accuracy: 0.9461
2020-03-06 19:50:17,059 - experiment_margin_i500_b20_1 - INFO - start step #9
2020-03-06 19:50:40,570 - experiment_margin_i500_b20_1 - INFO - finish step #9 for 23.5111186504364 sec
2020-03-06 19:50:40,570 - experiment_margin_i500_b20_1 - INFO - current val_accuracy: 0.9513
2020-03-06 19:50:40,571 - experiment_margin_i500_b20_1 - INFO - start step #10
2020-03-06 19:51:03,145 - experiment_margin_i500_b20_1 - INFO - finish step #10 for 22.57384705543518 sec
2020-03-06 19:51:03,146 - experiment_margin_i500_b20_1 - INFO - current val_accuracy: 0.9527
2020-03-06 19:51:03,146 - experiment_margin_i500_b20_1 - INFO - start step #11
2020-03-06 19:51:24,269 - experiment_margin_i500_b20_1 - INFO - finish step #11 for 21.12323522567749 sec
2020-03-06 19:51:24,269 - experiment_margin_i500_b20_1 - INFO - current val_accuracy: 0.9593
2020-03-06 19:51:24,270 - experiment_margin_i500_b20_1 - INFO - start step #12
2020-03-06 19:51:46,567 - experiment_margin_i500_b20_1 - INFO - finish step #12 for 22.296766996383667 sec
2020-03-06 19:51:46,567 - experiment_margin_i500_b20_1 - INFO - current val_accuracy: 0.9593
2020-03-06 19:51:46,568 - experiment_margin_i500_b20_1 - INFO - start step #13
2020-03-06 19:52:08,154 - experiment_margin_i500_b20_1 - INFO - finish step #13 for 21.586514234542847 sec
2020-03-06 19:52:08,155 - experiment_margin_i500_b20_1 - INFO - current val_accuracy: 0.9625
2020-03-06 19:52:08,155 - experiment_margin_i500_b20_1 - INFO - start step #14
2020-03-06 19:52:29,794 - experiment_margin_i500_b20_1 - INFO - finish step #14 for 21.638096809387207 sec
2020-03-06 19:52:29,795 - experiment_margin_i500_b20_1 - INFO - current val_accuracy: 0.9649
2020-03-06 19:52:29,795 - experiment_margin_i500_b20_1 - INFO - start step #15
2020-03-06 19:52:51,230 - experiment_margin_i500_b20_1 - INFO - finish step #15 for 21.43442392349243 sec
2020-03-06 19:52:51,231 - experiment_margin_i500_b20_1 - INFO - current val_accuracy: 0.9622
2020-03-06 19:52:51,231 - experiment_margin_i500_b20_1 - INFO - start step #16
2020-03-06 19:53:13,706 - experiment_margin_i500_b20_1 - INFO - finish step #16 for 22.47399115562439 sec
2020-03-06 19:53:13,707 - experiment_margin_i500_b20_1 - INFO - current val_accuracy: 0.9674
2020-03-06 19:53:13,708 - experiment_margin_i500_b20_1 - INFO - start step #17
2020-03-06 19:53:34,012 - experiment_margin_i500_b20_1 - INFO - finish step #17 for 20.304249048233032 sec
2020-03-06 19:53:34,013 - experiment_margin_i500_b20_1 - INFO - current val_accuracy: 0.9641
2020-03-06 19:53:34,014 - experiment_margin_i500_b20_1 - INFO - start step #18
2020-03-06 19:53:55,502 - experiment_margin_i500_b20_1 - INFO - finish step #18 for 21.487725019454956 sec
2020-03-06 19:53:55,503 - experiment_margin_i500_b20_1 - INFO - current val_accuracy: 0.9665
2020-03-06 19:53:55,504 - experiment_margin_i500_b20_1 - INFO - start step #19
2020-03-06 19:54:17,413 - experiment_margin_i500_b20_1 - INFO - finish step #19 for 21.90893816947937 sec
2020-03-06 19:54:17,415 - experiment_margin_i500_b20_1 - INFO - current val_accuracy: 0.9673
2020-03-06 19:54:17,416 - experiment_margin_i500_b20_1 - INFO - start step #20
2020-03-06 19:54:39,194 - experiment_margin_i500_b20_1 - INFO - finish step #20 for 21.778085947036743 sec
2020-03-06 19:54:39,194 - experiment_margin_i500_b20_1 - INFO - current val_accuracy: 0.9705
2020-03-06 19:54:39,195 - experiment_margin_i500_b20_1 - INFO - start step #21
2020-03-06 19:55:01,388 - experiment_margin_i500_b20_1 - INFO - finish step #21 for 22.19332003593445 sec
2020-03-06 19:55:01,389 - experiment_margin_i500_b20_1 - INFO - current val_accuracy: 0.9714
2020-03-06 19:55:01,389 - experiment_margin_i500_b20_1 - INFO - start step #22
2020-03-06 19:55:24,250 - experiment_margin_i500_b20_1 - INFO - finish step #22 for 22.860657930374146 sec
2020-03-06 19:55:24,251 - experiment_margin_i500_b20_1 - INFO - current val_accuracy: 0.9698
2020-03-06 19:55:24,252 - experiment_margin_i500_b20_1 - INFO - start step #23
2020-03-06 19:55:49,777 - experiment_margin_i500_b20_1 - INFO - finish step #23 for 25.52520489692688 sec
2020-03-06 19:55:49,779 - experiment_margin_i500_b20_1 - INFO - current val_accuracy: 0.9738
2020-03-06 19:55:49,780 - experiment_margin_i500_b20_1 - INFO - start step #24
2020-03-06 19:56:20,634 - experiment_margin_i500_b20_1 - INFO - finish step #24 for 30.854511737823486 sec
2020-03-06 19:56:20,635 - experiment_margin_i500_b20_1 - INFO - current val_accuracy: 0.973
2020-03-06 19:56:20,635 - experiment_margin_i500_b20_1 - INFO - start step #25
2020-03-06 19:56:56,254 - experiment_margin_i500_b20_1 - INFO - finish step #25 for 35.61863112449646 sec
2020-03-06 19:56:56,255 - experiment_margin_i500_b20_1 - INFO - current val_accuracy: 0.9758
2020-03-06 19:56:56,255 - experiment_margin_i500_b20_1 - INFO - start step #26
2020-03-06 19:57:21,844 - experiment_margin_i500_b20_1 - INFO - finish step #26 for 25.58823800086975 sec
2020-03-06 19:57:21,844 - experiment_margin_i500_b20_1 - INFO - current val_accuracy: 0.9732
2020-03-06 19:57:21,845 - experiment_margin_i500_b20_1 - INFO - start step #27
2020-03-06 19:57:46,479 - experiment_margin_i500_b20_1 - INFO - finish step #27 for 24.633742094039917 sec
2020-03-06 19:57:46,480 - experiment_margin_i500_b20_1 - INFO - current val_accuracy: 0.9736
2020-03-06 19:57:46,481 - experiment_margin_i500_b20_1 - INFO - start step #28
2020-03-06 19:58:10,116 - experiment_margin_i500_b20_1 - INFO - finish step #28 for 23.63480496406555 sec
2020-03-06 19:58:10,117 - experiment_margin_i500_b20_1 - INFO - current val_accuracy: 0.9759
2020-03-06 19:58:10,117 - experiment_margin_i500_b20_1 - INFO - start step #29
2020-03-06 19:58:37,132 - experiment_margin_i500_b20_1 - INFO - finish step #29 for 27.01491093635559 sec
2020-03-06 19:58:37,134 - experiment_margin_i500_b20_1 - INFO - current val_accuracy: 0.9771
2020-03-06 19:58:37,135 - experiment_margin_i500_b20_1 - INFO - finish experiment process for 704.0497660636902 sec
