2020-01-14 13:43:23,814 - experiment_entropy_batch_exp - INFO - start experiment process
2020-01-14 13:43:28,712 - experiment_entropy_batch_exp - INFO - initial val_accuracy: 0.9284
2020-01-14 13:43:28,712 - experiment_entropy_batch_exp - INFO - start step #0
2020-01-14 13:43:39,115 - experiment_entropy_batch_exp - INFO - finish step #0 for 10.403584003448486 sec
2020-01-14 13:43:39,116 - experiment_entropy_batch_exp - INFO - current val_accuracy: 0.9312
2020-01-14 13:43:39,116 - experiment_entropy_batch_exp - INFO - start step #1
2020-01-14 13:43:53,452 - experiment_entropy_batch_exp - INFO - finish step #1 for 14.336243867874146 sec
2020-01-14 13:43:53,454 - experiment_entropy_batch_exp - INFO - current val_accuracy: 0.9246
2020-01-14 13:43:53,454 - experiment_entropy_batch_exp - INFO - start step #2
2020-01-14 13:44:06,721 - experiment_entropy_batch_exp - INFO - finish step #2 for 13.26713490486145 sec
2020-01-14 13:44:06,724 - experiment_entropy_batch_exp - INFO - current val_accuracy: 0.9365
2020-01-14 13:44:06,725 - experiment_entropy_batch_exp - INFO - start step #3
2020-01-14 13:44:17,912 - experiment_entropy_batch_exp - INFO - finish step #3 for 11.186852931976318 sec
2020-01-14 13:44:17,913 - experiment_entropy_batch_exp - INFO - current val_accuracy: 0.9123
2020-01-14 13:44:17,914 - experiment_entropy_batch_exp - INFO - start step #4
2020-01-14 13:44:29,392 - experiment_entropy_batch_exp - INFO - finish step #4 for 11.478247165679932 sec
2020-01-14 13:44:29,392 - experiment_entropy_batch_exp - INFO - current val_accuracy: 0.9352
2020-01-14 13:44:29,393 - experiment_entropy_batch_exp - INFO - start step #5
2020-01-14 13:47:03,880 - experiment_entropy_batch_exp - INFO - start experiment process
2020-01-14 13:47:10,688 - experiment_entropy_batch_exp - INFO - initial val_accuracy: 0.9372
2020-01-14 13:47:10,689 - experiment_entropy_batch_exp - INFO - start step #0
2020-01-14 13:47:23,843 - experiment_entropy_batch_exp - INFO - finish step #0 for 13.154402017593384 sec
2020-01-14 13:47:23,843 - experiment_entropy_batch_exp - INFO - current val_accuracy: 0.929
2020-01-14 13:47:23,844 - experiment_entropy_batch_exp - INFO - start step #1
2020-01-14 13:47:39,783 - experiment_entropy_batch_exp - INFO - finish step #1 for 15.93887996673584 sec
2020-01-14 13:47:39,783 - experiment_entropy_batch_exp - INFO - current val_accuracy: 0.9275
2020-01-14 13:47:39,783 - experiment_entropy_batch_exp - INFO - start step #2
2020-01-14 13:47:54,552 - experiment_entropy_batch_exp - INFO - finish step #2 for 14.768408060073853 sec
2020-01-14 13:47:54,552 - experiment_entropy_batch_exp - INFO - current val_accuracy: 0.9326
2020-01-14 13:47:54,552 - experiment_entropy_batch_exp - INFO - start step #3
2020-01-14 13:48:06,589 - experiment_entropy_batch_exp - INFO - finish step #3 for 12.036941051483154 sec
2020-01-14 13:48:06,589 - experiment_entropy_batch_exp - INFO - current val_accuracy: 0.932
2020-01-14 13:48:06,590 - experiment_entropy_batch_exp - INFO - start step #4
2020-01-14 13:48:19,328 - experiment_entropy_batch_exp - INFO - finish step #4 for 12.737926959991455 sec
2020-01-14 13:48:19,328 - experiment_entropy_batch_exp - INFO - current val_accuracy: 0.938
2020-01-14 13:48:19,328 - experiment_entropy_batch_exp - INFO - start step #5
2020-01-14 13:48:30,775 - experiment_entropy_batch_exp - INFO - finish step #5 for 11.446800231933594 sec
2020-01-14 13:48:30,775 - experiment_entropy_batch_exp - INFO - current val_accuracy: 0.9377
2020-01-14 13:48:30,776 - experiment_entropy_batch_exp - INFO - start step #6
2020-01-14 13:48:47,368 - experiment_entropy_batch_exp - INFO - finish step #6 for 16.592160940170288 sec
2020-01-14 13:48:47,368 - experiment_entropy_batch_exp - INFO - current val_accuracy: 0.9447
2020-01-14 13:48:47,369 - experiment_entropy_batch_exp - INFO - start step #7
2020-01-14 13:49:01,348 - experiment_entropy_batch_exp - INFO - finish step #7 for 13.979345798492432 sec
2020-01-14 13:49:01,348 - experiment_entropy_batch_exp - INFO - current val_accuracy: 0.9379
2020-01-14 13:49:01,349 - experiment_entropy_batch_exp - INFO - start step #8
2020-01-14 13:49:13,983 - experiment_entropy_batch_exp - INFO - finish step #8 for 12.634728908538818 sec
2020-01-14 13:49:13,984 - experiment_entropy_batch_exp - INFO - current val_accuracy: 0.9459
2020-01-14 13:49:13,984 - experiment_entropy_batch_exp - INFO - start step #9
