2020-01-25 11:23:49,656 - experiment_cluster_i500_b30_1 - INFO - start experiment process
2020-01-25 11:23:54,621 - experiment_cluster_i500_b30_1 - INFO - initial val_accuracy: 0.9159
2020-01-25 11:23:54,621 - experiment_cluster_i500_b30_1 - INFO - start step #0
2020-01-25 11:24:07,849 - experiment_cluster_i500_b30_1 - INFO - finish step #0 for 13.227872133255005 sec
2020-01-25 11:24:07,849 - experiment_cluster_i500_b30_1 - INFO - current val_accuracy: 0.8994
2020-01-25 11:24:07,850 - experiment_cluster_i500_b30_1 - INFO - start step #1
2020-01-25 11:24:21,246 - experiment_cluster_i500_b30_1 - INFO - finish step #1 for 13.39656686782837 sec
2020-01-25 11:24:21,247 - experiment_cluster_i500_b30_1 - INFO - current val_accuracy: 0.9235
2020-01-25 11:24:21,247 - experiment_cluster_i500_b30_1 - INFO - start step #2
2020-01-25 11:24:34,868 - experiment_cluster_i500_b30_1 - INFO - finish step #2 for 13.620620012283325 sec
2020-01-25 11:24:34,868 - experiment_cluster_i500_b30_1 - INFO - current val_accuracy: 0.9381
2020-01-25 11:24:34,868 - experiment_cluster_i500_b30_1 - INFO - start step #3
2020-01-25 11:24:49,524 - experiment_cluster_i500_b30_1 - INFO - finish step #3 for 14.65582013130188 sec
2020-01-25 11:24:49,524 - experiment_cluster_i500_b30_1 - INFO - current val_accuracy: 0.9458
2020-01-25 11:24:49,525 - experiment_cluster_i500_b30_1 - INFO - start step #4
2020-01-25 11:25:08,066 - experiment_cluster_i500_b30_1 - INFO - finish step #4 for 18.541223764419556 sec
2020-01-25 11:25:08,066 - experiment_cluster_i500_b30_1 - INFO - current val_accuracy: 0.9446
2020-01-25 11:25:08,067 - experiment_cluster_i500_b30_1 - INFO - start step #5
2020-01-25 11:25:26,771 - experiment_cluster_i500_b30_1 - INFO - finish step #5 for 18.70345401763916 sec
2020-01-25 11:25:26,771 - experiment_cluster_i500_b30_1 - INFO - current val_accuracy: 0.9513
2020-01-25 11:25:26,771 - experiment_cluster_i500_b30_1 - INFO - start step #6
2020-01-25 11:25:52,401 - experiment_cluster_i500_b30_1 - INFO - finish step #6 for 25.629796028137207 sec
2020-01-25 11:25:52,402 - experiment_cluster_i500_b30_1 - INFO - current val_accuracy: 0.9562
2020-01-25 11:25:52,403 - experiment_cluster_i500_b30_1 - INFO - start step #7
2020-01-25 11:26:26,815 - experiment_cluster_i500_b30_1 - INFO - finish step #7 for 34.41274809837341 sec
2020-01-25 11:26:26,816 - experiment_cluster_i500_b30_1 - INFO - current val_accuracy: 0.9554
2020-01-25 11:26:26,817 - experiment_cluster_i500_b30_1 - INFO - start step #8
2020-01-25 11:26:56,554 - experiment_cluster_i500_b30_1 - INFO - finish step #8 for 29.73654079437256 sec
2020-01-25 11:26:56,554 - experiment_cluster_i500_b30_1 - INFO - current val_accuracy: 0.9564
2020-01-25 11:26:56,555 - experiment_cluster_i500_b30_1 - INFO - start step #9
2020-01-25 11:27:28,200 - experiment_cluster_i500_b30_1 - INFO - finish step #9 for 31.644800186157227 sec
2020-01-25 11:27:28,200 - experiment_cluster_i500_b30_1 - INFO - current val_accuracy: 0.956
2020-01-25 11:27:28,201 - experiment_cluster_i500_b30_1 - INFO - start step #10
2020-01-25 11:28:01,058 - experiment_cluster_i500_b30_1 - INFO - finish step #10 for 32.85659694671631 sec
2020-01-25 11:28:01,058 - experiment_cluster_i500_b30_1 - INFO - current val_accuracy: 0.9629
2020-01-25 11:28:01,059 - experiment_cluster_i500_b30_1 - INFO - start step #11
2020-01-25 11:28:30,882 - experiment_cluster_i500_b30_1 - INFO - finish step #11 for 29.822812795639038 sec
2020-01-25 11:28:30,882 - experiment_cluster_i500_b30_1 - INFO - current val_accuracy: 0.9652
2020-01-25 11:28:30,882 - experiment_cluster_i500_b30_1 - INFO - start step #12
2020-01-25 11:29:01,309 - experiment_cluster_i500_b30_1 - INFO - finish step #12 for 30.426832914352417 sec
2020-01-25 11:29:01,311 - experiment_cluster_i500_b30_1 - INFO - current val_accuracy: 0.9664
2020-01-25 11:29:01,311 - experiment_cluster_i500_b30_1 - INFO - start step #13
2020-01-25 11:29:34,216 - experiment_cluster_i500_b30_1 - INFO - finish step #13 for 32.90490984916687 sec
2020-01-25 11:29:34,219 - experiment_cluster_i500_b30_1 - INFO - current val_accuracy: 0.9668
2020-01-25 11:29:34,219 - experiment_cluster_i500_b30_1 - INFO - start step #14
2020-01-25 11:30:10,422 - experiment_cluster_i500_b30_1 - INFO - finish step #14 for 36.20222496986389 sec
2020-01-25 11:30:10,422 - experiment_cluster_i500_b30_1 - INFO - current val_accuracy: 0.971
2020-01-25 11:30:10,422 - experiment_cluster_i500_b30_1 - INFO - start step #15
2020-01-25 11:30:49,395 - experiment_cluster_i500_b30_1 - INFO - finish step #15 for 38.97295427322388 sec
2020-01-25 11:30:49,396 - experiment_cluster_i500_b30_1 - INFO - current val_accuracy: 0.9657
2020-01-25 11:30:49,396 - experiment_cluster_i500_b30_1 - INFO - start step #16
2020-01-25 11:31:20,377 - experiment_cluster_i500_b30_1 - INFO - finish step #16 for 30.979912996292114 sec
2020-01-25 11:31:20,377 - experiment_cluster_i500_b30_1 - INFO - current val_accuracy: 0.967
2020-01-25 11:31:20,379 - experiment_cluster_i500_b30_1 - INFO - start step #17
2020-01-25 11:31:49,985 - experiment_cluster_i500_b30_1 - INFO - finish step #17 for 29.606778860092163 sec
2020-01-25 11:31:49,987 - experiment_cluster_i500_b30_1 - INFO - current val_accuracy: 0.9689
2020-01-25 11:31:49,987 - experiment_cluster_i500_b30_1 - INFO - start step #18
2020-01-25 11:32:18,170 - experiment_cluster_i500_b30_1 - INFO - finish step #18 for 28.182966232299805 sec
2020-01-25 11:32:18,171 - experiment_cluster_i500_b30_1 - INFO - current val_accuracy: 0.9754
2020-01-25 11:32:18,171 - experiment_cluster_i500_b30_1 - INFO - start step #19
2020-01-25 11:32:50,927 - experiment_cluster_i500_b30_1 - INFO - finish step #19 for 32.755074977874756 sec
2020-01-25 11:32:50,927 - experiment_cluster_i500_b30_1 - INFO - current val_accuracy: 0.9743
2020-01-25 11:32:50,928 - experiment_cluster_i500_b30_1 - INFO - start step #20
2020-01-25 11:33:23,927 - experiment_cluster_i500_b30_1 - INFO - finish step #20 for 32.99919676780701 sec
2020-01-25 11:33:23,928 - experiment_cluster_i500_b30_1 - INFO - current val_accuracy: 0.9745
2020-01-25 11:33:23,929 - experiment_cluster_i500_b30_1 - INFO - start step #21
2020-01-25 11:33:54,572 - experiment_cluster_i500_b30_1 - INFO - finish step #21 for 30.642759323120117 sec
2020-01-25 11:33:54,573 - experiment_cluster_i500_b30_1 - INFO - current val_accuracy: 0.9765
2020-01-25 11:33:54,574 - experiment_cluster_i500_b30_1 - INFO - start step #22
2020-01-25 11:34:27,898 - experiment_cluster_i500_b30_1 - INFO - finish step #22 for 33.323981046676636 sec
2020-01-25 11:34:27,899 - experiment_cluster_i500_b30_1 - INFO - current val_accuracy: 0.9786
2020-01-25 11:34:27,899 - experiment_cluster_i500_b30_1 - INFO - start step #23
2020-01-25 11:34:59,540 - experiment_cluster_i500_b30_1 - INFO - finish step #23 for 31.640424013137817 sec
2020-01-25 11:34:59,541 - experiment_cluster_i500_b30_1 - INFO - current val_accuracy: 0.9781
2020-01-25 11:34:59,542 - experiment_cluster_i500_b30_1 - INFO - start step #24
2020-01-25 11:35:34,108 - experiment_cluster_i500_b30_1 - INFO - finish step #24 for 34.566081047058105 sec
2020-01-25 11:35:34,109 - experiment_cluster_i500_b30_1 - INFO - current val_accuracy: 0.9776
2020-01-25 11:35:34,109 - experiment_cluster_i500_b30_1 - INFO - start step #25
2020-01-25 11:36:04,486 - experiment_cluster_i500_b30_1 - INFO - finish step #25 for 30.37661910057068 sec
2020-01-25 11:36:04,486 - experiment_cluster_i500_b30_1 - INFO - current val_accuracy: 0.9797
2020-01-25 11:36:04,487 - experiment_cluster_i500_b30_1 - INFO - start step #26
2020-01-25 11:36:35,056 - experiment_cluster_i500_b30_1 - INFO - finish step #26 for 30.569305896759033 sec
2020-01-25 11:36:35,057 - experiment_cluster_i500_b30_1 - INFO - current val_accuracy: 0.978
2020-01-25 11:36:35,057 - experiment_cluster_i500_b30_1 - INFO - start step #27
2020-01-25 11:37:05,701 - experiment_cluster_i500_b30_1 - INFO - finish step #27 for 30.64410901069641 sec
2020-01-25 11:37:05,701 - experiment_cluster_i500_b30_1 - INFO - current val_accuracy: 0.9786
2020-01-25 11:37:05,702 - experiment_cluster_i500_b30_1 - INFO - start step #28
2020-01-25 11:37:35,572 - experiment_cluster_i500_b30_1 - INFO - finish step #28 for 29.87048602104187 sec
2020-01-25 11:37:35,573 - experiment_cluster_i500_b30_1 - INFO - current val_accuracy: 0.9796
2020-01-25 11:37:35,573 - experiment_cluster_i500_b30_1 - INFO - start step #29
2020-01-25 11:38:11,101 - experiment_cluster_i500_b30_1 - INFO - finish step #29 for 35.52727699279785 sec
2020-01-25 11:38:11,101 - experiment_cluster_i500_b30_1 - INFO - current val_accuracy: 0.9785
2020-01-25 11:38:11,101 - experiment_cluster_i500_b30_1 - INFO - finish experiment process for 861.4453330039978 sec
