2020-01-25 12:52:26,336 - experiment_cluster_i500_b40_1 - INFO - start experiment process
2020-01-25 12:52:37,006 - experiment_cluster_i500_b40_1 - INFO - initial val_accuracy: 0.9349
2020-01-25 12:52:37,008 - experiment_cluster_i500_b40_1 - INFO - start step #0
2020-01-25 12:53:06,252 - experiment_cluster_i500_b40_1 - INFO - finish step #0 for 29.243135929107666 sec
2020-01-25 12:53:06,253 - experiment_cluster_i500_b40_1 - INFO - current val_accuracy: 0.9316
2020-01-25 12:53:06,253 - experiment_cluster_i500_b40_1 - INFO - start step #1
2020-01-25 12:53:46,432 - experiment_cluster_i500_b40_1 - INFO - finish step #1 for 40.17846179008484 sec
2020-01-25 12:53:46,432 - experiment_cluster_i500_b40_1 - INFO - current val_accuracy: 0.9369
2020-01-25 12:53:46,432 - experiment_cluster_i500_b40_1 - INFO - start step #2
2020-01-25 12:54:22,803 - experiment_cluster_i500_b40_1 - INFO - finish step #2 for 36.370697021484375 sec
2020-01-25 12:54:22,804 - experiment_cluster_i500_b40_1 - INFO - current val_accuracy: 0.9458
2020-01-25 12:54:22,804 - experiment_cluster_i500_b40_1 - INFO - start step #3
2020-01-25 12:55:02,533 - experiment_cluster_i500_b40_1 - INFO - finish step #3 for 39.728824853897095 sec
2020-01-25 12:55:02,533 - experiment_cluster_i500_b40_1 - INFO - current val_accuracy: 0.9473
2020-01-25 12:55:02,533 - experiment_cluster_i500_b40_1 - INFO - start step #4
2020-01-25 12:55:40,876 - experiment_cluster_i500_b40_1 - INFO - finish step #4 for 38.342195987701416 sec
2020-01-25 12:55:40,876 - experiment_cluster_i500_b40_1 - INFO - current val_accuracy: 0.9544
2020-01-25 12:55:40,876 - experiment_cluster_i500_b40_1 - INFO - start step #5
2020-01-25 12:56:12,943 - experiment_cluster_i500_b40_1 - INFO - finish step #5 for 32.066580057144165 sec
2020-01-25 12:56:12,943 - experiment_cluster_i500_b40_1 - INFO - current val_accuracy: 0.9561
2020-01-25 12:56:12,944 - experiment_cluster_i500_b40_1 - INFO - start step #6
2020-01-25 12:56:48,549 - experiment_cluster_i500_b40_1 - INFO - finish step #6 for 35.60528922080994 sec
2020-01-25 12:56:48,549 - experiment_cluster_i500_b40_1 - INFO - current val_accuracy: 0.9606
2020-01-25 12:56:48,550 - experiment_cluster_i500_b40_1 - INFO - start step #7
2020-01-25 12:57:25,323 - experiment_cluster_i500_b40_1 - INFO - finish step #7 for 36.773327112197876 sec
2020-01-25 12:57:25,324 - experiment_cluster_i500_b40_1 - INFO - current val_accuracy: 0.9609
2020-01-25 12:57:25,324 - experiment_cluster_i500_b40_1 - INFO - start step #8
2020-01-25 12:58:01,108 - experiment_cluster_i500_b40_1 - INFO - finish step #8 for 35.783472776412964 sec
2020-01-25 12:58:01,109 - experiment_cluster_i500_b40_1 - INFO - current val_accuracy: 0.9699
2020-01-25 12:58:01,109 - experiment_cluster_i500_b40_1 - INFO - start step #9
2020-01-25 12:58:29,723 - experiment_cluster_i500_b40_1 - INFO - finish step #9 for 28.613409996032715 sec
2020-01-25 12:58:29,723 - experiment_cluster_i500_b40_1 - INFO - current val_accuracy: 0.9701
2020-01-25 12:58:29,723 - experiment_cluster_i500_b40_1 - INFO - start step #10
2020-01-25 12:58:58,277 - experiment_cluster_i500_b40_1 - INFO - finish step #10 for 28.55372190475464 sec
2020-01-25 12:58:58,277 - experiment_cluster_i500_b40_1 - INFO - current val_accuracy: 0.9658
2020-01-25 12:58:58,278 - experiment_cluster_i500_b40_1 - INFO - start step #11
2020-01-25 12:59:26,250 - experiment_cluster_i500_b40_1 - INFO - finish step #11 for 27.97222876548767 sec
2020-01-25 12:59:26,250 - experiment_cluster_i500_b40_1 - INFO - current val_accuracy: 0.9702
2020-01-25 12:59:26,251 - experiment_cluster_i500_b40_1 - INFO - start step #12
2020-01-25 13:00:00,513 - experiment_cluster_i500_b40_1 - INFO - finish step #12 for 34.26214623451233 sec
2020-01-25 13:00:00,515 - experiment_cluster_i500_b40_1 - INFO - current val_accuracy: 0.9749
2020-01-25 13:00:00,515 - experiment_cluster_i500_b40_1 - INFO - start step #13
2020-01-25 13:00:33,949 - experiment_cluster_i500_b40_1 - INFO - finish step #13 for 33.432981967926025 sec
2020-01-25 13:00:33,950 - experiment_cluster_i500_b40_1 - INFO - current val_accuracy: 0.9767
2020-01-25 13:00:33,950 - experiment_cluster_i500_b40_1 - INFO - start step #14
2020-01-25 13:01:04,622 - experiment_cluster_i500_b40_1 - INFO - finish step #14 for 30.671754837036133 sec
2020-01-25 13:01:04,623 - experiment_cluster_i500_b40_1 - INFO - current val_accuracy: 0.9746
2020-01-25 13:01:04,624 - experiment_cluster_i500_b40_1 - INFO - start step #15
2020-01-25 13:01:41,870 - experiment_cluster_i500_b40_1 - INFO - finish step #15 for 37.245339155197144 sec
2020-01-25 13:01:41,870 - experiment_cluster_i500_b40_1 - INFO - current val_accuracy: 0.9774
2020-01-25 13:01:41,870 - experiment_cluster_i500_b40_1 - INFO - start step #16
2020-01-25 13:02:21,330 - experiment_cluster_i500_b40_1 - INFO - finish step #16 for 39.46005201339722 sec
2020-01-25 13:02:21,331 - experiment_cluster_i500_b40_1 - INFO - current val_accuracy: 0.9784
2020-01-25 13:02:21,331 - experiment_cluster_i500_b40_1 - INFO - start step #17
2020-01-25 13:03:00,426 - experiment_cluster_i500_b40_1 - INFO - finish step #17 for 39.0943489074707 sec
2020-01-25 13:03:00,426 - experiment_cluster_i500_b40_1 - INFO - current val_accuracy: 0.9788
2020-01-25 13:03:00,426 - experiment_cluster_i500_b40_1 - INFO - start step #18
2020-01-25 13:03:47,769 - experiment_cluster_i500_b40_1 - INFO - finish step #18 for 47.342864990234375 sec
2020-01-25 13:03:47,770 - experiment_cluster_i500_b40_1 - INFO - current val_accuracy: 0.9784
2020-01-25 13:03:47,771 - experiment_cluster_i500_b40_1 - INFO - start step #19
2020-01-25 13:04:39,847 - experiment_cluster_i500_b40_1 - INFO - finish step #19 for 52.07606816291809 sec
2020-01-25 13:04:39,847 - experiment_cluster_i500_b40_1 - INFO - current val_accuracy: 0.9795
2020-01-25 13:04:39,848 - experiment_cluster_i500_b40_1 - INFO - start step #20
2020-01-25 13:05:16,170 - experiment_cluster_i500_b40_1 - INFO - finish step #20 for 36.3219530582428 sec
2020-01-25 13:05:16,171 - experiment_cluster_i500_b40_1 - INFO - current val_accuracy: 0.9807
2020-01-25 13:05:16,172 - experiment_cluster_i500_b40_1 - INFO - start step #21
2020-01-25 13:05:56,771 - experiment_cluster_i500_b40_1 - INFO - finish step #21 for 40.59890818595886 sec
2020-01-25 13:05:56,773 - experiment_cluster_i500_b40_1 - INFO - current val_accuracy: 0.9799
2020-01-25 13:05:56,773 - experiment_cluster_i500_b40_1 - INFO - start step #22
2020-01-25 13:06:34,531 - experiment_cluster_i500_b40_1 - INFO - finish step #22 for 37.757625102996826 sec
2020-01-25 13:06:34,532 - experiment_cluster_i500_b40_1 - INFO - current val_accuracy: 0.981
2020-01-25 13:06:34,532 - experiment_cluster_i500_b40_1 - INFO - start step #23
2020-01-25 13:07:09,727 - experiment_cluster_i500_b40_1 - INFO - finish step #23 for 35.19438099861145 sec
2020-01-25 13:07:09,729 - experiment_cluster_i500_b40_1 - INFO - current val_accuracy: 0.9813
2020-01-25 13:07:09,729 - experiment_cluster_i500_b40_1 - INFO - start step #24
2020-01-25 13:07:48,937 - experiment_cluster_i500_b40_1 - INFO - finish step #24 for 39.20768117904663 sec
2020-01-25 13:07:48,937 - experiment_cluster_i500_b40_1 - INFO - current val_accuracy: 0.9826
2020-01-25 13:07:48,938 - experiment_cluster_i500_b40_1 - INFO - start step #25
2020-01-25 13:08:35,020 - experiment_cluster_i500_b40_1 - INFO - finish step #25 for 46.0825252532959 sec
2020-01-25 13:08:35,021 - experiment_cluster_i500_b40_1 - INFO - current val_accuracy: 0.9817
2020-01-25 13:08:35,022 - experiment_cluster_i500_b40_1 - INFO - start step #26
2020-01-25 13:09:15,998 - experiment_cluster_i500_b40_1 - INFO - finish step #26 for 40.97525501251221 sec
2020-01-25 13:09:15,998 - experiment_cluster_i500_b40_1 - INFO - current val_accuracy: 0.9822
2020-01-25 13:09:15,998 - experiment_cluster_i500_b40_1 - INFO - start step #27
2020-01-25 13:09:59,412 - experiment_cluster_i500_b40_1 - INFO - finish step #27 for 43.41386890411377 sec
2020-01-25 13:09:59,412 - experiment_cluster_i500_b40_1 - INFO - current val_accuracy: 0.9834
2020-01-25 13:09:59,413 - experiment_cluster_i500_b40_1 - INFO - start step #28
2020-01-25 13:10:39,822 - experiment_cluster_i500_b40_1 - INFO - finish step #28 for 40.40894794464111 sec
2020-01-25 13:10:39,824 - experiment_cluster_i500_b40_1 - INFO - current val_accuracy: 0.9819
2020-01-25 13:10:39,825 - experiment_cluster_i500_b40_1 - INFO - start step #29
2020-01-25 13:11:20,772 - experiment_cluster_i500_b40_1 - INFO - finish step #29 for 40.947340965270996 sec
2020-01-25 13:11:20,773 - experiment_cluster_i500_b40_1 - INFO - current val_accuracy: 0.9809
2020-01-25 13:11:20,773 - experiment_cluster_i500_b40_1 - INFO - finish experiment process for 1134.4366071224213 sec
