2020-01-22 11:15:19,192 - experiment_cluster_i500_b10_2 - INFO - start experiment process
2020-01-22 11:15:24,296 - experiment_cluster_i500_b10_2 - INFO - initial val_accuracy: 0.9182
2020-01-22 11:15:24,296 - experiment_cluster_i500_b10_2 - INFO - start step #0
2020-01-22 11:15:43,050 - experiment_cluster_i500_b10_2 - INFO - finish step #0 for 18.753644943237305 sec
2020-01-22 11:15:43,051 - experiment_cluster_i500_b10_2 - INFO - current val_accuracy: 0.9242
2020-01-22 11:15:43,051 - experiment_cluster_i500_b10_2 - INFO - start step #1
2020-01-22 11:15:58,704 - experiment_cluster_i500_b10_2 - INFO - finish step #1 for 15.652540922164917 sec
2020-01-22 11:15:58,704 - experiment_cluster_i500_b10_2 - INFO - current val_accuracy: 0.9268
2020-01-22 11:15:58,704 - experiment_cluster_i500_b10_2 - INFO - start step #2
2020-01-22 11:16:12,959 - experiment_cluster_i500_b10_2 - INFO - finish step #2 for 14.255067110061646 sec
2020-01-22 11:16:12,959 - experiment_cluster_i500_b10_2 - INFO - current val_accuracy: 0.9246
2020-01-22 11:16:12,959 - experiment_cluster_i500_b10_2 - INFO - start step #3
2020-01-22 11:16:25,082 - experiment_cluster_i500_b10_2 - INFO - finish step #3 for 12.122887134552002 sec
2020-01-22 11:16:25,083 - experiment_cluster_i500_b10_2 - INFO - current val_accuracy: 0.928
2020-01-22 11:16:25,083 - experiment_cluster_i500_b10_2 - INFO - start step #4
2020-01-22 11:16:36,408 - experiment_cluster_i500_b10_2 - INFO - finish step #4 for 11.32531189918518 sec
2020-01-22 11:16:36,408 - experiment_cluster_i500_b10_2 - INFO - current val_accuracy: 0.9295
2020-01-22 11:16:36,408 - experiment_cluster_i500_b10_2 - INFO - start step #5
2020-01-22 11:16:48,125 - experiment_cluster_i500_b10_2 - INFO - finish step #5 for 11.716147184371948 sec
2020-01-22 11:16:48,125 - experiment_cluster_i500_b10_2 - INFO - current val_accuracy: 0.9368
2020-01-22 11:16:48,125 - experiment_cluster_i500_b10_2 - INFO - start step #6
2020-01-22 11:16:59,966 - experiment_cluster_i500_b10_2 - INFO - finish step #6 for 11.840983152389526 sec
2020-01-22 11:16:59,966 - experiment_cluster_i500_b10_2 - INFO - current val_accuracy: 0.9403
2020-01-22 11:16:59,966 - experiment_cluster_i500_b10_2 - INFO - start step #7
2020-01-22 11:17:11,641 - experiment_cluster_i500_b10_2 - INFO - finish step #7 for 11.67470097541809 sec
2020-01-22 11:17:11,641 - experiment_cluster_i500_b10_2 - INFO - current val_accuracy: 0.9437
2020-01-22 11:17:11,641 - experiment_cluster_i500_b10_2 - INFO - start step #8
2020-01-22 11:17:23,540 - experiment_cluster_i500_b10_2 - INFO - finish step #8 for 11.898541927337646 sec
2020-01-22 11:17:23,540 - experiment_cluster_i500_b10_2 - INFO - current val_accuracy: 0.9392
2020-01-22 11:17:23,540 - experiment_cluster_i500_b10_2 - INFO - start step #9
2020-01-22 11:17:36,717 - experiment_cluster_i500_b10_2 - INFO - finish step #9 for 13.176918983459473 sec
2020-01-22 11:17:36,717 - experiment_cluster_i500_b10_2 - INFO - current val_accuracy: 0.9403
2020-01-22 11:17:36,717 - experiment_cluster_i500_b10_2 - INFO - start step #10
2020-01-22 11:17:52,602 - experiment_cluster_i500_b10_2 - INFO - finish step #10 for 15.884846210479736 sec
2020-01-22 11:17:52,603 - experiment_cluster_i500_b10_2 - INFO - current val_accuracy: 0.9481
2020-01-22 11:17:52,604 - experiment_cluster_i500_b10_2 - INFO - start step #11
2020-01-22 11:18:06,138 - experiment_cluster_i500_b10_2 - INFO - finish step #11 for 13.534176111221313 sec
2020-01-22 11:18:06,138 - experiment_cluster_i500_b10_2 - INFO - current val_accuracy: 0.947
2020-01-22 11:18:06,139 - experiment_cluster_i500_b10_2 - INFO - start step #12
2020-01-22 11:18:18,543 - experiment_cluster_i500_b10_2 - INFO - finish step #12 for 12.404316902160645 sec
2020-01-22 11:18:18,543 - experiment_cluster_i500_b10_2 - INFO - current val_accuracy: 0.9424
2020-01-22 11:18:18,543 - experiment_cluster_i500_b10_2 - INFO - start step #13
2020-01-22 11:18:31,727 - experiment_cluster_i500_b10_2 - INFO - finish step #13 for 13.183526039123535 sec
2020-01-22 11:18:31,727 - experiment_cluster_i500_b10_2 - INFO - current val_accuracy: 0.952
2020-01-22 11:18:31,728 - experiment_cluster_i500_b10_2 - INFO - start step #14
2020-01-22 11:18:46,065 - experiment_cluster_i500_b10_2 - INFO - finish step #14 for 14.337342977523804 sec
2020-01-22 11:18:46,066 - experiment_cluster_i500_b10_2 - INFO - current val_accuracy: 0.9541
2020-01-22 11:18:46,066 - experiment_cluster_i500_b10_2 - INFO - start step #15
2020-01-22 11:18:58,390 - experiment_cluster_i500_b10_2 - INFO - finish step #15 for 12.323591947555542 sec
2020-01-22 11:18:58,390 - experiment_cluster_i500_b10_2 - INFO - current val_accuracy: 0.9518
2020-01-22 11:18:58,390 - experiment_cluster_i500_b10_2 - INFO - start step #16
2020-01-22 11:19:11,509 - experiment_cluster_i500_b10_2 - INFO - finish step #16 for 13.118510961532593 sec
2020-01-22 11:19:11,511 - experiment_cluster_i500_b10_2 - INFO - current val_accuracy: 0.9505
2020-01-22 11:19:11,511 - experiment_cluster_i500_b10_2 - INFO - start step #17
2020-01-22 11:19:25,119 - experiment_cluster_i500_b10_2 - INFO - finish step #17 for 13.607685804367065 sec
2020-01-22 11:19:25,119 - experiment_cluster_i500_b10_2 - INFO - current val_accuracy: 0.9504
2020-01-22 11:19:25,119 - experiment_cluster_i500_b10_2 - INFO - start step #18
2020-01-22 11:19:43,689 - experiment_cluster_i500_b10_2 - INFO - finish step #18 for 18.569968223571777 sec
2020-01-22 11:19:43,689 - experiment_cluster_i500_b10_2 - INFO - current val_accuracy: 0.9515
2020-01-22 11:19:43,689 - experiment_cluster_i500_b10_2 - INFO - start step #19
2020-01-22 11:19:57,507 - experiment_cluster_i500_b10_2 - INFO - finish step #19 for 13.817893743515015 sec
2020-01-22 11:19:57,507 - experiment_cluster_i500_b10_2 - INFO - current val_accuracy: 0.9591
2020-01-22 11:19:57,508 - experiment_cluster_i500_b10_2 - INFO - start step #20
2020-01-22 11:20:11,341 - experiment_cluster_i500_b10_2 - INFO - finish step #20 for 13.833508968353271 sec
2020-01-22 11:20:11,341 - experiment_cluster_i500_b10_2 - INFO - current val_accuracy: 0.9526
2020-01-22 11:20:11,341 - experiment_cluster_i500_b10_2 - INFO - start step #21
2020-01-22 11:20:24,369 - experiment_cluster_i500_b10_2 - INFO - finish step #21 for 13.027400016784668 sec
2020-01-22 11:20:24,369 - experiment_cluster_i500_b10_2 - INFO - current val_accuracy: 0.961
2020-01-22 11:20:24,369 - experiment_cluster_i500_b10_2 - INFO - start step #22
2020-01-22 11:20:37,595 - experiment_cluster_i500_b10_2 - INFO - finish step #22 for 13.225873947143555 sec
2020-01-22 11:20:37,595 - experiment_cluster_i500_b10_2 - INFO - current val_accuracy: 0.9597
2020-01-22 11:20:37,595 - experiment_cluster_i500_b10_2 - INFO - start step #23
2020-01-22 11:20:55,207 - experiment_cluster_i500_b10_2 - INFO - finish step #23 for 17.6110680103302 sec
2020-01-22 11:20:55,208 - experiment_cluster_i500_b10_2 - INFO - current val_accuracy: 0.9609
2020-01-22 11:20:55,209 - experiment_cluster_i500_b10_2 - INFO - start step #24
2020-01-22 11:21:09,091 - experiment_cluster_i500_b10_2 - INFO - finish step #24 for 13.882409811019897 sec
2020-01-22 11:21:09,092 - experiment_cluster_i500_b10_2 - INFO - current val_accuracy: 0.962
2020-01-22 11:21:09,092 - experiment_cluster_i500_b10_2 - INFO - start step #25
2020-01-22 11:21:22,551 - experiment_cluster_i500_b10_2 - INFO - finish step #25 for 13.459161043167114 sec
2020-01-22 11:21:22,551 - experiment_cluster_i500_b10_2 - INFO - current val_accuracy: 0.9655
2020-01-22 11:21:22,551 - experiment_cluster_i500_b10_2 - INFO - start step #26
2020-01-22 11:21:36,558 - experiment_cluster_i500_b10_2 - INFO - finish step #26 for 14.00670599937439 sec
2020-01-22 11:21:36,558 - experiment_cluster_i500_b10_2 - INFO - current val_accuracy: 0.965
2020-01-22 11:21:36,558 - experiment_cluster_i500_b10_2 - INFO - start step #27
2020-01-22 11:21:48,651 - experiment_cluster_i500_b10_2 - INFO - finish step #27 for 12.09244704246521 sec
2020-01-22 11:21:48,651 - experiment_cluster_i500_b10_2 - INFO - current val_accuracy: 0.9651
2020-01-22 11:21:48,651 - experiment_cluster_i500_b10_2 - INFO - start step #28
2020-01-22 11:22:01,035 - experiment_cluster_i500_b10_2 - INFO - finish step #28 for 12.3839271068573 sec
2020-01-22 11:22:01,035 - experiment_cluster_i500_b10_2 - INFO - current val_accuracy: 0.9632
2020-01-22 11:22:01,036 - experiment_cluster_i500_b10_2 - INFO - start step #29
2020-01-22 11:22:13,905 - experiment_cluster_i500_b10_2 - INFO - finish step #29 for 12.869064807891846 sec
2020-01-22 11:22:13,905 - experiment_cluster_i500_b10_2 - INFO - current val_accuracy: 0.9681
2020-01-22 11:22:13,905 - experiment_cluster_i500_b10_2 - INFO - finish experiment process for 414.7128641605377 sec
