2020-01-25 15:49:08,504 - experiment_entropy_i500_b30_4 - INFO - start experiment process
2020-01-25 15:49:22,674 - experiment_entropy_i500_b30_4 - INFO - initial val_accuracy: 0.9177
2020-01-25 15:49:22,674 - experiment_entropy_i500_b30_4 - INFO - start step #0
2020-01-25 15:49:56,865 - experiment_entropy_i500_b30_4 - INFO - finish step #0 for 34.19039607048035 sec
2020-01-25 15:49:56,865 - experiment_entropy_i500_b30_4 - INFO - current val_accuracy: 0.9271
2020-01-25 15:49:56,866 - experiment_entropy_i500_b30_4 - INFO - start step #1
2020-01-25 15:50:29,674 - experiment_entropy_i500_b30_4 - INFO - finish step #1 for 32.80733275413513 sec
2020-01-25 15:50:29,674 - experiment_entropy_i500_b30_4 - INFO - current val_accuracy: 0.9304
2020-01-25 15:50:29,675 - experiment_entropy_i500_b30_4 - INFO - start step #2
2020-01-25 15:51:05,868 - experiment_entropy_i500_b30_4 - INFO - finish step #2 for 36.19214916229248 sec
2020-01-25 15:51:05,869 - experiment_entropy_i500_b30_4 - INFO - current val_accuracy: 0.9181
2020-01-25 15:51:05,869 - experiment_entropy_i500_b30_4 - INFO - start step #3
2020-01-25 15:51:44,922 - experiment_entropy_i500_b30_4 - INFO - finish step #3 for 39.05301570892334 sec
2020-01-25 15:51:44,923 - experiment_entropy_i500_b30_4 - INFO - current val_accuracy: 0.9381
2020-01-25 15:51:44,925 - experiment_entropy_i500_b30_4 - INFO - start step #4
2020-01-25 15:52:18,919 - experiment_entropy_i500_b30_4 - INFO - finish step #4 for 33.994505882263184 sec
2020-01-25 15:52:18,920 - experiment_entropy_i500_b30_4 - INFO - current val_accuracy: 0.9392
2020-01-25 15:52:18,921 - experiment_entropy_i500_b30_4 - INFO - start step #5
2020-01-25 15:52:58,504 - experiment_entropy_i500_b30_4 - INFO - finish step #5 for 39.58275103569031 sec
2020-01-25 15:52:58,504 - experiment_entropy_i500_b30_4 - INFO - current val_accuracy: 0.9485
2020-01-25 15:52:58,505 - experiment_entropy_i500_b30_4 - INFO - start step #6
2020-01-25 15:53:41,687 - experiment_entropy_i500_b30_4 - INFO - finish step #6 for 43.18158006668091 sec
2020-01-25 15:53:41,688 - experiment_entropy_i500_b30_4 - INFO - current val_accuracy: 0.9557
2020-01-25 15:53:41,689 - experiment_entropy_i500_b30_4 - INFO - start step #7
2020-01-25 15:54:19,061 - experiment_entropy_i500_b30_4 - INFO - finish step #7 for 37.37208819389343 sec
2020-01-25 15:54:19,062 - experiment_entropy_i500_b30_4 - INFO - current val_accuracy: 0.9573
2020-01-25 15:54:19,063 - experiment_entropy_i500_b30_4 - INFO - start step #8
2020-01-25 15:54:48,293 - experiment_entropy_i500_b30_4 - INFO - finish step #8 for 29.230557918548584 sec
2020-01-25 15:54:48,294 - experiment_entropy_i500_b30_4 - INFO - current val_accuracy: 0.9532
2020-01-25 15:54:48,295 - experiment_entropy_i500_b30_4 - INFO - start step #9
2020-01-25 15:55:18,078 - experiment_entropy_i500_b30_4 - INFO - finish step #9 for 29.783419132232666 sec
2020-01-25 15:55:18,079 - experiment_entropy_i500_b30_4 - INFO - current val_accuracy: 0.9562
2020-01-25 15:55:18,080 - experiment_entropy_i500_b30_4 - INFO - start step #10
2020-01-25 15:55:48,413 - experiment_entropy_i500_b30_4 - INFO - finish step #10 for 30.332799911499023 sec
2020-01-25 15:55:48,414 - experiment_entropy_i500_b30_4 - INFO - current val_accuracy: 0.9641
2020-01-25 15:55:48,415 - experiment_entropy_i500_b30_4 - INFO - start step #11
2020-01-25 15:56:22,120 - experiment_entropy_i500_b30_4 - INFO - finish step #11 for 33.70416498184204 sec
2020-01-25 15:56:22,121 - experiment_entropy_i500_b30_4 - INFO - current val_accuracy: 0.9645
2020-01-25 15:56:22,122 - experiment_entropy_i500_b30_4 - INFO - start step #12
2020-01-25 15:56:50,317 - experiment_entropy_i500_b30_4 - INFO - finish step #12 for 28.19498896598816 sec
2020-01-25 15:56:50,319 - experiment_entropy_i500_b30_4 - INFO - current val_accuracy: 0.9667
2020-01-25 15:56:50,319 - experiment_entropy_i500_b30_4 - INFO - start step #13
2020-01-25 15:57:04,100 - experiment_entropy_i500_b30_4 - INFO - finish step #13 for 13.780470132827759 sec
2020-01-25 15:57:04,100 - experiment_entropy_i500_b30_4 - INFO - current val_accuracy: 0.9656
2020-01-25 15:57:04,101 - experiment_entropy_i500_b30_4 - INFO - start step #14
2020-01-25 15:57:18,202 - experiment_entropy_i500_b30_4 - INFO - finish step #14 for 14.10063910484314 sec
2020-01-25 15:57:18,202 - experiment_entropy_i500_b30_4 - INFO - current val_accuracy: 0.9639
2020-01-25 15:57:18,202 - experiment_entropy_i500_b30_4 - INFO - start step #15
2020-01-25 15:57:44,568 - experiment_entropy_i500_b30_4 - INFO - finish step #15 for 26.365823984146118 sec
2020-01-25 15:57:44,570 - experiment_entropy_i500_b30_4 - INFO - current val_accuracy: 0.9702
2020-01-25 15:57:44,571 - experiment_entropy_i500_b30_4 - INFO - start step #16
2020-01-25 15:58:14,226 - experiment_entropy_i500_b30_4 - INFO - finish step #16 for 29.655205726623535 sec
2020-01-25 15:58:14,226 - experiment_entropy_i500_b30_4 - INFO - current val_accuracy: 0.97
2020-01-25 15:58:14,227 - experiment_entropy_i500_b30_4 - INFO - start step #17
2020-01-25 15:58:44,606 - experiment_entropy_i500_b30_4 - INFO - finish step #17 for 30.379210710525513 sec
2020-01-25 15:58:44,607 - experiment_entropy_i500_b30_4 - INFO - current val_accuracy: 0.972
2020-01-25 15:58:44,608 - experiment_entropy_i500_b30_4 - INFO - start step #18
2020-01-25 15:59:24,471 - experiment_entropy_i500_b30_4 - INFO - finish step #18 for 39.863258838653564 sec
2020-01-25 15:59:24,472 - experiment_entropy_i500_b30_4 - INFO - current val_accuracy: 0.9726
2020-01-25 15:59:24,473 - experiment_entropy_i500_b30_4 - INFO - start step #19
2020-01-25 15:59:56,762 - experiment_entropy_i500_b30_4 - INFO - finish step #19 for 32.288368701934814 sec
2020-01-25 15:59:56,762 - experiment_entropy_i500_b30_4 - INFO - current val_accuracy: 0.9731
2020-01-25 15:59:56,763 - experiment_entropy_i500_b30_4 - INFO - start step #20
2020-01-25 16:00:30,720 - experiment_entropy_i500_b30_4 - INFO - finish step #20 for 33.956139087677 sec
2020-01-25 16:00:30,720 - experiment_entropy_i500_b30_4 - INFO - current val_accuracy: 0.9763
2020-01-25 16:00:30,721 - experiment_entropy_i500_b30_4 - INFO - start step #21
2020-01-25 16:01:05,726 - experiment_entropy_i500_b30_4 - INFO - finish step #21 for 35.005022048950195 sec
2020-01-25 16:01:05,727 - experiment_entropy_i500_b30_4 - INFO - current val_accuracy: 0.976
2020-01-25 16:01:05,728 - experiment_entropy_i500_b30_4 - INFO - start step #22
2020-01-25 16:01:35,707 - experiment_entropy_i500_b30_4 - INFO - finish step #22 for 29.978511810302734 sec
2020-01-25 16:01:35,708 - experiment_entropy_i500_b30_4 - INFO - current val_accuracy: 0.9763
2020-01-25 16:01:35,709 - experiment_entropy_i500_b30_4 - INFO - start step #23
2020-01-25 16:02:03,730 - experiment_entropy_i500_b30_4 - INFO - finish step #23 for 28.021070957183838 sec
2020-01-25 16:02:03,731 - experiment_entropy_i500_b30_4 - INFO - current val_accuracy: 0.9765
2020-01-25 16:02:03,732 - experiment_entropy_i500_b30_4 - INFO - start step #24
2020-01-25 16:02:36,029 - experiment_entropy_i500_b30_4 - INFO - finish step #24 for 32.29635691642761 sec
2020-01-25 16:02:36,029 - experiment_entropy_i500_b30_4 - INFO - current val_accuracy: 0.9799
2020-01-25 16:02:36,030 - experiment_entropy_i500_b30_4 - INFO - start step #25
2020-01-25 16:03:11,179 - experiment_entropy_i500_b30_4 - INFO - finish step #25 for 35.148682832717896 sec
2020-01-25 16:03:11,179 - experiment_entropy_i500_b30_4 - INFO - current val_accuracy: 0.9808
2020-01-25 16:03:11,179 - experiment_entropy_i500_b30_4 - INFO - start step #26
2020-01-25 16:03:40,234 - experiment_entropy_i500_b30_4 - INFO - finish step #26 for 29.05435800552368 sec
2020-01-25 16:03:40,234 - experiment_entropy_i500_b30_4 - INFO - current val_accuracy: 0.9812
2020-01-25 16:03:40,235 - experiment_entropy_i500_b30_4 - INFO - start step #27
2020-01-25 16:04:08,392 - experiment_entropy_i500_b30_4 - INFO - finish step #27 for 28.15708088874817 sec
2020-01-25 16:04:08,393 - experiment_entropy_i500_b30_4 - INFO - current val_accuracy: 0.9798
2020-01-25 16:04:08,394 - experiment_entropy_i500_b30_4 - INFO - start step #28
2020-01-25 16:04:39,022 - experiment_entropy_i500_b30_4 - INFO - finish step #28 for 30.628587007522583 sec
2020-01-25 16:04:39,023 - experiment_entropy_i500_b30_4 - INFO - current val_accuracy: 0.9809
2020-01-25 16:04:39,023 - experiment_entropy_i500_b30_4 - INFO - start step #29
2020-01-25 16:05:12,432 - experiment_entropy_i500_b30_4 - INFO - finish step #29 for 33.4088819026947 sec
2020-01-25 16:05:12,432 - experiment_entropy_i500_b30_4 - INFO - current val_accuracy: 0.9803
2020-01-25 16:05:12,433 - experiment_entropy_i500_b30_4 - INFO - finish experiment process for 963.9273381233215 sec
