2020-03-06 19:33:32,899 - experiment_least_confident_i500_b20_1 - INFO - start experiment process
2020-03-06 19:33:41,591 - experiment_least_confident_i500_b20_1 - INFO - initial val_accuracy: 0.9222
2020-03-06 19:33:41,591 - experiment_least_confident_i500_b20_1 - INFO - start step #0
2020-03-06 19:34:02,760 - experiment_least_confident_i500_b20_1 - INFO - finish step #0 for 21.168531894683838 sec
2020-03-06 19:34:02,761 - experiment_least_confident_i500_b20_1 - INFO - current val_accuracy: 0.9308
2020-03-06 19:34:02,762 - experiment_least_confident_i500_b20_1 - INFO - start step #1
2020-03-06 19:34:23,638 - experiment_least_confident_i500_b20_1 - INFO - finish step #1 for 20.876235008239746 sec
2020-03-06 19:34:23,639 - experiment_least_confident_i500_b20_1 - INFO - current val_accuracy: 0.9331
2020-03-06 19:34:23,640 - experiment_least_confident_i500_b20_1 - INFO - start step #2
2020-03-06 19:34:44,740 - experiment_least_confident_i500_b20_1 - INFO - finish step #2 for 21.099725008010864 sec
2020-03-06 19:34:44,741 - experiment_least_confident_i500_b20_1 - INFO - current val_accuracy: 0.9397
2020-03-06 19:34:44,742 - experiment_least_confident_i500_b20_1 - INFO - start step #3
2020-03-06 19:35:05,416 - experiment_least_confident_i500_b20_1 - INFO - finish step #3 for 20.674003839492798 sec
2020-03-06 19:35:05,417 - experiment_least_confident_i500_b20_1 - INFO - current val_accuracy: 0.9426
2020-03-06 19:35:05,417 - experiment_least_confident_i500_b20_1 - INFO - start step #4
2020-03-06 19:35:28,781 - experiment_least_confident_i500_b20_1 - INFO - finish step #4 for 23.363665103912354 sec
2020-03-06 19:35:28,781 - experiment_least_confident_i500_b20_1 - INFO - current val_accuracy: 0.9413
2020-03-06 19:35:28,782 - experiment_least_confident_i500_b20_1 - INFO - start step #5
2020-03-06 19:35:48,768 - experiment_least_confident_i500_b20_1 - INFO - finish step #5 for 19.985974073410034 sec
2020-03-06 19:35:48,769 - experiment_least_confident_i500_b20_1 - INFO - current val_accuracy: 0.9513
2020-03-06 19:35:48,769 - experiment_least_confident_i500_b20_1 - INFO - start step #6
2020-03-06 19:36:02,403 - experiment_least_confident_i500_b20_1 - INFO - finish step #6 for 13.63424015045166 sec
2020-03-06 19:36:02,403 - experiment_least_confident_i500_b20_1 - INFO - current val_accuracy: 0.9466
2020-03-06 19:36:02,403 - experiment_least_confident_i500_b20_1 - INFO - start step #7
2020-03-06 19:36:13,103 - experiment_least_confident_i500_b20_1 - INFO - finish step #7 for 10.698974132537842 sec
2020-03-06 19:36:13,103 - experiment_least_confident_i500_b20_1 - INFO - current val_accuracy: 0.9532
2020-03-06 19:36:13,103 - experiment_least_confident_i500_b20_1 - INFO - start step #8
2020-03-06 19:36:23,693 - experiment_least_confident_i500_b20_1 - INFO - finish step #8 for 10.589972972869873 sec
2020-03-06 19:36:23,693 - experiment_least_confident_i500_b20_1 - INFO - current val_accuracy: 0.9549
2020-03-06 19:36:23,694 - experiment_least_confident_i500_b20_1 - INFO - start step #9
2020-03-06 19:36:34,579 - experiment_least_confident_i500_b20_1 - INFO - finish step #9 for 10.88575792312622 sec
2020-03-06 19:36:34,580 - experiment_least_confident_i500_b20_1 - INFO - current val_accuracy: 0.9592
2020-03-06 19:36:34,580 - experiment_least_confident_i500_b20_1 - INFO - start step #10
2020-03-06 19:36:45,717 - experiment_least_confident_i500_b20_1 - INFO - finish step #10 for 11.136973857879639 sec
2020-03-06 19:36:45,717 - experiment_least_confident_i500_b20_1 - INFO - current val_accuracy: 0.9601
2020-03-06 19:36:45,717 - experiment_least_confident_i500_b20_1 - INFO - start step #11
2020-03-06 19:36:56,846 - experiment_least_confident_i500_b20_1 - INFO - finish step #11 for 11.128098964691162 sec
2020-03-06 19:36:56,846 - experiment_least_confident_i500_b20_1 - INFO - current val_accuracy: 0.9611
2020-03-06 19:36:56,846 - experiment_least_confident_i500_b20_1 - INFO - start step #12
2020-03-06 19:37:08,013 - experiment_least_confident_i500_b20_1 - INFO - finish step #12 for 11.166545867919922 sec
2020-03-06 19:37:08,013 - experiment_least_confident_i500_b20_1 - INFO - current val_accuracy: 0.9604
2020-03-06 19:37:08,013 - experiment_least_confident_i500_b20_1 - INFO - start step #13
2020-03-06 19:37:19,154 - experiment_least_confident_i500_b20_1 - INFO - finish step #13 for 11.140066862106323 sec
2020-03-06 19:37:19,154 - experiment_least_confident_i500_b20_1 - INFO - current val_accuracy: 0.962
2020-03-06 19:37:19,154 - experiment_least_confident_i500_b20_1 - INFO - start step #14
2020-03-06 19:37:31,128 - experiment_least_confident_i500_b20_1 - INFO - finish step #14 for 11.97402286529541 sec
2020-03-06 19:37:31,128 - experiment_least_confident_i500_b20_1 - INFO - current val_accuracy: 0.9678
2020-03-06 19:37:31,129 - experiment_least_confident_i500_b20_1 - INFO - start step #15
2020-03-06 19:37:42,892 - experiment_least_confident_i500_b20_1 - INFO - finish step #15 for 11.763667345046997 sec
2020-03-06 19:37:42,893 - experiment_least_confident_i500_b20_1 - INFO - current val_accuracy: 0.9713
2020-03-06 19:37:42,893 - experiment_least_confident_i500_b20_1 - INFO - start step #16
2020-03-06 19:37:54,467 - experiment_least_confident_i500_b20_1 - INFO - finish step #16 for 11.573770999908447 sec
2020-03-06 19:37:54,467 - experiment_least_confident_i500_b20_1 - INFO - current val_accuracy: 0.9702
2020-03-06 19:37:54,468 - experiment_least_confident_i500_b20_1 - INFO - start step #17
2020-03-06 19:38:06,380 - experiment_least_confident_i500_b20_1 - INFO - finish step #17 for 11.912193059921265 sec
2020-03-06 19:38:06,380 - experiment_least_confident_i500_b20_1 - INFO - current val_accuracy: 0.9677
2020-03-06 19:38:06,381 - experiment_least_confident_i500_b20_1 - INFO - start step #18
2020-03-06 19:38:17,548 - experiment_least_confident_i500_b20_1 - INFO - finish step #18 for 11.16762089729309 sec
2020-03-06 19:38:17,549 - experiment_least_confident_i500_b20_1 - INFO - current val_accuracy: 0.971
2020-03-06 19:38:17,549 - experiment_least_confident_i500_b20_1 - INFO - start step #19
2020-03-06 19:38:29,556 - experiment_least_confident_i500_b20_1 - INFO - finish step #19 for 12.006405115127563 sec
2020-03-06 19:38:29,556 - experiment_least_confident_i500_b20_1 - INFO - current val_accuracy: 0.9693
2020-03-06 19:38:29,556 - experiment_least_confident_i500_b20_1 - INFO - start step #20
2020-03-06 19:38:41,294 - experiment_least_confident_i500_b20_1 - INFO - finish step #20 for 11.73752498626709 sec
2020-03-06 19:38:41,294 - experiment_least_confident_i500_b20_1 - INFO - current val_accuracy: 0.9727
2020-03-06 19:38:41,294 - experiment_least_confident_i500_b20_1 - INFO - start step #21
2020-03-06 19:38:53,111 - experiment_least_confident_i500_b20_1 - INFO - finish step #21 for 11.816542148590088 sec
2020-03-06 19:38:53,111 - experiment_least_confident_i500_b20_1 - INFO - current val_accuracy: 0.9723
2020-03-06 19:38:53,111 - experiment_least_confident_i500_b20_1 - INFO - start step #22
2020-03-06 19:39:05,383 - experiment_least_confident_i500_b20_1 - INFO - finish step #22 for 12.271756887435913 sec
2020-03-06 19:39:05,383 - experiment_least_confident_i500_b20_1 - INFO - current val_accuracy: 0.9732
2020-03-06 19:39:05,384 - experiment_least_confident_i500_b20_1 - INFO - start step #23
2020-03-06 19:39:17,805 - experiment_least_confident_i500_b20_1 - INFO - finish step #23 for 12.42095398902893 sec
2020-03-06 19:39:17,805 - experiment_least_confident_i500_b20_1 - INFO - current val_accuracy: 0.974
2020-03-06 19:39:17,805 - experiment_least_confident_i500_b20_1 - INFO - start step #24
2020-03-06 19:39:29,819 - experiment_least_confident_i500_b20_1 - INFO - finish step #24 for 12.01340913772583 sec
2020-03-06 19:39:29,819 - experiment_least_confident_i500_b20_1 - INFO - current val_accuracy: 0.9747
2020-03-06 19:39:29,819 - experiment_least_confident_i500_b20_1 - INFO - start step #25
2020-03-06 19:39:42,132 - experiment_least_confident_i500_b20_1 - INFO - finish step #25 for 12.31271505355835 sec
2020-03-06 19:39:42,132 - experiment_least_confident_i500_b20_1 - INFO - current val_accuracy: 0.9781
2020-03-06 19:39:42,133 - experiment_least_confident_i500_b20_1 - INFO - start step #26
2020-03-06 19:39:54,921 - experiment_least_confident_i500_b20_1 - INFO - finish step #26 for 12.787678241729736 sec
2020-03-06 19:39:54,921 - experiment_least_confident_i500_b20_1 - INFO - current val_accuracy: 0.9802
2020-03-06 19:39:54,921 - experiment_least_confident_i500_b20_1 - INFO - start step #27
2020-03-06 19:40:06,649 - experiment_least_confident_i500_b20_1 - INFO - finish step #27 for 11.72770094871521 sec
2020-03-06 19:40:06,649 - experiment_least_confident_i500_b20_1 - INFO - current val_accuracy: 0.978
2020-03-06 19:40:06,650 - experiment_least_confident_i500_b20_1 - INFO - start step #28
2020-03-06 19:40:18,169 - experiment_least_confident_i500_b20_1 - INFO - finish step #28 for 11.519125938415527 sec
2020-03-06 19:40:18,169 - experiment_least_confident_i500_b20_1 - INFO - current val_accuracy: 0.9806
2020-03-06 19:40:18,169 - experiment_least_confident_i500_b20_1 - INFO - start step #29
2020-03-06 19:40:30,272 - experiment_least_confident_i500_b20_1 - INFO - finish step #29 for 12.102426767349243 sec
2020-03-06 19:40:30,272 - experiment_least_confident_i500_b20_1 - INFO - current val_accuracy: 0.9814
2020-03-06 19:40:30,273 - experiment_least_confident_i500_b20_1 - INFO - finish experiment process for 417.37309288978577 sec
