2020-01-22 11:42:04,256 - experiment_cluster_i500_b10_5 - INFO - start experiment process
2020-01-22 11:42:09,773 - experiment_cluster_i500_b10_5 - INFO - initial val_accuracy: 0.9184
2020-01-22 11:42:09,773 - experiment_cluster_i500_b10_5 - INFO - start step #0
2020-01-22 11:42:23,696 - experiment_cluster_i500_b10_5 - INFO - finish step #0 for 13.922720670700073 sec
2020-01-22 11:42:23,696 - experiment_cluster_i500_b10_5 - INFO - current val_accuracy: 0.9235
2020-01-22 11:42:23,696 - experiment_cluster_i500_b10_5 - INFO - start step #1
2020-01-22 11:42:39,373 - experiment_cluster_i500_b10_5 - INFO - finish step #1 for 15.676379919052124 sec
2020-01-22 11:42:39,373 - experiment_cluster_i500_b10_5 - INFO - current val_accuracy: 0.9278
2020-01-22 11:42:39,373 - experiment_cluster_i500_b10_5 - INFO - start step #2
2020-01-22 11:42:54,705 - experiment_cluster_i500_b10_5 - INFO - finish step #2 for 15.331830978393555 sec
2020-01-22 11:42:54,705 - experiment_cluster_i500_b10_5 - INFO - current val_accuracy: 0.9283
2020-01-22 11:42:54,706 - experiment_cluster_i500_b10_5 - INFO - start step #3
2020-01-22 11:43:09,356 - experiment_cluster_i500_b10_5 - INFO - finish step #3 for 14.650301218032837 sec
2020-01-22 11:43:09,356 - experiment_cluster_i500_b10_5 - INFO - current val_accuracy: 0.9365
2020-01-22 11:43:09,356 - experiment_cluster_i500_b10_5 - INFO - start step #4
2020-01-22 11:43:22,234 - experiment_cluster_i500_b10_5 - INFO - finish step #4 for 12.8779878616333 sec
2020-01-22 11:43:22,235 - experiment_cluster_i500_b10_5 - INFO - current val_accuracy: 0.9303
2020-01-22 11:43:22,235 - experiment_cluster_i500_b10_5 - INFO - start step #5
2020-01-22 11:43:35,692 - experiment_cluster_i500_b10_5 - INFO - finish step #5 for 13.45724892616272 sec
2020-01-22 11:43:35,692 - experiment_cluster_i500_b10_5 - INFO - current val_accuracy: 0.9189
2020-01-22 11:43:35,692 - experiment_cluster_i500_b10_5 - INFO - start step #6
2020-01-22 11:43:48,975 - experiment_cluster_i500_b10_5 - INFO - finish step #6 for 13.282765626907349 sec
2020-01-22 11:43:48,975 - experiment_cluster_i500_b10_5 - INFO - current val_accuracy: 0.9389
2020-01-22 11:43:48,976 - experiment_cluster_i500_b10_5 - INFO - start step #7
2020-01-22 11:44:02,857 - experiment_cluster_i500_b10_5 - INFO - finish step #7 for 13.88109803199768 sec
2020-01-22 11:44:02,857 - experiment_cluster_i500_b10_5 - INFO - current val_accuracy: 0.938
2020-01-22 11:44:02,857 - experiment_cluster_i500_b10_5 - INFO - start step #8
2020-01-22 11:44:15,398 - experiment_cluster_i500_b10_5 - INFO - finish step #8 for 12.541015863418579 sec
2020-01-22 11:44:15,398 - experiment_cluster_i500_b10_5 - INFO - current val_accuracy: 0.9391
2020-01-22 11:44:15,398 - experiment_cluster_i500_b10_5 - INFO - start step #9
2020-01-22 11:44:28,064 - experiment_cluster_i500_b10_5 - INFO - finish step #9 for 12.665174007415771 sec
2020-01-22 11:44:28,064 - experiment_cluster_i500_b10_5 - INFO - current val_accuracy: 0.9439
2020-01-22 11:44:28,064 - experiment_cluster_i500_b10_5 - INFO - start step #10
2020-01-22 11:44:41,029 - experiment_cluster_i500_b10_5 - INFO - finish step #10 for 12.965230226516724 sec
2020-01-22 11:44:41,030 - experiment_cluster_i500_b10_5 - INFO - current val_accuracy: 0.9484
2020-01-22 11:44:41,031 - experiment_cluster_i500_b10_5 - INFO - start step #11
2020-01-22 11:44:56,427 - experiment_cluster_i500_b10_5 - INFO - finish step #11 for 15.396474838256836 sec
2020-01-22 11:44:56,427 - experiment_cluster_i500_b10_5 - INFO - current val_accuracy: 0.9448
2020-01-22 11:44:56,427 - experiment_cluster_i500_b10_5 - INFO - start step #12
2020-01-22 11:45:09,772 - experiment_cluster_i500_b10_5 - INFO - finish step #12 for 13.344332218170166 sec
2020-01-22 11:45:09,772 - experiment_cluster_i500_b10_5 - INFO - current val_accuracy: 0.9507
2020-01-22 11:45:09,772 - experiment_cluster_i500_b10_5 - INFO - start step #13
2020-01-22 11:45:24,591 - experiment_cluster_i500_b10_5 - INFO - finish step #13 for 14.818819761276245 sec
2020-01-22 11:45:24,591 - experiment_cluster_i500_b10_5 - INFO - current val_accuracy: 0.9508
2020-01-22 11:45:24,591 - experiment_cluster_i500_b10_5 - INFO - start step #14
2020-01-22 11:45:39,178 - experiment_cluster_i500_b10_5 - INFO - finish step #14 for 14.586862087249756 sec
2020-01-22 11:45:39,178 - experiment_cluster_i500_b10_5 - INFO - current val_accuracy: 0.9535
2020-01-22 11:45:39,179 - experiment_cluster_i500_b10_5 - INFO - start step #15
2020-01-22 11:45:54,291 - experiment_cluster_i500_b10_5 - INFO - finish step #15 for 15.111772060394287 sec
2020-01-22 11:45:54,291 - experiment_cluster_i500_b10_5 - INFO - current val_accuracy: 0.9525
2020-01-22 11:45:54,291 - experiment_cluster_i500_b10_5 - INFO - start step #16
2020-01-22 11:46:07,616 - experiment_cluster_i500_b10_5 - INFO - finish step #16 for 13.324886083602905 sec
2020-01-22 11:46:07,616 - experiment_cluster_i500_b10_5 - INFO - current val_accuracy: 0.9562
2020-01-22 11:46:07,616 - experiment_cluster_i500_b10_5 - INFO - start step #17
2020-01-22 11:46:20,734 - experiment_cluster_i500_b10_5 - INFO - finish step #17 for 13.117944240570068 sec
2020-01-22 11:46:20,734 - experiment_cluster_i500_b10_5 - INFO - current val_accuracy: 0.9568
2020-01-22 11:46:20,734 - experiment_cluster_i500_b10_5 - INFO - start step #18
2020-01-22 11:46:33,700 - experiment_cluster_i500_b10_5 - INFO - finish step #18 for 12.965103149414062 sec
2020-01-22 11:46:33,700 - experiment_cluster_i500_b10_5 - INFO - current val_accuracy: 0.9571
2020-01-22 11:46:33,700 - experiment_cluster_i500_b10_5 - INFO - start step #19
2020-01-22 11:46:46,662 - experiment_cluster_i500_b10_5 - INFO - finish step #19 for 12.961731910705566 sec
2020-01-22 11:46:46,662 - experiment_cluster_i500_b10_5 - INFO - current val_accuracy: 0.959
2020-01-22 11:46:46,662 - experiment_cluster_i500_b10_5 - INFO - start step #20
2020-01-22 11:46:59,479 - experiment_cluster_i500_b10_5 - INFO - finish step #20 for 12.816586971282959 sec
2020-01-22 11:46:59,479 - experiment_cluster_i500_b10_5 - INFO - current val_accuracy: 0.961
2020-01-22 11:46:59,479 - experiment_cluster_i500_b10_5 - INFO - start step #21
2020-01-22 11:47:15,001 - experiment_cluster_i500_b10_5 - INFO - finish step #21 for 15.52189588546753 sec
2020-01-22 11:47:15,002 - experiment_cluster_i500_b10_5 - INFO - current val_accuracy: 0.9617
2020-01-22 11:47:15,002 - experiment_cluster_i500_b10_5 - INFO - start step #22
2020-01-22 11:47:30,689 - experiment_cluster_i500_b10_5 - INFO - finish step #22 for 15.687680006027222 sec
2020-01-22 11:47:30,690 - experiment_cluster_i500_b10_5 - INFO - current val_accuracy: 0.959
2020-01-22 11:47:30,690 - experiment_cluster_i500_b10_5 - INFO - start step #23
2020-01-22 11:47:44,133 - experiment_cluster_i500_b10_5 - INFO - finish step #23 for 13.443335056304932 sec
2020-01-22 11:47:44,133 - experiment_cluster_i500_b10_5 - INFO - current val_accuracy: 0.9619
2020-01-22 11:47:44,134 - experiment_cluster_i500_b10_5 - INFO - start step #24
2020-01-22 11:47:59,459 - experiment_cluster_i500_b10_5 - INFO - finish step #24 for 15.325700044631958 sec
2020-01-22 11:47:59,460 - experiment_cluster_i500_b10_5 - INFO - current val_accuracy: 0.9616
2020-01-22 11:47:59,460 - experiment_cluster_i500_b10_5 - INFO - start step #25
2020-01-22 11:48:14,958 - experiment_cluster_i500_b10_5 - INFO - finish step #25 for 15.497931003570557 sec
2020-01-22 11:48:14,958 - experiment_cluster_i500_b10_5 - INFO - current val_accuracy: 0.9662
2020-01-22 11:48:14,958 - experiment_cluster_i500_b10_5 - INFO - start step #26
2020-01-22 11:48:29,481 - experiment_cluster_i500_b10_5 - INFO - finish step #26 for 14.521995067596436 sec
2020-01-22 11:48:29,481 - experiment_cluster_i500_b10_5 - INFO - current val_accuracy: 0.9645
2020-01-22 11:48:29,481 - experiment_cluster_i500_b10_5 - INFO - start step #27
2020-01-22 11:48:44,815 - experiment_cluster_i500_b10_5 - INFO - finish step #27 for 15.333667993545532 sec
2020-01-22 11:48:44,815 - experiment_cluster_i500_b10_5 - INFO - current val_accuracy: 0.9642
2020-01-22 11:48:44,815 - experiment_cluster_i500_b10_5 - INFO - start step #28
2020-01-22 11:48:57,510 - experiment_cluster_i500_b10_5 - INFO - finish step #28 for 12.695314884185791 sec
2020-01-22 11:48:57,510 - experiment_cluster_i500_b10_5 - INFO - current val_accuracy: 0.9659
2020-01-22 11:48:57,511 - experiment_cluster_i500_b10_5 - INFO - start step #29
2020-01-22 11:49:09,692 - experiment_cluster_i500_b10_5 - INFO - finish step #29 for 12.18159294128418 sec
2020-01-22 11:49:09,692 - experiment_cluster_i500_b10_5 - INFO - current val_accuracy: 0.9686
2020-01-22 11:49:09,692 - experiment_cluster_i500_b10_5 - INFO - finish experiment process for 425.43616700172424 sec
