2020-01-19 17:24:48,064 - experiment_qbc_dropout_30_2 - INFO - start experiment process
2020-01-19 17:27:20,965 - experiment_qbc_dropout_30_2 - INFO - initial val_accuracy: 0.9237
2020-01-19 17:27:20,966 - experiment_qbc_dropout_30_2 - INFO - start step #0
2020-01-19 17:33:06,314 - experiment_qbc_dropout_30_2 - INFO - finish step #0 for 345.34734296798706 sec
2020-01-19 17:33:06,315 - experiment_qbc_dropout_30_2 - INFO - current val_accuracy: 0.9235
2020-01-19 17:33:06,315 - experiment_qbc_dropout_30_2 - INFO - start step #1
2020-01-19 17:39:41,504 - experiment_qbc_dropout_30_2 - INFO - finish step #1 for 395.18846583366394 sec
2020-01-19 17:39:41,506 - experiment_qbc_dropout_30_2 - INFO - current val_accuracy: 0.9239
2020-01-19 17:39:41,506 - experiment_qbc_dropout_30_2 - INFO - start step #2
2020-01-19 17:46:41,589 - experiment_qbc_dropout_30_2 - INFO - finish step #2 for 420.08296608924866 sec
2020-01-19 17:46:41,592 - experiment_qbc_dropout_30_2 - INFO - current val_accuracy: 0.9315
2020-01-19 17:46:41,592 - experiment_qbc_dropout_30_2 - INFO - start step #3
2020-01-19 17:52:31,861 - experiment_qbc_dropout_30_2 - INFO - finish step #3 for 350.2682628631592 sec
2020-01-19 17:52:31,865 - experiment_qbc_dropout_30_2 - INFO - current val_accuracy: 0.9349
2020-01-19 17:52:31,866 - experiment_qbc_dropout_30_2 - INFO - start step #4
2020-01-19 17:58:24,732 - experiment_qbc_dropout_30_2 - INFO - finish step #4 for 352.86535000801086 sec
2020-01-19 17:58:24,734 - experiment_qbc_dropout_30_2 - INFO - current val_accuracy: 0.942
2020-01-19 17:58:24,734 - experiment_qbc_dropout_30_2 - INFO - start step #5
2020-01-19 18:04:24,342 - experiment_qbc_dropout_30_2 - INFO - finish step #5 for 359.60727310180664 sec
2020-01-19 18:04:24,346 - experiment_qbc_dropout_30_2 - INFO - current val_accuracy: 0.9349
2020-01-19 18:04:24,347 - experiment_qbc_dropout_30_2 - INFO - start step #6
2020-01-19 18:10:28,183 - experiment_qbc_dropout_30_2 - INFO - finish step #6 for 363.8363347053528 sec
2020-01-19 18:10:28,185 - experiment_qbc_dropout_30_2 - INFO - current val_accuracy: 0.9379
2020-01-19 18:10:28,186 - experiment_qbc_dropout_30_2 - INFO - start step #7
2020-01-19 18:15:59,672 - experiment_qbc_dropout_30_2 - INFO - finish step #7 for 331.48653292655945 sec
2020-01-19 18:15:59,674 - experiment_qbc_dropout_30_2 - INFO - current val_accuracy: 0.9387
2020-01-19 18:15:59,674 - experiment_qbc_dropout_30_2 - INFO - start step #8
2020-01-19 18:21:50,554 - experiment_qbc_dropout_30_2 - INFO - finish step #8 for 350.8792188167572 sec
2020-01-19 18:21:50,556 - experiment_qbc_dropout_30_2 - INFO - current val_accuracy: 0.9407
2020-01-19 18:21:50,556 - experiment_qbc_dropout_30_2 - INFO - start step #9
2020-01-19 18:27:04,449 - experiment_qbc_dropout_30_2 - INFO - finish step #9 for 313.8931758403778 sec
2020-01-19 18:27:04,451 - experiment_qbc_dropout_30_2 - INFO - current val_accuracy: 0.9483
2020-01-19 18:27:04,452 - experiment_qbc_dropout_30_2 - INFO - start step #10
2020-01-19 18:32:17,035 - experiment_qbc_dropout_30_2 - INFO - finish step #10 for 312.5826003551483 sec
2020-01-19 18:32:17,038 - experiment_qbc_dropout_30_2 - INFO - current val_accuracy: 0.942
2020-01-19 18:32:17,038 - experiment_qbc_dropout_30_2 - INFO - start step #11
2020-01-19 18:37:38,967 - experiment_qbc_dropout_30_2 - INFO - finish step #11 for 321.92838191986084 sec
2020-01-19 18:37:38,971 - experiment_qbc_dropout_30_2 - INFO - current val_accuracy: 0.9446
2020-01-19 18:37:38,971 - experiment_qbc_dropout_30_2 - INFO - start step #12
2020-01-19 18:43:06,186 - experiment_qbc_dropout_30_2 - INFO - finish step #12 for 327.2149963378906 sec
2020-01-19 18:43:06,189 - experiment_qbc_dropout_30_2 - INFO - current val_accuracy: 0.9494
2020-01-19 18:43:06,189 - experiment_qbc_dropout_30_2 - INFO - start step #13
2020-01-19 18:48:52,399 - experiment_qbc_dropout_30_2 - INFO - finish step #13 for 346.2095296382904 sec
2020-01-19 18:48:52,400 - experiment_qbc_dropout_30_2 - INFO - current val_accuracy: 0.953
2020-01-19 18:48:52,400 - experiment_qbc_dropout_30_2 - INFO - start step #14
2020-01-19 18:55:27,731 - experiment_qbc_dropout_30_2 - INFO - finish step #14 for 395.33059191703796 sec
2020-01-19 18:55:27,732 - experiment_qbc_dropout_30_2 - INFO - current val_accuracy: 0.9535
2020-01-19 18:55:27,733 - experiment_qbc_dropout_30_2 - INFO - start step #15
2020-01-19 19:02:13,240 - experiment_qbc_dropout_30_2 - INFO - finish step #15 for 405.50719475746155 sec
2020-01-19 19:02:13,245 - experiment_qbc_dropout_30_2 - INFO - current val_accuracy: 0.9526
2020-01-19 19:02:13,245 - experiment_qbc_dropout_30_2 - INFO - start step #16
2020-01-19 19:10:21,568 - experiment_qbc_dropout_30_2 - INFO - finish step #16 for 488.3223738670349 sec
2020-01-19 19:10:21,571 - experiment_qbc_dropout_30_2 - INFO - current val_accuracy: 0.9566
2020-01-19 19:10:21,572 - experiment_qbc_dropout_30_2 - INFO - start step #17
2020-01-19 19:17:39,146 - experiment_qbc_dropout_30_2 - INFO - finish step #17 for 437.57380986213684 sec
2020-01-19 19:17:39,151 - experiment_qbc_dropout_30_2 - INFO - current val_accuracy: 0.9509
2020-01-19 19:17:39,151 - experiment_qbc_dropout_30_2 - INFO - start step #18
2020-01-19 19:23:57,308 - experiment_qbc_dropout_30_2 - INFO - finish step #18 for 378.15672993659973 sec
2020-01-19 19:23:57,311 - experiment_qbc_dropout_30_2 - INFO - current val_accuracy: 0.9542
2020-01-19 19:23:57,311 - experiment_qbc_dropout_30_2 - INFO - start step #19
2020-01-19 19:30:27,764 - experiment_qbc_dropout_30_2 - INFO - finish step #19 for 390.45184302330017 sec
2020-01-19 19:30:27,766 - experiment_qbc_dropout_30_2 - INFO - current val_accuracy: 0.9601
2020-01-19 19:30:27,767 - experiment_qbc_dropout_30_2 - INFO - start step #20
2020-01-19 19:37:23,631 - experiment_qbc_dropout_30_2 - INFO - finish step #20 for 415.86341190338135 sec
2020-01-19 19:37:23,634 - experiment_qbc_dropout_30_2 - INFO - current val_accuracy: 0.9579
2020-01-19 19:37:23,635 - experiment_qbc_dropout_30_2 - INFO - start step #21
2020-01-19 19:44:04,122 - experiment_qbc_dropout_30_2 - INFO - finish step #21 for 400.48662400245667 sec
2020-01-19 19:44:04,125 - experiment_qbc_dropout_30_2 - INFO - current val_accuracy: 0.9548
2020-01-19 19:44:04,125 - experiment_qbc_dropout_30_2 - INFO - start step #22
2020-01-19 19:50:26,161 - experiment_qbc_dropout_30_2 - INFO - finish step #22 for 382.0356032848358 sec
2020-01-19 19:50:26,164 - experiment_qbc_dropout_30_2 - INFO - current val_accuracy: 0.9577
2020-01-19 19:50:26,164 - experiment_qbc_dropout_30_2 - INFO - start step #23
2020-01-19 19:55:47,197 - experiment_qbc_dropout_30_2 - INFO - finish step #23 for 321.032527923584 sec
2020-01-19 19:55:47,199 - experiment_qbc_dropout_30_2 - INFO - current val_accuracy: 0.9553
2020-01-19 19:55:47,199 - experiment_qbc_dropout_30_2 - INFO - start step #24
2020-01-19 20:01:00,321 - experiment_qbc_dropout_30_2 - INFO - finish step #24 for 313.1215250492096 sec
2020-01-19 20:01:00,325 - experiment_qbc_dropout_30_2 - INFO - current val_accuracy: 0.9589
2020-01-19 20:01:00,326 - experiment_qbc_dropout_30_2 - INFO - start step #25
2020-01-19 20:06:36,339 - experiment_qbc_dropout_30_2 - INFO - finish step #25 for 336.012423992157 sec
2020-01-19 20:06:36,343 - experiment_qbc_dropout_30_2 - INFO - current val_accuracy: 0.9603
2020-01-19 20:06:36,343 - experiment_qbc_dropout_30_2 - INFO - start step #26
2020-01-19 20:12:00,047 - experiment_qbc_dropout_30_2 - INFO - finish step #26 for 323.70359206199646 sec
2020-01-19 20:12:00,050 - experiment_qbc_dropout_30_2 - INFO - current val_accuracy: 0.9602
2020-01-19 20:12:00,050 - experiment_qbc_dropout_30_2 - INFO - start step #27
2020-01-19 20:17:37,330 - experiment_qbc_dropout_30_2 - INFO - finish step #27 for 337.27989506721497 sec
2020-01-19 20:17:37,333 - experiment_qbc_dropout_30_2 - INFO - current val_accuracy: 0.9619
2020-01-19 20:17:37,333 - experiment_qbc_dropout_30_2 - INFO - start step #28
2020-01-19 20:23:00,658 - experiment_qbc_dropout_30_2 - INFO - finish step #28 for 323.32439398765564 sec
2020-01-19 20:23:00,662 - experiment_qbc_dropout_30_2 - INFO - current val_accuracy: 0.9609
2020-01-19 20:23:00,663 - experiment_qbc_dropout_30_2 - INFO - start step #29
2020-01-19 20:27:55,155 - experiment_qbc_dropout_30_2 - INFO - finish step #29 for 294.49179220199585 sec
2020-01-19 20:27:55,158 - experiment_qbc_dropout_30_2 - INFO - current val_accuracy: 0.9662
2020-01-19 20:27:55,158 - experiment_qbc_dropout_30_2 - INFO - finish experiment process for 10987.093559741974 sec
2020-01-19 22:51:31,992 - experiment_qbc_dropout_30_2 - INFO - start experiment process
2020-01-19 22:54:24,110 - experiment_qbc_dropout_30_2 - INFO - initial val_accuracy: 0.9085
2020-01-19 22:54:24,113 - experiment_qbc_dropout_30_2 - INFO - start step #0
2020-01-19 22:59:35,031 - experiment_qbc_dropout_30_2 - INFO - finish step #0 for 310.91822814941406 sec
2020-01-19 22:59:35,034 - experiment_qbc_dropout_30_2 - INFO - current val_accuracy: 0.9077
2020-01-19 22:59:35,035 - experiment_qbc_dropout_30_2 - INFO - start step #1
