2020-01-22 09:49:53,437 - experiment_cluster_i500_b10_1 - INFO - start experiment process
2020-01-22 09:49:58,629 - experiment_cluster_i500_b10_1 - INFO - initial val_accuracy: 0.852
2020-01-22 09:49:58,629 - experiment_cluster_i500_b10_1 - INFO - start step #0
2020-01-22 09:54:48,565 - experiment_cluster_i500_b10_1 - INFO - start experiment process
2020-01-22 09:57:12,889 - experiment_cluster_i500_b10_1 - INFO - start experiment process
2020-01-22 09:57:19,088 - experiment_cluster_i500_b10_1 - INFO - initial val_accuracy: 0.8362
2020-01-22 09:57:19,089 - experiment_cluster_i500_b10_1 - INFO - start step #0
2020-01-22 10:12:53,114 - experiment_cluster_i500_b10_1 - INFO - start experiment process
2020-01-22 10:12:58,137 - experiment_cluster_i500_b10_1 - INFO - initial val_accuracy: 0.8218
2020-01-22 10:12:58,137 - experiment_cluster_i500_b10_1 - INFO - start step #0
2020-01-22 10:25:14,590 - experiment_cluster_i500_b10_1 - INFO - start experiment process
2020-01-22 10:25:20,628 - experiment_cluster_i500_b10_1 - INFO - initial val_accuracy: 0.814
2020-01-22 10:25:20,628 - experiment_cluster_i500_b10_1 - INFO - start step #0
2020-01-22 10:25:53,250 - experiment_cluster_i500_b10_1 - INFO - finish step #0 for 32.62243413925171 sec
2020-01-22 10:25:53,250 - experiment_cluster_i500_b10_1 - INFO - current val_accuracy: 0.8499
2020-01-22 10:25:53,251 - experiment_cluster_i500_b10_1 - INFO - start step #1
2020-01-22 10:26:19,785 - experiment_cluster_i500_b10_1 - INFO - finish step #1 for 26.53419303894043 sec
2020-01-22 10:26:19,785 - experiment_cluster_i500_b10_1 - INFO - current val_accuracy: 0.8845
2020-01-22 10:26:19,785 - experiment_cluster_i500_b10_1 - INFO - start step #2
2020-01-22 10:29:40,738 - experiment_cluster_i500_b10_1 - INFO - start experiment process
2020-01-22 10:29:46,567 - experiment_cluster_i500_b10_1 - INFO - initial val_accuracy: 0.8348
2020-01-22 10:29:46,567 - experiment_cluster_i500_b10_1 - INFO - start step #0
2020-01-22 10:52:44,773 - experiment_cluster_i500_b10_1 - INFO - start experiment process
2020-01-22 10:52:51,066 - experiment_cluster_i500_b10_1 - INFO - initial val_accuracy: 0.8096
2020-01-22 10:52:51,067 - experiment_cluster_i500_b10_1 - INFO - start step #0
2020-01-22 10:53:07,859 - experiment_cluster_i500_b10_1 - INFO - finish step #0 for 16.7920241355896 sec
2020-01-22 10:53:07,860 - experiment_cluster_i500_b10_1 - INFO - current val_accuracy: 0.8347
2020-01-22 10:53:07,860 - experiment_cluster_i500_b10_1 - INFO - start step #1
2020-01-22 10:53:23,786 - experiment_cluster_i500_b10_1 - INFO - finish step #1 for 15.925619125366211 sec
2020-01-22 10:53:23,786 - experiment_cluster_i500_b10_1 - INFO - current val_accuracy: 0.8998
2020-01-22 10:53:23,786 - experiment_cluster_i500_b10_1 - INFO - start step #2
2020-01-22 10:53:38,623 - experiment_cluster_i500_b10_1 - INFO - finish step #2 for 14.836506128311157 sec
2020-01-22 10:53:38,623 - experiment_cluster_i500_b10_1 - INFO - current val_accuracy: 0.9064
2020-01-22 10:53:38,623 - experiment_cluster_i500_b10_1 - INFO - start step #3
2020-01-22 10:53:53,045 - experiment_cluster_i500_b10_1 - INFO - finish step #3 for 14.422022104263306 sec
2020-01-22 10:53:53,045 - experiment_cluster_i500_b10_1 - INFO - current val_accuracy: 0.9179
2020-01-22 10:53:53,045 - experiment_cluster_i500_b10_1 - INFO - start step #4
2020-01-22 10:54:06,789 - experiment_cluster_i500_b10_1 - INFO - finish step #4 for 13.743830919265747 sec
2020-01-22 10:54:06,789 - experiment_cluster_i500_b10_1 - INFO - current val_accuracy: 0.9267
2020-01-22 10:54:06,790 - experiment_cluster_i500_b10_1 - INFO - start step #5
2020-01-22 10:54:20,104 - experiment_cluster_i500_b10_1 - INFO - finish step #5 for 13.314198970794678 sec
2020-01-22 10:54:20,104 - experiment_cluster_i500_b10_1 - INFO - current val_accuracy: 0.9371
2020-01-22 10:54:20,104 - experiment_cluster_i500_b10_1 - INFO - start step #6
2020-01-22 10:54:34,236 - experiment_cluster_i500_b10_1 - INFO - finish step #6 for 14.132081985473633 sec
2020-01-22 10:54:34,237 - experiment_cluster_i500_b10_1 - INFO - current val_accuracy: 0.9345
2020-01-22 10:54:34,237 - experiment_cluster_i500_b10_1 - INFO - start step #7
2020-01-22 10:54:51,316 - experiment_cluster_i500_b10_1 - INFO - finish step #7 for 17.079441785812378 sec
2020-01-22 10:54:51,317 - experiment_cluster_i500_b10_1 - INFO - current val_accuracy: 0.9456
2020-01-22 10:54:51,318 - experiment_cluster_i500_b10_1 - INFO - start step #8
2020-01-22 10:55:07,460 - experiment_cluster_i500_b10_1 - INFO - finish step #8 for 16.14259910583496 sec
2020-01-22 10:55:07,461 - experiment_cluster_i500_b10_1 - INFO - current val_accuracy: 0.9413
2020-01-22 10:55:07,461 - experiment_cluster_i500_b10_1 - INFO - start step #9
2020-01-22 10:55:22,787 - experiment_cluster_i500_b10_1 - INFO - finish step #9 for 15.32581877708435 sec
2020-01-22 10:55:22,787 - experiment_cluster_i500_b10_1 - INFO - current val_accuracy: 0.9353
2020-01-22 10:55:22,787 - experiment_cluster_i500_b10_1 - INFO - start step #10
2020-01-22 10:55:39,751 - experiment_cluster_i500_b10_1 - INFO - finish step #10 for 16.963109970092773 sec
2020-01-22 10:55:39,752 - experiment_cluster_i500_b10_1 - INFO - current val_accuracy: 0.9475
2020-01-22 10:55:39,752 - experiment_cluster_i500_b10_1 - INFO - start step #11
2020-01-22 10:55:56,869 - experiment_cluster_i500_b10_1 - INFO - finish step #11 for 17.116780042648315 sec
2020-01-22 10:55:56,869 - experiment_cluster_i500_b10_1 - INFO - current val_accuracy: 0.9496
2020-01-22 10:55:56,869 - experiment_cluster_i500_b10_1 - INFO - start step #12
2020-01-22 10:56:17,168 - experiment_cluster_i500_b10_1 - INFO - finish step #12 for 20.299140691757202 sec
2020-01-22 10:56:17,169 - experiment_cluster_i500_b10_1 - INFO - current val_accuracy: 0.953
2020-01-22 10:56:17,169 - experiment_cluster_i500_b10_1 - INFO - start step #13
2020-01-22 10:56:32,104 - experiment_cluster_i500_b10_1 - INFO - finish step #13 for 14.935412883758545 sec
2020-01-22 10:56:32,104 - experiment_cluster_i500_b10_1 - INFO - current val_accuracy: 0.9554
2020-01-22 10:56:32,104 - experiment_cluster_i500_b10_1 - INFO - start step #14
2020-01-22 10:56:47,194 - experiment_cluster_i500_b10_1 - INFO - finish step #14 for 15.089623928070068 sec
2020-01-22 10:56:47,194 - experiment_cluster_i500_b10_1 - INFO - current val_accuracy: 0.9606
2020-01-22 10:56:47,195 - experiment_cluster_i500_b10_1 - INFO - start step #15
2020-01-22 10:57:04,313 - experiment_cluster_i500_b10_1 - INFO - finish step #15 for 17.118810892105103 sec
2020-01-22 10:57:04,314 - experiment_cluster_i500_b10_1 - INFO - current val_accuracy: 0.9614
2020-01-22 10:57:04,314 - experiment_cluster_i500_b10_1 - INFO - start step #16
2020-01-22 10:57:19,508 - experiment_cluster_i500_b10_1 - INFO - finish step #16 for 15.193692922592163 sec
2020-01-22 10:57:19,508 - experiment_cluster_i500_b10_1 - INFO - current val_accuracy: 0.9578
2020-01-22 10:57:19,508 - experiment_cluster_i500_b10_1 - INFO - start step #17
2020-01-22 10:57:33,608 - experiment_cluster_i500_b10_1 - INFO - finish step #17 for 14.099180698394775 sec
2020-01-22 10:57:33,608 - experiment_cluster_i500_b10_1 - INFO - current val_accuracy: 0.9635
2020-01-22 10:57:33,608 - experiment_cluster_i500_b10_1 - INFO - start step #18
2020-01-22 10:57:47,075 - experiment_cluster_i500_b10_1 - INFO - finish step #18 for 13.466917037963867 sec
2020-01-22 10:57:47,075 - experiment_cluster_i500_b10_1 - INFO - current val_accuracy: 0.9636
2020-01-22 10:57:47,075 - experiment_cluster_i500_b10_1 - INFO - start step #19
2020-01-22 10:58:02,050 - experiment_cluster_i500_b10_1 - INFO - finish step #19 for 14.974593877792358 sec
2020-01-22 10:58:02,050 - experiment_cluster_i500_b10_1 - INFO - current val_accuracy: 0.9634
2020-01-22 10:58:02,050 - experiment_cluster_i500_b10_1 - INFO - start step #20
2020-01-22 10:58:16,828 - experiment_cluster_i500_b10_1 - INFO - finish step #20 for 14.777619123458862 sec
2020-01-22 10:58:16,828 - experiment_cluster_i500_b10_1 - INFO - current val_accuracy: 0.9624
2020-01-22 10:58:16,828 - experiment_cluster_i500_b10_1 - INFO - start step #21
2020-01-22 10:58:32,892 - experiment_cluster_i500_b10_1 - INFO - finish step #21 for 16.063372135162354 sec
2020-01-22 10:58:32,892 - experiment_cluster_i500_b10_1 - INFO - current val_accuracy: 0.9666
2020-01-22 10:58:32,892 - experiment_cluster_i500_b10_1 - INFO - start step #22
2020-01-22 10:58:48,089 - experiment_cluster_i500_b10_1 - INFO - finish step #22 for 15.196675062179565 sec
2020-01-22 10:58:48,089 - experiment_cluster_i500_b10_1 - INFO - current val_accuracy: 0.9671
2020-01-22 10:58:48,089 - experiment_cluster_i500_b10_1 - INFO - start step #23
2020-01-22 10:59:02,294 - experiment_cluster_i500_b10_1 - INFO - finish step #23 for 14.204578161239624 sec
2020-01-22 10:59:02,294 - experiment_cluster_i500_b10_1 - INFO - current val_accuracy: 0.9693
2020-01-22 10:59:02,294 - experiment_cluster_i500_b10_1 - INFO - start step #24
2020-01-22 10:59:16,455 - experiment_cluster_i500_b10_1 - INFO - finish step #24 for 14.160967111587524 sec
2020-01-22 10:59:16,455 - experiment_cluster_i500_b10_1 - INFO - current val_accuracy: 0.9692
2020-01-22 10:59:16,455 - experiment_cluster_i500_b10_1 - INFO - start step #25
2020-01-22 10:59:31,454 - experiment_cluster_i500_b10_1 - INFO - finish step #25 for 14.998517036437988 sec
2020-01-22 10:59:31,454 - experiment_cluster_i500_b10_1 - INFO - current val_accuracy: 0.9703
2020-01-22 10:59:31,454 - experiment_cluster_i500_b10_1 - INFO - start step #26
2020-01-22 10:59:44,859 - experiment_cluster_i500_b10_1 - INFO - finish step #26 for 13.405234813690186 sec
2020-01-22 10:59:44,860 - experiment_cluster_i500_b10_1 - INFO - current val_accuracy: 0.9705
2020-01-22 10:59:44,860 - experiment_cluster_i500_b10_1 - INFO - start step #27
2020-01-22 10:59:59,270 - experiment_cluster_i500_b10_1 - INFO - finish step #27 for 14.410071849822998 sec
2020-01-22 10:59:59,270 - experiment_cluster_i500_b10_1 - INFO - current val_accuracy: 0.9694
2020-01-22 10:59:59,270 - experiment_cluster_i500_b10_1 - INFO - start step #28
2020-01-22 11:00:14,667 - experiment_cluster_i500_b10_1 - INFO - finish step #28 for 15.396997928619385 sec
2020-01-22 11:00:14,667 - experiment_cluster_i500_b10_1 - INFO - current val_accuracy: 0.9687
2020-01-22 11:00:14,667 - experiment_cluster_i500_b10_1 - INFO - start step #29
2020-01-22 11:00:27,591 - experiment_cluster_i500_b10_1 - INFO - finish step #29 for 12.923625946044922 sec
2020-01-22 11:00:27,591 - experiment_cluster_i500_b10_1 - INFO - current val_accuracy: 0.9704
2020-01-22 11:00:27,591 - experiment_cluster_i500_b10_1 - INFO - finish experiment process for 462.8166170120239 sec
2020-01-22 11:07:09,428 - experiment_cluster_i500_b10_1 - INFO - start experiment process
2020-01-22 11:07:14,471 - experiment_cluster_i500_b10_1 - INFO - initial val_accuracy: 0.9273
2020-01-22 11:07:14,471 - experiment_cluster_i500_b10_1 - INFO - start step #0
2020-01-22 11:07:26,780 - experiment_cluster_i500_b10_1 - INFO - finish step #0 for 12.309207201004028 sec
2020-01-22 11:07:26,781 - experiment_cluster_i500_b10_1 - INFO - current val_accuracy: 0.9299
2020-01-22 11:07:26,781 - experiment_cluster_i500_b10_1 - INFO - start step #1
2020-01-22 11:07:38,945 - experiment_cluster_i500_b10_1 - INFO - finish step #1 for 12.163551330566406 sec
2020-01-22 11:07:38,945 - experiment_cluster_i500_b10_1 - INFO - current val_accuracy: 0.928
2020-01-22 11:07:38,945 - experiment_cluster_i500_b10_1 - INFO - start step #2
2020-01-22 11:07:51,183 - experiment_cluster_i500_b10_1 - INFO - finish step #2 for 12.238152980804443 sec
2020-01-22 11:07:51,184 - experiment_cluster_i500_b10_1 - INFO - current val_accuracy: 0.9356
2020-01-22 11:07:51,184 - experiment_cluster_i500_b10_1 - INFO - start step #3
2020-01-22 11:08:03,918 - experiment_cluster_i500_b10_1 - INFO - finish step #3 for 12.734003067016602 sec
2020-01-22 11:08:03,918 - experiment_cluster_i500_b10_1 - INFO - current val_accuracy: 0.9395
2020-01-22 11:08:03,918 - experiment_cluster_i500_b10_1 - INFO - start step #4
2020-01-22 11:08:16,201 - experiment_cluster_i500_b10_1 - INFO - finish step #4 for 12.282625913619995 sec
2020-01-22 11:08:16,201 - experiment_cluster_i500_b10_1 - INFO - current val_accuracy: 0.935
2020-01-22 11:08:16,201 - experiment_cluster_i500_b10_1 - INFO - start step #5
2020-01-22 11:08:28,702 - experiment_cluster_i500_b10_1 - INFO - finish step #5 for 12.500750064849854 sec
2020-01-22 11:08:28,702 - experiment_cluster_i500_b10_1 - INFO - current val_accuracy: 0.9446
2020-01-22 11:08:28,702 - experiment_cluster_i500_b10_1 - INFO - start step #6
2020-01-22 11:08:40,841 - experiment_cluster_i500_b10_1 - INFO - finish step #6 for 12.138833999633789 sec
2020-01-22 11:08:40,841 - experiment_cluster_i500_b10_1 - INFO - current val_accuracy: 0.9358
2020-01-22 11:08:40,841 - experiment_cluster_i500_b10_1 - INFO - start step #7
2020-01-22 11:08:53,289 - experiment_cluster_i500_b10_1 - INFO - finish step #7 for 12.447659015655518 sec
2020-01-22 11:08:53,289 - experiment_cluster_i500_b10_1 - INFO - current val_accuracy: 0.9489
2020-01-22 11:08:53,289 - experiment_cluster_i500_b10_1 - INFO - start step #8
2020-01-22 11:09:05,820 - experiment_cluster_i500_b10_1 - INFO - finish step #8 for 12.530179977416992 sec
2020-01-22 11:09:05,820 - experiment_cluster_i500_b10_1 - INFO - current val_accuracy: 0.9464
2020-01-22 11:09:05,820 - experiment_cluster_i500_b10_1 - INFO - start step #9
2020-01-22 11:09:18,234 - experiment_cluster_i500_b10_1 - INFO - finish step #9 for 12.41365098953247 sec
2020-01-22 11:09:18,234 - experiment_cluster_i500_b10_1 - INFO - current val_accuracy: 0.953
2020-01-22 11:09:18,234 - experiment_cluster_i500_b10_1 - INFO - start step #10
2020-01-22 11:09:30,002 - experiment_cluster_i500_b10_1 - INFO - finish step #10 for 11.767695188522339 sec
2020-01-22 11:09:30,002 - experiment_cluster_i500_b10_1 - INFO - current val_accuracy: 0.9483
2020-01-22 11:09:30,002 - experiment_cluster_i500_b10_1 - INFO - start step #11
2020-01-22 11:09:42,433 - experiment_cluster_i500_b10_1 - INFO - finish step #11 for 12.43124508857727 sec
2020-01-22 11:09:42,433 - experiment_cluster_i500_b10_1 - INFO - current val_accuracy: 0.9496
2020-01-22 11:09:42,434 - experiment_cluster_i500_b10_1 - INFO - start step #12
2020-01-22 11:09:54,785 - experiment_cluster_i500_b10_1 - INFO - finish step #12 for 12.351451873779297 sec
2020-01-22 11:09:54,785 - experiment_cluster_i500_b10_1 - INFO - current val_accuracy: 0.9529
2020-01-22 11:09:54,785 - experiment_cluster_i500_b10_1 - INFO - start step #13
2020-01-22 11:10:07,603 - experiment_cluster_i500_b10_1 - INFO - finish step #13 for 12.817891120910645 sec
2020-01-22 11:10:07,603 - experiment_cluster_i500_b10_1 - INFO - current val_accuracy: 0.9495
2020-01-22 11:10:07,604 - experiment_cluster_i500_b10_1 - INFO - start step #14
2020-01-22 11:10:19,729 - experiment_cluster_i500_b10_1 - INFO - finish step #14 for 12.125826120376587 sec
2020-01-22 11:10:19,730 - experiment_cluster_i500_b10_1 - INFO - current val_accuracy: 0.9521
2020-01-22 11:10:19,730 - experiment_cluster_i500_b10_1 - INFO - start step #15
2020-01-22 11:10:31,700 - experiment_cluster_i500_b10_1 - INFO - finish step #15 for 11.969983100891113 sec
2020-01-22 11:10:31,700 - experiment_cluster_i500_b10_1 - INFO - current val_accuracy: 0.9546
2020-01-22 11:10:31,700 - experiment_cluster_i500_b10_1 - INFO - start step #16
2020-01-22 11:10:44,853 - experiment_cluster_i500_b10_1 - INFO - finish step #16 for 13.152327060699463 sec
2020-01-22 11:10:44,853 - experiment_cluster_i500_b10_1 - INFO - current val_accuracy: 0.9548
2020-01-22 11:10:44,853 - experiment_cluster_i500_b10_1 - INFO - start step #17
2020-01-22 11:10:57,102 - experiment_cluster_i500_b10_1 - INFO - finish step #17 for 12.248960971832275 sec
2020-01-22 11:10:57,102 - experiment_cluster_i500_b10_1 - INFO - current val_accuracy: 0.9617
2020-01-22 11:10:57,102 - experiment_cluster_i500_b10_1 - INFO - start step #18
2020-01-22 11:11:09,633 - experiment_cluster_i500_b10_1 - INFO - finish step #18 for 12.530822277069092 sec
2020-01-22 11:11:09,633 - experiment_cluster_i500_b10_1 - INFO - current val_accuracy: 0.9597
2020-01-22 11:11:09,633 - experiment_cluster_i500_b10_1 - INFO - start step #19
2020-01-22 11:11:21,632 - experiment_cluster_i500_b10_1 - INFO - finish step #19 for 11.998805046081543 sec
2020-01-22 11:11:21,633 - experiment_cluster_i500_b10_1 - INFO - current val_accuracy: 0.9594
2020-01-22 11:11:21,633 - experiment_cluster_i500_b10_1 - INFO - start step #20
2020-01-22 11:11:34,012 - experiment_cluster_i500_b10_1 - INFO - finish step #20 for 12.379619121551514 sec
2020-01-22 11:11:34,012 - experiment_cluster_i500_b10_1 - INFO - current val_accuracy: 0.9584
2020-01-22 11:11:34,013 - experiment_cluster_i500_b10_1 - INFO - start step #21
2020-01-22 11:11:45,902 - experiment_cluster_i500_b10_1 - INFO - finish step #21 for 11.888931035995483 sec
2020-01-22 11:11:45,903 - experiment_cluster_i500_b10_1 - INFO - current val_accuracy: 0.9601
2020-01-22 11:11:45,903 - experiment_cluster_i500_b10_1 - INFO - start step #22
2020-01-22 11:11:58,008 - experiment_cluster_i500_b10_1 - INFO - finish step #22 for 12.104136228561401 sec
2020-01-22 11:11:58,008 - experiment_cluster_i500_b10_1 - INFO - current val_accuracy: 0.9611
2020-01-22 11:11:58,008 - experiment_cluster_i500_b10_1 - INFO - start step #23
2020-01-22 11:12:09,767 - experiment_cluster_i500_b10_1 - INFO - finish step #23 for 11.758965969085693 sec
2020-01-22 11:12:09,767 - experiment_cluster_i500_b10_1 - INFO - current val_accuracy: 0.9634
2020-01-22 11:12:09,767 - experiment_cluster_i500_b10_1 - INFO - start step #24
2020-01-22 11:12:22,234 - experiment_cluster_i500_b10_1 - INFO - finish step #24 for 12.466466188430786 sec
2020-01-22 11:12:22,234 - experiment_cluster_i500_b10_1 - INFO - current val_accuracy: 0.9636
2020-01-22 11:12:22,234 - experiment_cluster_i500_b10_1 - INFO - start step #25
2020-01-22 11:12:34,367 - experiment_cluster_i500_b10_1 - INFO - finish step #25 for 12.133044004440308 sec
2020-01-22 11:12:34,368 - experiment_cluster_i500_b10_1 - INFO - current val_accuracy: 0.9646
2020-01-22 11:12:34,368 - experiment_cluster_i500_b10_1 - INFO - start step #26
2020-01-22 11:12:46,511 - experiment_cluster_i500_b10_1 - INFO - finish step #26 for 12.143699884414673 sec
2020-01-22 11:12:46,512 - experiment_cluster_i500_b10_1 - INFO - current val_accuracy: 0.9677
2020-01-22 11:12:46,512 - experiment_cluster_i500_b10_1 - INFO - start step #27
2020-01-22 11:12:58,667 - experiment_cluster_i500_b10_1 - INFO - finish step #27 for 12.154885053634644 sec
2020-01-22 11:12:58,667 - experiment_cluster_i500_b10_1 - INFO - current val_accuracy: 0.968
2020-01-22 11:12:58,667 - experiment_cluster_i500_b10_1 - INFO - start step #28
2020-01-22 11:13:11,080 - experiment_cluster_i500_b10_1 - INFO - finish step #28 for 12.412462949752808 sec
2020-01-22 11:13:11,080 - experiment_cluster_i500_b10_1 - INFO - current val_accuracy: 0.9701
2020-01-22 11:13:11,080 - experiment_cluster_i500_b10_1 - INFO - start step #29
2020-01-22 11:13:23,128 - experiment_cluster_i500_b10_1 - INFO - finish step #29 for 12.047867774963379 sec
2020-01-22 11:13:23,128 - experiment_cluster_i500_b10_1 - INFO - current val_accuracy: 0.9716
2020-01-22 11:13:23,128 - experiment_cluster_i500_b10_1 - INFO - finish experiment process for 373.69873309135437 sec
