2020-01-22 13:51:43,970 - experiment_cluster_i500_b20_2 - INFO - start experiment process
2020-01-22 13:51:49,741 - experiment_cluster_i500_b20_2 - INFO - initial val_accuracy: 0.9172
2020-01-22 13:51:49,742 - experiment_cluster_i500_b20_2 - INFO - start step #0
2020-01-22 13:52:04,053 - experiment_cluster_i500_b20_2 - INFO - finish step #0 for 14.310967922210693 sec
2020-01-22 13:52:04,054 - experiment_cluster_i500_b20_2 - INFO - current val_accuracy: 0.9164
2020-01-22 13:52:04,055 - experiment_cluster_i500_b20_2 - INFO - start step #1
2020-01-22 13:52:18,981 - experiment_cluster_i500_b20_2 - INFO - finish step #1 for 14.92559266090393 sec
2020-01-22 13:52:18,982 - experiment_cluster_i500_b20_2 - INFO - current val_accuracy: 0.9241
2020-01-22 13:52:18,983 - experiment_cluster_i500_b20_2 - INFO - start step #2
2020-01-22 13:52:33,530 - experiment_cluster_i500_b20_2 - INFO - finish step #2 for 14.547043085098267 sec
2020-01-22 13:52:33,531 - experiment_cluster_i500_b20_2 - INFO - current val_accuracy: 0.9297
2020-01-22 13:52:33,532 - experiment_cluster_i500_b20_2 - INFO - start step #3
2020-01-22 13:52:49,134 - experiment_cluster_i500_b20_2 - INFO - finish step #3 for 15.60237717628479 sec
2020-01-22 13:52:49,135 - experiment_cluster_i500_b20_2 - INFO - current val_accuracy: 0.9426
2020-01-22 13:52:49,135 - experiment_cluster_i500_b20_2 - INFO - start step #4
2020-01-22 13:53:03,760 - experiment_cluster_i500_b20_2 - INFO - finish step #4 for 14.62407898902893 sec
2020-01-22 13:53:03,760 - experiment_cluster_i500_b20_2 - INFO - current val_accuracy: 0.937
2020-01-22 13:53:03,760 - experiment_cluster_i500_b20_2 - INFO - start step #5
2020-01-22 13:53:18,889 - experiment_cluster_i500_b20_2 - INFO - finish step #5 for 15.128575801849365 sec
2020-01-22 13:53:18,889 - experiment_cluster_i500_b20_2 - INFO - current val_accuracy: 0.9443
2020-01-22 13:53:18,890 - experiment_cluster_i500_b20_2 - INFO - start step #6
2020-01-22 13:53:49,641 - experiment_cluster_i500_b20_2 - INFO - finish step #6 for 30.750711917877197 sec
2020-01-22 13:53:49,642 - experiment_cluster_i500_b20_2 - INFO - current val_accuracy: 0.9465
2020-01-22 13:53:49,642 - experiment_cluster_i500_b20_2 - INFO - start step #7
2020-01-22 13:54:12,193 - experiment_cluster_i500_b20_2 - INFO - finish step #7 for 22.550025939941406 sec
2020-01-22 13:54:12,195 - experiment_cluster_i500_b20_2 - INFO - current val_accuracy: 0.9529
2020-01-22 13:54:12,196 - experiment_cluster_i500_b20_2 - INFO - start step #8
2020-01-22 13:54:44,032 - experiment_cluster_i500_b20_2 - INFO - finish step #8 for 31.835511207580566 sec
2020-01-22 13:54:44,033 - experiment_cluster_i500_b20_2 - INFO - current val_accuracy: 0.9496
2020-01-22 13:54:44,034 - experiment_cluster_i500_b20_2 - INFO - start step #9
2020-01-22 13:55:18,049 - experiment_cluster_i500_b20_2 - INFO - finish step #9 for 34.01497173309326 sec
2020-01-22 13:55:18,050 - experiment_cluster_i500_b20_2 - INFO - current val_accuracy: 0.9599
2020-01-22 13:55:18,051 - experiment_cluster_i500_b20_2 - INFO - start step #10
2020-01-22 13:55:52,594 - experiment_cluster_i500_b20_2 - INFO - finish step #10 for 34.54349207878113 sec
2020-01-22 13:55:52,596 - experiment_cluster_i500_b20_2 - INFO - current val_accuracy: 0.9478
2020-01-22 13:55:52,596 - experiment_cluster_i500_b20_2 - INFO - start step #11
2020-01-22 13:56:08,885 - experiment_cluster_i500_b20_2 - INFO - finish step #11 for 16.288359880447388 sec
2020-01-22 13:56:08,885 - experiment_cluster_i500_b20_2 - INFO - current val_accuracy: 0.9618
2020-01-22 13:56:08,885 - experiment_cluster_i500_b20_2 - INFO - start step #12
2020-01-22 13:56:23,744 - experiment_cluster_i500_b20_2 - INFO - finish step #12 for 14.858704328536987 sec
2020-01-22 13:56:23,746 - experiment_cluster_i500_b20_2 - INFO - current val_accuracy: 0.9604
2020-01-22 13:56:23,746 - experiment_cluster_i500_b20_2 - INFO - start step #13
2020-01-22 13:56:38,245 - experiment_cluster_i500_b20_2 - INFO - finish step #13 for 14.49855899810791 sec
2020-01-22 13:56:38,246 - experiment_cluster_i500_b20_2 - INFO - current val_accuracy: 0.96
2020-01-22 13:56:38,246 - experiment_cluster_i500_b20_2 - INFO - start step #14
2020-01-22 13:56:53,797 - experiment_cluster_i500_b20_2 - INFO - finish step #14 for 15.550615072250366 sec
2020-01-22 13:56:53,798 - experiment_cluster_i500_b20_2 - INFO - current val_accuracy: 0.9666
2020-01-22 13:56:53,799 - experiment_cluster_i500_b20_2 - INFO - start step #15
2020-01-22 13:57:09,833 - experiment_cluster_i500_b20_2 - INFO - finish step #15 for 16.034097909927368 sec
2020-01-22 13:57:09,834 - experiment_cluster_i500_b20_2 - INFO - current val_accuracy: 0.964
2020-01-22 13:57:09,835 - experiment_cluster_i500_b20_2 - INFO - start step #16
2020-01-22 13:57:49,409 - experiment_cluster_i500_b20_2 - INFO - finish step #16 for 39.5741171836853 sec
2020-01-22 13:57:49,411 - experiment_cluster_i500_b20_2 - INFO - current val_accuracy: 0.9676
2020-01-22 13:57:49,412 - experiment_cluster_i500_b20_2 - INFO - start step #17
2020-01-22 13:58:23,596 - experiment_cluster_i500_b20_2 - INFO - finish step #17 for 34.18329405784607 sec
2020-01-22 13:58:23,596 - experiment_cluster_i500_b20_2 - INFO - current val_accuracy: 0.9655
2020-01-22 13:58:23,597 - experiment_cluster_i500_b20_2 - INFO - start step #18
2020-01-22 13:58:55,326 - experiment_cluster_i500_b20_2 - INFO - finish step #18 for 31.729124784469604 sec
2020-01-22 13:58:55,328 - experiment_cluster_i500_b20_2 - INFO - current val_accuracy: 0.9676
2020-01-22 13:58:55,329 - experiment_cluster_i500_b20_2 - INFO - start step #19
2020-01-22 13:59:19,951 - experiment_cluster_i500_b20_2 - INFO - finish step #19 for 24.621944904327393 sec
2020-01-22 13:59:19,952 - experiment_cluster_i500_b20_2 - INFO - current val_accuracy: 0.9667
2020-01-22 13:59:19,952 - experiment_cluster_i500_b20_2 - INFO - start step #20
2020-01-22 13:59:36,173 - experiment_cluster_i500_b20_2 - INFO - finish step #20 for 16.22008228302002 sec
2020-01-22 13:59:36,174 - experiment_cluster_i500_b20_2 - INFO - current val_accuracy: 0.9725
2020-01-22 13:59:36,175 - experiment_cluster_i500_b20_2 - INFO - start step #21
2020-01-22 13:59:51,526 - experiment_cluster_i500_b20_2 - INFO - finish step #21 for 15.35139799118042 sec
2020-01-22 13:59:51,526 - experiment_cluster_i500_b20_2 - INFO - current val_accuracy: 0.9721
2020-01-22 13:59:51,527 - experiment_cluster_i500_b20_2 - INFO - start step #22
2020-01-22 14:00:06,725 - experiment_cluster_i500_b20_2 - INFO - finish step #22 for 15.19819688796997 sec
2020-01-22 14:00:06,726 - experiment_cluster_i500_b20_2 - INFO - current val_accuracy: 0.9719
2020-01-22 14:00:06,727 - experiment_cluster_i500_b20_2 - INFO - start step #23
2020-01-22 14:00:21,776 - experiment_cluster_i500_b20_2 - INFO - finish step #23 for 15.048245668411255 sec
2020-01-22 14:00:21,776 - experiment_cluster_i500_b20_2 - INFO - current val_accuracy: 0.9732
2020-01-22 14:00:21,776 - experiment_cluster_i500_b20_2 - INFO - start step #24
2020-01-22 14:00:36,392 - experiment_cluster_i500_b20_2 - INFO - finish step #24 for 14.615454912185669 sec
2020-01-22 14:00:36,392 - experiment_cluster_i500_b20_2 - INFO - current val_accuracy: 0.9713
2020-01-22 14:00:36,392 - experiment_cluster_i500_b20_2 - INFO - start step #25
2020-01-22 14:00:51,862 - experiment_cluster_i500_b20_2 - INFO - finish step #25 for 15.469995975494385 sec
2020-01-22 14:00:51,863 - experiment_cluster_i500_b20_2 - INFO - current val_accuracy: 0.9749
2020-01-22 14:00:51,864 - experiment_cluster_i500_b20_2 - INFO - start step #26
2020-01-22 14:01:07,047 - experiment_cluster_i500_b20_2 - INFO - finish step #26 for 15.182265996932983 sec
2020-01-22 14:01:07,048 - experiment_cluster_i500_b20_2 - INFO - current val_accuracy: 0.9743
2020-01-22 14:01:07,049 - experiment_cluster_i500_b20_2 - INFO - start step #27
2020-01-22 14:01:21,703 - experiment_cluster_i500_b20_2 - INFO - finish step #27 for 14.654406785964966 sec
2020-01-22 14:01:21,705 - experiment_cluster_i500_b20_2 - INFO - current val_accuracy: 0.9755
2020-01-22 14:01:21,705 - experiment_cluster_i500_b20_2 - INFO - start step #28
2020-01-22 14:01:37,170 - experiment_cluster_i500_b20_2 - INFO - finish step #28 for 15.464449167251587 sec
2020-01-22 14:01:37,170 - experiment_cluster_i500_b20_2 - INFO - current val_accuracy: 0.9753
2020-01-22 14:01:37,171 - experiment_cluster_i500_b20_2 - INFO - start step #29
2020-01-22 14:01:52,130 - experiment_cluster_i500_b20_2 - INFO - finish step #29 for 14.959235906600952 sec
2020-01-22 14:01:52,130 - experiment_cluster_i500_b20_2 - INFO - current val_accuracy: 0.9761
2020-01-22 14:01:52,131 - experiment_cluster_i500_b20_2 - INFO - finish experiment process for 608.1598789691925 sec
