2020-02-12 14:23:10,656 - experiment_entropy_bs_i500_b20_6 - INFO - start experiment process
2020-02-12 14:23:15,217 - experiment_entropy_bs_i500_b20_6 - INFO - initial val_accuracy: 0.9053
2020-02-12 14:23:15,218 - experiment_entropy_bs_i500_b20_6 - INFO - start step #0
2020-02-12 14:23:30,039 - experiment_entropy_bs_i500_b20_6 - INFO - finish step #0 for 14.821522951126099 sec
2020-02-12 14:23:30,039 - experiment_entropy_bs_i500_b20_6 - INFO - current val_accuracy: 0.9105
2020-02-12 14:23:30,040 - experiment_entropy_bs_i500_b20_6 - INFO - start step #1
2020-02-12 14:23:42,153 - experiment_entropy_bs_i500_b20_6 - INFO - finish step #1 for 12.113394975662231 sec
2020-02-12 14:23:42,154 - experiment_entropy_bs_i500_b20_6 - INFO - current val_accuracy: 0.9321
2020-02-12 14:23:42,154 - experiment_entropy_bs_i500_b20_6 - INFO - start step #2
2020-02-12 14:23:54,182 - experiment_entropy_bs_i500_b20_6 - INFO - finish step #2 for 12.027595043182373 sec
2020-02-12 14:23:54,182 - experiment_entropy_bs_i500_b20_6 - INFO - current val_accuracy: 0.9368
2020-02-12 14:23:54,182 - experiment_entropy_bs_i500_b20_6 - INFO - start step #3
2020-02-12 14:24:08,259 - experiment_entropy_bs_i500_b20_6 - INFO - finish step #3 for 14.076629877090454 sec
2020-02-12 14:24:08,259 - experiment_entropy_bs_i500_b20_6 - INFO - current val_accuracy: 0.9381
2020-02-12 14:24:08,259 - experiment_entropy_bs_i500_b20_6 - INFO - start step #4
2020-02-12 14:24:20,015 - experiment_entropy_bs_i500_b20_6 - INFO - finish step #4 for 11.755070924758911 sec
2020-02-12 14:24:20,015 - experiment_entropy_bs_i500_b20_6 - INFO - current val_accuracy: 0.9435
2020-02-12 14:24:20,015 - experiment_entropy_bs_i500_b20_6 - INFO - start step #5
2020-02-12 14:24:31,905 - experiment_entropy_bs_i500_b20_6 - INFO - finish step #5 for 11.889927864074707 sec
2020-02-12 14:24:31,905 - experiment_entropy_bs_i500_b20_6 - INFO - current val_accuracy: 0.9535
2020-02-12 14:24:31,906 - experiment_entropy_bs_i500_b20_6 - INFO - start step #6
2020-02-12 14:24:43,836 - experiment_entropy_bs_i500_b20_6 - INFO - finish step #6 for 11.929797887802124 sec
2020-02-12 14:24:43,836 - experiment_entropy_bs_i500_b20_6 - INFO - current val_accuracy: 0.9485
2020-02-12 14:24:43,837 - experiment_entropy_bs_i500_b20_6 - INFO - start step #7
2020-02-12 14:24:57,098 - experiment_entropy_bs_i500_b20_6 - INFO - finish step #7 for 13.26140022277832 sec
2020-02-12 14:24:57,099 - experiment_entropy_bs_i500_b20_6 - INFO - current val_accuracy: 0.9528
2020-02-12 14:24:57,099 - experiment_entropy_bs_i500_b20_6 - INFO - start step #8
2020-02-12 14:25:09,577 - experiment_entropy_bs_i500_b20_6 - INFO - finish step #8 for 12.477992057800293 sec
2020-02-12 14:25:09,577 - experiment_entropy_bs_i500_b20_6 - INFO - current val_accuracy: 0.9584
2020-02-12 14:25:09,578 - experiment_entropy_bs_i500_b20_6 - INFO - start step #9
2020-02-12 14:25:21,601 - experiment_entropy_bs_i500_b20_6 - INFO - finish step #9 for 12.023332118988037 sec
2020-02-12 14:25:21,601 - experiment_entropy_bs_i500_b20_6 - INFO - current val_accuracy: 0.9628
2020-02-12 14:25:21,602 - experiment_entropy_bs_i500_b20_6 - INFO - start step #10
2020-02-12 14:25:34,347 - experiment_entropy_bs_i500_b20_6 - INFO - finish step #10 for 12.745419025421143 sec
2020-02-12 14:25:34,347 - experiment_entropy_bs_i500_b20_6 - INFO - current val_accuracy: 0.968
2020-02-12 14:25:34,348 - experiment_entropy_bs_i500_b20_6 - INFO - start step #11
2020-02-12 14:25:47,075 - experiment_entropy_bs_i500_b20_6 - INFO - finish step #11 for 12.726570844650269 sec
2020-02-12 14:25:47,075 - experiment_entropy_bs_i500_b20_6 - INFO - current val_accuracy: 0.9668
2020-02-12 14:25:47,075 - experiment_entropy_bs_i500_b20_6 - INFO - start step #12
2020-02-12 14:25:59,836 - experiment_entropy_bs_i500_b20_6 - INFO - finish step #12 for 12.760563373565674 sec
2020-02-12 14:25:59,836 - experiment_entropy_bs_i500_b20_6 - INFO - current val_accuracy: 0.9697
2020-02-12 14:25:59,837 - experiment_entropy_bs_i500_b20_6 - INFO - start step #13
2020-02-12 14:26:12,447 - experiment_entropy_bs_i500_b20_6 - INFO - finish step #13 for 12.609808921813965 sec
2020-02-12 14:26:12,447 - experiment_entropy_bs_i500_b20_6 - INFO - current val_accuracy: 0.9641
2020-02-12 14:26:12,447 - experiment_entropy_bs_i500_b20_6 - INFO - start step #14
2020-02-12 14:26:25,006 - experiment_entropy_bs_i500_b20_6 - INFO - finish step #14 for 12.558516025543213 sec
2020-02-12 14:26:25,006 - experiment_entropy_bs_i500_b20_6 - INFO - current val_accuracy: 0.9713
2020-02-12 14:26:25,006 - experiment_entropy_bs_i500_b20_6 - INFO - start step #15
2020-02-12 14:26:37,565 - experiment_entropy_bs_i500_b20_6 - INFO - finish step #15 for 12.558140277862549 sec
2020-02-12 14:26:37,565 - experiment_entropy_bs_i500_b20_6 - INFO - current val_accuracy: 0.9685
2020-02-12 14:26:37,565 - experiment_entropy_bs_i500_b20_6 - INFO - start step #16
2020-02-12 14:26:50,211 - experiment_entropy_bs_i500_b20_6 - INFO - finish step #16 for 12.64534878730774 sec
2020-02-12 14:26:50,211 - experiment_entropy_bs_i500_b20_6 - INFO - current val_accuracy: 0.9715
2020-02-12 14:26:50,212 - experiment_entropy_bs_i500_b20_6 - INFO - start step #17
2020-02-12 14:27:02,549 - experiment_entropy_bs_i500_b20_6 - INFO - finish step #17 for 12.337661027908325 sec
2020-02-12 14:27:02,549 - experiment_entropy_bs_i500_b20_6 - INFO - current val_accuracy: 0.9743
2020-02-12 14:27:02,550 - experiment_entropy_bs_i500_b20_6 - INFO - start step #18
2020-02-12 14:27:16,663 - experiment_entropy_bs_i500_b20_6 - INFO - finish step #18 for 14.112872123718262 sec
2020-02-12 14:27:16,663 - experiment_entropy_bs_i500_b20_6 - INFO - current val_accuracy: 0.9755
2020-02-12 14:27:16,663 - experiment_entropy_bs_i500_b20_6 - INFO - start step #19
2020-02-12 14:27:30,977 - experiment_entropy_bs_i500_b20_6 - INFO - finish step #19 for 14.31331992149353 sec
2020-02-12 14:27:30,977 - experiment_entropy_bs_i500_b20_6 - INFO - current val_accuracy: 0.9765
2020-02-12 14:27:30,977 - experiment_entropy_bs_i500_b20_6 - INFO - start step #20
2020-02-12 14:27:44,837 - experiment_entropy_bs_i500_b20_6 - INFO - finish step #20 for 13.859153985977173 sec
2020-02-12 14:27:44,837 - experiment_entropy_bs_i500_b20_6 - INFO - current val_accuracy: 0.978
2020-02-12 14:27:44,838 - experiment_entropy_bs_i500_b20_6 - INFO - start step #21
2020-02-12 14:27:59,084 - experiment_entropy_bs_i500_b20_6 - INFO - finish step #21 for 14.245699882507324 sec
2020-02-12 14:27:59,084 - experiment_entropy_bs_i500_b20_6 - INFO - current val_accuracy: 0.9803
2020-02-12 14:27:59,085 - experiment_entropy_bs_i500_b20_6 - INFO - start step #22
2020-02-12 14:28:12,505 - experiment_entropy_bs_i500_b20_6 - INFO - finish step #22 for 13.42044997215271 sec
2020-02-12 14:28:12,506 - experiment_entropy_bs_i500_b20_6 - INFO - current val_accuracy: 0.9795
2020-02-12 14:28:12,506 - experiment_entropy_bs_i500_b20_6 - INFO - start step #23
2020-02-12 14:28:26,508 - experiment_entropy_bs_i500_b20_6 - INFO - finish step #23 for 14.001567363739014 sec
2020-02-12 14:28:26,508 - experiment_entropy_bs_i500_b20_6 - INFO - current val_accuracy: 0.9785
2020-02-12 14:28:26,508 - experiment_entropy_bs_i500_b20_6 - INFO - start step #24
2020-02-12 14:28:40,150 - experiment_entropy_bs_i500_b20_6 - INFO - finish step #24 for 13.642045974731445 sec
2020-02-12 14:28:40,150 - experiment_entropy_bs_i500_b20_6 - INFO - current val_accuracy: 0.9774
2020-02-12 14:28:40,151 - experiment_entropy_bs_i500_b20_6 - INFO - start step #25
2020-02-12 14:28:53,075 - experiment_entropy_bs_i500_b20_6 - INFO - finish step #25 for 12.924238681793213 sec
2020-02-12 14:28:53,075 - experiment_entropy_bs_i500_b20_6 - INFO - current val_accuracy: 0.9799
2020-02-12 14:28:53,076 - experiment_entropy_bs_i500_b20_6 - INFO - start step #26
2020-02-12 14:29:08,088 - experiment_entropy_bs_i500_b20_6 - INFO - finish step #26 for 15.011885166168213 sec
2020-02-12 14:29:08,088 - experiment_entropy_bs_i500_b20_6 - INFO - current val_accuracy: 0.9796
2020-02-12 14:29:08,088 - experiment_entropy_bs_i500_b20_6 - INFO - start step #27
2020-02-12 14:29:21,385 - experiment_entropy_bs_i500_b20_6 - INFO - finish step #27 for 13.296923875808716 sec
2020-02-12 14:29:21,387 - experiment_entropy_bs_i500_b20_6 - INFO - current val_accuracy: 0.9803
2020-02-12 14:29:21,387 - experiment_entropy_bs_i500_b20_6 - INFO - start step #28
2020-02-12 14:29:36,313 - experiment_entropy_bs_i500_b20_6 - INFO - finish step #28 for 14.92524790763855 sec
2020-02-12 14:29:36,313 - experiment_entropy_bs_i500_b20_6 - INFO - current val_accuracy: 0.9817
2020-02-12 14:29:36,313 - experiment_entropy_bs_i500_b20_6 - INFO - start step #29
2020-02-12 14:29:50,370 - experiment_entropy_bs_i500_b20_6 - INFO - finish step #29 for 14.056663990020752 sec
2020-02-12 14:29:50,370 - experiment_entropy_bs_i500_b20_6 - INFO - current val_accuracy: 0.982
2020-02-12 14:29:50,370 - experiment_entropy_bs_i500_b20_6 - INFO - finish experiment process for 399.7139163017273 sec
