2020-01-26 14:21:45,930 - experiment_ll_random_batch_i100_b100_2 - INFO - start experiment process
2020-01-26 14:22:51,065 - experiment_ll_random_batch_i100_b100_2 - INFO - initial val_accuracy: 0.1081
2020-01-26 14:22:51,066 - experiment_ll_random_batch_i100_b100_2 - INFO - start step #0
2020-01-26 14:25:25,516 - experiment_ll_random_batch_i100_b100_2 - INFO - finish step #0 for 154.45054006576538 sec
2020-01-26 14:25:25,518 - experiment_ll_random_batch_i100_b100_2 - INFO - current val_accuracy: 0.1135
2020-01-26 14:25:25,518 - experiment_ll_random_batch_i100_b100_2 - INFO - start step #1
2020-01-26 14:27:46,680 - experiment_ll_random_batch_i100_b100_2 - INFO - finish step #1 for 141.16123604774475 sec
2020-01-26 14:27:46,681 - experiment_ll_random_batch_i100_b100_2 - INFO - current val_accuracy: 0.1135
2020-01-26 14:27:46,682 - experiment_ll_random_batch_i100_b100_2 - INFO - start step #2
2020-01-26 14:30:08,452 - experiment_ll_random_batch_i100_b100_2 - INFO - finish step #2 for 141.76975393295288 sec
2020-01-26 14:30:08,453 - experiment_ll_random_batch_i100_b100_2 - INFO - current val_accuracy: 0.1135
2020-01-26 14:30:08,454 - experiment_ll_random_batch_i100_b100_2 - INFO - start step #3
2020-01-26 14:32:33,335 - experiment_ll_random_batch_i100_b100_2 - INFO - finish step #3 for 144.88179111480713 sec
2020-01-26 14:32:33,336 - experiment_ll_random_batch_i100_b100_2 - INFO - current val_accuracy: 0.1135
2020-01-26 14:32:33,337 - experiment_ll_random_batch_i100_b100_2 - INFO - start step #4
2020-01-26 14:35:08,341 - experiment_ll_random_batch_i100_b100_2 - INFO - finish step #4 for 155.003968000412 sec
2020-01-26 14:35:08,343 - experiment_ll_random_batch_i100_b100_2 - INFO - current val_accuracy: 0.1135
2020-01-26 14:35:08,343 - experiment_ll_random_batch_i100_b100_2 - INFO - start step #5
2020-01-26 14:37:14,558 - experiment_ll_random_batch_i100_b100_2 - INFO - finish step #5 for 126.21414923667908 sec
2020-01-26 14:37:14,559 - experiment_ll_random_batch_i100_b100_2 - INFO - current val_accuracy: 0.1135
2020-01-26 14:37:14,559 - experiment_ll_random_batch_i100_b100_2 - INFO - start step #6
2020-01-26 14:39:56,232 - experiment_ll_random_batch_i100_b100_2 - INFO - finish step #6 for 161.67266988754272 sec
2020-01-26 14:39:56,232 - experiment_ll_random_batch_i100_b100_2 - INFO - current val_accuracy: 0.688
2020-01-26 14:39:56,233 - experiment_ll_random_batch_i100_b100_2 - INFO - start step #7
2020-01-26 14:41:33,318 - experiment_ll_random_batch_i100_b100_2 - INFO - finish step #7 for 97.0851309299469 sec
2020-01-26 14:41:33,319 - experiment_ll_random_batch_i100_b100_2 - INFO - current val_accuracy: 0.8046
2020-01-26 14:41:33,320 - experiment_ll_random_batch_i100_b100_2 - INFO - start step #8
2020-01-26 14:43:39,795 - experiment_ll_random_batch_i100_b100_2 - INFO - finish step #8 for 126.47468113899231 sec
2020-01-26 14:43:39,795 - experiment_ll_random_batch_i100_b100_2 - INFO - current val_accuracy: 0.9053
2020-01-26 14:43:39,796 - experiment_ll_random_batch_i100_b100_2 - INFO - start step #9
2020-01-26 14:45:15,055 - experiment_ll_random_batch_i100_b100_2 - INFO - finish step #9 for 95.2589008808136 sec
2020-01-26 14:45:15,055 - experiment_ll_random_batch_i100_b100_2 - INFO - current val_accuracy: 0.9101
2020-01-26 14:45:15,056 - experiment_ll_random_batch_i100_b100_2 - INFO - start step #10
2020-01-26 14:47:07,461 - experiment_ll_random_batch_i100_b100_2 - INFO - finish step #10 for 112.40483117103577 sec
2020-01-26 14:47:07,462 - experiment_ll_random_batch_i100_b100_2 - INFO - current val_accuracy: 0.9281
2020-01-26 14:47:07,464 - experiment_ll_random_batch_i100_b100_2 - INFO - start step #11
2020-01-26 14:48:39,061 - experiment_ll_random_batch_i100_b100_2 - INFO - finish step #11 for 91.59678411483765 sec
2020-01-26 14:48:39,061 - experiment_ll_random_batch_i100_b100_2 - INFO - current val_accuracy: 0.9331
2020-01-26 14:48:39,062 - experiment_ll_random_batch_i100_b100_2 - INFO - start step #12
2020-01-26 14:49:49,366 - experiment_ll_random_batch_i100_b100_2 - INFO - finish step #12 for 70.30366706848145 sec
2020-01-26 14:49:49,368 - experiment_ll_random_batch_i100_b100_2 - INFO - current val_accuracy: 0.9312
2020-01-26 14:49:49,369 - experiment_ll_random_batch_i100_b100_2 - INFO - start step #13
2020-01-26 14:51:04,721 - experiment_ll_random_batch_i100_b100_2 - INFO - finish step #13 for 75.3520770072937 sec
2020-01-26 14:51:04,723 - experiment_ll_random_batch_i100_b100_2 - INFO - current val_accuracy: 0.9402
2020-01-26 14:51:04,724 - experiment_ll_random_batch_i100_b100_2 - INFO - start step #14
2020-01-26 14:52:20,546 - experiment_ll_random_batch_i100_b100_2 - INFO - finish step #14 for 75.8219997882843 sec
2020-01-26 14:52:20,547 - experiment_ll_random_batch_i100_b100_2 - INFO - current val_accuracy: 0.9446
2020-01-26 14:52:20,547 - experiment_ll_random_batch_i100_b100_2 - INFO - finish experiment process for 1834.6137189865112 sec
