2020-01-25 12:14:20,548 - experiment_cluster_i500_b30_4 - INFO - start experiment process
2020-01-25 12:14:27,790 - experiment_cluster_i500_b30_4 - INFO - initial val_accuracy: 0.9263
2020-01-25 12:14:27,790 - experiment_cluster_i500_b30_4 - INFO - start step #0
2020-01-25 12:14:44,259 - experiment_cluster_i500_b30_4 - INFO - finish step #0 for 16.46926999092102 sec
2020-01-25 12:14:44,260 - experiment_cluster_i500_b30_4 - INFO - current val_accuracy: 0.9266
2020-01-25 12:14:44,260 - experiment_cluster_i500_b30_4 - INFO - start step #1
2020-01-25 12:15:01,128 - experiment_cluster_i500_b30_4 - INFO - finish step #1 for 16.86822009086609 sec
2020-01-25 12:15:01,129 - experiment_cluster_i500_b30_4 - INFO - current val_accuracy: 0.9405
2020-01-25 12:15:01,129 - experiment_cluster_i500_b30_4 - INFO - start step #2
2020-01-25 12:15:15,815 - experiment_cluster_i500_b30_4 - INFO - finish step #2 for 14.685760974884033 sec
2020-01-25 12:15:15,816 - experiment_cluster_i500_b30_4 - INFO - current val_accuracy: 0.9376
2020-01-25 12:15:15,816 - experiment_cluster_i500_b30_4 - INFO - start step #3
2020-01-25 12:15:33,771 - experiment_cluster_i500_b30_4 - INFO - finish step #3 for 17.95485806465149 sec
2020-01-25 12:15:33,771 - experiment_cluster_i500_b30_4 - INFO - current val_accuracy: 0.9448
2020-01-25 12:15:33,772 - experiment_cluster_i500_b30_4 - INFO - start step #4
2020-01-25 12:15:54,315 - experiment_cluster_i500_b30_4 - INFO - finish step #4 for 20.543123245239258 sec
2020-01-25 12:15:54,315 - experiment_cluster_i500_b30_4 - INFO - current val_accuracy: 0.9487
2020-01-25 12:15:54,316 - experiment_cluster_i500_b30_4 - INFO - start step #5
2020-01-25 12:16:09,800 - experiment_cluster_i500_b30_4 - INFO - finish step #5 for 15.484222173690796 sec
2020-01-25 12:16:09,800 - experiment_cluster_i500_b30_4 - INFO - current val_accuracy: 0.9532
2020-01-25 12:16:09,801 - experiment_cluster_i500_b30_4 - INFO - start step #6
2020-01-25 12:16:24,851 - experiment_cluster_i500_b30_4 - INFO - finish step #6 for 15.049979209899902 sec
2020-01-25 12:16:24,851 - experiment_cluster_i500_b30_4 - INFO - current val_accuracy: 0.9576
2020-01-25 12:16:24,852 - experiment_cluster_i500_b30_4 - INFO - start step #7
2020-01-25 12:16:40,496 - experiment_cluster_i500_b30_4 - INFO - finish step #7 for 15.644301176071167 sec
2020-01-25 12:16:40,496 - experiment_cluster_i500_b30_4 - INFO - current val_accuracy: 0.9534
2020-01-25 12:16:40,497 - experiment_cluster_i500_b30_4 - INFO - start step #8
2020-01-25 12:16:57,211 - experiment_cluster_i500_b30_4 - INFO - finish step #8 for 16.71392011642456 sec
2020-01-25 12:16:57,211 - experiment_cluster_i500_b30_4 - INFO - current val_accuracy: 0.9625
2020-01-25 12:16:57,212 - experiment_cluster_i500_b30_4 - INFO - start step #9
2020-01-25 12:17:18,423 - experiment_cluster_i500_b30_4 - INFO - finish step #9 for 21.211703062057495 sec
2020-01-25 12:17:18,424 - experiment_cluster_i500_b30_4 - INFO - current val_accuracy: 0.9656
2020-01-25 12:17:18,424 - experiment_cluster_i500_b30_4 - INFO - start step #10
2020-01-25 12:17:37,955 - experiment_cluster_i500_b30_4 - INFO - finish step #10 for 19.531389951705933 sec
2020-01-25 12:17:37,955 - experiment_cluster_i500_b30_4 - INFO - current val_accuracy: 0.9655
2020-01-25 12:17:37,956 - experiment_cluster_i500_b30_4 - INFO - start step #11
2020-01-25 12:17:54,119 - experiment_cluster_i500_b30_4 - INFO - finish step #11 for 16.163452863693237 sec
2020-01-25 12:17:54,119 - experiment_cluster_i500_b30_4 - INFO - current val_accuracy: 0.9652
2020-01-25 12:17:54,120 - experiment_cluster_i500_b30_4 - INFO - start step #12
2020-01-25 12:18:09,367 - experiment_cluster_i500_b30_4 - INFO - finish step #12 for 15.24740982055664 sec
2020-01-25 12:18:09,367 - experiment_cluster_i500_b30_4 - INFO - current val_accuracy: 0.9719
2020-01-25 12:18:09,368 - experiment_cluster_i500_b30_4 - INFO - start step #13
2020-01-25 12:18:24,643 - experiment_cluster_i500_b30_4 - INFO - finish step #13 for 15.27469277381897 sec
2020-01-25 12:18:24,643 - experiment_cluster_i500_b30_4 - INFO - current val_accuracy: 0.9702
2020-01-25 12:18:24,643 - experiment_cluster_i500_b30_4 - INFO - start step #14
2020-01-25 12:18:39,440 - experiment_cluster_i500_b30_4 - INFO - finish step #14 for 14.797078132629395 sec
2020-01-25 12:18:39,440 - experiment_cluster_i500_b30_4 - INFO - current val_accuracy: 0.9699
2020-01-25 12:18:39,441 - experiment_cluster_i500_b30_4 - INFO - start step #15
2020-01-25 12:18:54,955 - experiment_cluster_i500_b30_4 - INFO - finish step #15 for 15.513980865478516 sec
2020-01-25 12:18:54,955 - experiment_cluster_i500_b30_4 - INFO - current val_accuracy: 0.974
2020-01-25 12:18:54,955 - experiment_cluster_i500_b30_4 - INFO - start step #16
2020-01-25 12:19:10,399 - experiment_cluster_i500_b30_4 - INFO - finish step #16 for 15.44320797920227 sec
2020-01-25 12:19:10,399 - experiment_cluster_i500_b30_4 - INFO - current val_accuracy: 0.9737
2020-01-25 12:19:10,399 - experiment_cluster_i500_b30_4 - INFO - start step #17
2020-01-25 12:19:26,868 - experiment_cluster_i500_b30_4 - INFO - finish step #17 for 16.468897104263306 sec
2020-01-25 12:19:26,868 - experiment_cluster_i500_b30_4 - INFO - current val_accuracy: 0.9738
2020-01-25 12:19:26,869 - experiment_cluster_i500_b30_4 - INFO - start step #18
2020-01-25 12:19:41,427 - experiment_cluster_i500_b30_4 - INFO - finish step #18 for 14.55835771560669 sec
2020-01-25 12:19:41,427 - experiment_cluster_i500_b30_4 - INFO - current val_accuracy: 0.9749
2020-01-25 12:19:41,428 - experiment_cluster_i500_b30_4 - INFO - start step #19
2020-01-25 12:19:58,294 - experiment_cluster_i500_b30_4 - INFO - finish step #19 for 16.866448879241943 sec
2020-01-25 12:19:58,295 - experiment_cluster_i500_b30_4 - INFO - current val_accuracy: 0.9749
2020-01-25 12:19:58,295 - experiment_cluster_i500_b30_4 - INFO - start step #20
2020-01-25 12:20:13,696 - experiment_cluster_i500_b30_4 - INFO - finish step #20 for 15.40065312385559 sec
2020-01-25 12:20:13,696 - experiment_cluster_i500_b30_4 - INFO - current val_accuracy: 0.976
2020-01-25 12:20:13,697 - experiment_cluster_i500_b30_4 - INFO - start step #21
2020-01-25 12:20:28,572 - experiment_cluster_i500_b30_4 - INFO - finish step #21 for 14.875100135803223 sec
2020-01-25 12:20:28,572 - experiment_cluster_i500_b30_4 - INFO - current val_accuracy: 0.9768
2020-01-25 12:20:28,572 - experiment_cluster_i500_b30_4 - INFO - start step #22
2020-01-25 12:20:43,663 - experiment_cluster_i500_b30_4 - INFO - finish step #22 for 15.09017300605774 sec
2020-01-25 12:20:43,663 - experiment_cluster_i500_b30_4 - INFO - current val_accuracy: 0.9773
2020-01-25 12:20:43,663 - experiment_cluster_i500_b30_4 - INFO - start step #23
2020-01-25 12:21:00,550 - experiment_cluster_i500_b30_4 - INFO - finish step #23 for 16.886683225631714 sec
2020-01-25 12:21:00,550 - experiment_cluster_i500_b30_4 - INFO - current val_accuracy: 0.977
2020-01-25 12:21:00,551 - experiment_cluster_i500_b30_4 - INFO - start step #24
2020-01-25 12:21:15,719 - experiment_cluster_i500_b30_4 - INFO - finish step #24 for 15.168782711029053 sec
2020-01-25 12:21:15,720 - experiment_cluster_i500_b30_4 - INFO - current val_accuracy: 0.9782
2020-01-25 12:21:15,720 - experiment_cluster_i500_b30_4 - INFO - start step #25
2020-01-25 12:21:31,386 - experiment_cluster_i500_b30_4 - INFO - finish step #25 for 15.665639162063599 sec
2020-01-25 12:21:31,386 - experiment_cluster_i500_b30_4 - INFO - current val_accuracy: 0.9788
2020-01-25 12:21:31,387 - experiment_cluster_i500_b30_4 - INFO - start step #26
2020-01-25 12:21:46,851 - experiment_cluster_i500_b30_4 - INFO - finish step #26 for 15.463775873184204 sec
2020-01-25 12:21:46,851 - experiment_cluster_i500_b30_4 - INFO - current val_accuracy: 0.9786
2020-01-25 12:21:46,851 - experiment_cluster_i500_b30_4 - INFO - start step #27
2020-01-25 12:22:02,112 - experiment_cluster_i500_b30_4 - INFO - finish step #27 for 15.260593891143799 sec
2020-01-25 12:22:02,112 - experiment_cluster_i500_b30_4 - INFO - current val_accuracy: 0.979
2020-01-25 12:22:02,112 - experiment_cluster_i500_b30_4 - INFO - start step #28
2020-01-25 12:22:19,276 - experiment_cluster_i500_b30_4 - INFO - finish step #28 for 17.16315221786499 sec
2020-01-25 12:22:19,276 - experiment_cluster_i500_b30_4 - INFO - current val_accuracy: 0.9776
2020-01-25 12:22:19,276 - experiment_cluster_i500_b30_4 - INFO - start step #29
2020-01-25 12:22:37,922 - experiment_cluster_i500_b30_4 - INFO - finish step #29 for 18.6461021900177 sec
2020-01-25 12:22:37,924 - experiment_cluster_i500_b30_4 - INFO - current val_accuracy: 0.9801
2020-01-25 12:22:37,925 - experiment_cluster_i500_b30_4 - INFO - finish experiment process for 497.37697196006775 sec
