2020-01-21 13:57:16,292 - experiment_learning_loss_b100_l2_2 - INFO - start experiment process
2020-01-21 13:57:42,591 - experiment_learning_loss_b100_l2_2 - INFO - initial val_accuracy: 0.212
2020-01-21 13:57:42,592 - experiment_learning_loss_b100_l2_2 - INFO - start step #0
2020-01-21 13:59:02,490 - experiment_learning_loss_b100_l2_2 - INFO - finish step #0 for 79.89730095863342 sec
2020-01-21 13:59:02,492 - experiment_learning_loss_b100_l2_2 - INFO - current val_accuracy: 0.2128
2020-01-21 13:59:02,492 - experiment_learning_loss_b100_l2_2 - INFO - start step #1
2020-01-21 14:00:21,646 - experiment_learning_loss_b100_l2_2 - INFO - finish step #1 for 79.15405178070068 sec
2020-01-21 14:00:21,649 - experiment_learning_loss_b100_l2_2 - INFO - current val_accuracy: 0.3842
2020-01-21 14:00:21,649 - experiment_learning_loss_b100_l2_2 - INFO - start step #2
2020-01-21 14:02:05,143 - experiment_learning_loss_b100_l2_2 - INFO - finish step #2 for 103.49409627914429 sec
2020-01-21 14:02:05,145 - experiment_learning_loss_b100_l2_2 - INFO - current val_accuracy: 0.6761
2020-01-21 14:02:05,146 - experiment_learning_loss_b100_l2_2 - INFO - start step #3
2020-01-21 14:03:36,402 - experiment_learning_loss_b100_l2_2 - INFO - finish step #3 for 91.25615906715393 sec
2020-01-21 14:03:36,403 - experiment_learning_loss_b100_l2_2 - INFO - current val_accuracy: 0.7619
2020-01-21 14:03:36,403 - experiment_learning_loss_b100_l2_2 - INFO - start step #4
2020-01-21 14:05:16,853 - experiment_learning_loss_b100_l2_2 - INFO - finish step #4 for 100.44936990737915 sec
2020-01-21 14:05:16,855 - experiment_learning_loss_b100_l2_2 - INFO - current val_accuracy: 0.8548
2020-01-21 14:05:16,855 - experiment_learning_loss_b100_l2_2 - INFO - start step #5
2020-01-21 14:06:27,004 - experiment_learning_loss_b100_l2_2 - INFO - finish step #5 for 70.14849305152893 sec
2020-01-21 14:06:27,006 - experiment_learning_loss_b100_l2_2 - INFO - current val_accuracy: 0.8465
2020-01-21 14:06:27,006 - experiment_learning_loss_b100_l2_2 - INFO - start step #6
2020-01-21 14:07:35,644 - experiment_learning_loss_b100_l2_2 - INFO - finish step #6 for 68.63835096359253 sec
2020-01-21 14:07:35,647 - experiment_learning_loss_b100_l2_2 - INFO - current val_accuracy: 0.8488
2020-01-21 14:07:35,647 - experiment_learning_loss_b100_l2_2 - INFO - start step #7
2020-01-21 14:09:17,409 - experiment_learning_loss_b100_l2_2 - INFO - finish step #7 for 101.76126480102539 sec
2020-01-21 14:09:17,409 - experiment_learning_loss_b100_l2_2 - INFO - current val_accuracy: 0.8823
2020-01-21 14:09:17,409 - experiment_learning_loss_b100_l2_2 - INFO - start step #8
2020-01-21 14:10:48,479 - experiment_learning_loss_b100_l2_2 - INFO - finish step #8 for 91.07026195526123 sec
2020-01-21 14:10:48,480 - experiment_learning_loss_b100_l2_2 - INFO - current val_accuracy: 0.9036
2020-01-21 14:10:48,480 - experiment_learning_loss_b100_l2_2 - INFO - start step #9
2020-01-21 14:12:51,374 - experiment_learning_loss_b100_l2_2 - INFO - finish step #9 for 122.8942379951477 sec
2020-01-21 14:12:51,375 - experiment_learning_loss_b100_l2_2 - INFO - current val_accuracy: 0.9212
2020-01-21 14:12:51,376 - experiment_learning_loss_b100_l2_2 - INFO - start step #10
2020-01-21 14:14:40,315 - experiment_learning_loss_b100_l2_2 - INFO - finish step #10 for 108.93861603736877 sec
2020-01-21 14:14:40,316 - experiment_learning_loss_b100_l2_2 - INFO - current val_accuracy: 0.9253
2020-01-21 14:14:40,317 - experiment_learning_loss_b100_l2_2 - INFO - start step #11
2020-01-21 14:16:36,472 - experiment_learning_loss_b100_l2_2 - INFO - finish step #11 for 116.15493988990784 sec
2020-01-21 14:16:36,475 - experiment_learning_loss_b100_l2_2 - INFO - current val_accuracy: 0.9294
2020-01-21 14:16:36,475 - experiment_learning_loss_b100_l2_2 - INFO - start step #12
2020-01-21 14:19:04,622 - experiment_learning_loss_b100_l2_2 - INFO - finish step #12 for 148.1470558643341 sec
2020-01-21 14:19:04,624 - experiment_learning_loss_b100_l2_2 - INFO - current val_accuracy: 0.942
2020-01-21 14:19:04,624 - experiment_learning_loss_b100_l2_2 - INFO - start step #13
2020-01-21 14:20:52,349 - experiment_learning_loss_b100_l2_2 - INFO - finish step #13 for 107.72523593902588 sec
2020-01-21 14:20:52,351 - experiment_learning_loss_b100_l2_2 - INFO - current val_accuracy: 0.939
2020-01-21 14:20:52,352 - experiment_learning_loss_b100_l2_2 - INFO - start step #14
2020-01-21 14:22:41,306 - experiment_learning_loss_b100_l2_2 - INFO - finish step #14 for 108.95429873466492 sec
2020-01-21 14:22:41,308 - experiment_learning_loss_b100_l2_2 - INFO - current val_accuracy: 0.9468
2020-01-21 14:22:41,309 - experiment_learning_loss_b100_l2_2 - INFO - finish experiment process for 1525.0161128044128 sec
2020-01-25 13:12:07,050 - experiment_learning_loss_b100_l2_2 - INFO - start experiment process
2020-01-25 13:13:29,146 - experiment_learning_loss_b100_l2_2 - INFO - initial val_accuracy: 0.098
2020-01-25 13:13:29,148 - experiment_learning_loss_b100_l2_2 - INFO - start step #0
2020-01-25 13:24:05,982 - experiment_learning_loss_b100_l2_2 - INFO - start experiment process
2020-01-25 13:25:14,267 - experiment_learning_loss_b100_l2_2 - INFO - initial val_accuracy: 0.3723
2020-01-25 13:25:14,268 - experiment_learning_loss_b100_l2_2 - INFO - start step #0
2020-01-25 13:27:58,722 - experiment_learning_loss_b100_l2_2 - INFO - finish step #0 for 164.45165729522705 sec
2020-01-25 13:27:58,724 - experiment_learning_loss_b100_l2_2 - INFO - current val_accuracy: 0.1041
2020-01-25 13:27:58,724 - experiment_learning_loss_b100_l2_2 - INFO - start step #1
2020-01-25 13:30:35,879 - experiment_learning_loss_b100_l2_2 - INFO - finish step #1 for 157.15468287467957 sec
2020-01-25 13:30:35,880 - experiment_learning_loss_b100_l2_2 - INFO - current val_accuracy: 0.1028
2020-01-25 13:30:35,880 - experiment_learning_loss_b100_l2_2 - INFO - start step #2
2020-01-25 13:34:17,085 - experiment_learning_loss_b100_l2_2 - INFO - finish step #2 for 221.2044129371643 sec
2020-01-25 13:34:17,087 - experiment_learning_loss_b100_l2_2 - INFO - current val_accuracy: 0.6878
2020-01-25 13:34:17,087 - experiment_learning_loss_b100_l2_2 - INFO - start step #3
2020-01-25 13:37:50,889 - experiment_learning_loss_b100_l2_2 - INFO - finish step #3 for 213.8014600276947 sec
2020-01-25 13:37:50,889 - experiment_learning_loss_b100_l2_2 - INFO - current val_accuracy: 0.8291
2020-01-25 13:37:50,890 - experiment_learning_loss_b100_l2_2 - INFO - start step #4
2020-01-25 13:40:31,590 - experiment_learning_loss_b100_l2_2 - INFO - finish step #4 for 160.69994688034058 sec
2020-01-25 13:40:31,591 - experiment_learning_loss_b100_l2_2 - INFO - current val_accuracy: 0.8874
2020-01-25 13:40:31,591 - experiment_learning_loss_b100_l2_2 - INFO - start step #5
2020-01-25 13:42:26,176 - experiment_learning_loss_b100_l2_2 - INFO - finish step #5 for 114.5850830078125 sec
2020-01-25 13:42:26,178 - experiment_learning_loss_b100_l2_2 - INFO - current val_accuracy: 0.8761
2020-01-25 13:42:26,178 - experiment_learning_loss_b100_l2_2 - INFO - start step #6
2020-01-25 13:45:09,662 - experiment_learning_loss_b100_l2_2 - INFO - finish step #6 for 163.4837670326233 sec
2020-01-25 13:45:09,663 - experiment_learning_loss_b100_l2_2 - INFO - current val_accuracy: 0.8992
2020-01-25 13:45:09,663 - experiment_learning_loss_b100_l2_2 - INFO - start step #7
2020-01-25 13:49:55,659 - experiment_learning_loss_b100_l2_2 - INFO - finish step #7 for 285.99582982063293 sec
2020-01-25 13:49:55,661 - experiment_learning_loss_b100_l2_2 - INFO - current val_accuracy: 0.9144
2020-01-25 13:49:55,661 - experiment_learning_loss_b100_l2_2 - INFO - start step #8
2020-01-25 13:54:33,374 - experiment_learning_loss_b100_l2_2 - INFO - finish step #8 for 277.7120027542114 sec
2020-01-25 13:54:33,375 - experiment_learning_loss_b100_l2_2 - INFO - current val_accuracy: 0.9315
2020-01-25 13:54:33,376 - experiment_learning_loss_b100_l2_2 - INFO - start step #9
2020-01-25 13:58:24,283 - experiment_learning_loss_b100_l2_2 - INFO - finish step #9 for 230.90682888031006 sec
2020-01-25 13:58:24,283 - experiment_learning_loss_b100_l2_2 - INFO - current val_accuracy: 0.9299
2020-01-25 13:58:24,284 - experiment_learning_loss_b100_l2_2 - INFO - start step #10
2020-01-25 14:02:48,436 - experiment_learning_loss_b100_l2_2 - INFO - finish step #10 for 264.1523058414459 sec
2020-01-25 14:02:48,437 - experiment_learning_loss_b100_l2_2 - INFO - current val_accuracy: 0.9393
2020-01-25 14:02:48,438 - experiment_learning_loss_b100_l2_2 - INFO - start step #11
2020-01-25 14:05:36,040 - experiment_learning_loss_b100_l2_2 - INFO - finish step #11 for 167.60210990905762 sec
2020-01-25 14:05:36,040 - experiment_learning_loss_b100_l2_2 - INFO - current val_accuracy: 0.9402
2020-01-25 14:05:36,041 - experiment_learning_loss_b100_l2_2 - INFO - start step #12
2020-01-25 14:08:06,890 - experiment_learning_loss_b100_l2_2 - INFO - finish step #12 for 150.84915399551392 sec
2020-01-25 14:08:06,891 - experiment_learning_loss_b100_l2_2 - INFO - current val_accuracy: 0.9446
2020-01-25 14:08:06,892 - experiment_learning_loss_b100_l2_2 - INFO - start step #13
2020-01-25 14:09:58,762 - experiment_learning_loss_b100_l2_2 - INFO - finish step #13 for 111.87013292312622 sec
2020-01-25 14:09:58,763 - experiment_learning_loss_b100_l2_2 - INFO - current val_accuracy: 0.945
2020-01-25 14:09:58,763 - experiment_learning_loss_b100_l2_2 - INFO - start step #14
2020-01-25 14:12:19,675 - experiment_learning_loss_b100_l2_2 - INFO - finish step #14 for 140.9122440814972 sec
2020-01-25 14:12:19,675 - experiment_learning_loss_b100_l2_2 - INFO - current val_accuracy: 0.9495
2020-01-25 14:12:19,676 - experiment_learning_loss_b100_l2_2 - INFO - finish experiment process for 2893.691442966461 sec
2020-01-26 12:03:08,480 - experiment_learning_loss_b100_l2_2 - INFO - start experiment process
2020-01-26 12:03:39,117 - experiment_learning_loss_b100_l2_2 - INFO - initial val_accuracy: 0.1076
2020-01-26 12:03:39,118 - experiment_learning_loss_b100_l2_2 - INFO - start step #0
2020-01-26 12:04:47,998 - experiment_learning_loss_b100_l2_2 - INFO - finish step #0 for 68.88047504425049 sec
2020-01-26 12:04:47,999 - experiment_learning_loss_b100_l2_2 - INFO - current val_accuracy: 0.2381
2020-01-26 12:04:48,000 - experiment_learning_loss_b100_l2_2 - INFO - start step #1
2020-01-26 12:06:06,841 - experiment_learning_loss_b100_l2_2 - INFO - finish step #1 for 78.84141516685486 sec
2020-01-26 12:06:06,845 - experiment_learning_loss_b100_l2_2 - INFO - current val_accuracy: 0.2218
2020-01-26 12:06:06,845 - experiment_learning_loss_b100_l2_2 - INFO - start step #2
2020-01-26 12:08:08,151 - experiment_learning_loss_b100_l2_2 - INFO - finish step #2 for 121.3048779964447 sec
2020-01-26 12:08:08,152 - experiment_learning_loss_b100_l2_2 - INFO - current val_accuracy: 0.7609
2020-01-26 12:08:08,153 - experiment_learning_loss_b100_l2_2 - INFO - start step #3
2020-01-26 12:09:08,299 - experiment_learning_loss_b100_l2_2 - INFO - finish step #3 for 60.146358013153076 sec
2020-01-26 12:09:08,299 - experiment_learning_loss_b100_l2_2 - INFO - current val_accuracy: 0.7342
2020-01-26 12:09:08,300 - experiment_learning_loss_b100_l2_2 - INFO - start step #4
2020-01-26 12:10:23,396 - experiment_learning_loss_b100_l2_2 - INFO - finish step #4 for 75.09636783599854 sec
2020-01-26 12:10:23,398 - experiment_learning_loss_b100_l2_2 - INFO - current val_accuracy: 0.8224
2020-01-26 12:10:23,398 - experiment_learning_loss_b100_l2_2 - INFO - start step #5
2020-01-26 12:11:43,246 - experiment_learning_loss_b100_l2_2 - INFO - finish step #5 for 79.84796595573425 sec
2020-01-26 12:11:43,248 - experiment_learning_loss_b100_l2_2 - INFO - current val_accuracy: 0.8462
2020-01-26 12:11:43,248 - experiment_learning_loss_b100_l2_2 - INFO - start step #6
2020-01-26 12:13:03,854 - experiment_learning_loss_b100_l2_2 - INFO - finish step #6 for 80.60534501075745 sec
2020-01-26 12:13:03,854 - experiment_learning_loss_b100_l2_2 - INFO - current val_accuracy: 0.8665
2020-01-26 12:13:03,855 - experiment_learning_loss_b100_l2_2 - INFO - start step #7
2020-01-26 12:14:24,104 - experiment_learning_loss_b100_l2_2 - INFO - finish step #7 for 80.24872708320618 sec
2020-01-26 12:14:24,106 - experiment_learning_loss_b100_l2_2 - INFO - current val_accuracy: 0.9003
2020-01-26 12:14:24,106 - experiment_learning_loss_b100_l2_2 - INFO - start step #8
2020-01-26 12:15:48,473 - experiment_learning_loss_b100_l2_2 - INFO - finish step #8 for 84.36651587486267 sec
2020-01-26 12:15:48,475 - experiment_learning_loss_b100_l2_2 - INFO - current val_accuracy: 0.9048
2020-01-26 12:15:48,476 - experiment_learning_loss_b100_l2_2 - INFO - start step #9
2020-01-26 12:17:16,211 - experiment_learning_loss_b100_l2_2 - INFO - finish step #9 for 87.73519396781921 sec
2020-01-26 12:17:16,212 - experiment_learning_loss_b100_l2_2 - INFO - current val_accuracy: 0.9158
2020-01-26 12:17:16,213 - experiment_learning_loss_b100_l2_2 - INFO - start step #10
2020-01-26 12:20:34,123 - experiment_learning_loss_b100_l2_2 - INFO - finish step #10 for 197.9103102684021 sec
2020-01-26 12:20:34,127 - experiment_learning_loss_b100_l2_2 - INFO - current val_accuracy: 0.9274
2020-01-26 12:20:34,127 - experiment_learning_loss_b100_l2_2 - INFO - start step #11
2020-01-26 12:24:00,172 - experiment_learning_loss_b100_l2_2 - INFO - finish step #11 for 206.04379200935364 sec
2020-01-26 12:24:00,174 - experiment_learning_loss_b100_l2_2 - INFO - current val_accuracy: 0.9325
2020-01-26 12:24:00,174 - experiment_learning_loss_b100_l2_2 - INFO - start step #12
2020-01-26 12:27:44,532 - experiment_learning_loss_b100_l2_2 - INFO - finish step #12 for 224.3573019504547 sec
2020-01-26 12:27:44,532 - experiment_learning_loss_b100_l2_2 - INFO - current val_accuracy: 0.9409
2020-01-26 12:27:44,532 - experiment_learning_loss_b100_l2_2 - INFO - start step #13
2020-01-26 12:31:46,638 - experiment_learning_loss_b100_l2_2 - INFO - finish step #13 for 242.10528206825256 sec
2020-01-26 12:31:46,640 - experiment_learning_loss_b100_l2_2 - INFO - current val_accuracy: 0.9449
2020-01-26 12:31:46,640 - experiment_learning_loss_b100_l2_2 - INFO - start step #14
2020-01-26 12:36:24,203 - experiment_learning_loss_b100_l2_2 - INFO - finish step #14 for 277.5618760585785 sec
2020-01-26 12:36:24,205 - experiment_learning_loss_b100_l2_2 - INFO - current val_accuracy: 0.9528
2020-01-26 12:36:24,206 - experiment_learning_loss_b100_l2_2 - INFO - start step #15
2020-01-26 12:40:59,058 - experiment_learning_loss_b100_l2_2 - INFO - finish step #15 for 274.85193705558777 sec
2020-01-26 12:40:59,065 - experiment_learning_loss_b100_l2_2 - INFO - current val_accuracy: 0.9533
2020-01-26 12:40:59,067 - experiment_learning_loss_b100_l2_2 - INFO - start step #16
2020-01-26 12:45:47,789 - experiment_learning_loss_b100_l2_2 - INFO - finish step #16 for 288.7220952510834 sec
2020-01-26 12:45:47,792 - experiment_learning_loss_b100_l2_2 - INFO - current val_accuracy: 0.9558
2020-01-26 12:45:47,793 - experiment_learning_loss_b100_l2_2 - INFO - start step #17
2020-01-26 12:48:53,822 - experiment_learning_loss_b100_l2_2 - INFO - finish step #17 for 186.02808904647827 sec
2020-01-26 12:48:53,823 - experiment_learning_loss_b100_l2_2 - INFO - current val_accuracy: 0.9578
2020-01-26 12:48:53,824 - experiment_learning_loss_b100_l2_2 - INFO - start step #18
2020-01-26 12:53:15,580 - experiment_learning_loss_b100_l2_2 - INFO - finish step #18 for 261.75511598587036 sec
2020-01-26 12:53:15,581 - experiment_learning_loss_b100_l2_2 - INFO - current val_accuracy: 0.963
2020-01-26 12:53:15,582 - experiment_learning_loss_b100_l2_2 - INFO - start step #19
2020-01-26 12:58:16,692 - experiment_learning_loss_b100_l2_2 - INFO - finish step #19 for 301.1042432785034 sec
2020-01-26 12:58:16,695 - experiment_learning_loss_b100_l2_2 - INFO - current val_accuracy: 0.9649
2020-01-26 12:58:16,696 - experiment_learning_loss_b100_l2_2 - INFO - finish experiment process for 3308.213704109192 sec
