2020-01-25 17:55:20,188 - experiment_entropy_i500_b40_2 - INFO - start experiment process
2020-01-25 17:55:31,472 - experiment_entropy_i500_b40_2 - INFO - initial val_accuracy: 0.9242
2020-01-25 17:55:31,473 - experiment_entropy_i500_b40_2 - INFO - start step #0
2020-01-25 17:55:59,218 - experiment_entropy_i500_b40_2 - INFO - finish step #0 for 27.744510173797607 sec
2020-01-25 17:55:59,218 - experiment_entropy_i500_b40_2 - INFO - current val_accuracy: 0.9234
2020-01-25 17:55:59,219 - experiment_entropy_i500_b40_2 - INFO - start step #1
2020-01-25 17:56:21,820 - experiment_entropy_i500_b40_2 - INFO - finish step #1 for 22.600311040878296 sec
2020-01-25 17:56:21,821 - experiment_entropy_i500_b40_2 - INFO - current val_accuracy: 0.9283
2020-01-25 17:56:21,821 - experiment_entropy_i500_b40_2 - INFO - start step #2
2020-01-25 17:56:39,863 - experiment_entropy_i500_b40_2 - INFO - finish step #2 for 18.04189896583557 sec
2020-01-25 17:56:39,864 - experiment_entropy_i500_b40_2 - INFO - current val_accuracy: 0.9426
2020-01-25 17:56:39,864 - experiment_entropy_i500_b40_2 - INFO - start step #3
2020-01-25 17:57:05,694 - experiment_entropy_i500_b40_2 - INFO - finish step #3 for 25.829126834869385 sec
2020-01-25 17:57:05,694 - experiment_entropy_i500_b40_2 - INFO - current val_accuracy: 0.9434
2020-01-25 17:57:05,695 - experiment_entropy_i500_b40_2 - INFO - start step #4
2020-01-25 17:57:24,969 - experiment_entropy_i500_b40_2 - INFO - finish step #4 for 19.27449607849121 sec
2020-01-25 17:57:24,970 - experiment_entropy_i500_b40_2 - INFO - current val_accuracy: 0.9444
2020-01-25 17:57:24,970 - experiment_entropy_i500_b40_2 - INFO - start step #5
2020-01-25 17:57:36,303 - experiment_entropy_i500_b40_2 - INFO - finish step #5 for 11.333210229873657 sec
2020-01-25 17:57:36,303 - experiment_entropy_i500_b40_2 - INFO - current val_accuracy: 0.9481
2020-01-25 17:57:36,304 - experiment_entropy_i500_b40_2 - INFO - start step #6
2020-01-25 17:57:47,997 - experiment_entropy_i500_b40_2 - INFO - finish step #6 for 11.693135738372803 sec
2020-01-25 17:57:47,997 - experiment_entropy_i500_b40_2 - INFO - current val_accuracy: 0.9556
2020-01-25 17:57:47,998 - experiment_entropy_i500_b40_2 - INFO - start step #7
2020-01-25 17:58:01,330 - experiment_entropy_i500_b40_2 - INFO - finish step #7 for 13.331474304199219 sec
2020-01-25 17:58:01,330 - experiment_entropy_i500_b40_2 - INFO - current val_accuracy: 0.9606
2020-01-25 17:58:01,330 - experiment_entropy_i500_b40_2 - INFO - start step #8
2020-01-25 17:58:28,712 - experiment_entropy_i500_b40_2 - INFO - finish step #8 for 27.381457805633545 sec
2020-01-25 17:58:28,712 - experiment_entropy_i500_b40_2 - INFO - current val_accuracy: 0.9582
2020-01-25 17:58:28,713 - experiment_entropy_i500_b40_2 - INFO - start step #9
2020-01-25 17:58:53,664 - experiment_entropy_i500_b40_2 - INFO - finish step #9 for 24.951142072677612 sec
2020-01-25 17:58:53,665 - experiment_entropy_i500_b40_2 - INFO - current val_accuracy: 0.9657
2020-01-25 17:58:53,665 - experiment_entropy_i500_b40_2 - INFO - start step #10
2020-01-25 17:59:16,804 - experiment_entropy_i500_b40_2 - INFO - finish step #10 for 23.138341665267944 sec
2020-01-25 17:59:16,804 - experiment_entropy_i500_b40_2 - INFO - current val_accuracy: 0.9626
2020-01-25 17:59:16,804 - experiment_entropy_i500_b40_2 - INFO - start step #11
2020-01-25 17:59:44,058 - experiment_entropy_i500_b40_2 - INFO - finish step #11 for 27.25432300567627 sec
2020-01-25 17:59:44,059 - experiment_entropy_i500_b40_2 - INFO - current val_accuracy: 0.9701
2020-01-25 17:59:44,059 - experiment_entropy_i500_b40_2 - INFO - start step #12
2020-01-25 18:00:15,773 - experiment_entropy_i500_b40_2 - INFO - finish step #12 for 31.71405792236328 sec
2020-01-25 18:00:15,774 - experiment_entropy_i500_b40_2 - INFO - current val_accuracy: 0.9713
2020-01-25 18:00:15,774 - experiment_entropy_i500_b40_2 - INFO - start step #13
2020-01-25 18:00:41,636 - experiment_entropy_i500_b40_2 - INFO - finish step #13 for 25.86180281639099 sec
2020-01-25 18:00:41,636 - experiment_entropy_i500_b40_2 - INFO - current val_accuracy: 0.9744
2020-01-25 18:00:41,638 - experiment_entropy_i500_b40_2 - INFO - start step #14
2020-01-25 18:01:11,632 - experiment_entropy_i500_b40_2 - INFO - finish step #14 for 29.993939876556396 sec
2020-01-25 18:01:11,632 - experiment_entropy_i500_b40_2 - INFO - current val_accuracy: 0.9751
2020-01-25 18:01:11,633 - experiment_entropy_i500_b40_2 - INFO - start step #15
2020-01-25 18:01:39,080 - experiment_entropy_i500_b40_2 - INFO - finish step #15 for 27.446473121643066 sec
2020-01-25 18:01:39,080 - experiment_entropy_i500_b40_2 - INFO - current val_accuracy: 0.9768
2020-01-25 18:01:39,081 - experiment_entropy_i500_b40_2 - INFO - start step #16
2020-01-25 18:02:09,765 - experiment_entropy_i500_b40_2 - INFO - finish step #16 for 30.682910919189453 sec
2020-01-25 18:02:09,765 - experiment_entropy_i500_b40_2 - INFO - current val_accuracy: 0.9767
2020-01-25 18:02:09,766 - experiment_entropy_i500_b40_2 - INFO - start step #17
2020-01-25 18:02:44,246 - experiment_entropy_i500_b40_2 - INFO - finish step #17 for 34.48038601875305 sec
2020-01-25 18:02:44,247 - experiment_entropy_i500_b40_2 - INFO - current val_accuracy: 0.9762
2020-01-25 18:02:44,247 - experiment_entropy_i500_b40_2 - INFO - start step #18
2020-01-25 18:03:11,576 - experiment_entropy_i500_b40_2 - INFO - finish step #18 for 27.328682899475098 sec
2020-01-25 18:03:11,576 - experiment_entropy_i500_b40_2 - INFO - current val_accuracy: 0.9767
2020-01-25 18:03:11,577 - experiment_entropy_i500_b40_2 - INFO - start step #19
2020-01-25 18:03:39,750 - experiment_entropy_i500_b40_2 - INFO - finish step #19 for 28.173200845718384 sec
2020-01-25 18:03:39,752 - experiment_entropy_i500_b40_2 - INFO - current val_accuracy: 0.9781
2020-01-25 18:03:39,753 - experiment_entropy_i500_b40_2 - INFO - start step #20
2020-01-25 18:04:14,466 - experiment_entropy_i500_b40_2 - INFO - finish step #20 for 34.71297216415405 sec
2020-01-25 18:04:14,467 - experiment_entropy_i500_b40_2 - INFO - current val_accuracy: 0.9819
2020-01-25 18:04:14,467 - experiment_entropy_i500_b40_2 - INFO - start step #21
2020-01-25 18:04:53,682 - experiment_entropy_i500_b40_2 - INFO - finish step #21 for 39.2145631313324 sec
2020-01-25 18:04:53,682 - experiment_entropy_i500_b40_2 - INFO - current val_accuracy: 0.978
2020-01-25 18:04:53,683 - experiment_entropy_i500_b40_2 - INFO - start step #22
2020-01-25 18:05:27,783 - experiment_entropy_i500_b40_2 - INFO - finish step #22 for 34.09977102279663 sec
2020-01-25 18:05:27,783 - experiment_entropy_i500_b40_2 - INFO - current val_accuracy: 0.9799
2020-01-25 18:05:27,784 - experiment_entropy_i500_b40_2 - INFO - start step #23
2020-01-25 18:06:00,887 - experiment_entropy_i500_b40_2 - INFO - finish step #23 for 33.103039264678955 sec
2020-01-25 18:06:00,887 - experiment_entropy_i500_b40_2 - INFO - current val_accuracy: 0.9814
2020-01-25 18:06:00,888 - experiment_entropy_i500_b40_2 - INFO - start step #24
2020-01-25 18:06:34,331 - experiment_entropy_i500_b40_2 - INFO - finish step #24 for 33.44223499298096 sec
2020-01-25 18:06:34,331 - experiment_entropy_i500_b40_2 - INFO - current val_accuracy: 0.9817
2020-01-25 18:06:34,332 - experiment_entropy_i500_b40_2 - INFO - start step #25
2020-01-25 18:07:09,529 - experiment_entropy_i500_b40_2 - INFO - finish step #25 for 35.19667410850525 sec
2020-01-25 18:07:09,530 - experiment_entropy_i500_b40_2 - INFO - current val_accuracy: 0.981
2020-01-25 18:07:09,531 - experiment_entropy_i500_b40_2 - INFO - start step #26
2020-01-25 18:07:40,995 - experiment_entropy_i500_b40_2 - INFO - finish step #26 for 31.46379804611206 sec
2020-01-25 18:07:40,995 - experiment_entropy_i500_b40_2 - INFO - current val_accuracy: 0.9821
2020-01-25 18:07:40,996 - experiment_entropy_i500_b40_2 - INFO - start step #27
2020-01-25 18:08:14,029 - experiment_entropy_i500_b40_2 - INFO - finish step #27 for 33.032241344451904 sec
2020-01-25 18:08:14,029 - experiment_entropy_i500_b40_2 - INFO - current val_accuracy: 0.9836
2020-01-25 18:08:14,030 - experiment_entropy_i500_b40_2 - INFO - start step #28
2020-01-25 18:08:47,409 - experiment_entropy_i500_b40_2 - INFO - finish step #28 for 33.37912082672119 sec
2020-01-25 18:08:47,410 - experiment_entropy_i500_b40_2 - INFO - current val_accuracy: 0.9839
2020-01-25 18:08:47,410 - experiment_entropy_i500_b40_2 - INFO - start step #29
2020-01-25 18:09:18,453 - experiment_entropy_i500_b40_2 - INFO - finish step #29 for 31.042928218841553 sec
2020-01-25 18:09:18,453 - experiment_entropy_i500_b40_2 - INFO - current val_accuracy: 0.984
2020-01-25 18:09:18,455 - experiment_entropy_i500_b40_2 - INFO - finish experiment process for 838.2657299041748 sec
