2020-01-20 10:10:12,868 - experiment_entropy_batch_2000_1 - INFO - start experiment process
2020-01-20 10:10:21,989 - experiment_entropy_batch_2000_1 - INFO - initial val_accuracy: 0.9658
2020-01-20 10:10:21,990 - experiment_entropy_batch_2000_1 - INFO - start step #0
2020-01-20 10:10:52,880 - experiment_entropy_batch_2000_1 - INFO - finish step #0 for 30.889618158340454 sec
2020-01-20 10:10:52,881 - experiment_entropy_batch_2000_1 - INFO - current val_accuracy: 0.9663
2020-01-20 10:10:52,882 - experiment_entropy_batch_2000_1 - INFO - start step #1
2020-01-20 10:11:17,950 - experiment_entropy_batch_2000_1 - INFO - finish step #1 for 25.068125009536743 sec
2020-01-20 10:11:17,950 - experiment_entropy_batch_2000_1 - INFO - current val_accuracy: 0.9675
2020-01-20 10:11:17,951 - experiment_entropy_batch_2000_1 - INFO - start step #2
2020-01-20 10:11:44,990 - experiment_entropy_batch_2000_1 - INFO - finish step #2 for 27.03881287574768 sec
2020-01-20 10:11:44,990 - experiment_entropy_batch_2000_1 - INFO - current val_accuracy: 0.9677
2020-01-20 10:11:44,991 - experiment_entropy_batch_2000_1 - INFO - start step #3
2020-01-20 10:12:11,403 - experiment_entropy_batch_2000_1 - INFO - finish step #3 for 26.41196322441101 sec
2020-01-20 10:12:11,404 - experiment_entropy_batch_2000_1 - INFO - current val_accuracy: 0.9672
2020-01-20 10:12:11,404 - experiment_entropy_batch_2000_1 - INFO - start step #4
2020-01-20 10:12:38,627 - experiment_entropy_batch_2000_1 - INFO - finish step #4 for 27.222510814666748 sec
2020-01-20 10:12:38,629 - experiment_entropy_batch_2000_1 - INFO - current val_accuracy: 0.9686
2020-01-20 10:12:38,629 - experiment_entropy_batch_2000_1 - INFO - start step #5
2020-01-20 10:13:08,524 - experiment_entropy_batch_2000_1 - INFO - finish step #5 for 29.895019054412842 sec
2020-01-20 10:13:08,525 - experiment_entropy_batch_2000_1 - INFO - current val_accuracy: 0.9712
2020-01-20 10:13:08,526 - experiment_entropy_batch_2000_1 - INFO - start step #6
2020-01-20 10:13:34,060 - experiment_entropy_batch_2000_1 - INFO - finish step #6 for 25.53407382965088 sec
2020-01-20 10:13:34,061 - experiment_entropy_batch_2000_1 - INFO - current val_accuracy: 0.9707
2020-01-20 10:13:34,062 - experiment_entropy_batch_2000_1 - INFO - start step #7
2020-01-20 10:14:00,933 - experiment_entropy_batch_2000_1 - INFO - finish step #7 for 26.87122106552124 sec
2020-01-20 10:14:00,933 - experiment_entropy_batch_2000_1 - INFO - current val_accuracy: 0.9733
2020-01-20 10:14:00,934 - experiment_entropy_batch_2000_1 - INFO - start step #8
2020-01-20 10:14:25,153 - experiment_entropy_batch_2000_1 - INFO - finish step #8 for 24.218843936920166 sec
2020-01-20 10:14:25,153 - experiment_entropy_batch_2000_1 - INFO - current val_accuracy: 0.9717
2020-01-20 10:14:25,153 - experiment_entropy_batch_2000_1 - INFO - start step #9
2020-01-20 10:14:50,541 - experiment_entropy_batch_2000_1 - INFO - finish step #9 for 25.38725996017456 sec
2020-01-20 10:14:50,541 - experiment_entropy_batch_2000_1 - INFO - current val_accuracy: 0.9745
2020-01-20 10:14:50,541 - experiment_entropy_batch_2000_1 - INFO - start step #10
2020-01-20 10:15:18,250 - experiment_entropy_batch_2000_1 - INFO - finish step #10 for 27.708849906921387 sec
2020-01-20 10:15:18,251 - experiment_entropy_batch_2000_1 - INFO - current val_accuracy: 0.9712
2020-01-20 10:15:18,251 - experiment_entropy_batch_2000_1 - INFO - start step #11
2020-01-20 10:15:53,224 - experiment_entropy_batch_2000_1 - INFO - finish step #11 for 34.9718861579895 sec
2020-01-20 10:15:53,224 - experiment_entropy_batch_2000_1 - INFO - current val_accuracy: 0.9736
2020-01-20 10:15:53,225 - experiment_entropy_batch_2000_1 - INFO - start step #12
2020-01-20 10:16:19,540 - experiment_entropy_batch_2000_1 - INFO - finish step #12 for 26.315361976623535 sec
2020-01-20 10:16:19,541 - experiment_entropy_batch_2000_1 - INFO - current val_accuracy: 0.9741
2020-01-20 10:16:19,541 - experiment_entropy_batch_2000_1 - INFO - start step #13
2020-01-20 10:16:46,580 - experiment_entropy_batch_2000_1 - INFO - finish step #13 for 27.038445711135864 sec
2020-01-20 10:16:46,581 - experiment_entropy_batch_2000_1 - INFO - current val_accuracy: 0.9728
2020-01-20 10:16:46,581 - experiment_entropy_batch_2000_1 - INFO - start step #14
2020-01-20 10:17:12,001 - experiment_entropy_batch_2000_1 - INFO - finish step #14 for 25.419936895370483 sec
2020-01-20 10:17:12,001 - experiment_entropy_batch_2000_1 - INFO - current val_accuracy: 0.976
2020-01-20 10:17:12,002 - experiment_entropy_batch_2000_1 - INFO - start step #15
2020-01-20 10:17:36,660 - experiment_entropy_batch_2000_1 - INFO - finish step #15 for 24.65744686126709 sec
2020-01-20 10:17:36,660 - experiment_entropy_batch_2000_1 - INFO - current val_accuracy: 0.975
2020-01-20 10:17:36,660 - experiment_entropy_batch_2000_1 - INFO - start step #16
2020-01-20 10:18:00,392 - experiment_entropy_batch_2000_1 - INFO - finish step #16 for 23.731677055358887 sec
2020-01-20 10:18:00,392 - experiment_entropy_batch_2000_1 - INFO - current val_accuracy: 0.9737
2020-01-20 10:18:00,393 - experiment_entropy_batch_2000_1 - INFO - start step #17
2020-01-20 10:18:25,858 - experiment_entropy_batch_2000_1 - INFO - finish step #17 for 25.465272903442383 sec
2020-01-20 10:18:25,860 - experiment_entropy_batch_2000_1 - INFO - current val_accuracy: 0.9767
2020-01-20 10:18:25,860 - experiment_entropy_batch_2000_1 - INFO - start step #18
2020-01-20 10:18:50,133 - experiment_entropy_batch_2000_1 - INFO - finish step #18 for 24.272699117660522 sec
2020-01-20 10:18:50,134 - experiment_entropy_batch_2000_1 - INFO - current val_accuracy: 0.9757
2020-01-20 10:18:50,134 - experiment_entropy_batch_2000_1 - INFO - start step #19
2020-01-20 10:19:17,079 - experiment_entropy_batch_2000_1 - INFO - finish step #19 for 26.94385004043579 sec
2020-01-20 10:19:17,080 - experiment_entropy_batch_2000_1 - INFO - current val_accuracy: 0.9762
2020-01-20 10:19:17,081 - experiment_entropy_batch_2000_1 - INFO - start step #20
2020-01-20 10:19:55,417 - experiment_entropy_batch_2000_1 - INFO - finish step #20 for 38.33644700050354 sec
2020-01-20 10:19:55,419 - experiment_entropy_batch_2000_1 - INFO - current val_accuracy: 0.9748
2020-01-20 10:19:55,419 - experiment_entropy_batch_2000_1 - INFO - start step #21
2020-01-20 10:20:27,209 - experiment_entropy_batch_2000_1 - INFO - finish step #21 for 31.788991928100586 sec
2020-01-20 10:20:27,211 - experiment_entropy_batch_2000_1 - INFO - current val_accuracy: 0.9765
2020-01-20 10:20:27,211 - experiment_entropy_batch_2000_1 - INFO - start step #22
2020-01-20 10:20:58,907 - experiment_entropy_batch_2000_1 - INFO - finish step #22 for 31.69559907913208 sec
2020-01-20 10:20:58,908 - experiment_entropy_batch_2000_1 - INFO - current val_accuracy: 0.9746
2020-01-20 10:20:58,908 - experiment_entropy_batch_2000_1 - INFO - start step #23
2020-01-20 10:21:27,845 - experiment_entropy_batch_2000_1 - INFO - finish step #23 for 28.936579942703247 sec
2020-01-20 10:21:27,846 - experiment_entropy_batch_2000_1 - INFO - current val_accuracy: 0.9751
2020-01-20 10:21:27,846 - experiment_entropy_batch_2000_1 - INFO - start step #24
2020-01-20 10:22:05,997 - experiment_entropy_batch_2000_1 - INFO - finish step #24 for 38.15062403678894 sec
2020-01-20 10:22:06,102 - experiment_entropy_batch_2000_1 - INFO - current val_accuracy: 0.9792
2020-01-20 10:22:06,106 - experiment_entropy_batch_2000_1 - INFO - start step #25
2020-01-20 10:22:41,374 - experiment_entropy_batch_2000_1 - INFO - finish step #25 for 35.267483949661255 sec
2020-01-20 10:22:41,375 - experiment_entropy_batch_2000_1 - INFO - current val_accuracy: 0.9785
2020-01-20 10:22:41,375 - experiment_entropy_batch_2000_1 - INFO - start step #26
2020-01-20 10:23:10,931 - experiment_entropy_batch_2000_1 - INFO - finish step #26 for 29.555938243865967 sec
2020-01-20 10:23:10,932 - experiment_entropy_batch_2000_1 - INFO - current val_accuracy: 0.9773
2020-01-20 10:23:10,933 - experiment_entropy_batch_2000_1 - INFO - start step #27
2020-01-20 10:23:40,983 - experiment_entropy_batch_2000_1 - INFO - finish step #27 for 30.048930883407593 sec
2020-01-20 10:23:40,984 - experiment_entropy_batch_2000_1 - INFO - current val_accuracy: 0.9785
2020-01-20 10:23:40,984 - experiment_entropy_batch_2000_1 - INFO - start step #28
2020-01-20 10:24:09,807 - experiment_entropy_batch_2000_1 - INFO - finish step #28 for 28.822499990463257 sec
2020-01-20 10:24:09,808 - experiment_entropy_batch_2000_1 - INFO - current val_accuracy: 0.9787
2020-01-20 10:24:09,808 - experiment_entropy_batch_2000_1 - INFO - start step #29
2020-01-20 10:24:38,306 - experiment_entropy_batch_2000_1 - INFO - finish step #29 for 28.49786067008972 sec
2020-01-20 10:24:38,307 - experiment_entropy_batch_2000_1 - INFO - current val_accuracy: 0.9792
2020-01-20 10:24:38,308 - experiment_entropy_batch_2000_1 - INFO - finish experiment process for 865.4387781620026 sec
